[2024-10-19T20:18:32.157+0000] {local_task_job_runner.py:123} INFO - ::group::Pre task execution logs
[2024-10-19T20:18:32.370+0000] {taskinstance.py:2612} INFO - Dependencies all met for dep_context=non-requeueable deps ti=<TaskInstance: stocksense.get_data scheduled__2024-10-18T00:00:00+00:00 [queued]>
[2024-10-19T20:18:32.457+0000] {taskinstance.py:2612} INFO - Dependencies all met for dep_context=requeueable deps ti=<TaskInstance: stocksense.get_data scheduled__2024-10-18T00:00:00+00:00 [queued]>
[2024-10-19T20:18:32.458+0000] {taskinstance.py:2865} INFO - Starting attempt 1 of 1
[2024-10-19T20:18:32.543+0000] {taskinstance.py:2888} INFO - Executing <Task(PythonOperator): get_data> on 2024-10-18 00:00:00+00:00
[2024-10-19T20:18:32.623+0000] {warnings.py:112} WARNING - /home/***/.local/lib/python3.12/site-packages/***/task/task_runner/standard_task_runner.py:70: DeprecationWarning: This process (pid=1888) is multi-threaded, use of fork() may lead to deadlocks in the child.
  pid = os.fork()

[2024-10-19T20:18:32.643+0000] {standard_task_runner.py:72} INFO - Started process 1928 to run task
[2024-10-19T20:18:32.646+0000] {standard_task_runner.py:104} INFO - Running: ['***', 'tasks', 'run', 'stocksense', 'get_data', 'scheduled__2024-10-18T00:00:00+00:00', '--job-id', '25', '--raw', '--subdir', 'DAGS_FOLDER/rockets/capstone_project.py', '--cfg-path', '/tmp/tmpg3kadoz8']
[2024-10-19T20:18:32.683+0000] {standard_task_runner.py:105} INFO - Job 25: Subtask get_data
[2024-10-19T20:18:33.339+0000] {task_command.py:467} INFO - Running <TaskInstance: stocksense.get_data scheduled__2024-10-18T00:00:00+00:00 [running]> on host 30318035dc43
[2024-10-19T20:18:34.828+0000] {taskinstance.py:3131} INFO - Exporting env vars: AIRFLOW_CTX_DAG_OWNER='***' AIRFLOW_CTX_DAG_ID='stocksense' AIRFLOW_CTX_TASK_ID='get_data' AIRFLOW_CTX_EXECUTION_DATE='2024-10-18T00:00:00+00:00' AIRFLOW_CTX_TRY_NUMBER='1' AIRFLOW_CTX_DAG_RUN_ID='scheduled__2024-10-18T00:00:00+00:00'
[2024-10-19T20:18:34.844+0000] {logging_mixin.py:190} INFO - Task instance is in running state
[2024-10-19T20:18:34.845+0000] {logging_mixin.py:190} INFO -  Previous state of the Task instance: queued
[2024-10-19T20:18:34.847+0000] {logging_mixin.py:190} INFO - Current task name:get_data state:running start_date:2024-10-19 20:18:32.380146+00:00
[2024-10-19T20:18:34.848+0000] {logging_mixin.py:190} INFO - Dag name:stocksense and current dag run status:running
[2024-10-19T20:18:34.850+0000] {taskinstance.py:731} INFO - ::endgroup::
[2024-10-19T20:25:08.424+0000] {python.py:240} INFO - Done. Returned value was: None
[2024-10-19T20:25:08.465+0000] {taskinstance.py:340} INFO - ::group::Post task execution logs
[2024-10-19T20:25:08.466+0000] {taskinstance.py:352} INFO - Marking task as SUCCESS. dag_id=stocksense, task_id=get_data, run_id=scheduled__2024-10-18T00:00:00+00:00, execution_date=20241018T000000, start_date=20241019T201832, end_date=20241019T202508
[2024-10-19T20:25:08.549+0000] {logging_mixin.py:190} INFO - Task instance in success state
[2024-10-19T20:25:08.550+0000] {logging_mixin.py:190} INFO -  Previous state of the Task instance: running
[2024-10-19T20:25:08.551+0000] {logging_mixin.py:190} INFO - Dag name:stocksense queued_at:2024-10-19 20:17:34.564163+00:00
[2024-10-19T20:25:08.555+0000] {logging_mixin.py:190} INFO - Task hostname:30318035dc43 operator:PythonOperator
[2024-10-19T20:25:08.602+0000] {local_task_job_runner.py:266} INFO - Task exited with return code 0
[2024-10-19T20:25:08.672+0000] {taskinstance.py:3900} INFO - 1 downstream tasks scheduled from follow-on schedule check
[2024-10-19T20:25:08.691+0000] {local_task_job_runner.py:245} INFO - ::endgroup::
