[2024-10-19T20:25:12.680+0000] {local_task_job_runner.py:123} INFO - ::group::Pre task execution logs
[2024-10-19T20:25:12.784+0000] {taskinstance.py:2612} INFO - Dependencies all met for dep_context=non-requeueable deps ti=<TaskInstance: stocksense.extract_gz scheduled__2024-10-18T00:00:00+00:00 [queued]>
[2024-10-19T20:25:12.808+0000] {taskinstance.py:2612} INFO - Dependencies all met for dep_context=requeueable deps ti=<TaskInstance: stocksense.extract_gz scheduled__2024-10-18T00:00:00+00:00 [queued]>
[2024-10-19T20:25:12.809+0000] {taskinstance.py:2865} INFO - Starting attempt 1 of 1
[2024-10-19T20:25:12.849+0000] {taskinstance.py:2888} INFO - Executing <Task(BashOperator): extract_gz> on 2024-10-18 00:00:00+00:00
[2024-10-19T20:25:12.861+0000] {warnings.py:112} WARNING - /home/***/.local/lib/python3.12/site-packages/***/task/task_runner/standard_task_runner.py:70: DeprecationWarning: This process (pid=2147) is multi-threaded, use of fork() may lead to deadlocks in the child.
  pid = os.fork()

[2024-10-19T20:25:12.864+0000] {standard_task_runner.py:72} INFO - Started process 2149 to run task
[2024-10-19T20:25:12.873+0000] {standard_task_runner.py:104} INFO - Running: ['***', 'tasks', 'run', 'stocksense', 'extract_gz', 'scheduled__2024-10-18T00:00:00+00:00', '--job-id', '66', '--raw', '--subdir', 'DAGS_FOLDER/rockets/capstone_project.py', '--cfg-path', '/tmp/tmpdrcuhijy']
[2024-10-19T20:25:12.879+0000] {standard_task_runner.py:105} INFO - Job 66: Subtask extract_gz
[2024-10-19T20:25:13.100+0000] {task_command.py:467} INFO - Running <TaskInstance: stocksense.extract_gz scheduled__2024-10-18T00:00:00+00:00 [running]> on host 30318035dc43
[2024-10-19T20:25:13.367+0000] {taskinstance.py:3131} INFO - Exporting env vars: AIRFLOW_CTX_DAG_OWNER='***' AIRFLOW_CTX_DAG_ID='stocksense' AIRFLOW_CTX_TASK_ID='extract_gz' AIRFLOW_CTX_EXECUTION_DATE='2024-10-18T00:00:00+00:00' AIRFLOW_CTX_TRY_NUMBER='1' AIRFLOW_CTX_DAG_RUN_ID='scheduled__2024-10-18T00:00:00+00:00'
[2024-10-19T20:25:13.369+0000] {logging_mixin.py:190} INFO - Task instance is in running state
[2024-10-19T20:25:13.370+0000] {logging_mixin.py:190} INFO -  Previous state of the Task instance: queued
[2024-10-19T20:25:13.371+0000] {logging_mixin.py:190} INFO - Current task name:extract_gz state:running start_date:2024-10-19 20:25:12.785217+00:00
[2024-10-19T20:25:13.372+0000] {logging_mixin.py:190} INFO - Dag name:stocksense and current dag run status:running
[2024-10-19T20:25:13.373+0000] {taskinstance.py:731} INFO - ::endgroup::
[2024-10-19T20:25:13.376+0000] {subprocess.py:63} INFO - Tmp dir root location: /tmp
[2024-10-19T20:25:13.380+0000] {subprocess.py:75} INFO - Running command: ['/usr/bin/bash', '-c', 'gunzip --force /tmp/wikipageviews.gz']
[2024-10-19T20:25:13.411+0000] {subprocess.py:86} INFO - Output:
[2024-10-19T20:25:14.062+0000] {subprocess.py:93} INFO - 
[2024-10-19T20:25:14.063+0000] {subprocess.py:93} INFO - gzip: /tmp/wikipageviews.gz: invalid compressed data--format violated
[2024-10-19T20:25:14.083+0000] {subprocess.py:97} INFO - Command exited with return code 1
[2024-10-19T20:25:14.114+0000] {taskinstance.py:3310} ERROR - Task failed with exception
Traceback (most recent call last):
  File "/home/airflow/.local/lib/python3.12/site-packages/airflow/models/taskinstance.py", line 767, in _execute_task
    result = _execute_callable(context=context, **execute_callable_kwargs)
             ^^^^^^^^^^^^^^^^^^^^^^^^^^^^^^^^^^^^^^^^^^^^^^^^^^^^^^^^^^^^^
  File "/home/airflow/.local/lib/python3.12/site-packages/airflow/models/taskinstance.py", line 733, in _execute_callable
    return ExecutionCallableRunner(
           ^^^^^^^^^^^^^^^^^^^^^^^^
  File "/home/airflow/.local/lib/python3.12/site-packages/airflow/utils/operator_helpers.py", line 252, in run
    return self.func(*args, **kwargs)
           ^^^^^^^^^^^^^^^^^^^^^^^^^^
  File "/home/airflow/.local/lib/python3.12/site-packages/airflow/models/baseoperator.py", line 406, in wrapper
    return func(self, *args, **kwargs)
           ^^^^^^^^^^^^^^^^^^^^^^^^^^^
  File "/home/airflow/.local/lib/python3.12/site-packages/airflow/operators/bash.py", line 249, in execute
    raise AirflowException(
airflow.exceptions.AirflowException: Bash command failed. The command returned a non-zero exit code 1.
[2024-10-19T20:25:14.132+0000] {logging_mixin.py:190} INFO - Task instance in failure state
[2024-10-19T20:25:14.133+0000] {logging_mixin.py:190} INFO - Task start:2024-10-19 20:25:12.785217+00:00 end:2024-10-19 20:25:14.131842+00:00 duration:1.346625
[2024-10-19T20:25:14.135+0000] {logging_mixin.py:190} INFO - Task:<Task(BashOperator): extract_gz> dag:<DAG: stocksense> dagrun:<DagRun stocksense @ 2024-10-18 00:00:00+00:00: scheduled__2024-10-18T00:00:00+00:00, state:running, queued_at: 2024-10-19 20:17:34.564163+00:00. externally triggered: False>
[2024-10-19T20:25:14.136+0000] {logging_mixin.py:190} INFO - Failure caused by Bash command failed. The command returned a non-zero exit code 1.
[2024-10-19T20:25:14.137+0000] {taskinstance.py:1225} INFO - Marking task as FAILED. dag_id=stocksense, task_id=extract_gz, run_id=scheduled__2024-10-18T00:00:00+00:00, execution_date=20241018T000000, start_date=20241019T202512, end_date=20241019T202514
[2024-10-19T20:25:14.167+0000] {taskinstance.py:340} INFO - ::group::Post task execution logs
[2024-10-19T20:25:14.168+0000] {standard_task_runner.py:124} ERROR - Failed to execute job 66 for task extract_gz (Bash command failed. The command returned a non-zero exit code 1.; 2149)
Traceback (most recent call last):
  File "/home/airflow/.local/lib/python3.12/site-packages/airflow/task/task_runner/standard_task_runner.py", line 117, in _start_by_fork
    ret = args.func(args, dag=self.dag)
          ^^^^^^^^^^^^^^^^^^^^^^^^^^^^^
  File "/home/airflow/.local/lib/python3.12/site-packages/airflow/cli/cli_config.py", line 49, in command
    return func(*args, **kwargs)
           ^^^^^^^^^^^^^^^^^^^^^
  File "/home/airflow/.local/lib/python3.12/site-packages/airflow/utils/cli.py", line 115, in wrapper
    return f(*args, **kwargs)
           ^^^^^^^^^^^^^^^^^^
  File "/home/airflow/.local/lib/python3.12/site-packages/airflow/cli/commands/task_command.py", line 483, in task_run
    task_return_code = _run_task_by_selected_method(args, _dag, ti)
                       ^^^^^^^^^^^^^^^^^^^^^^^^^^^^^^^^^^^^^^^^^^^^
  File "/home/airflow/.local/lib/python3.12/site-packages/airflow/cli/commands/task_command.py", line 256, in _run_task_by_selected_method
    return _run_raw_task(args, ti)
           ^^^^^^^^^^^^^^^^^^^^^^^
  File "/home/airflow/.local/lib/python3.12/site-packages/airflow/cli/commands/task_command.py", line 341, in _run_raw_task
    return ti._run_raw_task(
           ^^^^^^^^^^^^^^^^^
  File "/home/airflow/.local/lib/python3.12/site-packages/airflow/utils/session.py", line 97, in wrapper
    return func(*args, session=session, **kwargs)
           ^^^^^^^^^^^^^^^^^^^^^^^^^^^^^^^^^^^^^^
  File "/home/airflow/.local/lib/python3.12/site-packages/airflow/models/taskinstance.py", line 3004, in _run_raw_task
    return _run_raw_task(
           ^^^^^^^^^^^^^^
  File "/home/airflow/.local/lib/python3.12/site-packages/airflow/models/taskinstance.py", line 273, in _run_raw_task
    TaskInstance._execute_task_with_callbacks(
  File "/home/airflow/.local/lib/python3.12/site-packages/airflow/models/taskinstance.py", line 3158, in _execute_task_with_callbacks
    result = self._execute_task(context, task_orig)
             ^^^^^^^^^^^^^^^^^^^^^^^^^^^^^^^^^^^^^^
  File "/home/airflow/.local/lib/python3.12/site-packages/airflow/models/taskinstance.py", line 3182, in _execute_task
    return _execute_task(self, context, task_orig)
           ^^^^^^^^^^^^^^^^^^^^^^^^^^^^^^^^^^^^^^^
  File "/home/airflow/.local/lib/python3.12/site-packages/airflow/models/taskinstance.py", line 767, in _execute_task
    result = _execute_callable(context=context, **execute_callable_kwargs)
             ^^^^^^^^^^^^^^^^^^^^^^^^^^^^^^^^^^^^^^^^^^^^^^^^^^^^^^^^^^^^^
  File "/home/airflow/.local/lib/python3.12/site-packages/airflow/models/taskinstance.py", line 733, in _execute_callable
    return ExecutionCallableRunner(
           ^^^^^^^^^^^^^^^^^^^^^^^^
  File "/home/airflow/.local/lib/python3.12/site-packages/airflow/utils/operator_helpers.py", line 252, in run
    return self.func(*args, **kwargs)
           ^^^^^^^^^^^^^^^^^^^^^^^^^^
  File "/home/airflow/.local/lib/python3.12/site-packages/airflow/models/baseoperator.py", line 406, in wrapper
    return func(self, *args, **kwargs)
           ^^^^^^^^^^^^^^^^^^^^^^^^^^^
  File "/home/airflow/.local/lib/python3.12/site-packages/airflow/operators/bash.py", line 249, in execute
    raise AirflowException(
airflow.exceptions.AirflowException: Bash command failed. The command returned a non-zero exit code 1.
[2024-10-19T20:25:14.196+0000] {local_task_job_runner.py:266} INFO - Task exited with return code 1
[2024-10-19T20:25:14.241+0000] {taskinstance.py:3900} INFO - 0 downstream tasks scheduled from follow-on schedule check
[2024-10-19T20:25:14.249+0000] {local_task_job_runner.py:245} INFO - ::endgroup::
