[2024-10-04T18:34:07.584+0000] {processor.py:186} INFO - Started process (PID=81) to work on /opt/airflow/dags/rocket.py
[2024-10-04T18:34:07.591+0000] {processor.py:914} INFO - Processing file /opt/airflow/dags/rocket.py for tasks to queue
[2024-10-04T18:34:07.599+0000] {logging_mixin.py:190} INFO - [2024-10-04T18:34:07.599+0000] {dagbag.py:587} INFO - Filling up the DagBag from /opt/airflow/dags/rocket.py
[2024-10-04T18:34:07.681+0000] {processor.py:925} INFO - DAG(s) 'rocket' retrieved from /opt/airflow/dags/rocket.py
[2024-10-04T18:34:07.822+0000] {logging_mixin.py:190} INFO - [2024-10-04T18:34:07.822+0000] {dag.py:3229} INFO - Sync 1 DAGs
[2024-10-04T18:34:07.889+0000] {logging_mixin.py:190} INFO - [2024-10-04T18:34:07.889+0000] {dag.py:4156} INFO - Setting next_dagrun for rocket to None, run_after=None
[2024-10-04T18:34:07.946+0000] {processor.py:208} INFO - Processing /opt/airflow/dags/rocket.py took 0.381 seconds
[2024-10-04T18:34:38.240+0000] {processor.py:186} INFO - Started process (PID=144) to work on /opt/airflow/dags/rocket.py
[2024-10-04T18:34:38.241+0000] {processor.py:914} INFO - Processing file /opt/airflow/dags/rocket.py for tasks to queue
[2024-10-04T18:34:38.247+0000] {logging_mixin.py:190} INFO - [2024-10-04T18:34:38.246+0000] {dagbag.py:587} INFO - Filling up the DagBag from /opt/airflow/dags/rocket.py
[2024-10-04T18:34:38.301+0000] {processor.py:925} INFO - DAG(s) 'rocket' retrieved from /opt/airflow/dags/rocket.py
[2024-10-04T18:34:38.342+0000] {logging_mixin.py:190} INFO - [2024-10-04T18:34:38.341+0000] {dag.py:3229} INFO - Sync 1 DAGs
[2024-10-04T18:34:38.407+0000] {logging_mixin.py:190} INFO - [2024-10-04T18:34:38.406+0000] {dag.py:4156} INFO - Setting next_dagrun for rocket to None, run_after=None
[2024-10-04T18:34:38.462+0000] {processor.py:208} INFO - Processing /opt/airflow/dags/rocket.py took 0.244 seconds
[2024-10-04T18:35:08.801+0000] {processor.py:186} INFO - Started process (PID=207) to work on /opt/airflow/dags/rocket.py
[2024-10-04T18:35:08.803+0000] {processor.py:914} INFO - Processing file /opt/airflow/dags/rocket.py for tasks to queue
[2024-10-04T18:35:08.808+0000] {logging_mixin.py:190} INFO - [2024-10-04T18:35:08.807+0000] {dagbag.py:587} INFO - Filling up the DagBag from /opt/airflow/dags/rocket.py
[2024-10-04T18:35:08.847+0000] {processor.py:925} INFO - DAG(s) 'rocket' retrieved from /opt/airflow/dags/rocket.py
[2024-10-04T18:35:08.913+0000] {logging_mixin.py:190} INFO - [2024-10-04T18:35:08.912+0000] {dag.py:3229} INFO - Sync 1 DAGs
[2024-10-04T18:35:08.945+0000] {logging_mixin.py:190} INFO - [2024-10-04T18:35:08.945+0000] {dag.py:4156} INFO - Setting next_dagrun for rocket to None, run_after=None
[2024-10-04T18:35:08.992+0000] {processor.py:208} INFO - Processing /opt/airflow/dags/rocket.py took 0.205 seconds
[2024-10-04T18:35:39.115+0000] {processor.py:186} INFO - Started process (PID=269) to work on /opt/airflow/dags/rocket.py
[2024-10-04T18:35:39.116+0000] {processor.py:914} INFO - Processing file /opt/airflow/dags/rocket.py for tasks to queue
[2024-10-04T18:35:39.121+0000] {logging_mixin.py:190} INFO - [2024-10-04T18:35:39.120+0000] {dagbag.py:587} INFO - Filling up the DagBag from /opt/airflow/dags/rocket.py
[2024-10-04T18:35:39.142+0000] {processor.py:925} INFO - DAG(s) 'rocket' retrieved from /opt/airflow/dags/rocket.py
[2024-10-04T18:35:39.172+0000] {logging_mixin.py:190} INFO - [2024-10-04T18:35:39.172+0000] {dag.py:3229} INFO - Sync 1 DAGs
[2024-10-04T18:35:39.198+0000] {logging_mixin.py:190} INFO - [2024-10-04T18:35:39.197+0000] {dag.py:4156} INFO - Setting next_dagrun for rocket to None, run_after=None
[2024-10-04T18:35:39.231+0000] {processor.py:208} INFO - Processing /opt/airflow/dags/rocket.py took 0.127 seconds
[2024-10-04T18:36:09.820+0000] {processor.py:186} INFO - Started process (PID=332) to work on /opt/airflow/dags/rocket.py
[2024-10-04T18:36:09.822+0000] {processor.py:914} INFO - Processing file /opt/airflow/dags/rocket.py for tasks to queue
[2024-10-04T18:36:09.826+0000] {logging_mixin.py:190} INFO - [2024-10-04T18:36:09.825+0000] {dagbag.py:587} INFO - Filling up the DagBag from /opt/airflow/dags/rocket.py
[2024-10-04T18:36:09.857+0000] {processor.py:925} INFO - DAG(s) 'rocket' retrieved from /opt/airflow/dags/rocket.py
[2024-10-04T18:36:09.902+0000] {logging_mixin.py:190} INFO - [2024-10-04T18:36:09.902+0000] {dag.py:3229} INFO - Sync 1 DAGs
[2024-10-04T18:36:09.942+0000] {logging_mixin.py:190} INFO - [2024-10-04T18:36:09.942+0000] {dag.py:4156} INFO - Setting next_dagrun for rocket to None, run_after=None
[2024-10-04T18:36:09.989+0000] {processor.py:208} INFO - Processing /opt/airflow/dags/rocket.py took 0.181 seconds
[2024-10-04T18:36:40.191+0000] {processor.py:186} INFO - Started process (PID=395) to work on /opt/airflow/dags/rocket.py
[2024-10-04T18:36:40.193+0000] {processor.py:914} INFO - Processing file /opt/airflow/dags/rocket.py for tasks to queue
[2024-10-04T18:36:40.199+0000] {logging_mixin.py:190} INFO - [2024-10-04T18:36:40.199+0000] {dagbag.py:587} INFO - Filling up the DagBag from /opt/airflow/dags/rocket.py
[2024-10-04T18:36:40.226+0000] {processor.py:925} INFO - DAG(s) 'rocket' retrieved from /opt/airflow/dags/rocket.py
[2024-10-04T18:36:40.255+0000] {logging_mixin.py:190} INFO - [2024-10-04T18:36:40.254+0000] {dag.py:3229} INFO - Sync 1 DAGs
[2024-10-04T18:36:40.282+0000] {logging_mixin.py:190} INFO - [2024-10-04T18:36:40.282+0000] {dag.py:4156} INFO - Setting next_dagrun for rocket to None, run_after=None
[2024-10-04T18:36:40.311+0000] {processor.py:208} INFO - Processing /opt/airflow/dags/rocket.py took 0.131 seconds
[2024-10-04T18:37:10.619+0000] {processor.py:186} INFO - Started process (PID=458) to work on /opt/airflow/dags/rocket.py
[2024-10-04T18:37:10.620+0000] {processor.py:914} INFO - Processing file /opt/airflow/dags/rocket.py for tasks to queue
[2024-10-04T18:37:10.623+0000] {logging_mixin.py:190} INFO - [2024-10-04T18:37:10.622+0000] {dagbag.py:587} INFO - Filling up the DagBag from /opt/airflow/dags/rocket.py
[2024-10-04T18:37:10.644+0000] {processor.py:925} INFO - DAG(s) 'rocket' retrieved from /opt/airflow/dags/rocket.py
[2024-10-04T18:37:10.669+0000] {logging_mixin.py:190} INFO - [2024-10-04T18:37:10.669+0000] {dag.py:3229} INFO - Sync 1 DAGs
[2024-10-04T18:37:10.692+0000] {logging_mixin.py:190} INFO - [2024-10-04T18:37:10.692+0000] {dag.py:4156} INFO - Setting next_dagrun for rocket to None, run_after=None
[2024-10-04T18:37:10.731+0000] {processor.py:208} INFO - Processing /opt/airflow/dags/rocket.py took 0.119 seconds
[2024-10-04T18:37:41.046+0000] {processor.py:186} INFO - Started process (PID=521) to work on /opt/airflow/dags/rocket.py
[2024-10-04T18:37:41.048+0000] {processor.py:914} INFO - Processing file /opt/airflow/dags/rocket.py for tasks to queue
[2024-10-04T18:37:41.051+0000] {logging_mixin.py:190} INFO - [2024-10-04T18:37:41.051+0000] {dagbag.py:587} INFO - Filling up the DagBag from /opt/airflow/dags/rocket.py
[2024-10-04T18:37:41.073+0000] {processor.py:925} INFO - DAG(s) 'rocket' retrieved from /opt/airflow/dags/rocket.py
[2024-10-04T18:37:41.099+0000] {logging_mixin.py:190} INFO - [2024-10-04T18:37:41.099+0000] {dag.py:3229} INFO - Sync 1 DAGs
[2024-10-04T18:37:41.122+0000] {logging_mixin.py:190} INFO - [2024-10-04T18:37:41.122+0000] {dag.py:4156} INFO - Setting next_dagrun for rocket to None, run_after=None
[2024-10-04T18:37:41.149+0000] {processor.py:208} INFO - Processing /opt/airflow/dags/rocket.py took 0.112 seconds
[2024-10-04T18:38:11.551+0000] {processor.py:186} INFO - Started process (PID=585) to work on /opt/airflow/dags/rocket.py
[2024-10-04T18:38:11.553+0000] {processor.py:914} INFO - Processing file /opt/airflow/dags/rocket.py for tasks to queue
[2024-10-04T18:38:11.558+0000] {logging_mixin.py:190} INFO - [2024-10-04T18:38:11.558+0000] {dagbag.py:587} INFO - Filling up the DagBag from /opt/airflow/dags/rocket.py
[2024-10-04T18:38:11.598+0000] {processor.py:925} INFO - DAG(s) 'rocket' retrieved from /opt/airflow/dags/rocket.py
[2024-10-04T18:38:11.658+0000] {logging_mixin.py:190} INFO - [2024-10-04T18:38:11.658+0000] {dag.py:3229} INFO - Sync 1 DAGs
[2024-10-04T18:38:11.717+0000] {logging_mixin.py:190} INFO - [2024-10-04T18:38:11.716+0000] {dag.py:4156} INFO - Setting next_dagrun for rocket to None, run_after=None
[2024-10-04T18:38:11.779+0000] {processor.py:208} INFO - Processing /opt/airflow/dags/rocket.py took 0.243 seconds
[2024-10-04T18:38:42.355+0000] {processor.py:186} INFO - Started process (PID=647) to work on /opt/airflow/dags/rocket.py
[2024-10-04T18:38:42.357+0000] {processor.py:914} INFO - Processing file /opt/airflow/dags/rocket.py for tasks to queue
[2024-10-04T18:38:42.363+0000] {logging_mixin.py:190} INFO - [2024-10-04T18:38:42.362+0000] {dagbag.py:587} INFO - Filling up the DagBag from /opt/airflow/dags/rocket.py
[2024-10-04T18:38:42.478+0000] {processor.py:925} INFO - DAG(s) 'rocket' retrieved from /opt/airflow/dags/rocket.py
[2024-10-04T18:38:42.520+0000] {logging_mixin.py:190} INFO - [2024-10-04T18:38:42.520+0000] {dag.py:3229} INFO - Sync 1 DAGs
[2024-10-04T18:38:42.551+0000] {logging_mixin.py:190} INFO - [2024-10-04T18:38:42.550+0000] {dag.py:4156} INFO - Setting next_dagrun for rocket to None, run_after=None
[2024-10-04T18:38:42.590+0000] {processor.py:208} INFO - Processing /opt/airflow/dags/rocket.py took 0.269 seconds
[2024-10-04T18:39:12.873+0000] {processor.py:186} INFO - Started process (PID=710) to work on /opt/airflow/dags/rocket.py
[2024-10-04T18:39:12.876+0000] {processor.py:914} INFO - Processing file /opt/airflow/dags/rocket.py for tasks to queue
[2024-10-04T18:39:12.883+0000] {logging_mixin.py:190} INFO - [2024-10-04T18:39:12.882+0000] {dagbag.py:587} INFO - Filling up the DagBag from /opt/airflow/dags/rocket.py
[2024-10-04T18:39:12.919+0000] {processor.py:925} INFO - DAG(s) 'rocket' retrieved from /opt/airflow/dags/rocket.py
[2024-10-04T18:39:12.968+0000] {logging_mixin.py:190} INFO - [2024-10-04T18:39:12.967+0000] {dag.py:3229} INFO - Sync 1 DAGs
[2024-10-04T18:39:13.016+0000] {logging_mixin.py:190} INFO - [2024-10-04T18:39:13.015+0000] {dag.py:4156} INFO - Setting next_dagrun for rocket to None, run_after=None
[2024-10-04T18:39:13.111+0000] {processor.py:208} INFO - Processing /opt/airflow/dags/rocket.py took 0.256 seconds
[2024-10-04T18:39:43.720+0000] {processor.py:186} INFO - Started process (PID=773) to work on /opt/airflow/dags/rocket.py
[2024-10-04T18:39:43.725+0000] {processor.py:914} INFO - Processing file /opt/airflow/dags/rocket.py for tasks to queue
[2024-10-04T18:39:43.737+0000] {logging_mixin.py:190} INFO - [2024-10-04T18:39:43.734+0000] {dagbag.py:587} INFO - Filling up the DagBag from /opt/airflow/dags/rocket.py
[2024-10-04T18:39:43.806+0000] {processor.py:925} INFO - DAG(s) 'rocket' retrieved from /opt/airflow/dags/rocket.py
[2024-10-04T18:39:43.843+0000] {logging_mixin.py:190} INFO - [2024-10-04T18:39:43.843+0000] {dag.py:3229} INFO - Sync 1 DAGs
[2024-10-04T18:39:43.883+0000] {logging_mixin.py:190} INFO - [2024-10-04T18:39:43.883+0000] {dag.py:4156} INFO - Setting next_dagrun for rocket to None, run_after=None
[2024-10-04T18:39:43.926+0000] {processor.py:208} INFO - Processing /opt/airflow/dags/rocket.py took 0.225 seconds
[2024-10-04T18:40:14.058+0000] {processor.py:186} INFO - Started process (PID=836) to work on /opt/airflow/dags/rocket.py
[2024-10-04T18:40:14.060+0000] {processor.py:914} INFO - Processing file /opt/airflow/dags/rocket.py for tasks to queue
[2024-10-04T18:40:14.063+0000] {logging_mixin.py:190} INFO - [2024-10-04T18:40:14.063+0000] {dagbag.py:587} INFO - Filling up the DagBag from /opt/airflow/dags/rocket.py
[2024-10-04T18:40:14.082+0000] {processor.py:925} INFO - DAG(s) 'rocket' retrieved from /opt/airflow/dags/rocket.py
[2024-10-04T18:40:14.108+0000] {logging_mixin.py:190} INFO - [2024-10-04T18:40:14.108+0000] {dag.py:3229} INFO - Sync 1 DAGs
[2024-10-04T18:40:14.129+0000] {logging_mixin.py:190} INFO - [2024-10-04T18:40:14.129+0000] {dag.py:4156} INFO - Setting next_dagrun for rocket to None, run_after=None
[2024-10-04T18:40:14.178+0000] {processor.py:208} INFO - Processing /opt/airflow/dags/rocket.py took 0.127 seconds
[2024-10-04T18:40:44.701+0000] {processor.py:186} INFO - Started process (PID=899) to work on /opt/airflow/dags/rocket.py
[2024-10-04T18:40:44.705+0000] {processor.py:914} INFO - Processing file /opt/airflow/dags/rocket.py for tasks to queue
[2024-10-04T18:40:44.711+0000] {logging_mixin.py:190} INFO - [2024-10-04T18:40:44.710+0000] {dagbag.py:587} INFO - Filling up the DagBag from /opt/airflow/dags/rocket.py
[2024-10-04T18:40:44.747+0000] {processor.py:925} INFO - DAG(s) 'rocket' retrieved from /opt/airflow/dags/rocket.py
[2024-10-04T18:40:44.818+0000] {logging_mixin.py:190} INFO - [2024-10-04T18:40:44.818+0000] {dag.py:3229} INFO - Sync 1 DAGs
[2024-10-04T18:40:44.882+0000] {logging_mixin.py:190} INFO - [2024-10-04T18:40:44.881+0000] {dag.py:4156} INFO - Setting next_dagrun for rocket to None, run_after=None
[2024-10-04T18:40:44.943+0000] {processor.py:208} INFO - Processing /opt/airflow/dags/rocket.py took 0.263 seconds
[2024-10-04T18:41:15.270+0000] {processor.py:186} INFO - Started process (PID=962) to work on /opt/airflow/dags/rocket.py
[2024-10-04T18:41:15.271+0000] {processor.py:914} INFO - Processing file /opt/airflow/dags/rocket.py for tasks to queue
[2024-10-04T18:41:15.274+0000] {logging_mixin.py:190} INFO - [2024-10-04T18:41:15.274+0000] {dagbag.py:587} INFO - Filling up the DagBag from /opt/airflow/dags/rocket.py
[2024-10-04T18:41:15.302+0000] {processor.py:925} INFO - DAG(s) 'rocket' retrieved from /opt/airflow/dags/rocket.py
[2024-10-04T18:41:15.337+0000] {logging_mixin.py:190} INFO - [2024-10-04T18:41:15.337+0000] {dag.py:3229} INFO - Sync 1 DAGs
[2024-10-04T18:41:15.369+0000] {logging_mixin.py:190} INFO - [2024-10-04T18:41:15.369+0000] {dag.py:4156} INFO - Setting next_dagrun for rocket to None, run_after=None
[2024-10-04T18:41:15.403+0000] {processor.py:208} INFO - Processing /opt/airflow/dags/rocket.py took 0.142 seconds
[2024-10-04T18:41:45.624+0000] {processor.py:186} INFO - Started process (PID=1025) to work on /opt/airflow/dags/rocket.py
[2024-10-04T18:41:45.625+0000] {processor.py:914} INFO - Processing file /opt/airflow/dags/rocket.py for tasks to queue
[2024-10-04T18:41:45.628+0000] {logging_mixin.py:190} INFO - [2024-10-04T18:41:45.628+0000] {dagbag.py:587} INFO - Filling up the DagBag from /opt/airflow/dags/rocket.py
[2024-10-04T18:41:45.650+0000] {processor.py:925} INFO - DAG(s) 'rocket' retrieved from /opt/airflow/dags/rocket.py
[2024-10-04T18:41:45.678+0000] {logging_mixin.py:190} INFO - [2024-10-04T18:41:45.677+0000] {dag.py:3229} INFO - Sync 1 DAGs
[2024-10-04T18:41:45.705+0000] {logging_mixin.py:190} INFO - [2024-10-04T18:41:45.704+0000] {dag.py:4156} INFO - Setting next_dagrun for rocket to None, run_after=None
[2024-10-04T18:41:45.743+0000] {processor.py:208} INFO - Processing /opt/airflow/dags/rocket.py took 0.126 seconds
[2024-10-04T18:42:16.214+0000] {processor.py:186} INFO - Started process (PID=1088) to work on /opt/airflow/dags/rocket.py
[2024-10-04T18:42:16.215+0000] {processor.py:914} INFO - Processing file /opt/airflow/dags/rocket.py for tasks to queue
[2024-10-04T18:42:16.220+0000] {logging_mixin.py:190} INFO - [2024-10-04T18:42:16.219+0000] {dagbag.py:587} INFO - Filling up the DagBag from /opt/airflow/dags/rocket.py
[2024-10-04T18:42:16.239+0000] {processor.py:925} INFO - DAG(s) 'rocket' retrieved from /opt/airflow/dags/rocket.py
[2024-10-04T18:42:16.262+0000] {logging_mixin.py:190} INFO - [2024-10-04T18:42:16.261+0000] {dag.py:3229} INFO - Sync 1 DAGs
[2024-10-04T18:42:16.279+0000] {logging_mixin.py:190} INFO - [2024-10-04T18:42:16.279+0000] {dag.py:4156} INFO - Setting next_dagrun for rocket to None, run_after=None
[2024-10-04T18:42:16.311+0000] {processor.py:208} INFO - Processing /opt/airflow/dags/rocket.py took 0.104 seconds
[2024-10-04T18:42:46.965+0000] {processor.py:186} INFO - Started process (PID=1151) to work on /opt/airflow/dags/rocket.py
[2024-10-04T18:42:46.967+0000] {processor.py:914} INFO - Processing file /opt/airflow/dags/rocket.py for tasks to queue
[2024-10-04T18:42:46.971+0000] {logging_mixin.py:190} INFO - [2024-10-04T18:42:46.970+0000] {dagbag.py:587} INFO - Filling up the DagBag from /opt/airflow/dags/rocket.py
[2024-10-04T18:42:46.999+0000] {processor.py:925} INFO - DAG(s) 'rocket' retrieved from /opt/airflow/dags/rocket.py
[2024-10-04T18:42:47.024+0000] {logging_mixin.py:190} INFO - [2024-10-04T18:42:47.023+0000] {dag.py:3229} INFO - Sync 1 DAGs
[2024-10-04T18:42:47.045+0000] {logging_mixin.py:190} INFO - [2024-10-04T18:42:47.044+0000] {dag.py:4156} INFO - Setting next_dagrun for rocket to None, run_after=None
[2024-10-04T18:42:47.075+0000] {processor.py:208} INFO - Processing /opt/airflow/dags/rocket.py took 0.120 seconds
[2024-10-04T18:43:17.671+0000] {processor.py:186} INFO - Started process (PID=1214) to work on /opt/airflow/dags/rocket.py
[2024-10-04T18:43:17.672+0000] {processor.py:914} INFO - Processing file /opt/airflow/dags/rocket.py for tasks to queue
[2024-10-04T18:43:17.675+0000] {logging_mixin.py:190} INFO - [2024-10-04T18:43:17.675+0000] {dagbag.py:587} INFO - Filling up the DagBag from /opt/airflow/dags/rocket.py
[2024-10-04T18:43:17.693+0000] {processor.py:925} INFO - DAG(s) 'rocket' retrieved from /opt/airflow/dags/rocket.py
[2024-10-04T18:43:17.715+0000] {logging_mixin.py:190} INFO - [2024-10-04T18:43:17.715+0000] {dag.py:3229} INFO - Sync 1 DAGs
[2024-10-04T18:43:17.734+0000] {logging_mixin.py:190} INFO - [2024-10-04T18:43:17.734+0000] {dag.py:4156} INFO - Setting next_dagrun for rocket to None, run_after=None
[2024-10-04T18:43:17.764+0000] {processor.py:208} INFO - Processing /opt/airflow/dags/rocket.py took 0.100 seconds
[2024-10-04T18:43:48.205+0000] {processor.py:186} INFO - Started process (PID=1277) to work on /opt/airflow/dags/rocket.py
[2024-10-04T18:43:48.206+0000] {processor.py:914} INFO - Processing file /opt/airflow/dags/rocket.py for tasks to queue
[2024-10-04T18:43:48.210+0000] {logging_mixin.py:190} INFO - [2024-10-04T18:43:48.210+0000] {dagbag.py:587} INFO - Filling up the DagBag from /opt/airflow/dags/rocket.py
[2024-10-04T18:43:48.236+0000] {processor.py:925} INFO - DAG(s) 'rocket' retrieved from /opt/airflow/dags/rocket.py
[2024-10-04T18:43:48.260+0000] {logging_mixin.py:190} INFO - [2024-10-04T18:43:48.259+0000] {dag.py:3229} INFO - Sync 1 DAGs
[2024-10-04T18:43:48.279+0000] {logging_mixin.py:190} INFO - [2024-10-04T18:43:48.279+0000] {dag.py:4156} INFO - Setting next_dagrun for rocket to None, run_after=None
[2024-10-04T18:43:48.312+0000] {processor.py:208} INFO - Processing /opt/airflow/dags/rocket.py took 0.115 seconds
[2024-10-04T18:44:18.623+0000] {processor.py:186} INFO - Started process (PID=1340) to work on /opt/airflow/dags/rocket.py
[2024-10-04T18:44:18.624+0000] {processor.py:914} INFO - Processing file /opt/airflow/dags/rocket.py for tasks to queue
[2024-10-04T18:44:18.628+0000] {logging_mixin.py:190} INFO - [2024-10-04T18:44:18.628+0000] {dagbag.py:587} INFO - Filling up the DagBag from /opt/airflow/dags/rocket.py
[2024-10-04T18:44:18.650+0000] {processor.py:925} INFO - DAG(s) 'rocket' retrieved from /opt/airflow/dags/rocket.py
[2024-10-04T18:44:18.682+0000] {logging_mixin.py:190} INFO - [2024-10-04T18:44:18.681+0000] {dag.py:3229} INFO - Sync 1 DAGs
[2024-10-04T18:44:18.703+0000] {logging_mixin.py:190} INFO - [2024-10-04T18:44:18.703+0000] {dag.py:4156} INFO - Setting next_dagrun for rocket to None, run_after=None
[2024-10-04T18:44:18.739+0000] {processor.py:208} INFO - Processing /opt/airflow/dags/rocket.py took 0.123 seconds
[2024-10-04T18:44:49.060+0000] {processor.py:186} INFO - Started process (PID=1403) to work on /opt/airflow/dags/rocket.py
[2024-10-04T18:44:49.063+0000] {processor.py:914} INFO - Processing file /opt/airflow/dags/rocket.py for tasks to queue
[2024-10-04T18:44:49.067+0000] {logging_mixin.py:190} INFO - [2024-10-04T18:44:49.066+0000] {dagbag.py:587} INFO - Filling up the DagBag from /opt/airflow/dags/rocket.py
[2024-10-04T18:44:49.101+0000] {processor.py:925} INFO - DAG(s) 'rocket' retrieved from /opt/airflow/dags/rocket.py
[2024-10-04T18:44:49.135+0000] {logging_mixin.py:190} INFO - [2024-10-04T18:44:49.134+0000] {dag.py:3229} INFO - Sync 1 DAGs
[2024-10-04T18:44:49.163+0000] {logging_mixin.py:190} INFO - [2024-10-04T18:44:49.163+0000] {dag.py:4156} INFO - Setting next_dagrun for rocket to None, run_after=None
[2024-10-04T18:44:49.203+0000] {processor.py:208} INFO - Processing /opt/airflow/dags/rocket.py took 0.158 seconds
[2024-10-04T18:45:19.423+0000] {processor.py:186} INFO - Started process (PID=1467) to work on /opt/airflow/dags/rocket.py
[2024-10-04T18:45:19.424+0000] {processor.py:914} INFO - Processing file /opt/airflow/dags/rocket.py for tasks to queue
[2024-10-04T18:45:19.428+0000] {logging_mixin.py:190} INFO - [2024-10-04T18:45:19.428+0000] {dagbag.py:587} INFO - Filling up the DagBag from /opt/airflow/dags/rocket.py
[2024-10-04T18:45:19.457+0000] {processor.py:925} INFO - DAG(s) 'rocket' retrieved from /opt/airflow/dags/rocket.py
[2024-10-04T18:45:19.491+0000] {logging_mixin.py:190} INFO - [2024-10-04T18:45:19.491+0000] {dag.py:3229} INFO - Sync 1 DAGs
[2024-10-04T18:45:19.518+0000] {logging_mixin.py:190} INFO - [2024-10-04T18:45:19.517+0000] {dag.py:4156} INFO - Setting next_dagrun for rocket to None, run_after=None
[2024-10-04T18:45:19.559+0000] {processor.py:208} INFO - Processing /opt/airflow/dags/rocket.py took 0.146 seconds
[2024-10-04T18:45:49.713+0000] {processor.py:186} INFO - Started process (PID=1529) to work on /opt/airflow/dags/rocket.py
[2024-10-04T18:45:49.714+0000] {processor.py:914} INFO - Processing file /opt/airflow/dags/rocket.py for tasks to queue
[2024-10-04T18:45:49.718+0000] {logging_mixin.py:190} INFO - [2024-10-04T18:45:49.718+0000] {dagbag.py:587} INFO - Filling up the DagBag from /opt/airflow/dags/rocket.py
[2024-10-04T18:45:49.745+0000] {processor.py:925} INFO - DAG(s) 'rocket' retrieved from /opt/airflow/dags/rocket.py
[2024-10-04T18:45:49.771+0000] {logging_mixin.py:190} INFO - [2024-10-04T18:45:49.771+0000] {dag.py:3229} INFO - Sync 1 DAGs
[2024-10-04T18:45:49.792+0000] {logging_mixin.py:190} INFO - [2024-10-04T18:45:49.791+0000] {dag.py:4156} INFO - Setting next_dagrun for rocket to None, run_after=None
[2024-10-04T18:45:49.831+0000] {processor.py:208} INFO - Processing /opt/airflow/dags/rocket.py took 0.129 seconds
[2024-10-04T18:46:20.480+0000] {processor.py:186} INFO - Started process (PID=1592) to work on /opt/airflow/dags/rocket.py
[2024-10-04T18:46:20.481+0000] {processor.py:914} INFO - Processing file /opt/airflow/dags/rocket.py for tasks to queue
[2024-10-04T18:46:20.484+0000] {logging_mixin.py:190} INFO - [2024-10-04T18:46:20.484+0000] {dagbag.py:587} INFO - Filling up the DagBag from /opt/airflow/dags/rocket.py
[2024-10-04T18:46:20.515+0000] {processor.py:925} INFO - DAG(s) 'rocket' retrieved from /opt/airflow/dags/rocket.py
[2024-10-04T18:46:20.550+0000] {logging_mixin.py:190} INFO - [2024-10-04T18:46:20.549+0000] {dag.py:3229} INFO - Sync 1 DAGs
[2024-10-04T18:46:20.574+0000] {logging_mixin.py:190} INFO - [2024-10-04T18:46:20.573+0000] {dag.py:4156} INFO - Setting next_dagrun for rocket to None, run_after=None
[2024-10-04T18:46:20.610+0000] {processor.py:208} INFO - Processing /opt/airflow/dags/rocket.py took 0.141 seconds
[2024-10-04T18:46:50.712+0000] {processor.py:186} INFO - Started process (PID=1655) to work on /opt/airflow/dags/rocket.py
[2024-10-04T18:46:50.715+0000] {processor.py:914} INFO - Processing file /opt/airflow/dags/rocket.py for tasks to queue
[2024-10-04T18:46:50.725+0000] {logging_mixin.py:190} INFO - [2024-10-04T18:46:50.725+0000] {dagbag.py:587} INFO - Filling up the DagBag from /opt/airflow/dags/rocket.py
[2024-10-04T18:46:50.759+0000] {processor.py:925} INFO - DAG(s) 'rocket' retrieved from /opt/airflow/dags/rocket.py
[2024-10-04T18:46:50.803+0000] {logging_mixin.py:190} INFO - [2024-10-04T18:46:50.803+0000] {dag.py:3229} INFO - Sync 1 DAGs
[2024-10-04T18:46:50.844+0000] {logging_mixin.py:190} INFO - [2024-10-04T18:46:50.843+0000] {dag.py:4156} INFO - Setting next_dagrun for rocket to None, run_after=None
[2024-10-04T18:46:50.909+0000] {processor.py:208} INFO - Processing /opt/airflow/dags/rocket.py took 0.217 seconds
[2024-10-04T18:47:21.147+0000] {processor.py:186} INFO - Started process (PID=1718) to work on /opt/airflow/dags/rocket.py
[2024-10-04T18:47:21.153+0000] {processor.py:914} INFO - Processing file /opt/airflow/dags/rocket.py for tasks to queue
[2024-10-04T18:47:21.173+0000] {logging_mixin.py:190} INFO - [2024-10-04T18:47:21.171+0000] {dagbag.py:587} INFO - Filling up the DagBag from /opt/airflow/dags/rocket.py
[2024-10-04T18:47:21.258+0000] {processor.py:925} INFO - DAG(s) 'rocket' retrieved from /opt/airflow/dags/rocket.py
[2024-10-04T18:47:21.288+0000] {logging_mixin.py:190} INFO - [2024-10-04T18:47:21.288+0000] {dag.py:3229} INFO - Sync 1 DAGs
[2024-10-04T18:47:21.311+0000] {logging_mixin.py:190} INFO - [2024-10-04T18:47:21.311+0000] {dag.py:4156} INFO - Setting next_dagrun for rocket to None, run_after=None
[2024-10-04T18:47:21.355+0000] {processor.py:208} INFO - Processing /opt/airflow/dags/rocket.py took 0.246 seconds
[2024-10-04T18:47:51.765+0000] {processor.py:186} INFO - Started process (PID=1781) to work on /opt/airflow/dags/rocket.py
[2024-10-04T18:47:51.766+0000] {processor.py:914} INFO - Processing file /opt/airflow/dags/rocket.py for tasks to queue
[2024-10-04T18:47:51.770+0000] {logging_mixin.py:190} INFO - [2024-10-04T18:47:51.769+0000] {dagbag.py:587} INFO - Filling up the DagBag from /opt/airflow/dags/rocket.py
[2024-10-04T18:47:51.795+0000] {processor.py:925} INFO - DAG(s) 'rocket' retrieved from /opt/airflow/dags/rocket.py
[2024-10-04T18:47:51.829+0000] {logging_mixin.py:190} INFO - [2024-10-04T18:47:51.829+0000] {dag.py:3229} INFO - Sync 1 DAGs
[2024-10-04T18:47:51.858+0000] {logging_mixin.py:190} INFO - [2024-10-04T18:47:51.858+0000] {dag.py:4156} INFO - Setting next_dagrun for rocket to None, run_after=None
[2024-10-04T18:47:51.893+0000] {processor.py:208} INFO - Processing /opt/airflow/dags/rocket.py took 0.138 seconds
[2024-10-04T18:48:22.326+0000] {processor.py:186} INFO - Started process (PID=1844) to work on /opt/airflow/dags/rocket.py
[2024-10-04T18:48:22.328+0000] {processor.py:914} INFO - Processing file /opt/airflow/dags/rocket.py for tasks to queue
[2024-10-04T18:48:22.335+0000] {logging_mixin.py:190} INFO - [2024-10-04T18:48:22.335+0000] {dagbag.py:587} INFO - Filling up the DagBag from /opt/airflow/dags/rocket.py
[2024-10-04T18:48:22.369+0000] {processor.py:925} INFO - DAG(s) 'rocket' retrieved from /opt/airflow/dags/rocket.py
[2024-10-04T18:48:22.402+0000] {logging_mixin.py:190} INFO - [2024-10-04T18:48:22.402+0000] {dag.py:3229} INFO - Sync 1 DAGs
[2024-10-04T18:48:22.426+0000] {logging_mixin.py:190} INFO - [2024-10-04T18:48:22.426+0000] {dag.py:4156} INFO - Setting next_dagrun for rocket to None, run_after=None
[2024-10-04T18:48:22.482+0000] {processor.py:208} INFO - Processing /opt/airflow/dags/rocket.py took 0.184 seconds
[2024-10-04T18:48:52.710+0000] {processor.py:186} INFO - Started process (PID=1908) to work on /opt/airflow/dags/rocket.py
[2024-10-04T18:48:52.711+0000] {processor.py:914} INFO - Processing file /opt/airflow/dags/rocket.py for tasks to queue
[2024-10-04T18:48:52.715+0000] {logging_mixin.py:190} INFO - [2024-10-04T18:48:52.714+0000] {dagbag.py:587} INFO - Filling up the DagBag from /opt/airflow/dags/rocket.py
[2024-10-04T18:48:52.737+0000] {processor.py:925} INFO - DAG(s) 'rocket' retrieved from /opt/airflow/dags/rocket.py
[2024-10-04T18:48:52.762+0000] {logging_mixin.py:190} INFO - [2024-10-04T18:48:52.761+0000] {dag.py:3229} INFO - Sync 1 DAGs
[2024-10-04T18:48:52.782+0000] {logging_mixin.py:190} INFO - [2024-10-04T18:48:52.781+0000] {dag.py:4156} INFO - Setting next_dagrun for rocket to None, run_after=None
[2024-10-04T18:48:52.817+0000] {processor.py:208} INFO - Processing /opt/airflow/dags/rocket.py took 0.117 seconds
[2024-10-04T18:49:23.311+0000] {processor.py:186} INFO - Started process (PID=1971) to work on /opt/airflow/dags/rocket.py
[2024-10-04T18:49:23.312+0000] {processor.py:914} INFO - Processing file /opt/airflow/dags/rocket.py for tasks to queue
[2024-10-04T18:49:23.314+0000] {logging_mixin.py:190} INFO - [2024-10-04T18:49:23.314+0000] {dagbag.py:587} INFO - Filling up the DagBag from /opt/airflow/dags/rocket.py
[2024-10-04T18:49:23.334+0000] {processor.py:925} INFO - DAG(s) 'rocket' retrieved from /opt/airflow/dags/rocket.py
[2024-10-04T18:49:23.357+0000] {logging_mixin.py:190} INFO - [2024-10-04T18:49:23.357+0000] {dag.py:3229} INFO - Sync 1 DAGs
[2024-10-04T18:49:23.380+0000] {logging_mixin.py:190} INFO - [2024-10-04T18:49:23.379+0000] {dag.py:4156} INFO - Setting next_dagrun for rocket to None, run_after=None
[2024-10-04T18:49:23.407+0000] {processor.py:208} INFO - Processing /opt/airflow/dags/rocket.py took 0.104 seconds
[2024-10-04T18:49:53.552+0000] {processor.py:186} INFO - Started process (PID=2034) to work on /opt/airflow/dags/rocket.py
[2024-10-04T18:49:53.553+0000] {processor.py:914} INFO - Processing file /opt/airflow/dags/rocket.py for tasks to queue
[2024-10-04T18:49:53.556+0000] {logging_mixin.py:190} INFO - [2024-10-04T18:49:53.556+0000] {dagbag.py:587} INFO - Filling up the DagBag from /opt/airflow/dags/rocket.py
[2024-10-04T18:49:53.585+0000] {processor.py:925} INFO - DAG(s) 'rocket' retrieved from /opt/airflow/dags/rocket.py
[2024-10-04T18:49:53.611+0000] {logging_mixin.py:190} INFO - [2024-10-04T18:49:53.611+0000] {dag.py:3229} INFO - Sync 1 DAGs
[2024-10-04T18:49:53.634+0000] {logging_mixin.py:190} INFO - [2024-10-04T18:49:53.634+0000] {dag.py:4156} INFO - Setting next_dagrun for rocket to None, run_after=None
[2024-10-04T18:49:53.659+0000] {processor.py:208} INFO - Processing /opt/airflow/dags/rocket.py took 0.116 seconds
[2024-10-04T18:50:23.942+0000] {processor.py:186} INFO - Started process (PID=2097) to work on /opt/airflow/dags/rocket.py
[2024-10-04T18:50:23.943+0000] {processor.py:914} INFO - Processing file /opt/airflow/dags/rocket.py for tasks to queue
[2024-10-04T18:50:23.946+0000] {logging_mixin.py:190} INFO - [2024-10-04T18:50:23.946+0000] {dagbag.py:587} INFO - Filling up the DagBag from /opt/airflow/dags/rocket.py
[2024-10-04T18:50:23.970+0000] {processor.py:925} INFO - DAG(s) 'rocket' retrieved from /opt/airflow/dags/rocket.py
[2024-10-04T18:50:24.005+0000] {logging_mixin.py:190} INFO - [2024-10-04T18:50:24.005+0000] {dag.py:3229} INFO - Sync 1 DAGs
[2024-10-04T18:50:24.035+0000] {logging_mixin.py:190} INFO - [2024-10-04T18:50:24.034+0000] {dag.py:4156} INFO - Setting next_dagrun for rocket to None, run_after=None
[2024-10-04T18:50:24.085+0000] {processor.py:208} INFO - Processing /opt/airflow/dags/rocket.py took 0.152 seconds
[2024-10-04T18:50:54.620+0000] {processor.py:186} INFO - Started process (PID=2160) to work on /opt/airflow/dags/rocket.py
[2024-10-04T18:50:54.621+0000] {processor.py:914} INFO - Processing file /opt/airflow/dags/rocket.py for tasks to queue
[2024-10-04T18:50:54.625+0000] {logging_mixin.py:190} INFO - [2024-10-04T18:50:54.625+0000] {dagbag.py:587} INFO - Filling up the DagBag from /opt/airflow/dags/rocket.py
[2024-10-04T18:50:54.649+0000] {processor.py:925} INFO - DAG(s) 'rocket' retrieved from /opt/airflow/dags/rocket.py
[2024-10-04T18:50:54.681+0000] {logging_mixin.py:190} INFO - [2024-10-04T18:50:54.681+0000] {dag.py:3229} INFO - Sync 1 DAGs
[2024-10-04T18:50:54.730+0000] {logging_mixin.py:190} INFO - [2024-10-04T18:50:54.728+0000] {dag.py:4156} INFO - Setting next_dagrun for rocket to None, run_after=None
[2024-10-04T18:50:54.780+0000] {processor.py:208} INFO - Processing /opt/airflow/dags/rocket.py took 0.170 seconds
[2024-10-04T18:51:25.123+0000] {processor.py:186} INFO - Started process (PID=2224) to work on /opt/airflow/dags/rocket.py
[2024-10-04T18:51:25.125+0000] {processor.py:914} INFO - Processing file /opt/airflow/dags/rocket.py for tasks to queue
[2024-10-04T18:51:25.128+0000] {logging_mixin.py:190} INFO - [2024-10-04T18:51:25.127+0000] {dagbag.py:587} INFO - Filling up the DagBag from /opt/airflow/dags/rocket.py
[2024-10-04T18:51:25.157+0000] {processor.py:925} INFO - DAG(s) 'rocket' retrieved from /opt/airflow/dags/rocket.py
[2024-10-04T18:51:25.192+0000] {logging_mixin.py:190} INFO - [2024-10-04T18:51:25.191+0000] {dag.py:3229} INFO - Sync 1 DAGs
[2024-10-04T18:51:25.222+0000] {logging_mixin.py:190} INFO - [2024-10-04T18:51:25.221+0000] {dag.py:4156} INFO - Setting next_dagrun for rocket to None, run_after=None
[2024-10-04T18:51:25.264+0000] {processor.py:208} INFO - Processing /opt/airflow/dags/rocket.py took 0.153 seconds
[2024-10-04T18:51:56.010+0000] {processor.py:186} INFO - Started process (PID=2287) to work on /opt/airflow/dags/rocket.py
[2024-10-04T18:51:56.012+0000] {processor.py:914} INFO - Processing file /opt/airflow/dags/rocket.py for tasks to queue
[2024-10-04T18:51:56.015+0000] {logging_mixin.py:190} INFO - [2024-10-04T18:51:56.015+0000] {dagbag.py:587} INFO - Filling up the DagBag from /opt/airflow/dags/rocket.py
[2024-10-04T18:51:56.035+0000] {processor.py:925} INFO - DAG(s) 'rocket' retrieved from /opt/airflow/dags/rocket.py
[2024-10-04T18:51:56.063+0000] {logging_mixin.py:190} INFO - [2024-10-04T18:51:56.062+0000] {dag.py:3229} INFO - Sync 1 DAGs
[2024-10-04T18:51:56.085+0000] {logging_mixin.py:190} INFO - [2024-10-04T18:51:56.085+0000] {dag.py:4156} INFO - Setting next_dagrun for rocket to None, run_after=None
[2024-10-04T18:51:56.119+0000] {processor.py:208} INFO - Processing /opt/airflow/dags/rocket.py took 0.117 seconds
[2024-10-04T18:52:26.958+0000] {processor.py:186} INFO - Started process (PID=2356) to work on /opt/airflow/dags/rocket.py
[2024-10-04T18:52:26.960+0000] {processor.py:914} INFO - Processing file /opt/airflow/dags/rocket.py for tasks to queue
[2024-10-04T18:52:26.963+0000] {logging_mixin.py:190} INFO - [2024-10-04T18:52:26.963+0000] {dagbag.py:587} INFO - Filling up the DagBag from /opt/airflow/dags/rocket.py
[2024-10-04T18:52:26.982+0000] {processor.py:925} INFO - DAG(s) 'rocket' retrieved from /opt/airflow/dags/rocket.py
[2024-10-04T18:52:27.005+0000] {logging_mixin.py:190} INFO - [2024-10-04T18:52:27.005+0000] {dag.py:3229} INFO - Sync 1 DAGs
[2024-10-04T18:52:27.023+0000] {logging_mixin.py:190} INFO - [2024-10-04T18:52:27.023+0000] {dag.py:4156} INFO - Setting next_dagrun for rocket to None, run_after=None
[2024-10-04T18:52:27.047+0000] {processor.py:208} INFO - Processing /opt/airflow/dags/rocket.py took 0.096 seconds
[2024-10-04T18:52:57.541+0000] {processor.py:186} INFO - Started process (PID=2419) to work on /opt/airflow/dags/rocket.py
[2024-10-04T18:52:57.543+0000] {processor.py:914} INFO - Processing file /opt/airflow/dags/rocket.py for tasks to queue
[2024-10-04T18:52:57.550+0000] {logging_mixin.py:190} INFO - [2024-10-04T18:52:57.550+0000] {dagbag.py:587} INFO - Filling up the DagBag from /opt/airflow/dags/rocket.py
[2024-10-04T18:52:57.570+0000] {processor.py:925} INFO - DAG(s) 'rocket' retrieved from /opt/airflow/dags/rocket.py
[2024-10-04T18:52:57.601+0000] {logging_mixin.py:190} INFO - [2024-10-04T18:52:57.600+0000] {dag.py:3229} INFO - Sync 1 DAGs
[2024-10-04T18:52:57.619+0000] {logging_mixin.py:190} INFO - [2024-10-04T18:52:57.619+0000] {dag.py:4156} INFO - Setting next_dagrun for rocket to None, run_after=None
[2024-10-04T18:52:57.654+0000] {processor.py:208} INFO - Processing /opt/airflow/dags/rocket.py took 0.122 seconds
[2024-10-04T18:53:28.387+0000] {processor.py:186} INFO - Started process (PID=2480) to work on /opt/airflow/dags/rocket.py
[2024-10-04T18:53:28.389+0000] {processor.py:914} INFO - Processing file /opt/airflow/dags/rocket.py for tasks to queue
[2024-10-04T18:53:28.392+0000] {logging_mixin.py:190} INFO - [2024-10-04T18:53:28.392+0000] {dagbag.py:587} INFO - Filling up the DagBag from /opt/airflow/dags/rocket.py
[2024-10-04T18:53:28.414+0000] {processor.py:925} INFO - DAG(s) 'rocket' retrieved from /opt/airflow/dags/rocket.py
[2024-10-04T18:53:28.445+0000] {logging_mixin.py:190} INFO - [2024-10-04T18:53:28.444+0000] {dag.py:3229} INFO - Sync 1 DAGs
[2024-10-04T18:53:28.469+0000] {logging_mixin.py:190} INFO - [2024-10-04T18:53:28.469+0000] {dag.py:4156} INFO - Setting next_dagrun for rocket to None, run_after=None
[2024-10-04T18:53:28.511+0000] {processor.py:208} INFO - Processing /opt/airflow/dags/rocket.py took 0.134 seconds
[2024-10-04T18:53:58.871+0000] {processor.py:186} INFO - Started process (PID=2543) to work on /opt/airflow/dags/rocket.py
[2024-10-04T18:53:58.872+0000] {processor.py:914} INFO - Processing file /opt/airflow/dags/rocket.py for tasks to queue
[2024-10-04T18:53:58.876+0000] {logging_mixin.py:190} INFO - [2024-10-04T18:53:58.875+0000] {dagbag.py:587} INFO - Filling up the DagBag from /opt/airflow/dags/rocket.py
[2024-10-04T18:53:58.901+0000] {processor.py:925} INFO - DAG(s) 'rocket' retrieved from /opt/airflow/dags/rocket.py
[2024-10-04T18:53:58.927+0000] {logging_mixin.py:190} INFO - [2024-10-04T18:53:58.927+0000] {dag.py:3229} INFO - Sync 1 DAGs
[2024-10-04T18:53:58.946+0000] {logging_mixin.py:190} INFO - [2024-10-04T18:53:58.945+0000] {dag.py:4156} INFO - Setting next_dagrun for rocket to None, run_after=None
[2024-10-04T18:53:58.970+0000] {processor.py:208} INFO - Processing /opt/airflow/dags/rocket.py took 0.107 seconds
[2024-10-04T18:54:29.080+0000] {processor.py:186} INFO - Started process (PID=2606) to work on /opt/airflow/dags/rocket.py
[2024-10-04T18:54:29.081+0000] {processor.py:914} INFO - Processing file /opt/airflow/dags/rocket.py for tasks to queue
[2024-10-04T18:54:29.084+0000] {logging_mixin.py:190} INFO - [2024-10-04T18:54:29.084+0000] {dagbag.py:587} INFO - Filling up the DagBag from /opt/airflow/dags/rocket.py
[2024-10-04T18:54:29.105+0000] {processor.py:925} INFO - DAG(s) 'rocket' retrieved from /opt/airflow/dags/rocket.py
[2024-10-04T18:54:29.134+0000] {logging_mixin.py:190} INFO - [2024-10-04T18:54:29.134+0000] {dag.py:3229} INFO - Sync 1 DAGs
[2024-10-04T18:54:29.157+0000] {logging_mixin.py:190} INFO - [2024-10-04T18:54:29.157+0000] {dag.py:4156} INFO - Setting next_dagrun for rocket to None, run_after=None
[2024-10-04T18:54:29.191+0000] {processor.py:208} INFO - Processing /opt/airflow/dags/rocket.py took 0.120 seconds
[2024-10-04T18:54:59.696+0000] {processor.py:186} INFO - Started process (PID=2669) to work on /opt/airflow/dags/rocket.py
[2024-10-04T18:54:59.697+0000] {processor.py:914} INFO - Processing file /opt/airflow/dags/rocket.py for tasks to queue
[2024-10-04T18:54:59.701+0000] {logging_mixin.py:190} INFO - [2024-10-04T18:54:59.700+0000] {dagbag.py:587} INFO - Filling up the DagBag from /opt/airflow/dags/rocket.py
[2024-10-04T18:54:59.730+0000] {processor.py:925} INFO - DAG(s) 'rocket' retrieved from /opt/airflow/dags/rocket.py
[2024-10-04T18:54:59.756+0000] {logging_mixin.py:190} INFO - [2024-10-04T18:54:59.756+0000] {dag.py:3229} INFO - Sync 1 DAGs
[2024-10-04T18:54:59.777+0000] {logging_mixin.py:190} INFO - [2024-10-04T18:54:59.776+0000] {dag.py:4156} INFO - Setting next_dagrun for rocket to None, run_after=None
[2024-10-04T18:54:59.810+0000] {processor.py:208} INFO - Processing /opt/airflow/dags/rocket.py took 0.124 seconds
[2024-10-04T18:55:30.500+0000] {processor.py:186} INFO - Started process (PID=2732) to work on /opt/airflow/dags/rocket.py
[2024-10-04T18:55:30.501+0000] {processor.py:914} INFO - Processing file /opt/airflow/dags/rocket.py for tasks to queue
[2024-10-04T18:55:30.504+0000] {logging_mixin.py:190} INFO - [2024-10-04T18:55:30.504+0000] {dagbag.py:587} INFO - Filling up the DagBag from /opt/airflow/dags/rocket.py
[2024-10-04T18:55:30.529+0000] {processor.py:925} INFO - DAG(s) 'rocket' retrieved from /opt/airflow/dags/rocket.py
[2024-10-04T18:55:30.553+0000] {logging_mixin.py:190} INFO - [2024-10-04T18:55:30.553+0000] {dag.py:3229} INFO - Sync 1 DAGs
[2024-10-04T18:55:30.572+0000] {logging_mixin.py:190} INFO - [2024-10-04T18:55:30.572+0000] {dag.py:4156} INFO - Setting next_dagrun for rocket to None, run_after=None
[2024-10-04T18:55:30.605+0000] {processor.py:208} INFO - Processing /opt/airflow/dags/rocket.py took 0.115 seconds
[2024-10-04T18:56:01.003+0000] {processor.py:186} INFO - Started process (PID=2796) to work on /opt/airflow/dags/rocket.py
[2024-10-04T18:56:01.004+0000] {processor.py:914} INFO - Processing file /opt/airflow/dags/rocket.py for tasks to queue
[2024-10-04T18:56:01.008+0000] {logging_mixin.py:190} INFO - [2024-10-04T18:56:01.008+0000] {dagbag.py:587} INFO - Filling up the DagBag from /opt/airflow/dags/rocket.py
[2024-10-04T18:56:01.033+0000] {processor.py:925} INFO - DAG(s) 'rocket' retrieved from /opt/airflow/dags/rocket.py
[2024-10-04T18:56:01.063+0000] {logging_mixin.py:190} INFO - [2024-10-04T18:56:01.062+0000] {dag.py:3229} INFO - Sync 1 DAGs
[2024-10-04T18:56:01.084+0000] {logging_mixin.py:190} INFO - [2024-10-04T18:56:01.083+0000] {dag.py:4156} INFO - Setting next_dagrun for rocket to None, run_after=None
[2024-10-04T18:56:01.112+0000] {processor.py:208} INFO - Processing /opt/airflow/dags/rocket.py took 0.117 seconds
[2024-10-04T18:56:31.702+0000] {processor.py:186} INFO - Started process (PID=2858) to work on /opt/airflow/dags/rocket.py
[2024-10-04T18:56:31.703+0000] {processor.py:914} INFO - Processing file /opt/airflow/dags/rocket.py for tasks to queue
[2024-10-04T18:56:31.707+0000] {logging_mixin.py:190} INFO - [2024-10-04T18:56:31.707+0000] {dagbag.py:587} INFO - Filling up the DagBag from /opt/airflow/dags/rocket.py
[2024-10-04T18:56:31.741+0000] {processor.py:925} INFO - DAG(s) 'rocket' retrieved from /opt/airflow/dags/rocket.py
[2024-10-04T18:56:31.791+0000] {logging_mixin.py:190} INFO - [2024-10-04T18:56:31.790+0000] {dag.py:3229} INFO - Sync 1 DAGs
[2024-10-04T18:56:31.832+0000] {logging_mixin.py:190} INFO - [2024-10-04T18:56:31.831+0000] {dag.py:4156} INFO - Setting next_dagrun for rocket to None, run_after=None
[2024-10-04T18:56:31.952+0000] {processor.py:208} INFO - Processing /opt/airflow/dags/rocket.py took 0.260 seconds
[2024-10-04T18:57:02.406+0000] {processor.py:186} INFO - Started process (PID=2921) to work on /opt/airflow/dags/rocket.py
[2024-10-04T18:57:02.407+0000] {processor.py:914} INFO - Processing file /opt/airflow/dags/rocket.py for tasks to queue
[2024-10-04T18:57:02.411+0000] {logging_mixin.py:190} INFO - [2024-10-04T18:57:02.410+0000] {dagbag.py:587} INFO - Filling up the DagBag from /opt/airflow/dags/rocket.py
[2024-10-04T18:57:02.436+0000] {processor.py:925} INFO - DAG(s) 'rocket' retrieved from /opt/airflow/dags/rocket.py
[2024-10-04T18:57:02.466+0000] {logging_mixin.py:190} INFO - [2024-10-04T18:57:02.466+0000] {dag.py:3229} INFO - Sync 1 DAGs
[2024-10-04T18:57:02.487+0000] {logging_mixin.py:190} INFO - [2024-10-04T18:57:02.486+0000] {dag.py:4156} INFO - Setting next_dagrun for rocket to None, run_after=None
[2024-10-04T18:57:02.513+0000] {processor.py:208} INFO - Processing /opt/airflow/dags/rocket.py took 0.114 seconds
[2024-10-04T18:57:32.623+0000] {processor.py:186} INFO - Started process (PID=2984) to work on /opt/airflow/dags/rocket.py
[2024-10-04T18:57:32.624+0000] {processor.py:914} INFO - Processing file /opt/airflow/dags/rocket.py for tasks to queue
[2024-10-04T18:57:32.628+0000] {logging_mixin.py:190} INFO - [2024-10-04T18:57:32.627+0000] {dagbag.py:587} INFO - Filling up the DagBag from /opt/airflow/dags/rocket.py
[2024-10-04T18:57:32.650+0000] {processor.py:925} INFO - DAG(s) 'rocket' retrieved from /opt/airflow/dags/rocket.py
[2024-10-04T18:57:32.682+0000] {logging_mixin.py:190} INFO - [2024-10-04T18:57:32.682+0000] {dag.py:3229} INFO - Sync 1 DAGs
[2024-10-04T18:57:32.707+0000] {logging_mixin.py:190} INFO - [2024-10-04T18:57:32.706+0000] {dag.py:4156} INFO - Setting next_dagrun for rocket to None, run_after=None
[2024-10-04T18:57:32.743+0000] {processor.py:208} INFO - Processing /opt/airflow/dags/rocket.py took 0.128 seconds
[2024-10-04T18:58:03.055+0000] {processor.py:186} INFO - Started process (PID=3046) to work on /opt/airflow/dags/rocket.py
[2024-10-04T18:58:03.057+0000] {processor.py:914} INFO - Processing file /opt/airflow/dags/rocket.py for tasks to queue
[2024-10-04T18:58:03.060+0000] {logging_mixin.py:190} INFO - [2024-10-04T18:58:03.060+0000] {dagbag.py:587} INFO - Filling up the DagBag from /opt/airflow/dags/rocket.py
[2024-10-04T18:58:03.086+0000] {processor.py:925} INFO - DAG(s) 'rocket' retrieved from /opt/airflow/dags/rocket.py
[2024-10-04T18:58:03.115+0000] {logging_mixin.py:190} INFO - [2024-10-04T18:58:03.115+0000] {dag.py:3229} INFO - Sync 1 DAGs
[2024-10-04T18:58:03.135+0000] {logging_mixin.py:190} INFO - [2024-10-04T18:58:03.135+0000] {dag.py:4156} INFO - Setting next_dagrun for rocket to None, run_after=None
[2024-10-04T18:58:03.163+0000] {processor.py:208} INFO - Processing /opt/airflow/dags/rocket.py took 0.115 seconds
[2024-10-04T18:58:33.345+0000] {processor.py:186} INFO - Started process (PID=3109) to work on /opt/airflow/dags/rocket.py
[2024-10-04T18:58:33.347+0000] {processor.py:914} INFO - Processing file /opt/airflow/dags/rocket.py for tasks to queue
[2024-10-04T18:58:33.351+0000] {logging_mixin.py:190} INFO - [2024-10-04T18:58:33.350+0000] {dagbag.py:587} INFO - Filling up the DagBag from /opt/airflow/dags/rocket.py
[2024-10-04T18:58:33.401+0000] {processor.py:925} INFO - DAG(s) 'rocket' retrieved from /opt/airflow/dags/rocket.py
[2024-10-04T18:58:33.446+0000] {logging_mixin.py:190} INFO - [2024-10-04T18:58:33.446+0000] {dag.py:3229} INFO - Sync 1 DAGs
[2024-10-04T18:58:33.479+0000] {logging_mixin.py:190} INFO - [2024-10-04T18:58:33.479+0000] {dag.py:4156} INFO - Setting next_dagrun for rocket to None, run_after=None
[2024-10-04T18:58:33.517+0000] {processor.py:208} INFO - Processing /opt/airflow/dags/rocket.py took 0.179 seconds
[2024-10-04T18:59:03.776+0000] {processor.py:186} INFO - Started process (PID=3172) to work on /opt/airflow/dags/rocket.py
[2024-10-04T18:59:03.778+0000] {processor.py:914} INFO - Processing file /opt/airflow/dags/rocket.py for tasks to queue
[2024-10-04T18:59:03.781+0000] {logging_mixin.py:190} INFO - [2024-10-04T18:59:03.781+0000] {dagbag.py:587} INFO - Filling up the DagBag from /opt/airflow/dags/rocket.py
[2024-10-04T18:59:03.805+0000] {processor.py:925} INFO - DAG(s) 'rocket' retrieved from /opt/airflow/dags/rocket.py
[2024-10-04T18:59:03.836+0000] {logging_mixin.py:190} INFO - [2024-10-04T18:59:03.836+0000] {dag.py:3229} INFO - Sync 1 DAGs
[2024-10-04T18:59:03.869+0000] {logging_mixin.py:190} INFO - [2024-10-04T18:59:03.869+0000] {dag.py:4156} INFO - Setting next_dagrun for rocket to None, run_after=None
[2024-10-04T18:59:03.903+0000] {processor.py:208} INFO - Processing /opt/airflow/dags/rocket.py took 0.135 seconds
[2024-10-04T18:59:35.910+0000] {processor.py:186} INFO - Started process (PID=3233) to work on /opt/airflow/dags/rocket.py
[2024-10-04T18:59:35.911+0000] {processor.py:914} INFO - Processing file /opt/airflow/dags/rocket.py for tasks to queue
[2024-10-04T18:59:35.916+0000] {logging_mixin.py:190} INFO - [2024-10-04T18:59:35.915+0000] {dagbag.py:587} INFO - Filling up the DagBag from /opt/airflow/dags/rocket.py
[2024-10-04T18:59:35.953+0000] {processor.py:925} INFO - DAG(s) 'rocket' retrieved from /opt/airflow/dags/rocket.py
[2024-10-04T18:59:36.324+0000] {logging_mixin.py:190} INFO - [2024-10-04T18:59:36.323+0000] {dag.py:3229} INFO - Sync 1 DAGs
[2024-10-04T18:59:36.375+0000] {logging_mixin.py:190} INFO - [2024-10-04T18:59:36.374+0000] {dag.py:4156} INFO - Setting next_dagrun for rocket to None, run_after=None
[2024-10-04T18:59:36.417+0000] {processor.py:208} INFO - Processing /opt/airflow/dags/rocket.py took 0.523 seconds
[2024-10-04T19:00:07.457+0000] {processor.py:186} INFO - Started process (PID=3296) to work on /opt/airflow/dags/rocket.py
[2024-10-04T19:00:07.459+0000] {processor.py:914} INFO - Processing file /opt/airflow/dags/rocket.py for tasks to queue
[2024-10-04T19:00:07.463+0000] {logging_mixin.py:190} INFO - [2024-10-04T19:00:07.462+0000] {dagbag.py:587} INFO - Filling up the DagBag from /opt/airflow/dags/rocket.py
[2024-10-04T19:00:07.494+0000] {processor.py:925} INFO - DAG(s) 'rocket' retrieved from /opt/airflow/dags/rocket.py
[2024-10-04T19:00:07.530+0000] {logging_mixin.py:190} INFO - [2024-10-04T19:00:07.530+0000] {dag.py:3229} INFO - Sync 1 DAGs
[2024-10-04T19:00:07.777+0000] {logging_mixin.py:190} INFO - [2024-10-04T19:00:07.777+0000] {dag.py:4156} INFO - Setting next_dagrun for rocket to None, run_after=None
[2024-10-04T19:00:07.808+0000] {processor.py:208} INFO - Processing /opt/airflow/dags/rocket.py took 0.365 seconds
[2024-10-04T19:00:37.975+0000] {processor.py:186} INFO - Started process (PID=3359) to work on /opt/airflow/dags/rocket.py
[2024-10-04T19:00:37.977+0000] {processor.py:914} INFO - Processing file /opt/airflow/dags/rocket.py for tasks to queue
[2024-10-04T19:00:37.980+0000] {logging_mixin.py:190} INFO - [2024-10-04T19:00:37.980+0000] {dagbag.py:587} INFO - Filling up the DagBag from /opt/airflow/dags/rocket.py
[2024-10-04T19:00:38.003+0000] {processor.py:925} INFO - DAG(s) 'rocket' retrieved from /opt/airflow/dags/rocket.py
[2024-10-04T19:00:38.037+0000] {logging_mixin.py:190} INFO - [2024-10-04T19:00:38.037+0000] {dag.py:3229} INFO - Sync 1 DAGs
[2024-10-04T19:00:38.073+0000] {logging_mixin.py:190} INFO - [2024-10-04T19:00:38.073+0000] {dag.py:4156} INFO - Setting next_dagrun for rocket to None, run_after=None
[2024-10-04T19:00:38.113+0000] {processor.py:208} INFO - Processing /opt/airflow/dags/rocket.py took 0.148 seconds
[2024-10-04T19:01:08.225+0000] {processor.py:186} INFO - Started process (PID=3422) to work on /opt/airflow/dags/rocket.py
[2024-10-04T19:01:08.226+0000] {processor.py:914} INFO - Processing file /opt/airflow/dags/rocket.py for tasks to queue
[2024-10-04T19:01:08.230+0000] {logging_mixin.py:190} INFO - [2024-10-04T19:01:08.229+0000] {dagbag.py:587} INFO - Filling up the DagBag from /opt/airflow/dags/rocket.py
[2024-10-04T19:01:08.255+0000] {processor.py:925} INFO - DAG(s) 'rocket' retrieved from /opt/airflow/dags/rocket.py
[2024-10-04T19:01:08.295+0000] {logging_mixin.py:190} INFO - [2024-10-04T19:01:08.294+0000] {dag.py:3229} INFO - Sync 1 DAGs
[2024-10-04T19:01:08.341+0000] {logging_mixin.py:190} INFO - [2024-10-04T19:01:08.341+0000] {dag.py:4156} INFO - Setting next_dagrun for rocket to None, run_after=None
[2024-10-04T19:01:08.393+0000] {processor.py:208} INFO - Processing /opt/airflow/dags/rocket.py took 0.184 seconds
[2024-10-04T19:01:39.123+0000] {processor.py:186} INFO - Started process (PID=3484) to work on /opt/airflow/dags/rocket.py
[2024-10-04T19:01:39.126+0000] {processor.py:914} INFO - Processing file /opt/airflow/dags/rocket.py for tasks to queue
[2024-10-04T19:01:39.132+0000] {logging_mixin.py:190} INFO - [2024-10-04T19:01:39.131+0000] {dagbag.py:587} INFO - Filling up the DagBag from /opt/airflow/dags/rocket.py
[2024-10-04T19:01:39.164+0000] {processor.py:925} INFO - DAG(s) 'rocket' retrieved from /opt/airflow/dags/rocket.py
[2024-10-04T19:01:39.203+0000] {logging_mixin.py:190} INFO - [2024-10-04T19:01:39.203+0000] {dag.py:3229} INFO - Sync 1 DAGs
[2024-10-04T19:01:39.231+0000] {logging_mixin.py:190} INFO - [2024-10-04T19:01:39.230+0000] {dag.py:4156} INFO - Setting next_dagrun for rocket to None, run_after=None
[2024-10-04T19:01:39.279+0000] {processor.py:208} INFO - Processing /opt/airflow/dags/rocket.py took 0.172 seconds
[2024-10-04T19:02:09.947+0000] {processor.py:186} INFO - Started process (PID=3548) to work on /opt/airflow/dags/rocket.py
[2024-10-04T19:02:09.954+0000] {processor.py:914} INFO - Processing file /opt/airflow/dags/rocket.py for tasks to queue
[2024-10-04T19:02:09.964+0000] {logging_mixin.py:190} INFO - [2024-10-04T19:02:09.962+0000] {dagbag.py:587} INFO - Filling up the DagBag from /opt/airflow/dags/rocket.py
[2024-10-04T19:02:10.022+0000] {processor.py:925} INFO - DAG(s) 'rocket' retrieved from /opt/airflow/dags/rocket.py
[2024-10-04T19:02:10.073+0000] {logging_mixin.py:190} INFO - [2024-10-04T19:02:10.072+0000] {dag.py:3229} INFO - Sync 1 DAGs
[2024-10-04T19:02:10.102+0000] {logging_mixin.py:190} INFO - [2024-10-04T19:02:10.102+0000] {dag.py:4156} INFO - Setting next_dagrun for rocket to None, run_after=None
[2024-10-04T19:02:10.169+0000] {processor.py:208} INFO - Processing /opt/airflow/dags/rocket.py took 0.262 seconds
[2024-10-04T19:02:40.407+0000] {processor.py:186} INFO - Started process (PID=3613) to work on /opt/airflow/dags/rocket.py
[2024-10-04T19:02:40.410+0000] {processor.py:914} INFO - Processing file /opt/airflow/dags/rocket.py for tasks to queue
[2024-10-04T19:02:40.417+0000] {logging_mixin.py:190} INFO - [2024-10-04T19:02:40.416+0000] {dagbag.py:587} INFO - Filling up the DagBag from /opt/airflow/dags/rocket.py
[2024-10-04T19:02:40.444+0000] {processor.py:925} INFO - DAG(s) 'rocket' retrieved from /opt/airflow/dags/rocket.py
[2024-10-04T19:02:40.475+0000] {logging_mixin.py:190} INFO - [2024-10-04T19:02:40.475+0000] {dag.py:3229} INFO - Sync 1 DAGs
[2024-10-04T19:02:40.501+0000] {logging_mixin.py:190} INFO - [2024-10-04T19:02:40.500+0000] {dag.py:4156} INFO - Setting next_dagrun for rocket to None, run_after=None
[2024-10-04T19:02:40.531+0000] {processor.py:208} INFO - Processing /opt/airflow/dags/rocket.py took 0.134 seconds
[2024-10-04T19:03:11.498+0000] {processor.py:186} INFO - Started process (PID=3677) to work on /opt/airflow/dags/rocket.py
[2024-10-04T19:03:11.500+0000] {processor.py:914} INFO - Processing file /opt/airflow/dags/rocket.py for tasks to queue
[2024-10-04T19:03:11.504+0000] {logging_mixin.py:190} INFO - [2024-10-04T19:03:11.503+0000] {dagbag.py:587} INFO - Filling up the DagBag from /opt/airflow/dags/rocket.py
[2024-10-04T19:03:11.543+0000] {processor.py:925} INFO - DAG(s) 'rocket' retrieved from /opt/airflow/dags/rocket.py
[2024-10-04T19:03:11.578+0000] {logging_mixin.py:190} INFO - [2024-10-04T19:03:11.578+0000] {dag.py:3229} INFO - Sync 1 DAGs
[2024-10-04T19:03:11.603+0000] {logging_mixin.py:190} INFO - [2024-10-04T19:03:11.603+0000] {dag.py:4156} INFO - Setting next_dagrun for rocket to None, run_after=None
[2024-10-04T19:03:11.649+0000] {processor.py:208} INFO - Processing /opt/airflow/dags/rocket.py took 0.166 seconds
[2024-10-04T19:03:42.077+0000] {processor.py:186} INFO - Started process (PID=3740) to work on /opt/airflow/dags/rocket.py
[2024-10-04T19:03:42.078+0000] {processor.py:914} INFO - Processing file /opt/airflow/dags/rocket.py for tasks to queue
[2024-10-04T19:03:42.081+0000] {logging_mixin.py:190} INFO - [2024-10-04T19:03:42.081+0000] {dagbag.py:587} INFO - Filling up the DagBag from /opt/airflow/dags/rocket.py
[2024-10-04T19:03:42.105+0000] {processor.py:925} INFO - DAG(s) 'rocket' retrieved from /opt/airflow/dags/rocket.py
[2024-10-04T19:03:42.134+0000] {logging_mixin.py:190} INFO - [2024-10-04T19:03:42.133+0000] {dag.py:3229} INFO - Sync 1 DAGs
[2024-10-04T19:03:42.157+0000] {logging_mixin.py:190} INFO - [2024-10-04T19:03:42.156+0000] {dag.py:4156} INFO - Setting next_dagrun for rocket to None, run_after=None
[2024-10-04T19:03:42.203+0000] {processor.py:208} INFO - Processing /opt/airflow/dags/rocket.py took 0.138 seconds
[2024-10-04T19:04:12.352+0000] {processor.py:186} INFO - Started process (PID=3803) to work on /opt/airflow/dags/rocket.py
[2024-10-04T19:04:12.354+0000] {processor.py:914} INFO - Processing file /opt/airflow/dags/rocket.py for tasks to queue
[2024-10-04T19:04:12.358+0000] {logging_mixin.py:190} INFO - [2024-10-04T19:04:12.357+0000] {dagbag.py:587} INFO - Filling up the DagBag from /opt/airflow/dags/rocket.py
[2024-10-04T19:04:12.387+0000] {processor.py:925} INFO - DAG(s) 'rocket' retrieved from /opt/airflow/dags/rocket.py
[2024-10-04T19:04:12.424+0000] {logging_mixin.py:190} INFO - [2024-10-04T19:04:12.423+0000] {dag.py:3229} INFO - Sync 1 DAGs
[2024-10-04T19:04:12.450+0000] {logging_mixin.py:190} INFO - [2024-10-04T19:04:12.450+0000] {dag.py:4156} INFO - Setting next_dagrun for rocket to None, run_after=None
[2024-10-04T19:04:12.538+0000] {processor.py:208} INFO - Processing /opt/airflow/dags/rocket.py took 0.197 seconds
[2024-10-04T19:04:43.110+0000] {processor.py:186} INFO - Started process (PID=3866) to work on /opt/airflow/dags/rocket.py
[2024-10-04T19:04:43.112+0000] {processor.py:914} INFO - Processing file /opt/airflow/dags/rocket.py for tasks to queue
[2024-10-04T19:04:43.115+0000] {logging_mixin.py:190} INFO - [2024-10-04T19:04:43.115+0000] {dagbag.py:587} INFO - Filling up the DagBag from /opt/airflow/dags/rocket.py
[2024-10-04T19:04:43.143+0000] {processor.py:925} INFO - DAG(s) 'rocket' retrieved from /opt/airflow/dags/rocket.py
[2024-10-04T19:04:43.173+0000] {logging_mixin.py:190} INFO - [2024-10-04T19:04:43.173+0000] {dag.py:3229} INFO - Sync 1 DAGs
[2024-10-04T19:04:43.197+0000] {logging_mixin.py:190} INFO - [2024-10-04T19:04:43.197+0000] {dag.py:4156} INFO - Setting next_dagrun for rocket to None, run_after=None
[2024-10-04T19:04:43.238+0000] {processor.py:208} INFO - Processing /opt/airflow/dags/rocket.py took 0.138 seconds
[2024-10-04T19:05:13.910+0000] {processor.py:186} INFO - Started process (PID=3929) to work on /opt/airflow/dags/rocket.py
[2024-10-04T19:05:13.911+0000] {processor.py:914} INFO - Processing file /opt/airflow/dags/rocket.py for tasks to queue
[2024-10-04T19:05:13.916+0000] {logging_mixin.py:190} INFO - [2024-10-04T19:05:13.915+0000] {dagbag.py:587} INFO - Filling up the DagBag from /opt/airflow/dags/rocket.py
[2024-10-04T19:05:13.959+0000] {processor.py:925} INFO - DAG(s) 'rocket' retrieved from /opt/airflow/dags/rocket.py
[2024-10-04T19:05:13.994+0000] {logging_mixin.py:190} INFO - [2024-10-04T19:05:13.994+0000] {dag.py:3229} INFO - Sync 1 DAGs
[2024-10-04T19:05:14.033+0000] {logging_mixin.py:190} INFO - [2024-10-04T19:05:14.032+0000] {dag.py:4156} INFO - Setting next_dagrun for rocket to None, run_after=None
[2024-10-04T19:05:14.080+0000] {processor.py:208} INFO - Processing /opt/airflow/dags/rocket.py took 0.183 seconds
[2024-10-04T19:05:44.470+0000] {processor.py:186} INFO - Started process (PID=3992) to work on /opt/airflow/dags/rocket.py
[2024-10-04T19:05:44.472+0000] {processor.py:914} INFO - Processing file /opt/airflow/dags/rocket.py for tasks to queue
[2024-10-04T19:05:44.476+0000] {logging_mixin.py:190} INFO - [2024-10-04T19:05:44.475+0000] {dagbag.py:587} INFO - Filling up the DagBag from /opt/airflow/dags/rocket.py
[2024-10-04T19:05:44.512+0000] {processor.py:925} INFO - DAG(s) 'rocket' retrieved from /opt/airflow/dags/rocket.py
[2024-10-04T19:05:44.561+0000] {logging_mixin.py:190} INFO - [2024-10-04T19:05:44.560+0000] {dag.py:3229} INFO - Sync 1 DAGs
[2024-10-04T19:05:44.595+0000] {logging_mixin.py:190} INFO - [2024-10-04T19:05:44.594+0000] {dag.py:4156} INFO - Setting next_dagrun for rocket to None, run_after=None
[2024-10-04T19:05:44.642+0000] {processor.py:208} INFO - Processing /opt/airflow/dags/rocket.py took 0.184 seconds
[2024-10-04T19:06:15.124+0000] {processor.py:186} INFO - Started process (PID=4054) to work on /opt/airflow/dags/rocket.py
[2024-10-04T19:06:15.127+0000] {processor.py:914} INFO - Processing file /opt/airflow/dags/rocket.py for tasks to queue
[2024-10-04T19:06:15.131+0000] {logging_mixin.py:190} INFO - [2024-10-04T19:06:15.130+0000] {dagbag.py:587} INFO - Filling up the DagBag from /opt/airflow/dags/rocket.py
[2024-10-04T19:06:15.159+0000] {processor.py:925} INFO - DAG(s) 'rocket' retrieved from /opt/airflow/dags/rocket.py
[2024-10-04T19:06:15.198+0000] {logging_mixin.py:190} INFO - [2024-10-04T19:06:15.198+0000] {dag.py:3229} INFO - Sync 1 DAGs
[2024-10-04T19:06:15.222+0000] {logging_mixin.py:190} INFO - [2024-10-04T19:06:15.222+0000] {dag.py:4156} INFO - Setting next_dagrun for rocket to None, run_after=None
[2024-10-04T19:06:15.266+0000] {processor.py:208} INFO - Processing /opt/airflow/dags/rocket.py took 0.150 seconds
[2024-10-04T19:06:46.196+0000] {processor.py:186} INFO - Started process (PID=4117) to work on /opt/airflow/dags/rocket.py
[2024-10-04T19:06:46.197+0000] {processor.py:914} INFO - Processing file /opt/airflow/dags/rocket.py for tasks to queue
[2024-10-04T19:06:46.201+0000] {logging_mixin.py:190} INFO - [2024-10-04T19:06:46.200+0000] {dagbag.py:587} INFO - Filling up the DagBag from /opt/airflow/dags/rocket.py
[2024-10-04T19:06:46.225+0000] {processor.py:925} INFO - DAG(s) 'rocket' retrieved from /opt/airflow/dags/rocket.py
[2024-10-04T19:06:46.259+0000] {logging_mixin.py:190} INFO - [2024-10-04T19:06:46.259+0000] {dag.py:3229} INFO - Sync 1 DAGs
[2024-10-04T19:06:46.287+0000] {logging_mixin.py:190} INFO - [2024-10-04T19:06:46.286+0000] {dag.py:4156} INFO - Setting next_dagrun for rocket to None, run_after=None
[2024-10-04T19:06:46.328+0000] {processor.py:208} INFO - Processing /opt/airflow/dags/rocket.py took 0.142 seconds
[2024-10-04T19:07:16.422+0000] {processor.py:186} INFO - Started process (PID=4179) to work on /opt/airflow/dags/rocket.py
[2024-10-04T19:07:16.423+0000] {processor.py:914} INFO - Processing file /opt/airflow/dags/rocket.py for tasks to queue
[2024-10-04T19:07:16.426+0000] {logging_mixin.py:190} INFO - [2024-10-04T19:07:16.426+0000] {dagbag.py:587} INFO - Filling up the DagBag from /opt/airflow/dags/rocket.py
[2024-10-04T19:07:16.449+0000] {processor.py:925} INFO - DAG(s) 'rocket' retrieved from /opt/airflow/dags/rocket.py
[2024-10-04T19:07:16.489+0000] {logging_mixin.py:190} INFO - [2024-10-04T19:07:16.488+0000] {dag.py:3229} INFO - Sync 1 DAGs
[2024-10-04T19:07:16.518+0000] {logging_mixin.py:190} INFO - [2024-10-04T19:07:16.518+0000] {dag.py:4156} INFO - Setting next_dagrun for rocket to None, run_after=None
[2024-10-04T19:07:16.551+0000] {processor.py:208} INFO - Processing /opt/airflow/dags/rocket.py took 0.141 seconds
[2024-10-04T19:07:47.092+0000] {processor.py:186} INFO - Started process (PID=4242) to work on /opt/airflow/dags/rocket.py
[2024-10-04T19:07:47.094+0000] {processor.py:914} INFO - Processing file /opt/airflow/dags/rocket.py for tasks to queue
[2024-10-04T19:07:47.098+0000] {logging_mixin.py:190} INFO - [2024-10-04T19:07:47.097+0000] {dagbag.py:587} INFO - Filling up the DagBag from /opt/airflow/dags/rocket.py
[2024-10-04T19:07:47.125+0000] {processor.py:925} INFO - DAG(s) 'rocket' retrieved from /opt/airflow/dags/rocket.py
[2024-10-04T19:07:47.166+0000] {logging_mixin.py:190} INFO - [2024-10-04T19:07:47.166+0000] {dag.py:3229} INFO - Sync 1 DAGs
[2024-10-04T19:07:47.192+0000] {logging_mixin.py:190} INFO - [2024-10-04T19:07:47.191+0000] {dag.py:4156} INFO - Setting next_dagrun for rocket to None, run_after=None
[2024-10-04T19:07:47.230+0000] {processor.py:208} INFO - Processing /opt/airflow/dags/rocket.py took 0.155 seconds
[2024-10-04T19:08:17.759+0000] {processor.py:186} INFO - Started process (PID=4305) to work on /opt/airflow/dags/rocket.py
[2024-10-04T19:08:17.762+0000] {processor.py:914} INFO - Processing file /opt/airflow/dags/rocket.py for tasks to queue
[2024-10-04T19:08:17.770+0000] {logging_mixin.py:190} INFO - [2024-10-04T19:08:17.767+0000] {dagbag.py:587} INFO - Filling up the DagBag from /opt/airflow/dags/rocket.py
[2024-10-04T19:08:17.792+0000] {processor.py:925} INFO - DAG(s) 'rocket' retrieved from /opt/airflow/dags/rocket.py
[2024-10-04T19:08:17.843+0000] {logging_mixin.py:190} INFO - [2024-10-04T19:08:17.843+0000] {dag.py:3229} INFO - Sync 1 DAGs
[2024-10-04T19:08:17.878+0000] {logging_mixin.py:190} INFO - [2024-10-04T19:08:17.878+0000] {dag.py:4156} INFO - Setting next_dagrun for rocket to None, run_after=None
[2024-10-04T19:08:17.924+0000] {processor.py:208} INFO - Processing /opt/airflow/dags/rocket.py took 0.181 seconds
[2024-10-04T19:08:48.888+0000] {processor.py:186} INFO - Started process (PID=4369) to work on /opt/airflow/dags/rocket.py
[2024-10-04T19:08:48.890+0000] {processor.py:914} INFO - Processing file /opt/airflow/dags/rocket.py for tasks to queue
[2024-10-04T19:08:48.893+0000] {logging_mixin.py:190} INFO - [2024-10-04T19:08:48.893+0000] {dagbag.py:587} INFO - Filling up the DagBag from /opt/airflow/dags/rocket.py
[2024-10-04T19:08:48.917+0000] {processor.py:925} INFO - DAG(s) 'rocket' retrieved from /opt/airflow/dags/rocket.py
[2024-10-04T19:08:48.949+0000] {logging_mixin.py:190} INFO - [2024-10-04T19:08:48.948+0000] {dag.py:3229} INFO - Sync 1 DAGs
[2024-10-04T19:08:48.970+0000] {logging_mixin.py:190} INFO - [2024-10-04T19:08:48.970+0000] {dag.py:4156} INFO - Setting next_dagrun for rocket to None, run_after=None
[2024-10-04T19:08:49.004+0000] {processor.py:208} INFO - Processing /opt/airflow/dags/rocket.py took 0.126 seconds
[2024-10-04T19:09:19.637+0000] {processor.py:186} INFO - Started process (PID=4432) to work on /opt/airflow/dags/rocket.py
[2024-10-04T19:09:19.640+0000] {processor.py:914} INFO - Processing file /opt/airflow/dags/rocket.py for tasks to queue
[2024-10-04T19:09:19.645+0000] {logging_mixin.py:190} INFO - [2024-10-04T19:09:19.645+0000] {dagbag.py:587} INFO - Filling up the DagBag from /opt/airflow/dags/rocket.py
[2024-10-04T19:09:19.689+0000] {processor.py:925} INFO - DAG(s) 'rocket' retrieved from /opt/airflow/dags/rocket.py
[2024-10-04T19:09:19.736+0000] {logging_mixin.py:190} INFO - [2024-10-04T19:09:19.735+0000] {dag.py:3229} INFO - Sync 1 DAGs
[2024-10-04T19:09:19.769+0000] {logging_mixin.py:190} INFO - [2024-10-04T19:09:19.768+0000] {dag.py:4156} INFO - Setting next_dagrun for rocket to None, run_after=None
[2024-10-04T19:09:19.815+0000] {processor.py:208} INFO - Processing /opt/airflow/dags/rocket.py took 0.189 seconds
[2024-10-04T19:09:50.344+0000] {processor.py:186} INFO - Started process (PID=4496) to work on /opt/airflow/dags/rocket.py
[2024-10-04T19:09:50.346+0000] {processor.py:914} INFO - Processing file /opt/airflow/dags/rocket.py for tasks to queue
[2024-10-04T19:09:50.350+0000] {logging_mixin.py:190} INFO - [2024-10-04T19:09:50.350+0000] {dagbag.py:587} INFO - Filling up the DagBag from /opt/airflow/dags/rocket.py
[2024-10-04T19:09:50.379+0000] {processor.py:925} INFO - DAG(s) 'rocket' retrieved from /opt/airflow/dags/rocket.py
[2024-10-04T19:09:50.414+0000] {logging_mixin.py:190} INFO - [2024-10-04T19:09:50.413+0000] {dag.py:3229} INFO - Sync 1 DAGs
[2024-10-04T19:09:50.451+0000] {logging_mixin.py:190} INFO - [2024-10-04T19:09:50.451+0000] {dag.py:4156} INFO - Setting next_dagrun for rocket to None, run_after=None
[2024-10-04T19:09:50.481+0000] {processor.py:208} INFO - Processing /opt/airflow/dags/rocket.py took 0.148 seconds
[2024-10-04T19:10:20.597+0000] {processor.py:186} INFO - Started process (PID=4560) to work on /opt/airflow/dags/rocket.py
[2024-10-04T19:10:20.598+0000] {processor.py:914} INFO - Processing file /opt/airflow/dags/rocket.py for tasks to queue
[2024-10-04T19:10:20.602+0000] {logging_mixin.py:190} INFO - [2024-10-04T19:10:20.602+0000] {dagbag.py:587} INFO - Filling up the DagBag from /opt/airflow/dags/rocket.py
[2024-10-04T19:10:20.630+0000] {processor.py:925} INFO - DAG(s) 'rocket' retrieved from /opt/airflow/dags/rocket.py
[2024-10-04T19:10:20.682+0000] {logging_mixin.py:190} INFO - [2024-10-04T19:10:20.682+0000] {dag.py:3229} INFO - Sync 1 DAGs
[2024-10-04T19:10:20.719+0000] {logging_mixin.py:190} INFO - [2024-10-04T19:10:20.716+0000] {dag.py:4156} INFO - Setting next_dagrun for rocket to None, run_after=None
[2024-10-04T19:10:20.762+0000] {processor.py:208} INFO - Processing /opt/airflow/dags/rocket.py took 0.179 seconds
[2024-10-04T19:10:51.580+0000] {processor.py:186} INFO - Started process (PID=4623) to work on /opt/airflow/dags/rocket.py
[2024-10-04T19:10:51.581+0000] {processor.py:914} INFO - Processing file /opt/airflow/dags/rocket.py for tasks to queue
[2024-10-04T19:10:51.584+0000] {logging_mixin.py:190} INFO - [2024-10-04T19:10:51.584+0000] {dagbag.py:587} INFO - Filling up the DagBag from /opt/airflow/dags/rocket.py
[2024-10-04T19:10:51.610+0000] {processor.py:925} INFO - DAG(s) 'rocket' retrieved from /opt/airflow/dags/rocket.py
[2024-10-04T19:10:51.643+0000] {logging_mixin.py:190} INFO - [2024-10-04T19:10:51.643+0000] {dag.py:3229} INFO - Sync 1 DAGs
[2024-10-04T19:10:51.670+0000] {logging_mixin.py:190} INFO - [2024-10-04T19:10:51.670+0000] {dag.py:4156} INFO - Setting next_dagrun for rocket to None, run_after=None
[2024-10-04T19:10:51.704+0000] {processor.py:208} INFO - Processing /opt/airflow/dags/rocket.py took 0.137 seconds
[2024-10-04T19:11:22.410+0000] {processor.py:186} INFO - Started process (PID=4686) to work on /opt/airflow/dags/rocket.py
[2024-10-04T19:11:22.412+0000] {processor.py:914} INFO - Processing file /opt/airflow/dags/rocket.py for tasks to queue
[2024-10-04T19:11:22.415+0000] {logging_mixin.py:190} INFO - [2024-10-04T19:11:22.415+0000] {dagbag.py:587} INFO - Filling up the DagBag from /opt/airflow/dags/rocket.py
[2024-10-04T19:11:22.447+0000] {processor.py:925} INFO - DAG(s) 'rocket' retrieved from /opt/airflow/dags/rocket.py
[2024-10-04T19:11:22.482+0000] {logging_mixin.py:190} INFO - [2024-10-04T19:11:22.481+0000] {dag.py:3229} INFO - Sync 1 DAGs
[2024-10-04T19:11:22.508+0000] {logging_mixin.py:190} INFO - [2024-10-04T19:11:22.508+0000] {dag.py:4156} INFO - Setting next_dagrun for rocket to None, run_after=None
[2024-10-04T19:11:22.534+0000] {processor.py:208} INFO - Processing /opt/airflow/dags/rocket.py took 0.135 seconds
[2024-10-04T19:11:52.895+0000] {processor.py:186} INFO - Started process (PID=4749) to work on /opt/airflow/dags/rocket.py
[2024-10-04T19:11:52.896+0000] {processor.py:914} INFO - Processing file /opt/airflow/dags/rocket.py for tasks to queue
[2024-10-04T19:11:52.900+0000] {logging_mixin.py:190} INFO - [2024-10-04T19:11:52.899+0000] {dagbag.py:587} INFO - Filling up the DagBag from /opt/airflow/dags/rocket.py
[2024-10-04T19:11:52.931+0000] {processor.py:925} INFO - DAG(s) 'rocket' retrieved from /opt/airflow/dags/rocket.py
[2024-10-04T19:11:52.967+0000] {logging_mixin.py:190} INFO - [2024-10-04T19:11:52.966+0000] {dag.py:3229} INFO - Sync 1 DAGs
[2024-10-04T19:11:52.994+0000] {logging_mixin.py:190} INFO - [2024-10-04T19:11:52.994+0000] {dag.py:4156} INFO - Setting next_dagrun for rocket to None, run_after=None
[2024-10-04T19:11:53.046+0000] {processor.py:208} INFO - Processing /opt/airflow/dags/rocket.py took 0.163 seconds
[2024-10-04T19:12:23.969+0000] {processor.py:186} INFO - Started process (PID=4812) to work on /opt/airflow/dags/rocket.py
[2024-10-04T19:12:23.970+0000] {processor.py:914} INFO - Processing file /opt/airflow/dags/rocket.py for tasks to queue
[2024-10-04T19:12:23.977+0000] {logging_mixin.py:190} INFO - [2024-10-04T19:12:23.975+0000] {dagbag.py:587} INFO - Filling up the DagBag from /opt/airflow/dags/rocket.py
[2024-10-04T19:12:24.002+0000] {processor.py:925} INFO - DAG(s) 'rocket' retrieved from /opt/airflow/dags/rocket.py
[2024-10-04T19:12:24.033+0000] {logging_mixin.py:190} INFO - [2024-10-04T19:12:24.033+0000] {dag.py:3229} INFO - Sync 1 DAGs
[2024-10-04T19:12:24.055+0000] {logging_mixin.py:190} INFO - [2024-10-04T19:12:24.055+0000] {dag.py:4156} INFO - Setting next_dagrun for rocket to None, run_after=None
[2024-10-04T19:12:24.092+0000] {processor.py:208} INFO - Processing /opt/airflow/dags/rocket.py took 0.135 seconds
[2024-10-04T19:12:54.978+0000] {processor.py:186} INFO - Started process (PID=4875) to work on /opt/airflow/dags/rocket.py
[2024-10-04T19:12:54.980+0000] {processor.py:914} INFO - Processing file /opt/airflow/dags/rocket.py for tasks to queue
[2024-10-04T19:12:54.983+0000] {logging_mixin.py:190} INFO - [2024-10-04T19:12:54.983+0000] {dagbag.py:587} INFO - Filling up the DagBag from /opt/airflow/dags/rocket.py
[2024-10-04T19:12:55.009+0000] {processor.py:925} INFO - DAG(s) 'rocket' retrieved from /opt/airflow/dags/rocket.py
[2024-10-04T19:12:55.046+0000] {logging_mixin.py:190} INFO - [2024-10-04T19:12:55.046+0000] {dag.py:3229} INFO - Sync 1 DAGs
[2024-10-04T19:12:55.084+0000] {logging_mixin.py:190} INFO - [2024-10-04T19:12:55.084+0000] {dag.py:4156} INFO - Setting next_dagrun for rocket to None, run_after=None
[2024-10-04T19:12:55.126+0000] {processor.py:208} INFO - Processing /opt/airflow/dags/rocket.py took 0.158 seconds
[2024-10-04T19:13:25.705+0000] {processor.py:186} INFO - Started process (PID=4938) to work on /opt/airflow/dags/rocket.py
[2024-10-04T19:13:25.707+0000] {processor.py:914} INFO - Processing file /opt/airflow/dags/rocket.py for tasks to queue
[2024-10-04T19:13:25.713+0000] {logging_mixin.py:190} INFO - [2024-10-04T19:13:25.712+0000] {dagbag.py:587} INFO - Filling up the DagBag from /opt/airflow/dags/rocket.py
[2024-10-04T19:13:25.740+0000] {processor.py:925} INFO - DAG(s) 'rocket' retrieved from /opt/airflow/dags/rocket.py
[2024-10-04T19:13:25.771+0000] {logging_mixin.py:190} INFO - [2024-10-04T19:13:25.770+0000] {dag.py:3229} INFO - Sync 1 DAGs
[2024-10-04T19:13:25.799+0000] {logging_mixin.py:190} INFO - [2024-10-04T19:13:25.799+0000] {dag.py:4156} INFO - Setting next_dagrun for rocket to None, run_after=None
[2024-10-04T19:13:25.827+0000] {processor.py:208} INFO - Processing /opt/airflow/dags/rocket.py took 0.139 seconds
[2024-10-04T19:13:56.223+0000] {processor.py:186} INFO - Started process (PID=5001) to work on /opt/airflow/dags/rocket.py
[2024-10-04T19:13:56.225+0000] {processor.py:914} INFO - Processing file /opt/airflow/dags/rocket.py for tasks to queue
[2024-10-04T19:13:56.233+0000] {logging_mixin.py:190} INFO - [2024-10-04T19:13:56.232+0000] {dagbag.py:587} INFO - Filling up the DagBag from /opt/airflow/dags/rocket.py
[2024-10-04T19:13:56.282+0000] {processor.py:925} INFO - DAG(s) 'rocket' retrieved from /opt/airflow/dags/rocket.py
[2024-10-04T19:13:56.316+0000] {logging_mixin.py:190} INFO - [2024-10-04T19:13:56.316+0000] {dag.py:3229} INFO - Sync 1 DAGs
[2024-10-04T19:13:56.342+0000] {logging_mixin.py:190} INFO - [2024-10-04T19:13:56.342+0000] {dag.py:4156} INFO - Setting next_dagrun for rocket to None, run_after=None
[2024-10-04T19:13:56.379+0000] {processor.py:208} INFO - Processing /opt/airflow/dags/rocket.py took 0.170 seconds
[2024-10-04T19:14:26.644+0000] {processor.py:186} INFO - Started process (PID=5064) to work on /opt/airflow/dags/rocket.py
[2024-10-04T19:14:26.646+0000] {processor.py:914} INFO - Processing file /opt/airflow/dags/rocket.py for tasks to queue
[2024-10-04T19:14:26.654+0000] {logging_mixin.py:190} INFO - [2024-10-04T19:14:26.653+0000] {dagbag.py:587} INFO - Filling up the DagBag from /opt/airflow/dags/rocket.py
[2024-10-04T19:14:26.688+0000] {processor.py:925} INFO - DAG(s) 'rocket' retrieved from /opt/airflow/dags/rocket.py
[2024-10-04T19:14:26.727+0000] {logging_mixin.py:190} INFO - [2024-10-04T19:14:26.727+0000] {dag.py:3229} INFO - Sync 1 DAGs
[2024-10-04T19:14:26.755+0000] {logging_mixin.py:190} INFO - [2024-10-04T19:14:26.755+0000] {dag.py:4156} INFO - Setting next_dagrun for rocket to None, run_after=None
[2024-10-04T19:14:26.800+0000] {processor.py:208} INFO - Processing /opt/airflow/dags/rocket.py took 0.168 seconds
[2024-10-04T19:14:57.207+0000] {processor.py:186} INFO - Started process (PID=5126) to work on /opt/airflow/dags/rocket.py
[2024-10-04T19:14:57.208+0000] {processor.py:914} INFO - Processing file /opt/airflow/dags/rocket.py for tasks to queue
[2024-10-04T19:14:57.212+0000] {logging_mixin.py:190} INFO - [2024-10-04T19:14:57.211+0000] {dagbag.py:587} INFO - Filling up the DagBag from /opt/airflow/dags/rocket.py
[2024-10-04T19:14:57.234+0000] {processor.py:925} INFO - DAG(s) 'rocket' retrieved from /opt/airflow/dags/rocket.py
[2024-10-04T19:14:57.265+0000] {logging_mixin.py:190} INFO - [2024-10-04T19:14:57.264+0000] {dag.py:3229} INFO - Sync 1 DAGs
[2024-10-04T19:14:57.292+0000] {logging_mixin.py:190} INFO - [2024-10-04T19:14:57.292+0000] {dag.py:4156} INFO - Setting next_dagrun for rocket to None, run_after=None
[2024-10-04T19:14:57.331+0000] {processor.py:208} INFO - Processing /opt/airflow/dags/rocket.py took 0.134 seconds
[2024-10-04T19:15:27.383+0000] {processor.py:186} INFO - Started process (PID=5189) to work on /opt/airflow/dags/rocket.py
[2024-10-04T19:15:27.384+0000] {processor.py:914} INFO - Processing file /opt/airflow/dags/rocket.py for tasks to queue
[2024-10-04T19:15:27.387+0000] {logging_mixin.py:190} INFO - [2024-10-04T19:15:27.387+0000] {dagbag.py:587} INFO - Filling up the DagBag from /opt/airflow/dags/rocket.py
[2024-10-04T19:15:27.407+0000] {processor.py:925} INFO - DAG(s) 'rocket' retrieved from /opt/airflow/dags/rocket.py
[2024-10-04T19:15:27.448+0000] {logging_mixin.py:190} INFO - [2024-10-04T19:15:27.447+0000] {dag.py:3229} INFO - Sync 1 DAGs
[2024-10-04T19:15:27.471+0000] {logging_mixin.py:190} INFO - [2024-10-04T19:15:27.471+0000] {dag.py:4156} INFO - Setting next_dagrun for rocket to None, run_after=None
[2024-10-04T19:15:27.502+0000] {processor.py:208} INFO - Processing /opt/airflow/dags/rocket.py took 0.128 seconds
[2024-10-04T19:15:57.889+0000] {processor.py:186} INFO - Started process (PID=5252) to work on /opt/airflow/dags/rocket.py
[2024-10-04T19:15:57.890+0000] {processor.py:914} INFO - Processing file /opt/airflow/dags/rocket.py for tasks to queue
[2024-10-04T19:15:57.896+0000] {logging_mixin.py:190} INFO - [2024-10-04T19:15:57.895+0000] {dagbag.py:587} INFO - Filling up the DagBag from /opt/airflow/dags/rocket.py
[2024-10-04T19:15:57.931+0000] {processor.py:925} INFO - DAG(s) 'rocket' retrieved from /opt/airflow/dags/rocket.py
[2024-10-04T19:15:57.992+0000] {logging_mixin.py:190} INFO - [2024-10-04T19:15:57.991+0000] {dag.py:3229} INFO - Sync 1 DAGs
[2024-10-04T19:15:58.050+0000] {logging_mixin.py:190} INFO - [2024-10-04T19:15:58.049+0000] {dag.py:4156} INFO - Setting next_dagrun for rocket to None, run_after=None
[2024-10-04T19:15:58.109+0000] {processor.py:208} INFO - Processing /opt/airflow/dags/rocket.py took 0.233 seconds
[2024-10-04T19:16:28.724+0000] {processor.py:186} INFO - Started process (PID=5316) to work on /opt/airflow/dags/rocket.py
[2024-10-04T19:16:28.725+0000] {processor.py:914} INFO - Processing file /opt/airflow/dags/rocket.py for tasks to queue
[2024-10-04T19:16:28.729+0000] {logging_mixin.py:190} INFO - [2024-10-04T19:16:28.728+0000] {dagbag.py:587} INFO - Filling up the DagBag from /opt/airflow/dags/rocket.py
[2024-10-04T19:16:28.752+0000] {processor.py:925} INFO - DAG(s) 'rocket' retrieved from /opt/airflow/dags/rocket.py
[2024-10-04T19:16:28.783+0000] {logging_mixin.py:190} INFO - [2024-10-04T19:16:28.782+0000] {dag.py:3229} INFO - Sync 1 DAGs
[2024-10-04T19:16:28.815+0000] {logging_mixin.py:190} INFO - [2024-10-04T19:16:28.814+0000] {dag.py:4156} INFO - Setting next_dagrun for rocket to None, run_after=None
[2024-10-04T19:16:28.850+0000] {processor.py:208} INFO - Processing /opt/airflow/dags/rocket.py took 0.139 seconds
[2024-10-04T19:16:42.055+0000] {processor.py:186} INFO - Started process (PID=5343) to work on /opt/airflow/dags/rocket.py
[2024-10-04T19:16:42.059+0000] {processor.py:914} INFO - Processing file /opt/airflow/dags/rocket.py for tasks to queue
[2024-10-04T19:16:42.062+0000] {logging_mixin.py:190} INFO - [2024-10-04T19:16:42.062+0000] {dagbag.py:587} INFO - Filling up the DagBag from /opt/airflow/dags/rocket.py
[2024-10-04T19:16:42.114+0000] {processor.py:925} INFO - DAG(s) 'rocket' retrieved from /opt/airflow/dags/rocket.py
[2024-10-04T19:16:42.405+0000] {logging_mixin.py:190} INFO - [2024-10-04T19:16:42.405+0000] {dag.py:3229} INFO - Sync 1 DAGs
[2024-10-04T19:16:42.435+0000] {logging_mixin.py:190} INFO - [2024-10-04T19:16:42.434+0000] {dag.py:4156} INFO - Setting next_dagrun for rocket to None, run_after=None
[2024-10-04T19:16:42.496+0000] {processor.py:208} INFO - Processing /opt/airflow/dags/rocket.py took 0.452 seconds
