[2024-10-19T21:18:26.410+0000] {local_task_job_runner.py:123} INFO - ::group::Pre task execution logs
[2024-10-19T21:18:26.610+0000] {taskinstance.py:2612} INFO - Dependencies all met for dep_context=non-requeueable deps ti=<TaskInstance: capstone.get_data scheduled__2024-10-19T16:00:00+00:00 [queued]>
[2024-10-19T21:18:27.049+0000] {taskinstance.py:2612} INFO - Dependencies all met for dep_context=requeueable deps ti=<TaskInstance: capstone.get_data scheduled__2024-10-19T16:00:00+00:00 [queued]>
[2024-10-19T21:18:27.097+0000] {taskinstance.py:2865} INFO - Starting attempt 1 of 1
[2024-10-19T21:18:27.781+0000] {taskinstance.py:2888} INFO - Executing <Task(PythonOperator): get_data> on 2024-10-19 16:00:00+00:00
[2024-10-19T21:18:27.937+0000] {standard_task_runner.py:104} INFO - Running: ['***', 'tasks', 'run', 'capstone', 'get_data', 'scheduled__2024-10-19T16:00:00+00:00', '--job-id', '111', '--raw', '--subdir', 'DAGS_FOLDER/rockets/capstone.py', '--cfg-path', '/tmp/tmprvffddxh']
[2024-10-19T21:18:27.945+0000] {standard_task_runner.py:105} INFO - Job 111: Subtask get_data
[2024-10-19T21:18:27.867+0000] {warnings.py:112} WARNING - /home/***/.local/lib/python3.12/site-packages/***/task/task_runner/standard_task_runner.py:70: DeprecationWarning: This process (pid=2939) is multi-threaded, use of fork() may lead to deadlocks in the child.
  pid = os.fork()

[2024-10-19T21:18:27.960+0000] {standard_task_runner.py:72} INFO - Started process 2958 to run task
[2024-10-19T21:18:28.764+0000] {task_command.py:467} INFO - Running <TaskInstance: capstone.get_data scheduled__2024-10-19T16:00:00+00:00 [running]> on host 30318035dc43
[2024-10-19T21:18:33.298+0000] {taskinstance.py:3131} INFO - Exporting env vars: AIRFLOW_CTX_DAG_OWNER='***' AIRFLOW_CTX_DAG_ID='capstone' AIRFLOW_CTX_TASK_ID='get_data' AIRFLOW_CTX_EXECUTION_DATE='2024-10-19T16:00:00+00:00' AIRFLOW_CTX_TRY_NUMBER='1' AIRFLOW_CTX_DAG_RUN_ID='scheduled__2024-10-19T16:00:00+00:00'
[2024-10-19T21:18:33.739+0000] {logging_mixin.py:190} INFO - Task instance is in running state
[2024-10-19T21:18:33.785+0000] {logging_mixin.py:190} INFO -  Previous state of the Task instance: queued
[2024-10-19T21:18:33.816+0000] {logging_mixin.py:190} INFO - Current task name:get_data state:running start_date:2024-10-19 21:18:26.619110+00:00
[2024-10-19T21:18:33.896+0000] {logging_mixin.py:190} INFO - Dag name:capstone and current dag run status:running
[2024-10-19T21:18:33.912+0000] {taskinstance.py:731} INFO - ::endgroup::
[2024-10-19T21:24:33.294+0000] {python.py:240} INFO - Done. Returned value was: None
[2024-10-19T21:24:33.339+0000] {taskinstance.py:340} INFO - ::group::Post task execution logs
[2024-10-19T21:24:33.341+0000] {taskinstance.py:352} INFO - Marking task as SUCCESS. dag_id=capstone, task_id=get_data, run_id=scheduled__2024-10-19T16:00:00+00:00, execution_date=20241019T160000, start_date=20241019T211826, end_date=20241019T212433
[2024-10-19T21:24:33.381+0000] {logging_mixin.py:190} INFO - Task instance in success state
[2024-10-19T21:24:33.382+0000] {logging_mixin.py:190} INFO -  Previous state of the Task instance: running
[2024-10-19T21:24:33.383+0000] {logging_mixin.py:190} INFO - Dag name:capstone queued_at:2024-10-19 21:18:07.913015+00:00
[2024-10-19T21:24:33.384+0000] {logging_mixin.py:190} INFO - Task hostname:30318035dc43 operator:PythonOperator
[2024-10-19T21:24:33.427+0000] {local_task_job_runner.py:266} INFO - Task exited with return code 0
[2024-10-19T21:24:33.453+0000] {warnings.py:112} WARNING - /home/***/.local/lib/python3.12/site-packages/***/models/baseoperator.py:1378: AirflowProviderDeprecationWarning: Call to deprecated class PostgresOperator. (Please use `***.providers.common.sql.operators.sql.SQLExecuteQueryOperator`.Also, you can provide `hook_params={'schema': <database>}`.)
  result = cls.__new__(cls)

[2024-10-19T21:24:33.516+0000] {taskinstance.py:3900} INFO - 1 downstream tasks scheduled from follow-on schedule check
[2024-10-19T21:24:33.528+0000] {local_task_job_runner.py:245} INFO - ::endgroup::
