[2024-10-04T20:07:57.353+0000] {local_task_job_runner.py:123} INFO - ::group::Pre task execution logs
[2024-10-04T20:07:57.401+0000] {taskinstance.py:2612} INFO - Dependencies all met for dep_context=non-requeueable deps ti=<TaskInstance: rocket.download_launches manual__2024-10-04T20:07:51.097696+00:00 [queued]>
[2024-10-04T20:07:57.448+0000] {taskinstance.py:2612} INFO - Dependencies all met for dep_context=requeueable deps ti=<TaskInstance: rocket.download_launches manual__2024-10-04T20:07:51.097696+00:00 [queued]>
[2024-10-04T20:07:57.449+0000] {taskinstance.py:2865} INFO - Starting attempt 1 of 1
[2024-10-04T20:07:57.505+0000] {taskinstance.py:2888} INFO - Executing <Task(BashOperator): download_launches> on 2024-10-04 20:07:51.097696+00:00
[2024-10-04T20:07:57.526+0000] {standard_task_runner.py:104} INFO - Running: ['***', 'tasks', 'run', 'rocket', 'download_launches', 'manual__2024-10-04T20:07:51.097696+00:00', '--job-id', '14', '--raw', '--subdir', 'DAGS_FOLDER/rockets/rockets.py', '--cfg-path', '/tmp/tmposv8ckw5']
[2024-10-04T20:07:57.521+0000] {warnings.py:112} WARNING - /home/***/.local/lib/python3.12/site-packages/***/task/task_runner/standard_task_runner.py:70: DeprecationWarning: This process (pid=1169) is multi-threaded, use of fork() may lead to deadlocks in the child.
  pid = os.fork()

[2024-10-04T20:07:57.540+0000] {standard_task_runner.py:72} INFO - Started process 1171 to run task
[2024-10-04T20:07:57.539+0000] {standard_task_runner.py:105} INFO - Job 14: Subtask download_launches
[2024-10-04T20:07:57.732+0000] {task_command.py:467} INFO - Running <TaskInstance: rocket.download_launches manual__2024-10-04T20:07:51.097696+00:00 [running]> on host 30318035dc43
[2024-10-04T20:07:58.289+0000] {taskinstance.py:3131} INFO - Exporting env vars: AIRFLOW_CTX_DAG_OWNER='***' AIRFLOW_CTX_DAG_ID='rocket' AIRFLOW_CTX_TASK_ID='download_launches' AIRFLOW_CTX_EXECUTION_DATE='2024-10-04T20:07:51.097696+00:00' AIRFLOW_CTX_TRY_NUMBER='1' AIRFLOW_CTX_DAG_RUN_ID='manual__2024-10-04T20:07:51.097696+00:00'
[2024-10-04T20:07:58.316+0000] {logging_mixin.py:190} INFO - Task instance is in running state
[2024-10-04T20:07:58.330+0000] {logging_mixin.py:190} INFO -  Previous state of the Task instance: queued
[2024-10-04T20:07:58.332+0000] {logging_mixin.py:190} INFO - Current task name:download_launches state:running start_date:2024-10-04 20:07:57.416286+00:00
[2024-10-04T20:07:58.333+0000] {logging_mixin.py:190} INFO - Dag name:rocket and current dag run status:running
[2024-10-04T20:07:58.335+0000] {taskinstance.py:731} INFO - ::endgroup::
[2024-10-04T20:07:58.347+0000] {subprocess.py:63} INFO - Tmp dir root location: /tmp
[2024-10-04T20:07:58.363+0000] {subprocess.py:75} INFO - Running command: ['/usr/bin/bash', '-c', 'curl -o /opt/***/dags/rockets/launches/launches.json -L https://ll.thespacedevs.com/2.0.0/launch/upcoming']
[2024-10-04T20:07:58.427+0000] {subprocess.py:86} INFO - Output:
[2024-10-04T20:07:58.454+0000] {subprocess.py:93} INFO -   % Total    % Received % Xferd  Average Speed   Time    Time     Time  Current
[2024-10-04T20:07:58.481+0000] {subprocess.py:93} INFO -                                  Dload  Upload   Total   Spent    Left  Speed
[2024-10-04T20:08:01.620+0000] {subprocess.py:93} INFO -   0     0    0     0    0     0      0      0 --:--:-- --:--:-- --:--:--     0  0     0    0     0    0     0      0      0 --:--:--  0:00:01 --:--:--     0  0     0    0     0    0     0      0      0 --:--:--  0:00:02 --:--:--     0  0     0    0     0    0     0      0      0 --:--:--  0:00:02 --:--:--     0  0     0    0     0    0     0      0      0 --:--:--  0:00:03 --:--:--     0
[2024-10-04T20:08:01.957+0000] {subprocess.py:93} INFO - 100 27979  100 27979    0     0   7983      0  0:00:03  0:00:03 --:--:--  7983
[2024-10-04T20:08:01.975+0000] {subprocess.py:97} INFO - Command exited with return code 0
[2024-10-04T20:08:02.109+0000] {taskinstance.py:340} INFO - ::group::Post task execution logs
[2024-10-04T20:08:02.114+0000] {taskinstance.py:352} INFO - Marking task as SUCCESS. dag_id=rocket, task_id=download_launches, run_id=manual__2024-10-04T20:07:51.097696+00:00, execution_date=20241004T200751, start_date=20241004T200757, end_date=20241004T200802
[2024-10-04T20:08:02.182+0000] {logging_mixin.py:190} INFO - Task instance in success state
[2024-10-04T20:08:02.185+0000] {logging_mixin.py:190} INFO -  Previous state of the Task instance: running
[2024-10-04T20:08:02.187+0000] {logging_mixin.py:190} INFO - Dag name:rocket queued_at:2024-10-04 20:07:51.144451+00:00
[2024-10-04T20:08:02.191+0000] {logging_mixin.py:190} INFO - Task hostname:30318035dc43 operator:BashOperator
[2024-10-04T20:08:02.284+0000] {local_task_job_runner.py:266} INFO - Task exited with return code 0
[2024-10-04T20:08:02.405+0000] {taskinstance.py:3900} INFO - 1 downstream tasks scheduled from follow-on schedule check
[2024-10-04T20:08:02.423+0000] {local_task_job_runner.py:245} INFO - ::endgroup::
