[2024-10-03T22:05:35.217+0000] {processor.py:186} INFO - Started process (PID=81) to work on /home/airflow/.local/lib/python3.12/site-packages/airflow/example_dags/example_task_group.py
[2024-10-03T22:05:35.232+0000] {processor.py:914} INFO - Processing file /home/airflow/.local/lib/python3.12/site-packages/airflow/example_dags/example_task_group.py for tasks to queue
[2024-10-03T22:05:35.257+0000] {logging_mixin.py:190} INFO - [2024-10-03T22:05:35.256+0000] {dagbag.py:587} INFO - Filling up the DagBag from /home/airflow/.local/lib/python3.12/site-packages/airflow/example_dags/example_task_group.py
[2024-10-03T22:05:35.339+0000] {processor.py:925} INFO - DAG(s) 'example_task_group' retrieved from /home/airflow/.local/lib/python3.12/site-packages/airflow/example_dags/example_task_group.py
[2024-10-03T22:05:35.610+0000] {logging_mixin.py:190} INFO - [2024-10-03T22:05:35.609+0000] {dag.py:3229} INFO - Sync 1 DAGs
[2024-10-03T22:05:35.685+0000] {logging_mixin.py:190} INFO - [2024-10-03T22:05:35.685+0000] {dag.py:4156} INFO - Setting next_dagrun for example_task_group to None, run_after=None
[2024-10-03T22:05:35.855+0000] {processor.py:208} INFO - Processing /home/airflow/.local/lib/python3.12/site-packages/airflow/example_dags/example_task_group.py took 0.812 seconds
[2024-10-03T22:06:06.766+0000] {processor.py:186} INFO - Started process (PID=144) to work on /home/airflow/.local/lib/python3.12/site-packages/airflow/example_dags/example_task_group.py
[2024-10-03T22:06:06.767+0000] {processor.py:914} INFO - Processing file /home/airflow/.local/lib/python3.12/site-packages/airflow/example_dags/example_task_group.py for tasks to queue
[2024-10-03T22:06:06.781+0000] {logging_mixin.py:190} INFO - [2024-10-03T22:06:06.781+0000] {dagbag.py:587} INFO - Filling up the DagBag from /home/airflow/.local/lib/python3.12/site-packages/airflow/example_dags/example_task_group.py
[2024-10-03T22:06:06.826+0000] {processor.py:925} INFO - DAG(s) 'example_task_group' retrieved from /home/airflow/.local/lib/python3.12/site-packages/airflow/example_dags/example_task_group.py
[2024-10-03T22:06:06.932+0000] {logging_mixin.py:190} INFO - [2024-10-03T22:06:06.932+0000] {dag.py:3229} INFO - Sync 1 DAGs
[2024-10-03T22:06:07.008+0000] {logging_mixin.py:190} INFO - [2024-10-03T22:06:07.008+0000] {dag.py:4156} INFO - Setting next_dagrun for example_task_group to None, run_after=None
[2024-10-03T22:06:07.088+0000] {processor.py:208} INFO - Processing /home/airflow/.local/lib/python3.12/site-packages/airflow/example_dags/example_task_group.py took 0.338 seconds
[2024-10-03T22:06:38.648+0000] {processor.py:186} INFO - Started process (PID=207) to work on /home/airflow/.local/lib/python3.12/site-packages/airflow/example_dags/example_task_group.py
[2024-10-03T22:06:38.650+0000] {processor.py:914} INFO - Processing file /home/airflow/.local/lib/python3.12/site-packages/airflow/example_dags/example_task_group.py for tasks to queue
[2024-10-03T22:06:38.665+0000] {logging_mixin.py:190} INFO - [2024-10-03T22:06:38.664+0000] {dagbag.py:587} INFO - Filling up the DagBag from /home/airflow/.local/lib/python3.12/site-packages/airflow/example_dags/example_task_group.py
[2024-10-03T22:06:38.728+0000] {processor.py:925} INFO - DAG(s) 'example_task_group' retrieved from /home/airflow/.local/lib/python3.12/site-packages/airflow/example_dags/example_task_group.py
[2024-10-03T22:06:38.850+0000] {logging_mixin.py:190} INFO - [2024-10-03T22:06:38.849+0000] {dag.py:3229} INFO - Sync 1 DAGs
[2024-10-03T22:06:38.923+0000] {logging_mixin.py:190} INFO - [2024-10-03T22:06:38.923+0000] {dag.py:4156} INFO - Setting next_dagrun for example_task_group to None, run_after=None
[2024-10-03T22:06:39.043+0000] {processor.py:208} INFO - Processing /home/airflow/.local/lib/python3.12/site-packages/airflow/example_dags/example_task_group.py took 0.420 seconds
[2024-10-03T22:07:11.781+0000] {processor.py:186} INFO - Started process (PID=270) to work on /home/airflow/.local/lib/python3.12/site-packages/airflow/example_dags/example_task_group.py
[2024-10-03T22:07:11.784+0000] {processor.py:914} INFO - Processing file /home/airflow/.local/lib/python3.12/site-packages/airflow/example_dags/example_task_group.py for tasks to queue
[2024-10-03T22:07:11.798+0000] {logging_mixin.py:190} INFO - [2024-10-03T22:07:11.797+0000] {dagbag.py:587} INFO - Filling up the DagBag from /home/airflow/.local/lib/python3.12/site-packages/airflow/example_dags/example_task_group.py
[2024-10-03T22:07:11.841+0000] {processor.py:925} INFO - DAG(s) 'example_task_group' retrieved from /home/airflow/.local/lib/python3.12/site-packages/airflow/example_dags/example_task_group.py
[2024-10-03T22:07:11.969+0000] {logging_mixin.py:190} INFO - [2024-10-03T22:07:11.968+0000] {dag.py:3229} INFO - Sync 1 DAGs
[2024-10-03T22:07:12.083+0000] {logging_mixin.py:190} INFO - [2024-10-03T22:07:12.082+0000] {dag.py:4156} INFO - Setting next_dagrun for example_task_group to None, run_after=None
[2024-10-03T22:07:12.187+0000] {processor.py:208} INFO - Processing /home/airflow/.local/lib/python3.12/site-packages/airflow/example_dags/example_task_group.py took 0.441 seconds
[2024-10-03T22:07:43.311+0000] {processor.py:186} INFO - Started process (PID=334) to work on /home/airflow/.local/lib/python3.12/site-packages/airflow/example_dags/example_task_group.py
[2024-10-03T22:07:43.324+0000] {processor.py:914} INFO - Processing file /home/airflow/.local/lib/python3.12/site-packages/airflow/example_dags/example_task_group.py for tasks to queue
[2024-10-03T22:07:43.339+0000] {logging_mixin.py:190} INFO - [2024-10-03T22:07:43.339+0000] {dagbag.py:587} INFO - Filling up the DagBag from /home/airflow/.local/lib/python3.12/site-packages/airflow/example_dags/example_task_group.py
[2024-10-03T22:07:43.402+0000] {processor.py:925} INFO - DAG(s) 'example_task_group' retrieved from /home/airflow/.local/lib/python3.12/site-packages/airflow/example_dags/example_task_group.py
[2024-10-03T22:07:43.547+0000] {logging_mixin.py:190} INFO - [2024-10-03T22:07:43.546+0000] {dag.py:3229} INFO - Sync 1 DAGs
[2024-10-03T22:07:43.662+0000] {logging_mixin.py:190} INFO - [2024-10-03T22:07:43.662+0000] {dag.py:4156} INFO - Setting next_dagrun for example_task_group to None, run_after=None
[2024-10-03T22:07:43.800+0000] {processor.py:208} INFO - Processing /home/airflow/.local/lib/python3.12/site-packages/airflow/example_dags/example_task_group.py took 0.539 seconds
[2024-10-03T22:08:14.068+0000] {processor.py:186} INFO - Started process (PID=397) to work on /home/airflow/.local/lib/python3.12/site-packages/airflow/example_dags/example_task_group.py
[2024-10-03T22:08:14.074+0000] {processor.py:914} INFO - Processing file /home/airflow/.local/lib/python3.12/site-packages/airflow/example_dags/example_task_group.py for tasks to queue
[2024-10-03T22:08:14.081+0000] {logging_mixin.py:190} INFO - [2024-10-03T22:08:14.080+0000] {dagbag.py:587} INFO - Filling up the DagBag from /home/airflow/.local/lib/python3.12/site-packages/airflow/example_dags/example_task_group.py
[2024-10-03T22:08:14.104+0000] {processor.py:925} INFO - DAG(s) 'example_task_group' retrieved from /home/airflow/.local/lib/python3.12/site-packages/airflow/example_dags/example_task_group.py
[2024-10-03T22:08:14.185+0000] {logging_mixin.py:190} INFO - [2024-10-03T22:08:14.184+0000] {dag.py:3229} INFO - Sync 1 DAGs
[2024-10-03T22:08:14.221+0000] {logging_mixin.py:190} INFO - [2024-10-03T22:08:14.220+0000] {dag.py:4156} INFO - Setting next_dagrun for example_task_group to None, run_after=None
[2024-10-03T22:08:14.281+0000] {processor.py:208} INFO - Processing /home/airflow/.local/lib/python3.12/site-packages/airflow/example_dags/example_task_group.py took 0.231 seconds
[2024-10-03T22:08:44.508+0000] {processor.py:186} INFO - Started process (PID=459) to work on /home/airflow/.local/lib/python3.12/site-packages/airflow/example_dags/example_task_group.py
[2024-10-03T22:08:44.510+0000] {processor.py:914} INFO - Processing file /home/airflow/.local/lib/python3.12/site-packages/airflow/example_dags/example_task_group.py for tasks to queue
[2024-10-03T22:08:44.513+0000] {logging_mixin.py:190} INFO - [2024-10-03T22:08:44.512+0000] {dagbag.py:587} INFO - Filling up the DagBag from /home/airflow/.local/lib/python3.12/site-packages/airflow/example_dags/example_task_group.py
[2024-10-03T22:08:44.531+0000] {processor.py:925} INFO - DAG(s) 'example_task_group' retrieved from /home/airflow/.local/lib/python3.12/site-packages/airflow/example_dags/example_task_group.py
[2024-10-03T22:08:44.567+0000] {logging_mixin.py:190} INFO - [2024-10-03T22:08:44.567+0000] {dag.py:3229} INFO - Sync 1 DAGs
[2024-10-03T22:08:44.595+0000] {logging_mixin.py:190} INFO - [2024-10-03T22:08:44.595+0000] {dag.py:4156} INFO - Setting next_dagrun for example_task_group to None, run_after=None
[2024-10-03T22:08:44.643+0000] {processor.py:208} INFO - Processing /home/airflow/.local/lib/python3.12/site-packages/airflow/example_dags/example_task_group.py took 0.144 seconds
[2024-10-03T22:09:14.874+0000] {processor.py:186} INFO - Started process (PID=528) to work on /home/airflow/.local/lib/python3.12/site-packages/airflow/example_dags/example_task_group.py
[2024-10-03T22:09:14.875+0000] {processor.py:914} INFO - Processing file /home/airflow/.local/lib/python3.12/site-packages/airflow/example_dags/example_task_group.py for tasks to queue
[2024-10-03T22:09:14.878+0000] {logging_mixin.py:190} INFO - [2024-10-03T22:09:14.877+0000] {dagbag.py:587} INFO - Filling up the DagBag from /home/airflow/.local/lib/python3.12/site-packages/airflow/example_dags/example_task_group.py
[2024-10-03T22:09:14.889+0000] {processor.py:925} INFO - DAG(s) 'example_task_group' retrieved from /home/airflow/.local/lib/python3.12/site-packages/airflow/example_dags/example_task_group.py
[2024-10-03T22:09:14.923+0000] {logging_mixin.py:190} INFO - [2024-10-03T22:09:14.922+0000] {dag.py:3229} INFO - Sync 1 DAGs
[2024-10-03T22:09:14.947+0000] {logging_mixin.py:190} INFO - [2024-10-03T22:09:14.947+0000] {dag.py:4156} INFO - Setting next_dagrun for example_task_group to None, run_after=None
[2024-10-03T22:09:14.977+0000] {processor.py:208} INFO - Processing /home/airflow/.local/lib/python3.12/site-packages/airflow/example_dags/example_task_group.py took 0.112 seconds
[2024-10-03T22:09:45.224+0000] {processor.py:186} INFO - Started process (PID=591) to work on /home/airflow/.local/lib/python3.12/site-packages/airflow/example_dags/example_task_group.py
[2024-10-03T22:09:45.225+0000] {processor.py:914} INFO - Processing file /home/airflow/.local/lib/python3.12/site-packages/airflow/example_dags/example_task_group.py for tasks to queue
[2024-10-03T22:09:45.230+0000] {logging_mixin.py:190} INFO - [2024-10-03T22:09:45.229+0000] {dagbag.py:587} INFO - Filling up the DagBag from /home/airflow/.local/lib/python3.12/site-packages/airflow/example_dags/example_task_group.py
[2024-10-03T22:09:45.246+0000] {processor.py:925} INFO - DAG(s) 'example_task_group' retrieved from /home/airflow/.local/lib/python3.12/site-packages/airflow/example_dags/example_task_group.py
[2024-10-03T22:09:45.280+0000] {logging_mixin.py:190} INFO - [2024-10-03T22:09:45.279+0000] {dag.py:3229} INFO - Sync 1 DAGs
[2024-10-03T22:09:45.303+0000] {logging_mixin.py:190} INFO - [2024-10-03T22:09:45.302+0000] {dag.py:4156} INFO - Setting next_dagrun for example_task_group to None, run_after=None
[2024-10-03T22:09:45.339+0000] {processor.py:208} INFO - Processing /home/airflow/.local/lib/python3.12/site-packages/airflow/example_dags/example_task_group.py took 0.127 seconds
[2024-10-03T22:10:16.097+0000] {processor.py:186} INFO - Started process (PID=654) to work on /home/airflow/.local/lib/python3.12/site-packages/airflow/example_dags/example_task_group.py
[2024-10-03T22:10:16.098+0000] {processor.py:914} INFO - Processing file /home/airflow/.local/lib/python3.12/site-packages/airflow/example_dags/example_task_group.py for tasks to queue
[2024-10-03T22:10:16.102+0000] {logging_mixin.py:190} INFO - [2024-10-03T22:10:16.101+0000] {dagbag.py:587} INFO - Filling up the DagBag from /home/airflow/.local/lib/python3.12/site-packages/airflow/example_dags/example_task_group.py
[2024-10-03T22:10:16.115+0000] {processor.py:925} INFO - DAG(s) 'example_task_group' retrieved from /home/airflow/.local/lib/python3.12/site-packages/airflow/example_dags/example_task_group.py
[2024-10-03T22:10:16.155+0000] {logging_mixin.py:190} INFO - [2024-10-03T22:10:16.154+0000] {dag.py:3229} INFO - Sync 1 DAGs
[2024-10-03T22:10:16.179+0000] {logging_mixin.py:190} INFO - [2024-10-03T22:10:16.179+0000] {dag.py:4156} INFO - Setting next_dagrun for example_task_group to None, run_after=None
[2024-10-03T22:10:16.207+0000] {processor.py:208} INFO - Processing /home/airflow/.local/lib/python3.12/site-packages/airflow/example_dags/example_task_group.py took 0.120 seconds
[2024-10-03T22:10:46.641+0000] {processor.py:186} INFO - Started process (PID=717) to work on /home/airflow/.local/lib/python3.12/site-packages/airflow/example_dags/example_task_group.py
[2024-10-03T22:10:46.642+0000] {processor.py:914} INFO - Processing file /home/airflow/.local/lib/python3.12/site-packages/airflow/example_dags/example_task_group.py for tasks to queue
[2024-10-03T22:10:46.646+0000] {logging_mixin.py:190} INFO - [2024-10-03T22:10:46.645+0000] {dagbag.py:587} INFO - Filling up the DagBag from /home/airflow/.local/lib/python3.12/site-packages/airflow/example_dags/example_task_group.py
[2024-10-03T22:10:46.659+0000] {processor.py:925} INFO - DAG(s) 'example_task_group' retrieved from /home/airflow/.local/lib/python3.12/site-packages/airflow/example_dags/example_task_group.py
[2024-10-03T22:10:46.697+0000] {logging_mixin.py:190} INFO - [2024-10-03T22:10:46.697+0000] {dag.py:3229} INFO - Sync 1 DAGs
[2024-10-03T22:10:46.723+0000] {logging_mixin.py:190} INFO - [2024-10-03T22:10:46.722+0000] {dag.py:4156} INFO - Setting next_dagrun for example_task_group to None, run_after=None
[2024-10-03T22:10:46.763+0000] {processor.py:208} INFO - Processing /home/airflow/.local/lib/python3.12/site-packages/airflow/example_dags/example_task_group.py took 0.131 seconds
[2024-10-03T22:11:17.347+0000] {processor.py:186} INFO - Started process (PID=780) to work on /home/airflow/.local/lib/python3.12/site-packages/airflow/example_dags/example_task_group.py
[2024-10-03T22:11:17.349+0000] {processor.py:914} INFO - Processing file /home/airflow/.local/lib/python3.12/site-packages/airflow/example_dags/example_task_group.py for tasks to queue
[2024-10-03T22:11:17.352+0000] {logging_mixin.py:190} INFO - [2024-10-03T22:11:17.352+0000] {dagbag.py:587} INFO - Filling up the DagBag from /home/airflow/.local/lib/python3.12/site-packages/airflow/example_dags/example_task_group.py
[2024-10-03T22:11:17.365+0000] {processor.py:925} INFO - DAG(s) 'example_task_group' retrieved from /home/airflow/.local/lib/python3.12/site-packages/airflow/example_dags/example_task_group.py
[2024-10-03T22:11:17.395+0000] {logging_mixin.py:190} INFO - [2024-10-03T22:11:17.395+0000] {dag.py:3229} INFO - Sync 1 DAGs
[2024-10-03T22:11:17.414+0000] {logging_mixin.py:190} INFO - [2024-10-03T22:11:17.414+0000] {dag.py:4156} INFO - Setting next_dagrun for example_task_group to None, run_after=None
[2024-10-03T22:11:17.450+0000] {processor.py:208} INFO - Processing /home/airflow/.local/lib/python3.12/site-packages/airflow/example_dags/example_task_group.py took 0.114 seconds
[2024-10-03T22:11:47.984+0000] {processor.py:186} INFO - Started process (PID=843) to work on /home/airflow/.local/lib/python3.12/site-packages/airflow/example_dags/example_task_group.py
[2024-10-03T22:11:47.986+0000] {processor.py:914} INFO - Processing file /home/airflow/.local/lib/python3.12/site-packages/airflow/example_dags/example_task_group.py for tasks to queue
[2024-10-03T22:11:47.989+0000] {logging_mixin.py:190} INFO - [2024-10-03T22:11:47.989+0000] {dagbag.py:587} INFO - Filling up the DagBag from /home/airflow/.local/lib/python3.12/site-packages/airflow/example_dags/example_task_group.py
[2024-10-03T22:11:48.002+0000] {processor.py:925} INFO - DAG(s) 'example_task_group' retrieved from /home/airflow/.local/lib/python3.12/site-packages/airflow/example_dags/example_task_group.py
[2024-10-03T22:11:48.034+0000] {logging_mixin.py:190} INFO - [2024-10-03T22:11:48.034+0000] {dag.py:3229} INFO - Sync 1 DAGs
[2024-10-03T22:11:48.059+0000] {logging_mixin.py:190} INFO - [2024-10-03T22:11:48.059+0000] {dag.py:4156} INFO - Setting next_dagrun for example_task_group to None, run_after=None
[2024-10-03T22:11:48.083+0000] {processor.py:208} INFO - Processing /home/airflow/.local/lib/python3.12/site-packages/airflow/example_dags/example_task_group.py took 0.109 seconds
[2024-10-03T22:12:18.623+0000] {processor.py:186} INFO - Started process (PID=906) to work on /home/airflow/.local/lib/python3.12/site-packages/airflow/example_dags/example_task_group.py
[2024-10-03T22:12:18.624+0000] {processor.py:914} INFO - Processing file /home/airflow/.local/lib/python3.12/site-packages/airflow/example_dags/example_task_group.py for tasks to queue
[2024-10-03T22:12:18.627+0000] {logging_mixin.py:190} INFO - [2024-10-03T22:12:18.627+0000] {dagbag.py:587} INFO - Filling up the DagBag from /home/airflow/.local/lib/python3.12/site-packages/airflow/example_dags/example_task_group.py
[2024-10-03T22:12:18.638+0000] {processor.py:925} INFO - DAG(s) 'example_task_group' retrieved from /home/airflow/.local/lib/python3.12/site-packages/airflow/example_dags/example_task_group.py
[2024-10-03T22:12:18.666+0000] {logging_mixin.py:190} INFO - [2024-10-03T22:12:18.665+0000] {dag.py:3229} INFO - Sync 1 DAGs
[2024-10-03T22:12:18.684+0000] {logging_mixin.py:190} INFO - [2024-10-03T22:12:18.683+0000] {dag.py:4156} INFO - Setting next_dagrun for example_task_group to None, run_after=None
[2024-10-03T22:12:18.720+0000] {processor.py:208} INFO - Processing /home/airflow/.local/lib/python3.12/site-packages/airflow/example_dags/example_task_group.py took 0.104 seconds
[2024-10-03T22:12:49.207+0000] {processor.py:186} INFO - Started process (PID=969) to work on /home/airflow/.local/lib/python3.12/site-packages/airflow/example_dags/example_task_group.py
[2024-10-03T22:12:49.208+0000] {processor.py:914} INFO - Processing file /home/airflow/.local/lib/python3.12/site-packages/airflow/example_dags/example_task_group.py for tasks to queue
[2024-10-03T22:12:49.211+0000] {logging_mixin.py:190} INFO - [2024-10-03T22:12:49.211+0000] {dagbag.py:587} INFO - Filling up the DagBag from /home/airflow/.local/lib/python3.12/site-packages/airflow/example_dags/example_task_group.py
[2024-10-03T22:12:49.222+0000] {processor.py:925} INFO - DAG(s) 'example_task_group' retrieved from /home/airflow/.local/lib/python3.12/site-packages/airflow/example_dags/example_task_group.py
[2024-10-03T22:12:49.252+0000] {logging_mixin.py:190} INFO - [2024-10-03T22:12:49.252+0000] {dag.py:3229} INFO - Sync 1 DAGs
[2024-10-03T22:12:49.271+0000] {logging_mixin.py:190} INFO - [2024-10-03T22:12:49.271+0000] {dag.py:4156} INFO - Setting next_dagrun for example_task_group to None, run_after=None
[2024-10-03T22:12:49.296+0000] {processor.py:208} INFO - Processing /home/airflow/.local/lib/python3.12/site-packages/airflow/example_dags/example_task_group.py took 0.098 seconds
[2024-10-03T22:13:19.980+0000] {processor.py:186} INFO - Started process (PID=1033) to work on /home/airflow/.local/lib/python3.12/site-packages/airflow/example_dags/example_task_group.py
[2024-10-03T22:13:19.981+0000] {processor.py:914} INFO - Processing file /home/airflow/.local/lib/python3.12/site-packages/airflow/example_dags/example_task_group.py for tasks to queue
[2024-10-03T22:13:19.984+0000] {logging_mixin.py:190} INFO - [2024-10-03T22:13:19.984+0000] {dagbag.py:587} INFO - Filling up the DagBag from /home/airflow/.local/lib/python3.12/site-packages/airflow/example_dags/example_task_group.py
[2024-10-03T22:13:19.997+0000] {processor.py:925} INFO - DAG(s) 'example_task_group' retrieved from /home/airflow/.local/lib/python3.12/site-packages/airflow/example_dags/example_task_group.py
[2024-10-03T22:13:20.026+0000] {logging_mixin.py:190} INFO - [2024-10-03T22:13:20.025+0000] {dag.py:3229} INFO - Sync 1 DAGs
[2024-10-03T22:13:20.043+0000] {logging_mixin.py:190} INFO - [2024-10-03T22:13:20.042+0000] {dag.py:4156} INFO - Setting next_dagrun for example_task_group to None, run_after=None
[2024-10-03T22:13:20.075+0000] {processor.py:208} INFO - Processing /home/airflow/.local/lib/python3.12/site-packages/airflow/example_dags/example_task_group.py took 0.102 seconds
[2024-10-03T22:13:50.554+0000] {processor.py:186} INFO - Started process (PID=1097) to work on /home/airflow/.local/lib/python3.12/site-packages/airflow/example_dags/example_task_group.py
[2024-10-03T22:13:50.555+0000] {processor.py:914} INFO - Processing file /home/airflow/.local/lib/python3.12/site-packages/airflow/example_dags/example_task_group.py for tasks to queue
[2024-10-03T22:13:50.558+0000] {logging_mixin.py:190} INFO - [2024-10-03T22:13:50.558+0000] {dagbag.py:587} INFO - Filling up the DagBag from /home/airflow/.local/lib/python3.12/site-packages/airflow/example_dags/example_task_group.py
[2024-10-03T22:13:50.570+0000] {processor.py:925} INFO - DAG(s) 'example_task_group' retrieved from /home/airflow/.local/lib/python3.12/site-packages/airflow/example_dags/example_task_group.py
[2024-10-03T22:13:50.598+0000] {logging_mixin.py:190} INFO - [2024-10-03T22:13:50.597+0000] {dag.py:3229} INFO - Sync 1 DAGs
[2024-10-03T22:13:50.616+0000] {logging_mixin.py:190} INFO - [2024-10-03T22:13:50.615+0000] {dag.py:4156} INFO - Setting next_dagrun for example_task_group to None, run_after=None
[2024-10-03T22:13:50.649+0000] {processor.py:208} INFO - Processing /home/airflow/.local/lib/python3.12/site-packages/airflow/example_dags/example_task_group.py took 0.103 seconds
[2024-10-03T22:14:21.251+0000] {processor.py:186} INFO - Started process (PID=1160) to work on /home/airflow/.local/lib/python3.12/site-packages/airflow/example_dags/example_task_group.py
[2024-10-03T22:14:21.252+0000] {processor.py:914} INFO - Processing file /home/airflow/.local/lib/python3.12/site-packages/airflow/example_dags/example_task_group.py for tasks to queue
[2024-10-03T22:14:21.255+0000] {logging_mixin.py:190} INFO - [2024-10-03T22:14:21.255+0000] {dagbag.py:587} INFO - Filling up the DagBag from /home/airflow/.local/lib/python3.12/site-packages/airflow/example_dags/example_task_group.py
[2024-10-03T22:14:21.265+0000] {processor.py:925} INFO - DAG(s) 'example_task_group' retrieved from /home/airflow/.local/lib/python3.12/site-packages/airflow/example_dags/example_task_group.py
[2024-10-03T22:14:21.294+0000] {logging_mixin.py:190} INFO - [2024-10-03T22:14:21.293+0000] {dag.py:3229} INFO - Sync 1 DAGs
[2024-10-03T22:14:21.314+0000] {logging_mixin.py:190} INFO - [2024-10-03T22:14:21.314+0000] {dag.py:4156} INFO - Setting next_dagrun for example_task_group to None, run_after=None
[2024-10-03T22:14:21.347+0000] {processor.py:208} INFO - Processing /home/airflow/.local/lib/python3.12/site-packages/airflow/example_dags/example_task_group.py took 0.102 seconds
[2024-10-03T22:14:52.146+0000] {processor.py:186} INFO - Started process (PID=1223) to work on /home/airflow/.local/lib/python3.12/site-packages/airflow/example_dags/example_task_group.py
[2024-10-03T22:14:52.148+0000] {processor.py:914} INFO - Processing file /home/airflow/.local/lib/python3.12/site-packages/airflow/example_dags/example_task_group.py for tasks to queue
[2024-10-03T22:14:52.151+0000] {logging_mixin.py:190} INFO - [2024-10-03T22:14:52.150+0000] {dagbag.py:587} INFO - Filling up the DagBag from /home/airflow/.local/lib/python3.12/site-packages/airflow/example_dags/example_task_group.py
[2024-10-03T22:14:52.161+0000] {processor.py:925} INFO - DAG(s) 'example_task_group' retrieved from /home/airflow/.local/lib/python3.12/site-packages/airflow/example_dags/example_task_group.py
[2024-10-03T22:14:52.195+0000] {logging_mixin.py:190} INFO - [2024-10-03T22:14:52.195+0000] {dag.py:3229} INFO - Sync 1 DAGs
[2024-10-03T22:14:52.216+0000] {logging_mixin.py:190} INFO - [2024-10-03T22:14:52.216+0000] {dag.py:4156} INFO - Setting next_dagrun for example_task_group to None, run_after=None
[2024-10-03T22:14:52.252+0000] {processor.py:208} INFO - Processing /home/airflow/.local/lib/python3.12/site-packages/airflow/example_dags/example_task_group.py took 0.115 seconds
[2024-10-03T22:15:22.560+0000] {processor.py:186} INFO - Started process (PID=1286) to work on /home/airflow/.local/lib/python3.12/site-packages/airflow/example_dags/example_task_group.py
[2024-10-03T22:15:22.561+0000] {processor.py:914} INFO - Processing file /home/airflow/.local/lib/python3.12/site-packages/airflow/example_dags/example_task_group.py for tasks to queue
[2024-10-03T22:15:22.564+0000] {logging_mixin.py:190} INFO - [2024-10-03T22:15:22.564+0000] {dagbag.py:587} INFO - Filling up the DagBag from /home/airflow/.local/lib/python3.12/site-packages/airflow/example_dags/example_task_group.py
[2024-10-03T22:15:22.578+0000] {processor.py:925} INFO - DAG(s) 'example_task_group' retrieved from /home/airflow/.local/lib/python3.12/site-packages/airflow/example_dags/example_task_group.py
[2024-10-03T22:15:22.614+0000] {logging_mixin.py:190} INFO - [2024-10-03T22:15:22.614+0000] {dag.py:3229} INFO - Sync 1 DAGs
[2024-10-03T22:15:22.639+0000] {logging_mixin.py:190} INFO - [2024-10-03T22:15:22.638+0000] {dag.py:4156} INFO - Setting next_dagrun for example_task_group to None, run_after=None
[2024-10-03T22:15:22.673+0000] {processor.py:208} INFO - Processing /home/airflow/.local/lib/python3.12/site-packages/airflow/example_dags/example_task_group.py took 0.123 seconds
[2024-10-03T22:15:52.979+0000] {processor.py:186} INFO - Started process (PID=1349) to work on /home/airflow/.local/lib/python3.12/site-packages/airflow/example_dags/example_task_group.py
[2024-10-03T22:15:52.981+0000] {processor.py:914} INFO - Processing file /home/airflow/.local/lib/python3.12/site-packages/airflow/example_dags/example_task_group.py for tasks to queue
[2024-10-03T22:15:52.983+0000] {logging_mixin.py:190} INFO - [2024-10-03T22:15:52.983+0000] {dagbag.py:587} INFO - Filling up the DagBag from /home/airflow/.local/lib/python3.12/site-packages/airflow/example_dags/example_task_group.py
[2024-10-03T22:15:52.995+0000] {processor.py:925} INFO - DAG(s) 'example_task_group' retrieved from /home/airflow/.local/lib/python3.12/site-packages/airflow/example_dags/example_task_group.py
[2024-10-03T22:15:53.027+0000] {logging_mixin.py:190} INFO - [2024-10-03T22:15:53.026+0000] {dag.py:3229} INFO - Sync 1 DAGs
[2024-10-03T22:15:53.049+0000] {logging_mixin.py:190} INFO - [2024-10-03T22:15:53.049+0000] {dag.py:4156} INFO - Setting next_dagrun for example_task_group to None, run_after=None
[2024-10-03T22:15:53.083+0000] {processor.py:208} INFO - Processing /home/airflow/.local/lib/python3.12/site-packages/airflow/example_dags/example_task_group.py took 0.111 seconds
[2024-10-03T22:16:23.616+0000] {processor.py:186} INFO - Started process (PID=1412) to work on /home/airflow/.local/lib/python3.12/site-packages/airflow/example_dags/example_task_group.py
[2024-10-03T22:16:23.636+0000] {processor.py:914} INFO - Processing file /home/airflow/.local/lib/python3.12/site-packages/airflow/example_dags/example_task_group.py for tasks to queue
[2024-10-03T22:16:23.643+0000] {logging_mixin.py:190} INFO - [2024-10-03T22:16:23.639+0000] {dagbag.py:587} INFO - Filling up the DagBag from /home/airflow/.local/lib/python3.12/site-packages/airflow/example_dags/example_task_group.py
[2024-10-03T22:16:23.688+0000] {processor.py:925} INFO - DAG(s) 'example_task_group' retrieved from /home/airflow/.local/lib/python3.12/site-packages/airflow/example_dags/example_task_group.py
[2024-10-03T22:16:23.789+0000] {logging_mixin.py:190} INFO - [2024-10-03T22:16:23.789+0000] {dag.py:3229} INFO - Sync 1 DAGs
[2024-10-03T22:16:23.874+0000] {logging_mixin.py:190} INFO - [2024-10-03T22:16:23.873+0000] {dag.py:4156} INFO - Setting next_dagrun for example_task_group to None, run_after=None
[2024-10-03T22:16:23.969+0000] {processor.py:208} INFO - Processing /home/airflow/.local/lib/python3.12/site-packages/airflow/example_dags/example_task_group.py took 0.373 seconds
[2024-10-03T22:16:54.424+0000] {processor.py:186} INFO - Started process (PID=1475) to work on /home/airflow/.local/lib/python3.12/site-packages/airflow/example_dags/example_task_group.py
[2024-10-03T22:16:54.425+0000] {processor.py:914} INFO - Processing file /home/airflow/.local/lib/python3.12/site-packages/airflow/example_dags/example_task_group.py for tasks to queue
[2024-10-03T22:16:54.443+0000] {logging_mixin.py:190} INFO - [2024-10-03T22:16:54.442+0000] {dagbag.py:587} INFO - Filling up the DagBag from /home/airflow/.local/lib/python3.12/site-packages/airflow/example_dags/example_task_group.py
[2024-10-03T22:16:54.479+0000] {processor.py:925} INFO - DAG(s) 'example_task_group' retrieved from /home/airflow/.local/lib/python3.12/site-packages/airflow/example_dags/example_task_group.py
[2024-10-03T22:16:54.578+0000] {logging_mixin.py:190} INFO - [2024-10-03T22:16:54.577+0000] {dag.py:3229} INFO - Sync 1 DAGs
[2024-10-03T22:16:54.660+0000] {logging_mixin.py:190} INFO - [2024-10-03T22:16:54.660+0000] {dag.py:4156} INFO - Setting next_dagrun for example_task_group to None, run_after=None
[2024-10-03T22:16:54.749+0000] {processor.py:208} INFO - Processing /home/airflow/.local/lib/python3.12/site-packages/airflow/example_dags/example_task_group.py took 0.344 seconds
[2024-10-03T22:17:24.976+0000] {processor.py:186} INFO - Started process (PID=1537) to work on /home/airflow/.local/lib/python3.12/site-packages/airflow/example_dags/example_task_group.py
[2024-10-03T22:17:24.978+0000] {processor.py:914} INFO - Processing file /home/airflow/.local/lib/python3.12/site-packages/airflow/example_dags/example_task_group.py for tasks to queue
[2024-10-03T22:17:24.981+0000] {logging_mixin.py:190} INFO - [2024-10-03T22:17:24.981+0000] {dagbag.py:587} INFO - Filling up the DagBag from /home/airflow/.local/lib/python3.12/site-packages/airflow/example_dags/example_task_group.py
[2024-10-03T22:17:25.006+0000] {processor.py:925} INFO - DAG(s) 'example_task_group' retrieved from /home/airflow/.local/lib/python3.12/site-packages/airflow/example_dags/example_task_group.py
[2024-10-03T22:17:25.050+0000] {logging_mixin.py:190} INFO - [2024-10-03T22:17:25.050+0000] {dag.py:3229} INFO - Sync 1 DAGs
[2024-10-03T22:17:25.084+0000] {logging_mixin.py:190} INFO - [2024-10-03T22:17:25.084+0000] {dag.py:4156} INFO - Setting next_dagrun for example_task_group to None, run_after=None
[2024-10-03T22:17:25.176+0000] {processor.py:208} INFO - Processing /home/airflow/.local/lib/python3.12/site-packages/airflow/example_dags/example_task_group.py took 0.213 seconds
[2024-10-03T22:17:55.357+0000] {processor.py:186} INFO - Started process (PID=1600) to work on /home/airflow/.local/lib/python3.12/site-packages/airflow/example_dags/example_task_group.py
[2024-10-03T22:17:55.358+0000] {processor.py:914} INFO - Processing file /home/airflow/.local/lib/python3.12/site-packages/airflow/example_dags/example_task_group.py for tasks to queue
[2024-10-03T22:17:55.362+0000] {logging_mixin.py:190} INFO - [2024-10-03T22:17:55.361+0000] {dagbag.py:587} INFO - Filling up the DagBag from /home/airflow/.local/lib/python3.12/site-packages/airflow/example_dags/example_task_group.py
[2024-10-03T22:17:55.377+0000] {processor.py:925} INFO - DAG(s) 'example_task_group' retrieved from /home/airflow/.local/lib/python3.12/site-packages/airflow/example_dags/example_task_group.py
[2024-10-03T22:17:55.413+0000] {logging_mixin.py:190} INFO - [2024-10-03T22:17:55.412+0000] {dag.py:3229} INFO - Sync 1 DAGs
[2024-10-03T22:17:55.433+0000] {logging_mixin.py:190} INFO - [2024-10-03T22:17:55.432+0000] {dag.py:4156} INFO - Setting next_dagrun for example_task_group to None, run_after=None
[2024-10-03T22:17:55.469+0000] {processor.py:208} INFO - Processing /home/airflow/.local/lib/python3.12/site-packages/airflow/example_dags/example_task_group.py took 0.122 seconds
[2024-10-03T22:18:25.714+0000] {processor.py:186} INFO - Started process (PID=1663) to work on /home/airflow/.local/lib/python3.12/site-packages/airflow/example_dags/example_task_group.py
[2024-10-03T22:18:25.716+0000] {processor.py:914} INFO - Processing file /home/airflow/.local/lib/python3.12/site-packages/airflow/example_dags/example_task_group.py for tasks to queue
[2024-10-03T22:18:25.724+0000] {logging_mixin.py:190} INFO - [2024-10-03T22:18:25.724+0000] {dagbag.py:587} INFO - Filling up the DagBag from /home/airflow/.local/lib/python3.12/site-packages/airflow/example_dags/example_task_group.py
[2024-10-03T22:18:25.738+0000] {processor.py:925} INFO - DAG(s) 'example_task_group' retrieved from /home/airflow/.local/lib/python3.12/site-packages/airflow/example_dags/example_task_group.py
[2024-10-03T22:18:25.772+0000] {logging_mixin.py:190} INFO - [2024-10-03T22:18:25.771+0000] {dag.py:3229} INFO - Sync 1 DAGs
[2024-10-03T22:18:25.802+0000] {logging_mixin.py:190} INFO - [2024-10-03T22:18:25.801+0000] {dag.py:4156} INFO - Setting next_dagrun for example_task_group to None, run_after=None
[2024-10-03T22:18:25.835+0000] {processor.py:208} INFO - Processing /home/airflow/.local/lib/python3.12/site-packages/airflow/example_dags/example_task_group.py took 0.131 seconds
[2024-10-03T22:18:56.310+0000] {processor.py:186} INFO - Started process (PID=1726) to work on /home/airflow/.local/lib/python3.12/site-packages/airflow/example_dags/example_task_group.py
[2024-10-03T22:18:56.311+0000] {processor.py:914} INFO - Processing file /home/airflow/.local/lib/python3.12/site-packages/airflow/example_dags/example_task_group.py for tasks to queue
[2024-10-03T22:18:56.314+0000] {logging_mixin.py:190} INFO - [2024-10-03T22:18:56.314+0000] {dagbag.py:587} INFO - Filling up the DagBag from /home/airflow/.local/lib/python3.12/site-packages/airflow/example_dags/example_task_group.py
[2024-10-03T22:18:56.324+0000] {processor.py:925} INFO - DAG(s) 'example_task_group' retrieved from /home/airflow/.local/lib/python3.12/site-packages/airflow/example_dags/example_task_group.py
[2024-10-03T22:18:56.352+0000] {logging_mixin.py:190} INFO - [2024-10-03T22:18:56.351+0000] {dag.py:3229} INFO - Sync 1 DAGs
[2024-10-03T22:18:56.370+0000] {logging_mixin.py:190} INFO - [2024-10-03T22:18:56.370+0000] {dag.py:4156} INFO - Setting next_dagrun for example_task_group to None, run_after=None
[2024-10-03T22:18:56.402+0000] {processor.py:208} INFO - Processing /home/airflow/.local/lib/python3.12/site-packages/airflow/example_dags/example_task_group.py took 0.098 seconds
[2024-10-03T22:19:26.469+0000] {processor.py:186} INFO - Started process (PID=1788) to work on /home/airflow/.local/lib/python3.12/site-packages/airflow/example_dags/example_task_group.py
[2024-10-03T22:19:26.470+0000] {processor.py:914} INFO - Processing file /home/airflow/.local/lib/python3.12/site-packages/airflow/example_dags/example_task_group.py for tasks to queue
[2024-10-03T22:19:26.472+0000] {logging_mixin.py:190} INFO - [2024-10-03T22:19:26.472+0000] {dagbag.py:587} INFO - Filling up the DagBag from /home/airflow/.local/lib/python3.12/site-packages/airflow/example_dags/example_task_group.py
[2024-10-03T22:19:26.483+0000] {processor.py:925} INFO - DAG(s) 'example_task_group' retrieved from /home/airflow/.local/lib/python3.12/site-packages/airflow/example_dags/example_task_group.py
[2024-10-03T22:19:26.515+0000] {logging_mixin.py:190} INFO - [2024-10-03T22:19:26.515+0000] {dag.py:3229} INFO - Sync 1 DAGs
[2024-10-03T22:19:26.538+0000] {logging_mixin.py:190} INFO - [2024-10-03T22:19:26.538+0000] {dag.py:4156} INFO - Setting next_dagrun for example_task_group to None, run_after=None
[2024-10-03T22:19:26.571+0000] {processor.py:208} INFO - Processing /home/airflow/.local/lib/python3.12/site-packages/airflow/example_dags/example_task_group.py took 0.109 seconds
[2024-10-03T22:19:56.802+0000] {processor.py:186} INFO - Started process (PID=1852) to work on /home/airflow/.local/lib/python3.12/site-packages/airflow/example_dags/example_task_group.py
[2024-10-03T22:19:56.803+0000] {processor.py:914} INFO - Processing file /home/airflow/.local/lib/python3.12/site-packages/airflow/example_dags/example_task_group.py for tasks to queue
[2024-10-03T22:19:56.806+0000] {logging_mixin.py:190} INFO - [2024-10-03T22:19:56.805+0000] {dagbag.py:587} INFO - Filling up the DagBag from /home/airflow/.local/lib/python3.12/site-packages/airflow/example_dags/example_task_group.py
[2024-10-03T22:19:56.819+0000] {processor.py:925} INFO - DAG(s) 'example_task_group' retrieved from /home/airflow/.local/lib/python3.12/site-packages/airflow/example_dags/example_task_group.py
[2024-10-03T22:19:56.858+0000] {logging_mixin.py:190} INFO - [2024-10-03T22:19:56.857+0000] {dag.py:3229} INFO - Sync 1 DAGs
[2024-10-03T22:19:56.878+0000] {logging_mixin.py:190} INFO - [2024-10-03T22:19:56.878+0000] {dag.py:4156} INFO - Setting next_dagrun for example_task_group to None, run_after=None
[2024-10-03T22:19:56.903+0000] {processor.py:208} INFO - Processing /home/airflow/.local/lib/python3.12/site-packages/airflow/example_dags/example_task_group.py took 0.108 seconds
[2024-10-03T22:20:27.063+0000] {processor.py:186} INFO - Started process (PID=1915) to work on /home/airflow/.local/lib/python3.12/site-packages/airflow/example_dags/example_task_group.py
[2024-10-03T22:20:27.064+0000] {processor.py:914} INFO - Processing file /home/airflow/.local/lib/python3.12/site-packages/airflow/example_dags/example_task_group.py for tasks to queue
[2024-10-03T22:20:27.068+0000] {logging_mixin.py:190} INFO - [2024-10-03T22:20:27.067+0000] {dagbag.py:587} INFO - Filling up the DagBag from /home/airflow/.local/lib/python3.12/site-packages/airflow/example_dags/example_task_group.py
[2024-10-03T22:20:27.080+0000] {processor.py:925} INFO - DAG(s) 'example_task_group' retrieved from /home/airflow/.local/lib/python3.12/site-packages/airflow/example_dags/example_task_group.py
[2024-10-03T22:20:27.107+0000] {logging_mixin.py:190} INFO - [2024-10-03T22:20:27.107+0000] {dag.py:3229} INFO - Sync 1 DAGs
[2024-10-03T22:20:27.130+0000] {logging_mixin.py:190} INFO - [2024-10-03T22:20:27.130+0000] {dag.py:4156} INFO - Setting next_dagrun for example_task_group to None, run_after=None
[2024-10-03T22:20:27.156+0000] {processor.py:208} INFO - Processing /home/airflow/.local/lib/python3.12/site-packages/airflow/example_dags/example_task_group.py took 0.104 seconds
[2024-10-03T22:20:57.446+0000] {processor.py:186} INFO - Started process (PID=1978) to work on /home/airflow/.local/lib/python3.12/site-packages/airflow/example_dags/example_task_group.py
[2024-10-03T22:20:57.448+0000] {processor.py:914} INFO - Processing file /home/airflow/.local/lib/python3.12/site-packages/airflow/example_dags/example_task_group.py for tasks to queue
[2024-10-03T22:20:57.451+0000] {logging_mixin.py:190} INFO - [2024-10-03T22:20:57.451+0000] {dagbag.py:587} INFO - Filling up the DagBag from /home/airflow/.local/lib/python3.12/site-packages/airflow/example_dags/example_task_group.py
[2024-10-03T22:20:57.463+0000] {processor.py:925} INFO - DAG(s) 'example_task_group' retrieved from /home/airflow/.local/lib/python3.12/site-packages/airflow/example_dags/example_task_group.py
[2024-10-03T22:20:57.492+0000] {logging_mixin.py:190} INFO - [2024-10-03T22:20:57.492+0000] {dag.py:3229} INFO - Sync 1 DAGs
[2024-10-03T22:20:57.511+0000] {logging_mixin.py:190} INFO - [2024-10-03T22:20:57.510+0000] {dag.py:4156} INFO - Setting next_dagrun for example_task_group to None, run_after=None
[2024-10-03T22:20:57.542+0000] {processor.py:208} INFO - Processing /home/airflow/.local/lib/python3.12/site-packages/airflow/example_dags/example_task_group.py took 0.103 seconds
[2024-10-03T22:21:27.708+0000] {processor.py:186} INFO - Started process (PID=2041) to work on /home/airflow/.local/lib/python3.12/site-packages/airflow/example_dags/example_task_group.py
[2024-10-03T22:21:27.709+0000] {processor.py:914} INFO - Processing file /home/airflow/.local/lib/python3.12/site-packages/airflow/example_dags/example_task_group.py for tasks to queue
[2024-10-03T22:21:27.713+0000] {logging_mixin.py:190} INFO - [2024-10-03T22:21:27.713+0000] {dagbag.py:587} INFO - Filling up the DagBag from /home/airflow/.local/lib/python3.12/site-packages/airflow/example_dags/example_task_group.py
[2024-10-03T22:21:27.724+0000] {processor.py:925} INFO - DAG(s) 'example_task_group' retrieved from /home/airflow/.local/lib/python3.12/site-packages/airflow/example_dags/example_task_group.py
[2024-10-03T22:21:27.756+0000] {logging_mixin.py:190} INFO - [2024-10-03T22:21:27.756+0000] {dag.py:3229} INFO - Sync 1 DAGs
[2024-10-03T22:21:27.775+0000] {logging_mixin.py:190} INFO - [2024-10-03T22:21:27.775+0000] {dag.py:4156} INFO - Setting next_dagrun for example_task_group to None, run_after=None
[2024-10-03T22:21:27.801+0000] {processor.py:208} INFO - Processing /home/airflow/.local/lib/python3.12/site-packages/airflow/example_dags/example_task_group.py took 0.101 seconds
[2024-10-03T22:21:58.621+0000] {processor.py:186} INFO - Started process (PID=2104) to work on /home/airflow/.local/lib/python3.12/site-packages/airflow/example_dags/example_task_group.py
[2024-10-03T22:21:58.622+0000] {processor.py:914} INFO - Processing file /home/airflow/.local/lib/python3.12/site-packages/airflow/example_dags/example_task_group.py for tasks to queue
[2024-10-03T22:21:58.625+0000] {logging_mixin.py:190} INFO - [2024-10-03T22:21:58.625+0000] {dagbag.py:587} INFO - Filling up the DagBag from /home/airflow/.local/lib/python3.12/site-packages/airflow/example_dags/example_task_group.py
[2024-10-03T22:21:58.638+0000] {processor.py:925} INFO - DAG(s) 'example_task_group' retrieved from /home/airflow/.local/lib/python3.12/site-packages/airflow/example_dags/example_task_group.py
[2024-10-03T22:21:58.670+0000] {logging_mixin.py:190} INFO - [2024-10-03T22:21:58.670+0000] {dag.py:3229} INFO - Sync 1 DAGs
[2024-10-03T22:21:58.691+0000] {logging_mixin.py:190} INFO - [2024-10-03T22:21:58.691+0000] {dag.py:4156} INFO - Setting next_dagrun for example_task_group to None, run_after=None
[2024-10-03T22:21:58.732+0000] {processor.py:208} INFO - Processing /home/airflow/.local/lib/python3.12/site-packages/airflow/example_dags/example_task_group.py took 0.120 seconds
[2024-10-03T22:22:28.975+0000] {processor.py:186} INFO - Started process (PID=2167) to work on /home/airflow/.local/lib/python3.12/site-packages/airflow/example_dags/example_task_group.py
[2024-10-03T22:22:28.976+0000] {processor.py:914} INFO - Processing file /home/airflow/.local/lib/python3.12/site-packages/airflow/example_dags/example_task_group.py for tasks to queue
[2024-10-03T22:22:28.980+0000] {logging_mixin.py:190} INFO - [2024-10-03T22:22:28.979+0000] {dagbag.py:587} INFO - Filling up the DagBag from /home/airflow/.local/lib/python3.12/site-packages/airflow/example_dags/example_task_group.py
[2024-10-03T22:22:28.993+0000] {processor.py:925} INFO - DAG(s) 'example_task_group' retrieved from /home/airflow/.local/lib/python3.12/site-packages/airflow/example_dags/example_task_group.py
[2024-10-03T22:22:29.027+0000] {logging_mixin.py:190} INFO - [2024-10-03T22:22:29.027+0000] {dag.py:3229} INFO - Sync 1 DAGs
[2024-10-03T22:22:29.046+0000] {logging_mixin.py:190} INFO - [2024-10-03T22:22:29.045+0000] {dag.py:4156} INFO - Setting next_dagrun for example_task_group to None, run_after=None
[2024-10-03T22:22:29.080+0000] {processor.py:208} INFO - Processing /home/airflow/.local/lib/python3.12/site-packages/airflow/example_dags/example_task_group.py took 0.115 seconds
[2024-10-03T22:22:59.906+0000] {processor.py:186} INFO - Started process (PID=2229) to work on /home/airflow/.local/lib/python3.12/site-packages/airflow/example_dags/example_task_group.py
[2024-10-03T22:22:59.907+0000] {processor.py:914} INFO - Processing file /home/airflow/.local/lib/python3.12/site-packages/airflow/example_dags/example_task_group.py for tasks to queue
[2024-10-03T22:22:59.911+0000] {logging_mixin.py:190} INFO - [2024-10-03T22:22:59.910+0000] {dagbag.py:587} INFO - Filling up the DagBag from /home/airflow/.local/lib/python3.12/site-packages/airflow/example_dags/example_task_group.py
[2024-10-03T22:22:59.924+0000] {processor.py:925} INFO - DAG(s) 'example_task_group' retrieved from /home/airflow/.local/lib/python3.12/site-packages/airflow/example_dags/example_task_group.py
[2024-10-03T22:22:59.961+0000] {logging_mixin.py:190} INFO - [2024-10-03T22:22:59.960+0000] {dag.py:3229} INFO - Sync 1 DAGs
[2024-10-03T22:22:59.983+0000] {logging_mixin.py:190} INFO - [2024-10-03T22:22:59.983+0000] {dag.py:4156} INFO - Setting next_dagrun for example_task_group to None, run_after=None
[2024-10-03T22:23:00.029+0000] {processor.py:208} INFO - Processing /home/airflow/.local/lib/python3.12/site-packages/airflow/example_dags/example_task_group.py took 0.133 seconds
[2024-10-03T22:23:30.411+0000] {processor.py:186} INFO - Started process (PID=2292) to work on /home/airflow/.local/lib/python3.12/site-packages/airflow/example_dags/example_task_group.py
[2024-10-03T22:23:30.413+0000] {processor.py:914} INFO - Processing file /home/airflow/.local/lib/python3.12/site-packages/airflow/example_dags/example_task_group.py for tasks to queue
[2024-10-03T22:23:30.419+0000] {logging_mixin.py:190} INFO - [2024-10-03T22:23:30.419+0000] {dagbag.py:587} INFO - Filling up the DagBag from /home/airflow/.local/lib/python3.12/site-packages/airflow/example_dags/example_task_group.py
[2024-10-03T22:23:30.439+0000] {processor.py:925} INFO - DAG(s) 'example_task_group' retrieved from /home/airflow/.local/lib/python3.12/site-packages/airflow/example_dags/example_task_group.py
[2024-10-03T22:23:30.489+0000] {logging_mixin.py:190} INFO - [2024-10-03T22:23:30.488+0000] {dag.py:3229} INFO - Sync 1 DAGs
[2024-10-03T22:23:30.534+0000] {logging_mixin.py:190} INFO - [2024-10-03T22:23:30.534+0000] {dag.py:4156} INFO - Setting next_dagrun for example_task_group to None, run_after=None
[2024-10-03T22:23:30.589+0000] {processor.py:208} INFO - Processing /home/airflow/.local/lib/python3.12/site-packages/airflow/example_dags/example_task_group.py took 0.196 seconds
[2024-10-03T22:24:01.070+0000] {processor.py:186} INFO - Started process (PID=2355) to work on /home/airflow/.local/lib/python3.12/site-packages/airflow/example_dags/example_task_group.py
[2024-10-03T22:24:01.071+0000] {processor.py:914} INFO - Processing file /home/airflow/.local/lib/python3.12/site-packages/airflow/example_dags/example_task_group.py for tasks to queue
[2024-10-03T22:24:01.074+0000] {logging_mixin.py:190} INFO - [2024-10-03T22:24:01.074+0000] {dagbag.py:587} INFO - Filling up the DagBag from /home/airflow/.local/lib/python3.12/site-packages/airflow/example_dags/example_task_group.py
[2024-10-03T22:24:01.085+0000] {processor.py:925} INFO - DAG(s) 'example_task_group' retrieved from /home/airflow/.local/lib/python3.12/site-packages/airflow/example_dags/example_task_group.py
[2024-10-03T22:24:01.121+0000] {logging_mixin.py:190} INFO - [2024-10-03T22:24:01.121+0000] {dag.py:3229} INFO - Sync 1 DAGs
[2024-10-03T22:24:01.143+0000] {logging_mixin.py:190} INFO - [2024-10-03T22:24:01.143+0000] {dag.py:4156} INFO - Setting next_dagrun for example_task_group to None, run_after=None
[2024-10-03T22:24:01.170+0000] {processor.py:208} INFO - Processing /home/airflow/.local/lib/python3.12/site-packages/airflow/example_dags/example_task_group.py took 0.110 seconds
[2024-10-03T22:24:31.899+0000] {processor.py:186} INFO - Started process (PID=2416) to work on /home/airflow/.local/lib/python3.12/site-packages/airflow/example_dags/example_task_group.py
[2024-10-03T22:24:31.900+0000] {processor.py:914} INFO - Processing file /home/airflow/.local/lib/python3.12/site-packages/airflow/example_dags/example_task_group.py for tasks to queue
[2024-10-03T22:24:31.904+0000] {logging_mixin.py:190} INFO - [2024-10-03T22:24:31.903+0000] {dagbag.py:587} INFO - Filling up the DagBag from /home/airflow/.local/lib/python3.12/site-packages/airflow/example_dags/example_task_group.py
[2024-10-03T22:24:31.918+0000] {processor.py:925} INFO - DAG(s) 'example_task_group' retrieved from /home/airflow/.local/lib/python3.12/site-packages/airflow/example_dags/example_task_group.py
[2024-10-03T22:24:31.952+0000] {logging_mixin.py:190} INFO - [2024-10-03T22:24:31.951+0000] {dag.py:3229} INFO - Sync 1 DAGs
[2024-10-03T22:24:31.982+0000] {logging_mixin.py:190} INFO - [2024-10-03T22:24:31.981+0000] {dag.py:4156} INFO - Setting next_dagrun for example_task_group to None, run_after=None
[2024-10-03T22:24:32.027+0000] {processor.py:208} INFO - Processing /home/airflow/.local/lib/python3.12/site-packages/airflow/example_dags/example_task_group.py took 0.138 seconds
[2024-10-03T22:25:02.765+0000] {processor.py:186} INFO - Started process (PID=2479) to work on /home/airflow/.local/lib/python3.12/site-packages/airflow/example_dags/example_task_group.py
[2024-10-03T22:25:02.766+0000] {processor.py:914} INFO - Processing file /home/airflow/.local/lib/python3.12/site-packages/airflow/example_dags/example_task_group.py for tasks to queue
[2024-10-03T22:25:02.771+0000] {logging_mixin.py:190} INFO - [2024-10-03T22:25:02.770+0000] {dagbag.py:587} INFO - Filling up the DagBag from /home/airflow/.local/lib/python3.12/site-packages/airflow/example_dags/example_task_group.py
[2024-10-03T22:25:02.784+0000] {processor.py:925} INFO - DAG(s) 'example_task_group' retrieved from /home/airflow/.local/lib/python3.12/site-packages/airflow/example_dags/example_task_group.py
[2024-10-03T22:25:02.837+0000] {logging_mixin.py:190} INFO - [2024-10-03T22:25:02.837+0000] {dag.py:3229} INFO - Sync 1 DAGs
[2024-10-03T22:25:02.882+0000] {logging_mixin.py:190} INFO - [2024-10-03T22:25:02.882+0000] {dag.py:4156} INFO - Setting next_dagrun for example_task_group to None, run_after=None
[2024-10-03T22:25:02.929+0000] {processor.py:208} INFO - Processing /home/airflow/.local/lib/python3.12/site-packages/airflow/example_dags/example_task_group.py took 0.173 seconds
[2024-10-03T22:25:33.229+0000] {processor.py:186} INFO - Started process (PID=2542) to work on /home/airflow/.local/lib/python3.12/site-packages/airflow/example_dags/example_task_group.py
[2024-10-03T22:25:33.230+0000] {processor.py:914} INFO - Processing file /home/airflow/.local/lib/python3.12/site-packages/airflow/example_dags/example_task_group.py for tasks to queue
[2024-10-03T22:25:33.234+0000] {logging_mixin.py:190} INFO - [2024-10-03T22:25:33.233+0000] {dagbag.py:587} INFO - Filling up the DagBag from /home/airflow/.local/lib/python3.12/site-packages/airflow/example_dags/example_task_group.py
[2024-10-03T22:25:33.247+0000] {processor.py:925} INFO - DAG(s) 'example_task_group' retrieved from /home/airflow/.local/lib/python3.12/site-packages/airflow/example_dags/example_task_group.py
[2024-10-03T22:25:33.285+0000] {logging_mixin.py:190} INFO - [2024-10-03T22:25:33.285+0000] {dag.py:3229} INFO - Sync 1 DAGs
[2024-10-03T22:25:33.310+0000] {logging_mixin.py:190} INFO - [2024-10-03T22:25:33.310+0000] {dag.py:4156} INFO - Setting next_dagrun for example_task_group to None, run_after=None
[2024-10-03T22:25:33.342+0000] {processor.py:208} INFO - Processing /home/airflow/.local/lib/python3.12/site-packages/airflow/example_dags/example_task_group.py took 0.125 seconds
[2024-10-03T22:26:04.295+0000] {processor.py:186} INFO - Started process (PID=2605) to work on /home/airflow/.local/lib/python3.12/site-packages/airflow/example_dags/example_task_group.py
[2024-10-03T22:26:04.297+0000] {processor.py:914} INFO - Processing file /home/airflow/.local/lib/python3.12/site-packages/airflow/example_dags/example_task_group.py for tasks to queue
[2024-10-03T22:26:04.304+0000] {logging_mixin.py:190} INFO - [2024-10-03T22:26:04.301+0000] {dagbag.py:587} INFO - Filling up the DagBag from /home/airflow/.local/lib/python3.12/site-packages/airflow/example_dags/example_task_group.py
[2024-10-03T22:26:04.318+0000] {processor.py:925} INFO - DAG(s) 'example_task_group' retrieved from /home/airflow/.local/lib/python3.12/site-packages/airflow/example_dags/example_task_group.py
[2024-10-03T22:26:04.363+0000] {logging_mixin.py:190} INFO - [2024-10-03T22:26:04.362+0000] {dag.py:3229} INFO - Sync 1 DAGs
[2024-10-03T22:26:04.387+0000] {logging_mixin.py:190} INFO - [2024-10-03T22:26:04.387+0000] {dag.py:4156} INFO - Setting next_dagrun for example_task_group to None, run_after=None
[2024-10-03T22:26:04.413+0000] {processor.py:208} INFO - Processing /home/airflow/.local/lib/python3.12/site-packages/airflow/example_dags/example_task_group.py took 0.135 seconds
[2024-10-03T22:26:34.552+0000] {processor.py:186} INFO - Started process (PID=2668) to work on /home/airflow/.local/lib/python3.12/site-packages/airflow/example_dags/example_task_group.py
[2024-10-03T22:26:34.553+0000] {processor.py:914} INFO - Processing file /home/airflow/.local/lib/python3.12/site-packages/airflow/example_dags/example_task_group.py for tasks to queue
[2024-10-03T22:26:34.556+0000] {logging_mixin.py:190} INFO - [2024-10-03T22:26:34.556+0000] {dagbag.py:587} INFO - Filling up the DagBag from /home/airflow/.local/lib/python3.12/site-packages/airflow/example_dags/example_task_group.py
[2024-10-03T22:26:34.573+0000] {processor.py:925} INFO - DAG(s) 'example_task_group' retrieved from /home/airflow/.local/lib/python3.12/site-packages/airflow/example_dags/example_task_group.py
[2024-10-03T22:26:34.614+0000] {logging_mixin.py:190} INFO - [2024-10-03T22:26:34.614+0000] {dag.py:3229} INFO - Sync 1 DAGs
[2024-10-03T22:26:34.636+0000] {logging_mixin.py:190} INFO - [2024-10-03T22:26:34.636+0000] {dag.py:4156} INFO - Setting next_dagrun for example_task_group to None, run_after=None
[2024-10-03T22:26:34.674+0000] {processor.py:208} INFO - Processing /home/airflow/.local/lib/python3.12/site-packages/airflow/example_dags/example_task_group.py took 0.134 seconds
[2024-10-03T22:27:05.102+0000] {processor.py:186} INFO - Started process (PID=2732) to work on /home/airflow/.local/lib/python3.12/site-packages/airflow/example_dags/example_task_group.py
[2024-10-03T22:27:05.103+0000] {processor.py:914} INFO - Processing file /home/airflow/.local/lib/python3.12/site-packages/airflow/example_dags/example_task_group.py for tasks to queue
[2024-10-03T22:27:05.106+0000] {logging_mixin.py:190} INFO - [2024-10-03T22:27:05.105+0000] {dagbag.py:587} INFO - Filling up the DagBag from /home/airflow/.local/lib/python3.12/site-packages/airflow/example_dags/example_task_group.py
[2024-10-03T22:27:05.116+0000] {processor.py:925} INFO - DAG(s) 'example_task_group' retrieved from /home/airflow/.local/lib/python3.12/site-packages/airflow/example_dags/example_task_group.py
[2024-10-03T22:27:05.147+0000] {logging_mixin.py:190} INFO - [2024-10-03T22:27:05.146+0000] {dag.py:3229} INFO - Sync 1 DAGs
[2024-10-03T22:27:05.166+0000] {logging_mixin.py:190} INFO - [2024-10-03T22:27:05.166+0000] {dag.py:4156} INFO - Setting next_dagrun for example_task_group to None, run_after=None
[2024-10-03T22:27:05.206+0000] {processor.py:208} INFO - Processing /home/airflow/.local/lib/python3.12/site-packages/airflow/example_dags/example_task_group.py took 0.111 seconds
[2024-10-03T22:27:35.936+0000] {processor.py:186} INFO - Started process (PID=2795) to work on /home/airflow/.local/lib/python3.12/site-packages/airflow/example_dags/example_task_group.py
[2024-10-03T22:27:35.937+0000] {processor.py:914} INFO - Processing file /home/airflow/.local/lib/python3.12/site-packages/airflow/example_dags/example_task_group.py for tasks to queue
[2024-10-03T22:27:35.941+0000] {logging_mixin.py:190} INFO - [2024-10-03T22:27:35.940+0000] {dagbag.py:587} INFO - Filling up the DagBag from /home/airflow/.local/lib/python3.12/site-packages/airflow/example_dags/example_task_group.py
[2024-10-03T22:27:35.957+0000] {processor.py:925} INFO - DAG(s) 'example_task_group' retrieved from /home/airflow/.local/lib/python3.12/site-packages/airflow/example_dags/example_task_group.py
[2024-10-03T22:27:35.992+0000] {logging_mixin.py:190} INFO - [2024-10-03T22:27:35.992+0000] {dag.py:3229} INFO - Sync 1 DAGs
[2024-10-03T22:27:36.023+0000] {logging_mixin.py:190} INFO - [2024-10-03T22:27:36.023+0000] {dag.py:4156} INFO - Setting next_dagrun for example_task_group to None, run_after=None
[2024-10-03T22:27:36.057+0000] {processor.py:208} INFO - Processing /home/airflow/.local/lib/python3.12/site-packages/airflow/example_dags/example_task_group.py took 0.133 seconds
[2024-10-03T22:28:06.672+0000] {processor.py:186} INFO - Started process (PID=2858) to work on /home/airflow/.local/lib/python3.12/site-packages/airflow/example_dags/example_task_group.py
[2024-10-03T22:28:06.674+0000] {processor.py:914} INFO - Processing file /home/airflow/.local/lib/python3.12/site-packages/airflow/example_dags/example_task_group.py for tasks to queue
[2024-10-03T22:28:06.678+0000] {logging_mixin.py:190} INFO - [2024-10-03T22:28:06.678+0000] {dagbag.py:587} INFO - Filling up the DagBag from /home/airflow/.local/lib/python3.12/site-packages/airflow/example_dags/example_task_group.py
[2024-10-03T22:28:06.694+0000] {processor.py:925} INFO - DAG(s) 'example_task_group' retrieved from /home/airflow/.local/lib/python3.12/site-packages/airflow/example_dags/example_task_group.py
[2024-10-03T22:28:06.750+0000] {logging_mixin.py:190} INFO - [2024-10-03T22:28:06.750+0000] {dag.py:3229} INFO - Sync 1 DAGs
[2024-10-03T22:28:06.792+0000] {logging_mixin.py:190} INFO - [2024-10-03T22:28:06.791+0000] {dag.py:4156} INFO - Setting next_dagrun for example_task_group to None, run_after=None
[2024-10-03T22:28:06.833+0000] {processor.py:208} INFO - Processing /home/airflow/.local/lib/python3.12/site-packages/airflow/example_dags/example_task_group.py took 0.171 seconds
[2024-10-03T22:28:36.998+0000] {processor.py:186} INFO - Started process (PID=2921) to work on /home/airflow/.local/lib/python3.12/site-packages/airflow/example_dags/example_task_group.py
[2024-10-03T22:28:37.000+0000] {processor.py:914} INFO - Processing file /home/airflow/.local/lib/python3.12/site-packages/airflow/example_dags/example_task_group.py for tasks to queue
[2024-10-03T22:28:37.010+0000] {logging_mixin.py:190} INFO - [2024-10-03T22:28:37.010+0000] {dagbag.py:587} INFO - Filling up the DagBag from /home/airflow/.local/lib/python3.12/site-packages/airflow/example_dags/example_task_group.py
[2024-10-03T22:28:37.039+0000] {processor.py:925} INFO - DAG(s) 'example_task_group' retrieved from /home/airflow/.local/lib/python3.12/site-packages/airflow/example_dags/example_task_group.py
[2024-10-03T22:28:37.112+0000] {logging_mixin.py:190} INFO - [2024-10-03T22:28:37.112+0000] {dag.py:3229} INFO - Sync 1 DAGs
[2024-10-03T22:28:37.149+0000] {logging_mixin.py:190} INFO - [2024-10-03T22:28:37.149+0000] {dag.py:4156} INFO - Setting next_dagrun for example_task_group to None, run_after=None
[2024-10-03T22:28:37.207+0000] {processor.py:208} INFO - Processing /home/airflow/.local/lib/python3.12/site-packages/airflow/example_dags/example_task_group.py took 0.226 seconds
[2024-10-03T22:29:07.768+0000] {processor.py:186} INFO - Started process (PID=2984) to work on /home/airflow/.local/lib/python3.12/site-packages/airflow/example_dags/example_task_group.py
[2024-10-03T22:29:07.769+0000] {processor.py:914} INFO - Processing file /home/airflow/.local/lib/python3.12/site-packages/airflow/example_dags/example_task_group.py for tasks to queue
[2024-10-03T22:29:07.773+0000] {logging_mixin.py:190} INFO - [2024-10-03T22:29:07.772+0000] {dagbag.py:587} INFO - Filling up the DagBag from /home/airflow/.local/lib/python3.12/site-packages/airflow/example_dags/example_task_group.py
[2024-10-03T22:29:07.785+0000] {processor.py:925} INFO - DAG(s) 'example_task_group' retrieved from /home/airflow/.local/lib/python3.12/site-packages/airflow/example_dags/example_task_group.py
[2024-10-03T22:29:07.840+0000] {logging_mixin.py:190} INFO - [2024-10-03T22:29:07.839+0000] {dag.py:3229} INFO - Sync 1 DAGs
[2024-10-03T22:29:07.863+0000] {logging_mixin.py:190} INFO - [2024-10-03T22:29:07.862+0000] {dag.py:4156} INFO - Setting next_dagrun for example_task_group to None, run_after=None
[2024-10-03T22:29:07.912+0000] {processor.py:208} INFO - Processing /home/airflow/.local/lib/python3.12/site-packages/airflow/example_dags/example_task_group.py took 0.154 seconds
[2024-10-03T22:29:38.407+0000] {processor.py:186} INFO - Started process (PID=3047) to work on /home/airflow/.local/lib/python3.12/site-packages/airflow/example_dags/example_task_group.py
[2024-10-03T22:29:38.409+0000] {processor.py:914} INFO - Processing file /home/airflow/.local/lib/python3.12/site-packages/airflow/example_dags/example_task_group.py for tasks to queue
[2024-10-03T22:29:38.412+0000] {logging_mixin.py:190} INFO - [2024-10-03T22:29:38.412+0000] {dagbag.py:587} INFO - Filling up the DagBag from /home/airflow/.local/lib/python3.12/site-packages/airflow/example_dags/example_task_group.py
[2024-10-03T22:29:38.424+0000] {processor.py:925} INFO - DAG(s) 'example_task_group' retrieved from /home/airflow/.local/lib/python3.12/site-packages/airflow/example_dags/example_task_group.py
[2024-10-03T22:29:38.459+0000] {logging_mixin.py:190} INFO - [2024-10-03T22:29:38.458+0000] {dag.py:3229} INFO - Sync 1 DAGs
[2024-10-03T22:29:38.482+0000] {logging_mixin.py:190} INFO - [2024-10-03T22:29:38.481+0000] {dag.py:4156} INFO - Setting next_dagrun for example_task_group to None, run_after=None
[2024-10-03T22:29:38.519+0000] {processor.py:208} INFO - Processing /home/airflow/.local/lib/python3.12/site-packages/airflow/example_dags/example_task_group.py took 0.122 seconds
[2024-10-03T22:30:08.713+0000] {processor.py:186} INFO - Started process (PID=3110) to work on /home/airflow/.local/lib/python3.12/site-packages/airflow/example_dags/example_task_group.py
[2024-10-03T22:30:08.714+0000] {processor.py:914} INFO - Processing file /home/airflow/.local/lib/python3.12/site-packages/airflow/example_dags/example_task_group.py for tasks to queue
[2024-10-03T22:30:08.719+0000] {logging_mixin.py:190} INFO - [2024-10-03T22:30:08.718+0000] {dagbag.py:587} INFO - Filling up the DagBag from /home/airflow/.local/lib/python3.12/site-packages/airflow/example_dags/example_task_group.py
[2024-10-03T22:30:08.732+0000] {processor.py:925} INFO - DAG(s) 'example_task_group' retrieved from /home/airflow/.local/lib/python3.12/site-packages/airflow/example_dags/example_task_group.py
[2024-10-03T22:30:08.767+0000] {logging_mixin.py:190} INFO - [2024-10-03T22:30:08.767+0000] {dag.py:3229} INFO - Sync 1 DAGs
[2024-10-03T22:30:08.786+0000] {logging_mixin.py:190} INFO - [2024-10-03T22:30:08.786+0000] {dag.py:4156} INFO - Setting next_dagrun for example_task_group to None, run_after=None
[2024-10-03T22:30:08.825+0000] {processor.py:208} INFO - Processing /home/airflow/.local/lib/python3.12/site-packages/airflow/example_dags/example_task_group.py took 0.119 seconds
[2024-10-03T22:30:39.166+0000] {processor.py:186} INFO - Started process (PID=3173) to work on /home/airflow/.local/lib/python3.12/site-packages/airflow/example_dags/example_task_group.py
[2024-10-03T22:30:39.168+0000] {processor.py:914} INFO - Processing file /home/airflow/.local/lib/python3.12/site-packages/airflow/example_dags/example_task_group.py for tasks to queue
[2024-10-03T22:30:39.170+0000] {logging_mixin.py:190} INFO - [2024-10-03T22:30:39.170+0000] {dagbag.py:587} INFO - Filling up the DagBag from /home/airflow/.local/lib/python3.12/site-packages/airflow/example_dags/example_task_group.py
[2024-10-03T22:30:39.182+0000] {processor.py:925} INFO - DAG(s) 'example_task_group' retrieved from /home/airflow/.local/lib/python3.12/site-packages/airflow/example_dags/example_task_group.py
[2024-10-03T22:30:39.216+0000] {logging_mixin.py:190} INFO - [2024-10-03T22:30:39.215+0000] {dag.py:3229} INFO - Sync 1 DAGs
[2024-10-03T22:30:39.239+0000] {logging_mixin.py:190} INFO - [2024-10-03T22:30:39.239+0000] {dag.py:4156} INFO - Setting next_dagrun for example_task_group to None, run_after=None
[2024-10-03T22:30:39.279+0000] {processor.py:208} INFO - Processing /home/airflow/.local/lib/python3.12/site-packages/airflow/example_dags/example_task_group.py took 0.120 seconds
[2024-10-03T22:31:09.708+0000] {processor.py:186} INFO - Started process (PID=3235) to work on /home/airflow/.local/lib/python3.12/site-packages/airflow/example_dags/example_task_group.py
[2024-10-03T22:31:09.709+0000] {processor.py:914} INFO - Processing file /home/airflow/.local/lib/python3.12/site-packages/airflow/example_dags/example_task_group.py for tasks to queue
[2024-10-03T22:31:09.712+0000] {logging_mixin.py:190} INFO - [2024-10-03T22:31:09.712+0000] {dagbag.py:587} INFO - Filling up the DagBag from /home/airflow/.local/lib/python3.12/site-packages/airflow/example_dags/example_task_group.py
[2024-10-03T22:31:09.726+0000] {processor.py:925} INFO - DAG(s) 'example_task_group' retrieved from /home/airflow/.local/lib/python3.12/site-packages/airflow/example_dags/example_task_group.py
[2024-10-03T22:31:09.756+0000] {logging_mixin.py:190} INFO - [2024-10-03T22:31:09.755+0000] {dag.py:3229} INFO - Sync 1 DAGs
[2024-10-03T22:31:09.776+0000] {logging_mixin.py:190} INFO - [2024-10-03T22:31:09.776+0000] {dag.py:4156} INFO - Setting next_dagrun for example_task_group to None, run_after=None
[2024-10-03T22:31:09.806+0000] {processor.py:208} INFO - Processing /home/airflow/.local/lib/python3.12/site-packages/airflow/example_dags/example_task_group.py took 0.106 seconds
[2024-10-03T22:31:40.265+0000] {processor.py:186} INFO - Started process (PID=3298) to work on /home/airflow/.local/lib/python3.12/site-packages/airflow/example_dags/example_task_group.py
[2024-10-03T22:31:40.267+0000] {processor.py:914} INFO - Processing file /home/airflow/.local/lib/python3.12/site-packages/airflow/example_dags/example_task_group.py for tasks to queue
[2024-10-03T22:31:40.270+0000] {logging_mixin.py:190} INFO - [2024-10-03T22:31:40.269+0000] {dagbag.py:587} INFO - Filling up the DagBag from /home/airflow/.local/lib/python3.12/site-packages/airflow/example_dags/example_task_group.py
[2024-10-03T22:31:40.283+0000] {processor.py:925} INFO - DAG(s) 'example_task_group' retrieved from /home/airflow/.local/lib/python3.12/site-packages/airflow/example_dags/example_task_group.py
[2024-10-03T22:31:40.318+0000] {logging_mixin.py:190} INFO - [2024-10-03T22:31:40.318+0000] {dag.py:3229} INFO - Sync 1 DAGs
[2024-10-03T22:31:40.339+0000] {logging_mixin.py:190} INFO - [2024-10-03T22:31:40.339+0000] {dag.py:4156} INFO - Setting next_dagrun for example_task_group to None, run_after=None
[2024-10-03T22:31:40.373+0000] {processor.py:208} INFO - Processing /home/airflow/.local/lib/python3.12/site-packages/airflow/example_dags/example_task_group.py took 0.115 seconds
[2024-10-03T22:32:11.118+0000] {processor.py:186} INFO - Started process (PID=3361) to work on /home/airflow/.local/lib/python3.12/site-packages/airflow/example_dags/example_task_group.py
[2024-10-03T22:32:11.120+0000] {processor.py:914} INFO - Processing file /home/airflow/.local/lib/python3.12/site-packages/airflow/example_dags/example_task_group.py for tasks to queue
[2024-10-03T22:32:11.127+0000] {logging_mixin.py:190} INFO - [2024-10-03T22:32:11.127+0000] {dagbag.py:587} INFO - Filling up the DagBag from /home/airflow/.local/lib/python3.12/site-packages/airflow/example_dags/example_task_group.py
[2024-10-03T22:32:11.147+0000] {processor.py:925} INFO - DAG(s) 'example_task_group' retrieved from /home/airflow/.local/lib/python3.12/site-packages/airflow/example_dags/example_task_group.py
[2024-10-03T22:32:11.210+0000] {logging_mixin.py:190} INFO - [2024-10-03T22:32:11.209+0000] {dag.py:3229} INFO - Sync 1 DAGs
[2024-10-03T22:32:11.238+0000] {logging_mixin.py:190} INFO - [2024-10-03T22:32:11.238+0000] {dag.py:4156} INFO - Setting next_dagrun for example_task_group to None, run_after=None
[2024-10-03T22:32:11.285+0000] {processor.py:208} INFO - Processing /home/airflow/.local/lib/python3.12/site-packages/airflow/example_dags/example_task_group.py took 0.182 seconds
[2024-10-03T22:32:41.598+0000] {processor.py:186} INFO - Started process (PID=3424) to work on /home/airflow/.local/lib/python3.12/site-packages/airflow/example_dags/example_task_group.py
[2024-10-03T22:32:41.599+0000] {processor.py:914} INFO - Processing file /home/airflow/.local/lib/python3.12/site-packages/airflow/example_dags/example_task_group.py for tasks to queue
[2024-10-03T22:32:41.603+0000] {logging_mixin.py:190} INFO - [2024-10-03T22:32:41.602+0000] {dagbag.py:587} INFO - Filling up the DagBag from /home/airflow/.local/lib/python3.12/site-packages/airflow/example_dags/example_task_group.py
[2024-10-03T22:32:41.629+0000] {processor.py:925} INFO - DAG(s) 'example_task_group' retrieved from /home/airflow/.local/lib/python3.12/site-packages/airflow/example_dags/example_task_group.py
[2024-10-03T22:32:41.667+0000] {logging_mixin.py:190} INFO - [2024-10-03T22:32:41.667+0000] {dag.py:3229} INFO - Sync 1 DAGs
[2024-10-03T22:32:41.695+0000] {logging_mixin.py:190} INFO - [2024-10-03T22:32:41.695+0000] {dag.py:4156} INFO - Setting next_dagrun for example_task_group to None, run_after=None
[2024-10-03T22:32:41.732+0000] {processor.py:208} INFO - Processing /home/airflow/.local/lib/python3.12/site-packages/airflow/example_dags/example_task_group.py took 0.147 seconds
[2024-10-03T22:33:12.562+0000] {processor.py:186} INFO - Started process (PID=3487) to work on /home/airflow/.local/lib/python3.12/site-packages/airflow/example_dags/example_task_group.py
[2024-10-03T22:33:12.564+0000] {processor.py:914} INFO - Processing file /home/airflow/.local/lib/python3.12/site-packages/airflow/example_dags/example_task_group.py for tasks to queue
[2024-10-03T22:33:12.568+0000] {logging_mixin.py:190} INFO - [2024-10-03T22:33:12.567+0000] {dagbag.py:587} INFO - Filling up the DagBag from /home/airflow/.local/lib/python3.12/site-packages/airflow/example_dags/example_task_group.py
[2024-10-03T22:33:12.588+0000] {processor.py:925} INFO - DAG(s) 'example_task_group' retrieved from /home/airflow/.local/lib/python3.12/site-packages/airflow/example_dags/example_task_group.py
[2024-10-03T22:33:12.625+0000] {logging_mixin.py:190} INFO - [2024-10-03T22:33:12.624+0000] {dag.py:3229} INFO - Sync 1 DAGs
[2024-10-03T22:33:12.649+0000] {logging_mixin.py:190} INFO - [2024-10-03T22:33:12.649+0000] {dag.py:4156} INFO - Setting next_dagrun for example_task_group to None, run_after=None
[2024-10-03T22:33:12.677+0000] {processor.py:208} INFO - Processing /home/airflow/.local/lib/python3.12/site-packages/airflow/example_dags/example_task_group.py took 0.124 seconds
[2024-10-03T22:33:43.043+0000] {processor.py:186} INFO - Started process (PID=3550) to work on /home/airflow/.local/lib/python3.12/site-packages/airflow/example_dags/example_task_group.py
[2024-10-03T22:33:43.045+0000] {processor.py:914} INFO - Processing file /home/airflow/.local/lib/python3.12/site-packages/airflow/example_dags/example_task_group.py for tasks to queue
[2024-10-03T22:33:43.052+0000] {logging_mixin.py:190} INFO - [2024-10-03T22:33:43.051+0000] {dagbag.py:587} INFO - Filling up the DagBag from /home/airflow/.local/lib/python3.12/site-packages/airflow/example_dags/example_task_group.py
[2024-10-03T22:33:43.068+0000] {processor.py:925} INFO - DAG(s) 'example_task_group' retrieved from /home/airflow/.local/lib/python3.12/site-packages/airflow/example_dags/example_task_group.py
[2024-10-03T22:33:43.118+0000] {logging_mixin.py:190} INFO - [2024-10-03T22:33:43.118+0000] {dag.py:3229} INFO - Sync 1 DAGs
[2024-10-03T22:33:43.151+0000] {logging_mixin.py:190} INFO - [2024-10-03T22:33:43.150+0000] {dag.py:4156} INFO - Setting next_dagrun for example_task_group to None, run_after=None
[2024-10-03T22:33:43.187+0000] {processor.py:208} INFO - Processing /home/airflow/.local/lib/python3.12/site-packages/airflow/example_dags/example_task_group.py took 0.157 seconds
[2024-10-03T22:34:13.269+0000] {processor.py:186} INFO - Started process (PID=3612) to work on /home/airflow/.local/lib/python3.12/site-packages/airflow/example_dags/example_task_group.py
[2024-10-03T22:34:13.270+0000] {processor.py:914} INFO - Processing file /home/airflow/.local/lib/python3.12/site-packages/airflow/example_dags/example_task_group.py for tasks to queue
[2024-10-03T22:34:13.274+0000] {logging_mixin.py:190} INFO - [2024-10-03T22:34:13.274+0000] {dagbag.py:587} INFO - Filling up the DagBag from /home/airflow/.local/lib/python3.12/site-packages/airflow/example_dags/example_task_group.py
[2024-10-03T22:34:13.286+0000] {processor.py:925} INFO - DAG(s) 'example_task_group' retrieved from /home/airflow/.local/lib/python3.12/site-packages/airflow/example_dags/example_task_group.py
[2024-10-03T22:34:13.315+0000] {logging_mixin.py:190} INFO - [2024-10-03T22:34:13.315+0000] {dag.py:3229} INFO - Sync 1 DAGs
[2024-10-03T22:34:13.338+0000] {logging_mixin.py:190} INFO - [2024-10-03T22:34:13.338+0000] {dag.py:4156} INFO - Setting next_dagrun for example_task_group to None, run_after=None
[2024-10-03T22:34:13.372+0000] {processor.py:208} INFO - Processing /home/airflow/.local/lib/python3.12/site-packages/airflow/example_dags/example_task_group.py took 0.111 seconds
[2024-10-03T22:34:43.429+0000] {processor.py:186} INFO - Started process (PID=3675) to work on /home/airflow/.local/lib/python3.12/site-packages/airflow/example_dags/example_task_group.py
[2024-10-03T22:34:43.430+0000] {processor.py:914} INFO - Processing file /home/airflow/.local/lib/python3.12/site-packages/airflow/example_dags/example_task_group.py for tasks to queue
[2024-10-03T22:34:43.434+0000] {logging_mixin.py:190} INFO - [2024-10-03T22:34:43.433+0000] {dagbag.py:587} INFO - Filling up the DagBag from /home/airflow/.local/lib/python3.12/site-packages/airflow/example_dags/example_task_group.py
[2024-10-03T22:34:43.446+0000] {processor.py:925} INFO - DAG(s) 'example_task_group' retrieved from /home/airflow/.local/lib/python3.12/site-packages/airflow/example_dags/example_task_group.py
[2024-10-03T22:34:43.477+0000] {logging_mixin.py:190} INFO - [2024-10-03T22:34:43.476+0000] {dag.py:3229} INFO - Sync 1 DAGs
[2024-10-03T22:34:43.500+0000] {logging_mixin.py:190} INFO - [2024-10-03T22:34:43.499+0000] {dag.py:4156} INFO - Setting next_dagrun for example_task_group to None, run_after=None
[2024-10-03T22:34:43.529+0000] {processor.py:208} INFO - Processing /home/airflow/.local/lib/python3.12/site-packages/airflow/example_dags/example_task_group.py took 0.107 seconds
[2024-10-03T22:35:14.479+0000] {processor.py:186} INFO - Started process (PID=3738) to work on /home/airflow/.local/lib/python3.12/site-packages/airflow/example_dags/example_task_group.py
[2024-10-03T22:35:14.481+0000] {processor.py:914} INFO - Processing file /home/airflow/.local/lib/python3.12/site-packages/airflow/example_dags/example_task_group.py for tasks to queue
[2024-10-03T22:35:14.484+0000] {logging_mixin.py:190} INFO - [2024-10-03T22:35:14.484+0000] {dagbag.py:587} INFO - Filling up the DagBag from /home/airflow/.local/lib/python3.12/site-packages/airflow/example_dags/example_task_group.py
[2024-10-03T22:35:14.496+0000] {processor.py:925} INFO - DAG(s) 'example_task_group' retrieved from /home/airflow/.local/lib/python3.12/site-packages/airflow/example_dags/example_task_group.py
[2024-10-03T22:35:14.527+0000] {logging_mixin.py:190} INFO - [2024-10-03T22:35:14.527+0000] {dag.py:3229} INFO - Sync 1 DAGs
[2024-10-03T22:35:14.563+0000] {logging_mixin.py:190} INFO - [2024-10-03T22:35:14.562+0000] {dag.py:4156} INFO - Setting next_dagrun for example_task_group to None, run_after=None
[2024-10-03T22:35:14.602+0000] {processor.py:208} INFO - Processing /home/airflow/.local/lib/python3.12/site-packages/airflow/example_dags/example_task_group.py took 0.131 seconds
