[2024-10-03T22:05:37.963+0000] {processor.py:186} INFO - Started process (PID=88) to work on /home/airflow/.local/lib/python3.12/site-packages/airflow/example_dags/example_inlet_event_extra.py
[2024-10-03T22:05:37.968+0000] {processor.py:914} INFO - Processing file /home/airflow/.local/lib/python3.12/site-packages/airflow/example_dags/example_inlet_event_extra.py for tasks to queue
[2024-10-03T22:05:38.003+0000] {logging_mixin.py:190} INFO - [2024-10-03T22:05:37.998+0000] {dagbag.py:587} INFO - Filling up the DagBag from /home/airflow/.local/lib/python3.12/site-packages/airflow/example_dags/example_inlet_event_extra.py
[2024-10-03T22:05:39.767+0000] {processor.py:925} INFO - DAG(s) 'read_dataset_event_from_classic', 'read_dataset_event' retrieved from /home/airflow/.local/lib/python3.12/site-packages/airflow/example_dags/example_inlet_event_extra.py
[2024-10-03T22:05:39.940+0000] {logging_mixin.py:190} INFO - [2024-10-03T22:05:39.940+0000] {dag.py:3229} INFO - Sync 2 DAGs
[2024-10-03T22:05:40.172+0000] {logging_mixin.py:190} INFO - [2024-10-03T22:05:40.171+0000] {dag.py:4156} INFO - Setting next_dagrun for read_dataset_event to 2024-10-02 00:00:00+00:00, run_after=2024-10-03 00:00:00+00:00
[2024-10-03T22:05:40.205+0000] {logging_mixin.py:190} INFO - [2024-10-03T22:05:40.204+0000] {dag.py:4156} INFO - Setting next_dagrun for read_dataset_event_from_classic to 2024-10-02 00:00:00+00:00, run_after=2024-10-03 00:00:00+00:00
[2024-10-03T22:05:40.293+0000] {processor.py:208} INFO - Processing /home/airflow/.local/lib/python3.12/site-packages/airflow/example_dags/example_inlet_event_extra.py took 2.359 seconds
[2024-10-03T22:06:11.332+0000] {processor.py:186} INFO - Started process (PID=153) to work on /home/airflow/.local/lib/python3.12/site-packages/airflow/example_dags/example_inlet_event_extra.py
[2024-10-03T22:06:11.361+0000] {processor.py:914} INFO - Processing file /home/airflow/.local/lib/python3.12/site-packages/airflow/example_dags/example_inlet_event_extra.py for tasks to queue
[2024-10-03T22:06:11.379+0000] {logging_mixin.py:190} INFO - [2024-10-03T22:06:11.378+0000] {dagbag.py:587} INFO - Filling up the DagBag from /home/airflow/.local/lib/python3.12/site-packages/airflow/example_dags/example_inlet_event_extra.py
[2024-10-03T22:06:12.579+0000] {processor.py:925} INFO - DAG(s) 'read_dataset_event_from_classic', 'read_dataset_event' retrieved from /home/airflow/.local/lib/python3.12/site-packages/airflow/example_dags/example_inlet_event_extra.py
[2024-10-03T22:06:12.780+0000] {logging_mixin.py:190} INFO - [2024-10-03T22:06:12.780+0000] {dag.py:3229} INFO - Sync 2 DAGs
[2024-10-03T22:06:13.083+0000] {logging_mixin.py:190} INFO - [2024-10-03T22:06:13.083+0000] {dag.py:4156} INFO - Setting next_dagrun for read_dataset_event to 2024-10-02 00:00:00+00:00, run_after=2024-10-03 00:00:00+00:00
[2024-10-03T22:06:13.117+0000] {logging_mixin.py:190} INFO - [2024-10-03T22:06:13.116+0000] {dag.py:4156} INFO - Setting next_dagrun for read_dataset_event_from_classic to 2024-10-02 00:00:00+00:00, run_after=2024-10-03 00:00:00+00:00
[2024-10-03T22:06:13.492+0000] {processor.py:208} INFO - Processing /home/airflow/.local/lib/python3.12/site-packages/airflow/example_dags/example_inlet_event_extra.py took 2.238 seconds
[2024-10-03T22:06:43.855+0000] {processor.py:186} INFO - Started process (PID=224) to work on /home/airflow/.local/lib/python3.12/site-packages/airflow/example_dags/example_inlet_event_extra.py
[2024-10-03T22:06:43.856+0000] {processor.py:914} INFO - Processing file /home/airflow/.local/lib/python3.12/site-packages/airflow/example_dags/example_inlet_event_extra.py for tasks to queue
[2024-10-03T22:06:43.860+0000] {logging_mixin.py:190} INFO - [2024-10-03T22:06:43.859+0000] {dagbag.py:587} INFO - Filling up the DagBag from /home/airflow/.local/lib/python3.12/site-packages/airflow/example_dags/example_inlet_event_extra.py
[2024-10-03T22:06:44.683+0000] {processor.py:925} INFO - DAG(s) 'read_dataset_event', 'read_dataset_event_from_classic' retrieved from /home/airflow/.local/lib/python3.12/site-packages/airflow/example_dags/example_inlet_event_extra.py
[2024-10-03T22:06:44.785+0000] {logging_mixin.py:190} INFO - [2024-10-03T22:06:44.774+0000] {dag.py:3229} INFO - Sync 2 DAGs
[2024-10-03T22:06:44.933+0000] {logging_mixin.py:190} INFO - [2024-10-03T22:06:44.933+0000] {dag.py:4156} INFO - Setting next_dagrun for read_dataset_event to 2024-10-02 00:00:00+00:00, run_after=2024-10-03 00:00:00+00:00
[2024-10-03T22:06:44.966+0000] {logging_mixin.py:190} INFO - [2024-10-03T22:06:44.966+0000] {dag.py:4156} INFO - Setting next_dagrun for read_dataset_event_from_classic to 2024-10-02 00:00:00+00:00, run_after=2024-10-03 00:00:00+00:00
[2024-10-03T22:06:45.034+0000] {processor.py:208} INFO - Processing /home/airflow/.local/lib/python3.12/site-packages/airflow/example_dags/example_inlet_event_extra.py took 1.212 seconds
[2024-10-03T22:07:15.898+0000] {processor.py:186} INFO - Started process (PID=287) to work on /home/airflow/.local/lib/python3.12/site-packages/airflow/example_dags/example_inlet_event_extra.py
[2024-10-03T22:07:15.900+0000] {processor.py:914} INFO - Processing file /home/airflow/.local/lib/python3.12/site-packages/airflow/example_dags/example_inlet_event_extra.py for tasks to queue
[2024-10-03T22:07:15.912+0000] {logging_mixin.py:190} INFO - [2024-10-03T22:07:15.912+0000] {dagbag.py:587} INFO - Filling up the DagBag from /home/airflow/.local/lib/python3.12/site-packages/airflow/example_dags/example_inlet_event_extra.py
[2024-10-03T22:07:16.700+0000] {processor.py:925} INFO - DAG(s) 'read_dataset_event', 'read_dataset_event_from_classic' retrieved from /home/airflow/.local/lib/python3.12/site-packages/airflow/example_dags/example_inlet_event_extra.py
[2024-10-03T22:07:16.787+0000] {logging_mixin.py:190} INFO - [2024-10-03T22:07:16.786+0000] {dag.py:3229} INFO - Sync 2 DAGs
[2024-10-03T22:07:16.898+0000] {logging_mixin.py:190} INFO - [2024-10-03T22:07:16.897+0000] {dag.py:4156} INFO - Setting next_dagrun for read_dataset_event to 2024-10-02 00:00:00+00:00, run_after=2024-10-03 00:00:00+00:00
[2024-10-03T22:07:16.919+0000] {logging_mixin.py:190} INFO - [2024-10-03T22:07:16.918+0000] {dag.py:4156} INFO - Setting next_dagrun for read_dataset_event_from_classic to 2024-10-02 00:00:00+00:00, run_after=2024-10-03 00:00:00+00:00
[2024-10-03T22:07:16.982+0000] {processor.py:208} INFO - Processing /home/airflow/.local/lib/python3.12/site-packages/airflow/example_dags/example_inlet_event_extra.py took 1.108 seconds
[2024-10-03T22:07:48.202+0000] {processor.py:186} INFO - Started process (PID=352) to work on /home/airflow/.local/lib/python3.12/site-packages/airflow/example_dags/example_inlet_event_extra.py
[2024-10-03T22:07:48.204+0000] {processor.py:914} INFO - Processing file /home/airflow/.local/lib/python3.12/site-packages/airflow/example_dags/example_inlet_event_extra.py for tasks to queue
[2024-10-03T22:07:48.219+0000] {logging_mixin.py:190} INFO - [2024-10-03T22:07:48.219+0000] {dagbag.py:587} INFO - Filling up the DagBag from /home/airflow/.local/lib/python3.12/site-packages/airflow/example_dags/example_inlet_event_extra.py
[2024-10-03T22:07:49.836+0000] {processor.py:925} INFO - DAG(s) 'read_dataset_event', 'read_dataset_event_from_classic' retrieved from /home/airflow/.local/lib/python3.12/site-packages/airflow/example_dags/example_inlet_event_extra.py
[2024-10-03T22:07:50.014+0000] {logging_mixin.py:190} INFO - [2024-10-03T22:07:50.014+0000] {dag.py:3229} INFO - Sync 2 DAGs
[2024-10-03T22:07:50.379+0000] {logging_mixin.py:190} INFO - [2024-10-03T22:07:50.379+0000] {dag.py:4156} INFO - Setting next_dagrun for read_dataset_event to 2024-10-02 00:00:00+00:00, run_after=2024-10-03 00:00:00+00:00
[2024-10-03T22:07:50.428+0000] {logging_mixin.py:190} INFO - [2024-10-03T22:07:50.428+0000] {dag.py:4156} INFO - Setting next_dagrun for read_dataset_event_from_classic to 2024-10-02 00:00:00+00:00, run_after=2024-10-03 00:00:00+00:00
[2024-10-03T22:07:50.611+0000] {processor.py:208} INFO - Processing /home/airflow/.local/lib/python3.12/site-packages/airflow/example_dags/example_inlet_event_extra.py took 2.455 seconds
[2024-10-03T22:08:20.958+0000] {processor.py:186} INFO - Started process (PID=415) to work on /home/airflow/.local/lib/python3.12/site-packages/airflow/example_dags/example_inlet_event_extra.py
[2024-10-03T22:08:20.971+0000] {processor.py:914} INFO - Processing file /home/airflow/.local/lib/python3.12/site-packages/airflow/example_dags/example_inlet_event_extra.py for tasks to queue
[2024-10-03T22:08:20.974+0000] {logging_mixin.py:190} INFO - [2024-10-03T22:08:20.974+0000] {dagbag.py:587} INFO - Filling up the DagBag from /home/airflow/.local/lib/python3.12/site-packages/airflow/example_dags/example_inlet_event_extra.py
[2024-10-03T22:08:21.736+0000] {processor.py:925} INFO - DAG(s) 'read_dataset_event_from_classic', 'read_dataset_event' retrieved from /home/airflow/.local/lib/python3.12/site-packages/airflow/example_dags/example_inlet_event_extra.py
[2024-10-03T22:08:21.799+0000] {logging_mixin.py:190} INFO - [2024-10-03T22:08:21.799+0000] {dag.py:3229} INFO - Sync 2 DAGs
[2024-10-03T22:08:21.907+0000] {logging_mixin.py:190} INFO - [2024-10-03T22:08:21.907+0000] {dag.py:4156} INFO - Setting next_dagrun for read_dataset_event to 2024-10-02 00:00:00+00:00, run_after=2024-10-03 00:00:00+00:00
[2024-10-03T22:08:21.928+0000] {logging_mixin.py:190} INFO - [2024-10-03T22:08:21.927+0000] {dag.py:4156} INFO - Setting next_dagrun for read_dataset_event_from_classic to 2024-10-02 00:00:00+00:00, run_after=2024-10-03 00:00:00+00:00
[2024-10-03T22:08:22.020+0000] {processor.py:208} INFO - Processing /home/airflow/.local/lib/python3.12/site-packages/airflow/example_dags/example_inlet_event_extra.py took 1.088 seconds
[2024-10-03T22:08:52.414+0000] {processor.py:186} INFO - Started process (PID=480) to work on /home/airflow/.local/lib/python3.12/site-packages/airflow/example_dags/example_inlet_event_extra.py
[2024-10-03T22:08:52.416+0000] {processor.py:914} INFO - Processing file /home/airflow/.local/lib/python3.12/site-packages/airflow/example_dags/example_inlet_event_extra.py for tasks to queue
[2024-10-03T22:08:52.419+0000] {logging_mixin.py:190} INFO - [2024-10-03T22:08:52.419+0000] {dagbag.py:587} INFO - Filling up the DagBag from /home/airflow/.local/lib/python3.12/site-packages/airflow/example_dags/example_inlet_event_extra.py
[2024-10-03T22:08:52.677+0000] {processor.py:925} INFO - DAG(s) 'read_dataset_event_from_classic', 'read_dataset_event' retrieved from /home/airflow/.local/lib/python3.12/site-packages/airflow/example_dags/example_inlet_event_extra.py
[2024-10-03T22:08:52.711+0000] {logging_mixin.py:190} INFO - [2024-10-03T22:08:52.711+0000] {dag.py:3229} INFO - Sync 2 DAGs
[2024-10-03T22:08:52.769+0000] {logging_mixin.py:190} INFO - [2024-10-03T22:08:52.768+0000] {dag.py:4156} INFO - Setting next_dagrun for read_dataset_event to 2024-10-02 00:00:00+00:00, run_after=2024-10-03 00:00:00+00:00
[2024-10-03T22:08:52.778+0000] {logging_mixin.py:190} INFO - [2024-10-03T22:08:52.778+0000] {dag.py:4156} INFO - Setting next_dagrun for read_dataset_event_from_classic to 2024-10-02 00:00:00+00:00, run_after=2024-10-03 00:00:00+00:00
[2024-10-03T22:08:52.802+0000] {processor.py:208} INFO - Processing /home/airflow/.local/lib/python3.12/site-packages/airflow/example_dags/example_inlet_event_extra.py took 0.397 seconds
[2024-10-03T22:09:22.934+0000] {processor.py:186} INFO - Started process (PID=543) to work on /home/airflow/.local/lib/python3.12/site-packages/airflow/example_dags/example_inlet_event_extra.py
[2024-10-03T22:09:22.935+0000] {processor.py:914} INFO - Processing file /home/airflow/.local/lib/python3.12/site-packages/airflow/example_dags/example_inlet_event_extra.py for tasks to queue
[2024-10-03T22:09:22.938+0000] {logging_mixin.py:190} INFO - [2024-10-03T22:09:22.938+0000] {dagbag.py:587} INFO - Filling up the DagBag from /home/airflow/.local/lib/python3.12/site-packages/airflow/example_dags/example_inlet_event_extra.py
[2024-10-03T22:09:23.153+0000] {processor.py:925} INFO - DAG(s) 'read_dataset_event_from_classic', 'read_dataset_event' retrieved from /home/airflow/.local/lib/python3.12/site-packages/airflow/example_dags/example_inlet_event_extra.py
[2024-10-03T22:09:23.181+0000] {logging_mixin.py:190} INFO - [2024-10-03T22:09:23.181+0000] {dag.py:3229} INFO - Sync 2 DAGs
[2024-10-03T22:09:23.217+0000] {logging_mixin.py:190} INFO - [2024-10-03T22:09:23.216+0000] {dag.py:4156} INFO - Setting next_dagrun for read_dataset_event to 2024-10-02 00:00:00+00:00, run_after=2024-10-03 00:00:00+00:00
[2024-10-03T22:09:23.225+0000] {logging_mixin.py:190} INFO - [2024-10-03T22:09:23.225+0000] {dag.py:4156} INFO - Setting next_dagrun for read_dataset_event_from_classic to 2024-10-02 00:00:00+00:00, run_after=2024-10-03 00:00:00+00:00
[2024-10-03T22:09:23.260+0000] {processor.py:208} INFO - Processing /home/airflow/.local/lib/python3.12/site-packages/airflow/example_dags/example_inlet_event_extra.py took 0.335 seconds
[2024-10-03T22:09:53.822+0000] {processor.py:186} INFO - Started process (PID=604) to work on /home/airflow/.local/lib/python3.12/site-packages/airflow/example_dags/example_inlet_event_extra.py
[2024-10-03T22:09:53.823+0000] {processor.py:914} INFO - Processing file /home/airflow/.local/lib/python3.12/site-packages/airflow/example_dags/example_inlet_event_extra.py for tasks to queue
[2024-10-03T22:09:53.827+0000] {logging_mixin.py:190} INFO - [2024-10-03T22:09:53.826+0000] {dagbag.py:587} INFO - Filling up the DagBag from /home/airflow/.local/lib/python3.12/site-packages/airflow/example_dags/example_inlet_event_extra.py
[2024-10-03T22:09:54.056+0000] {processor.py:925} INFO - DAG(s) 'read_dataset_event_from_classic', 'read_dataset_event' retrieved from /home/airflow/.local/lib/python3.12/site-packages/airflow/example_dags/example_inlet_event_extra.py
[2024-10-03T22:09:54.081+0000] {logging_mixin.py:190} INFO - [2024-10-03T22:09:54.081+0000] {dag.py:3229} INFO - Sync 2 DAGs
[2024-10-03T22:09:54.120+0000] {logging_mixin.py:190} INFO - [2024-10-03T22:09:54.119+0000] {dag.py:4156} INFO - Setting next_dagrun for read_dataset_event to 2024-10-02 00:00:00+00:00, run_after=2024-10-03 00:00:00+00:00
[2024-10-03T22:09:54.126+0000] {logging_mixin.py:190} INFO - [2024-10-03T22:09:54.126+0000] {dag.py:4156} INFO - Setting next_dagrun for read_dataset_event_from_classic to 2024-10-02 00:00:00+00:00, run_after=2024-10-03 00:00:00+00:00
[2024-10-03T22:09:54.148+0000] {processor.py:208} INFO - Processing /home/airflow/.local/lib/python3.12/site-packages/airflow/example_dags/example_inlet_event_extra.py took 0.335 seconds
[2024-10-03T22:10:24.547+0000] {processor.py:186} INFO - Started process (PID=667) to work on /home/airflow/.local/lib/python3.12/site-packages/airflow/example_dags/example_inlet_event_extra.py
[2024-10-03T22:10:24.548+0000] {processor.py:914} INFO - Processing file /home/airflow/.local/lib/python3.12/site-packages/airflow/example_dags/example_inlet_event_extra.py for tasks to queue
[2024-10-03T22:10:24.551+0000] {logging_mixin.py:190} INFO - [2024-10-03T22:10:24.550+0000] {dagbag.py:587} INFO - Filling up the DagBag from /home/airflow/.local/lib/python3.12/site-packages/airflow/example_dags/example_inlet_event_extra.py
[2024-10-03T22:10:24.800+0000] {processor.py:925} INFO - DAG(s) 'read_dataset_event_from_classic', 'read_dataset_event' retrieved from /home/airflow/.local/lib/python3.12/site-packages/airflow/example_dags/example_inlet_event_extra.py
[2024-10-03T22:10:24.834+0000] {logging_mixin.py:190} INFO - [2024-10-03T22:10:24.834+0000] {dag.py:3229} INFO - Sync 2 DAGs
[2024-10-03T22:10:24.891+0000] {logging_mixin.py:190} INFO - [2024-10-03T22:10:24.891+0000] {dag.py:4156} INFO - Setting next_dagrun for read_dataset_event to 2024-10-02 00:00:00+00:00, run_after=2024-10-03 00:00:00+00:00
[2024-10-03T22:10:24.905+0000] {logging_mixin.py:190} INFO - [2024-10-03T22:10:24.905+0000] {dag.py:4156} INFO - Setting next_dagrun for read_dataset_event_from_classic to 2024-10-02 00:00:00+00:00, run_after=2024-10-03 00:00:00+00:00
[2024-10-03T22:10:24.938+0000] {processor.py:208} INFO - Processing /home/airflow/.local/lib/python3.12/site-packages/airflow/example_dags/example_inlet_event_extra.py took 0.400 seconds
[2024-10-03T22:10:55.033+0000] {processor.py:186} INFO - Started process (PID=731) to work on /home/airflow/.local/lib/python3.12/site-packages/airflow/example_dags/example_inlet_event_extra.py
[2024-10-03T22:10:55.035+0000] {processor.py:914} INFO - Processing file /home/airflow/.local/lib/python3.12/site-packages/airflow/example_dags/example_inlet_event_extra.py for tasks to queue
[2024-10-03T22:10:55.038+0000] {logging_mixin.py:190} INFO - [2024-10-03T22:10:55.037+0000] {dagbag.py:587} INFO - Filling up the DagBag from /home/airflow/.local/lib/python3.12/site-packages/airflow/example_dags/example_inlet_event_extra.py
[2024-10-03T22:10:55.234+0000] {processor.py:925} INFO - DAG(s) 'read_dataset_event', 'read_dataset_event_from_classic' retrieved from /home/airflow/.local/lib/python3.12/site-packages/airflow/example_dags/example_inlet_event_extra.py
[2024-10-03T22:10:55.259+0000] {logging_mixin.py:190} INFO - [2024-10-03T22:10:55.258+0000] {dag.py:3229} INFO - Sync 2 DAGs
[2024-10-03T22:10:55.287+0000] {logging_mixin.py:190} INFO - [2024-10-03T22:10:55.287+0000] {dag.py:4156} INFO - Setting next_dagrun for read_dataset_event to 2024-10-02 00:00:00+00:00, run_after=2024-10-03 00:00:00+00:00
[2024-10-03T22:10:55.295+0000] {logging_mixin.py:190} INFO - [2024-10-03T22:10:55.295+0000] {dag.py:4156} INFO - Setting next_dagrun for read_dataset_event_from_classic to 2024-10-02 00:00:00+00:00, run_after=2024-10-03 00:00:00+00:00
[2024-10-03T22:10:55.323+0000] {processor.py:208} INFO - Processing /home/airflow/.local/lib/python3.12/site-packages/airflow/example_dags/example_inlet_event_extra.py took 0.297 seconds
[2024-10-03T22:11:25.514+0000] {processor.py:186} INFO - Started process (PID=793) to work on /home/airflow/.local/lib/python3.12/site-packages/airflow/example_dags/example_inlet_event_extra.py
[2024-10-03T22:11:25.515+0000] {processor.py:914} INFO - Processing file /home/airflow/.local/lib/python3.12/site-packages/airflow/example_dags/example_inlet_event_extra.py for tasks to queue
[2024-10-03T22:11:25.518+0000] {logging_mixin.py:190} INFO - [2024-10-03T22:11:25.518+0000] {dagbag.py:587} INFO - Filling up the DagBag from /home/airflow/.local/lib/python3.12/site-packages/airflow/example_dags/example_inlet_event_extra.py
[2024-10-03T22:11:25.717+0000] {processor.py:925} INFO - DAG(s) 'read_dataset_event_from_classic', 'read_dataset_event' retrieved from /home/airflow/.local/lib/python3.12/site-packages/airflow/example_dags/example_inlet_event_extra.py
[2024-10-03T22:11:25.744+0000] {logging_mixin.py:190} INFO - [2024-10-03T22:11:25.744+0000] {dag.py:3229} INFO - Sync 2 DAGs
[2024-10-03T22:11:25.779+0000] {logging_mixin.py:190} INFO - [2024-10-03T22:11:25.779+0000] {dag.py:4156} INFO - Setting next_dagrun for read_dataset_event to 2024-10-02 00:00:00+00:00, run_after=2024-10-03 00:00:00+00:00
[2024-10-03T22:11:25.785+0000] {logging_mixin.py:190} INFO - [2024-10-03T22:11:25.785+0000] {dag.py:4156} INFO - Setting next_dagrun for read_dataset_event_from_classic to 2024-10-02 00:00:00+00:00, run_after=2024-10-03 00:00:00+00:00
[2024-10-03T22:11:25.804+0000] {processor.py:208} INFO - Processing /home/airflow/.local/lib/python3.12/site-packages/airflow/example_dags/example_inlet_event_extra.py took 0.303 seconds
[2024-10-03T22:11:55.991+0000] {processor.py:186} INFO - Started process (PID=856) to work on /home/airflow/.local/lib/python3.12/site-packages/airflow/example_dags/example_inlet_event_extra.py
[2024-10-03T22:11:55.992+0000] {processor.py:914} INFO - Processing file /home/airflow/.local/lib/python3.12/site-packages/airflow/example_dags/example_inlet_event_extra.py for tasks to queue
[2024-10-03T22:11:55.995+0000] {logging_mixin.py:190} INFO - [2024-10-03T22:11:55.995+0000] {dagbag.py:587} INFO - Filling up the DagBag from /home/airflow/.local/lib/python3.12/site-packages/airflow/example_dags/example_inlet_event_extra.py
[2024-10-03T22:11:56.237+0000] {processor.py:925} INFO - DAG(s) 'read_dataset_event_from_classic', 'read_dataset_event' retrieved from /home/airflow/.local/lib/python3.12/site-packages/airflow/example_dags/example_inlet_event_extra.py
[2024-10-03T22:11:56.272+0000] {logging_mixin.py:190} INFO - [2024-10-03T22:11:56.272+0000] {dag.py:3229} INFO - Sync 2 DAGs
[2024-10-03T22:11:56.319+0000] {logging_mixin.py:190} INFO - [2024-10-03T22:11:56.318+0000] {dag.py:4156} INFO - Setting next_dagrun for read_dataset_event to 2024-10-02 00:00:00+00:00, run_after=2024-10-03 00:00:00+00:00
[2024-10-03T22:11:56.325+0000] {logging_mixin.py:190} INFO - [2024-10-03T22:11:56.325+0000] {dag.py:4156} INFO - Setting next_dagrun for read_dataset_event_from_classic to 2024-10-02 00:00:00+00:00, run_after=2024-10-03 00:00:00+00:00
[2024-10-03T22:11:56.349+0000] {processor.py:208} INFO - Processing /home/airflow/.local/lib/python3.12/site-packages/airflow/example_dags/example_inlet_event_extra.py took 0.368 seconds
[2024-10-03T22:12:26.713+0000] {processor.py:186} INFO - Started process (PID=919) to work on /home/airflow/.local/lib/python3.12/site-packages/airflow/example_dags/example_inlet_event_extra.py
[2024-10-03T22:12:26.715+0000] {processor.py:914} INFO - Processing file /home/airflow/.local/lib/python3.12/site-packages/airflow/example_dags/example_inlet_event_extra.py for tasks to queue
[2024-10-03T22:12:26.718+0000] {logging_mixin.py:190} INFO - [2024-10-03T22:12:26.717+0000] {dagbag.py:587} INFO - Filling up the DagBag from /home/airflow/.local/lib/python3.12/site-packages/airflow/example_dags/example_inlet_event_extra.py
[2024-10-03T22:12:26.974+0000] {processor.py:925} INFO - DAG(s) 'read_dataset_event', 'read_dataset_event_from_classic' retrieved from /home/airflow/.local/lib/python3.12/site-packages/airflow/example_dags/example_inlet_event_extra.py
[2024-10-03T22:12:27.023+0000] {logging_mixin.py:190} INFO - [2024-10-03T22:12:27.022+0000] {dag.py:3229} INFO - Sync 2 DAGs
[2024-10-03T22:12:27.070+0000] {logging_mixin.py:190} INFO - [2024-10-03T22:12:27.069+0000] {dag.py:4156} INFO - Setting next_dagrun for read_dataset_event to 2024-10-02 00:00:00+00:00, run_after=2024-10-03 00:00:00+00:00
[2024-10-03T22:12:27.081+0000] {logging_mixin.py:190} INFO - [2024-10-03T22:12:27.081+0000] {dag.py:4156} INFO - Setting next_dagrun for read_dataset_event_from_classic to 2024-10-02 00:00:00+00:00, run_after=2024-10-03 00:00:00+00:00
[2024-10-03T22:12:27.106+0000] {processor.py:208} INFO - Processing /home/airflow/.local/lib/python3.12/site-packages/airflow/example_dags/example_inlet_event_extra.py took 0.401 seconds
[2024-10-03T22:12:57.273+0000] {processor.py:186} INFO - Started process (PID=982) to work on /home/airflow/.local/lib/python3.12/site-packages/airflow/example_dags/example_inlet_event_extra.py
[2024-10-03T22:12:57.274+0000] {processor.py:914} INFO - Processing file /home/airflow/.local/lib/python3.12/site-packages/airflow/example_dags/example_inlet_event_extra.py for tasks to queue
[2024-10-03T22:12:57.277+0000] {logging_mixin.py:190} INFO - [2024-10-03T22:12:57.277+0000] {dagbag.py:587} INFO - Filling up the DagBag from /home/airflow/.local/lib/python3.12/site-packages/airflow/example_dags/example_inlet_event_extra.py
[2024-10-03T22:12:57.494+0000] {processor.py:925} INFO - DAG(s) 'read_dataset_event_from_classic', 'read_dataset_event' retrieved from /home/airflow/.local/lib/python3.12/site-packages/airflow/example_dags/example_inlet_event_extra.py
[2024-10-03T22:12:57.522+0000] {logging_mixin.py:190} INFO - [2024-10-03T22:12:57.522+0000] {dag.py:3229} INFO - Sync 2 DAGs
[2024-10-03T22:12:57.558+0000] {logging_mixin.py:190} INFO - [2024-10-03T22:12:57.557+0000] {dag.py:4156} INFO - Setting next_dagrun for read_dataset_event to 2024-10-02 00:00:00+00:00, run_after=2024-10-03 00:00:00+00:00
[2024-10-03T22:12:57.566+0000] {logging_mixin.py:190} INFO - [2024-10-03T22:12:57.566+0000] {dag.py:4156} INFO - Setting next_dagrun for read_dataset_event_from_classic to 2024-10-02 00:00:00+00:00, run_after=2024-10-03 00:00:00+00:00
[2024-10-03T22:12:57.590+0000] {processor.py:208} INFO - Processing /home/airflow/.local/lib/python3.12/site-packages/airflow/example_dags/example_inlet_event_extra.py took 0.324 seconds
[2024-10-03T22:13:28.096+0000] {processor.py:186} INFO - Started process (PID=1046) to work on /home/airflow/.local/lib/python3.12/site-packages/airflow/example_dags/example_inlet_event_extra.py
[2024-10-03T22:13:28.097+0000] {processor.py:914} INFO - Processing file /home/airflow/.local/lib/python3.12/site-packages/airflow/example_dags/example_inlet_event_extra.py for tasks to queue
[2024-10-03T22:13:28.100+0000] {logging_mixin.py:190} INFO - [2024-10-03T22:13:28.100+0000] {dagbag.py:587} INFO - Filling up the DagBag from /home/airflow/.local/lib/python3.12/site-packages/airflow/example_dags/example_inlet_event_extra.py
[2024-10-03T22:13:28.312+0000] {processor.py:925} INFO - DAG(s) 'read_dataset_event_from_classic', 'read_dataset_event' retrieved from /home/airflow/.local/lib/python3.12/site-packages/airflow/example_dags/example_inlet_event_extra.py
[2024-10-03T22:13:28.342+0000] {logging_mixin.py:190} INFO - [2024-10-03T22:13:28.342+0000] {dag.py:3229} INFO - Sync 2 DAGs
[2024-10-03T22:13:28.380+0000] {logging_mixin.py:190} INFO - [2024-10-03T22:13:28.380+0000] {dag.py:4156} INFO - Setting next_dagrun for read_dataset_event to 2024-10-02 00:00:00+00:00, run_after=2024-10-03 00:00:00+00:00
[2024-10-03T22:13:28.386+0000] {logging_mixin.py:190} INFO - [2024-10-03T22:13:28.386+0000] {dag.py:4156} INFO - Setting next_dagrun for read_dataset_event_from_classic to 2024-10-02 00:00:00+00:00, run_after=2024-10-03 00:00:00+00:00
[2024-10-03T22:13:28.406+0000] {processor.py:208} INFO - Processing /home/airflow/.local/lib/python3.12/site-packages/airflow/example_dags/example_inlet_event_extra.py took 0.318 seconds
[2024-10-03T22:13:58.702+0000] {processor.py:186} INFO - Started process (PID=1110) to work on /home/airflow/.local/lib/python3.12/site-packages/airflow/example_dags/example_inlet_event_extra.py
[2024-10-03T22:13:58.704+0000] {processor.py:914} INFO - Processing file /home/airflow/.local/lib/python3.12/site-packages/airflow/example_dags/example_inlet_event_extra.py for tasks to queue
[2024-10-03T22:13:58.707+0000] {logging_mixin.py:190} INFO - [2024-10-03T22:13:58.707+0000] {dagbag.py:587} INFO - Filling up the DagBag from /home/airflow/.local/lib/python3.12/site-packages/airflow/example_dags/example_inlet_event_extra.py
[2024-10-03T22:13:58.926+0000] {processor.py:925} INFO - DAG(s) 'read_dataset_event', 'read_dataset_event_from_classic' retrieved from /home/airflow/.local/lib/python3.12/site-packages/airflow/example_dags/example_inlet_event_extra.py
[2024-10-03T22:13:58.954+0000] {logging_mixin.py:190} INFO - [2024-10-03T22:13:58.954+0000] {dag.py:3229} INFO - Sync 2 DAGs
[2024-10-03T22:13:58.993+0000] {logging_mixin.py:190} INFO - [2024-10-03T22:13:58.993+0000] {dag.py:4156} INFO - Setting next_dagrun for read_dataset_event to 2024-10-02 00:00:00+00:00, run_after=2024-10-03 00:00:00+00:00
[2024-10-03T22:13:59.002+0000] {logging_mixin.py:190} INFO - [2024-10-03T22:13:59.001+0000] {dag.py:4156} INFO - Setting next_dagrun for read_dataset_event_from_classic to 2024-10-02 00:00:00+00:00, run_after=2024-10-03 00:00:00+00:00
[2024-10-03T22:13:59.025+0000] {processor.py:208} INFO - Processing /home/airflow/.local/lib/python3.12/site-packages/airflow/example_dags/example_inlet_event_extra.py took 0.333 seconds
[2024-10-03T22:14:29.384+0000] {processor.py:186} INFO - Started process (PID=1173) to work on /home/airflow/.local/lib/python3.12/site-packages/airflow/example_dags/example_inlet_event_extra.py
[2024-10-03T22:14:29.385+0000] {processor.py:914} INFO - Processing file /home/airflow/.local/lib/python3.12/site-packages/airflow/example_dags/example_inlet_event_extra.py for tasks to queue
[2024-10-03T22:14:29.388+0000] {logging_mixin.py:190} INFO - [2024-10-03T22:14:29.388+0000] {dagbag.py:587} INFO - Filling up the DagBag from /home/airflow/.local/lib/python3.12/site-packages/airflow/example_dags/example_inlet_event_extra.py
[2024-10-03T22:14:29.599+0000] {processor.py:925} INFO - DAG(s) 'read_dataset_event', 'read_dataset_event_from_classic' retrieved from /home/airflow/.local/lib/python3.12/site-packages/airflow/example_dags/example_inlet_event_extra.py
[2024-10-03T22:14:29.627+0000] {logging_mixin.py:190} INFO - [2024-10-03T22:14:29.626+0000] {dag.py:3229} INFO - Sync 2 DAGs
[2024-10-03T22:14:29.663+0000] {logging_mixin.py:190} INFO - [2024-10-03T22:14:29.663+0000] {dag.py:4156} INFO - Setting next_dagrun for read_dataset_event to 2024-10-02 00:00:00+00:00, run_after=2024-10-03 00:00:00+00:00
[2024-10-03T22:14:29.673+0000] {logging_mixin.py:190} INFO - [2024-10-03T22:14:29.673+0000] {dag.py:4156} INFO - Setting next_dagrun for read_dataset_event_from_classic to 2024-10-02 00:00:00+00:00, run_after=2024-10-03 00:00:00+00:00
[2024-10-03T22:14:29.696+0000] {processor.py:208} INFO - Processing /home/airflow/.local/lib/python3.12/site-packages/airflow/example_dags/example_inlet_event_extra.py took 0.322 seconds
[2024-10-03T22:14:59.818+0000] {processor.py:186} INFO - Started process (PID=1238) to work on /home/airflow/.local/lib/python3.12/site-packages/airflow/example_dags/example_inlet_event_extra.py
[2024-10-03T22:14:59.819+0000] {processor.py:914} INFO - Processing file /home/airflow/.local/lib/python3.12/site-packages/airflow/example_dags/example_inlet_event_extra.py for tasks to queue
[2024-10-03T22:14:59.822+0000] {logging_mixin.py:190} INFO - [2024-10-03T22:14:59.822+0000] {dagbag.py:587} INFO - Filling up the DagBag from /home/airflow/.local/lib/python3.12/site-packages/airflow/example_dags/example_inlet_event_extra.py
[2024-10-03T22:14:59.988+0000] {processor.py:925} INFO - DAG(s) 'read_dataset_event', 'read_dataset_event_from_classic' retrieved from /home/airflow/.local/lib/python3.12/site-packages/airflow/example_dags/example_inlet_event_extra.py
[2024-10-03T22:15:00.019+0000] {logging_mixin.py:190} INFO - [2024-10-03T22:15:00.018+0000] {dag.py:3229} INFO - Sync 2 DAGs
[2024-10-03T22:15:00.048+0000] {logging_mixin.py:190} INFO - [2024-10-03T22:15:00.048+0000] {dag.py:4156} INFO - Setting next_dagrun for read_dataset_event to 2024-10-02 00:00:00+00:00, run_after=2024-10-03 00:00:00+00:00
[2024-10-03T22:15:00.056+0000] {logging_mixin.py:190} INFO - [2024-10-03T22:15:00.055+0000] {dag.py:4156} INFO - Setting next_dagrun for read_dataset_event_from_classic to 2024-10-02 00:00:00+00:00, run_after=2024-10-03 00:00:00+00:00
[2024-10-03T22:15:00.084+0000] {processor.py:208} INFO - Processing /home/airflow/.local/lib/python3.12/site-packages/airflow/example_dags/example_inlet_event_extra.py took 0.272 seconds
[2024-10-03T22:15:31.100+0000] {processor.py:186} INFO - Started process (PID=1301) to work on /home/airflow/.local/lib/python3.12/site-packages/airflow/example_dags/example_inlet_event_extra.py
[2024-10-03T22:15:31.101+0000] {processor.py:914} INFO - Processing file /home/airflow/.local/lib/python3.12/site-packages/airflow/example_dags/example_inlet_event_extra.py for tasks to queue
[2024-10-03T22:15:31.104+0000] {logging_mixin.py:190} INFO - [2024-10-03T22:15:31.104+0000] {dagbag.py:587} INFO - Filling up the DagBag from /home/airflow/.local/lib/python3.12/site-packages/airflow/example_dags/example_inlet_event_extra.py
[2024-10-03T22:15:31.273+0000] {processor.py:925} INFO - DAG(s) 'read_dataset_event', 'read_dataset_event_from_classic' retrieved from /home/airflow/.local/lib/python3.12/site-packages/airflow/example_dags/example_inlet_event_extra.py
[2024-10-03T22:15:31.299+0000] {logging_mixin.py:190} INFO - [2024-10-03T22:15:31.299+0000] {dag.py:3229} INFO - Sync 2 DAGs
[2024-10-03T22:15:31.330+0000] {logging_mixin.py:190} INFO - [2024-10-03T22:15:31.329+0000] {dag.py:4156} INFO - Setting next_dagrun for read_dataset_event to 2024-10-02 00:00:00+00:00, run_after=2024-10-03 00:00:00+00:00
[2024-10-03T22:15:31.336+0000] {logging_mixin.py:190} INFO - [2024-10-03T22:15:31.336+0000] {dag.py:4156} INFO - Setting next_dagrun for read_dataset_event_from_classic to 2024-10-02 00:00:00+00:00, run_after=2024-10-03 00:00:00+00:00
[2024-10-03T22:15:31.363+0000] {processor.py:208} INFO - Processing /home/airflow/.local/lib/python3.12/site-packages/airflow/example_dags/example_inlet_event_extra.py took 0.270 seconds
[2024-10-03T22:16:01.649+0000] {processor.py:186} INFO - Started process (PID=1364) to work on /home/airflow/.local/lib/python3.12/site-packages/airflow/example_dags/example_inlet_event_extra.py
[2024-10-03T22:16:01.651+0000] {processor.py:914} INFO - Processing file /home/airflow/.local/lib/python3.12/site-packages/airflow/example_dags/example_inlet_event_extra.py for tasks to queue
[2024-10-03T22:16:01.653+0000] {logging_mixin.py:190} INFO - [2024-10-03T22:16:01.653+0000] {dagbag.py:587} INFO - Filling up the DagBag from /home/airflow/.local/lib/python3.12/site-packages/airflow/example_dags/example_inlet_event_extra.py
[2024-10-03T22:16:01.872+0000] {processor.py:925} INFO - DAG(s) 'read_dataset_event_from_classic', 'read_dataset_event' retrieved from /home/airflow/.local/lib/python3.12/site-packages/airflow/example_dags/example_inlet_event_extra.py
[2024-10-03T22:16:01.910+0000] {logging_mixin.py:190} INFO - [2024-10-03T22:16:01.910+0000] {dag.py:3229} INFO - Sync 2 DAGs
[2024-10-03T22:16:01.940+0000] {logging_mixin.py:190} INFO - [2024-10-03T22:16:01.940+0000] {dag.py:4156} INFO - Setting next_dagrun for read_dataset_event to 2024-10-02 00:00:00+00:00, run_after=2024-10-03 00:00:00+00:00
[2024-10-03T22:16:01.947+0000] {logging_mixin.py:190} INFO - [2024-10-03T22:16:01.946+0000] {dag.py:4156} INFO - Setting next_dagrun for read_dataset_event_from_classic to 2024-10-02 00:00:00+00:00, run_after=2024-10-03 00:00:00+00:00
[2024-10-03T22:16:01.965+0000] {processor.py:208} INFO - Processing /home/airflow/.local/lib/python3.12/site-packages/airflow/example_dags/example_inlet_event_extra.py took 0.325 seconds
[2024-10-03T22:16:32.767+0000] {processor.py:186} INFO - Started process (PID=1427) to work on /home/airflow/.local/lib/python3.12/site-packages/airflow/example_dags/example_inlet_event_extra.py
[2024-10-03T22:16:32.772+0000] {processor.py:914} INFO - Processing file /home/airflow/.local/lib/python3.12/site-packages/airflow/example_dags/example_inlet_event_extra.py for tasks to queue
[2024-10-03T22:16:32.783+0000] {logging_mixin.py:190} INFO - [2024-10-03T22:16:32.783+0000] {dagbag.py:587} INFO - Filling up the DagBag from /home/airflow/.local/lib/python3.12/site-packages/airflow/example_dags/example_inlet_event_extra.py
[2024-10-03T22:16:33.981+0000] {processor.py:925} INFO - DAG(s) 'read_dataset_event_from_classic', 'read_dataset_event' retrieved from /home/airflow/.local/lib/python3.12/site-packages/airflow/example_dags/example_inlet_event_extra.py
[2024-10-03T22:16:34.191+0000] {logging_mixin.py:190} INFO - [2024-10-03T22:16:34.190+0000] {dag.py:3229} INFO - Sync 2 DAGs
[2024-10-03T22:16:34.392+0000] {logging_mixin.py:190} INFO - [2024-10-03T22:16:34.392+0000] {dag.py:4156} INFO - Setting next_dagrun for read_dataset_event to 2024-10-02 00:00:00+00:00, run_after=2024-10-03 00:00:00+00:00
[2024-10-03T22:16:34.455+0000] {logging_mixin.py:190} INFO - [2024-10-03T22:16:34.455+0000] {dag.py:4156} INFO - Setting next_dagrun for read_dataset_event_from_classic to 2024-10-02 00:00:00+00:00, run_after=2024-10-03 00:00:00+00:00
[2024-10-03T22:16:34.591+0000] {processor.py:208} INFO - Processing /home/airflow/.local/lib/python3.12/site-packages/airflow/example_dags/example_inlet_event_extra.py took 1.881 seconds
[2024-10-03T22:17:05.171+0000] {processor.py:186} INFO - Started process (PID=1492) to work on /home/airflow/.local/lib/python3.12/site-packages/airflow/example_dags/example_inlet_event_extra.py
[2024-10-03T22:17:05.175+0000] {processor.py:914} INFO - Processing file /home/airflow/.local/lib/python3.12/site-packages/airflow/example_dags/example_inlet_event_extra.py for tasks to queue
[2024-10-03T22:17:05.188+0000] {logging_mixin.py:190} INFO - [2024-10-03T22:17:05.188+0000] {dagbag.py:587} INFO - Filling up the DagBag from /home/airflow/.local/lib/python3.12/site-packages/airflow/example_dags/example_inlet_event_extra.py
[2024-10-03T22:17:05.856+0000] {processor.py:925} INFO - DAG(s) 'read_dataset_event_from_classic', 'read_dataset_event' retrieved from /home/airflow/.local/lib/python3.12/site-packages/airflow/example_dags/example_inlet_event_extra.py
[2024-10-03T22:17:05.975+0000] {logging_mixin.py:190} INFO - [2024-10-03T22:17:05.975+0000] {dag.py:3229} INFO - Sync 2 DAGs
[2024-10-03T22:17:06.120+0000] {logging_mixin.py:190} INFO - [2024-10-03T22:17:06.118+0000] {dag.py:4156} INFO - Setting next_dagrun for read_dataset_event to 2024-10-02 00:00:00+00:00, run_after=2024-10-03 00:00:00+00:00
[2024-10-03T22:17:06.143+0000] {logging_mixin.py:190} INFO - [2024-10-03T22:17:06.143+0000] {dag.py:4156} INFO - Setting next_dagrun for read_dataset_event_from_classic to 2024-10-02 00:00:00+00:00, run_after=2024-10-03 00:00:00+00:00
[2024-10-03T22:17:06.244+0000] {processor.py:208} INFO - Processing /home/airflow/.local/lib/python3.12/site-packages/airflow/example_dags/example_inlet_event_extra.py took 1.093 seconds
[2024-10-03T22:17:36.876+0000] {processor.py:186} INFO - Started process (PID=1556) to work on /home/airflow/.local/lib/python3.12/site-packages/airflow/example_dags/example_inlet_event_extra.py
[2024-10-03T22:17:36.879+0000] {processor.py:914} INFO - Processing file /home/airflow/.local/lib/python3.12/site-packages/airflow/example_dags/example_inlet_event_extra.py for tasks to queue
[2024-10-03T22:17:36.889+0000] {logging_mixin.py:190} INFO - [2024-10-03T22:17:36.889+0000] {dagbag.py:587} INFO - Filling up the DagBag from /home/airflow/.local/lib/python3.12/site-packages/airflow/example_dags/example_inlet_event_extra.py
[2024-10-03T22:17:37.260+0000] {processor.py:925} INFO - DAG(s) 'read_dataset_event', 'read_dataset_event_from_classic' retrieved from /home/airflow/.local/lib/python3.12/site-packages/airflow/example_dags/example_inlet_event_extra.py
[2024-10-03T22:17:37.302+0000] {logging_mixin.py:190} INFO - [2024-10-03T22:17:37.301+0000] {dag.py:3229} INFO - Sync 2 DAGs
[2024-10-03T22:17:37.348+0000] {logging_mixin.py:190} INFO - [2024-10-03T22:17:37.347+0000] {dag.py:4156} INFO - Setting next_dagrun for read_dataset_event to 2024-10-02 00:00:00+00:00, run_after=2024-10-03 00:00:00+00:00
[2024-10-03T22:17:37.357+0000] {logging_mixin.py:190} INFO - [2024-10-03T22:17:37.357+0000] {dag.py:4156} INFO - Setting next_dagrun for read_dataset_event_from_classic to 2024-10-02 00:00:00+00:00, run_after=2024-10-03 00:00:00+00:00
[2024-10-03T22:17:37.382+0000] {processor.py:208} INFO - Processing /home/airflow/.local/lib/python3.12/site-packages/airflow/example_dags/example_inlet_event_extra.py took 0.519 seconds
[2024-10-03T22:18:07.749+0000] {processor.py:186} INFO - Started process (PID=1619) to work on /home/airflow/.local/lib/python3.12/site-packages/airflow/example_dags/example_inlet_event_extra.py
[2024-10-03T22:18:07.750+0000] {processor.py:914} INFO - Processing file /home/airflow/.local/lib/python3.12/site-packages/airflow/example_dags/example_inlet_event_extra.py for tasks to queue
[2024-10-03T22:18:07.753+0000] {logging_mixin.py:190} INFO - [2024-10-03T22:18:07.753+0000] {dagbag.py:587} INFO - Filling up the DagBag from /home/airflow/.local/lib/python3.12/site-packages/airflow/example_dags/example_inlet_event_extra.py
[2024-10-03T22:18:07.986+0000] {processor.py:925} INFO - DAG(s) 'read_dataset_event_from_classic', 'read_dataset_event' retrieved from /home/airflow/.local/lib/python3.12/site-packages/airflow/example_dags/example_inlet_event_extra.py
[2024-10-03T22:18:08.022+0000] {logging_mixin.py:190} INFO - [2024-10-03T22:18:08.022+0000] {dag.py:3229} INFO - Sync 2 DAGs
[2024-10-03T22:18:08.068+0000] {logging_mixin.py:190} INFO - [2024-10-03T22:18:08.067+0000] {dag.py:4156} INFO - Setting next_dagrun for read_dataset_event to 2024-10-02 00:00:00+00:00, run_after=2024-10-03 00:00:00+00:00
[2024-10-03T22:18:08.076+0000] {logging_mixin.py:190} INFO - [2024-10-03T22:18:08.076+0000] {dag.py:4156} INFO - Setting next_dagrun for read_dataset_event_from_classic to 2024-10-02 00:00:00+00:00, run_after=2024-10-03 00:00:00+00:00
[2024-10-03T22:18:08.101+0000] {processor.py:208} INFO - Processing /home/airflow/.local/lib/python3.12/site-packages/airflow/example_dags/example_inlet_event_extra.py took 0.360 seconds
[2024-10-03T22:18:38.171+0000] {processor.py:186} INFO - Started process (PID=1682) to work on /home/airflow/.local/lib/python3.12/site-packages/airflow/example_dags/example_inlet_event_extra.py
[2024-10-03T22:18:38.172+0000] {processor.py:914} INFO - Processing file /home/airflow/.local/lib/python3.12/site-packages/airflow/example_dags/example_inlet_event_extra.py for tasks to queue
[2024-10-03T22:18:38.175+0000] {logging_mixin.py:190} INFO - [2024-10-03T22:18:38.175+0000] {dagbag.py:587} INFO - Filling up the DagBag from /home/airflow/.local/lib/python3.12/site-packages/airflow/example_dags/example_inlet_event_extra.py
[2024-10-03T22:18:38.396+0000] {processor.py:925} INFO - DAG(s) 'read_dataset_event', 'read_dataset_event_from_classic' retrieved from /home/airflow/.local/lib/python3.12/site-packages/airflow/example_dags/example_inlet_event_extra.py
[2024-10-03T22:18:38.423+0000] {logging_mixin.py:190} INFO - [2024-10-03T22:18:38.423+0000] {dag.py:3229} INFO - Sync 2 DAGs
[2024-10-03T22:18:38.464+0000] {logging_mixin.py:190} INFO - [2024-10-03T22:18:38.463+0000] {dag.py:4156} INFO - Setting next_dagrun for read_dataset_event to 2024-10-02 00:00:00+00:00, run_after=2024-10-03 00:00:00+00:00
[2024-10-03T22:18:38.474+0000] {logging_mixin.py:190} INFO - [2024-10-03T22:18:38.474+0000] {dag.py:4156} INFO - Setting next_dagrun for read_dataset_event_from_classic to 2024-10-02 00:00:00+00:00, run_after=2024-10-03 00:00:00+00:00
[2024-10-03T22:18:38.644+0000] {processor.py:208} INFO - Processing /home/airflow/.local/lib/python3.12/site-packages/airflow/example_dags/example_inlet_event_extra.py took 0.482 seconds
[2024-10-03T22:19:08.767+0000] {processor.py:186} INFO - Started process (PID=1747) to work on /home/airflow/.local/lib/python3.12/site-packages/airflow/example_dags/example_inlet_event_extra.py
[2024-10-03T22:19:08.768+0000] {processor.py:914} INFO - Processing file /home/airflow/.local/lib/python3.12/site-packages/airflow/example_dags/example_inlet_event_extra.py for tasks to queue
[2024-10-03T22:19:08.771+0000] {logging_mixin.py:190} INFO - [2024-10-03T22:19:08.770+0000] {dagbag.py:587} INFO - Filling up the DagBag from /home/airflow/.local/lib/python3.12/site-packages/airflow/example_dags/example_inlet_event_extra.py
[2024-10-03T22:19:08.938+0000] {processor.py:925} INFO - DAG(s) 'read_dataset_event_from_classic', 'read_dataset_event' retrieved from /home/airflow/.local/lib/python3.12/site-packages/airflow/example_dags/example_inlet_event_extra.py
[2024-10-03T22:19:08.964+0000] {logging_mixin.py:190} INFO - [2024-10-03T22:19:08.964+0000] {dag.py:3229} INFO - Sync 2 DAGs
[2024-10-03T22:19:08.993+0000] {logging_mixin.py:190} INFO - [2024-10-03T22:19:08.992+0000] {dag.py:4156} INFO - Setting next_dagrun for read_dataset_event to 2024-10-02 00:00:00+00:00, run_after=2024-10-03 00:00:00+00:00
[2024-10-03T22:19:08.999+0000] {logging_mixin.py:190} INFO - [2024-10-03T22:19:08.998+0000] {dag.py:4156} INFO - Setting next_dagrun for read_dataset_event_from_classic to 2024-10-02 00:00:00+00:00, run_after=2024-10-03 00:00:00+00:00
[2024-10-03T22:19:09.022+0000] {processor.py:208} INFO - Processing /home/airflow/.local/lib/python3.12/site-packages/airflow/example_dags/example_inlet_event_extra.py took 0.262 seconds
[2024-10-03T22:19:40.004+0000] {processor.py:186} INFO - Started process (PID=1810) to work on /home/airflow/.local/lib/python3.12/site-packages/airflow/example_dags/example_inlet_event_extra.py
[2024-10-03T22:19:40.006+0000] {processor.py:914} INFO - Processing file /home/airflow/.local/lib/python3.12/site-packages/airflow/example_dags/example_inlet_event_extra.py for tasks to queue
[2024-10-03T22:19:40.009+0000] {logging_mixin.py:190} INFO - [2024-10-03T22:19:40.008+0000] {dagbag.py:587} INFO - Filling up the DagBag from /home/airflow/.local/lib/python3.12/site-packages/airflow/example_dags/example_inlet_event_extra.py
[2024-10-03T22:19:40.206+0000] {processor.py:925} INFO - DAG(s) 'read_dataset_event_from_classic', 'read_dataset_event' retrieved from /home/airflow/.local/lib/python3.12/site-packages/airflow/example_dags/example_inlet_event_extra.py
[2024-10-03T22:19:40.230+0000] {logging_mixin.py:190} INFO - [2024-10-03T22:19:40.230+0000] {dag.py:3229} INFO - Sync 2 DAGs
[2024-10-03T22:19:40.259+0000] {logging_mixin.py:190} INFO - [2024-10-03T22:19:40.258+0000] {dag.py:4156} INFO - Setting next_dagrun for read_dataset_event to 2024-10-02 00:00:00+00:00, run_after=2024-10-03 00:00:00+00:00
[2024-10-03T22:19:40.265+0000] {logging_mixin.py:190} INFO - [2024-10-03T22:19:40.264+0000] {dag.py:4156} INFO - Setting next_dagrun for read_dataset_event_from_classic to 2024-10-02 00:00:00+00:00, run_after=2024-10-03 00:00:00+00:00
[2024-10-03T22:19:40.295+0000] {processor.py:208} INFO - Processing /home/airflow/.local/lib/python3.12/site-packages/airflow/example_dags/example_inlet_event_extra.py took 0.299 seconds
[2024-10-03T22:20:10.370+0000] {processor.py:186} INFO - Started process (PID=1874) to work on /home/airflow/.local/lib/python3.12/site-packages/airflow/example_dags/example_inlet_event_extra.py
[2024-10-03T22:20:10.371+0000] {processor.py:914} INFO - Processing file /home/airflow/.local/lib/python3.12/site-packages/airflow/example_dags/example_inlet_event_extra.py for tasks to queue
[2024-10-03T22:20:10.375+0000] {logging_mixin.py:190} INFO - [2024-10-03T22:20:10.374+0000] {dagbag.py:587} INFO - Filling up the DagBag from /home/airflow/.local/lib/python3.12/site-packages/airflow/example_dags/example_inlet_event_extra.py
[2024-10-03T22:20:10.571+0000] {processor.py:925} INFO - DAG(s) 'read_dataset_event_from_classic', 'read_dataset_event' retrieved from /home/airflow/.local/lib/python3.12/site-packages/airflow/example_dags/example_inlet_event_extra.py
[2024-10-03T22:20:10.599+0000] {logging_mixin.py:190} INFO - [2024-10-03T22:20:10.598+0000] {dag.py:3229} INFO - Sync 2 DAGs
[2024-10-03T22:20:10.633+0000] {logging_mixin.py:190} INFO - [2024-10-03T22:20:10.633+0000] {dag.py:4156} INFO - Setting next_dagrun for read_dataset_event to 2024-10-02 00:00:00+00:00, run_after=2024-10-03 00:00:00+00:00
[2024-10-03T22:20:10.640+0000] {logging_mixin.py:190} INFO - [2024-10-03T22:20:10.640+0000] {dag.py:4156} INFO - Setting next_dagrun for read_dataset_event_from_classic to 2024-10-02 00:00:00+00:00, run_after=2024-10-03 00:00:00+00:00
[2024-10-03T22:20:10.671+0000] {processor.py:208} INFO - Processing /home/airflow/.local/lib/python3.12/site-packages/airflow/example_dags/example_inlet_event_extra.py took 0.309 seconds
[2024-10-03T22:20:40.742+0000] {processor.py:186} INFO - Started process (PID=1937) to work on /home/airflow/.local/lib/python3.12/site-packages/airflow/example_dags/example_inlet_event_extra.py
[2024-10-03T22:20:40.744+0000] {processor.py:914} INFO - Processing file /home/airflow/.local/lib/python3.12/site-packages/airflow/example_dags/example_inlet_event_extra.py for tasks to queue
[2024-10-03T22:20:40.747+0000] {logging_mixin.py:190} INFO - [2024-10-03T22:20:40.747+0000] {dagbag.py:587} INFO - Filling up the DagBag from /home/airflow/.local/lib/python3.12/site-packages/airflow/example_dags/example_inlet_event_extra.py
[2024-10-03T22:20:40.920+0000] {processor.py:925} INFO - DAG(s) 'read_dataset_event', 'read_dataset_event_from_classic' retrieved from /home/airflow/.local/lib/python3.12/site-packages/airflow/example_dags/example_inlet_event_extra.py
[2024-10-03T22:20:40.946+0000] {logging_mixin.py:190} INFO - [2024-10-03T22:20:40.945+0000] {dag.py:3229} INFO - Sync 2 DAGs
[2024-10-03T22:20:40.974+0000] {logging_mixin.py:190} INFO - [2024-10-03T22:20:40.974+0000] {dag.py:4156} INFO - Setting next_dagrun for read_dataset_event to 2024-10-02 00:00:00+00:00, run_after=2024-10-03 00:00:00+00:00
[2024-10-03T22:20:40.981+0000] {logging_mixin.py:190} INFO - [2024-10-03T22:20:40.980+0000] {dag.py:4156} INFO - Setting next_dagrun for read_dataset_event_from_classic to 2024-10-02 00:00:00+00:00, run_after=2024-10-03 00:00:00+00:00
[2024-10-03T22:20:41.007+0000] {processor.py:208} INFO - Processing /home/airflow/.local/lib/python3.12/site-packages/airflow/example_dags/example_inlet_event_extra.py took 0.272 seconds
[2024-10-03T22:21:11.156+0000] {processor.py:186} INFO - Started process (PID=1999) to work on /home/airflow/.local/lib/python3.12/site-packages/airflow/example_dags/example_inlet_event_extra.py
[2024-10-03T22:21:11.157+0000] {processor.py:914} INFO - Processing file /home/airflow/.local/lib/python3.12/site-packages/airflow/example_dags/example_inlet_event_extra.py for tasks to queue
[2024-10-03T22:21:11.161+0000] {logging_mixin.py:190} INFO - [2024-10-03T22:21:11.160+0000] {dagbag.py:587} INFO - Filling up the DagBag from /home/airflow/.local/lib/python3.12/site-packages/airflow/example_dags/example_inlet_event_extra.py
[2024-10-03T22:21:11.357+0000] {processor.py:925} INFO - DAG(s) 'read_dataset_event', 'read_dataset_event_from_classic' retrieved from /home/airflow/.local/lib/python3.12/site-packages/airflow/example_dags/example_inlet_event_extra.py
[2024-10-03T22:21:11.390+0000] {logging_mixin.py:190} INFO - [2024-10-03T22:21:11.389+0000] {dag.py:3229} INFO - Sync 2 DAGs
[2024-10-03T22:21:11.418+0000] {logging_mixin.py:190} INFO - [2024-10-03T22:21:11.417+0000] {dag.py:4156} INFO - Setting next_dagrun for read_dataset_event to 2024-10-02 00:00:00+00:00, run_after=2024-10-03 00:00:00+00:00
[2024-10-03T22:21:11.424+0000] {logging_mixin.py:190} INFO - [2024-10-03T22:21:11.424+0000] {dag.py:4156} INFO - Setting next_dagrun for read_dataset_event_from_classic to 2024-10-02 00:00:00+00:00, run_after=2024-10-03 00:00:00+00:00
[2024-10-03T22:21:11.445+0000] {processor.py:208} INFO - Processing /home/airflow/.local/lib/python3.12/site-packages/airflow/example_dags/example_inlet_event_extra.py took 0.298 seconds
[2024-10-03T22:21:41.622+0000] {processor.py:186} INFO - Started process (PID=2063) to work on /home/airflow/.local/lib/python3.12/site-packages/airflow/example_dags/example_inlet_event_extra.py
[2024-10-03T22:21:41.623+0000] {processor.py:914} INFO - Processing file /home/airflow/.local/lib/python3.12/site-packages/airflow/example_dags/example_inlet_event_extra.py for tasks to queue
[2024-10-03T22:21:41.626+0000] {logging_mixin.py:190} INFO - [2024-10-03T22:21:41.626+0000] {dagbag.py:587} INFO - Filling up the DagBag from /home/airflow/.local/lib/python3.12/site-packages/airflow/example_dags/example_inlet_event_extra.py
[2024-10-03T22:21:41.811+0000] {processor.py:925} INFO - DAG(s) 'read_dataset_event_from_classic', 'read_dataset_event' retrieved from /home/airflow/.local/lib/python3.12/site-packages/airflow/example_dags/example_inlet_event_extra.py
[2024-10-03T22:21:41.837+0000] {logging_mixin.py:190} INFO - [2024-10-03T22:21:41.837+0000] {dag.py:3229} INFO - Sync 2 DAGs
[2024-10-03T22:21:41.872+0000] {logging_mixin.py:190} INFO - [2024-10-03T22:21:41.872+0000] {dag.py:4156} INFO - Setting next_dagrun for read_dataset_event to 2024-10-02 00:00:00+00:00, run_after=2024-10-03 00:00:00+00:00
[2024-10-03T22:21:41.880+0000] {logging_mixin.py:190} INFO - [2024-10-03T22:21:41.879+0000] {dag.py:4156} INFO - Setting next_dagrun for read_dataset_event_from_classic to 2024-10-02 00:00:00+00:00, run_after=2024-10-03 00:00:00+00:00
[2024-10-03T22:21:41.899+0000] {processor.py:208} INFO - Processing /home/airflow/.local/lib/python3.12/site-packages/airflow/example_dags/example_inlet_event_extra.py took 0.284 seconds
[2024-10-03T22:22:12.697+0000] {processor.py:186} INFO - Started process (PID=2126) to work on /home/airflow/.local/lib/python3.12/site-packages/airflow/example_dags/example_inlet_event_extra.py
[2024-10-03T22:22:12.699+0000] {processor.py:914} INFO - Processing file /home/airflow/.local/lib/python3.12/site-packages/airflow/example_dags/example_inlet_event_extra.py for tasks to queue
[2024-10-03T22:22:12.702+0000] {logging_mixin.py:190} INFO - [2024-10-03T22:22:12.701+0000] {dagbag.py:587} INFO - Filling up the DagBag from /home/airflow/.local/lib/python3.12/site-packages/airflow/example_dags/example_inlet_event_extra.py
[2024-10-03T22:22:12.890+0000] {processor.py:925} INFO - DAG(s) 'read_dataset_event_from_classic', 'read_dataset_event' retrieved from /home/airflow/.local/lib/python3.12/site-packages/airflow/example_dags/example_inlet_event_extra.py
[2024-10-03T22:22:13.102+0000] {logging_mixin.py:190} INFO - [2024-10-03T22:22:13.102+0000] {dag.py:3229} INFO - Sync 2 DAGs
[2024-10-03T22:22:13.141+0000] {logging_mixin.py:190} INFO - [2024-10-03T22:22:13.140+0000] {dag.py:4156} INFO - Setting next_dagrun for read_dataset_event to 2024-10-02 00:00:00+00:00, run_after=2024-10-03 00:00:00+00:00
[2024-10-03T22:22:13.150+0000] {logging_mixin.py:190} INFO - [2024-10-03T22:22:13.149+0000] {dag.py:4156} INFO - Setting next_dagrun for read_dataset_event_from_classic to 2024-10-02 00:00:00+00:00, run_after=2024-10-03 00:00:00+00:00
[2024-10-03T22:22:13.173+0000] {processor.py:208} INFO - Processing /home/airflow/.local/lib/python3.12/site-packages/airflow/example_dags/example_inlet_event_extra.py took 0.482 seconds
[2024-10-03T22:22:43.318+0000] {processor.py:186} INFO - Started process (PID=2191) to work on /home/airflow/.local/lib/python3.12/site-packages/airflow/example_dags/example_inlet_event_extra.py
[2024-10-03T22:22:43.320+0000] {processor.py:914} INFO - Processing file /home/airflow/.local/lib/python3.12/site-packages/airflow/example_dags/example_inlet_event_extra.py for tasks to queue
[2024-10-03T22:22:43.324+0000] {logging_mixin.py:190} INFO - [2024-10-03T22:22:43.323+0000] {dagbag.py:587} INFO - Filling up the DagBag from /home/airflow/.local/lib/python3.12/site-packages/airflow/example_dags/example_inlet_event_extra.py
[2024-10-03T22:22:43.533+0000] {processor.py:925} INFO - DAG(s) 'read_dataset_event', 'read_dataset_event_from_classic' retrieved from /home/airflow/.local/lib/python3.12/site-packages/airflow/example_dags/example_inlet_event_extra.py
[2024-10-03T22:22:43.558+0000] {logging_mixin.py:190} INFO - [2024-10-03T22:22:43.557+0000] {dag.py:3229} INFO - Sync 2 DAGs
[2024-10-03T22:22:43.739+0000] {logging_mixin.py:190} INFO - [2024-10-03T22:22:43.738+0000] {dag.py:4156} INFO - Setting next_dagrun for read_dataset_event to 2024-10-02 00:00:00+00:00, run_after=2024-10-03 00:00:00+00:00
[2024-10-03T22:22:43.745+0000] {logging_mixin.py:190} INFO - [2024-10-03T22:22:43.745+0000] {dag.py:4156} INFO - Setting next_dagrun for read_dataset_event_from_classic to 2024-10-02 00:00:00+00:00, run_after=2024-10-03 00:00:00+00:00
[2024-10-03T22:22:43.772+0000] {processor.py:208} INFO - Processing /home/airflow/.local/lib/python3.12/site-packages/airflow/example_dags/example_inlet_event_extra.py took 0.463 seconds
[2024-10-03T22:23:13.956+0000] {processor.py:186} INFO - Started process (PID=2254) to work on /home/airflow/.local/lib/python3.12/site-packages/airflow/example_dags/example_inlet_event_extra.py
[2024-10-03T22:23:13.958+0000] {processor.py:914} INFO - Processing file /home/airflow/.local/lib/python3.12/site-packages/airflow/example_dags/example_inlet_event_extra.py for tasks to queue
[2024-10-03T22:23:13.962+0000] {logging_mixin.py:190} INFO - [2024-10-03T22:23:13.961+0000] {dagbag.py:587} INFO - Filling up the DagBag from /home/airflow/.local/lib/python3.12/site-packages/airflow/example_dags/example_inlet_event_extra.py
[2024-10-03T22:23:14.206+0000] {processor.py:925} INFO - DAG(s) 'read_dataset_event', 'read_dataset_event_from_classic' retrieved from /home/airflow/.local/lib/python3.12/site-packages/airflow/example_dags/example_inlet_event_extra.py
[2024-10-03T22:23:14.232+0000] {logging_mixin.py:190} INFO - [2024-10-03T22:23:14.232+0000] {dag.py:3229} INFO - Sync 2 DAGs
[2024-10-03T22:23:14.442+0000] {logging_mixin.py:190} INFO - [2024-10-03T22:23:14.442+0000] {dag.py:4156} INFO - Setting next_dagrun for read_dataset_event to 2024-10-02 00:00:00+00:00, run_after=2024-10-03 00:00:00+00:00
[2024-10-03T22:23:14.449+0000] {logging_mixin.py:190} INFO - [2024-10-03T22:23:14.449+0000] {dag.py:4156} INFO - Setting next_dagrun for read_dataset_event_from_classic to 2024-10-02 00:00:00+00:00, run_after=2024-10-03 00:00:00+00:00
[2024-10-03T22:23:14.470+0000] {processor.py:208} INFO - Processing /home/airflow/.local/lib/python3.12/site-packages/airflow/example_dags/example_inlet_event_extra.py took 0.523 seconds
[2024-10-03T22:23:45.419+0000] {processor.py:186} INFO - Started process (PID=2317) to work on /home/airflow/.local/lib/python3.12/site-packages/airflow/example_dags/example_inlet_event_extra.py
[2024-10-03T22:23:45.420+0000] {processor.py:914} INFO - Processing file /home/airflow/.local/lib/python3.12/site-packages/airflow/example_dags/example_inlet_event_extra.py for tasks to queue
[2024-10-03T22:23:45.424+0000] {logging_mixin.py:190} INFO - [2024-10-03T22:23:45.424+0000] {dagbag.py:587} INFO - Filling up the DagBag from /home/airflow/.local/lib/python3.12/site-packages/airflow/example_dags/example_inlet_event_extra.py
[2024-10-03T22:23:45.647+0000] {processor.py:925} INFO - DAG(s) 'read_dataset_event', 'read_dataset_event_from_classic' retrieved from /home/airflow/.local/lib/python3.12/site-packages/airflow/example_dags/example_inlet_event_extra.py
[2024-10-03T22:23:45.674+0000] {logging_mixin.py:190} INFO - [2024-10-03T22:23:45.673+0000] {dag.py:3229} INFO - Sync 2 DAGs
[2024-10-03T22:23:45.707+0000] {logging_mixin.py:190} INFO - [2024-10-03T22:23:45.707+0000] {dag.py:4156} INFO - Setting next_dagrun for read_dataset_event to 2024-10-02 00:00:00+00:00, run_after=2024-10-03 00:00:00+00:00
[2024-10-03T22:23:45.723+0000] {logging_mixin.py:190} INFO - [2024-10-03T22:23:45.722+0000] {dag.py:4156} INFO - Setting next_dagrun for read_dataset_event_from_classic to 2024-10-02 00:00:00+00:00, run_after=2024-10-03 00:00:00+00:00
[2024-10-03T22:23:45.937+0000] {processor.py:208} INFO - Processing /home/airflow/.local/lib/python3.12/site-packages/airflow/example_dags/example_inlet_event_extra.py took 0.530 seconds
[2024-10-03T22:24:16.270+0000] {processor.py:186} INFO - Started process (PID=2378) to work on /home/airflow/.local/lib/python3.12/site-packages/airflow/example_dags/example_inlet_event_extra.py
[2024-10-03T22:24:16.272+0000] {processor.py:914} INFO - Processing file /home/airflow/.local/lib/python3.12/site-packages/airflow/example_dags/example_inlet_event_extra.py for tasks to queue
[2024-10-03T22:24:16.275+0000] {logging_mixin.py:190} INFO - [2024-10-03T22:24:16.275+0000] {dagbag.py:587} INFO - Filling up the DagBag from /home/airflow/.local/lib/python3.12/site-packages/airflow/example_dags/example_inlet_event_extra.py
[2024-10-03T22:24:16.519+0000] {processor.py:925} INFO - DAG(s) 'read_dataset_event', 'read_dataset_event_from_classic' retrieved from /home/airflow/.local/lib/python3.12/site-packages/airflow/example_dags/example_inlet_event_extra.py
[2024-10-03T22:24:16.557+0000] {logging_mixin.py:190} INFO - [2024-10-03T22:24:16.557+0000] {dag.py:3229} INFO - Sync 2 DAGs
[2024-10-03T22:24:16.619+0000] {logging_mixin.py:190} INFO - [2024-10-03T22:24:16.618+0000] {dag.py:4156} INFO - Setting next_dagrun for read_dataset_event to 2024-10-02 00:00:00+00:00, run_after=2024-10-03 00:00:00+00:00
[2024-10-03T22:24:16.629+0000] {logging_mixin.py:190} INFO - [2024-10-03T22:24:16.628+0000] {dag.py:4156} INFO - Setting next_dagrun for read_dataset_event_from_classic to 2024-10-02 00:00:00+00:00, run_after=2024-10-03 00:00:00+00:00
[2024-10-03T22:24:16.654+0000] {processor.py:208} INFO - Processing /home/airflow/.local/lib/python3.12/site-packages/airflow/example_dags/example_inlet_event_extra.py took 0.394 seconds
[2024-10-03T22:24:46.773+0000] {processor.py:186} INFO - Started process (PID=2447) to work on /home/airflow/.local/lib/python3.12/site-packages/airflow/example_dags/example_inlet_event_extra.py
[2024-10-03T22:24:46.776+0000] {processor.py:914} INFO - Processing file /home/airflow/.local/lib/python3.12/site-packages/airflow/example_dags/example_inlet_event_extra.py for tasks to queue
[2024-10-03T22:24:46.782+0000] {logging_mixin.py:190} INFO - [2024-10-03T22:24:46.781+0000] {dagbag.py:587} INFO - Filling up the DagBag from /home/airflow/.local/lib/python3.12/site-packages/airflow/example_dags/example_inlet_event_extra.py
[2024-10-03T22:24:47.644+0000] {processor.py:925} INFO - DAG(s) 'read_dataset_event', 'read_dataset_event_from_classic' retrieved from /home/airflow/.local/lib/python3.12/site-packages/airflow/example_dags/example_inlet_event_extra.py
[2024-10-03T22:24:47.683+0000] {logging_mixin.py:190} INFO - [2024-10-03T22:24:47.683+0000] {dag.py:3229} INFO - Sync 2 DAGs
[2024-10-03T22:24:47.757+0000] {logging_mixin.py:190} INFO - [2024-10-03T22:24:47.757+0000] {dag.py:4156} INFO - Setting next_dagrun for read_dataset_event to 2024-10-02 00:00:00+00:00, run_after=2024-10-03 00:00:00+00:00
[2024-10-03T22:24:47.772+0000] {logging_mixin.py:190} INFO - [2024-10-03T22:24:47.771+0000] {dag.py:4156} INFO - Setting next_dagrun for read_dataset_event_from_classic to 2024-10-02 00:00:00+00:00, run_after=2024-10-03 00:00:00+00:00
[2024-10-03T22:24:47.818+0000] {processor.py:208} INFO - Processing /home/airflow/.local/lib/python3.12/site-packages/airflow/example_dags/example_inlet_event_extra.py took 1.063 seconds
[2024-10-03T22:25:18.517+0000] {processor.py:186} INFO - Started process (PID=2511) to work on /home/airflow/.local/lib/python3.12/site-packages/airflow/example_dags/example_inlet_event_extra.py
[2024-10-03T22:25:18.519+0000] {processor.py:914} INFO - Processing file /home/airflow/.local/lib/python3.12/site-packages/airflow/example_dags/example_inlet_event_extra.py for tasks to queue
[2024-10-03T22:25:18.524+0000] {logging_mixin.py:190} INFO - [2024-10-03T22:25:18.523+0000] {dagbag.py:587} INFO - Filling up the DagBag from /home/airflow/.local/lib/python3.12/site-packages/airflow/example_dags/example_inlet_event_extra.py
[2024-10-03T22:25:19.105+0000] {processor.py:925} INFO - DAG(s) 'read_dataset_event_from_classic', 'read_dataset_event' retrieved from /home/airflow/.local/lib/python3.12/site-packages/airflow/example_dags/example_inlet_event_extra.py
[2024-10-03T22:25:19.148+0000] {logging_mixin.py:190} INFO - [2024-10-03T22:25:19.147+0000] {dag.py:3229} INFO - Sync 2 DAGs
[2024-10-03T22:25:19.219+0000] {logging_mixin.py:190} INFO - [2024-10-03T22:25:19.218+0000] {dag.py:4156} INFO - Setting next_dagrun for read_dataset_event to 2024-10-02 00:00:00+00:00, run_after=2024-10-03 00:00:00+00:00
[2024-10-03T22:25:19.235+0000] {logging_mixin.py:190} INFO - [2024-10-03T22:25:19.235+0000] {dag.py:4156} INFO - Setting next_dagrun for read_dataset_event_from_classic to 2024-10-02 00:00:00+00:00, run_after=2024-10-03 00:00:00+00:00
[2024-10-03T22:25:19.281+0000] {processor.py:208} INFO - Processing /home/airflow/.local/lib/python3.12/site-packages/airflow/example_dags/example_inlet_event_extra.py took 0.782 seconds
[2024-10-03T22:25:50.183+0000] {processor.py:186} INFO - Started process (PID=2576) to work on /home/airflow/.local/lib/python3.12/site-packages/airflow/example_dags/example_inlet_event_extra.py
[2024-10-03T22:25:50.185+0000] {processor.py:914} INFO - Processing file /home/airflow/.local/lib/python3.12/site-packages/airflow/example_dags/example_inlet_event_extra.py for tasks to queue
[2024-10-03T22:25:50.189+0000] {logging_mixin.py:190} INFO - [2024-10-03T22:25:50.188+0000] {dagbag.py:587} INFO - Filling up the DagBag from /home/airflow/.local/lib/python3.12/site-packages/airflow/example_dags/example_inlet_event_extra.py
[2024-10-03T22:25:50.649+0000] {processor.py:925} INFO - DAG(s) 'read_dataset_event', 'read_dataset_event_from_classic' retrieved from /home/airflow/.local/lib/python3.12/site-packages/airflow/example_dags/example_inlet_event_extra.py
[2024-10-03T22:25:50.681+0000] {logging_mixin.py:190} INFO - [2024-10-03T22:25:50.680+0000] {dag.py:3229} INFO - Sync 2 DAGs
[2024-10-03T22:25:50.720+0000] {logging_mixin.py:190} INFO - [2024-10-03T22:25:50.719+0000] {dag.py:4156} INFO - Setting next_dagrun for read_dataset_event to 2024-10-02 00:00:00+00:00, run_after=2024-10-03 00:00:00+00:00
[2024-10-03T22:25:50.732+0000] {logging_mixin.py:190} INFO - [2024-10-03T22:25:50.731+0000] {dag.py:4156} INFO - Setting next_dagrun for read_dataset_event_from_classic to 2024-10-02 00:00:00+00:00, run_after=2024-10-03 00:00:00+00:00
[2024-10-03T22:25:50.760+0000] {processor.py:208} INFO - Processing /home/airflow/.local/lib/python3.12/site-packages/airflow/example_dags/example_inlet_event_extra.py took 0.587 seconds
[2024-10-03T22:26:20.924+0000] {processor.py:186} INFO - Started process (PID=2639) to work on /home/airflow/.local/lib/python3.12/site-packages/airflow/example_dags/example_inlet_event_extra.py
[2024-10-03T22:26:20.926+0000] {processor.py:914} INFO - Processing file /home/airflow/.local/lib/python3.12/site-packages/airflow/example_dags/example_inlet_event_extra.py for tasks to queue
[2024-10-03T22:26:20.931+0000] {logging_mixin.py:190} INFO - [2024-10-03T22:26:20.930+0000] {dagbag.py:587} INFO - Filling up the DagBag from /home/airflow/.local/lib/python3.12/site-packages/airflow/example_dags/example_inlet_event_extra.py
[2024-10-03T22:26:21.429+0000] {processor.py:925} INFO - DAG(s) 'read_dataset_event_from_classic', 'read_dataset_event' retrieved from /home/airflow/.local/lib/python3.12/site-packages/airflow/example_dags/example_inlet_event_extra.py
[2024-10-03T22:26:21.479+0000] {logging_mixin.py:190} INFO - [2024-10-03T22:26:21.479+0000] {dag.py:3229} INFO - Sync 2 DAGs
[2024-10-03T22:26:21.519+0000] {logging_mixin.py:190} INFO - [2024-10-03T22:26:21.519+0000] {dag.py:4156} INFO - Setting next_dagrun for read_dataset_event to 2024-10-02 00:00:00+00:00, run_after=2024-10-03 00:00:00+00:00
[2024-10-03T22:26:21.526+0000] {logging_mixin.py:190} INFO - [2024-10-03T22:26:21.526+0000] {dag.py:4156} INFO - Setting next_dagrun for read_dataset_event_from_classic to 2024-10-02 00:00:00+00:00, run_after=2024-10-03 00:00:00+00:00
[2024-10-03T22:26:21.551+0000] {processor.py:208} INFO - Processing /home/airflow/.local/lib/python3.12/site-packages/airflow/example_dags/example_inlet_event_extra.py took 0.638 seconds
[2024-10-03T22:26:51.811+0000] {processor.py:186} INFO - Started process (PID=2705) to work on /home/airflow/.local/lib/python3.12/site-packages/airflow/example_dags/example_inlet_event_extra.py
[2024-10-03T22:26:51.812+0000] {processor.py:914} INFO - Processing file /home/airflow/.local/lib/python3.12/site-packages/airflow/example_dags/example_inlet_event_extra.py for tasks to queue
[2024-10-03T22:26:51.816+0000] {logging_mixin.py:190} INFO - [2024-10-03T22:26:51.815+0000] {dagbag.py:587} INFO - Filling up the DagBag from /home/airflow/.local/lib/python3.12/site-packages/airflow/example_dags/example_inlet_event_extra.py
[2024-10-03T22:26:52.319+0000] {processor.py:925} INFO - DAG(s) 'read_dataset_event_from_classic', 'read_dataset_event' retrieved from /home/airflow/.local/lib/python3.12/site-packages/airflow/example_dags/example_inlet_event_extra.py
[2024-10-03T22:26:52.346+0000] {logging_mixin.py:190} INFO - [2024-10-03T22:26:52.345+0000] {dag.py:3229} INFO - Sync 2 DAGs
[2024-10-03T22:26:52.396+0000] {logging_mixin.py:190} INFO - [2024-10-03T22:26:52.396+0000] {dag.py:4156} INFO - Setting next_dagrun for read_dataset_event to 2024-10-02 00:00:00+00:00, run_after=2024-10-03 00:00:00+00:00
[2024-10-03T22:26:52.406+0000] {logging_mixin.py:190} INFO - [2024-10-03T22:26:52.406+0000] {dag.py:4156} INFO - Setting next_dagrun for read_dataset_event_from_classic to 2024-10-02 00:00:00+00:00, run_after=2024-10-03 00:00:00+00:00
[2024-10-03T22:26:52.430+0000] {processor.py:208} INFO - Processing /home/airflow/.local/lib/python3.12/site-packages/airflow/example_dags/example_inlet_event_extra.py took 0.629 seconds
[2024-10-03T22:27:22.630+0000] {processor.py:186} INFO - Started process (PID=2771) to work on /home/airflow/.local/lib/python3.12/site-packages/airflow/example_dags/example_inlet_event_extra.py
[2024-10-03T22:27:22.631+0000] {processor.py:914} INFO - Processing file /home/airflow/.local/lib/python3.12/site-packages/airflow/example_dags/example_inlet_event_extra.py for tasks to queue
[2024-10-03T22:27:22.635+0000] {logging_mixin.py:190} INFO - [2024-10-03T22:27:22.634+0000] {dagbag.py:587} INFO - Filling up the DagBag from /home/airflow/.local/lib/python3.12/site-packages/airflow/example_dags/example_inlet_event_extra.py
[2024-10-03T22:27:23.007+0000] {processor.py:925} INFO - DAG(s) 'read_dataset_event_from_classic', 'read_dataset_event' retrieved from /home/airflow/.local/lib/python3.12/site-packages/airflow/example_dags/example_inlet_event_extra.py
[2024-10-03T22:27:23.031+0000] {logging_mixin.py:190} INFO - [2024-10-03T22:27:23.031+0000] {dag.py:3229} INFO - Sync 2 DAGs
[2024-10-03T22:27:23.063+0000] {logging_mixin.py:190} INFO - [2024-10-03T22:27:23.063+0000] {dag.py:4156} INFO - Setting next_dagrun for read_dataset_event to 2024-10-02 00:00:00+00:00, run_after=2024-10-03 00:00:00+00:00
[2024-10-03T22:27:23.070+0000] {logging_mixin.py:190} INFO - [2024-10-03T22:27:23.070+0000] {dag.py:4156} INFO - Setting next_dagrun for read_dataset_event_from_classic to 2024-10-02 00:00:00+00:00, run_after=2024-10-03 00:00:00+00:00
[2024-10-03T22:27:23.098+0000] {processor.py:208} INFO - Processing /home/airflow/.local/lib/python3.12/site-packages/airflow/example_dags/example_inlet_event_extra.py took 0.477 seconds
[2024-10-03T22:27:53.265+0000] {processor.py:186} INFO - Started process (PID=2834) to work on /home/airflow/.local/lib/python3.12/site-packages/airflow/example_dags/example_inlet_event_extra.py
[2024-10-03T22:27:53.266+0000] {processor.py:914} INFO - Processing file /home/airflow/.local/lib/python3.12/site-packages/airflow/example_dags/example_inlet_event_extra.py for tasks to queue
[2024-10-03T22:27:53.269+0000] {logging_mixin.py:190} INFO - [2024-10-03T22:27:53.268+0000] {dagbag.py:587} INFO - Filling up the DagBag from /home/airflow/.local/lib/python3.12/site-packages/airflow/example_dags/example_inlet_event_extra.py
[2024-10-03T22:27:53.690+0000] {processor.py:925} INFO - DAG(s) 'read_dataset_event_from_classic', 'read_dataset_event' retrieved from /home/airflow/.local/lib/python3.12/site-packages/airflow/example_dags/example_inlet_event_extra.py
[2024-10-03T22:27:53.720+0000] {logging_mixin.py:190} INFO - [2024-10-03T22:27:53.720+0000] {dag.py:3229} INFO - Sync 2 DAGs
[2024-10-03T22:27:53.756+0000] {logging_mixin.py:190} INFO - [2024-10-03T22:27:53.756+0000] {dag.py:4156} INFO - Setting next_dagrun for read_dataset_event to 2024-10-02 00:00:00+00:00, run_after=2024-10-03 00:00:00+00:00
[2024-10-03T22:27:53.766+0000] {logging_mixin.py:190} INFO - [2024-10-03T22:27:53.765+0000] {dag.py:4156} INFO - Setting next_dagrun for read_dataset_event_from_classic to 2024-10-02 00:00:00+00:00, run_after=2024-10-03 00:00:00+00:00
[2024-10-03T22:27:53.800+0000] {processor.py:208} INFO - Processing /home/airflow/.local/lib/python3.12/site-packages/airflow/example_dags/example_inlet_event_extra.py took 0.546 seconds
[2024-10-03T22:28:24.492+0000] {processor.py:186} INFO - Started process (PID=2897) to work on /home/airflow/.local/lib/python3.12/site-packages/airflow/example_dags/example_inlet_event_extra.py
[2024-10-03T22:28:24.494+0000] {processor.py:914} INFO - Processing file /home/airflow/.local/lib/python3.12/site-packages/airflow/example_dags/example_inlet_event_extra.py for tasks to queue
[2024-10-03T22:28:24.498+0000] {logging_mixin.py:190} INFO - [2024-10-03T22:28:24.498+0000] {dagbag.py:587} INFO - Filling up the DagBag from /home/airflow/.local/lib/python3.12/site-packages/airflow/example_dags/example_inlet_event_extra.py
[2024-10-03T22:28:25.017+0000] {processor.py:925} INFO - DAG(s) 'read_dataset_event', 'read_dataset_event_from_classic' retrieved from /home/airflow/.local/lib/python3.12/site-packages/airflow/example_dags/example_inlet_event_extra.py
[2024-10-03T22:28:25.057+0000] {logging_mixin.py:190} INFO - [2024-10-03T22:28:25.057+0000] {dag.py:3229} INFO - Sync 2 DAGs
[2024-10-03T22:28:25.094+0000] {logging_mixin.py:190} INFO - [2024-10-03T22:28:25.093+0000] {dag.py:4156} INFO - Setting next_dagrun for read_dataset_event to 2024-10-02 00:00:00+00:00, run_after=2024-10-03 00:00:00+00:00
[2024-10-03T22:28:25.103+0000] {logging_mixin.py:190} INFO - [2024-10-03T22:28:25.102+0000] {dag.py:4156} INFO - Setting next_dagrun for read_dataset_event_from_classic to 2024-10-02 00:00:00+00:00, run_after=2024-10-03 00:00:00+00:00
[2024-10-03T22:28:25.128+0000] {processor.py:208} INFO - Processing /home/airflow/.local/lib/python3.12/site-packages/airflow/example_dags/example_inlet_event_extra.py took 0.648 seconds
[2024-10-03T22:28:55.311+0000] {processor.py:186} INFO - Started process (PID=2960) to work on /home/airflow/.local/lib/python3.12/site-packages/airflow/example_dags/example_inlet_event_extra.py
[2024-10-03T22:28:55.321+0000] {processor.py:914} INFO - Processing file /home/airflow/.local/lib/python3.12/site-packages/airflow/example_dags/example_inlet_event_extra.py for tasks to queue
[2024-10-03T22:28:55.328+0000] {logging_mixin.py:190} INFO - [2024-10-03T22:28:55.327+0000] {dagbag.py:587} INFO - Filling up the DagBag from /home/airflow/.local/lib/python3.12/site-packages/airflow/example_dags/example_inlet_event_extra.py
[2024-10-03T22:28:55.959+0000] {processor.py:925} INFO - DAG(s) 'read_dataset_event', 'read_dataset_event_from_classic' retrieved from /home/airflow/.local/lib/python3.12/site-packages/airflow/example_dags/example_inlet_event_extra.py
[2024-10-03T22:28:55.992+0000] {logging_mixin.py:190} INFO - [2024-10-03T22:28:55.992+0000] {dag.py:3229} INFO - Sync 2 DAGs
[2024-10-03T22:28:56.040+0000] {logging_mixin.py:190} INFO - [2024-10-03T22:28:56.040+0000] {dag.py:4156} INFO - Setting next_dagrun for read_dataset_event to 2024-10-02 00:00:00+00:00, run_after=2024-10-03 00:00:00+00:00
[2024-10-03T22:28:56.052+0000] {logging_mixin.py:190} INFO - [2024-10-03T22:28:56.052+0000] {dag.py:4156} INFO - Setting next_dagrun for read_dataset_event_from_classic to 2024-10-02 00:00:00+00:00, run_after=2024-10-03 00:00:00+00:00
[2024-10-03T22:28:56.088+0000] {processor.py:208} INFO - Processing /home/airflow/.local/lib/python3.12/site-packages/airflow/example_dags/example_inlet_event_extra.py took 0.788 seconds
[2024-10-03T22:29:26.738+0000] {processor.py:186} INFO - Started process (PID=3023) to work on /home/airflow/.local/lib/python3.12/site-packages/airflow/example_dags/example_inlet_event_extra.py
[2024-10-03T22:29:26.740+0000] {processor.py:914} INFO - Processing file /home/airflow/.local/lib/python3.12/site-packages/airflow/example_dags/example_inlet_event_extra.py for tasks to queue
[2024-10-03T22:29:26.744+0000] {logging_mixin.py:190} INFO - [2024-10-03T22:29:26.743+0000] {dagbag.py:587} INFO - Filling up the DagBag from /home/airflow/.local/lib/python3.12/site-packages/airflow/example_dags/example_inlet_event_extra.py
[2024-10-03T22:29:27.111+0000] {processor.py:925} INFO - DAG(s) 'read_dataset_event', 'read_dataset_event_from_classic' retrieved from /home/airflow/.local/lib/python3.12/site-packages/airflow/example_dags/example_inlet_event_extra.py
[2024-10-03T22:29:27.133+0000] {logging_mixin.py:190} INFO - [2024-10-03T22:29:27.133+0000] {dag.py:3229} INFO - Sync 2 DAGs
[2024-10-03T22:29:27.160+0000] {logging_mixin.py:190} INFO - [2024-10-03T22:29:27.159+0000] {dag.py:4156} INFO - Setting next_dagrun for read_dataset_event to 2024-10-02 00:00:00+00:00, run_after=2024-10-03 00:00:00+00:00
[2024-10-03T22:29:27.166+0000] {logging_mixin.py:190} INFO - [2024-10-03T22:29:27.166+0000] {dag.py:4156} INFO - Setting next_dagrun for read_dataset_event_from_classic to 2024-10-02 00:00:00+00:00, run_after=2024-10-03 00:00:00+00:00
[2024-10-03T22:29:27.192+0000] {processor.py:208} INFO - Processing /home/airflow/.local/lib/python3.12/site-packages/airflow/example_dags/example_inlet_event_extra.py took 0.462 seconds
[2024-10-03T22:29:57.718+0000] {processor.py:186} INFO - Started process (PID=3086) to work on /home/airflow/.local/lib/python3.12/site-packages/airflow/example_dags/example_inlet_event_extra.py
[2024-10-03T22:29:57.720+0000] {processor.py:914} INFO - Processing file /home/airflow/.local/lib/python3.12/site-packages/airflow/example_dags/example_inlet_event_extra.py for tasks to queue
[2024-10-03T22:29:57.723+0000] {logging_mixin.py:190} INFO - [2024-10-03T22:29:57.723+0000] {dagbag.py:587} INFO - Filling up the DagBag from /home/airflow/.local/lib/python3.12/site-packages/airflow/example_dags/example_inlet_event_extra.py
[2024-10-03T22:29:58.158+0000] {processor.py:925} INFO - DAG(s) 'read_dataset_event_from_classic', 'read_dataset_event' retrieved from /home/airflow/.local/lib/python3.12/site-packages/airflow/example_dags/example_inlet_event_extra.py
[2024-10-03T22:29:58.185+0000] {logging_mixin.py:190} INFO - [2024-10-03T22:29:58.184+0000] {dag.py:3229} INFO - Sync 2 DAGs
[2024-10-03T22:29:58.223+0000] {logging_mixin.py:190} INFO - [2024-10-03T22:29:58.223+0000] {dag.py:4156} INFO - Setting next_dagrun for read_dataset_event to 2024-10-02 00:00:00+00:00, run_after=2024-10-03 00:00:00+00:00
[2024-10-03T22:29:58.232+0000] {logging_mixin.py:190} INFO - [2024-10-03T22:29:58.232+0000] {dag.py:4156} INFO - Setting next_dagrun for read_dataset_event_from_classic to 2024-10-02 00:00:00+00:00, run_after=2024-10-03 00:00:00+00:00
[2024-10-03T22:29:58.262+0000] {processor.py:208} INFO - Processing /home/airflow/.local/lib/python3.12/site-packages/airflow/example_dags/example_inlet_event_extra.py took 0.554 seconds
[2024-10-03T22:30:28.397+0000] {processor.py:186} INFO - Started process (PID=3149) to work on /home/airflow/.local/lib/python3.12/site-packages/airflow/example_dags/example_inlet_event_extra.py
[2024-10-03T22:30:28.398+0000] {processor.py:914} INFO - Processing file /home/airflow/.local/lib/python3.12/site-packages/airflow/example_dags/example_inlet_event_extra.py for tasks to queue
[2024-10-03T22:30:28.401+0000] {logging_mixin.py:190} INFO - [2024-10-03T22:30:28.400+0000] {dagbag.py:587} INFO - Filling up the DagBag from /home/airflow/.local/lib/python3.12/site-packages/airflow/example_dags/example_inlet_event_extra.py
[2024-10-03T22:30:28.814+0000] {processor.py:925} INFO - DAG(s) 'read_dataset_event_from_classic', 'read_dataset_event' retrieved from /home/airflow/.local/lib/python3.12/site-packages/airflow/example_dags/example_inlet_event_extra.py
[2024-10-03T22:30:28.838+0000] {logging_mixin.py:190} INFO - [2024-10-03T22:30:28.837+0000] {dag.py:3229} INFO - Sync 2 DAGs
[2024-10-03T22:30:28.867+0000] {logging_mixin.py:190} INFO - [2024-10-03T22:30:28.867+0000] {dag.py:4156} INFO - Setting next_dagrun for read_dataset_event to 2024-10-02 00:00:00+00:00, run_after=2024-10-03 00:00:00+00:00
[2024-10-03T22:30:28.876+0000] {logging_mixin.py:190} INFO - [2024-10-03T22:30:28.876+0000] {dag.py:4156} INFO - Setting next_dagrun for read_dataset_event_from_classic to 2024-10-02 00:00:00+00:00, run_after=2024-10-03 00:00:00+00:00
[2024-10-03T22:30:28.907+0000] {processor.py:208} INFO - Processing /home/airflow/.local/lib/python3.12/site-packages/airflow/example_dags/example_inlet_event_extra.py took 0.518 seconds
[2024-10-03T22:30:59.169+0000] {processor.py:186} INFO - Started process (PID=3212) to work on /home/airflow/.local/lib/python3.12/site-packages/airflow/example_dags/example_inlet_event_extra.py
[2024-10-03T22:30:59.170+0000] {processor.py:914} INFO - Processing file /home/airflow/.local/lib/python3.12/site-packages/airflow/example_dags/example_inlet_event_extra.py for tasks to queue
[2024-10-03T22:30:59.173+0000] {logging_mixin.py:190} INFO - [2024-10-03T22:30:59.173+0000] {dagbag.py:587} INFO - Filling up the DagBag from /home/airflow/.local/lib/python3.12/site-packages/airflow/example_dags/example_inlet_event_extra.py
[2024-10-03T22:30:59.556+0000] {processor.py:925} INFO - DAG(s) 'read_dataset_event_from_classic', 'read_dataset_event' retrieved from /home/airflow/.local/lib/python3.12/site-packages/airflow/example_dags/example_inlet_event_extra.py
[2024-10-03T22:30:59.582+0000] {logging_mixin.py:190} INFO - [2024-10-03T22:30:59.582+0000] {dag.py:3229} INFO - Sync 2 DAGs
[2024-10-03T22:30:59.616+0000] {logging_mixin.py:190} INFO - [2024-10-03T22:30:59.615+0000] {dag.py:4156} INFO - Setting next_dagrun for read_dataset_event to 2024-10-02 00:00:00+00:00, run_after=2024-10-03 00:00:00+00:00
[2024-10-03T22:30:59.623+0000] {logging_mixin.py:190} INFO - [2024-10-03T22:30:59.623+0000] {dag.py:4156} INFO - Setting next_dagrun for read_dataset_event_from_classic to 2024-10-02 00:00:00+00:00, run_after=2024-10-03 00:00:00+00:00
[2024-10-03T22:30:59.650+0000] {processor.py:208} INFO - Processing /home/airflow/.local/lib/python3.12/site-packages/airflow/example_dags/example_inlet_event_extra.py took 0.488 seconds
[2024-10-03T22:31:29.741+0000] {processor.py:186} INFO - Started process (PID=3275) to work on /home/airflow/.local/lib/python3.12/site-packages/airflow/example_dags/example_inlet_event_extra.py
[2024-10-03T22:31:29.744+0000] {processor.py:914} INFO - Processing file /home/airflow/.local/lib/python3.12/site-packages/airflow/example_dags/example_inlet_event_extra.py for tasks to queue
[2024-10-03T22:31:29.751+0000] {logging_mixin.py:190} INFO - [2024-10-03T22:31:29.750+0000] {dagbag.py:587} INFO - Filling up the DagBag from /home/airflow/.local/lib/python3.12/site-packages/airflow/example_dags/example_inlet_event_extra.py
[2024-10-03T22:31:30.136+0000] {processor.py:925} INFO - DAG(s) 'read_dataset_event_from_classic', 'read_dataset_event' retrieved from /home/airflow/.local/lib/python3.12/site-packages/airflow/example_dags/example_inlet_event_extra.py
[2024-10-03T22:31:30.195+0000] {logging_mixin.py:190} INFO - [2024-10-03T22:31:30.195+0000] {dag.py:3229} INFO - Sync 2 DAGs
[2024-10-03T22:31:30.284+0000] {logging_mixin.py:190} INFO - [2024-10-03T22:31:30.283+0000] {dag.py:4156} INFO - Setting next_dagrun for read_dataset_event to 2024-10-02 00:00:00+00:00, run_after=2024-10-03 00:00:00+00:00
[2024-10-03T22:31:30.295+0000] {logging_mixin.py:190} INFO - [2024-10-03T22:31:30.294+0000] {dag.py:4156} INFO - Setting next_dagrun for read_dataset_event_from_classic to 2024-10-02 00:00:00+00:00, run_after=2024-10-03 00:00:00+00:00
[2024-10-03T22:31:30.380+0000] {processor.py:208} INFO - Processing /home/airflow/.local/lib/python3.12/site-packages/airflow/example_dags/example_inlet_event_extra.py took 0.658 seconds
[2024-10-03T22:32:00.483+0000] {processor.py:186} INFO - Started process (PID=3339) to work on /home/airflow/.local/lib/python3.12/site-packages/airflow/example_dags/example_inlet_event_extra.py
[2024-10-03T22:32:00.485+0000] {processor.py:914} INFO - Processing file /home/airflow/.local/lib/python3.12/site-packages/airflow/example_dags/example_inlet_event_extra.py for tasks to queue
[2024-10-03T22:32:00.488+0000] {logging_mixin.py:190} INFO - [2024-10-03T22:32:00.488+0000] {dagbag.py:587} INFO - Filling up the DagBag from /home/airflow/.local/lib/python3.12/site-packages/airflow/example_dags/example_inlet_event_extra.py
[2024-10-03T22:32:00.735+0000] {processor.py:925} INFO - DAG(s) 'read_dataset_event', 'read_dataset_event_from_classic' retrieved from /home/airflow/.local/lib/python3.12/site-packages/airflow/example_dags/example_inlet_event_extra.py
[2024-10-03T22:32:00.768+0000] {logging_mixin.py:190} INFO - [2024-10-03T22:32:00.768+0000] {dag.py:3229} INFO - Sync 2 DAGs
[2024-10-03T22:32:00.805+0000] {logging_mixin.py:190} INFO - [2024-10-03T22:32:00.804+0000] {dag.py:4156} INFO - Setting next_dagrun for read_dataset_event to 2024-10-02 00:00:00+00:00, run_after=2024-10-03 00:00:00+00:00
[2024-10-03T22:32:00.812+0000] {logging_mixin.py:190} INFO - [2024-10-03T22:32:00.812+0000] {dag.py:4156} INFO - Setting next_dagrun for read_dataset_event_from_classic to 2024-10-02 00:00:00+00:00, run_after=2024-10-03 00:00:00+00:00
[2024-10-03T22:32:00.845+0000] {processor.py:208} INFO - Processing /home/airflow/.local/lib/python3.12/site-packages/airflow/example_dags/example_inlet_event_extra.py took 0.371 seconds
[2024-10-03T22:32:31.194+0000] {processor.py:186} INFO - Started process (PID=3400) to work on /home/airflow/.local/lib/python3.12/site-packages/airflow/example_dags/example_inlet_event_extra.py
[2024-10-03T22:32:31.198+0000] {processor.py:914} INFO - Processing file /home/airflow/.local/lib/python3.12/site-packages/airflow/example_dags/example_inlet_event_extra.py for tasks to queue
[2024-10-03T22:32:31.235+0000] {logging_mixin.py:190} INFO - [2024-10-03T22:32:31.234+0000] {dagbag.py:587} INFO - Filling up the DagBag from /home/airflow/.local/lib/python3.12/site-packages/airflow/example_dags/example_inlet_event_extra.py
[2024-10-03T22:32:31.601+0000] {processor.py:925} INFO - DAG(s) 'read_dataset_event_from_classic', 'read_dataset_event' retrieved from /home/airflow/.local/lib/python3.12/site-packages/airflow/example_dags/example_inlet_event_extra.py
[2024-10-03T22:32:31.650+0000] {logging_mixin.py:190} INFO - [2024-10-03T22:32:31.649+0000] {dag.py:3229} INFO - Sync 2 DAGs
[2024-10-03T22:32:31.722+0000] {logging_mixin.py:190} INFO - [2024-10-03T22:32:31.722+0000] {dag.py:4156} INFO - Setting next_dagrun for read_dataset_event to 2024-10-02 00:00:00+00:00, run_after=2024-10-03 00:00:00+00:00
[2024-10-03T22:32:31.746+0000] {logging_mixin.py:190} INFO - [2024-10-03T22:32:31.745+0000] {dag.py:4156} INFO - Setting next_dagrun for read_dataset_event_from_classic to 2024-10-02 00:00:00+00:00, run_after=2024-10-03 00:00:00+00:00
[2024-10-03T22:32:31.786+0000] {processor.py:208} INFO - Processing /home/airflow/.local/lib/python3.12/site-packages/airflow/example_dags/example_inlet_event_extra.py took 0.606 seconds
[2024-10-03T22:33:01.870+0000] {processor.py:186} INFO - Started process (PID=3464) to work on /home/airflow/.local/lib/python3.12/site-packages/airflow/example_dags/example_inlet_event_extra.py
[2024-10-03T22:33:01.881+0000] {processor.py:914} INFO - Processing file /home/airflow/.local/lib/python3.12/site-packages/airflow/example_dags/example_inlet_event_extra.py for tasks to queue
[2024-10-03T22:33:01.889+0000] {logging_mixin.py:190} INFO - [2024-10-03T22:33:01.886+0000] {dagbag.py:587} INFO - Filling up the DagBag from /home/airflow/.local/lib/python3.12/site-packages/airflow/example_dags/example_inlet_event_extra.py
[2024-10-03T22:33:02.280+0000] {processor.py:925} INFO - DAG(s) 'read_dataset_event', 'read_dataset_event_from_classic' retrieved from /home/airflow/.local/lib/python3.12/site-packages/airflow/example_dags/example_inlet_event_extra.py
[2024-10-03T22:33:02.312+0000] {logging_mixin.py:190} INFO - [2024-10-03T22:33:02.312+0000] {dag.py:3229} INFO - Sync 2 DAGs
[2024-10-03T22:33:02.355+0000] {logging_mixin.py:190} INFO - [2024-10-03T22:33:02.354+0000] {dag.py:4156} INFO - Setting next_dagrun for read_dataset_event to 2024-10-02 00:00:00+00:00, run_after=2024-10-03 00:00:00+00:00
[2024-10-03T22:33:02.364+0000] {logging_mixin.py:190} INFO - [2024-10-03T22:33:02.364+0000] {dag.py:4156} INFO - Setting next_dagrun for read_dataset_event_from_classic to 2024-10-02 00:00:00+00:00, run_after=2024-10-03 00:00:00+00:00
[2024-10-03T22:33:02.403+0000] {processor.py:208} INFO - Processing /home/airflow/.local/lib/python3.12/site-packages/airflow/example_dags/example_inlet_event_extra.py took 0.543 seconds
[2024-10-03T22:33:33.096+0000] {processor.py:186} INFO - Started process (PID=3527) to work on /home/airflow/.local/lib/python3.12/site-packages/airflow/example_dags/example_inlet_event_extra.py
[2024-10-03T22:33:33.098+0000] {processor.py:914} INFO - Processing file /home/airflow/.local/lib/python3.12/site-packages/airflow/example_dags/example_inlet_event_extra.py for tasks to queue
[2024-10-03T22:33:33.102+0000] {logging_mixin.py:190} INFO - [2024-10-03T22:33:33.101+0000] {dagbag.py:587} INFO - Filling up the DagBag from /home/airflow/.local/lib/python3.12/site-packages/airflow/example_dags/example_inlet_event_extra.py
[2024-10-03T22:33:33.390+0000] {processor.py:925} INFO - DAG(s) 'read_dataset_event_from_classic', 'read_dataset_event' retrieved from /home/airflow/.local/lib/python3.12/site-packages/airflow/example_dags/example_inlet_event_extra.py
[2024-10-03T22:33:33.422+0000] {logging_mixin.py:190} INFO - [2024-10-03T22:33:33.421+0000] {dag.py:3229} INFO - Sync 2 DAGs
[2024-10-03T22:33:33.459+0000] {logging_mixin.py:190} INFO - [2024-10-03T22:33:33.458+0000] {dag.py:4156} INFO - Setting next_dagrun for read_dataset_event to 2024-10-02 00:00:00+00:00, run_after=2024-10-03 00:00:00+00:00
[2024-10-03T22:33:33.469+0000] {logging_mixin.py:190} INFO - [2024-10-03T22:33:33.468+0000] {dag.py:4156} INFO - Setting next_dagrun for read_dataset_event_from_classic to 2024-10-02 00:00:00+00:00, run_after=2024-10-03 00:00:00+00:00
[2024-10-03T22:33:33.553+0000] {processor.py:208} INFO - Processing /home/airflow/.local/lib/python3.12/site-packages/airflow/example_dags/example_inlet_event_extra.py took 0.465 seconds
[2024-10-03T22:34:03.631+0000] {processor.py:186} INFO - Started process (PID=3591) to work on /home/airflow/.local/lib/python3.12/site-packages/airflow/example_dags/example_inlet_event_extra.py
[2024-10-03T22:34:03.632+0000] {processor.py:914} INFO - Processing file /home/airflow/.local/lib/python3.12/site-packages/airflow/example_dags/example_inlet_event_extra.py for tasks to queue
[2024-10-03T22:34:03.636+0000] {logging_mixin.py:190} INFO - [2024-10-03T22:34:03.635+0000] {dagbag.py:587} INFO - Filling up the DagBag from /home/airflow/.local/lib/python3.12/site-packages/airflow/example_dags/example_inlet_event_extra.py
[2024-10-03T22:34:03.868+0000] {processor.py:925} INFO - DAG(s) 'read_dataset_event', 'read_dataset_event_from_classic' retrieved from /home/airflow/.local/lib/python3.12/site-packages/airflow/example_dags/example_inlet_event_extra.py
[2024-10-03T22:34:03.896+0000] {logging_mixin.py:190} INFO - [2024-10-03T22:34:03.896+0000] {dag.py:3229} INFO - Sync 2 DAGs
[2024-10-03T22:34:03.933+0000] {logging_mixin.py:190} INFO - [2024-10-03T22:34:03.932+0000] {dag.py:4156} INFO - Setting next_dagrun for read_dataset_event to 2024-10-02 00:00:00+00:00, run_after=2024-10-03 00:00:00+00:00
[2024-10-03T22:34:03.941+0000] {logging_mixin.py:190} INFO - [2024-10-03T22:34:03.941+0000] {dag.py:4156} INFO - Setting next_dagrun for read_dataset_event_from_classic to 2024-10-02 00:00:00+00:00, run_after=2024-10-03 00:00:00+00:00
[2024-10-03T22:34:03.979+0000] {processor.py:208} INFO - Processing /home/airflow/.local/lib/python3.12/site-packages/airflow/example_dags/example_inlet_event_extra.py took 0.361 seconds
[2024-10-03T22:34:34.214+0000] {processor.py:186} INFO - Started process (PID=3653) to work on /home/airflow/.local/lib/python3.12/site-packages/airflow/example_dags/example_inlet_event_extra.py
[2024-10-03T22:34:34.215+0000] {processor.py:914} INFO - Processing file /home/airflow/.local/lib/python3.12/site-packages/airflow/example_dags/example_inlet_event_extra.py for tasks to queue
[2024-10-03T22:34:34.220+0000] {logging_mixin.py:190} INFO - [2024-10-03T22:34:34.219+0000] {dagbag.py:587} INFO - Filling up the DagBag from /home/airflow/.local/lib/python3.12/site-packages/airflow/example_dags/example_inlet_event_extra.py
[2024-10-03T22:34:34.494+0000] {processor.py:925} INFO - DAG(s) 'read_dataset_event', 'read_dataset_event_from_classic' retrieved from /home/airflow/.local/lib/python3.12/site-packages/airflow/example_dags/example_inlet_event_extra.py
[2024-10-03T22:34:34.528+0000] {logging_mixin.py:190} INFO - [2024-10-03T22:34:34.528+0000] {dag.py:3229} INFO - Sync 2 DAGs
[2024-10-03T22:34:34.574+0000] {logging_mixin.py:190} INFO - [2024-10-03T22:34:34.574+0000] {dag.py:4156} INFO - Setting next_dagrun for read_dataset_event to 2024-10-02 00:00:00+00:00, run_after=2024-10-03 00:00:00+00:00
[2024-10-03T22:34:34.580+0000] {logging_mixin.py:190} INFO - [2024-10-03T22:34:34.580+0000] {dag.py:4156} INFO - Setting next_dagrun for read_dataset_event_from_classic to 2024-10-02 00:00:00+00:00, run_after=2024-10-03 00:00:00+00:00
[2024-10-03T22:34:34.612+0000] {processor.py:208} INFO - Processing /home/airflow/.local/lib/python3.12/site-packages/airflow/example_dags/example_inlet_event_extra.py took 0.408 seconds
[2024-10-03T22:35:05.075+0000] {processor.py:186} INFO - Started process (PID=3717) to work on /home/airflow/.local/lib/python3.12/site-packages/airflow/example_dags/example_inlet_event_extra.py
[2024-10-03T22:35:05.095+0000] {processor.py:914} INFO - Processing file /home/airflow/.local/lib/python3.12/site-packages/airflow/example_dags/example_inlet_event_extra.py for tasks to queue
[2024-10-03T22:35:05.108+0000] {logging_mixin.py:190} INFO - [2024-10-03T22:35:05.107+0000] {dagbag.py:587} INFO - Filling up the DagBag from /home/airflow/.local/lib/python3.12/site-packages/airflow/example_dags/example_inlet_event_extra.py
[2024-10-03T22:35:05.843+0000] {processor.py:925} INFO - DAG(s) 'read_dataset_event_from_classic', 'read_dataset_event' retrieved from /home/airflow/.local/lib/python3.12/site-packages/airflow/example_dags/example_inlet_event_extra.py
[2024-10-03T22:35:05.881+0000] {logging_mixin.py:190} INFO - [2024-10-03T22:35:05.880+0000] {dag.py:3229} INFO - Sync 2 DAGs
[2024-10-03T22:35:05.933+0000] {logging_mixin.py:190} INFO - [2024-10-03T22:35:05.932+0000] {dag.py:4156} INFO - Setting next_dagrun for read_dataset_event to 2024-10-02 00:00:00+00:00, run_after=2024-10-03 00:00:00+00:00
[2024-10-03T22:35:05.941+0000] {logging_mixin.py:190} INFO - [2024-10-03T22:35:05.941+0000] {dag.py:4156} INFO - Setting next_dagrun for read_dataset_event_from_classic to 2024-10-02 00:00:00+00:00, run_after=2024-10-03 00:00:00+00:00
[2024-10-03T22:35:05.974+0000] {processor.py:208} INFO - Processing /home/airflow/.local/lib/python3.12/site-packages/airflow/example_dags/example_inlet_event_extra.py took 0.920 seconds
