[2024-10-03T22:05:57.041+0000] {processor.py:186} INFO - Started process (PID=125) to work on /home/airflow/.local/lib/python3.12/site-packages/airflow/example_dags/example_branch_operator_decorator.py
[2024-10-03T22:05:57.048+0000] {processor.py:914} INFO - Processing file /home/airflow/.local/lib/python3.12/site-packages/airflow/example_dags/example_branch_operator_decorator.py for tasks to queue
[2024-10-03T22:05:57.063+0000] {logging_mixin.py:190} INFO - [2024-10-03T22:05:57.063+0000] {dagbag.py:587} INFO - Filling up the DagBag from /home/airflow/.local/lib/python3.12/site-packages/airflow/example_dags/example_branch_operator_decorator.py
[2024-10-03T22:05:57.185+0000] {processor.py:925} INFO - DAG(s) 'example_branch_python_operator_decorator' retrieved from /home/airflow/.local/lib/python3.12/site-packages/airflow/example_dags/example_branch_operator_decorator.py
[2024-10-03T22:05:58.020+0000] {logging_mixin.py:190} INFO - [2024-10-03T22:05:58.019+0000] {dag.py:3229} INFO - Sync 1 DAGs
[2024-10-03T22:05:58.160+0000] {logging_mixin.py:190} INFO - [2024-10-03T22:05:58.159+0000] {dag.py:4156} INFO - Setting next_dagrun for example_branch_python_operator_decorator to 2024-10-02 00:00:00+00:00, run_after=2024-10-03 00:00:00+00:00
[2024-10-03T22:05:58.272+0000] {processor.py:208} INFO - Processing /home/airflow/.local/lib/python3.12/site-packages/airflow/example_dags/example_branch_operator_decorator.py took 1.263 seconds
[2024-10-03T22:06:29.626+0000] {processor.py:186} INFO - Started process (PID=188) to work on /home/airflow/.local/lib/python3.12/site-packages/airflow/example_dags/example_branch_operator_decorator.py
[2024-10-03T22:06:29.637+0000] {processor.py:914} INFO - Processing file /home/airflow/.local/lib/python3.12/site-packages/airflow/example_dags/example_branch_operator_decorator.py for tasks to queue
[2024-10-03T22:06:29.686+0000] {logging_mixin.py:190} INFO - [2024-10-03T22:06:29.686+0000] {dagbag.py:587} INFO - Filling up the DagBag from /home/airflow/.local/lib/python3.12/site-packages/airflow/example_dags/example_branch_operator_decorator.py
[2024-10-03T22:06:29.911+0000] {processor.py:925} INFO - DAG(s) 'example_branch_python_operator_decorator' retrieved from /home/airflow/.local/lib/python3.12/site-packages/airflow/example_dags/example_branch_operator_decorator.py
[2024-10-03T22:06:30.133+0000] {logging_mixin.py:190} INFO - [2024-10-03T22:06:30.121+0000] {dag.py:3229} INFO - Sync 1 DAGs
[2024-10-03T22:06:30.423+0000] {logging_mixin.py:190} INFO - [2024-10-03T22:06:30.422+0000] {dag.py:4156} INFO - Setting next_dagrun for example_branch_python_operator_decorator to 2024-10-02 00:00:00+00:00, run_after=2024-10-03 00:00:00+00:00
[2024-10-03T22:06:30.669+0000] {processor.py:208} INFO - Processing /home/airflow/.local/lib/python3.12/site-packages/airflow/example_dags/example_branch_operator_decorator.py took 1.204 seconds
[2024-10-03T22:07:01.606+0000] {processor.py:186} INFO - Started process (PID=251) to work on /home/airflow/.local/lib/python3.12/site-packages/airflow/example_dags/example_branch_operator_decorator.py
[2024-10-03T22:07:01.610+0000] {processor.py:914} INFO - Processing file /home/airflow/.local/lib/python3.12/site-packages/airflow/example_dags/example_branch_operator_decorator.py for tasks to queue
[2024-10-03T22:07:01.628+0000] {logging_mixin.py:190} INFO - [2024-10-03T22:07:01.627+0000] {dagbag.py:587} INFO - Filling up the DagBag from /home/airflow/.local/lib/python3.12/site-packages/airflow/example_dags/example_branch_operator_decorator.py
[2024-10-03T22:07:01.849+0000] {processor.py:925} INFO - DAG(s) 'example_branch_python_operator_decorator' retrieved from /home/airflow/.local/lib/python3.12/site-packages/airflow/example_dags/example_branch_operator_decorator.py
[2024-10-03T22:07:02.192+0000] {logging_mixin.py:190} INFO - [2024-10-03T22:07:02.178+0000] {dag.py:3229} INFO - Sync 1 DAGs
[2024-10-03T22:07:02.434+0000] {logging_mixin.py:190} INFO - [2024-10-03T22:07:02.434+0000] {dag.py:4156} INFO - Setting next_dagrun for example_branch_python_operator_decorator to 2024-10-02 00:00:00+00:00, run_after=2024-10-03 00:00:00+00:00
[2024-10-03T22:07:02.649+0000] {processor.py:208} INFO - Processing /home/airflow/.local/lib/python3.12/site-packages/airflow/example_dags/example_branch_operator_decorator.py took 1.101 seconds
[2024-10-03T22:07:33.218+0000] {processor.py:186} INFO - Started process (PID=316) to work on /home/airflow/.local/lib/python3.12/site-packages/airflow/example_dags/example_branch_operator_decorator.py
[2024-10-03T22:07:33.227+0000] {processor.py:914} INFO - Processing file /home/airflow/.local/lib/python3.12/site-packages/airflow/example_dags/example_branch_operator_decorator.py for tasks to queue
[2024-10-03T22:07:33.249+0000] {logging_mixin.py:190} INFO - [2024-10-03T22:07:33.248+0000] {dagbag.py:587} INFO - Filling up the DagBag from /home/airflow/.local/lib/python3.12/site-packages/airflow/example_dags/example_branch_operator_decorator.py
[2024-10-03T22:07:33.442+0000] {processor.py:925} INFO - DAG(s) 'example_branch_python_operator_decorator' retrieved from /home/airflow/.local/lib/python3.12/site-packages/airflow/example_dags/example_branch_operator_decorator.py
[2024-10-03T22:07:33.698+0000] {logging_mixin.py:190} INFO - [2024-10-03T22:07:33.697+0000] {dag.py:3229} INFO - Sync 1 DAGs
[2024-10-03T22:07:33.920+0000] {logging_mixin.py:190} INFO - [2024-10-03T22:07:33.919+0000] {dag.py:4156} INFO - Setting next_dagrun for example_branch_python_operator_decorator to 2024-10-02 00:00:00+00:00, run_after=2024-10-03 00:00:00+00:00
[2024-10-03T22:07:34.096+0000] {processor.py:208} INFO - Processing /home/airflow/.local/lib/python3.12/site-packages/airflow/example_dags/example_branch_operator_decorator.py took 0.903 seconds
[2024-10-03T22:08:04.384+0000] {processor.py:186} INFO - Started process (PID=379) to work on /home/airflow/.local/lib/python3.12/site-packages/airflow/example_dags/example_branch_operator_decorator.py
[2024-10-03T22:08:04.386+0000] {processor.py:914} INFO - Processing file /home/airflow/.local/lib/python3.12/site-packages/airflow/example_dags/example_branch_operator_decorator.py for tasks to queue
[2024-10-03T22:08:04.391+0000] {logging_mixin.py:190} INFO - [2024-10-03T22:08:04.390+0000] {dagbag.py:587} INFO - Filling up the DagBag from /home/airflow/.local/lib/python3.12/site-packages/airflow/example_dags/example_branch_operator_decorator.py
[2024-10-03T22:08:04.461+0000] {processor.py:925} INFO - DAG(s) 'example_branch_python_operator_decorator' retrieved from /home/airflow/.local/lib/python3.12/site-packages/airflow/example_dags/example_branch_operator_decorator.py
[2024-10-03T22:08:04.538+0000] {logging_mixin.py:190} INFO - [2024-10-03T22:08:04.536+0000] {dag.py:3229} INFO - Sync 1 DAGs
[2024-10-03T22:08:04.606+0000] {logging_mixin.py:190} INFO - [2024-10-03T22:08:04.606+0000] {dag.py:4156} INFO - Setting next_dagrun for example_branch_python_operator_decorator to 2024-10-02 00:00:00+00:00, run_after=2024-10-03 00:00:00+00:00
[2024-10-03T22:08:04.679+0000] {processor.py:208} INFO - Processing /home/airflow/.local/lib/python3.12/site-packages/airflow/example_dags/example_branch_operator_decorator.py took 0.314 seconds
[2024-10-03T22:08:35.102+0000] {processor.py:186} INFO - Started process (PID=442) to work on /home/airflow/.local/lib/python3.12/site-packages/airflow/example_dags/example_branch_operator_decorator.py
[2024-10-03T22:08:35.103+0000] {processor.py:914} INFO - Processing file /home/airflow/.local/lib/python3.12/site-packages/airflow/example_dags/example_branch_operator_decorator.py for tasks to queue
[2024-10-03T22:08:35.106+0000] {logging_mixin.py:190} INFO - [2024-10-03T22:08:35.106+0000] {dagbag.py:587} INFO - Filling up the DagBag from /home/airflow/.local/lib/python3.12/site-packages/airflow/example_dags/example_branch_operator_decorator.py
[2024-10-03T22:08:35.144+0000] {processor.py:925} INFO - DAG(s) 'example_branch_python_operator_decorator' retrieved from /home/airflow/.local/lib/python3.12/site-packages/airflow/example_dags/example_branch_operator_decorator.py
[2024-10-03T22:08:35.195+0000] {logging_mixin.py:190} INFO - [2024-10-03T22:08:35.195+0000] {dag.py:3229} INFO - Sync 1 DAGs
[2024-10-03T22:08:35.242+0000] {logging_mixin.py:190} INFO - [2024-10-03T22:08:35.242+0000] {dag.py:4156} INFO - Setting next_dagrun for example_branch_python_operator_decorator to 2024-10-02 00:00:00+00:00, run_after=2024-10-03 00:00:00+00:00
[2024-10-03T22:08:35.281+0000] {processor.py:208} INFO - Processing /home/airflow/.local/lib/python3.12/site-packages/airflow/example_dags/example_branch_operator_decorator.py took 0.190 seconds
[2024-10-03T22:09:05.515+0000] {processor.py:186} INFO - Started process (PID=505) to work on /home/airflow/.local/lib/python3.12/site-packages/airflow/example_dags/example_branch_operator_decorator.py
[2024-10-03T22:09:05.517+0000] {processor.py:914} INFO - Processing file /home/airflow/.local/lib/python3.12/site-packages/airflow/example_dags/example_branch_operator_decorator.py for tasks to queue
[2024-10-03T22:09:05.520+0000] {logging_mixin.py:190} INFO - [2024-10-03T22:09:05.520+0000] {dagbag.py:587} INFO - Filling up the DagBag from /home/airflow/.local/lib/python3.12/site-packages/airflow/example_dags/example_branch_operator_decorator.py
[2024-10-03T22:09:05.563+0000] {processor.py:925} INFO - DAG(s) 'example_branch_python_operator_decorator' retrieved from /home/airflow/.local/lib/python3.12/site-packages/airflow/example_dags/example_branch_operator_decorator.py
[2024-10-03T22:09:05.616+0000] {logging_mixin.py:190} INFO - [2024-10-03T22:09:05.615+0000] {dag.py:3229} INFO - Sync 1 DAGs
[2024-10-03T22:09:05.658+0000] {logging_mixin.py:190} INFO - [2024-10-03T22:09:05.658+0000] {dag.py:4156} INFO - Setting next_dagrun for example_branch_python_operator_decorator to 2024-10-02 00:00:00+00:00, run_after=2024-10-03 00:00:00+00:00
[2024-10-03T22:09:05.714+0000] {processor.py:208} INFO - Processing /home/airflow/.local/lib/python3.12/site-packages/airflow/example_dags/example_branch_operator_decorator.py took 0.210 seconds
[2024-10-03T22:09:36.281+0000] {processor.py:186} INFO - Started process (PID=568) to work on /home/airflow/.local/lib/python3.12/site-packages/airflow/example_dags/example_branch_operator_decorator.py
[2024-10-03T22:09:36.282+0000] {processor.py:914} INFO - Processing file /home/airflow/.local/lib/python3.12/site-packages/airflow/example_dags/example_branch_operator_decorator.py for tasks to queue
[2024-10-03T22:09:36.285+0000] {logging_mixin.py:190} INFO - [2024-10-03T22:09:36.284+0000] {dagbag.py:587} INFO - Filling up the DagBag from /home/airflow/.local/lib/python3.12/site-packages/airflow/example_dags/example_branch_operator_decorator.py
[2024-10-03T22:09:36.319+0000] {processor.py:925} INFO - DAG(s) 'example_branch_python_operator_decorator' retrieved from /home/airflow/.local/lib/python3.12/site-packages/airflow/example_dags/example_branch_operator_decorator.py
[2024-10-03T22:09:36.365+0000] {logging_mixin.py:190} INFO - [2024-10-03T22:09:36.364+0000] {dag.py:3229} INFO - Sync 1 DAGs
[2024-10-03T22:09:36.404+0000] {logging_mixin.py:190} INFO - [2024-10-03T22:09:36.404+0000] {dag.py:4156} INFO - Setting next_dagrun for example_branch_python_operator_decorator to 2024-10-02 00:00:00+00:00, run_after=2024-10-03 00:00:00+00:00
[2024-10-03T22:09:36.437+0000] {processor.py:208} INFO - Processing /home/airflow/.local/lib/python3.12/site-packages/airflow/example_dags/example_branch_operator_decorator.py took 0.164 seconds
[2024-10-03T22:10:09.247+0000] {processor.py:186} INFO - Started process (PID=631) to work on /home/airflow/.local/lib/python3.12/site-packages/airflow/example_dags/example_branch_operator_decorator.py
[2024-10-03T22:10:09.293+0000] {processor.py:914} INFO - Processing file /home/airflow/.local/lib/python3.12/site-packages/airflow/example_dags/example_branch_operator_decorator.py for tasks to queue
[2024-10-03T22:10:09.326+0000] {logging_mixin.py:190} INFO - [2024-10-03T22:10:09.325+0000] {dagbag.py:587} INFO - Filling up the DagBag from /home/airflow/.local/lib/python3.12/site-packages/airflow/example_dags/example_branch_operator_decorator.py
[2024-10-03T22:10:09.483+0000] {processor.py:925} INFO - DAG(s) 'example_branch_python_operator_decorator' retrieved from /home/airflow/.local/lib/python3.12/site-packages/airflow/example_dags/example_branch_operator_decorator.py
[2024-10-03T22:10:09.745+0000] {logging_mixin.py:190} INFO - [2024-10-03T22:10:09.744+0000] {dag.py:3229} INFO - Sync 1 DAGs
[2024-10-03T22:10:09.899+0000] {logging_mixin.py:190} INFO - [2024-10-03T22:10:09.898+0000] {dag.py:4156} INFO - Setting next_dagrun for example_branch_python_operator_decorator to 2024-10-02 00:00:00+00:00, run_after=2024-10-03 00:00:00+00:00
[2024-10-03T22:10:10.065+0000] {processor.py:208} INFO - Processing /home/airflow/.local/lib/python3.12/site-packages/airflow/example_dags/example_branch_operator_decorator.py took 0.850 seconds
[2024-10-03T22:10:41.120+0000] {processor.py:186} INFO - Started process (PID=694) to work on /home/airflow/.local/lib/python3.12/site-packages/airflow/example_dags/example_branch_operator_decorator.py
[2024-10-03T22:10:41.121+0000] {processor.py:914} INFO - Processing file /home/airflow/.local/lib/python3.12/site-packages/airflow/example_dags/example_branch_operator_decorator.py for tasks to queue
[2024-10-03T22:10:41.124+0000] {logging_mixin.py:190} INFO - [2024-10-03T22:10:41.124+0000] {dagbag.py:587} INFO - Filling up the DagBag from /home/airflow/.local/lib/python3.12/site-packages/airflow/example_dags/example_branch_operator_decorator.py
[2024-10-03T22:10:41.153+0000] {processor.py:925} INFO - DAG(s) 'example_branch_python_operator_decorator' retrieved from /home/airflow/.local/lib/python3.12/site-packages/airflow/example_dags/example_branch_operator_decorator.py
[2024-10-03T22:10:41.190+0000] {logging_mixin.py:190} INFO - [2024-10-03T22:10:41.189+0000] {dag.py:3229} INFO - Sync 1 DAGs
[2024-10-03T22:10:41.220+0000] {logging_mixin.py:190} INFO - [2024-10-03T22:10:41.219+0000] {dag.py:4156} INFO - Setting next_dagrun for example_branch_python_operator_decorator to 2024-10-02 00:00:00+00:00, run_after=2024-10-03 00:00:00+00:00
[2024-10-03T22:10:41.244+0000] {processor.py:208} INFO - Processing /home/airflow/.local/lib/python3.12/site-packages/airflow/example_dags/example_branch_operator_decorator.py took 0.133 seconds
[2024-10-03T22:11:12.131+0000] {processor.py:186} INFO - Started process (PID=757) to work on /home/airflow/.local/lib/python3.12/site-packages/airflow/example_dags/example_branch_operator_decorator.py
[2024-10-03T22:11:12.132+0000] {processor.py:914} INFO - Processing file /home/airflow/.local/lib/python3.12/site-packages/airflow/example_dags/example_branch_operator_decorator.py for tasks to queue
[2024-10-03T22:11:12.135+0000] {logging_mixin.py:190} INFO - [2024-10-03T22:11:12.135+0000] {dagbag.py:587} INFO - Filling up the DagBag from /home/airflow/.local/lib/python3.12/site-packages/airflow/example_dags/example_branch_operator_decorator.py
[2024-10-03T22:11:12.166+0000] {processor.py:925} INFO - DAG(s) 'example_branch_python_operator_decorator' retrieved from /home/airflow/.local/lib/python3.12/site-packages/airflow/example_dags/example_branch_operator_decorator.py
[2024-10-03T22:11:12.212+0000] {logging_mixin.py:190} INFO - [2024-10-03T22:11:12.211+0000] {dag.py:3229} INFO - Sync 1 DAGs
[2024-10-03T22:11:12.246+0000] {logging_mixin.py:190} INFO - [2024-10-03T22:11:12.245+0000] {dag.py:4156} INFO - Setting next_dagrun for example_branch_python_operator_decorator to 2024-10-02 00:00:00+00:00, run_after=2024-10-03 00:00:00+00:00
[2024-10-03T22:11:12.272+0000] {processor.py:208} INFO - Processing /home/airflow/.local/lib/python3.12/site-packages/airflow/example_dags/example_branch_operator_decorator.py took 0.151 seconds
[2024-10-03T22:11:42.761+0000] {processor.py:186} INFO - Started process (PID=820) to work on /home/airflow/.local/lib/python3.12/site-packages/airflow/example_dags/example_branch_operator_decorator.py
[2024-10-03T22:11:42.762+0000] {processor.py:914} INFO - Processing file /home/airflow/.local/lib/python3.12/site-packages/airflow/example_dags/example_branch_operator_decorator.py for tasks to queue
[2024-10-03T22:11:42.765+0000] {logging_mixin.py:190} INFO - [2024-10-03T22:11:42.765+0000] {dagbag.py:587} INFO - Filling up the DagBag from /home/airflow/.local/lib/python3.12/site-packages/airflow/example_dags/example_branch_operator_decorator.py
[2024-10-03T22:11:42.796+0000] {processor.py:925} INFO - DAG(s) 'example_branch_python_operator_decorator' retrieved from /home/airflow/.local/lib/python3.12/site-packages/airflow/example_dags/example_branch_operator_decorator.py
[2024-10-03T22:11:42.846+0000] {logging_mixin.py:190} INFO - [2024-10-03T22:11:42.846+0000] {dag.py:3229} INFO - Sync 1 DAGs
[2024-10-03T22:11:42.881+0000] {logging_mixin.py:190} INFO - [2024-10-03T22:11:42.880+0000] {dag.py:4156} INFO - Setting next_dagrun for example_branch_python_operator_decorator to 2024-10-02 00:00:00+00:00, run_after=2024-10-03 00:00:00+00:00
[2024-10-03T22:11:42.909+0000] {processor.py:208} INFO - Processing /home/airflow/.local/lib/python3.12/site-packages/airflow/example_dags/example_branch_operator_decorator.py took 0.158 seconds
[2024-10-03T22:12:13.284+0000] {processor.py:186} INFO - Started process (PID=883) to work on /home/airflow/.local/lib/python3.12/site-packages/airflow/example_dags/example_branch_operator_decorator.py
[2024-10-03T22:12:13.285+0000] {processor.py:914} INFO - Processing file /home/airflow/.local/lib/python3.12/site-packages/airflow/example_dags/example_branch_operator_decorator.py for tasks to queue
[2024-10-03T22:12:13.288+0000] {logging_mixin.py:190} INFO - [2024-10-03T22:12:13.287+0000] {dagbag.py:587} INFO - Filling up the DagBag from /home/airflow/.local/lib/python3.12/site-packages/airflow/example_dags/example_branch_operator_decorator.py
[2024-10-03T22:12:13.317+0000] {processor.py:925} INFO - DAG(s) 'example_branch_python_operator_decorator' retrieved from /home/airflow/.local/lib/python3.12/site-packages/airflow/example_dags/example_branch_operator_decorator.py
[2024-10-03T22:12:13.355+0000] {logging_mixin.py:190} INFO - [2024-10-03T22:12:13.354+0000] {dag.py:3229} INFO - Sync 1 DAGs
[2024-10-03T22:12:13.385+0000] {logging_mixin.py:190} INFO - [2024-10-03T22:12:13.385+0000] {dag.py:4156} INFO - Setting next_dagrun for example_branch_python_operator_decorator to 2024-10-02 00:00:00+00:00, run_after=2024-10-03 00:00:00+00:00
[2024-10-03T22:12:13.411+0000] {processor.py:208} INFO - Processing /home/airflow/.local/lib/python3.12/site-packages/airflow/example_dags/example_branch_operator_decorator.py took 0.134 seconds
[2024-10-03T22:12:44.257+0000] {processor.py:186} INFO - Started process (PID=946) to work on /home/airflow/.local/lib/python3.12/site-packages/airflow/example_dags/example_branch_operator_decorator.py
[2024-10-03T22:12:44.258+0000] {processor.py:914} INFO - Processing file /home/airflow/.local/lib/python3.12/site-packages/airflow/example_dags/example_branch_operator_decorator.py for tasks to queue
[2024-10-03T22:12:44.261+0000] {logging_mixin.py:190} INFO - [2024-10-03T22:12:44.260+0000] {dagbag.py:587} INFO - Filling up the DagBag from /home/airflow/.local/lib/python3.12/site-packages/airflow/example_dags/example_branch_operator_decorator.py
[2024-10-03T22:12:44.296+0000] {processor.py:925} INFO - DAG(s) 'example_branch_python_operator_decorator' retrieved from /home/airflow/.local/lib/python3.12/site-packages/airflow/example_dags/example_branch_operator_decorator.py
[2024-10-03T22:12:44.339+0000] {logging_mixin.py:190} INFO - [2024-10-03T22:12:44.338+0000] {dag.py:3229} INFO - Sync 1 DAGs
[2024-10-03T22:12:44.370+0000] {logging_mixin.py:190} INFO - [2024-10-03T22:12:44.370+0000] {dag.py:4156} INFO - Setting next_dagrun for example_branch_python_operator_decorator to 2024-10-02 00:00:00+00:00, run_after=2024-10-03 00:00:00+00:00
[2024-10-03T22:12:44.402+0000] {processor.py:208} INFO - Processing /home/airflow/.local/lib/python3.12/site-packages/airflow/example_dags/example_branch_operator_decorator.py took 0.152 seconds
[2024-10-03T22:13:14.887+0000] {processor.py:186} INFO - Started process (PID=1009) to work on /home/airflow/.local/lib/python3.12/site-packages/airflow/example_dags/example_branch_operator_decorator.py
[2024-10-03T22:13:14.888+0000] {processor.py:914} INFO - Processing file /home/airflow/.local/lib/python3.12/site-packages/airflow/example_dags/example_branch_operator_decorator.py for tasks to queue
[2024-10-03T22:13:14.891+0000] {logging_mixin.py:190} INFO - [2024-10-03T22:13:14.891+0000] {dagbag.py:587} INFO - Filling up the DagBag from /home/airflow/.local/lib/python3.12/site-packages/airflow/example_dags/example_branch_operator_decorator.py
[2024-10-03T22:13:14.924+0000] {processor.py:925} INFO - DAG(s) 'example_branch_python_operator_decorator' retrieved from /home/airflow/.local/lib/python3.12/site-packages/airflow/example_dags/example_branch_operator_decorator.py
[2024-10-03T22:13:14.970+0000] {logging_mixin.py:190} INFO - [2024-10-03T22:13:14.970+0000] {dag.py:3229} INFO - Sync 1 DAGs
[2024-10-03T22:13:15.005+0000] {logging_mixin.py:190} INFO - [2024-10-03T22:13:15.005+0000] {dag.py:4156} INFO - Setting next_dagrun for example_branch_python_operator_decorator to 2024-10-02 00:00:00+00:00, run_after=2024-10-03 00:00:00+00:00
[2024-10-03T22:13:15.032+0000] {processor.py:208} INFO - Processing /home/airflow/.local/lib/python3.12/site-packages/airflow/example_dags/example_branch_operator_decorator.py took 0.154 seconds
[2024-10-03T22:13:45.439+0000] {processor.py:186} INFO - Started process (PID=1080) to work on /home/airflow/.local/lib/python3.12/site-packages/airflow/example_dags/example_branch_operator_decorator.py
[2024-10-03T22:13:45.440+0000] {processor.py:914} INFO - Processing file /home/airflow/.local/lib/python3.12/site-packages/airflow/example_dags/example_branch_operator_decorator.py for tasks to queue
[2024-10-03T22:13:45.443+0000] {logging_mixin.py:190} INFO - [2024-10-03T22:13:45.443+0000] {dagbag.py:587} INFO - Filling up the DagBag from /home/airflow/.local/lib/python3.12/site-packages/airflow/example_dags/example_branch_operator_decorator.py
[2024-10-03T22:13:45.476+0000] {processor.py:925} INFO - DAG(s) 'example_branch_python_operator_decorator' retrieved from /home/airflow/.local/lib/python3.12/site-packages/airflow/example_dags/example_branch_operator_decorator.py
[2024-10-03T22:13:45.513+0000] {logging_mixin.py:190} INFO - [2024-10-03T22:13:45.512+0000] {dag.py:3229} INFO - Sync 1 DAGs
[2024-10-03T22:13:45.549+0000] {logging_mixin.py:190} INFO - [2024-10-03T22:13:45.548+0000] {dag.py:4156} INFO - Setting next_dagrun for example_branch_python_operator_decorator to 2024-10-02 00:00:00+00:00, run_after=2024-10-03 00:00:00+00:00
[2024-10-03T22:13:45.578+0000] {processor.py:208} INFO - Processing /home/airflow/.local/lib/python3.12/site-packages/airflow/example_dags/example_branch_operator_decorator.py took 0.151 seconds
[2024-10-03T22:14:16.322+0000] {processor.py:186} INFO - Started process (PID=1143) to work on /home/airflow/.local/lib/python3.12/site-packages/airflow/example_dags/example_branch_operator_decorator.py
[2024-10-03T22:14:16.323+0000] {processor.py:914} INFO - Processing file /home/airflow/.local/lib/python3.12/site-packages/airflow/example_dags/example_branch_operator_decorator.py for tasks to queue
[2024-10-03T22:14:16.326+0000] {logging_mixin.py:190} INFO - [2024-10-03T22:14:16.325+0000] {dagbag.py:587} INFO - Filling up the DagBag from /home/airflow/.local/lib/python3.12/site-packages/airflow/example_dags/example_branch_operator_decorator.py
[2024-10-03T22:14:16.362+0000] {processor.py:925} INFO - DAG(s) 'example_branch_python_operator_decorator' retrieved from /home/airflow/.local/lib/python3.12/site-packages/airflow/example_dags/example_branch_operator_decorator.py
[2024-10-03T22:14:16.402+0000] {logging_mixin.py:190} INFO - [2024-10-03T22:14:16.401+0000] {dag.py:3229} INFO - Sync 1 DAGs
[2024-10-03T22:14:16.436+0000] {logging_mixin.py:190} INFO - [2024-10-03T22:14:16.436+0000] {dag.py:4156} INFO - Setting next_dagrun for example_branch_python_operator_decorator to 2024-10-02 00:00:00+00:00, run_after=2024-10-03 00:00:00+00:00
[2024-10-03T22:14:16.469+0000] {processor.py:208} INFO - Processing /home/airflow/.local/lib/python3.12/site-packages/airflow/example_dags/example_branch_operator_decorator.py took 0.157 seconds
[2024-10-03T22:14:46.702+0000] {processor.py:186} INFO - Started process (PID=1206) to work on /home/airflow/.local/lib/python3.12/site-packages/airflow/example_dags/example_branch_operator_decorator.py
[2024-10-03T22:14:46.705+0000] {processor.py:914} INFO - Processing file /home/airflow/.local/lib/python3.12/site-packages/airflow/example_dags/example_branch_operator_decorator.py for tasks to queue
[2024-10-03T22:14:46.710+0000] {logging_mixin.py:190} INFO - [2024-10-03T22:14:46.709+0000] {dagbag.py:587} INFO - Filling up the DagBag from /home/airflow/.local/lib/python3.12/site-packages/airflow/example_dags/example_branch_operator_decorator.py
[2024-10-03T22:14:46.755+0000] {processor.py:925} INFO - DAG(s) 'example_branch_python_operator_decorator' retrieved from /home/airflow/.local/lib/python3.12/site-packages/airflow/example_dags/example_branch_operator_decorator.py
[2024-10-03T22:14:46.822+0000] {logging_mixin.py:190} INFO - [2024-10-03T22:14:46.822+0000] {dag.py:3229} INFO - Sync 1 DAGs
[2024-10-03T22:14:46.867+0000] {logging_mixin.py:190} INFO - [2024-10-03T22:14:46.866+0000] {dag.py:4156} INFO - Setting next_dagrun for example_branch_python_operator_decorator to 2024-10-02 00:00:00+00:00, run_after=2024-10-03 00:00:00+00:00
[2024-10-03T22:14:46.909+0000] {processor.py:208} INFO - Processing /home/airflow/.local/lib/python3.12/site-packages/airflow/example_dags/example_branch_operator_decorator.py took 0.218 seconds
[2024-10-03T22:15:17.091+0000] {processor.py:186} INFO - Started process (PID=1269) to work on /home/airflow/.local/lib/python3.12/site-packages/airflow/example_dags/example_branch_operator_decorator.py
[2024-10-03T22:15:17.092+0000] {processor.py:914} INFO - Processing file /home/airflow/.local/lib/python3.12/site-packages/airflow/example_dags/example_branch_operator_decorator.py for tasks to queue
[2024-10-03T22:15:17.096+0000] {logging_mixin.py:190} INFO - [2024-10-03T22:15:17.096+0000] {dagbag.py:587} INFO - Filling up the DagBag from /home/airflow/.local/lib/python3.12/site-packages/airflow/example_dags/example_branch_operator_decorator.py
[2024-10-03T22:15:17.132+0000] {processor.py:925} INFO - DAG(s) 'example_branch_python_operator_decorator' retrieved from /home/airflow/.local/lib/python3.12/site-packages/airflow/example_dags/example_branch_operator_decorator.py
[2024-10-03T22:15:17.176+0000] {logging_mixin.py:190} INFO - [2024-10-03T22:15:17.176+0000] {dag.py:3229} INFO - Sync 1 DAGs
[2024-10-03T22:15:17.215+0000] {logging_mixin.py:190} INFO - [2024-10-03T22:15:17.215+0000] {dag.py:4156} INFO - Setting next_dagrun for example_branch_python_operator_decorator to 2024-10-02 00:00:00+00:00, run_after=2024-10-03 00:00:00+00:00
[2024-10-03T22:15:17.251+0000] {processor.py:208} INFO - Processing /home/airflow/.local/lib/python3.12/site-packages/airflow/example_dags/example_branch_operator_decorator.py took 0.169 seconds
[2024-10-03T22:15:47.604+0000] {processor.py:186} INFO - Started process (PID=1332) to work on /home/airflow/.local/lib/python3.12/site-packages/airflow/example_dags/example_branch_operator_decorator.py
[2024-10-03T22:15:47.605+0000] {processor.py:914} INFO - Processing file /home/airflow/.local/lib/python3.12/site-packages/airflow/example_dags/example_branch_operator_decorator.py for tasks to queue
[2024-10-03T22:15:47.609+0000] {logging_mixin.py:190} INFO - [2024-10-03T22:15:47.608+0000] {dagbag.py:587} INFO - Filling up the DagBag from /home/airflow/.local/lib/python3.12/site-packages/airflow/example_dags/example_branch_operator_decorator.py
[2024-10-03T22:15:47.642+0000] {processor.py:925} INFO - DAG(s) 'example_branch_python_operator_decorator' retrieved from /home/airflow/.local/lib/python3.12/site-packages/airflow/example_dags/example_branch_operator_decorator.py
[2024-10-03T22:15:47.681+0000] {logging_mixin.py:190} INFO - [2024-10-03T22:15:47.681+0000] {dag.py:3229} INFO - Sync 1 DAGs
[2024-10-03T22:15:47.715+0000] {logging_mixin.py:190} INFO - [2024-10-03T22:15:47.715+0000] {dag.py:4156} INFO - Setting next_dagrun for example_branch_python_operator_decorator to 2024-10-02 00:00:00+00:00, run_after=2024-10-03 00:00:00+00:00
[2024-10-03T22:15:47.743+0000] {processor.py:208} INFO - Processing /home/airflow/.local/lib/python3.12/site-packages/airflow/example_dags/example_branch_operator_decorator.py took 0.147 seconds
[2024-10-03T22:16:18.459+0000] {processor.py:186} INFO - Started process (PID=1395) to work on /home/airflow/.local/lib/python3.12/site-packages/airflow/example_dags/example_branch_operator_decorator.py
[2024-10-03T22:16:18.461+0000] {processor.py:914} INFO - Processing file /home/airflow/.local/lib/python3.12/site-packages/airflow/example_dags/example_branch_operator_decorator.py for tasks to queue
[2024-10-03T22:16:18.466+0000] {logging_mixin.py:190} INFO - [2024-10-03T22:16:18.466+0000] {dagbag.py:587} INFO - Filling up the DagBag from /home/airflow/.local/lib/python3.12/site-packages/airflow/example_dags/example_branch_operator_decorator.py
[2024-10-03T22:16:18.588+0000] {processor.py:925} INFO - DAG(s) 'example_branch_python_operator_decorator' retrieved from /home/airflow/.local/lib/python3.12/site-packages/airflow/example_dags/example_branch_operator_decorator.py
[2024-10-03T22:16:18.742+0000] {logging_mixin.py:190} INFO - [2024-10-03T22:16:18.742+0000] {dag.py:3229} INFO - Sync 1 DAGs
[2024-10-03T22:16:18.868+0000] {logging_mixin.py:190} INFO - [2024-10-03T22:16:18.867+0000] {dag.py:4156} INFO - Setting next_dagrun for example_branch_python_operator_decorator to 2024-10-02 00:00:00+00:00, run_after=2024-10-03 00:00:00+00:00
[2024-10-03T22:16:18.956+0000] {processor.py:208} INFO - Processing /home/airflow/.local/lib/python3.12/site-packages/airflow/example_dags/example_branch_operator_decorator.py took 0.516 seconds
[2024-10-03T22:16:49.309+0000] {processor.py:186} INFO - Started process (PID=1458) to work on /home/airflow/.local/lib/python3.12/site-packages/airflow/example_dags/example_branch_operator_decorator.py
[2024-10-03T22:16:49.312+0000] {processor.py:914} INFO - Processing file /home/airflow/.local/lib/python3.12/site-packages/airflow/example_dags/example_branch_operator_decorator.py for tasks to queue
[2024-10-03T22:16:49.316+0000] {logging_mixin.py:190} INFO - [2024-10-03T22:16:49.315+0000] {dagbag.py:587} INFO - Filling up the DagBag from /home/airflow/.local/lib/python3.12/site-packages/airflow/example_dags/example_branch_operator_decorator.py
[2024-10-03T22:16:49.360+0000] {processor.py:925} INFO - DAG(s) 'example_branch_python_operator_decorator' retrieved from /home/airflow/.local/lib/python3.12/site-packages/airflow/example_dags/example_branch_operator_decorator.py
[2024-10-03T22:16:49.470+0000] {logging_mixin.py:190} INFO - [2024-10-03T22:16:49.470+0000] {dag.py:3229} INFO - Sync 1 DAGs
[2024-10-03T22:16:49.523+0000] {logging_mixin.py:190} INFO - [2024-10-03T22:16:49.522+0000] {dag.py:4156} INFO - Setting next_dagrun for example_branch_python_operator_decorator to 2024-10-02 00:00:00+00:00, run_after=2024-10-03 00:00:00+00:00
[2024-10-03T22:16:49.580+0000] {processor.py:208} INFO - Processing /home/airflow/.local/lib/python3.12/site-packages/airflow/example_dags/example_branch_operator_decorator.py took 0.286 seconds
[2024-10-03T22:17:19.945+0000] {processor.py:186} INFO - Started process (PID=1521) to work on /home/airflow/.local/lib/python3.12/site-packages/airflow/example_dags/example_branch_operator_decorator.py
[2024-10-03T22:17:19.948+0000] {processor.py:914} INFO - Processing file /home/airflow/.local/lib/python3.12/site-packages/airflow/example_dags/example_branch_operator_decorator.py for tasks to queue
[2024-10-03T22:17:19.954+0000] {logging_mixin.py:190} INFO - [2024-10-03T22:17:19.953+0000] {dagbag.py:587} INFO - Filling up the DagBag from /home/airflow/.local/lib/python3.12/site-packages/airflow/example_dags/example_branch_operator_decorator.py
[2024-10-03T22:17:19.997+0000] {processor.py:925} INFO - DAG(s) 'example_branch_python_operator_decorator' retrieved from /home/airflow/.local/lib/python3.12/site-packages/airflow/example_dags/example_branch_operator_decorator.py
[2024-10-03T22:17:20.070+0000] {logging_mixin.py:190} INFO - [2024-10-03T22:17:20.069+0000] {dag.py:3229} INFO - Sync 1 DAGs
[2024-10-03T22:17:20.138+0000] {logging_mixin.py:190} INFO - [2024-10-03T22:17:20.137+0000] {dag.py:4156} INFO - Setting next_dagrun for example_branch_python_operator_decorator to 2024-10-02 00:00:00+00:00, run_after=2024-10-03 00:00:00+00:00
[2024-10-03T22:17:20.197+0000] {processor.py:208} INFO - Processing /home/airflow/.local/lib/python3.12/site-packages/airflow/example_dags/example_branch_operator_decorator.py took 0.263 seconds
[2024-10-03T22:17:50.733+0000] {processor.py:186} INFO - Started process (PID=1584) to work on /home/airflow/.local/lib/python3.12/site-packages/airflow/example_dags/example_branch_operator_decorator.py
[2024-10-03T22:17:50.734+0000] {processor.py:914} INFO - Processing file /home/airflow/.local/lib/python3.12/site-packages/airflow/example_dags/example_branch_operator_decorator.py for tasks to queue
[2024-10-03T22:17:50.738+0000] {logging_mixin.py:190} INFO - [2024-10-03T22:17:50.737+0000] {dagbag.py:587} INFO - Filling up the DagBag from /home/airflow/.local/lib/python3.12/site-packages/airflow/example_dags/example_branch_operator_decorator.py
[2024-10-03T22:17:50.787+0000] {processor.py:925} INFO - DAG(s) 'example_branch_python_operator_decorator' retrieved from /home/airflow/.local/lib/python3.12/site-packages/airflow/example_dags/example_branch_operator_decorator.py
[2024-10-03T22:17:50.850+0000] {logging_mixin.py:190} INFO - [2024-10-03T22:17:50.849+0000] {dag.py:3229} INFO - Sync 1 DAGs
[2024-10-03T22:17:50.903+0000] {logging_mixin.py:190} INFO - [2024-10-03T22:17:50.902+0000] {dag.py:4156} INFO - Setting next_dagrun for example_branch_python_operator_decorator to 2024-10-02 00:00:00+00:00, run_after=2024-10-03 00:00:00+00:00
[2024-10-03T22:17:50.961+0000] {processor.py:208} INFO - Processing /home/airflow/.local/lib/python3.12/site-packages/airflow/example_dags/example_branch_operator_decorator.py took 0.239 seconds
[2024-10-03T22:18:21.329+0000] {processor.py:186} INFO - Started process (PID=1647) to work on /home/airflow/.local/lib/python3.12/site-packages/airflow/example_dags/example_branch_operator_decorator.py
[2024-10-03T22:18:21.330+0000] {processor.py:914} INFO - Processing file /home/airflow/.local/lib/python3.12/site-packages/airflow/example_dags/example_branch_operator_decorator.py for tasks to queue
[2024-10-03T22:18:21.334+0000] {logging_mixin.py:190} INFO - [2024-10-03T22:18:21.334+0000] {dagbag.py:587} INFO - Filling up the DagBag from /home/airflow/.local/lib/python3.12/site-packages/airflow/example_dags/example_branch_operator_decorator.py
[2024-10-03T22:18:21.381+0000] {processor.py:925} INFO - DAG(s) 'example_branch_python_operator_decorator' retrieved from /home/airflow/.local/lib/python3.12/site-packages/airflow/example_dags/example_branch_operator_decorator.py
[2024-10-03T22:18:21.436+0000] {logging_mixin.py:190} INFO - [2024-10-03T22:18:21.436+0000] {dag.py:3229} INFO - Sync 1 DAGs
[2024-10-03T22:18:21.495+0000] {logging_mixin.py:190} INFO - [2024-10-03T22:18:21.495+0000] {dag.py:4156} INFO - Setting next_dagrun for example_branch_python_operator_decorator to 2024-10-02 00:00:00+00:00, run_after=2024-10-03 00:00:00+00:00
[2024-10-03T22:18:21.551+0000] {processor.py:208} INFO - Processing /home/airflow/.local/lib/python3.12/site-packages/airflow/example_dags/example_branch_operator_decorator.py took 0.233 seconds
[2024-10-03T22:18:52.011+0000] {processor.py:186} INFO - Started process (PID=1710) to work on /home/airflow/.local/lib/python3.12/site-packages/airflow/example_dags/example_branch_operator_decorator.py
[2024-10-03T22:18:52.014+0000] {processor.py:914} INFO - Processing file /home/airflow/.local/lib/python3.12/site-packages/airflow/example_dags/example_branch_operator_decorator.py for tasks to queue
[2024-10-03T22:18:52.019+0000] {logging_mixin.py:190} INFO - [2024-10-03T22:18:52.018+0000] {dagbag.py:587} INFO - Filling up the DagBag from /home/airflow/.local/lib/python3.12/site-packages/airflow/example_dags/example_branch_operator_decorator.py
[2024-10-03T22:18:52.069+0000] {processor.py:925} INFO - DAG(s) 'example_branch_python_operator_decorator' retrieved from /home/airflow/.local/lib/python3.12/site-packages/airflow/example_dags/example_branch_operator_decorator.py
[2024-10-03T22:18:52.122+0000] {logging_mixin.py:190} INFO - [2024-10-03T22:18:52.121+0000] {dag.py:3229} INFO - Sync 1 DAGs
[2024-10-03T22:18:52.153+0000] {logging_mixin.py:190} INFO - [2024-10-03T22:18:52.153+0000] {dag.py:4156} INFO - Setting next_dagrun for example_branch_python_operator_decorator to 2024-10-02 00:00:00+00:00, run_after=2024-10-03 00:00:00+00:00
[2024-10-03T22:18:52.188+0000] {processor.py:208} INFO - Processing /home/airflow/.local/lib/python3.12/site-packages/airflow/example_dags/example_branch_operator_decorator.py took 0.190 seconds
[2024-10-03T22:19:22.370+0000] {processor.py:186} INFO - Started process (PID=1772) to work on /home/airflow/.local/lib/python3.12/site-packages/airflow/example_dags/example_branch_operator_decorator.py
[2024-10-03T22:19:22.371+0000] {processor.py:914} INFO - Processing file /home/airflow/.local/lib/python3.12/site-packages/airflow/example_dags/example_branch_operator_decorator.py for tasks to queue
[2024-10-03T22:19:22.374+0000] {logging_mixin.py:190} INFO - [2024-10-03T22:19:22.373+0000] {dagbag.py:587} INFO - Filling up the DagBag from /home/airflow/.local/lib/python3.12/site-packages/airflow/example_dags/example_branch_operator_decorator.py
[2024-10-03T22:19:22.399+0000] {processor.py:925} INFO - DAG(s) 'example_branch_python_operator_decorator' retrieved from /home/airflow/.local/lib/python3.12/site-packages/airflow/example_dags/example_branch_operator_decorator.py
[2024-10-03T22:19:22.444+0000] {logging_mixin.py:190} INFO - [2024-10-03T22:19:22.444+0000] {dag.py:3229} INFO - Sync 1 DAGs
[2024-10-03T22:19:22.477+0000] {logging_mixin.py:190} INFO - [2024-10-03T22:19:22.477+0000] {dag.py:4156} INFO - Setting next_dagrun for example_branch_python_operator_decorator to 2024-10-02 00:00:00+00:00, run_after=2024-10-03 00:00:00+00:00
[2024-10-03T22:19:22.507+0000] {processor.py:208} INFO - Processing /home/airflow/.local/lib/python3.12/site-packages/airflow/example_dags/example_branch_operator_decorator.py took 0.145 seconds
[2024-10-03T22:19:52.576+0000] {processor.py:186} INFO - Started process (PID=1835) to work on /home/airflow/.local/lib/python3.12/site-packages/airflow/example_dags/example_branch_operator_decorator.py
[2024-10-03T22:19:52.577+0000] {processor.py:914} INFO - Processing file /home/airflow/.local/lib/python3.12/site-packages/airflow/example_dags/example_branch_operator_decorator.py for tasks to queue
[2024-10-03T22:19:52.580+0000] {logging_mixin.py:190} INFO - [2024-10-03T22:19:52.580+0000] {dagbag.py:587} INFO - Filling up the DagBag from /home/airflow/.local/lib/python3.12/site-packages/airflow/example_dags/example_branch_operator_decorator.py
[2024-10-03T22:19:52.612+0000] {processor.py:925} INFO - DAG(s) 'example_branch_python_operator_decorator' retrieved from /home/airflow/.local/lib/python3.12/site-packages/airflow/example_dags/example_branch_operator_decorator.py
[2024-10-03T22:19:52.655+0000] {logging_mixin.py:190} INFO - [2024-10-03T22:19:52.654+0000] {dag.py:3229} INFO - Sync 1 DAGs
[2024-10-03T22:19:52.686+0000] {logging_mixin.py:190} INFO - [2024-10-03T22:19:52.685+0000] {dag.py:4156} INFO - Setting next_dagrun for example_branch_python_operator_decorator to 2024-10-02 00:00:00+00:00, run_after=2024-10-03 00:00:00+00:00
[2024-10-03T22:19:52.717+0000] {processor.py:208} INFO - Processing /home/airflow/.local/lib/python3.12/site-packages/airflow/example_dags/example_branch_operator_decorator.py took 0.148 seconds
[2024-10-03T22:20:23.025+0000] {processor.py:186} INFO - Started process (PID=1898) to work on /home/airflow/.local/lib/python3.12/site-packages/airflow/example_dags/example_branch_operator_decorator.py
[2024-10-03T22:20:23.027+0000] {processor.py:914} INFO - Processing file /home/airflow/.local/lib/python3.12/site-packages/airflow/example_dags/example_branch_operator_decorator.py for tasks to queue
[2024-10-03T22:20:23.030+0000] {logging_mixin.py:190} INFO - [2024-10-03T22:20:23.030+0000] {dagbag.py:587} INFO - Filling up the DagBag from /home/airflow/.local/lib/python3.12/site-packages/airflow/example_dags/example_branch_operator_decorator.py
[2024-10-03T22:20:23.062+0000] {processor.py:925} INFO - DAG(s) 'example_branch_python_operator_decorator' retrieved from /home/airflow/.local/lib/python3.12/site-packages/airflow/example_dags/example_branch_operator_decorator.py
[2024-10-03T22:20:23.106+0000] {logging_mixin.py:190} INFO - [2024-10-03T22:20:23.106+0000] {dag.py:3229} INFO - Sync 1 DAGs
[2024-10-03T22:20:23.139+0000] {logging_mixin.py:190} INFO - [2024-10-03T22:20:23.139+0000] {dag.py:4156} INFO - Setting next_dagrun for example_branch_python_operator_decorator to 2024-10-02 00:00:00+00:00, run_after=2024-10-03 00:00:00+00:00
[2024-10-03T22:20:23.175+0000] {processor.py:208} INFO - Processing /home/airflow/.local/lib/python3.12/site-packages/airflow/example_dags/example_branch_operator_decorator.py took 0.159 seconds
[2024-10-03T22:20:53.473+0000] {processor.py:186} INFO - Started process (PID=1961) to work on /home/airflow/.local/lib/python3.12/site-packages/airflow/example_dags/example_branch_operator_decorator.py
[2024-10-03T22:20:53.474+0000] {processor.py:914} INFO - Processing file /home/airflow/.local/lib/python3.12/site-packages/airflow/example_dags/example_branch_operator_decorator.py for tasks to queue
[2024-10-03T22:20:53.478+0000] {logging_mixin.py:190} INFO - [2024-10-03T22:20:53.477+0000] {dagbag.py:587} INFO - Filling up the DagBag from /home/airflow/.local/lib/python3.12/site-packages/airflow/example_dags/example_branch_operator_decorator.py
[2024-10-03T22:20:53.509+0000] {processor.py:925} INFO - DAG(s) 'example_branch_python_operator_decorator' retrieved from /home/airflow/.local/lib/python3.12/site-packages/airflow/example_dags/example_branch_operator_decorator.py
[2024-10-03T22:20:53.551+0000] {logging_mixin.py:190} INFO - [2024-10-03T22:20:53.550+0000] {dag.py:3229} INFO - Sync 1 DAGs
[2024-10-03T22:20:53.584+0000] {logging_mixin.py:190} INFO - [2024-10-03T22:20:53.583+0000] {dag.py:4156} INFO - Setting next_dagrun for example_branch_python_operator_decorator to 2024-10-02 00:00:00+00:00, run_after=2024-10-03 00:00:00+00:00
[2024-10-03T22:20:53.611+0000] {processor.py:208} INFO - Processing /home/airflow/.local/lib/python3.12/site-packages/airflow/example_dags/example_branch_operator_decorator.py took 0.144 seconds
[2024-10-03T22:21:23.955+0000] {processor.py:186} INFO - Started process (PID=2024) to work on /home/airflow/.local/lib/python3.12/site-packages/airflow/example_dags/example_branch_operator_decorator.py
[2024-10-03T22:21:23.956+0000] {processor.py:914} INFO - Processing file /home/airflow/.local/lib/python3.12/site-packages/airflow/example_dags/example_branch_operator_decorator.py for tasks to queue
[2024-10-03T22:21:23.960+0000] {logging_mixin.py:190} INFO - [2024-10-03T22:21:23.959+0000] {dagbag.py:587} INFO - Filling up the DagBag from /home/airflow/.local/lib/python3.12/site-packages/airflow/example_dags/example_branch_operator_decorator.py
[2024-10-03T22:21:23.997+0000] {processor.py:925} INFO - DAG(s) 'example_branch_python_operator_decorator' retrieved from /home/airflow/.local/lib/python3.12/site-packages/airflow/example_dags/example_branch_operator_decorator.py
[2024-10-03T22:21:24.040+0000] {logging_mixin.py:190} INFO - [2024-10-03T22:21:24.040+0000] {dag.py:3229} INFO - Sync 1 DAGs
[2024-10-03T22:21:24.080+0000] {logging_mixin.py:190} INFO - [2024-10-03T22:21:24.080+0000] {dag.py:4156} INFO - Setting next_dagrun for example_branch_python_operator_decorator to 2024-10-02 00:00:00+00:00, run_after=2024-10-03 00:00:00+00:00
[2024-10-03T22:21:24.121+0000] {processor.py:208} INFO - Processing /home/airflow/.local/lib/python3.12/site-packages/airflow/example_dags/example_branch_operator_decorator.py took 0.176 seconds
[2024-10-03T22:21:54.366+0000] {processor.py:186} INFO - Started process (PID=2087) to work on /home/airflow/.local/lib/python3.12/site-packages/airflow/example_dags/example_branch_operator_decorator.py
[2024-10-03T22:21:54.367+0000] {processor.py:914} INFO - Processing file /home/airflow/.local/lib/python3.12/site-packages/airflow/example_dags/example_branch_operator_decorator.py for tasks to queue
[2024-10-03T22:21:54.371+0000] {logging_mixin.py:190} INFO - [2024-10-03T22:21:54.370+0000] {dagbag.py:587} INFO - Filling up the DagBag from /home/airflow/.local/lib/python3.12/site-packages/airflow/example_dags/example_branch_operator_decorator.py
[2024-10-03T22:21:54.409+0000] {processor.py:925} INFO - DAG(s) 'example_branch_python_operator_decorator' retrieved from /home/airflow/.local/lib/python3.12/site-packages/airflow/example_dags/example_branch_operator_decorator.py
[2024-10-03T22:21:54.447+0000] {logging_mixin.py:190} INFO - [2024-10-03T22:21:54.446+0000] {dag.py:3229} INFO - Sync 1 DAGs
[2024-10-03T22:21:54.481+0000] {logging_mixin.py:190} INFO - [2024-10-03T22:21:54.481+0000] {dag.py:4156} INFO - Setting next_dagrun for example_branch_python_operator_decorator to 2024-10-02 00:00:00+00:00, run_after=2024-10-03 00:00:00+00:00
[2024-10-03T22:21:54.521+0000] {processor.py:208} INFO - Processing /home/airflow/.local/lib/python3.12/site-packages/airflow/example_dags/example_branch_operator_decorator.py took 0.162 seconds
[2024-10-03T22:22:24.637+0000] {processor.py:186} INFO - Started process (PID=2150) to work on /home/airflow/.local/lib/python3.12/site-packages/airflow/example_dags/example_branch_operator_decorator.py
[2024-10-03T22:22:24.638+0000] {processor.py:914} INFO - Processing file /home/airflow/.local/lib/python3.12/site-packages/airflow/example_dags/example_branch_operator_decorator.py for tasks to queue
[2024-10-03T22:22:24.642+0000] {logging_mixin.py:190} INFO - [2024-10-03T22:22:24.641+0000] {dagbag.py:587} INFO - Filling up the DagBag from /home/airflow/.local/lib/python3.12/site-packages/airflow/example_dags/example_branch_operator_decorator.py
[2024-10-03T22:22:24.681+0000] {processor.py:925} INFO - DAG(s) 'example_branch_python_operator_decorator' retrieved from /home/airflow/.local/lib/python3.12/site-packages/airflow/example_dags/example_branch_operator_decorator.py
[2024-10-03T22:22:24.730+0000] {logging_mixin.py:190} INFO - [2024-10-03T22:22:24.730+0000] {dag.py:3229} INFO - Sync 1 DAGs
[2024-10-03T22:22:24.767+0000] {logging_mixin.py:190} INFO - [2024-10-03T22:22:24.767+0000] {dag.py:4156} INFO - Setting next_dagrun for example_branch_python_operator_decorator to 2024-10-02 00:00:00+00:00, run_after=2024-10-03 00:00:00+00:00
[2024-10-03T22:22:24.804+0000] {processor.py:208} INFO - Processing /home/airflow/.local/lib/python3.12/site-packages/airflow/example_dags/example_branch_operator_decorator.py took 0.176 seconds
[2024-10-03T22:22:55.185+0000] {processor.py:186} INFO - Started process (PID=2212) to work on /home/airflow/.local/lib/python3.12/site-packages/airflow/example_dags/example_branch_operator_decorator.py
[2024-10-03T22:22:55.186+0000] {processor.py:914} INFO - Processing file /home/airflow/.local/lib/python3.12/site-packages/airflow/example_dags/example_branch_operator_decorator.py for tasks to queue
[2024-10-03T22:22:55.189+0000] {logging_mixin.py:190} INFO - [2024-10-03T22:22:55.188+0000] {dagbag.py:587} INFO - Filling up the DagBag from /home/airflow/.local/lib/python3.12/site-packages/airflow/example_dags/example_branch_operator_decorator.py
[2024-10-03T22:22:55.219+0000] {processor.py:925} INFO - DAG(s) 'example_branch_python_operator_decorator' retrieved from /home/airflow/.local/lib/python3.12/site-packages/airflow/example_dags/example_branch_operator_decorator.py
[2024-10-03T22:22:55.260+0000] {logging_mixin.py:190} INFO - [2024-10-03T22:22:55.259+0000] {dag.py:3229} INFO - Sync 1 DAGs
[2024-10-03T22:22:55.295+0000] {logging_mixin.py:190} INFO - [2024-10-03T22:22:55.294+0000] {dag.py:4156} INFO - Setting next_dagrun for example_branch_python_operator_decorator to 2024-10-02 00:00:00+00:00, run_after=2024-10-03 00:00:00+00:00
[2024-10-03T22:22:55.323+0000] {processor.py:208} INFO - Processing /home/airflow/.local/lib/python3.12/site-packages/airflow/example_dags/example_branch_operator_decorator.py took 0.146 seconds
[2024-10-03T22:23:25.719+0000] {processor.py:186} INFO - Started process (PID=2275) to work on /home/airflow/.local/lib/python3.12/site-packages/airflow/example_dags/example_branch_operator_decorator.py
[2024-10-03T22:23:25.720+0000] {processor.py:914} INFO - Processing file /home/airflow/.local/lib/python3.12/site-packages/airflow/example_dags/example_branch_operator_decorator.py for tasks to queue
[2024-10-03T22:23:25.723+0000] {logging_mixin.py:190} INFO - [2024-10-03T22:23:25.723+0000] {dagbag.py:587} INFO - Filling up the DagBag from /home/airflow/.local/lib/python3.12/site-packages/airflow/example_dags/example_branch_operator_decorator.py
[2024-10-03T22:23:25.752+0000] {processor.py:925} INFO - DAG(s) 'example_branch_python_operator_decorator' retrieved from /home/airflow/.local/lib/python3.12/site-packages/airflow/example_dags/example_branch_operator_decorator.py
[2024-10-03T22:23:25.798+0000] {logging_mixin.py:190} INFO - [2024-10-03T22:23:25.798+0000] {dag.py:3229} INFO - Sync 1 DAGs
[2024-10-03T22:23:25.834+0000] {logging_mixin.py:190} INFO - [2024-10-03T22:23:25.834+0000] {dag.py:4156} INFO - Setting next_dagrun for example_branch_python_operator_decorator to 2024-10-02 00:00:00+00:00, run_after=2024-10-03 00:00:00+00:00
[2024-10-03T22:23:25.862+0000] {processor.py:208} INFO - Processing /home/airflow/.local/lib/python3.12/site-packages/airflow/example_dags/example_branch_operator_decorator.py took 0.149 seconds
[2024-10-03T22:23:56.346+0000] {processor.py:186} INFO - Started process (PID=2338) to work on /home/airflow/.local/lib/python3.12/site-packages/airflow/example_dags/example_branch_operator_decorator.py
[2024-10-03T22:23:56.348+0000] {processor.py:914} INFO - Processing file /home/airflow/.local/lib/python3.12/site-packages/airflow/example_dags/example_branch_operator_decorator.py for tasks to queue
[2024-10-03T22:23:56.351+0000] {logging_mixin.py:190} INFO - [2024-10-03T22:23:56.351+0000] {dagbag.py:587} INFO - Filling up the DagBag from /home/airflow/.local/lib/python3.12/site-packages/airflow/example_dags/example_branch_operator_decorator.py
[2024-10-03T22:23:56.403+0000] {processor.py:925} INFO - DAG(s) 'example_branch_python_operator_decorator' retrieved from /home/airflow/.local/lib/python3.12/site-packages/airflow/example_dags/example_branch_operator_decorator.py
[2024-10-03T22:23:56.491+0000] {logging_mixin.py:190} INFO - [2024-10-03T22:23:56.491+0000] {dag.py:3229} INFO - Sync 1 DAGs
[2024-10-03T22:23:56.543+0000] {logging_mixin.py:190} INFO - [2024-10-03T22:23:56.543+0000] {dag.py:4156} INFO - Setting next_dagrun for example_branch_python_operator_decorator to 2024-10-02 00:00:00+00:00, run_after=2024-10-03 00:00:00+00:00
[2024-10-03T22:23:56.581+0000] {processor.py:208} INFO - Processing /home/airflow/.local/lib/python3.12/site-packages/airflow/example_dags/example_branch_operator_decorator.py took 0.244 seconds
[2024-10-03T22:24:26.971+0000] {processor.py:186} INFO - Started process (PID=2400) to work on /home/airflow/.local/lib/python3.12/site-packages/airflow/example_dags/example_branch_operator_decorator.py
[2024-10-03T22:24:26.972+0000] {processor.py:914} INFO - Processing file /home/airflow/.local/lib/python3.12/site-packages/airflow/example_dags/example_branch_operator_decorator.py for tasks to queue
[2024-10-03T22:24:26.975+0000] {logging_mixin.py:190} INFO - [2024-10-03T22:24:26.975+0000] {dagbag.py:587} INFO - Filling up the DagBag from /home/airflow/.local/lib/python3.12/site-packages/airflow/example_dags/example_branch_operator_decorator.py
[2024-10-03T22:24:27.018+0000] {processor.py:925} INFO - DAG(s) 'example_branch_python_operator_decorator' retrieved from /home/airflow/.local/lib/python3.12/site-packages/airflow/example_dags/example_branch_operator_decorator.py
[2024-10-03T22:24:27.065+0000] {logging_mixin.py:190} INFO - [2024-10-03T22:24:27.065+0000] {dag.py:3229} INFO - Sync 1 DAGs
[2024-10-03T22:24:27.099+0000] {logging_mixin.py:190} INFO - [2024-10-03T22:24:27.099+0000] {dag.py:4156} INFO - Setting next_dagrun for example_branch_python_operator_decorator to 2024-10-02 00:00:00+00:00, run_after=2024-10-03 00:00:00+00:00
[2024-10-03T22:24:27.126+0000] {processor.py:208} INFO - Processing /home/airflow/.local/lib/python3.12/site-packages/airflow/example_dags/example_branch_operator_decorator.py took 0.163 seconds
[2024-10-03T22:24:57.518+0000] {processor.py:186} INFO - Started process (PID=2463) to work on /home/airflow/.local/lib/python3.12/site-packages/airflow/example_dags/example_branch_operator_decorator.py
[2024-10-03T22:24:57.519+0000] {processor.py:914} INFO - Processing file /home/airflow/.local/lib/python3.12/site-packages/airflow/example_dags/example_branch_operator_decorator.py for tasks to queue
[2024-10-03T22:24:57.522+0000] {logging_mixin.py:190} INFO - [2024-10-03T22:24:57.522+0000] {dagbag.py:587} INFO - Filling up the DagBag from /home/airflow/.local/lib/python3.12/site-packages/airflow/example_dags/example_branch_operator_decorator.py
[2024-10-03T22:24:57.561+0000] {processor.py:925} INFO - DAG(s) 'example_branch_python_operator_decorator' retrieved from /home/airflow/.local/lib/python3.12/site-packages/airflow/example_dags/example_branch_operator_decorator.py
[2024-10-03T22:24:57.615+0000] {logging_mixin.py:190} INFO - [2024-10-03T22:24:57.614+0000] {dag.py:3229} INFO - Sync 1 DAGs
[2024-10-03T22:24:57.656+0000] {logging_mixin.py:190} INFO - [2024-10-03T22:24:57.656+0000] {dag.py:4156} INFO - Setting next_dagrun for example_branch_python_operator_decorator to 2024-10-02 00:00:00+00:00, run_after=2024-10-03 00:00:00+00:00
[2024-10-03T22:24:57.686+0000] {processor.py:208} INFO - Processing /home/airflow/.local/lib/python3.12/site-packages/airflow/example_dags/example_branch_operator_decorator.py took 0.178 seconds
[2024-10-03T22:25:28.209+0000] {processor.py:186} INFO - Started process (PID=2526) to work on /home/airflow/.local/lib/python3.12/site-packages/airflow/example_dags/example_branch_operator_decorator.py
[2024-10-03T22:25:28.211+0000] {processor.py:914} INFO - Processing file /home/airflow/.local/lib/python3.12/site-packages/airflow/example_dags/example_branch_operator_decorator.py for tasks to queue
[2024-10-03T22:25:28.221+0000] {logging_mixin.py:190} INFO - [2024-10-03T22:25:28.220+0000] {dagbag.py:587} INFO - Filling up the DagBag from /home/airflow/.local/lib/python3.12/site-packages/airflow/example_dags/example_branch_operator_decorator.py
[2024-10-03T22:25:28.280+0000] {processor.py:925} INFO - DAG(s) 'example_branch_python_operator_decorator' retrieved from /home/airflow/.local/lib/python3.12/site-packages/airflow/example_dags/example_branch_operator_decorator.py
[2024-10-03T22:25:28.344+0000] {logging_mixin.py:190} INFO - [2024-10-03T22:25:28.344+0000] {dag.py:3229} INFO - Sync 1 DAGs
[2024-10-03T22:25:28.417+0000] {logging_mixin.py:190} INFO - [2024-10-03T22:25:28.417+0000] {dag.py:4156} INFO - Setting next_dagrun for example_branch_python_operator_decorator to 2024-10-02 00:00:00+00:00, run_after=2024-10-03 00:00:00+00:00
[2024-10-03T22:25:28.466+0000] {processor.py:208} INFO - Processing /home/airflow/.local/lib/python3.12/site-packages/airflow/example_dags/example_branch_operator_decorator.py took 0.272 seconds
[2024-10-03T22:25:58.904+0000] {processor.py:186} INFO - Started process (PID=2589) to work on /home/airflow/.local/lib/python3.12/site-packages/airflow/example_dags/example_branch_operator_decorator.py
[2024-10-03T22:25:58.908+0000] {processor.py:914} INFO - Processing file /home/airflow/.local/lib/python3.12/site-packages/airflow/example_dags/example_branch_operator_decorator.py for tasks to queue
[2024-10-03T22:25:58.911+0000] {logging_mixin.py:190} INFO - [2024-10-03T22:25:58.911+0000] {dagbag.py:587} INFO - Filling up the DagBag from /home/airflow/.local/lib/python3.12/site-packages/airflow/example_dags/example_branch_operator_decorator.py
[2024-10-03T22:25:58.959+0000] {processor.py:925} INFO - DAG(s) 'example_branch_python_operator_decorator' retrieved from /home/airflow/.local/lib/python3.12/site-packages/airflow/example_dags/example_branch_operator_decorator.py
[2024-10-03T22:25:59.019+0000] {logging_mixin.py:190} INFO - [2024-10-03T22:25:59.018+0000] {dag.py:3229} INFO - Sync 1 DAGs
[2024-10-03T22:25:59.066+0000] {logging_mixin.py:190} INFO - [2024-10-03T22:25:59.066+0000] {dag.py:4156} INFO - Setting next_dagrun for example_branch_python_operator_decorator to 2024-10-02 00:00:00+00:00, run_after=2024-10-03 00:00:00+00:00
[2024-10-03T22:25:59.105+0000] {processor.py:208} INFO - Processing /home/airflow/.local/lib/python3.12/site-packages/airflow/example_dags/example_branch_operator_decorator.py took 0.217 seconds
[2024-10-03T22:26:29.765+0000] {processor.py:186} INFO - Started process (PID=2652) to work on /home/airflow/.local/lib/python3.12/site-packages/airflow/example_dags/example_branch_operator_decorator.py
[2024-10-03T22:26:29.766+0000] {processor.py:914} INFO - Processing file /home/airflow/.local/lib/python3.12/site-packages/airflow/example_dags/example_branch_operator_decorator.py for tasks to queue
[2024-10-03T22:26:29.769+0000] {logging_mixin.py:190} INFO - [2024-10-03T22:26:29.769+0000] {dagbag.py:587} INFO - Filling up the DagBag from /home/airflow/.local/lib/python3.12/site-packages/airflow/example_dags/example_branch_operator_decorator.py
[2024-10-03T22:26:29.819+0000] {processor.py:925} INFO - DAG(s) 'example_branch_python_operator_decorator' retrieved from /home/airflow/.local/lib/python3.12/site-packages/airflow/example_dags/example_branch_operator_decorator.py
[2024-10-03T22:26:29.901+0000] {logging_mixin.py:190} INFO - [2024-10-03T22:26:29.901+0000] {dag.py:3229} INFO - Sync 1 DAGs
[2024-10-03T22:26:29.956+0000] {logging_mixin.py:190} INFO - [2024-10-03T22:26:29.956+0000] {dag.py:4156} INFO - Setting next_dagrun for example_branch_python_operator_decorator to 2024-10-02 00:00:00+00:00, run_after=2024-10-03 00:00:00+00:00
[2024-10-03T22:26:29.990+0000] {processor.py:208} INFO - Processing /home/airflow/.local/lib/python3.12/site-packages/airflow/example_dags/example_branch_operator_decorator.py took 0.236 seconds
[2024-10-03T22:27:00.083+0000] {processor.py:186} INFO - Started process (PID=2716) to work on /home/airflow/.local/lib/python3.12/site-packages/airflow/example_dags/example_branch_operator_decorator.py
[2024-10-03T22:27:00.084+0000] {processor.py:914} INFO - Processing file /home/airflow/.local/lib/python3.12/site-packages/airflow/example_dags/example_branch_operator_decorator.py for tasks to queue
[2024-10-03T22:27:00.089+0000] {logging_mixin.py:190} INFO - [2024-10-03T22:27:00.088+0000] {dagbag.py:587} INFO - Filling up the DagBag from /home/airflow/.local/lib/python3.12/site-packages/airflow/example_dags/example_branch_operator_decorator.py
[2024-10-03T22:27:00.133+0000] {processor.py:925} INFO - DAG(s) 'example_branch_python_operator_decorator' retrieved from /home/airflow/.local/lib/python3.12/site-packages/airflow/example_dags/example_branch_operator_decorator.py
[2024-10-03T22:27:00.183+0000] {logging_mixin.py:190} INFO - [2024-10-03T22:27:00.183+0000] {dag.py:3229} INFO - Sync 1 DAGs
[2024-10-03T22:27:00.230+0000] {logging_mixin.py:190} INFO - [2024-10-03T22:27:00.230+0000] {dag.py:4156} INFO - Setting next_dagrun for example_branch_python_operator_decorator to 2024-10-02 00:00:00+00:00, run_after=2024-10-03 00:00:00+00:00
[2024-10-03T22:27:00.273+0000] {processor.py:208} INFO - Processing /home/airflow/.local/lib/python3.12/site-packages/airflow/example_dags/example_branch_operator_decorator.py took 0.200 seconds
[2024-10-03T22:27:30.791+0000] {processor.py:186} INFO - Started process (PID=2779) to work on /home/airflow/.local/lib/python3.12/site-packages/airflow/example_dags/example_branch_operator_decorator.py
[2024-10-03T22:27:30.793+0000] {processor.py:914} INFO - Processing file /home/airflow/.local/lib/python3.12/site-packages/airflow/example_dags/example_branch_operator_decorator.py for tasks to queue
[2024-10-03T22:27:30.796+0000] {logging_mixin.py:190} INFO - [2024-10-03T22:27:30.796+0000] {dagbag.py:587} INFO - Filling up the DagBag from /home/airflow/.local/lib/python3.12/site-packages/airflow/example_dags/example_branch_operator_decorator.py
[2024-10-03T22:27:30.841+0000] {processor.py:925} INFO - DAG(s) 'example_branch_python_operator_decorator' retrieved from /home/airflow/.local/lib/python3.12/site-packages/airflow/example_dags/example_branch_operator_decorator.py
[2024-10-03T22:27:30.894+0000] {logging_mixin.py:190} INFO - [2024-10-03T22:27:30.893+0000] {dag.py:3229} INFO - Sync 1 DAGs
[2024-10-03T22:27:30.935+0000] {logging_mixin.py:190} INFO - [2024-10-03T22:27:30.934+0000] {dag.py:4156} INFO - Setting next_dagrun for example_branch_python_operator_decorator to 2024-10-02 00:00:00+00:00, run_after=2024-10-03 00:00:00+00:00
[2024-10-03T22:27:30.965+0000] {processor.py:208} INFO - Processing /home/airflow/.local/lib/python3.12/site-packages/airflow/example_dags/example_branch_operator_decorator.py took 0.182 seconds
[2024-10-03T22:28:01.386+0000] {processor.py:186} INFO - Started process (PID=2842) to work on /home/airflow/.local/lib/python3.12/site-packages/airflow/example_dags/example_branch_operator_decorator.py
[2024-10-03T22:28:01.388+0000] {processor.py:914} INFO - Processing file /home/airflow/.local/lib/python3.12/site-packages/airflow/example_dags/example_branch_operator_decorator.py for tasks to queue
[2024-10-03T22:28:01.391+0000] {logging_mixin.py:190} INFO - [2024-10-03T22:28:01.391+0000] {dagbag.py:587} INFO - Filling up the DagBag from /home/airflow/.local/lib/python3.12/site-packages/airflow/example_dags/example_branch_operator_decorator.py
[2024-10-03T22:28:01.437+0000] {processor.py:925} INFO - DAG(s) 'example_branch_python_operator_decorator' retrieved from /home/airflow/.local/lib/python3.12/site-packages/airflow/example_dags/example_branch_operator_decorator.py
[2024-10-03T22:28:01.516+0000] {logging_mixin.py:190} INFO - [2024-10-03T22:28:01.516+0000] {dag.py:3229} INFO - Sync 1 DAGs
[2024-10-03T22:28:01.563+0000] {logging_mixin.py:190} INFO - [2024-10-03T22:28:01.562+0000] {dag.py:4156} INFO - Setting next_dagrun for example_branch_python_operator_decorator to 2024-10-02 00:00:00+00:00, run_after=2024-10-03 00:00:00+00:00
[2024-10-03T22:28:01.619+0000] {processor.py:208} INFO - Processing /home/airflow/.local/lib/python3.12/site-packages/airflow/example_dags/example_branch_operator_decorator.py took 0.244 seconds
[2024-10-03T22:28:32.032+0000] {processor.py:186} INFO - Started process (PID=2905) to work on /home/airflow/.local/lib/python3.12/site-packages/airflow/example_dags/example_branch_operator_decorator.py
[2024-10-03T22:28:32.033+0000] {processor.py:914} INFO - Processing file /home/airflow/.local/lib/python3.12/site-packages/airflow/example_dags/example_branch_operator_decorator.py for tasks to queue
[2024-10-03T22:28:32.037+0000] {logging_mixin.py:190} INFO - [2024-10-03T22:28:32.036+0000] {dagbag.py:587} INFO - Filling up the DagBag from /home/airflow/.local/lib/python3.12/site-packages/airflow/example_dags/example_branch_operator_decorator.py
[2024-10-03T22:28:32.133+0000] {processor.py:925} INFO - DAG(s) 'example_branch_python_operator_decorator' retrieved from /home/airflow/.local/lib/python3.12/site-packages/airflow/example_dags/example_branch_operator_decorator.py
[2024-10-03T22:28:32.221+0000] {logging_mixin.py:190} INFO - [2024-10-03T22:28:32.221+0000] {dag.py:3229} INFO - Sync 1 DAGs
[2024-10-03T22:28:32.278+0000] {logging_mixin.py:190} INFO - [2024-10-03T22:28:32.277+0000] {dag.py:4156} INFO - Setting next_dagrun for example_branch_python_operator_decorator to 2024-10-02 00:00:00+00:00, run_after=2024-10-03 00:00:00+00:00
[2024-10-03T22:28:32.327+0000] {processor.py:208} INFO - Processing /home/airflow/.local/lib/python3.12/site-packages/airflow/example_dags/example_branch_operator_decorator.py took 0.315 seconds
[2024-10-03T22:29:02.664+0000] {processor.py:186} INFO - Started process (PID=2968) to work on /home/airflow/.local/lib/python3.12/site-packages/airflow/example_dags/example_branch_operator_decorator.py
[2024-10-03T22:29:02.666+0000] {processor.py:914} INFO - Processing file /home/airflow/.local/lib/python3.12/site-packages/airflow/example_dags/example_branch_operator_decorator.py for tasks to queue
[2024-10-03T22:29:02.669+0000] {logging_mixin.py:190} INFO - [2024-10-03T22:29:02.669+0000] {dagbag.py:587} INFO - Filling up the DagBag from /home/airflow/.local/lib/python3.12/site-packages/airflow/example_dags/example_branch_operator_decorator.py
[2024-10-03T22:29:02.710+0000] {processor.py:925} INFO - DAG(s) 'example_branch_python_operator_decorator' retrieved from /home/airflow/.local/lib/python3.12/site-packages/airflow/example_dags/example_branch_operator_decorator.py
[2024-10-03T22:29:02.770+0000] {logging_mixin.py:190} INFO - [2024-10-03T22:29:02.770+0000] {dag.py:3229} INFO - Sync 1 DAGs
[2024-10-03T22:29:02.808+0000] {logging_mixin.py:190} INFO - [2024-10-03T22:29:02.808+0000] {dag.py:4156} INFO - Setting next_dagrun for example_branch_python_operator_decorator to 2024-10-02 00:00:00+00:00, run_after=2024-10-03 00:00:00+00:00
[2024-10-03T22:29:02.846+0000] {processor.py:208} INFO - Processing /home/airflow/.local/lib/python3.12/site-packages/airflow/example_dags/example_branch_operator_decorator.py took 0.193 seconds
[2024-10-03T22:29:33.281+0000] {processor.py:186} INFO - Started process (PID=3031) to work on /home/airflow/.local/lib/python3.12/site-packages/airflow/example_dags/example_branch_operator_decorator.py
[2024-10-03T22:29:33.282+0000] {processor.py:914} INFO - Processing file /home/airflow/.local/lib/python3.12/site-packages/airflow/example_dags/example_branch_operator_decorator.py for tasks to queue
[2024-10-03T22:29:33.286+0000] {logging_mixin.py:190} INFO - [2024-10-03T22:29:33.286+0000] {dagbag.py:587} INFO - Filling up the DagBag from /home/airflow/.local/lib/python3.12/site-packages/airflow/example_dags/example_branch_operator_decorator.py
[2024-10-03T22:29:33.326+0000] {processor.py:925} INFO - DAG(s) 'example_branch_python_operator_decorator' retrieved from /home/airflow/.local/lib/python3.12/site-packages/airflow/example_dags/example_branch_operator_decorator.py
[2024-10-03T22:29:33.380+0000] {logging_mixin.py:190} INFO - [2024-10-03T22:29:33.380+0000] {dag.py:3229} INFO - Sync 1 DAGs
[2024-10-03T22:29:33.432+0000] {logging_mixin.py:190} INFO - [2024-10-03T22:29:33.432+0000] {dag.py:4156} INFO - Setting next_dagrun for example_branch_python_operator_decorator to 2024-10-02 00:00:00+00:00, run_after=2024-10-03 00:00:00+00:00
[2024-10-03T22:29:33.465+0000] {processor.py:208} INFO - Processing /home/airflow/.local/lib/python3.12/site-packages/airflow/example_dags/example_branch_operator_decorator.py took 0.196 seconds
[2024-10-03T22:30:03.544+0000] {processor.py:186} INFO - Started process (PID=3094) to work on /home/airflow/.local/lib/python3.12/site-packages/airflow/example_dags/example_branch_operator_decorator.py
[2024-10-03T22:30:03.545+0000] {processor.py:914} INFO - Processing file /home/airflow/.local/lib/python3.12/site-packages/airflow/example_dags/example_branch_operator_decorator.py for tasks to queue
[2024-10-03T22:30:03.548+0000] {logging_mixin.py:190} INFO - [2024-10-03T22:30:03.548+0000] {dagbag.py:587} INFO - Filling up the DagBag from /home/airflow/.local/lib/python3.12/site-packages/airflow/example_dags/example_branch_operator_decorator.py
[2024-10-03T22:30:03.577+0000] {processor.py:925} INFO - DAG(s) 'example_branch_python_operator_decorator' retrieved from /home/airflow/.local/lib/python3.12/site-packages/airflow/example_dags/example_branch_operator_decorator.py
[2024-10-03T22:30:03.801+0000] {logging_mixin.py:190} INFO - [2024-10-03T22:30:03.801+0000] {dag.py:3229} INFO - Sync 1 DAGs
[2024-10-03T22:30:03.832+0000] {logging_mixin.py:190} INFO - [2024-10-03T22:30:03.832+0000] {dag.py:4156} INFO - Setting next_dagrun for example_branch_python_operator_decorator to 2024-10-02 00:00:00+00:00, run_after=2024-10-03 00:00:00+00:00
[2024-10-03T22:30:03.859+0000] {processor.py:208} INFO - Processing /home/airflow/.local/lib/python3.12/site-packages/airflow/example_dags/example_branch_operator_decorator.py took 0.324 seconds
[2024-10-03T22:30:34.319+0000] {processor.py:186} INFO - Started process (PID=3159) to work on /home/airflow/.local/lib/python3.12/site-packages/airflow/example_dags/example_branch_operator_decorator.py
[2024-10-03T22:30:34.320+0000] {processor.py:914} INFO - Processing file /home/airflow/.local/lib/python3.12/site-packages/airflow/example_dags/example_branch_operator_decorator.py for tasks to queue
[2024-10-03T22:30:34.324+0000] {logging_mixin.py:190} INFO - [2024-10-03T22:30:34.324+0000] {dagbag.py:587} INFO - Filling up the DagBag from /home/airflow/.local/lib/python3.12/site-packages/airflow/example_dags/example_branch_operator_decorator.py
[2024-10-03T22:30:34.358+0000] {processor.py:925} INFO - DAG(s) 'example_branch_python_operator_decorator' retrieved from /home/airflow/.local/lib/python3.12/site-packages/airflow/example_dags/example_branch_operator_decorator.py
[2024-10-03T22:30:34.400+0000] {logging_mixin.py:190} INFO - [2024-10-03T22:30:34.399+0000] {dag.py:3229} INFO - Sync 1 DAGs
[2024-10-03T22:30:34.430+0000] {logging_mixin.py:190} INFO - [2024-10-03T22:30:34.430+0000] {dag.py:4156} INFO - Setting next_dagrun for example_branch_python_operator_decorator to 2024-10-02 00:00:00+00:00, run_after=2024-10-03 00:00:00+00:00
[2024-10-03T22:30:34.458+0000] {processor.py:208} INFO - Processing /home/airflow/.local/lib/python3.12/site-packages/airflow/example_dags/example_branch_operator_decorator.py took 0.147 seconds
[2024-10-03T22:31:04.582+0000] {processor.py:186} INFO - Started process (PID=3219) to work on /home/airflow/.local/lib/python3.12/site-packages/airflow/example_dags/example_branch_operator_decorator.py
[2024-10-03T22:31:04.583+0000] {processor.py:914} INFO - Processing file /home/airflow/.local/lib/python3.12/site-packages/airflow/example_dags/example_branch_operator_decorator.py for tasks to queue
[2024-10-03T22:31:04.587+0000] {logging_mixin.py:190} INFO - [2024-10-03T22:31:04.586+0000] {dagbag.py:587} INFO - Filling up the DagBag from /home/airflow/.local/lib/python3.12/site-packages/airflow/example_dags/example_branch_operator_decorator.py
[2024-10-03T22:31:04.626+0000] {processor.py:925} INFO - DAG(s) 'example_branch_python_operator_decorator' retrieved from /home/airflow/.local/lib/python3.12/site-packages/airflow/example_dags/example_branch_operator_decorator.py
[2024-10-03T22:31:04.855+0000] {logging_mixin.py:190} INFO - [2024-10-03T22:31:04.855+0000] {dag.py:3229} INFO - Sync 1 DAGs
[2024-10-03T22:31:04.891+0000] {logging_mixin.py:190} INFO - [2024-10-03T22:31:04.890+0000] {dag.py:4156} INFO - Setting next_dagrun for example_branch_python_operator_decorator to 2024-10-02 00:00:00+00:00, run_after=2024-10-03 00:00:00+00:00
[2024-10-03T22:31:04.923+0000] {processor.py:208} INFO - Processing /home/airflow/.local/lib/python3.12/site-packages/airflow/example_dags/example_branch_operator_decorator.py took 0.351 seconds
[2024-10-03T22:31:35.234+0000] {processor.py:186} INFO - Started process (PID=3282) to work on /home/airflow/.local/lib/python3.12/site-packages/airflow/example_dags/example_branch_operator_decorator.py
[2024-10-03T22:31:35.235+0000] {processor.py:914} INFO - Processing file /home/airflow/.local/lib/python3.12/site-packages/airflow/example_dags/example_branch_operator_decorator.py for tasks to queue
[2024-10-03T22:31:35.239+0000] {logging_mixin.py:190} INFO - [2024-10-03T22:31:35.238+0000] {dagbag.py:587} INFO - Filling up the DagBag from /home/airflow/.local/lib/python3.12/site-packages/airflow/example_dags/example_branch_operator_decorator.py
[2024-10-03T22:31:35.280+0000] {processor.py:925} INFO - DAG(s) 'example_branch_python_operator_decorator' retrieved from /home/airflow/.local/lib/python3.12/site-packages/airflow/example_dags/example_branch_operator_decorator.py
[2024-10-03T22:31:35.332+0000] {logging_mixin.py:190} INFO - [2024-10-03T22:31:35.331+0000] {dag.py:3229} INFO - Sync 1 DAGs
[2024-10-03T22:31:35.375+0000] {logging_mixin.py:190} INFO - [2024-10-03T22:31:35.375+0000] {dag.py:4156} INFO - Setting next_dagrun for example_branch_python_operator_decorator to 2024-10-02 00:00:00+00:00, run_after=2024-10-03 00:00:00+00:00
[2024-10-03T22:31:35.415+0000] {processor.py:208} INFO - Processing /home/airflow/.local/lib/python3.12/site-packages/airflow/example_dags/example_branch_operator_decorator.py took 0.191 seconds
[2024-10-03T22:32:05.527+0000] {processor.py:186} INFO - Started process (PID=3345) to work on /home/airflow/.local/lib/python3.12/site-packages/airflow/example_dags/example_branch_operator_decorator.py
[2024-10-03T22:32:05.536+0000] {processor.py:914} INFO - Processing file /home/airflow/.local/lib/python3.12/site-packages/airflow/example_dags/example_branch_operator_decorator.py for tasks to queue
[2024-10-03T22:32:05.542+0000] {logging_mixin.py:190} INFO - [2024-10-03T22:32:05.541+0000] {dagbag.py:587} INFO - Filling up the DagBag from /home/airflow/.local/lib/python3.12/site-packages/airflow/example_dags/example_branch_operator_decorator.py
[2024-10-03T22:32:05.598+0000] {processor.py:925} INFO - DAG(s) 'example_branch_python_operator_decorator' retrieved from /home/airflow/.local/lib/python3.12/site-packages/airflow/example_dags/example_branch_operator_decorator.py
[2024-10-03T22:32:05.706+0000] {logging_mixin.py:190} INFO - [2024-10-03T22:32:05.705+0000] {dag.py:3229} INFO - Sync 1 DAGs
[2024-10-03T22:32:05.774+0000] {logging_mixin.py:190} INFO - [2024-10-03T22:32:05.773+0000] {dag.py:4156} INFO - Setting next_dagrun for example_branch_python_operator_decorator to 2024-10-02 00:00:00+00:00, run_after=2024-10-03 00:00:00+00:00
[2024-10-03T22:32:05.820+0000] {processor.py:208} INFO - Processing /home/airflow/.local/lib/python3.12/site-packages/airflow/example_dags/example_branch_operator_decorator.py took 0.311 seconds
[2024-10-03T22:32:36.408+0000] {processor.py:186} INFO - Started process (PID=3408) to work on /home/airflow/.local/lib/python3.12/site-packages/airflow/example_dags/example_branch_operator_decorator.py
[2024-10-03T22:32:36.409+0000] {processor.py:914} INFO - Processing file /home/airflow/.local/lib/python3.12/site-packages/airflow/example_dags/example_branch_operator_decorator.py for tasks to queue
[2024-10-03T22:32:36.412+0000] {logging_mixin.py:190} INFO - [2024-10-03T22:32:36.412+0000] {dagbag.py:587} INFO - Filling up the DagBag from /home/airflow/.local/lib/python3.12/site-packages/airflow/example_dags/example_branch_operator_decorator.py
[2024-10-03T22:32:36.445+0000] {processor.py:925} INFO - DAG(s) 'example_branch_python_operator_decorator' retrieved from /home/airflow/.local/lib/python3.12/site-packages/airflow/example_dags/example_branch_operator_decorator.py
[2024-10-03T22:32:36.484+0000] {logging_mixin.py:190} INFO - [2024-10-03T22:32:36.484+0000] {dag.py:3229} INFO - Sync 1 DAGs
[2024-10-03T22:32:36.520+0000] {logging_mixin.py:190} INFO - [2024-10-03T22:32:36.520+0000] {dag.py:4156} INFO - Setting next_dagrun for example_branch_python_operator_decorator to 2024-10-02 00:00:00+00:00, run_after=2024-10-03 00:00:00+00:00
[2024-10-03T22:32:36.550+0000] {processor.py:208} INFO - Processing /home/airflow/.local/lib/python3.12/site-packages/airflow/example_dags/example_branch_operator_decorator.py took 0.152 seconds
[2024-10-03T22:33:06.857+0000] {processor.py:186} INFO - Started process (PID=3471) to work on /home/airflow/.local/lib/python3.12/site-packages/airflow/example_dags/example_branch_operator_decorator.py
[2024-10-03T22:33:06.858+0000] {processor.py:914} INFO - Processing file /home/airflow/.local/lib/python3.12/site-packages/airflow/example_dags/example_branch_operator_decorator.py for tasks to queue
[2024-10-03T22:33:06.861+0000] {logging_mixin.py:190} INFO - [2024-10-03T22:33:06.861+0000] {dagbag.py:587} INFO - Filling up the DagBag from /home/airflow/.local/lib/python3.12/site-packages/airflow/example_dags/example_branch_operator_decorator.py
[2024-10-03T22:33:06.899+0000] {processor.py:925} INFO - DAG(s) 'example_branch_python_operator_decorator' retrieved from /home/airflow/.local/lib/python3.12/site-packages/airflow/example_dags/example_branch_operator_decorator.py
[2024-10-03T22:33:07.046+0000] {logging_mixin.py:190} INFO - [2024-10-03T22:33:07.045+0000] {dag.py:3229} INFO - Sync 1 DAGs
[2024-10-03T22:33:07.167+0000] {logging_mixin.py:190} INFO - [2024-10-03T22:33:07.166+0000] {dag.py:4156} INFO - Setting next_dagrun for example_branch_python_operator_decorator to 2024-10-02 00:00:00+00:00, run_after=2024-10-03 00:00:00+00:00
[2024-10-03T22:33:07.345+0000] {processor.py:208} INFO - Processing /home/airflow/.local/lib/python3.12/site-packages/airflow/example_dags/example_branch_operator_decorator.py took 0.498 seconds
[2024-10-03T22:33:37.738+0000] {processor.py:186} INFO - Started process (PID=3533) to work on /home/airflow/.local/lib/python3.12/site-packages/airflow/example_dags/example_branch_operator_decorator.py
[2024-10-03T22:33:37.739+0000] {processor.py:914} INFO - Processing file /home/airflow/.local/lib/python3.12/site-packages/airflow/example_dags/example_branch_operator_decorator.py for tasks to queue
[2024-10-03T22:33:37.742+0000] {logging_mixin.py:190} INFO - [2024-10-03T22:33:37.742+0000] {dagbag.py:587} INFO - Filling up the DagBag from /home/airflow/.local/lib/python3.12/site-packages/airflow/example_dags/example_branch_operator_decorator.py
[2024-10-03T22:33:37.774+0000] {processor.py:925} INFO - DAG(s) 'example_branch_python_operator_decorator' retrieved from /home/airflow/.local/lib/python3.12/site-packages/airflow/example_dags/example_branch_operator_decorator.py
[2024-10-03T22:33:37.825+0000] {logging_mixin.py:190} INFO - [2024-10-03T22:33:37.825+0000] {dag.py:3229} INFO - Sync 1 DAGs
[2024-10-03T22:33:37.862+0000] {logging_mixin.py:190} INFO - [2024-10-03T22:33:37.862+0000] {dag.py:4156} INFO - Setting next_dagrun for example_branch_python_operator_decorator to 2024-10-02 00:00:00+00:00, run_after=2024-10-03 00:00:00+00:00
[2024-10-03T22:33:37.889+0000] {processor.py:208} INFO - Processing /home/airflow/.local/lib/python3.12/site-packages/airflow/example_dags/example_branch_operator_decorator.py took 0.163 seconds
[2024-10-03T22:34:08.107+0000] {processor.py:186} INFO - Started process (PID=3596) to work on /home/airflow/.local/lib/python3.12/site-packages/airflow/example_dags/example_branch_operator_decorator.py
[2024-10-03T22:34:08.108+0000] {processor.py:914} INFO - Processing file /home/airflow/.local/lib/python3.12/site-packages/airflow/example_dags/example_branch_operator_decorator.py for tasks to queue
[2024-10-03T22:34:08.112+0000] {logging_mixin.py:190} INFO - [2024-10-03T22:34:08.111+0000] {dagbag.py:587} INFO - Filling up the DagBag from /home/airflow/.local/lib/python3.12/site-packages/airflow/example_dags/example_branch_operator_decorator.py
[2024-10-03T22:34:08.141+0000] {processor.py:925} INFO - DAG(s) 'example_branch_python_operator_decorator' retrieved from /home/airflow/.local/lib/python3.12/site-packages/airflow/example_dags/example_branch_operator_decorator.py
[2024-10-03T22:34:08.187+0000] {logging_mixin.py:190} INFO - [2024-10-03T22:34:08.186+0000] {dag.py:3229} INFO - Sync 1 DAGs
[2024-10-03T22:34:08.223+0000] {logging_mixin.py:190} INFO - [2024-10-03T22:34:08.223+0000] {dag.py:4156} INFO - Setting next_dagrun for example_branch_python_operator_decorator to 2024-10-02 00:00:00+00:00, run_after=2024-10-03 00:00:00+00:00
[2024-10-03T22:34:08.252+0000] {processor.py:208} INFO - Processing /home/airflow/.local/lib/python3.12/site-packages/airflow/example_dags/example_branch_operator_decorator.py took 0.153 seconds
[2024-10-03T22:34:38.833+0000] {processor.py:186} INFO - Started process (PID=3660) to work on /home/airflow/.local/lib/python3.12/site-packages/airflow/example_dags/example_branch_operator_decorator.py
[2024-10-03T22:34:38.836+0000] {processor.py:914} INFO - Processing file /home/airflow/.local/lib/python3.12/site-packages/airflow/example_dags/example_branch_operator_decorator.py for tasks to queue
[2024-10-03T22:34:38.840+0000] {logging_mixin.py:190} INFO - [2024-10-03T22:34:38.840+0000] {dagbag.py:587} INFO - Filling up the DagBag from /home/airflow/.local/lib/python3.12/site-packages/airflow/example_dags/example_branch_operator_decorator.py
[2024-10-03T22:34:38.871+0000] {processor.py:925} INFO - DAG(s) 'example_branch_python_operator_decorator' retrieved from /home/airflow/.local/lib/python3.12/site-packages/airflow/example_dags/example_branch_operator_decorator.py
[2024-10-03T22:34:38.916+0000] {logging_mixin.py:190} INFO - [2024-10-03T22:34:38.915+0000] {dag.py:3229} INFO - Sync 1 DAGs
[2024-10-03T22:34:38.958+0000] {logging_mixin.py:190} INFO - [2024-10-03T22:34:38.958+0000] {dag.py:4156} INFO - Setting next_dagrun for example_branch_python_operator_decorator to 2024-10-02 00:00:00+00:00, run_after=2024-10-03 00:00:00+00:00
[2024-10-03T22:34:38.996+0000] {processor.py:208} INFO - Processing /home/airflow/.local/lib/python3.12/site-packages/airflow/example_dags/example_branch_operator_decorator.py took 0.171 seconds
[2024-10-03T22:35:09.091+0000] {processor.py:186} INFO - Started process (PID=3722) to work on /home/airflow/.local/lib/python3.12/site-packages/airflow/example_dags/example_branch_operator_decorator.py
[2024-10-03T22:35:09.093+0000] {processor.py:914} INFO - Processing file /home/airflow/.local/lib/python3.12/site-packages/airflow/example_dags/example_branch_operator_decorator.py for tasks to queue
[2024-10-03T22:35:09.095+0000] {logging_mixin.py:190} INFO - [2024-10-03T22:35:09.095+0000] {dagbag.py:587} INFO - Filling up the DagBag from /home/airflow/.local/lib/python3.12/site-packages/airflow/example_dags/example_branch_operator_decorator.py
[2024-10-03T22:35:09.124+0000] {processor.py:925} INFO - DAG(s) 'example_branch_python_operator_decorator' retrieved from /home/airflow/.local/lib/python3.12/site-packages/airflow/example_dags/example_branch_operator_decorator.py
[2024-10-03T22:35:09.162+0000] {logging_mixin.py:190} INFO - [2024-10-03T22:35:09.162+0000] {dag.py:3229} INFO - Sync 1 DAGs
[2024-10-03T22:35:09.196+0000] {logging_mixin.py:190} INFO - [2024-10-03T22:35:09.196+0000] {dag.py:4156} INFO - Setting next_dagrun for example_branch_python_operator_decorator to 2024-10-02 00:00:00+00:00, run_after=2024-10-03 00:00:00+00:00
[2024-10-03T22:35:09.235+0000] {processor.py:208} INFO - Processing /home/airflow/.local/lib/python3.12/site-packages/airflow/example_dags/example_branch_operator_decorator.py took 0.151 seconds
