[2024-10-03T22:05:56.471+0000] {processor.py:186} INFO - Started process (PID=123) to work on /home/airflow/.local/lib/python3.12/site-packages/airflow/example_dags/example_trigger_target_dag.py
[2024-10-03T22:05:56.482+0000] {processor.py:914} INFO - Processing file /home/airflow/.local/lib/python3.12/site-packages/airflow/example_dags/example_trigger_target_dag.py for tasks to queue
[2024-10-03T22:05:56.489+0000] {logging_mixin.py:190} INFO - [2024-10-03T22:05:56.488+0000] {dagbag.py:587} INFO - Filling up the DagBag from /home/airflow/.local/lib/python3.12/site-packages/airflow/example_dags/example_trigger_target_dag.py
[2024-10-03T22:05:56.527+0000] {processor.py:925} INFO - DAG(s) 'example_trigger_target_dag' retrieved from /home/airflow/.local/lib/python3.12/site-packages/airflow/example_dags/example_trigger_target_dag.py
[2024-10-03T22:05:56.650+0000] {logging_mixin.py:190} INFO - [2024-10-03T22:05:56.650+0000] {dag.py:3229} INFO - Sync 1 DAGs
[2024-10-03T22:05:56.778+0000] {logging_mixin.py:190} INFO - [2024-10-03T22:05:56.777+0000] {dag.py:4156} INFO - Setting next_dagrun for example_trigger_target_dag to None, run_after=None
[2024-10-03T22:05:56.882+0000] {processor.py:208} INFO - Processing /home/airflow/.local/lib/python3.12/site-packages/airflow/example_dags/example_trigger_target_dag.py took 0.430 seconds
[2024-10-03T22:06:28.255+0000] {processor.py:186} INFO - Started process (PID=186) to work on /home/airflow/.local/lib/python3.12/site-packages/airflow/example_dags/example_trigger_target_dag.py
[2024-10-03T22:06:28.286+0000] {processor.py:914} INFO - Processing file /home/airflow/.local/lib/python3.12/site-packages/airflow/example_dags/example_trigger_target_dag.py for tasks to queue
[2024-10-03T22:06:28.318+0000] {logging_mixin.py:190} INFO - [2024-10-03T22:06:28.317+0000] {dagbag.py:587} INFO - Filling up the DagBag from /home/airflow/.local/lib/python3.12/site-packages/airflow/example_dags/example_trigger_target_dag.py
[2024-10-03T22:06:28.451+0000] {processor.py:925} INFO - DAG(s) 'example_trigger_target_dag' retrieved from /home/airflow/.local/lib/python3.12/site-packages/airflow/example_dags/example_trigger_target_dag.py
[2024-10-03T22:06:28.682+0000] {logging_mixin.py:190} INFO - [2024-10-03T22:06:28.681+0000] {dag.py:3229} INFO - Sync 1 DAGs
[2024-10-03T22:06:28.824+0000] {logging_mixin.py:190} INFO - [2024-10-03T22:06:28.823+0000] {dag.py:4156} INFO - Setting next_dagrun for example_trigger_target_dag to None, run_after=None
[2024-10-03T22:06:29.048+0000] {processor.py:208} INFO - Processing /home/airflow/.local/lib/python3.12/site-packages/airflow/example_dags/example_trigger_target_dag.py took 0.861 seconds
[2024-10-03T22:07:00.782+0000] {processor.py:186} INFO - Started process (PID=249) to work on /home/airflow/.local/lib/python3.12/site-packages/airflow/example_dags/example_trigger_target_dag.py
[2024-10-03T22:07:00.786+0000] {processor.py:914} INFO - Processing file /home/airflow/.local/lib/python3.12/site-packages/airflow/example_dags/example_trigger_target_dag.py for tasks to queue
[2024-10-03T22:07:00.803+0000] {logging_mixin.py:190} INFO - [2024-10-03T22:07:00.803+0000] {dagbag.py:587} INFO - Filling up the DagBag from /home/airflow/.local/lib/python3.12/site-packages/airflow/example_dags/example_trigger_target_dag.py
[2024-10-03T22:07:00.861+0000] {processor.py:925} INFO - DAG(s) 'example_trigger_target_dag' retrieved from /home/airflow/.local/lib/python3.12/site-packages/airflow/example_dags/example_trigger_target_dag.py
[2024-10-03T22:07:00.977+0000] {logging_mixin.py:190} INFO - [2024-10-03T22:07:00.967+0000] {dag.py:3229} INFO - Sync 1 DAGs
[2024-10-03T22:07:01.077+0000] {logging_mixin.py:190} INFO - [2024-10-03T22:07:01.077+0000] {dag.py:4156} INFO - Setting next_dagrun for example_trigger_target_dag to None, run_after=None
[2024-10-03T22:07:01.260+0000] {processor.py:208} INFO - Processing /home/airflow/.local/lib/python3.12/site-packages/airflow/example_dags/example_trigger_target_dag.py took 0.521 seconds
[2024-10-03T22:07:32.527+0000] {processor.py:186} INFO - Started process (PID=314) to work on /home/airflow/.local/lib/python3.12/site-packages/airflow/example_dags/example_trigger_target_dag.py
[2024-10-03T22:07:32.541+0000] {processor.py:914} INFO - Processing file /home/airflow/.local/lib/python3.12/site-packages/airflow/example_dags/example_trigger_target_dag.py for tasks to queue
[2024-10-03T22:07:32.550+0000] {logging_mixin.py:190} INFO - [2024-10-03T22:07:32.549+0000] {dagbag.py:587} INFO - Filling up the DagBag from /home/airflow/.local/lib/python3.12/site-packages/airflow/example_dags/example_trigger_target_dag.py
[2024-10-03T22:07:32.608+0000] {processor.py:925} INFO - DAG(s) 'example_trigger_target_dag' retrieved from /home/airflow/.local/lib/python3.12/site-packages/airflow/example_dags/example_trigger_target_dag.py
[2024-10-03T22:07:32.714+0000] {logging_mixin.py:190} INFO - [2024-10-03T22:07:32.713+0000] {dag.py:3229} INFO - Sync 1 DAGs
[2024-10-03T22:07:32.817+0000] {logging_mixin.py:190} INFO - [2024-10-03T22:07:32.817+0000] {dag.py:4156} INFO - Setting next_dagrun for example_trigger_target_dag to None, run_after=None
[2024-10-03T22:07:32.959+0000] {processor.py:208} INFO - Processing /home/airflow/.local/lib/python3.12/site-packages/airflow/example_dags/example_trigger_target_dag.py took 0.482 seconds
[2024-10-03T22:08:03.593+0000] {processor.py:186} INFO - Started process (PID=377) to work on /home/airflow/.local/lib/python3.12/site-packages/airflow/example_dags/example_trigger_target_dag.py
[2024-10-03T22:08:03.595+0000] {processor.py:914} INFO - Processing file /home/airflow/.local/lib/python3.12/site-packages/airflow/example_dags/example_trigger_target_dag.py for tasks to queue
[2024-10-03T22:08:03.602+0000] {logging_mixin.py:190} INFO - [2024-10-03T22:08:03.601+0000] {dagbag.py:587} INFO - Filling up the DagBag from /home/airflow/.local/lib/python3.12/site-packages/airflow/example_dags/example_trigger_target_dag.py
[2024-10-03T22:08:03.623+0000] {processor.py:925} INFO - DAG(s) 'example_trigger_target_dag' retrieved from /home/airflow/.local/lib/python3.12/site-packages/airflow/example_dags/example_trigger_target_dag.py
[2024-10-03T22:08:03.720+0000] {logging_mixin.py:190} INFO - [2024-10-03T22:08:03.720+0000] {dag.py:3229} INFO - Sync 1 DAGs
[2024-10-03T22:08:03.804+0000] {logging_mixin.py:190} INFO - [2024-10-03T22:08:03.804+0000] {dag.py:4156} INFO - Setting next_dagrun for example_trigger_target_dag to None, run_after=None
[2024-10-03T22:08:03.901+0000] {processor.py:208} INFO - Processing /home/airflow/.local/lib/python3.12/site-packages/airflow/example_dags/example_trigger_target_dag.py took 0.336 seconds
[2024-10-03T22:08:34.072+0000] {processor.py:186} INFO - Started process (PID=440) to work on /home/airflow/.local/lib/python3.12/site-packages/airflow/example_dags/example_trigger_target_dag.py
[2024-10-03T22:08:34.073+0000] {processor.py:914} INFO - Processing file /home/airflow/.local/lib/python3.12/site-packages/airflow/example_dags/example_trigger_target_dag.py for tasks to queue
[2024-10-03T22:08:34.076+0000] {logging_mixin.py:190} INFO - [2024-10-03T22:08:34.075+0000] {dagbag.py:587} INFO - Filling up the DagBag from /home/airflow/.local/lib/python3.12/site-packages/airflow/example_dags/example_trigger_target_dag.py
[2024-10-03T22:08:34.084+0000] {processor.py:925} INFO - DAG(s) 'example_trigger_target_dag' retrieved from /home/airflow/.local/lib/python3.12/site-packages/airflow/example_dags/example_trigger_target_dag.py
[2024-10-03T22:08:34.107+0000] {logging_mixin.py:190} INFO - [2024-10-03T22:08:34.107+0000] {dag.py:3229} INFO - Sync 1 DAGs
[2024-10-03T22:08:34.124+0000] {logging_mixin.py:190} INFO - [2024-10-03T22:08:34.124+0000] {dag.py:4156} INFO - Setting next_dagrun for example_trigger_target_dag to None, run_after=None
[2024-10-03T22:08:34.155+0000] {processor.py:208} INFO - Processing /home/airflow/.local/lib/python3.12/site-packages/airflow/example_dags/example_trigger_target_dag.py took 0.090 seconds
[2024-10-03T22:09:04.474+0000] {processor.py:186} INFO - Started process (PID=503) to work on /home/airflow/.local/lib/python3.12/site-packages/airflow/example_dags/example_trigger_target_dag.py
[2024-10-03T22:09:04.475+0000] {processor.py:914} INFO - Processing file /home/airflow/.local/lib/python3.12/site-packages/airflow/example_dags/example_trigger_target_dag.py for tasks to queue
[2024-10-03T22:09:04.477+0000] {logging_mixin.py:190} INFO - [2024-10-03T22:09:04.477+0000] {dagbag.py:587} INFO - Filling up the DagBag from /home/airflow/.local/lib/python3.12/site-packages/airflow/example_dags/example_trigger_target_dag.py
[2024-10-03T22:09:04.486+0000] {processor.py:925} INFO - DAG(s) 'example_trigger_target_dag' retrieved from /home/airflow/.local/lib/python3.12/site-packages/airflow/example_dags/example_trigger_target_dag.py
[2024-10-03T22:09:04.507+0000] {logging_mixin.py:190} INFO - [2024-10-03T22:09:04.507+0000] {dag.py:3229} INFO - Sync 1 DAGs
[2024-10-03T22:09:04.525+0000] {logging_mixin.py:190} INFO - [2024-10-03T22:09:04.525+0000] {dag.py:4156} INFO - Setting next_dagrun for example_trigger_target_dag to None, run_after=None
[2024-10-03T22:09:04.561+0000] {processor.py:208} INFO - Processing /home/airflow/.local/lib/python3.12/site-packages/airflow/example_dags/example_trigger_target_dag.py took 0.095 seconds
[2024-10-03T22:09:35.117+0000] {processor.py:186} INFO - Started process (PID=566) to work on /home/airflow/.local/lib/python3.12/site-packages/airflow/example_dags/example_trigger_target_dag.py
[2024-10-03T22:09:35.118+0000] {processor.py:914} INFO - Processing file /home/airflow/.local/lib/python3.12/site-packages/airflow/example_dags/example_trigger_target_dag.py for tasks to queue
[2024-10-03T22:09:35.122+0000] {logging_mixin.py:190} INFO - [2024-10-03T22:09:35.121+0000] {dagbag.py:587} INFO - Filling up the DagBag from /home/airflow/.local/lib/python3.12/site-packages/airflow/example_dags/example_trigger_target_dag.py
[2024-10-03T22:09:35.131+0000] {processor.py:925} INFO - DAG(s) 'example_trigger_target_dag' retrieved from /home/airflow/.local/lib/python3.12/site-packages/airflow/example_dags/example_trigger_target_dag.py
[2024-10-03T22:09:35.156+0000] {logging_mixin.py:190} INFO - [2024-10-03T22:09:35.156+0000] {dag.py:3229} INFO - Sync 1 DAGs
[2024-10-03T22:09:35.178+0000] {logging_mixin.py:190} INFO - [2024-10-03T22:09:35.177+0000] {dag.py:4156} INFO - Setting next_dagrun for example_trigger_target_dag to None, run_after=None
[2024-10-03T22:09:35.204+0000] {processor.py:208} INFO - Processing /home/airflow/.local/lib/python3.12/site-packages/airflow/example_dags/example_trigger_target_dag.py took 0.095 seconds
[2024-10-03T22:10:08.138+0000] {processor.py:186} INFO - Started process (PID=629) to work on /home/airflow/.local/lib/python3.12/site-packages/airflow/example_dags/example_trigger_target_dag.py
[2024-10-03T22:10:08.208+0000] {processor.py:914} INFO - Processing file /home/airflow/.local/lib/python3.12/site-packages/airflow/example_dags/example_trigger_target_dag.py for tasks to queue
[2024-10-03T22:10:08.241+0000] {logging_mixin.py:190} INFO - [2024-10-03T22:10:08.241+0000] {dagbag.py:587} INFO - Filling up the DagBag from /home/airflow/.local/lib/python3.12/site-packages/airflow/example_dags/example_trigger_target_dag.py
[2024-10-03T22:10:08.323+0000] {processor.py:925} INFO - DAG(s) 'example_trigger_target_dag' retrieved from /home/airflow/.local/lib/python3.12/site-packages/airflow/example_dags/example_trigger_target_dag.py
[2024-10-03T22:10:08.466+0000] {logging_mixin.py:190} INFO - [2024-10-03T22:10:08.466+0000] {dag.py:3229} INFO - Sync 1 DAGs
[2024-10-03T22:10:08.634+0000] {logging_mixin.py:190} INFO - [2024-10-03T22:10:08.634+0000] {dag.py:4156} INFO - Setting next_dagrun for example_trigger_target_dag to None, run_after=None
[2024-10-03T22:10:08.775+0000] {processor.py:208} INFO - Processing /home/airflow/.local/lib/python3.12/site-packages/airflow/example_dags/example_trigger_target_dag.py took 0.669 seconds
[2024-10-03T22:10:38.969+0000] {processor.py:186} INFO - Started process (PID=692) to work on /home/airflow/.local/lib/python3.12/site-packages/airflow/example_dags/example_trigger_target_dag.py
[2024-10-03T22:10:38.970+0000] {processor.py:914} INFO - Processing file /home/airflow/.local/lib/python3.12/site-packages/airflow/example_dags/example_trigger_target_dag.py for tasks to queue
[2024-10-03T22:10:38.973+0000] {logging_mixin.py:190} INFO - [2024-10-03T22:10:38.973+0000] {dagbag.py:587} INFO - Filling up the DagBag from /home/airflow/.local/lib/python3.12/site-packages/airflow/example_dags/example_trigger_target_dag.py
[2024-10-03T22:10:38.982+0000] {processor.py:925} INFO - DAG(s) 'example_trigger_target_dag' retrieved from /home/airflow/.local/lib/python3.12/site-packages/airflow/example_dags/example_trigger_target_dag.py
[2024-10-03T22:10:39.005+0000] {logging_mixin.py:190} INFO - [2024-10-03T22:10:39.005+0000] {dag.py:3229} INFO - Sync 1 DAGs
[2024-10-03T22:10:39.022+0000] {logging_mixin.py:190} INFO - [2024-10-03T22:10:39.021+0000] {dag.py:4156} INFO - Setting next_dagrun for example_trigger_target_dag to None, run_after=None
[2024-10-03T22:10:39.055+0000] {processor.py:208} INFO - Processing /home/airflow/.local/lib/python3.12/site-packages/airflow/example_dags/example_trigger_target_dag.py took 0.094 seconds
[2024-10-03T22:11:09.832+0000] {processor.py:186} INFO - Started process (PID=755) to work on /home/airflow/.local/lib/python3.12/site-packages/airflow/example_dags/example_trigger_target_dag.py
[2024-10-03T22:11:09.833+0000] {processor.py:914} INFO - Processing file /home/airflow/.local/lib/python3.12/site-packages/airflow/example_dags/example_trigger_target_dag.py for tasks to queue
[2024-10-03T22:11:09.836+0000] {logging_mixin.py:190} INFO - [2024-10-03T22:11:09.835+0000] {dagbag.py:587} INFO - Filling up the DagBag from /home/airflow/.local/lib/python3.12/site-packages/airflow/example_dags/example_trigger_target_dag.py
[2024-10-03T22:11:09.844+0000] {processor.py:925} INFO - DAG(s) 'example_trigger_target_dag' retrieved from /home/airflow/.local/lib/python3.12/site-packages/airflow/example_dags/example_trigger_target_dag.py
[2024-10-03T22:11:09.867+0000] {logging_mixin.py:190} INFO - [2024-10-03T22:11:09.866+0000] {dag.py:3229} INFO - Sync 1 DAGs
[2024-10-03T22:11:09.890+0000] {logging_mixin.py:190} INFO - [2024-10-03T22:11:09.890+0000] {dag.py:4156} INFO - Setting next_dagrun for example_trigger_target_dag to None, run_after=None
[2024-10-03T22:11:09.920+0000] {processor.py:208} INFO - Processing /home/airflow/.local/lib/python3.12/site-packages/airflow/example_dags/example_trigger_target_dag.py took 0.096 seconds
[2024-10-03T22:11:40.593+0000] {processor.py:186} INFO - Started process (PID=818) to work on /home/airflow/.local/lib/python3.12/site-packages/airflow/example_dags/example_trigger_target_dag.py
[2024-10-03T22:11:40.594+0000] {processor.py:914} INFO - Processing file /home/airflow/.local/lib/python3.12/site-packages/airflow/example_dags/example_trigger_target_dag.py for tasks to queue
[2024-10-03T22:11:40.597+0000] {logging_mixin.py:190} INFO - [2024-10-03T22:11:40.597+0000] {dagbag.py:587} INFO - Filling up the DagBag from /home/airflow/.local/lib/python3.12/site-packages/airflow/example_dags/example_trigger_target_dag.py
[2024-10-03T22:11:40.608+0000] {processor.py:925} INFO - DAG(s) 'example_trigger_target_dag' retrieved from /home/airflow/.local/lib/python3.12/site-packages/airflow/example_dags/example_trigger_target_dag.py
[2024-10-03T22:11:40.633+0000] {logging_mixin.py:190} INFO - [2024-10-03T22:11:40.633+0000] {dag.py:3229} INFO - Sync 1 DAGs
[2024-10-03T22:11:40.652+0000] {logging_mixin.py:190} INFO - [2024-10-03T22:11:40.652+0000] {dag.py:4156} INFO - Setting next_dagrun for example_trigger_target_dag to None, run_after=None
[2024-10-03T22:11:40.689+0000] {processor.py:208} INFO - Processing /home/airflow/.local/lib/python3.12/site-packages/airflow/example_dags/example_trigger_target_dag.py took 0.103 seconds
[2024-10-03T22:12:11.114+0000] {processor.py:186} INFO - Started process (PID=881) to work on /home/airflow/.local/lib/python3.12/site-packages/airflow/example_dags/example_trigger_target_dag.py
[2024-10-03T22:12:11.115+0000] {processor.py:914} INFO - Processing file /home/airflow/.local/lib/python3.12/site-packages/airflow/example_dags/example_trigger_target_dag.py for tasks to queue
[2024-10-03T22:12:11.118+0000] {logging_mixin.py:190} INFO - [2024-10-03T22:12:11.118+0000] {dagbag.py:587} INFO - Filling up the DagBag from /home/airflow/.local/lib/python3.12/site-packages/airflow/example_dags/example_trigger_target_dag.py
[2024-10-03T22:12:11.127+0000] {processor.py:925} INFO - DAG(s) 'example_trigger_target_dag' retrieved from /home/airflow/.local/lib/python3.12/site-packages/airflow/example_dags/example_trigger_target_dag.py
[2024-10-03T22:12:11.153+0000] {logging_mixin.py:190} INFO - [2024-10-03T22:12:11.153+0000] {dag.py:3229} INFO - Sync 1 DAGs
[2024-10-03T22:12:11.171+0000] {logging_mixin.py:190} INFO - [2024-10-03T22:12:11.171+0000] {dag.py:4156} INFO - Setting next_dagrun for example_trigger_target_dag to None, run_after=None
[2024-10-03T22:12:11.201+0000] {processor.py:208} INFO - Processing /home/airflow/.local/lib/python3.12/site-packages/airflow/example_dags/example_trigger_target_dag.py took 0.094 seconds
[2024-10-03T22:12:42.093+0000] {processor.py:186} INFO - Started process (PID=944) to work on /home/airflow/.local/lib/python3.12/site-packages/airflow/example_dags/example_trigger_target_dag.py
[2024-10-03T22:12:42.094+0000] {processor.py:914} INFO - Processing file /home/airflow/.local/lib/python3.12/site-packages/airflow/example_dags/example_trigger_target_dag.py for tasks to queue
[2024-10-03T22:12:42.097+0000] {logging_mixin.py:190} INFO - [2024-10-03T22:12:42.096+0000] {dagbag.py:587} INFO - Filling up the DagBag from /home/airflow/.local/lib/python3.12/site-packages/airflow/example_dags/example_trigger_target_dag.py
[2024-10-03T22:12:42.106+0000] {processor.py:925} INFO - DAG(s) 'example_trigger_target_dag' retrieved from /home/airflow/.local/lib/python3.12/site-packages/airflow/example_dags/example_trigger_target_dag.py
[2024-10-03T22:12:42.134+0000] {logging_mixin.py:190} INFO - [2024-10-03T22:12:42.133+0000] {dag.py:3229} INFO - Sync 1 DAGs
[2024-10-03T22:12:42.153+0000] {logging_mixin.py:190} INFO - [2024-10-03T22:12:42.153+0000] {dag.py:4156} INFO - Setting next_dagrun for example_trigger_target_dag to None, run_after=None
[2024-10-03T22:12:42.184+0000] {processor.py:208} INFO - Processing /home/airflow/.local/lib/python3.12/site-packages/airflow/example_dags/example_trigger_target_dag.py took 0.098 seconds
[2024-10-03T22:13:12.648+0000] {processor.py:186} INFO - Started process (PID=1007) to work on /home/airflow/.local/lib/python3.12/site-packages/airflow/example_dags/example_trigger_target_dag.py
[2024-10-03T22:13:12.651+0000] {processor.py:914} INFO - Processing file /home/airflow/.local/lib/python3.12/site-packages/airflow/example_dags/example_trigger_target_dag.py for tasks to queue
[2024-10-03T22:13:12.655+0000] {logging_mixin.py:190} INFO - [2024-10-03T22:13:12.654+0000] {dagbag.py:587} INFO - Filling up the DagBag from /home/airflow/.local/lib/python3.12/site-packages/airflow/example_dags/example_trigger_target_dag.py
[2024-10-03T22:13:12.666+0000] {processor.py:925} INFO - DAG(s) 'example_trigger_target_dag' retrieved from /home/airflow/.local/lib/python3.12/site-packages/airflow/example_dags/example_trigger_target_dag.py
[2024-10-03T22:13:12.700+0000] {logging_mixin.py:190} INFO - [2024-10-03T22:13:12.699+0000] {dag.py:3229} INFO - Sync 1 DAGs
[2024-10-03T22:13:12.755+0000] {logging_mixin.py:190} INFO - [2024-10-03T22:13:12.754+0000] {dag.py:4156} INFO - Setting next_dagrun for example_trigger_target_dag to None, run_after=None
[2024-10-03T22:13:12.796+0000] {processor.py:208} INFO - Processing /home/airflow/.local/lib/python3.12/site-packages/airflow/example_dags/example_trigger_target_dag.py took 0.158 seconds
[2024-10-03T22:13:43.261+0000] {processor.py:186} INFO - Started process (PID=1071) to work on /home/airflow/.local/lib/python3.12/site-packages/airflow/example_dags/example_trigger_target_dag.py
[2024-10-03T22:13:43.262+0000] {processor.py:914} INFO - Processing file /home/airflow/.local/lib/python3.12/site-packages/airflow/example_dags/example_trigger_target_dag.py for tasks to queue
[2024-10-03T22:13:43.264+0000] {logging_mixin.py:190} INFO - [2024-10-03T22:13:43.264+0000] {dagbag.py:587} INFO - Filling up the DagBag from /home/airflow/.local/lib/python3.12/site-packages/airflow/example_dags/example_trigger_target_dag.py
[2024-10-03T22:13:43.274+0000] {processor.py:925} INFO - DAG(s) 'example_trigger_target_dag' retrieved from /home/airflow/.local/lib/python3.12/site-packages/airflow/example_dags/example_trigger_target_dag.py
[2024-10-03T22:13:43.298+0000] {logging_mixin.py:190} INFO - [2024-10-03T22:13:43.298+0000] {dag.py:3229} INFO - Sync 1 DAGs
[2024-10-03T22:13:43.316+0000] {logging_mixin.py:190} INFO - [2024-10-03T22:13:43.316+0000] {dag.py:4156} INFO - Setting next_dagrun for example_trigger_target_dag to None, run_after=None
[2024-10-03T22:13:43.350+0000] {processor.py:208} INFO - Processing /home/airflow/.local/lib/python3.12/site-packages/airflow/example_dags/example_trigger_target_dag.py took 0.097 seconds
[2024-10-03T22:14:14.133+0000] {processor.py:186} INFO - Started process (PID=1135) to work on /home/airflow/.local/lib/python3.12/site-packages/airflow/example_dags/example_trigger_target_dag.py
[2024-10-03T22:14:14.134+0000] {processor.py:914} INFO - Processing file /home/airflow/.local/lib/python3.12/site-packages/airflow/example_dags/example_trigger_target_dag.py for tasks to queue
[2024-10-03T22:14:14.138+0000] {logging_mixin.py:190} INFO - [2024-10-03T22:14:14.137+0000] {dagbag.py:587} INFO - Filling up the DagBag from /home/airflow/.local/lib/python3.12/site-packages/airflow/example_dags/example_trigger_target_dag.py
[2024-10-03T22:14:14.153+0000] {processor.py:925} INFO - DAG(s) 'example_trigger_target_dag' retrieved from /home/airflow/.local/lib/python3.12/site-packages/airflow/example_dags/example_trigger_target_dag.py
[2024-10-03T22:14:14.186+0000] {logging_mixin.py:190} INFO - [2024-10-03T22:14:14.186+0000] {dag.py:3229} INFO - Sync 1 DAGs
[2024-10-03T22:14:14.209+0000] {logging_mixin.py:190} INFO - [2024-10-03T22:14:14.209+0000] {dag.py:4156} INFO - Setting next_dagrun for example_trigger_target_dag to None, run_after=None
[2024-10-03T22:14:14.239+0000] {processor.py:208} INFO - Processing /home/airflow/.local/lib/python3.12/site-packages/airflow/example_dags/example_trigger_target_dag.py took 0.120 seconds
[2024-10-03T22:14:44.491+0000] {processor.py:186} INFO - Started process (PID=1197) to work on /home/airflow/.local/lib/python3.12/site-packages/airflow/example_dags/example_trigger_target_dag.py
[2024-10-03T22:14:44.493+0000] {processor.py:914} INFO - Processing file /home/airflow/.local/lib/python3.12/site-packages/airflow/example_dags/example_trigger_target_dag.py for tasks to queue
[2024-10-03T22:14:44.496+0000] {logging_mixin.py:190} INFO - [2024-10-03T22:14:44.495+0000] {dagbag.py:587} INFO - Filling up the DagBag from /home/airflow/.local/lib/python3.12/site-packages/airflow/example_dags/example_trigger_target_dag.py
[2024-10-03T22:14:44.507+0000] {processor.py:925} INFO - DAG(s) 'example_trigger_target_dag' retrieved from /home/airflow/.local/lib/python3.12/site-packages/airflow/example_dags/example_trigger_target_dag.py
[2024-10-03T22:14:44.537+0000] {logging_mixin.py:190} INFO - [2024-10-03T22:14:44.537+0000] {dag.py:3229} INFO - Sync 1 DAGs
[2024-10-03T22:14:44.563+0000] {logging_mixin.py:190} INFO - [2024-10-03T22:14:44.563+0000] {dag.py:4156} INFO - Setting next_dagrun for example_trigger_target_dag to None, run_after=None
[2024-10-03T22:14:44.604+0000] {processor.py:208} INFO - Processing /home/airflow/.local/lib/python3.12/site-packages/airflow/example_dags/example_trigger_target_dag.py took 0.122 seconds
[2024-10-03T22:15:14.905+0000] {processor.py:186} INFO - Started process (PID=1260) to work on /home/airflow/.local/lib/python3.12/site-packages/airflow/example_dags/example_trigger_target_dag.py
[2024-10-03T22:15:14.906+0000] {processor.py:914} INFO - Processing file /home/airflow/.local/lib/python3.12/site-packages/airflow/example_dags/example_trigger_target_dag.py for tasks to queue
[2024-10-03T22:15:14.909+0000] {logging_mixin.py:190} INFO - [2024-10-03T22:15:14.909+0000] {dagbag.py:587} INFO - Filling up the DagBag from /home/airflow/.local/lib/python3.12/site-packages/airflow/example_dags/example_trigger_target_dag.py
[2024-10-03T22:15:14.920+0000] {processor.py:925} INFO - DAG(s) 'example_trigger_target_dag' retrieved from /home/airflow/.local/lib/python3.12/site-packages/airflow/example_dags/example_trigger_target_dag.py
[2024-10-03T22:15:14.947+0000] {logging_mixin.py:190} INFO - [2024-10-03T22:15:14.947+0000] {dag.py:3229} INFO - Sync 1 DAGs
[2024-10-03T22:15:14.972+0000] {logging_mixin.py:190} INFO - [2024-10-03T22:15:14.971+0000] {dag.py:4156} INFO - Setting next_dagrun for example_trigger_target_dag to None, run_after=None
[2024-10-03T22:15:14.999+0000] {processor.py:208} INFO - Processing /home/airflow/.local/lib/python3.12/site-packages/airflow/example_dags/example_trigger_target_dag.py took 0.102 seconds
[2024-10-03T22:15:45.342+0000] {processor.py:186} INFO - Started process (PID=1323) to work on /home/airflow/.local/lib/python3.12/site-packages/airflow/example_dags/example_trigger_target_dag.py
[2024-10-03T22:15:45.345+0000] {processor.py:914} INFO - Processing file /home/airflow/.local/lib/python3.12/site-packages/airflow/example_dags/example_trigger_target_dag.py for tasks to queue
[2024-10-03T22:15:45.349+0000] {logging_mixin.py:190} INFO - [2024-10-03T22:15:45.348+0000] {dagbag.py:587} INFO - Filling up the DagBag from /home/airflow/.local/lib/python3.12/site-packages/airflow/example_dags/example_trigger_target_dag.py
[2024-10-03T22:15:45.366+0000] {processor.py:925} INFO - DAG(s) 'example_trigger_target_dag' retrieved from /home/airflow/.local/lib/python3.12/site-packages/airflow/example_dags/example_trigger_target_dag.py
[2024-10-03T22:15:45.421+0000] {logging_mixin.py:190} INFO - [2024-10-03T22:15:45.421+0000] {dag.py:3229} INFO - Sync 1 DAGs
[2024-10-03T22:15:45.471+0000] {logging_mixin.py:190} INFO - [2024-10-03T22:15:45.469+0000] {dag.py:4156} INFO - Setting next_dagrun for example_trigger_target_dag to None, run_after=None
[2024-10-03T22:15:45.515+0000] {processor.py:208} INFO - Processing /home/airflow/.local/lib/python3.12/site-packages/airflow/example_dags/example_trigger_target_dag.py took 0.184 seconds
[2024-10-03T22:16:15.773+0000] {processor.py:186} INFO - Started process (PID=1392) to work on /home/airflow/.local/lib/python3.12/site-packages/airflow/example_dags/example_trigger_target_dag.py
[2024-10-03T22:16:15.776+0000] {processor.py:914} INFO - Processing file /home/airflow/.local/lib/python3.12/site-packages/airflow/example_dags/example_trigger_target_dag.py for tasks to queue
[2024-10-03T22:16:15.804+0000] {logging_mixin.py:190} INFO - [2024-10-03T22:16:15.801+0000] {dagbag.py:587} INFO - Filling up the DagBag from /home/airflow/.local/lib/python3.12/site-packages/airflow/example_dags/example_trigger_target_dag.py
[2024-10-03T22:16:15.860+0000] {processor.py:925} INFO - DAG(s) 'example_trigger_target_dag' retrieved from /home/airflow/.local/lib/python3.12/site-packages/airflow/example_dags/example_trigger_target_dag.py
[2024-10-03T22:16:15.954+0000] {logging_mixin.py:190} INFO - [2024-10-03T22:16:15.954+0000] {dag.py:3229} INFO - Sync 1 DAGs
[2024-10-03T22:16:16.041+0000] {logging_mixin.py:190} INFO - [2024-10-03T22:16:16.040+0000] {dag.py:4156} INFO - Setting next_dagrun for example_trigger_target_dag to None, run_after=None
[2024-10-03T22:16:16.145+0000] {processor.py:208} INFO - Processing /home/airflow/.local/lib/python3.12/site-packages/airflow/example_dags/example_trigger_target_dag.py took 0.402 seconds
[2024-10-03T22:16:46.251+0000] {processor.py:186} INFO - Started process (PID=1455) to work on /home/airflow/.local/lib/python3.12/site-packages/airflow/example_dags/example_trigger_target_dag.py
[2024-10-03T22:16:46.254+0000] {processor.py:914} INFO - Processing file /home/airflow/.local/lib/python3.12/site-packages/airflow/example_dags/example_trigger_target_dag.py for tasks to queue
[2024-10-03T22:16:46.258+0000] {logging_mixin.py:190} INFO - [2024-10-03T22:16:46.258+0000] {dagbag.py:587} INFO - Filling up the DagBag from /home/airflow/.local/lib/python3.12/site-packages/airflow/example_dags/example_trigger_target_dag.py
[2024-10-03T22:16:46.277+0000] {processor.py:925} INFO - DAG(s) 'example_trigger_target_dag' retrieved from /home/airflow/.local/lib/python3.12/site-packages/airflow/example_dags/example_trigger_target_dag.py
[2024-10-03T22:16:46.344+0000] {logging_mixin.py:190} INFO - [2024-10-03T22:16:46.344+0000] {dag.py:3229} INFO - Sync 1 DAGs
[2024-10-03T22:16:46.408+0000] {logging_mixin.py:190} INFO - [2024-10-03T22:16:46.408+0000] {dag.py:4156} INFO - Setting next_dagrun for example_trigger_target_dag to None, run_after=None
[2024-10-03T22:16:46.465+0000] {processor.py:208} INFO - Processing /home/airflow/.local/lib/python3.12/site-packages/airflow/example_dags/example_trigger_target_dag.py took 0.227 seconds
[2024-10-03T22:17:16.925+0000] {processor.py:186} INFO - Started process (PID=1518) to work on /home/airflow/.local/lib/python3.12/site-packages/airflow/example_dags/example_trigger_target_dag.py
[2024-10-03T22:17:16.926+0000] {processor.py:914} INFO - Processing file /home/airflow/.local/lib/python3.12/site-packages/airflow/example_dags/example_trigger_target_dag.py for tasks to queue
[2024-10-03T22:17:16.943+0000] {logging_mixin.py:190} INFO - [2024-10-03T22:17:16.942+0000] {dagbag.py:587} INFO - Filling up the DagBag from /home/airflow/.local/lib/python3.12/site-packages/airflow/example_dags/example_trigger_target_dag.py
[2024-10-03T22:17:16.966+0000] {processor.py:925} INFO - DAG(s) 'example_trigger_target_dag' retrieved from /home/airflow/.local/lib/python3.12/site-packages/airflow/example_dags/example_trigger_target_dag.py
[2024-10-03T22:17:17.051+0000] {logging_mixin.py:190} INFO - [2024-10-03T22:17:17.050+0000] {dag.py:3229} INFO - Sync 1 DAGs
[2024-10-03T22:17:17.093+0000] {logging_mixin.py:190} INFO - [2024-10-03T22:17:17.093+0000] {dag.py:4156} INFO - Setting next_dagrun for example_trigger_target_dag to None, run_after=None
[2024-10-03T22:17:17.180+0000] {processor.py:208} INFO - Processing /home/airflow/.local/lib/python3.12/site-packages/airflow/example_dags/example_trigger_target_dag.py took 0.273 seconds
[2024-10-03T22:17:47.375+0000] {processor.py:186} INFO - Started process (PID=1581) to work on /home/airflow/.local/lib/python3.12/site-packages/airflow/example_dags/example_trigger_target_dag.py
[2024-10-03T22:17:47.377+0000] {processor.py:914} INFO - Processing file /home/airflow/.local/lib/python3.12/site-packages/airflow/example_dags/example_trigger_target_dag.py for tasks to queue
[2024-10-03T22:17:47.380+0000] {logging_mixin.py:190} INFO - [2024-10-03T22:17:47.380+0000] {dagbag.py:587} INFO - Filling up the DagBag from /home/airflow/.local/lib/python3.12/site-packages/airflow/example_dags/example_trigger_target_dag.py
[2024-10-03T22:17:47.392+0000] {processor.py:925} INFO - DAG(s) 'example_trigger_target_dag' retrieved from /home/airflow/.local/lib/python3.12/site-packages/airflow/example_dags/example_trigger_target_dag.py
[2024-10-03T22:17:47.419+0000] {logging_mixin.py:190} INFO - [2024-10-03T22:17:47.419+0000] {dag.py:3229} INFO - Sync 1 DAGs
[2024-10-03T22:17:47.450+0000] {logging_mixin.py:190} INFO - [2024-10-03T22:17:47.449+0000] {dag.py:4156} INFO - Setting next_dagrun for example_trigger_target_dag to None, run_after=None
[2024-10-03T22:17:47.477+0000] {processor.py:208} INFO - Processing /home/airflow/.local/lib/python3.12/site-packages/airflow/example_dags/example_trigger_target_dag.py took 0.110 seconds
[2024-10-03T22:18:17.577+0000] {processor.py:186} INFO - Started process (PID=1644) to work on /home/airflow/.local/lib/python3.12/site-packages/airflow/example_dags/example_trigger_target_dag.py
[2024-10-03T22:18:17.578+0000] {processor.py:914} INFO - Processing file /home/airflow/.local/lib/python3.12/site-packages/airflow/example_dags/example_trigger_target_dag.py for tasks to queue
[2024-10-03T22:18:17.582+0000] {logging_mixin.py:190} INFO - [2024-10-03T22:18:17.582+0000] {dagbag.py:587} INFO - Filling up the DagBag from /home/airflow/.local/lib/python3.12/site-packages/airflow/example_dags/example_trigger_target_dag.py
[2024-10-03T22:18:17.596+0000] {processor.py:925} INFO - DAG(s) 'example_trigger_target_dag' retrieved from /home/airflow/.local/lib/python3.12/site-packages/airflow/example_dags/example_trigger_target_dag.py
[2024-10-03T22:18:17.629+0000] {logging_mixin.py:190} INFO - [2024-10-03T22:18:17.629+0000] {dag.py:3229} INFO - Sync 1 DAGs
[2024-10-03T22:18:17.658+0000] {logging_mixin.py:190} INFO - [2024-10-03T22:18:17.658+0000] {dag.py:4156} INFO - Setting next_dagrun for example_trigger_target_dag to None, run_after=None
[2024-10-03T22:18:17.701+0000] {processor.py:208} INFO - Processing /home/airflow/.local/lib/python3.12/site-packages/airflow/example_dags/example_trigger_target_dag.py took 0.134 seconds
[2024-10-03T22:18:47.812+0000] {processor.py:186} INFO - Started process (PID=1707) to work on /home/airflow/.local/lib/python3.12/site-packages/airflow/example_dags/example_trigger_target_dag.py
[2024-10-03T22:18:47.813+0000] {processor.py:914} INFO - Processing file /home/airflow/.local/lib/python3.12/site-packages/airflow/example_dags/example_trigger_target_dag.py for tasks to queue
[2024-10-03T22:18:47.816+0000] {logging_mixin.py:190} INFO - [2024-10-03T22:18:47.816+0000] {dagbag.py:587} INFO - Filling up the DagBag from /home/airflow/.local/lib/python3.12/site-packages/airflow/example_dags/example_trigger_target_dag.py
[2024-10-03T22:18:47.825+0000] {processor.py:925} INFO - DAG(s) 'example_trigger_target_dag' retrieved from /home/airflow/.local/lib/python3.12/site-packages/airflow/example_dags/example_trigger_target_dag.py
[2024-10-03T22:18:47.851+0000] {logging_mixin.py:190} INFO - [2024-10-03T22:18:47.851+0000] {dag.py:3229} INFO - Sync 1 DAGs
[2024-10-03T22:18:47.870+0000] {logging_mixin.py:190} INFO - [2024-10-03T22:18:47.869+0000] {dag.py:4156} INFO - Setting next_dagrun for example_trigger_target_dag to None, run_after=None
[2024-10-03T22:18:47.903+0000] {processor.py:208} INFO - Processing /home/airflow/.local/lib/python3.12/site-packages/airflow/example_dags/example_trigger_target_dag.py took 0.100 seconds
[2024-10-03T22:19:18.146+0000] {processor.py:186} INFO - Started process (PID=1770) to work on /home/airflow/.local/lib/python3.12/site-packages/airflow/example_dags/example_trigger_target_dag.py
[2024-10-03T22:19:18.148+0000] {processor.py:914} INFO - Processing file /home/airflow/.local/lib/python3.12/site-packages/airflow/example_dags/example_trigger_target_dag.py for tasks to queue
[2024-10-03T22:19:18.151+0000] {logging_mixin.py:190} INFO - [2024-10-03T22:19:18.151+0000] {dagbag.py:587} INFO - Filling up the DagBag from /home/airflow/.local/lib/python3.12/site-packages/airflow/example_dags/example_trigger_target_dag.py
[2024-10-03T22:19:18.162+0000] {processor.py:925} INFO - DAG(s) 'example_trigger_target_dag' retrieved from /home/airflow/.local/lib/python3.12/site-packages/airflow/example_dags/example_trigger_target_dag.py
[2024-10-03T22:19:18.193+0000] {logging_mixin.py:190} INFO - [2024-10-03T22:19:18.192+0000] {dag.py:3229} INFO - Sync 1 DAGs
[2024-10-03T22:19:18.218+0000] {logging_mixin.py:190} INFO - [2024-10-03T22:19:18.218+0000] {dag.py:4156} INFO - Setting next_dagrun for example_trigger_target_dag to None, run_after=None
[2024-10-03T22:19:18.290+0000] {processor.py:208} INFO - Processing /home/airflow/.local/lib/python3.12/site-packages/airflow/example_dags/example_trigger_target_dag.py took 0.151 seconds
[2024-10-03T22:19:48.384+0000] {processor.py:186} INFO - Started process (PID=1833) to work on /home/airflow/.local/lib/python3.12/site-packages/airflow/example_dags/example_trigger_target_dag.py
[2024-10-03T22:19:48.385+0000] {processor.py:914} INFO - Processing file /home/airflow/.local/lib/python3.12/site-packages/airflow/example_dags/example_trigger_target_dag.py for tasks to queue
[2024-10-03T22:19:48.388+0000] {logging_mixin.py:190} INFO - [2024-10-03T22:19:48.387+0000] {dagbag.py:587} INFO - Filling up the DagBag from /home/airflow/.local/lib/python3.12/site-packages/airflow/example_dags/example_trigger_target_dag.py
[2024-10-03T22:19:48.396+0000] {processor.py:925} INFO - DAG(s) 'example_trigger_target_dag' retrieved from /home/airflow/.local/lib/python3.12/site-packages/airflow/example_dags/example_trigger_target_dag.py
[2024-10-03T22:19:48.422+0000] {logging_mixin.py:190} INFO - [2024-10-03T22:19:48.422+0000] {dag.py:3229} INFO - Sync 1 DAGs
[2024-10-03T22:19:48.445+0000] {logging_mixin.py:190} INFO - [2024-10-03T22:19:48.445+0000] {dag.py:4156} INFO - Setting next_dagrun for example_trigger_target_dag to None, run_after=None
[2024-10-03T22:19:48.485+0000] {processor.py:208} INFO - Processing /home/airflow/.local/lib/python3.12/site-packages/airflow/example_dags/example_trigger_target_dag.py took 0.108 seconds
[2024-10-03T22:20:18.843+0000] {processor.py:186} INFO - Started process (PID=1896) to work on /home/airflow/.local/lib/python3.12/site-packages/airflow/example_dags/example_trigger_target_dag.py
[2024-10-03T22:20:18.845+0000] {processor.py:914} INFO - Processing file /home/airflow/.local/lib/python3.12/site-packages/airflow/example_dags/example_trigger_target_dag.py for tasks to queue
[2024-10-03T22:20:18.848+0000] {logging_mixin.py:190} INFO - [2024-10-03T22:20:18.848+0000] {dagbag.py:587} INFO - Filling up the DagBag from /home/airflow/.local/lib/python3.12/site-packages/airflow/example_dags/example_trigger_target_dag.py
[2024-10-03T22:20:18.858+0000] {processor.py:925} INFO - DAG(s) 'example_trigger_target_dag' retrieved from /home/airflow/.local/lib/python3.12/site-packages/airflow/example_dags/example_trigger_target_dag.py
[2024-10-03T22:20:18.884+0000] {logging_mixin.py:190} INFO - [2024-10-03T22:20:18.884+0000] {dag.py:3229} INFO - Sync 1 DAGs
[2024-10-03T22:20:18.902+0000] {logging_mixin.py:190} INFO - [2024-10-03T22:20:18.902+0000] {dag.py:4156} INFO - Setting next_dagrun for example_trigger_target_dag to None, run_after=None
[2024-10-03T22:20:18.929+0000] {processor.py:208} INFO - Processing /home/airflow/.local/lib/python3.12/site-packages/airflow/example_dags/example_trigger_target_dag.py took 0.095 seconds
[2024-10-03T22:20:49.312+0000] {processor.py:186} INFO - Started process (PID=1959) to work on /home/airflow/.local/lib/python3.12/site-packages/airflow/example_dags/example_trigger_target_dag.py
[2024-10-03T22:20:49.313+0000] {processor.py:914} INFO - Processing file /home/airflow/.local/lib/python3.12/site-packages/airflow/example_dags/example_trigger_target_dag.py for tasks to queue
[2024-10-03T22:20:49.316+0000] {logging_mixin.py:190} INFO - [2024-10-03T22:20:49.315+0000] {dagbag.py:587} INFO - Filling up the DagBag from /home/airflow/.local/lib/python3.12/site-packages/airflow/example_dags/example_trigger_target_dag.py
[2024-10-03T22:20:49.324+0000] {processor.py:925} INFO - DAG(s) 'example_trigger_target_dag' retrieved from /home/airflow/.local/lib/python3.12/site-packages/airflow/example_dags/example_trigger_target_dag.py
[2024-10-03T22:20:49.346+0000] {logging_mixin.py:190} INFO - [2024-10-03T22:20:49.346+0000] {dag.py:3229} INFO - Sync 1 DAGs
[2024-10-03T22:20:49.365+0000] {logging_mixin.py:190} INFO - [2024-10-03T22:20:49.365+0000] {dag.py:4156} INFO - Setting next_dagrun for example_trigger_target_dag to None, run_after=None
[2024-10-03T22:20:49.395+0000] {processor.py:208} INFO - Processing /home/airflow/.local/lib/python3.12/site-packages/airflow/example_dags/example_trigger_target_dag.py took 0.091 seconds
[2024-10-03T22:21:19.776+0000] {processor.py:186} INFO - Started process (PID=2022) to work on /home/airflow/.local/lib/python3.12/site-packages/airflow/example_dags/example_trigger_target_dag.py
[2024-10-03T22:21:19.778+0000] {processor.py:914} INFO - Processing file /home/airflow/.local/lib/python3.12/site-packages/airflow/example_dags/example_trigger_target_dag.py for tasks to queue
[2024-10-03T22:21:19.780+0000] {logging_mixin.py:190} INFO - [2024-10-03T22:21:19.780+0000] {dagbag.py:587} INFO - Filling up the DagBag from /home/airflow/.local/lib/python3.12/site-packages/airflow/example_dags/example_trigger_target_dag.py
[2024-10-03T22:21:19.789+0000] {processor.py:925} INFO - DAG(s) 'example_trigger_target_dag' retrieved from /home/airflow/.local/lib/python3.12/site-packages/airflow/example_dags/example_trigger_target_dag.py
[2024-10-03T22:21:19.813+0000] {logging_mixin.py:190} INFO - [2024-10-03T22:21:19.813+0000] {dag.py:3229} INFO - Sync 1 DAGs
[2024-10-03T22:21:19.830+0000] {logging_mixin.py:190} INFO - [2024-10-03T22:21:19.829+0000] {dag.py:4156} INFO - Setting next_dagrun for example_trigger_target_dag to None, run_after=None
[2024-10-03T22:21:19.864+0000] {processor.py:208} INFO - Processing /home/airflow/.local/lib/python3.12/site-packages/airflow/example_dags/example_trigger_target_dag.py took 0.095 seconds
[2024-10-03T22:21:50.152+0000] {processor.py:186} INFO - Started process (PID=2085) to work on /home/airflow/.local/lib/python3.12/site-packages/airflow/example_dags/example_trigger_target_dag.py
[2024-10-03T22:21:50.154+0000] {processor.py:914} INFO - Processing file /home/airflow/.local/lib/python3.12/site-packages/airflow/example_dags/example_trigger_target_dag.py for tasks to queue
[2024-10-03T22:21:50.157+0000] {logging_mixin.py:190} INFO - [2024-10-03T22:21:50.157+0000] {dagbag.py:587} INFO - Filling up the DagBag from /home/airflow/.local/lib/python3.12/site-packages/airflow/example_dags/example_trigger_target_dag.py
[2024-10-03T22:21:50.169+0000] {processor.py:925} INFO - DAG(s) 'example_trigger_target_dag' retrieved from /home/airflow/.local/lib/python3.12/site-packages/airflow/example_dags/example_trigger_target_dag.py
[2024-10-03T22:21:50.200+0000] {logging_mixin.py:190} INFO - [2024-10-03T22:21:50.199+0000] {dag.py:3229} INFO - Sync 1 DAGs
[2024-10-03T22:21:50.226+0000] {logging_mixin.py:190} INFO - [2024-10-03T22:21:50.226+0000] {dag.py:4156} INFO - Setting next_dagrun for example_trigger_target_dag to None, run_after=None
[2024-10-03T22:21:50.261+0000] {processor.py:208} INFO - Processing /home/airflow/.local/lib/python3.12/site-packages/airflow/example_dags/example_trigger_target_dag.py took 0.119 seconds
[2024-10-03T22:22:20.452+0000] {processor.py:186} INFO - Started process (PID=2148) to work on /home/airflow/.local/lib/python3.12/site-packages/airflow/example_dags/example_trigger_target_dag.py
[2024-10-03T22:22:20.454+0000] {processor.py:914} INFO - Processing file /home/airflow/.local/lib/python3.12/site-packages/airflow/example_dags/example_trigger_target_dag.py for tasks to queue
[2024-10-03T22:22:20.457+0000] {logging_mixin.py:190} INFO - [2024-10-03T22:22:20.456+0000] {dagbag.py:587} INFO - Filling up the DagBag from /home/airflow/.local/lib/python3.12/site-packages/airflow/example_dags/example_trigger_target_dag.py
[2024-10-03T22:22:20.466+0000] {processor.py:925} INFO - DAG(s) 'example_trigger_target_dag' retrieved from /home/airflow/.local/lib/python3.12/site-packages/airflow/example_dags/example_trigger_target_dag.py
[2024-10-03T22:22:20.490+0000] {logging_mixin.py:190} INFO - [2024-10-03T22:22:20.489+0000] {dag.py:3229} INFO - Sync 1 DAGs
[2024-10-03T22:22:20.509+0000] {logging_mixin.py:190} INFO - [2024-10-03T22:22:20.509+0000] {dag.py:4156} INFO - Setting next_dagrun for example_trigger_target_dag to None, run_after=None
[2024-10-03T22:22:20.541+0000] {processor.py:208} INFO - Processing /home/airflow/.local/lib/python3.12/site-packages/airflow/example_dags/example_trigger_target_dag.py took 0.098 seconds
[2024-10-03T22:22:50.997+0000] {processor.py:186} INFO - Started process (PID=2210) to work on /home/airflow/.local/lib/python3.12/site-packages/airflow/example_dags/example_trigger_target_dag.py
[2024-10-03T22:22:50.998+0000] {processor.py:914} INFO - Processing file /home/airflow/.local/lib/python3.12/site-packages/airflow/example_dags/example_trigger_target_dag.py for tasks to queue
[2024-10-03T22:22:51.001+0000] {logging_mixin.py:190} INFO - [2024-10-03T22:22:51.001+0000] {dagbag.py:587} INFO - Filling up the DagBag from /home/airflow/.local/lib/python3.12/site-packages/airflow/example_dags/example_trigger_target_dag.py
[2024-10-03T22:22:51.012+0000] {processor.py:925} INFO - DAG(s) 'example_trigger_target_dag' retrieved from /home/airflow/.local/lib/python3.12/site-packages/airflow/example_dags/example_trigger_target_dag.py
[2024-10-03T22:22:51.036+0000] {logging_mixin.py:190} INFO - [2024-10-03T22:22:51.036+0000] {dag.py:3229} INFO - Sync 1 DAGs
[2024-10-03T22:22:51.063+0000] {logging_mixin.py:190} INFO - [2024-10-03T22:22:51.063+0000] {dag.py:4156} INFO - Setting next_dagrun for example_trigger_target_dag to None, run_after=None
[2024-10-03T22:22:51.103+0000] {processor.py:208} INFO - Processing /home/airflow/.local/lib/python3.12/site-packages/airflow/example_dags/example_trigger_target_dag.py took 0.115 seconds
[2024-10-03T22:23:21.542+0000] {processor.py:186} INFO - Started process (PID=2273) to work on /home/airflow/.local/lib/python3.12/site-packages/airflow/example_dags/example_trigger_target_dag.py
[2024-10-03T22:23:21.544+0000] {processor.py:914} INFO - Processing file /home/airflow/.local/lib/python3.12/site-packages/airflow/example_dags/example_trigger_target_dag.py for tasks to queue
[2024-10-03T22:23:21.548+0000] {logging_mixin.py:190} INFO - [2024-10-03T22:23:21.547+0000] {dagbag.py:587} INFO - Filling up the DagBag from /home/airflow/.local/lib/python3.12/site-packages/airflow/example_dags/example_trigger_target_dag.py
[2024-10-03T22:23:21.559+0000] {processor.py:925} INFO - DAG(s) 'example_trigger_target_dag' retrieved from /home/airflow/.local/lib/python3.12/site-packages/airflow/example_dags/example_trigger_target_dag.py
[2024-10-03T22:23:21.588+0000] {logging_mixin.py:190} INFO - [2024-10-03T22:23:21.587+0000] {dag.py:3229} INFO - Sync 1 DAGs
[2024-10-03T22:23:21.617+0000] {logging_mixin.py:190} INFO - [2024-10-03T22:23:21.616+0000] {dag.py:4156} INFO - Setting next_dagrun for example_trigger_target_dag to None, run_after=None
[2024-10-03T22:23:21.643+0000] {processor.py:208} INFO - Processing /home/airflow/.local/lib/python3.12/site-packages/airflow/example_dags/example_trigger_target_dag.py took 0.110 seconds
[2024-10-03T22:23:52.074+0000] {processor.py:186} INFO - Started process (PID=2336) to work on /home/airflow/.local/lib/python3.12/site-packages/airflow/example_dags/example_trigger_target_dag.py
[2024-10-03T22:23:52.076+0000] {processor.py:914} INFO - Processing file /home/airflow/.local/lib/python3.12/site-packages/airflow/example_dags/example_trigger_target_dag.py for tasks to queue
[2024-10-03T22:23:52.080+0000] {logging_mixin.py:190} INFO - [2024-10-03T22:23:52.080+0000] {dagbag.py:587} INFO - Filling up the DagBag from /home/airflow/.local/lib/python3.12/site-packages/airflow/example_dags/example_trigger_target_dag.py
[2024-10-03T22:23:52.093+0000] {processor.py:925} INFO - DAG(s) 'example_trigger_target_dag' retrieved from /home/airflow/.local/lib/python3.12/site-packages/airflow/example_dags/example_trigger_target_dag.py
[2024-10-03T22:23:52.121+0000] {logging_mixin.py:190} INFO - [2024-10-03T22:23:52.121+0000] {dag.py:3229} INFO - Sync 1 DAGs
[2024-10-03T22:23:52.146+0000] {logging_mixin.py:190} INFO - [2024-10-03T22:23:52.146+0000] {dag.py:4156} INFO - Setting next_dagrun for example_trigger_target_dag to None, run_after=None
[2024-10-03T22:23:52.173+0000] {processor.py:208} INFO - Processing /home/airflow/.local/lib/python3.12/site-packages/airflow/example_dags/example_trigger_target_dag.py took 0.109 seconds
[2024-10-03T22:24:22.790+0000] {processor.py:186} INFO - Started process (PID=2398) to work on /home/airflow/.local/lib/python3.12/site-packages/airflow/example_dags/example_trigger_target_dag.py
[2024-10-03T22:24:22.796+0000] {processor.py:914} INFO - Processing file /home/airflow/.local/lib/python3.12/site-packages/airflow/example_dags/example_trigger_target_dag.py for tasks to queue
[2024-10-03T22:24:22.800+0000] {logging_mixin.py:190} INFO - [2024-10-03T22:24:22.799+0000] {dagbag.py:587} INFO - Filling up the DagBag from /home/airflow/.local/lib/python3.12/site-packages/airflow/example_dags/example_trigger_target_dag.py
[2024-10-03T22:24:22.813+0000] {processor.py:925} INFO - DAG(s) 'example_trigger_target_dag' retrieved from /home/airflow/.local/lib/python3.12/site-packages/airflow/example_dags/example_trigger_target_dag.py
[2024-10-03T22:24:22.846+0000] {logging_mixin.py:190} INFO - [2024-10-03T22:24:22.846+0000] {dag.py:3229} INFO - Sync 1 DAGs
[2024-10-03T22:24:22.867+0000] {logging_mixin.py:190} INFO - [2024-10-03T22:24:22.867+0000] {dag.py:4156} INFO - Setting next_dagrun for example_trigger_target_dag to None, run_after=None
[2024-10-03T22:24:22.894+0000] {processor.py:208} INFO - Processing /home/airflow/.local/lib/python3.12/site-packages/airflow/example_dags/example_trigger_target_dag.py took 0.120 seconds
[2024-10-03T22:24:53.283+0000] {processor.py:186} INFO - Started process (PID=2461) to work on /home/airflow/.local/lib/python3.12/site-packages/airflow/example_dags/example_trigger_target_dag.py
[2024-10-03T22:24:53.284+0000] {processor.py:914} INFO - Processing file /home/airflow/.local/lib/python3.12/site-packages/airflow/example_dags/example_trigger_target_dag.py for tasks to queue
[2024-10-03T22:24:53.289+0000] {logging_mixin.py:190} INFO - [2024-10-03T22:24:53.288+0000] {dagbag.py:587} INFO - Filling up the DagBag from /home/airflow/.local/lib/python3.12/site-packages/airflow/example_dags/example_trigger_target_dag.py
[2024-10-03T22:24:53.300+0000] {processor.py:925} INFO - DAG(s) 'example_trigger_target_dag' retrieved from /home/airflow/.local/lib/python3.12/site-packages/airflow/example_dags/example_trigger_target_dag.py
[2024-10-03T22:24:53.335+0000] {logging_mixin.py:190} INFO - [2024-10-03T22:24:53.334+0000] {dag.py:3229} INFO - Sync 1 DAGs
[2024-10-03T22:24:53.363+0000] {logging_mixin.py:190} INFO - [2024-10-03T22:24:53.362+0000] {dag.py:4156} INFO - Setting next_dagrun for example_trigger_target_dag to None, run_after=None
[2024-10-03T22:24:53.414+0000] {processor.py:208} INFO - Processing /home/airflow/.local/lib/python3.12/site-packages/airflow/example_dags/example_trigger_target_dag.py took 0.144 seconds
[2024-10-03T22:25:24.693+0000] {processor.py:186} INFO - Started process (PID=2524) to work on /home/airflow/.local/lib/python3.12/site-packages/airflow/example_dags/example_trigger_target_dag.py
[2024-10-03T22:25:24.710+0000] {processor.py:914} INFO - Processing file /home/airflow/.local/lib/python3.12/site-packages/airflow/example_dags/example_trigger_target_dag.py for tasks to queue
[2024-10-03T22:25:24.714+0000] {logging_mixin.py:190} INFO - [2024-10-03T22:25:24.713+0000] {dagbag.py:587} INFO - Filling up the DagBag from /home/airflow/.local/lib/python3.12/site-packages/airflow/example_dags/example_trigger_target_dag.py
[2024-10-03T22:25:24.737+0000] {processor.py:925} INFO - DAG(s) 'example_trigger_target_dag' retrieved from /home/airflow/.local/lib/python3.12/site-packages/airflow/example_dags/example_trigger_target_dag.py
[2024-10-03T22:25:24.806+0000] {logging_mixin.py:190} INFO - [2024-10-03T22:25:24.794+0000] {dag.py:3229} INFO - Sync 1 DAGs
[2024-10-03T22:25:24.875+0000] {logging_mixin.py:190} INFO - [2024-10-03T22:25:24.875+0000] {dag.py:4156} INFO - Setting next_dagrun for example_trigger_target_dag to None, run_after=None
[2024-10-03T22:25:24.956+0000] {processor.py:208} INFO - Processing /home/airflow/.local/lib/python3.12/site-packages/airflow/example_dags/example_trigger_target_dag.py took 0.280 seconds
[2024-10-03T22:25:55.666+0000] {processor.py:186} INFO - Started process (PID=2587) to work on /home/airflow/.local/lib/python3.12/site-packages/airflow/example_dags/example_trigger_target_dag.py
[2024-10-03T22:25:55.668+0000] {processor.py:914} INFO - Processing file /home/airflow/.local/lib/python3.12/site-packages/airflow/example_dags/example_trigger_target_dag.py for tasks to queue
[2024-10-03T22:25:55.671+0000] {logging_mixin.py:190} INFO - [2024-10-03T22:25:55.671+0000] {dagbag.py:587} INFO - Filling up the DagBag from /home/airflow/.local/lib/python3.12/site-packages/airflow/example_dags/example_trigger_target_dag.py
[2024-10-03T22:25:55.685+0000] {processor.py:925} INFO - DAG(s) 'example_trigger_target_dag' retrieved from /home/airflow/.local/lib/python3.12/site-packages/airflow/example_dags/example_trigger_target_dag.py
[2024-10-03T22:25:55.709+0000] {logging_mixin.py:190} INFO - [2024-10-03T22:25:55.708+0000] {dag.py:3229} INFO - Sync 1 DAGs
[2024-10-03T22:25:55.728+0000] {logging_mixin.py:190} INFO - [2024-10-03T22:25:55.728+0000] {dag.py:4156} INFO - Setting next_dagrun for example_trigger_target_dag to None, run_after=None
[2024-10-03T22:25:55.775+0000] {processor.py:208} INFO - Processing /home/airflow/.local/lib/python3.12/site-packages/airflow/example_dags/example_trigger_target_dag.py took 0.120 seconds
[2024-10-03T22:26:26.488+0000] {processor.py:186} INFO - Started process (PID=2650) to work on /home/airflow/.local/lib/python3.12/site-packages/airflow/example_dags/example_trigger_target_dag.py
[2024-10-03T22:26:26.490+0000] {processor.py:914} INFO - Processing file /home/airflow/.local/lib/python3.12/site-packages/airflow/example_dags/example_trigger_target_dag.py for tasks to queue
[2024-10-03T22:26:26.497+0000] {logging_mixin.py:190} INFO - [2024-10-03T22:26:26.496+0000] {dagbag.py:587} INFO - Filling up the DagBag from /home/airflow/.local/lib/python3.12/site-packages/airflow/example_dags/example_trigger_target_dag.py
[2024-10-03T22:26:26.519+0000] {processor.py:925} INFO - DAG(s) 'example_trigger_target_dag' retrieved from /home/airflow/.local/lib/python3.12/site-packages/airflow/example_dags/example_trigger_target_dag.py
[2024-10-03T22:26:26.587+0000] {logging_mixin.py:190} INFO - [2024-10-03T22:26:26.587+0000] {dag.py:3229} INFO - Sync 1 DAGs
[2024-10-03T22:26:26.615+0000] {logging_mixin.py:190} INFO - [2024-10-03T22:26:26.614+0000] {dag.py:4156} INFO - Setting next_dagrun for example_trigger_target_dag to None, run_after=None
[2024-10-03T22:26:26.654+0000] {processor.py:208} INFO - Processing /home/airflow/.local/lib/python3.12/site-packages/airflow/example_dags/example_trigger_target_dag.py took 0.181 seconds
[2024-10-03T22:26:56.840+0000] {processor.py:186} INFO - Started process (PID=2714) to work on /home/airflow/.local/lib/python3.12/site-packages/airflow/example_dags/example_trigger_target_dag.py
[2024-10-03T22:26:56.841+0000] {processor.py:914} INFO - Processing file /home/airflow/.local/lib/python3.12/site-packages/airflow/example_dags/example_trigger_target_dag.py for tasks to queue
[2024-10-03T22:26:56.845+0000] {logging_mixin.py:190} INFO - [2024-10-03T22:26:56.844+0000] {dagbag.py:587} INFO - Filling up the DagBag from /home/airflow/.local/lib/python3.12/site-packages/airflow/example_dags/example_trigger_target_dag.py
[2024-10-03T22:26:56.858+0000] {processor.py:925} INFO - DAG(s) 'example_trigger_target_dag' retrieved from /home/airflow/.local/lib/python3.12/site-packages/airflow/example_dags/example_trigger_target_dag.py
[2024-10-03T22:26:56.886+0000] {logging_mixin.py:190} INFO - [2024-10-03T22:26:56.885+0000] {dag.py:3229} INFO - Sync 1 DAGs
[2024-10-03T22:26:56.906+0000] {logging_mixin.py:190} INFO - [2024-10-03T22:26:56.906+0000] {dag.py:4156} INFO - Setting next_dagrun for example_trigger_target_dag to None, run_after=None
[2024-10-03T22:26:56.939+0000] {processor.py:208} INFO - Processing /home/airflow/.local/lib/python3.12/site-packages/airflow/example_dags/example_trigger_target_dag.py took 0.107 seconds
[2024-10-03T22:27:27.275+0000] {processor.py:186} INFO - Started process (PID=2777) to work on /home/airflow/.local/lib/python3.12/site-packages/airflow/example_dags/example_trigger_target_dag.py
[2024-10-03T22:27:27.277+0000] {processor.py:914} INFO - Processing file /home/airflow/.local/lib/python3.12/site-packages/airflow/example_dags/example_trigger_target_dag.py for tasks to queue
[2024-10-03T22:27:27.281+0000] {logging_mixin.py:190} INFO - [2024-10-03T22:27:27.281+0000] {dagbag.py:587} INFO - Filling up the DagBag from /home/airflow/.local/lib/python3.12/site-packages/airflow/example_dags/example_trigger_target_dag.py
[2024-10-03T22:27:27.297+0000] {processor.py:925} INFO - DAG(s) 'example_trigger_target_dag' retrieved from /home/airflow/.local/lib/python3.12/site-packages/airflow/example_dags/example_trigger_target_dag.py
[2024-10-03T22:27:27.324+0000] {logging_mixin.py:190} INFO - [2024-10-03T22:27:27.324+0000] {dag.py:3229} INFO - Sync 1 DAGs
[2024-10-03T22:27:27.347+0000] {logging_mixin.py:190} INFO - [2024-10-03T22:27:27.346+0000] {dag.py:4156} INFO - Setting next_dagrun for example_trigger_target_dag to None, run_after=None
[2024-10-03T22:27:27.378+0000] {processor.py:208} INFO - Processing /home/airflow/.local/lib/python3.12/site-packages/airflow/example_dags/example_trigger_target_dag.py took 0.113 seconds
[2024-10-03T22:27:57.502+0000] {processor.py:186} INFO - Started process (PID=2839) to work on /home/airflow/.local/lib/python3.12/site-packages/airflow/example_dags/example_trigger_target_dag.py
[2024-10-03T22:27:57.503+0000] {processor.py:914} INFO - Processing file /home/airflow/.local/lib/python3.12/site-packages/airflow/example_dags/example_trigger_target_dag.py for tasks to queue
[2024-10-03T22:27:57.507+0000] {logging_mixin.py:190} INFO - [2024-10-03T22:27:57.506+0000] {dagbag.py:587} INFO - Filling up the DagBag from /home/airflow/.local/lib/python3.12/site-packages/airflow/example_dags/example_trigger_target_dag.py
[2024-10-03T22:27:57.520+0000] {processor.py:925} INFO - DAG(s) 'example_trigger_target_dag' retrieved from /home/airflow/.local/lib/python3.12/site-packages/airflow/example_dags/example_trigger_target_dag.py
[2024-10-03T22:27:57.553+0000] {logging_mixin.py:190} INFO - [2024-10-03T22:27:57.553+0000] {dag.py:3229} INFO - Sync 1 DAGs
[2024-10-03T22:27:57.580+0000] {logging_mixin.py:190} INFO - [2024-10-03T22:27:57.579+0000] {dag.py:4156} INFO - Setting next_dagrun for example_trigger_target_dag to None, run_after=None
[2024-10-03T22:27:57.619+0000] {processor.py:208} INFO - Processing /home/airflow/.local/lib/python3.12/site-packages/airflow/example_dags/example_trigger_target_dag.py took 0.127 seconds
[2024-10-03T22:28:27.710+0000] {processor.py:186} INFO - Started process (PID=2902) to work on /home/airflow/.local/lib/python3.12/site-packages/airflow/example_dags/example_trigger_target_dag.py
[2024-10-03T22:28:27.711+0000] {processor.py:914} INFO - Processing file /home/airflow/.local/lib/python3.12/site-packages/airflow/example_dags/example_trigger_target_dag.py for tasks to queue
[2024-10-03T22:28:27.715+0000] {logging_mixin.py:190} INFO - [2024-10-03T22:28:27.715+0000] {dagbag.py:587} INFO - Filling up the DagBag from /home/airflow/.local/lib/python3.12/site-packages/airflow/example_dags/example_trigger_target_dag.py
[2024-10-03T22:28:27.725+0000] {processor.py:925} INFO - DAG(s) 'example_trigger_target_dag' retrieved from /home/airflow/.local/lib/python3.12/site-packages/airflow/example_dags/example_trigger_target_dag.py
[2024-10-03T22:28:27.753+0000] {logging_mixin.py:190} INFO - [2024-10-03T22:28:27.752+0000] {dag.py:3229} INFO - Sync 1 DAGs
[2024-10-03T22:28:27.782+0000] {logging_mixin.py:190} INFO - [2024-10-03T22:28:27.782+0000] {dag.py:4156} INFO - Setting next_dagrun for example_trigger_target_dag to None, run_after=None
[2024-10-03T22:28:27.806+0000] {processor.py:208} INFO - Processing /home/airflow/.local/lib/python3.12/site-packages/airflow/example_dags/example_trigger_target_dag.py took 0.108 seconds
[2024-10-03T22:28:58.221+0000] {processor.py:186} INFO - Started process (PID=2965) to work on /home/airflow/.local/lib/python3.12/site-packages/airflow/example_dags/example_trigger_target_dag.py
[2024-10-03T22:28:58.223+0000] {processor.py:914} INFO - Processing file /home/airflow/.local/lib/python3.12/site-packages/airflow/example_dags/example_trigger_target_dag.py for tasks to queue
[2024-10-03T22:28:58.228+0000] {logging_mixin.py:190} INFO - [2024-10-03T22:28:58.227+0000] {dagbag.py:587} INFO - Filling up the DagBag from /home/airflow/.local/lib/python3.12/site-packages/airflow/example_dags/example_trigger_target_dag.py
[2024-10-03T22:28:58.244+0000] {processor.py:925} INFO - DAG(s) 'example_trigger_target_dag' retrieved from /home/airflow/.local/lib/python3.12/site-packages/airflow/example_dags/example_trigger_target_dag.py
[2024-10-03T22:28:58.274+0000] {logging_mixin.py:190} INFO - [2024-10-03T22:28:58.274+0000] {dag.py:3229} INFO - Sync 1 DAGs
[2024-10-03T22:28:58.300+0000] {logging_mixin.py:190} INFO - [2024-10-03T22:28:58.300+0000] {dag.py:4156} INFO - Setting next_dagrun for example_trigger_target_dag to None, run_after=None
[2024-10-03T22:28:58.343+0000] {processor.py:208} INFO - Processing /home/airflow/.local/lib/python3.12/site-packages/airflow/example_dags/example_trigger_target_dag.py took 0.135 seconds
[2024-10-03T22:29:28.658+0000] {processor.py:186} INFO - Started process (PID=3028) to work on /home/airflow/.local/lib/python3.12/site-packages/airflow/example_dags/example_trigger_target_dag.py
[2024-10-03T22:29:28.660+0000] {processor.py:914} INFO - Processing file /home/airflow/.local/lib/python3.12/site-packages/airflow/example_dags/example_trigger_target_dag.py for tasks to queue
[2024-10-03T22:29:28.662+0000] {logging_mixin.py:190} INFO - [2024-10-03T22:29:28.662+0000] {dagbag.py:587} INFO - Filling up the DagBag from /home/airflow/.local/lib/python3.12/site-packages/airflow/example_dags/example_trigger_target_dag.py
[2024-10-03T22:29:28.673+0000] {processor.py:925} INFO - DAG(s) 'example_trigger_target_dag' retrieved from /home/airflow/.local/lib/python3.12/site-packages/airflow/example_dags/example_trigger_target_dag.py
[2024-10-03T22:29:28.695+0000] {logging_mixin.py:190} INFO - [2024-10-03T22:29:28.695+0000] {dag.py:3229} INFO - Sync 1 DAGs
[2024-10-03T22:29:28.884+0000] {logging_mixin.py:190} INFO - [2024-10-03T22:29:28.884+0000] {dag.py:4156} INFO - Setting next_dagrun for example_trigger_target_dag to None, run_after=None
[2024-10-03T22:29:28.911+0000] {processor.py:208} INFO - Processing /home/airflow/.local/lib/python3.12/site-packages/airflow/example_dags/example_trigger_target_dag.py took 0.260 seconds
[2024-10-03T22:29:59.637+0000] {processor.py:186} INFO - Started process (PID=3091) to work on /home/airflow/.local/lib/python3.12/site-packages/airflow/example_dags/example_trigger_target_dag.py
[2024-10-03T22:29:59.638+0000] {processor.py:914} INFO - Processing file /home/airflow/.local/lib/python3.12/site-packages/airflow/example_dags/example_trigger_target_dag.py for tasks to queue
[2024-10-03T22:29:59.641+0000] {logging_mixin.py:190} INFO - [2024-10-03T22:29:59.641+0000] {dagbag.py:587} INFO - Filling up the DagBag from /home/airflow/.local/lib/python3.12/site-packages/airflow/example_dags/example_trigger_target_dag.py
[2024-10-03T22:29:59.651+0000] {processor.py:925} INFO - DAG(s) 'example_trigger_target_dag' retrieved from /home/airflow/.local/lib/python3.12/site-packages/airflow/example_dags/example_trigger_target_dag.py
[2024-10-03T22:29:59.678+0000] {logging_mixin.py:190} INFO - [2024-10-03T22:29:59.677+0000] {dag.py:3229} INFO - Sync 1 DAGs
[2024-10-03T22:29:59.697+0000] {logging_mixin.py:190} INFO - [2024-10-03T22:29:59.697+0000] {dag.py:4156} INFO - Setting next_dagrun for example_trigger_target_dag to None, run_after=None
[2024-10-03T22:29:59.915+0000] {processor.py:208} INFO - Processing /home/airflow/.local/lib/python3.12/site-packages/airflow/example_dags/example_trigger_target_dag.py took 0.288 seconds
[2024-10-03T22:30:30.190+0000] {processor.py:186} INFO - Started process (PID=3154) to work on /home/airflow/.local/lib/python3.12/site-packages/airflow/example_dags/example_trigger_target_dag.py
[2024-10-03T22:30:30.192+0000] {processor.py:914} INFO - Processing file /home/airflow/.local/lib/python3.12/site-packages/airflow/example_dags/example_trigger_target_dag.py for tasks to queue
[2024-10-03T22:30:30.197+0000] {logging_mixin.py:190} INFO - [2024-10-03T22:30:30.196+0000] {dagbag.py:587} INFO - Filling up the DagBag from /home/airflow/.local/lib/python3.12/site-packages/airflow/example_dags/example_trigger_target_dag.py
[2024-10-03T22:30:30.209+0000] {processor.py:925} INFO - DAG(s) 'example_trigger_target_dag' retrieved from /home/airflow/.local/lib/python3.12/site-packages/airflow/example_dags/example_trigger_target_dag.py
[2024-10-03T22:30:30.237+0000] {logging_mixin.py:190} INFO - [2024-10-03T22:30:30.236+0000] {dag.py:3229} INFO - Sync 1 DAGs
[2024-10-03T22:30:30.260+0000] {logging_mixin.py:190} INFO - [2024-10-03T22:30:30.259+0000] {dag.py:4156} INFO - Setting next_dagrun for example_trigger_target_dag to None, run_after=None
[2024-10-03T22:30:30.470+0000] {processor.py:208} INFO - Processing /home/airflow/.local/lib/python3.12/site-packages/airflow/example_dags/example_trigger_target_dag.py took 0.288 seconds
[2024-10-03T22:31:00.711+0000] {processor.py:186} INFO - Started process (PID=3216) to work on /home/airflow/.local/lib/python3.12/site-packages/airflow/example_dags/example_trigger_target_dag.py
[2024-10-03T22:31:00.713+0000] {processor.py:914} INFO - Processing file /home/airflow/.local/lib/python3.12/site-packages/airflow/example_dags/example_trigger_target_dag.py for tasks to queue
[2024-10-03T22:31:00.715+0000] {logging_mixin.py:190} INFO - [2024-10-03T22:31:00.715+0000] {dagbag.py:587} INFO - Filling up the DagBag from /home/airflow/.local/lib/python3.12/site-packages/airflow/example_dags/example_trigger_target_dag.py
[2024-10-03T22:31:00.726+0000] {processor.py:925} INFO - DAG(s) 'example_trigger_target_dag' retrieved from /home/airflow/.local/lib/python3.12/site-packages/airflow/example_dags/example_trigger_target_dag.py
[2024-10-03T22:31:00.747+0000] {logging_mixin.py:190} INFO - [2024-10-03T22:31:00.747+0000] {dag.py:3229} INFO - Sync 1 DAGs
[2024-10-03T22:31:00.952+0000] {logging_mixin.py:190} INFO - [2024-10-03T22:31:00.952+0000] {dag.py:4156} INFO - Setting next_dagrun for example_trigger_target_dag to None, run_after=None
[2024-10-03T22:31:00.978+0000] {processor.py:208} INFO - Processing /home/airflow/.local/lib/python3.12/site-packages/airflow/example_dags/example_trigger_target_dag.py took 0.274 seconds
[2024-10-03T22:31:31.493+0000] {processor.py:186} INFO - Started process (PID=3279) to work on /home/airflow/.local/lib/python3.12/site-packages/airflow/example_dags/example_trigger_target_dag.py
[2024-10-03T22:31:31.494+0000] {processor.py:914} INFO - Processing file /home/airflow/.local/lib/python3.12/site-packages/airflow/example_dags/example_trigger_target_dag.py for tasks to queue
[2024-10-03T22:31:31.498+0000] {logging_mixin.py:190} INFO - [2024-10-03T22:31:31.497+0000] {dagbag.py:587} INFO - Filling up the DagBag from /home/airflow/.local/lib/python3.12/site-packages/airflow/example_dags/example_trigger_target_dag.py
[2024-10-03T22:31:31.508+0000] {processor.py:925} INFO - DAG(s) 'example_trigger_target_dag' retrieved from /home/airflow/.local/lib/python3.12/site-packages/airflow/example_dags/example_trigger_target_dag.py
[2024-10-03T22:31:31.538+0000] {logging_mixin.py:190} INFO - [2024-10-03T22:31:31.538+0000] {dag.py:3229} INFO - Sync 1 DAGs
[2024-10-03T22:31:31.563+0000] {logging_mixin.py:190} INFO - [2024-10-03T22:31:31.562+0000] {dag.py:4156} INFO - Setting next_dagrun for example_trigger_target_dag to None, run_after=None
[2024-10-03T22:31:31.594+0000] {processor.py:208} INFO - Processing /home/airflow/.local/lib/python3.12/site-packages/airflow/example_dags/example_trigger_target_dag.py took 0.112 seconds
[2024-10-03T22:32:01.942+0000] {processor.py:186} INFO - Started process (PID=3342) to work on /home/airflow/.local/lib/python3.12/site-packages/airflow/example_dags/example_trigger_target_dag.py
[2024-10-03T22:32:01.944+0000] {processor.py:914} INFO - Processing file /home/airflow/.local/lib/python3.12/site-packages/airflow/example_dags/example_trigger_target_dag.py for tasks to queue
[2024-10-03T22:32:01.951+0000] {logging_mixin.py:190} INFO - [2024-10-03T22:32:01.950+0000] {dagbag.py:587} INFO - Filling up the DagBag from /home/airflow/.local/lib/python3.12/site-packages/airflow/example_dags/example_trigger_target_dag.py
[2024-10-03T22:32:01.972+0000] {processor.py:925} INFO - DAG(s) 'example_trigger_target_dag' retrieved from /home/airflow/.local/lib/python3.12/site-packages/airflow/example_dags/example_trigger_target_dag.py
[2024-10-03T22:32:02.030+0000] {logging_mixin.py:190} INFO - [2024-10-03T22:32:02.029+0000] {dag.py:3229} INFO - Sync 1 DAGs
[2024-10-03T22:32:02.095+0000] {logging_mixin.py:190} INFO - [2024-10-03T22:32:02.095+0000] {dag.py:4156} INFO - Setting next_dagrun for example_trigger_target_dag to None, run_after=None
[2024-10-03T22:32:02.159+0000] {processor.py:208} INFO - Processing /home/airflow/.local/lib/python3.12/site-packages/airflow/example_dags/example_trigger_target_dag.py took 0.231 seconds
[2024-10-03T22:32:33.114+0000] {processor.py:186} INFO - Started process (PID=3405) to work on /home/airflow/.local/lib/python3.12/site-packages/airflow/example_dags/example_trigger_target_dag.py
[2024-10-03T22:32:33.115+0000] {processor.py:914} INFO - Processing file /home/airflow/.local/lib/python3.12/site-packages/airflow/example_dags/example_trigger_target_dag.py for tasks to queue
[2024-10-03T22:32:33.119+0000] {logging_mixin.py:190} INFO - [2024-10-03T22:32:33.118+0000] {dagbag.py:587} INFO - Filling up the DagBag from /home/airflow/.local/lib/python3.12/site-packages/airflow/example_dags/example_trigger_target_dag.py
[2024-10-03T22:32:33.132+0000] {processor.py:925} INFO - DAG(s) 'example_trigger_target_dag' retrieved from /home/airflow/.local/lib/python3.12/site-packages/airflow/example_dags/example_trigger_target_dag.py
[2024-10-03T22:32:33.183+0000] {logging_mixin.py:190} INFO - [2024-10-03T22:32:33.183+0000] {dag.py:3229} INFO - Sync 1 DAGs
[2024-10-03T22:32:33.220+0000] {logging_mixin.py:190} INFO - [2024-10-03T22:32:33.220+0000] {dag.py:4156} INFO - Setting next_dagrun for example_trigger_target_dag to None, run_after=None
[2024-10-03T22:32:33.291+0000] {processor.py:208} INFO - Processing /home/airflow/.local/lib/python3.12/site-packages/airflow/example_dags/example_trigger_target_dag.py took 0.192 seconds
[2024-10-03T22:33:03.655+0000] {processor.py:186} INFO - Started process (PID=3468) to work on /home/airflow/.local/lib/python3.12/site-packages/airflow/example_dags/example_trigger_target_dag.py
[2024-10-03T22:33:03.656+0000] {processor.py:914} INFO - Processing file /home/airflow/.local/lib/python3.12/site-packages/airflow/example_dags/example_trigger_target_dag.py for tasks to queue
[2024-10-03T22:33:03.660+0000] {logging_mixin.py:190} INFO - [2024-10-03T22:33:03.659+0000] {dagbag.py:587} INFO - Filling up the DagBag from /home/airflow/.local/lib/python3.12/site-packages/airflow/example_dags/example_trigger_target_dag.py
[2024-10-03T22:33:03.671+0000] {processor.py:925} INFO - DAG(s) 'example_trigger_target_dag' retrieved from /home/airflow/.local/lib/python3.12/site-packages/airflow/example_dags/example_trigger_target_dag.py
[2024-10-03T22:33:03.699+0000] {logging_mixin.py:190} INFO - [2024-10-03T22:33:03.698+0000] {dag.py:3229} INFO - Sync 1 DAGs
[2024-10-03T22:33:03.721+0000] {logging_mixin.py:190} INFO - [2024-10-03T22:33:03.720+0000] {dag.py:4156} INFO - Setting next_dagrun for example_trigger_target_dag to None, run_after=None
[2024-10-03T22:33:03.755+0000] {processor.py:208} INFO - Processing /home/airflow/.local/lib/python3.12/site-packages/airflow/example_dags/example_trigger_target_dag.py took 0.109 seconds
[2024-10-03T22:33:34.549+0000] {processor.py:186} INFO - Started process (PID=3531) to work on /home/airflow/.local/lib/python3.12/site-packages/airflow/example_dags/example_trigger_target_dag.py
[2024-10-03T22:33:34.551+0000] {processor.py:914} INFO - Processing file /home/airflow/.local/lib/python3.12/site-packages/airflow/example_dags/example_trigger_target_dag.py for tasks to queue
[2024-10-03T22:33:34.554+0000] {logging_mixin.py:190} INFO - [2024-10-03T22:33:34.554+0000] {dagbag.py:587} INFO - Filling up the DagBag from /home/airflow/.local/lib/python3.12/site-packages/airflow/example_dags/example_trigger_target_dag.py
[2024-10-03T22:33:34.566+0000] {processor.py:925} INFO - DAG(s) 'example_trigger_target_dag' retrieved from /home/airflow/.local/lib/python3.12/site-packages/airflow/example_dags/example_trigger_target_dag.py
[2024-10-03T22:33:34.602+0000] {logging_mixin.py:190} INFO - [2024-10-03T22:33:34.602+0000] {dag.py:3229} INFO - Sync 1 DAGs
[2024-10-03T22:33:34.622+0000] {logging_mixin.py:190} INFO - [2024-10-03T22:33:34.621+0000] {dag.py:4156} INFO - Setting next_dagrun for example_trigger_target_dag to None, run_after=None
[2024-10-03T22:33:34.654+0000] {processor.py:208} INFO - Processing /home/airflow/.local/lib/python3.12/site-packages/airflow/example_dags/example_trigger_target_dag.py took 0.114 seconds
[2024-10-03T22:34:04.909+0000] {processor.py:186} INFO - Started process (PID=3594) to work on /home/airflow/.local/lib/python3.12/site-packages/airflow/example_dags/example_trigger_target_dag.py
[2024-10-03T22:34:04.910+0000] {processor.py:914} INFO - Processing file /home/airflow/.local/lib/python3.12/site-packages/airflow/example_dags/example_trigger_target_dag.py for tasks to queue
[2024-10-03T22:34:04.914+0000] {logging_mixin.py:190} INFO - [2024-10-03T22:34:04.913+0000] {dagbag.py:587} INFO - Filling up the DagBag from /home/airflow/.local/lib/python3.12/site-packages/airflow/example_dags/example_trigger_target_dag.py
[2024-10-03T22:34:04.924+0000] {processor.py:925} INFO - DAG(s) 'example_trigger_target_dag' retrieved from /home/airflow/.local/lib/python3.12/site-packages/airflow/example_dags/example_trigger_target_dag.py
[2024-10-03T22:34:04.959+0000] {logging_mixin.py:190} INFO - [2024-10-03T22:34:04.959+0000] {dag.py:3229} INFO - Sync 1 DAGs
[2024-10-03T22:34:04.981+0000] {logging_mixin.py:190} INFO - [2024-10-03T22:34:04.981+0000] {dag.py:4156} INFO - Setting next_dagrun for example_trigger_target_dag to None, run_after=None
[2024-10-03T22:34:05.027+0000] {processor.py:208} INFO - Processing /home/airflow/.local/lib/python3.12/site-packages/airflow/example_dags/example_trigger_target_dag.py took 0.129 seconds
[2024-10-03T22:34:35.638+0000] {processor.py:186} INFO - Started process (PID=3657) to work on /home/airflow/.local/lib/python3.12/site-packages/airflow/example_dags/example_trigger_target_dag.py
[2024-10-03T22:34:35.640+0000] {processor.py:914} INFO - Processing file /home/airflow/.local/lib/python3.12/site-packages/airflow/example_dags/example_trigger_target_dag.py for tasks to queue
[2024-10-03T22:34:35.643+0000] {logging_mixin.py:190} INFO - [2024-10-03T22:34:35.643+0000] {dagbag.py:587} INFO - Filling up the DagBag from /home/airflow/.local/lib/python3.12/site-packages/airflow/example_dags/example_trigger_target_dag.py
[2024-10-03T22:34:35.658+0000] {processor.py:925} INFO - DAG(s) 'example_trigger_target_dag' retrieved from /home/airflow/.local/lib/python3.12/site-packages/airflow/example_dags/example_trigger_target_dag.py
[2024-10-03T22:34:35.686+0000] {logging_mixin.py:190} INFO - [2024-10-03T22:34:35.686+0000] {dag.py:3229} INFO - Sync 1 DAGs
[2024-10-03T22:34:35.720+0000] {logging_mixin.py:190} INFO - [2024-10-03T22:34:35.719+0000] {dag.py:4156} INFO - Setting next_dagrun for example_trigger_target_dag to None, run_after=None
[2024-10-03T22:34:35.758+0000] {processor.py:208} INFO - Processing /home/airflow/.local/lib/python3.12/site-packages/airflow/example_dags/example_trigger_target_dag.py took 0.130 seconds
[2024-10-03T22:35:06.054+0000] {processor.py:186} INFO - Started process (PID=3720) to work on /home/airflow/.local/lib/python3.12/site-packages/airflow/example_dags/example_trigger_target_dag.py
[2024-10-03T22:35:06.056+0000] {processor.py:914} INFO - Processing file /home/airflow/.local/lib/python3.12/site-packages/airflow/example_dags/example_trigger_target_dag.py for tasks to queue
[2024-10-03T22:35:06.060+0000] {logging_mixin.py:190} INFO - [2024-10-03T22:35:06.060+0000] {dagbag.py:587} INFO - Filling up the DagBag from /home/airflow/.local/lib/python3.12/site-packages/airflow/example_dags/example_trigger_target_dag.py
[2024-10-03T22:35:06.078+0000] {processor.py:925} INFO - DAG(s) 'example_trigger_target_dag' retrieved from /home/airflow/.local/lib/python3.12/site-packages/airflow/example_dags/example_trigger_target_dag.py
[2024-10-03T22:35:06.119+0000] {logging_mixin.py:190} INFO - [2024-10-03T22:35:06.119+0000] {dag.py:3229} INFO - Sync 1 DAGs
[2024-10-03T22:35:06.165+0000] {logging_mixin.py:190} INFO - [2024-10-03T22:35:06.165+0000] {dag.py:4156} INFO - Setting next_dagrun for example_trigger_target_dag to None, run_after=None
[2024-10-03T22:35:06.207+0000] {processor.py:208} INFO - Processing /home/airflow/.local/lib/python3.12/site-packages/airflow/example_dags/example_trigger_target_dag.py took 0.165 seconds
