[2024-10-03T22:05:49.381+0000] {processor.py:186} INFO - Started process (PID=111) to work on /home/airflow/.local/lib/python3.12/site-packages/airflow/example_dags/example_latest_only_with_trigger.py
[2024-10-03T22:05:49.395+0000] {processor.py:914} INFO - Processing file /home/airflow/.local/lib/python3.12/site-packages/airflow/example_dags/example_latest_only_with_trigger.py for tasks to queue
[2024-10-03T22:05:49.410+0000] {logging_mixin.py:190} INFO - [2024-10-03T22:05:49.399+0000] {dagbag.py:587} INFO - Filling up the DagBag from /home/airflow/.local/lib/python3.12/site-packages/airflow/example_dags/example_latest_only_with_trigger.py
[2024-10-03T22:05:49.448+0000] {processor.py:925} INFO - DAG(s) 'latest_only_with_trigger' retrieved from /home/airflow/.local/lib/python3.12/site-packages/airflow/example_dags/example_latest_only_with_trigger.py
[2024-10-03T22:05:49.717+0000] {logging_mixin.py:190} INFO - [2024-10-03T22:05:49.717+0000] {dag.py:3229} INFO - Sync 1 DAGs
[2024-10-03T22:05:49.961+0000] {logging_mixin.py:190} INFO - [2024-10-03T22:05:49.961+0000] {dag.py:4156} INFO - Setting next_dagrun for latest_only_with_trigger to 2024-10-03 16:00:00+00:00, run_after=2024-10-03 20:00:00+00:00
[2024-10-03T22:05:50.219+0000] {processor.py:208} INFO - Processing /home/airflow/.local/lib/python3.12/site-packages/airflow/example_dags/example_latest_only_with_trigger.py took 0.882 seconds
[2024-10-03T22:06:20.665+0000] {processor.py:186} INFO - Started process (PID=174) to work on /home/airflow/.local/lib/python3.12/site-packages/airflow/example_dags/example_latest_only_with_trigger.py
[2024-10-03T22:06:20.666+0000] {processor.py:914} INFO - Processing file /home/airflow/.local/lib/python3.12/site-packages/airflow/example_dags/example_latest_only_with_trigger.py for tasks to queue
[2024-10-03T22:06:20.681+0000] {logging_mixin.py:190} INFO - [2024-10-03T22:06:20.680+0000] {dagbag.py:587} INFO - Filling up the DagBag from /home/airflow/.local/lib/python3.12/site-packages/airflow/example_dags/example_latest_only_with_trigger.py
[2024-10-03T22:06:20.713+0000] {processor.py:925} INFO - DAG(s) 'latest_only_with_trigger' retrieved from /home/airflow/.local/lib/python3.12/site-packages/airflow/example_dags/example_latest_only_with_trigger.py
[2024-10-03T22:06:20.812+0000] {logging_mixin.py:190} INFO - [2024-10-03T22:06:20.812+0000] {dag.py:3229} INFO - Sync 1 DAGs
[2024-10-03T22:06:20.956+0000] {logging_mixin.py:190} INFO - [2024-10-03T22:06:20.956+0000] {dag.py:4156} INFO - Setting next_dagrun for latest_only_with_trigger to 2024-10-03 16:00:00+00:00, run_after=2024-10-03 20:00:00+00:00
[2024-10-03T22:06:21.102+0000] {processor.py:208} INFO - Processing /home/airflow/.local/lib/python3.12/site-packages/airflow/example_dags/example_latest_only_with_trigger.py took 0.469 seconds
[2024-10-03T22:06:51.820+0000] {processor.py:186} INFO - Started process (PID=237) to work on /home/airflow/.local/lib/python3.12/site-packages/airflow/example_dags/example_latest_only_with_trigger.py
[2024-10-03T22:06:51.830+0000] {processor.py:914} INFO - Processing file /home/airflow/.local/lib/python3.12/site-packages/airflow/example_dags/example_latest_only_with_trigger.py for tasks to queue
[2024-10-03T22:06:51.834+0000] {logging_mixin.py:190} INFO - [2024-10-03T22:06:51.834+0000] {dagbag.py:587} INFO - Filling up the DagBag from /home/airflow/.local/lib/python3.12/site-packages/airflow/example_dags/example_latest_only_with_trigger.py
[2024-10-03T22:06:51.912+0000] {processor.py:925} INFO - DAG(s) 'latest_only_with_trigger' retrieved from /home/airflow/.local/lib/python3.12/site-packages/airflow/example_dags/example_latest_only_with_trigger.py
[2024-10-03T22:06:52.143+0000] {logging_mixin.py:190} INFO - [2024-10-03T22:06:52.143+0000] {dag.py:3229} INFO - Sync 1 DAGs
[2024-10-03T22:06:52.313+0000] {logging_mixin.py:190} INFO - [2024-10-03T22:06:52.313+0000] {dag.py:4156} INFO - Setting next_dagrun for latest_only_with_trigger to 2024-10-03 16:00:00+00:00, run_after=2024-10-03 20:00:00+00:00
[2024-10-03T22:06:52.416+0000] {processor.py:208} INFO - Processing /home/airflow/.local/lib/python3.12/site-packages/airflow/example_dags/example_latest_only_with_trigger.py took 0.695 seconds
[2024-10-03T22:07:22.777+0000] {processor.py:186} INFO - Started process (PID=300) to work on /home/airflow/.local/lib/python3.12/site-packages/airflow/example_dags/example_latest_only_with_trigger.py
[2024-10-03T22:07:22.778+0000] {processor.py:914} INFO - Processing file /home/airflow/.local/lib/python3.12/site-packages/airflow/example_dags/example_latest_only_with_trigger.py for tasks to queue
[2024-10-03T22:07:22.792+0000] {logging_mixin.py:190} INFO - [2024-10-03T22:07:22.792+0000] {dagbag.py:587} INFO - Filling up the DagBag from /home/airflow/.local/lib/python3.12/site-packages/airflow/example_dags/example_latest_only_with_trigger.py
[2024-10-03T22:07:22.813+0000] {processor.py:925} INFO - DAG(s) 'latest_only_with_trigger' retrieved from /home/airflow/.local/lib/python3.12/site-packages/airflow/example_dags/example_latest_only_with_trigger.py
[2024-10-03T22:07:22.879+0000] {logging_mixin.py:190} INFO - [2024-10-03T22:07:22.878+0000] {dag.py:3229} INFO - Sync 1 DAGs
[2024-10-03T22:07:22.972+0000] {logging_mixin.py:190} INFO - [2024-10-03T22:07:22.972+0000] {dag.py:4156} INFO - Setting next_dagrun for latest_only_with_trigger to 2024-10-03 16:00:00+00:00, run_after=2024-10-03 20:00:00+00:00
[2024-10-03T22:07:23.076+0000] {processor.py:208} INFO - Processing /home/airflow/.local/lib/python3.12/site-packages/airflow/example_dags/example_latest_only_with_trigger.py took 0.328 seconds
[2024-10-03T22:07:55.075+0000] {processor.py:186} INFO - Started process (PID=364) to work on /home/airflow/.local/lib/python3.12/site-packages/airflow/example_dags/example_latest_only_with_trigger.py
[2024-10-03T22:07:55.078+0000] {processor.py:914} INFO - Processing file /home/airflow/.local/lib/python3.12/site-packages/airflow/example_dags/example_latest_only_with_trigger.py for tasks to queue
[2024-10-03T22:07:55.087+0000] {logging_mixin.py:190} INFO - [2024-10-03T22:07:55.081+0000] {dagbag.py:587} INFO - Filling up the DagBag from /home/airflow/.local/lib/python3.12/site-packages/airflow/example_dags/example_latest_only_with_trigger.py
[2024-10-03T22:07:55.129+0000] {processor.py:925} INFO - DAG(s) 'latest_only_with_trigger' retrieved from /home/airflow/.local/lib/python3.12/site-packages/airflow/example_dags/example_latest_only_with_trigger.py
[2024-10-03T22:07:55.250+0000] {logging_mixin.py:190} INFO - [2024-10-03T22:07:55.250+0000] {dag.py:3229} INFO - Sync 1 DAGs
[2024-10-03T22:07:55.370+0000] {logging_mixin.py:190} INFO - [2024-10-03T22:07:55.370+0000] {dag.py:4156} INFO - Setting next_dagrun for latest_only_with_trigger to 2024-10-03 16:00:00+00:00, run_after=2024-10-03 20:00:00+00:00
[2024-10-03T22:07:55.484+0000] {processor.py:208} INFO - Processing /home/airflow/.local/lib/python3.12/site-packages/airflow/example_dags/example_latest_only_with_trigger.py took 0.434 seconds
[2024-10-03T22:08:26.078+0000] {processor.py:186} INFO - Started process (PID=427) to work on /home/airflow/.local/lib/python3.12/site-packages/airflow/example_dags/example_latest_only_with_trigger.py
[2024-10-03T22:08:26.080+0000] {processor.py:914} INFO - Processing file /home/airflow/.local/lib/python3.12/site-packages/airflow/example_dags/example_latest_only_with_trigger.py for tasks to queue
[2024-10-03T22:08:26.087+0000] {logging_mixin.py:190} INFO - [2024-10-03T22:08:26.086+0000] {dagbag.py:587} INFO - Filling up the DagBag from /home/airflow/.local/lib/python3.12/site-packages/airflow/example_dags/example_latest_only_with_trigger.py
[2024-10-03T22:08:26.113+0000] {processor.py:925} INFO - DAG(s) 'latest_only_with_trigger' retrieved from /home/airflow/.local/lib/python3.12/site-packages/airflow/example_dags/example_latest_only_with_trigger.py
[2024-10-03T22:08:26.170+0000] {logging_mixin.py:190} INFO - [2024-10-03T22:08:26.170+0000] {dag.py:3229} INFO - Sync 1 DAGs
[2024-10-03T22:08:26.235+0000] {logging_mixin.py:190} INFO - [2024-10-03T22:08:26.235+0000] {dag.py:4156} INFO - Setting next_dagrun for latest_only_with_trigger to 2024-10-03 16:00:00+00:00, run_after=2024-10-03 20:00:00+00:00
[2024-10-03T22:08:26.298+0000] {processor.py:208} INFO - Processing /home/airflow/.local/lib/python3.12/site-packages/airflow/example_dags/example_latest_only_with_trigger.py took 0.230 seconds
[2024-10-03T22:08:56.737+0000] {processor.py:186} INFO - Started process (PID=490) to work on /home/airflow/.local/lib/python3.12/site-packages/airflow/example_dags/example_latest_only_with_trigger.py
[2024-10-03T22:08:56.739+0000] {processor.py:914} INFO - Processing file /home/airflow/.local/lib/python3.12/site-packages/airflow/example_dags/example_latest_only_with_trigger.py for tasks to queue
[2024-10-03T22:08:56.751+0000] {logging_mixin.py:190} INFO - [2024-10-03T22:08:56.751+0000] {dagbag.py:587} INFO - Filling up the DagBag from /home/airflow/.local/lib/python3.12/site-packages/airflow/example_dags/example_latest_only_with_trigger.py
[2024-10-03T22:08:56.773+0000] {processor.py:925} INFO - DAG(s) 'latest_only_with_trigger' retrieved from /home/airflow/.local/lib/python3.12/site-packages/airflow/example_dags/example_latest_only_with_trigger.py
[2024-10-03T22:08:56.834+0000] {logging_mixin.py:190} INFO - [2024-10-03T22:08:56.834+0000] {dag.py:3229} INFO - Sync 1 DAGs
[2024-10-03T22:08:56.924+0000] {logging_mixin.py:190} INFO - [2024-10-03T22:08:56.923+0000] {dag.py:4156} INFO - Setting next_dagrun for latest_only_with_trigger to 2024-10-03 16:00:00+00:00, run_after=2024-10-03 20:00:00+00:00
[2024-10-03T22:08:57.093+0000] {processor.py:208} INFO - Processing /home/airflow/.local/lib/python3.12/site-packages/airflow/example_dags/example_latest_only_with_trigger.py took 0.373 seconds
[2024-10-03T22:09:27.691+0000] {processor.py:186} INFO - Started process (PID=553) to work on /home/airflow/.local/lib/python3.12/site-packages/airflow/example_dags/example_latest_only_with_trigger.py
[2024-10-03T22:09:27.692+0000] {processor.py:914} INFO - Processing file /home/airflow/.local/lib/python3.12/site-packages/airflow/example_dags/example_latest_only_with_trigger.py for tasks to queue
[2024-10-03T22:09:27.698+0000] {logging_mixin.py:190} INFO - [2024-10-03T22:09:27.697+0000] {dagbag.py:587} INFO - Filling up the DagBag from /home/airflow/.local/lib/python3.12/site-packages/airflow/example_dags/example_latest_only_with_trigger.py
[2024-10-03T22:09:27.711+0000] {processor.py:925} INFO - DAG(s) 'latest_only_with_trigger' retrieved from /home/airflow/.local/lib/python3.12/site-packages/airflow/example_dags/example_latest_only_with_trigger.py
[2024-10-03T22:09:27.752+0000] {logging_mixin.py:190} INFO - [2024-10-03T22:09:27.751+0000] {dag.py:3229} INFO - Sync 1 DAGs
[2024-10-03T22:09:27.803+0000] {logging_mixin.py:190} INFO - [2024-10-03T22:09:27.803+0000] {dag.py:4156} INFO - Setting next_dagrun for latest_only_with_trigger to 2024-10-03 16:00:00+00:00, run_after=2024-10-03 20:00:00+00:00
[2024-10-03T22:09:27.853+0000] {processor.py:208} INFO - Processing /home/airflow/.local/lib/python3.12/site-packages/airflow/example_dags/example_latest_only_with_trigger.py took 0.173 seconds
[2024-10-03T22:09:58.073+0000] {processor.py:186} INFO - Started process (PID=616) to work on /home/airflow/.local/lib/python3.12/site-packages/airflow/example_dags/example_latest_only_with_trigger.py
[2024-10-03T22:09:58.075+0000] {processor.py:914} INFO - Processing file /home/airflow/.local/lib/python3.12/site-packages/airflow/example_dags/example_latest_only_with_trigger.py for tasks to queue
[2024-10-03T22:09:58.077+0000] {logging_mixin.py:190} INFO - [2024-10-03T22:09:58.077+0000] {dagbag.py:587} INFO - Filling up the DagBag from /home/airflow/.local/lib/python3.12/site-packages/airflow/example_dags/example_latest_only_with_trigger.py
[2024-10-03T22:09:58.087+0000] {processor.py:925} INFO - DAG(s) 'latest_only_with_trigger' retrieved from /home/airflow/.local/lib/python3.12/site-packages/airflow/example_dags/example_latest_only_with_trigger.py
[2024-10-03T22:09:58.117+0000] {logging_mixin.py:190} INFO - [2024-10-03T22:09:58.116+0000] {dag.py:3229} INFO - Sync 1 DAGs
[2024-10-03T22:09:58.149+0000] {logging_mixin.py:190} INFO - [2024-10-03T22:09:58.148+0000] {dag.py:4156} INFO - Setting next_dagrun for latest_only_with_trigger to 2024-10-03 16:00:00+00:00, run_after=2024-10-03 20:00:00+00:00
[2024-10-03T22:09:58.202+0000] {processor.py:208} INFO - Processing /home/airflow/.local/lib/python3.12/site-packages/airflow/example_dags/example_latest_only_with_trigger.py took 0.136 seconds
[2024-10-03T22:10:28.319+0000] {processor.py:186} INFO - Started process (PID=679) to work on /home/airflow/.local/lib/python3.12/site-packages/airflow/example_dags/example_latest_only_with_trigger.py
[2024-10-03T22:10:28.320+0000] {processor.py:914} INFO - Processing file /home/airflow/.local/lib/python3.12/site-packages/airflow/example_dags/example_latest_only_with_trigger.py for tasks to queue
[2024-10-03T22:10:28.325+0000] {logging_mixin.py:190} INFO - [2024-10-03T22:10:28.324+0000] {dagbag.py:587} INFO - Filling up the DagBag from /home/airflow/.local/lib/python3.12/site-packages/airflow/example_dags/example_latest_only_with_trigger.py
[2024-10-03T22:10:28.342+0000] {processor.py:925} INFO - DAG(s) 'latest_only_with_trigger' retrieved from /home/airflow/.local/lib/python3.12/site-packages/airflow/example_dags/example_latest_only_with_trigger.py
[2024-10-03T22:10:28.383+0000] {logging_mixin.py:190} INFO - [2024-10-03T22:10:28.382+0000] {dag.py:3229} INFO - Sync 1 DAGs
[2024-10-03T22:10:28.424+0000] {logging_mixin.py:190} INFO - [2024-10-03T22:10:28.424+0000] {dag.py:4156} INFO - Setting next_dagrun for latest_only_with_trigger to 2024-10-03 16:00:00+00:00, run_after=2024-10-03 20:00:00+00:00
[2024-10-03T22:10:28.464+0000] {processor.py:208} INFO - Processing /home/airflow/.local/lib/python3.12/site-packages/airflow/example_dags/example_latest_only_with_trigger.py took 0.157 seconds
[2024-10-03T22:10:58.854+0000] {processor.py:186} INFO - Started process (PID=742) to work on /home/airflow/.local/lib/python3.12/site-packages/airflow/example_dags/example_latest_only_with_trigger.py
[2024-10-03T22:10:58.855+0000] {processor.py:914} INFO - Processing file /home/airflow/.local/lib/python3.12/site-packages/airflow/example_dags/example_latest_only_with_trigger.py for tasks to queue
[2024-10-03T22:10:58.858+0000] {logging_mixin.py:190} INFO - [2024-10-03T22:10:58.858+0000] {dagbag.py:587} INFO - Filling up the DagBag from /home/airflow/.local/lib/python3.12/site-packages/airflow/example_dags/example_latest_only_with_trigger.py
[2024-10-03T22:10:58.867+0000] {processor.py:925} INFO - DAG(s) 'latest_only_with_trigger' retrieved from /home/airflow/.local/lib/python3.12/site-packages/airflow/example_dags/example_latest_only_with_trigger.py
[2024-10-03T22:10:58.892+0000] {logging_mixin.py:190} INFO - [2024-10-03T22:10:58.892+0000] {dag.py:3229} INFO - Sync 1 DAGs
[2024-10-03T22:10:58.925+0000] {logging_mixin.py:190} INFO - [2024-10-03T22:10:58.925+0000] {dag.py:4156} INFO - Setting next_dagrun for latest_only_with_trigger to 2024-10-03 16:00:00+00:00, run_after=2024-10-03 20:00:00+00:00
[2024-10-03T22:10:58.956+0000] {processor.py:208} INFO - Processing /home/airflow/.local/lib/python3.12/site-packages/airflow/example_dags/example_latest_only_with_trigger.py took 0.109 seconds
[2024-10-03T22:11:29.665+0000] {processor.py:186} INFO - Started process (PID=805) to work on /home/airflow/.local/lib/python3.12/site-packages/airflow/example_dags/example_latest_only_with_trigger.py
[2024-10-03T22:11:29.667+0000] {processor.py:914} INFO - Processing file /home/airflow/.local/lib/python3.12/site-packages/airflow/example_dags/example_latest_only_with_trigger.py for tasks to queue
[2024-10-03T22:11:29.670+0000] {logging_mixin.py:190} INFO - [2024-10-03T22:11:29.669+0000] {dagbag.py:587} INFO - Filling up the DagBag from /home/airflow/.local/lib/python3.12/site-packages/airflow/example_dags/example_latest_only_with_trigger.py
[2024-10-03T22:11:29.679+0000] {processor.py:925} INFO - DAG(s) 'latest_only_with_trigger' retrieved from /home/airflow/.local/lib/python3.12/site-packages/airflow/example_dags/example_latest_only_with_trigger.py
[2024-10-03T22:11:29.704+0000] {logging_mixin.py:190} INFO - [2024-10-03T22:11:29.704+0000] {dag.py:3229} INFO - Sync 1 DAGs
[2024-10-03T22:11:29.734+0000] {logging_mixin.py:190} INFO - [2024-10-03T22:11:29.734+0000] {dag.py:4156} INFO - Setting next_dagrun for latest_only_with_trigger to 2024-10-03 16:00:00+00:00, run_after=2024-10-03 20:00:00+00:00
[2024-10-03T22:11:29.765+0000] {processor.py:208} INFO - Processing /home/airflow/.local/lib/python3.12/site-packages/airflow/example_dags/example_latest_only_with_trigger.py took 0.109 seconds
[2024-10-03T22:12:00.195+0000] {processor.py:186} INFO - Started process (PID=868) to work on /home/airflow/.local/lib/python3.12/site-packages/airflow/example_dags/example_latest_only_with_trigger.py
[2024-10-03T22:12:00.196+0000] {processor.py:914} INFO - Processing file /home/airflow/.local/lib/python3.12/site-packages/airflow/example_dags/example_latest_only_with_trigger.py for tasks to queue
[2024-10-03T22:12:00.199+0000] {logging_mixin.py:190} INFO - [2024-10-03T22:12:00.199+0000] {dagbag.py:587} INFO - Filling up the DagBag from /home/airflow/.local/lib/python3.12/site-packages/airflow/example_dags/example_latest_only_with_trigger.py
[2024-10-03T22:12:00.213+0000] {processor.py:925} INFO - DAG(s) 'latest_only_with_trigger' retrieved from /home/airflow/.local/lib/python3.12/site-packages/airflow/example_dags/example_latest_only_with_trigger.py
[2024-10-03T22:12:00.245+0000] {logging_mixin.py:190} INFO - [2024-10-03T22:12:00.245+0000] {dag.py:3229} INFO - Sync 1 DAGs
[2024-10-03T22:12:00.281+0000] {logging_mixin.py:190} INFO - [2024-10-03T22:12:00.280+0000] {dag.py:4156} INFO - Setting next_dagrun for latest_only_with_trigger to 2024-10-03 16:00:00+00:00, run_after=2024-10-03 20:00:00+00:00
[2024-10-03T22:12:00.306+0000] {processor.py:208} INFO - Processing /home/airflow/.local/lib/python3.12/site-packages/airflow/example_dags/example_latest_only_with_trigger.py took 0.120 seconds
[2024-10-03T22:12:31.117+0000] {processor.py:186} INFO - Started process (PID=931) to work on /home/airflow/.local/lib/python3.12/site-packages/airflow/example_dags/example_latest_only_with_trigger.py
[2024-10-03T22:12:31.118+0000] {processor.py:914} INFO - Processing file /home/airflow/.local/lib/python3.12/site-packages/airflow/example_dags/example_latest_only_with_trigger.py for tasks to queue
[2024-10-03T22:12:31.121+0000] {logging_mixin.py:190} INFO - [2024-10-03T22:12:31.121+0000] {dagbag.py:587} INFO - Filling up the DagBag from /home/airflow/.local/lib/python3.12/site-packages/airflow/example_dags/example_latest_only_with_trigger.py
[2024-10-03T22:12:31.133+0000] {processor.py:925} INFO - DAG(s) 'latest_only_with_trigger' retrieved from /home/airflow/.local/lib/python3.12/site-packages/airflow/example_dags/example_latest_only_with_trigger.py
[2024-10-03T22:12:31.160+0000] {logging_mixin.py:190} INFO - [2024-10-03T22:12:31.159+0000] {dag.py:3229} INFO - Sync 1 DAGs
[2024-10-03T22:12:31.201+0000] {logging_mixin.py:190} INFO - [2024-10-03T22:12:31.200+0000] {dag.py:4156} INFO - Setting next_dagrun for latest_only_with_trigger to 2024-10-03 16:00:00+00:00, run_after=2024-10-03 20:00:00+00:00
[2024-10-03T22:12:31.234+0000] {processor.py:208} INFO - Processing /home/airflow/.local/lib/python3.12/site-packages/airflow/example_dags/example_latest_only_with_trigger.py took 0.127 seconds
[2024-10-03T22:13:01.673+0000] {processor.py:186} INFO - Started process (PID=994) to work on /home/airflow/.local/lib/python3.12/site-packages/airflow/example_dags/example_latest_only_with_trigger.py
[2024-10-03T22:13:01.674+0000] {processor.py:914} INFO - Processing file /home/airflow/.local/lib/python3.12/site-packages/airflow/example_dags/example_latest_only_with_trigger.py for tasks to queue
[2024-10-03T22:13:01.678+0000] {logging_mixin.py:190} INFO - [2024-10-03T22:13:01.678+0000] {dagbag.py:587} INFO - Filling up the DagBag from /home/airflow/.local/lib/python3.12/site-packages/airflow/example_dags/example_latest_only_with_trigger.py
[2024-10-03T22:13:01.695+0000] {processor.py:925} INFO - DAG(s) 'latest_only_with_trigger' retrieved from /home/airflow/.local/lib/python3.12/site-packages/airflow/example_dags/example_latest_only_with_trigger.py
[2024-10-03T22:13:01.732+0000] {logging_mixin.py:190} INFO - [2024-10-03T22:13:01.732+0000] {dag.py:3229} INFO - Sync 1 DAGs
[2024-10-03T22:13:01.774+0000] {logging_mixin.py:190} INFO - [2024-10-03T22:13:01.774+0000] {dag.py:4156} INFO - Setting next_dagrun for latest_only_with_trigger to 2024-10-03 16:00:00+00:00, run_after=2024-10-03 20:00:00+00:00
[2024-10-03T22:13:01.812+0000] {processor.py:208} INFO - Processing /home/airflow/.local/lib/python3.12/site-packages/airflow/example_dags/example_latest_only_with_trigger.py took 0.151 seconds
[2024-10-03T22:13:32.287+0000] {processor.py:186} INFO - Started process (PID=1058) to work on /home/airflow/.local/lib/python3.12/site-packages/airflow/example_dags/example_latest_only_with_trigger.py
[2024-10-03T22:13:32.288+0000] {processor.py:914} INFO - Processing file /home/airflow/.local/lib/python3.12/site-packages/airflow/example_dags/example_latest_only_with_trigger.py for tasks to queue
[2024-10-03T22:13:32.292+0000] {logging_mixin.py:190} INFO - [2024-10-03T22:13:32.291+0000] {dagbag.py:587} INFO - Filling up the DagBag from /home/airflow/.local/lib/python3.12/site-packages/airflow/example_dags/example_latest_only_with_trigger.py
[2024-10-03T22:13:32.302+0000] {processor.py:925} INFO - DAG(s) 'latest_only_with_trigger' retrieved from /home/airflow/.local/lib/python3.12/site-packages/airflow/example_dags/example_latest_only_with_trigger.py
[2024-10-03T22:13:32.331+0000] {logging_mixin.py:190} INFO - [2024-10-03T22:13:32.331+0000] {dag.py:3229} INFO - Sync 1 DAGs
[2024-10-03T22:13:32.363+0000] {logging_mixin.py:190} INFO - [2024-10-03T22:13:32.363+0000] {dag.py:4156} INFO - Setting next_dagrun for latest_only_with_trigger to 2024-10-03 16:00:00+00:00, run_after=2024-10-03 20:00:00+00:00
[2024-10-03T22:13:32.393+0000] {processor.py:208} INFO - Processing /home/airflow/.local/lib/python3.12/site-packages/airflow/example_dags/example_latest_only_with_trigger.py took 0.114 seconds
[2024-10-03T22:14:02.946+0000] {processor.py:186} INFO - Started process (PID=1122) to work on /home/airflow/.local/lib/python3.12/site-packages/airflow/example_dags/example_latest_only_with_trigger.py
[2024-10-03T22:14:02.947+0000] {processor.py:914} INFO - Processing file /home/airflow/.local/lib/python3.12/site-packages/airflow/example_dags/example_latest_only_with_trigger.py for tasks to queue
[2024-10-03T22:14:02.949+0000] {logging_mixin.py:190} INFO - [2024-10-03T22:14:02.949+0000] {dagbag.py:587} INFO - Filling up the DagBag from /home/airflow/.local/lib/python3.12/site-packages/airflow/example_dags/example_latest_only_with_trigger.py
[2024-10-03T22:14:02.959+0000] {processor.py:925} INFO - DAG(s) 'latest_only_with_trigger' retrieved from /home/airflow/.local/lib/python3.12/site-packages/airflow/example_dags/example_latest_only_with_trigger.py
[2024-10-03T22:14:02.982+0000] {logging_mixin.py:190} INFO - [2024-10-03T22:14:02.981+0000] {dag.py:3229} INFO - Sync 1 DAGs
[2024-10-03T22:14:03.009+0000] {logging_mixin.py:190} INFO - [2024-10-03T22:14:03.008+0000] {dag.py:4156} INFO - Setting next_dagrun for latest_only_with_trigger to 2024-10-03 16:00:00+00:00, run_after=2024-10-03 20:00:00+00:00
[2024-10-03T22:14:03.034+0000] {processor.py:208} INFO - Processing /home/airflow/.local/lib/python3.12/site-packages/airflow/example_dags/example_latest_only_with_trigger.py took 0.095 seconds
[2024-10-03T22:14:33.548+0000] {processor.py:186} INFO - Started process (PID=1185) to work on /home/airflow/.local/lib/python3.12/site-packages/airflow/example_dags/example_latest_only_with_trigger.py
[2024-10-03T22:14:33.550+0000] {processor.py:914} INFO - Processing file /home/airflow/.local/lib/python3.12/site-packages/airflow/example_dags/example_latest_only_with_trigger.py for tasks to queue
[2024-10-03T22:14:33.554+0000] {logging_mixin.py:190} INFO - [2024-10-03T22:14:33.553+0000] {dagbag.py:587} INFO - Filling up the DagBag from /home/airflow/.local/lib/python3.12/site-packages/airflow/example_dags/example_latest_only_with_trigger.py
[2024-10-03T22:14:33.568+0000] {processor.py:925} INFO - DAG(s) 'latest_only_with_trigger' retrieved from /home/airflow/.local/lib/python3.12/site-packages/airflow/example_dags/example_latest_only_with_trigger.py
[2024-10-03T22:14:33.596+0000] {logging_mixin.py:190} INFO - [2024-10-03T22:14:33.596+0000] {dag.py:3229} INFO - Sync 1 DAGs
[2024-10-03T22:14:33.632+0000] {logging_mixin.py:190} INFO - [2024-10-03T22:14:33.632+0000] {dag.py:4156} INFO - Setting next_dagrun for latest_only_with_trigger to 2024-10-03 16:00:00+00:00, run_after=2024-10-03 20:00:00+00:00
[2024-10-03T22:14:33.664+0000] {processor.py:208} INFO - Processing /home/airflow/.local/lib/python3.12/site-packages/airflow/example_dags/example_latest_only_with_trigger.py took 0.125 seconds
[2024-10-03T22:15:03.984+0000] {processor.py:186} INFO - Started process (PID=1248) to work on /home/airflow/.local/lib/python3.12/site-packages/airflow/example_dags/example_latest_only_with_trigger.py
[2024-10-03T22:15:03.985+0000] {processor.py:914} INFO - Processing file /home/airflow/.local/lib/python3.12/site-packages/airflow/example_dags/example_latest_only_with_trigger.py for tasks to queue
[2024-10-03T22:15:03.989+0000] {logging_mixin.py:190} INFO - [2024-10-03T22:15:03.988+0000] {dagbag.py:587} INFO - Filling up the DagBag from /home/airflow/.local/lib/python3.12/site-packages/airflow/example_dags/example_latest_only_with_trigger.py
[2024-10-03T22:15:04.000+0000] {processor.py:925} INFO - DAG(s) 'latest_only_with_trigger' retrieved from /home/airflow/.local/lib/python3.12/site-packages/airflow/example_dags/example_latest_only_with_trigger.py
[2024-10-03T22:15:04.034+0000] {logging_mixin.py:190} INFO - [2024-10-03T22:15:04.034+0000] {dag.py:3229} INFO - Sync 1 DAGs
[2024-10-03T22:15:04.069+0000] {logging_mixin.py:190} INFO - [2024-10-03T22:15:04.069+0000] {dag.py:4156} INFO - Setting next_dagrun for latest_only_with_trigger to 2024-10-03 16:00:00+00:00, run_after=2024-10-03 20:00:00+00:00
[2024-10-03T22:15:04.093+0000] {processor.py:208} INFO - Processing /home/airflow/.local/lib/python3.12/site-packages/airflow/example_dags/example_latest_only_with_trigger.py took 0.118 seconds
[2024-10-03T22:15:34.361+0000] {processor.py:186} INFO - Started process (PID=1311) to work on /home/airflow/.local/lib/python3.12/site-packages/airflow/example_dags/example_latest_only_with_trigger.py
[2024-10-03T22:15:34.362+0000] {processor.py:914} INFO - Processing file /home/airflow/.local/lib/python3.12/site-packages/airflow/example_dags/example_latest_only_with_trigger.py for tasks to queue
[2024-10-03T22:15:34.364+0000] {logging_mixin.py:190} INFO - [2024-10-03T22:15:34.364+0000] {dagbag.py:587} INFO - Filling up the DagBag from /home/airflow/.local/lib/python3.12/site-packages/airflow/example_dags/example_latest_only_with_trigger.py
[2024-10-03T22:15:34.373+0000] {processor.py:925} INFO - DAG(s) 'latest_only_with_trigger' retrieved from /home/airflow/.local/lib/python3.12/site-packages/airflow/example_dags/example_latest_only_with_trigger.py
[2024-10-03T22:15:34.401+0000] {logging_mixin.py:190} INFO - [2024-10-03T22:15:34.401+0000] {dag.py:3229} INFO - Sync 1 DAGs
[2024-10-03T22:15:34.433+0000] {logging_mixin.py:190} INFO - [2024-10-03T22:15:34.433+0000] {dag.py:4156} INFO - Setting next_dagrun for latest_only_with_trigger to 2024-10-03 16:00:00+00:00, run_after=2024-10-03 20:00:00+00:00
[2024-10-03T22:15:34.464+0000] {processor.py:208} INFO - Processing /home/airflow/.local/lib/python3.12/site-packages/airflow/example_dags/example_latest_only_with_trigger.py took 0.111 seconds
[2024-10-03T22:16:04.619+0000] {processor.py:186} INFO - Started process (PID=1374) to work on /home/airflow/.local/lib/python3.12/site-packages/airflow/example_dags/example_latest_only_with_trigger.py
[2024-10-03T22:16:04.620+0000] {processor.py:914} INFO - Processing file /home/airflow/.local/lib/python3.12/site-packages/airflow/example_dags/example_latest_only_with_trigger.py for tasks to queue
[2024-10-03T22:16:04.623+0000] {logging_mixin.py:190} INFO - [2024-10-03T22:16:04.623+0000] {dagbag.py:587} INFO - Filling up the DagBag from /home/airflow/.local/lib/python3.12/site-packages/airflow/example_dags/example_latest_only_with_trigger.py
[2024-10-03T22:16:04.631+0000] {processor.py:925} INFO - DAG(s) 'latest_only_with_trigger' retrieved from /home/airflow/.local/lib/python3.12/site-packages/airflow/example_dags/example_latest_only_with_trigger.py
[2024-10-03T22:16:04.662+0000] {logging_mixin.py:190} INFO - [2024-10-03T22:16:04.661+0000] {dag.py:3229} INFO - Sync 1 DAGs
[2024-10-03T22:16:04.695+0000] {logging_mixin.py:190} INFO - [2024-10-03T22:16:04.694+0000] {dag.py:4156} INFO - Setting next_dagrun for latest_only_with_trigger to 2024-10-03 16:00:00+00:00, run_after=2024-10-03 20:00:00+00:00
[2024-10-03T22:16:04.728+0000] {processor.py:208} INFO - Processing /home/airflow/.local/lib/python3.12/site-packages/airflow/example_dags/example_latest_only_with_trigger.py took 0.116 seconds
[2024-10-03T22:16:37.927+0000] {processor.py:186} INFO - Started process (PID=1437) to work on /home/airflow/.local/lib/python3.12/site-packages/airflow/example_dags/example_latest_only_with_trigger.py
[2024-10-03T22:16:37.939+0000] {processor.py:914} INFO - Processing file /home/airflow/.local/lib/python3.12/site-packages/airflow/example_dags/example_latest_only_with_trigger.py for tasks to queue
[2024-10-03T22:16:37.956+0000] {logging_mixin.py:190} INFO - [2024-10-03T22:16:37.956+0000] {dagbag.py:587} INFO - Filling up the DagBag from /home/airflow/.local/lib/python3.12/site-packages/airflow/example_dags/example_latest_only_with_trigger.py
[2024-10-03T22:16:38.004+0000] {processor.py:925} INFO - DAG(s) 'latest_only_with_trigger' retrieved from /home/airflow/.local/lib/python3.12/site-packages/airflow/example_dags/example_latest_only_with_trigger.py
[2024-10-03T22:16:38.100+0000] {logging_mixin.py:190} INFO - [2024-10-03T22:16:38.100+0000] {dag.py:3229} INFO - Sync 1 DAGs
[2024-10-03T22:16:38.215+0000] {logging_mixin.py:190} INFO - [2024-10-03T22:16:38.215+0000] {dag.py:4156} INFO - Setting next_dagrun for latest_only_with_trigger to 2024-10-03 16:00:00+00:00, run_after=2024-10-03 20:00:00+00:00
[2024-10-03T22:16:38.291+0000] {processor.py:208} INFO - Processing /home/airflow/.local/lib/python3.12/site-packages/airflow/example_dags/example_latest_only_with_trigger.py took 0.386 seconds
[2024-10-03T22:17:09.960+0000] {processor.py:186} INFO - Started process (PID=1501) to work on /home/airflow/.local/lib/python3.12/site-packages/airflow/example_dags/example_latest_only_with_trigger.py
[2024-10-03T22:17:09.972+0000] {processor.py:914} INFO - Processing file /home/airflow/.local/lib/python3.12/site-packages/airflow/example_dags/example_latest_only_with_trigger.py for tasks to queue
[2024-10-03T22:17:10.003+0000] {logging_mixin.py:190} INFO - [2024-10-03T22:17:10.002+0000] {dagbag.py:587} INFO - Filling up the DagBag from /home/airflow/.local/lib/python3.12/site-packages/airflow/example_dags/example_latest_only_with_trigger.py
[2024-10-03T22:17:10.037+0000] {processor.py:925} INFO - DAG(s) 'latest_only_with_trigger' retrieved from /home/airflow/.local/lib/python3.12/site-packages/airflow/example_dags/example_latest_only_with_trigger.py
[2024-10-03T22:17:10.228+0000] {logging_mixin.py:190} INFO - [2024-10-03T22:17:10.227+0000] {dag.py:3229} INFO - Sync 1 DAGs
[2024-10-03T22:17:10.362+0000] {logging_mixin.py:190} INFO - [2024-10-03T22:17:10.361+0000] {dag.py:4156} INFO - Setting next_dagrun for latest_only_with_trigger to 2024-10-03 16:00:00+00:00, run_after=2024-10-03 20:00:00+00:00
[2024-10-03T22:17:10.528+0000] {processor.py:208} INFO - Processing /home/airflow/.local/lib/python3.12/site-packages/airflow/example_dags/example_latest_only_with_trigger.py took 0.619 seconds
[2024-10-03T22:17:41.300+0000] {processor.py:186} INFO - Started process (PID=1564) to work on /home/airflow/.local/lib/python3.12/site-packages/airflow/example_dags/example_latest_only_with_trigger.py
[2024-10-03T22:17:41.301+0000] {processor.py:914} INFO - Processing file /home/airflow/.local/lib/python3.12/site-packages/airflow/example_dags/example_latest_only_with_trigger.py for tasks to queue
[2024-10-03T22:17:41.306+0000] {logging_mixin.py:190} INFO - [2024-10-03T22:17:41.306+0000] {dagbag.py:587} INFO - Filling up the DagBag from /home/airflow/.local/lib/python3.12/site-packages/airflow/example_dags/example_latest_only_with_trigger.py
[2024-10-03T22:17:41.321+0000] {processor.py:925} INFO - DAG(s) 'latest_only_with_trigger' retrieved from /home/airflow/.local/lib/python3.12/site-packages/airflow/example_dags/example_latest_only_with_trigger.py
[2024-10-03T22:17:41.364+0000] {logging_mixin.py:190} INFO - [2024-10-03T22:17:41.364+0000] {dag.py:3229} INFO - Sync 1 DAGs
[2024-10-03T22:17:41.419+0000] {logging_mixin.py:190} INFO - [2024-10-03T22:17:41.419+0000] {dag.py:4156} INFO - Setting next_dagrun for latest_only_with_trigger to 2024-10-03 16:00:00+00:00, run_after=2024-10-03 20:00:00+00:00
[2024-10-03T22:17:41.474+0000] {processor.py:208} INFO - Processing /home/airflow/.local/lib/python3.12/site-packages/airflow/example_dags/example_latest_only_with_trigger.py took 0.186 seconds
[2024-10-03T22:18:11.672+0000] {processor.py:186} INFO - Started process (PID=1627) to work on /home/airflow/.local/lib/python3.12/site-packages/airflow/example_dags/example_latest_only_with_trigger.py
[2024-10-03T22:18:11.673+0000] {processor.py:914} INFO - Processing file /home/airflow/.local/lib/python3.12/site-packages/airflow/example_dags/example_latest_only_with_trigger.py for tasks to queue
[2024-10-03T22:18:11.677+0000] {logging_mixin.py:190} INFO - [2024-10-03T22:18:11.676+0000] {dagbag.py:587} INFO - Filling up the DagBag from /home/airflow/.local/lib/python3.12/site-packages/airflow/example_dags/example_latest_only_with_trigger.py
[2024-10-03T22:18:11.686+0000] {processor.py:925} INFO - DAG(s) 'latest_only_with_trigger' retrieved from /home/airflow/.local/lib/python3.12/site-packages/airflow/example_dags/example_latest_only_with_trigger.py
[2024-10-03T22:18:11.718+0000] {logging_mixin.py:190} INFO - [2024-10-03T22:18:11.718+0000] {dag.py:3229} INFO - Sync 1 DAGs
[2024-10-03T22:18:11.754+0000] {logging_mixin.py:190} INFO - [2024-10-03T22:18:11.754+0000] {dag.py:4156} INFO - Setting next_dagrun for latest_only_with_trigger to 2024-10-03 16:00:00+00:00, run_after=2024-10-03 20:00:00+00:00
[2024-10-03T22:18:11.780+0000] {processor.py:208} INFO - Processing /home/airflow/.local/lib/python3.12/site-packages/airflow/example_dags/example_latest_only_with_trigger.py took 0.117 seconds
[2024-10-03T22:18:41.828+0000] {processor.py:186} INFO - Started process (PID=1690) to work on /home/airflow/.local/lib/python3.12/site-packages/airflow/example_dags/example_latest_only_with_trigger.py
[2024-10-03T22:18:41.830+0000] {processor.py:914} INFO - Processing file /home/airflow/.local/lib/python3.12/site-packages/airflow/example_dags/example_latest_only_with_trigger.py for tasks to queue
[2024-10-03T22:18:41.834+0000] {logging_mixin.py:190} INFO - [2024-10-03T22:18:41.833+0000] {dagbag.py:587} INFO - Filling up the DagBag from /home/airflow/.local/lib/python3.12/site-packages/airflow/example_dags/example_latest_only_with_trigger.py
[2024-10-03T22:18:41.841+0000] {processor.py:925} INFO - DAG(s) 'latest_only_with_trigger' retrieved from /home/airflow/.local/lib/python3.12/site-packages/airflow/example_dags/example_latest_only_with_trigger.py
[2024-10-03T22:18:41.866+0000] {logging_mixin.py:190} INFO - [2024-10-03T22:18:41.865+0000] {dag.py:3229} INFO - Sync 1 DAGs
[2024-10-03T22:18:41.894+0000] {logging_mixin.py:190} INFO - [2024-10-03T22:18:41.894+0000] {dag.py:4156} INFO - Setting next_dagrun for latest_only_with_trigger to 2024-10-03 16:00:00+00:00, run_after=2024-10-03 20:00:00+00:00
[2024-10-03T22:18:41.926+0000] {processor.py:208} INFO - Processing /home/airflow/.local/lib/python3.12/site-packages/airflow/example_dags/example_latest_only_with_trigger.py took 0.105 seconds
[2024-10-03T22:19:12.029+0000] {processor.py:186} INFO - Started process (PID=1753) to work on /home/airflow/.local/lib/python3.12/site-packages/airflow/example_dags/example_latest_only_with_trigger.py
[2024-10-03T22:19:12.031+0000] {processor.py:914} INFO - Processing file /home/airflow/.local/lib/python3.12/site-packages/airflow/example_dags/example_latest_only_with_trigger.py for tasks to queue
[2024-10-03T22:19:12.034+0000] {logging_mixin.py:190} INFO - [2024-10-03T22:19:12.034+0000] {dagbag.py:587} INFO - Filling up the DagBag from /home/airflow/.local/lib/python3.12/site-packages/airflow/example_dags/example_latest_only_with_trigger.py
[2024-10-03T22:19:12.045+0000] {processor.py:925} INFO - DAG(s) 'latest_only_with_trigger' retrieved from /home/airflow/.local/lib/python3.12/site-packages/airflow/example_dags/example_latest_only_with_trigger.py
[2024-10-03T22:19:12.074+0000] {logging_mixin.py:190} INFO - [2024-10-03T22:19:12.073+0000] {dag.py:3229} INFO - Sync 1 DAGs
[2024-10-03T22:19:12.106+0000] {logging_mixin.py:190} INFO - [2024-10-03T22:19:12.106+0000] {dag.py:4156} INFO - Setting next_dagrun for latest_only_with_trigger to 2024-10-03 16:00:00+00:00, run_after=2024-10-03 20:00:00+00:00
[2024-10-03T22:19:12.142+0000] {processor.py:208} INFO - Processing /home/airflow/.local/lib/python3.12/site-packages/airflow/example_dags/example_latest_only_with_trigger.py took 0.121 seconds
[2024-10-03T22:19:42.389+0000] {processor.py:186} INFO - Started process (PID=1815) to work on /home/airflow/.local/lib/python3.12/site-packages/airflow/example_dags/example_latest_only_with_trigger.py
[2024-10-03T22:19:42.390+0000] {processor.py:914} INFO - Processing file /home/airflow/.local/lib/python3.12/site-packages/airflow/example_dags/example_latest_only_with_trigger.py for tasks to queue
[2024-10-03T22:19:42.393+0000] {logging_mixin.py:190} INFO - [2024-10-03T22:19:42.393+0000] {dagbag.py:587} INFO - Filling up the DagBag from /home/airflow/.local/lib/python3.12/site-packages/airflow/example_dags/example_latest_only_with_trigger.py
[2024-10-03T22:19:42.401+0000] {processor.py:925} INFO - DAG(s) 'latest_only_with_trigger' retrieved from /home/airflow/.local/lib/python3.12/site-packages/airflow/example_dags/example_latest_only_with_trigger.py
[2024-10-03T22:19:42.430+0000] {logging_mixin.py:190} INFO - [2024-10-03T22:19:42.429+0000] {dag.py:3229} INFO - Sync 1 DAGs
[2024-10-03T22:19:42.457+0000] {logging_mixin.py:190} INFO - [2024-10-03T22:19:42.457+0000] {dag.py:4156} INFO - Setting next_dagrun for latest_only_with_trigger to 2024-10-03 16:00:00+00:00, run_after=2024-10-03 20:00:00+00:00
[2024-10-03T22:19:42.490+0000] {processor.py:208} INFO - Processing /home/airflow/.local/lib/python3.12/site-packages/airflow/example_dags/example_latest_only_with_trigger.py took 0.108 seconds
[2024-10-03T22:20:12.594+0000] {processor.py:186} INFO - Started process (PID=1878) to work on /home/airflow/.local/lib/python3.12/site-packages/airflow/example_dags/example_latest_only_with_trigger.py
[2024-10-03T22:20:12.595+0000] {processor.py:914} INFO - Processing file /home/airflow/.local/lib/python3.12/site-packages/airflow/example_dags/example_latest_only_with_trigger.py for tasks to queue
[2024-10-03T22:20:12.598+0000] {logging_mixin.py:190} INFO - [2024-10-03T22:20:12.598+0000] {dagbag.py:587} INFO - Filling up the DagBag from /home/airflow/.local/lib/python3.12/site-packages/airflow/example_dags/example_latest_only_with_trigger.py
[2024-10-03T22:20:12.607+0000] {processor.py:925} INFO - DAG(s) 'latest_only_with_trigger' retrieved from /home/airflow/.local/lib/python3.12/site-packages/airflow/example_dags/example_latest_only_with_trigger.py
[2024-10-03T22:20:12.638+0000] {logging_mixin.py:190} INFO - [2024-10-03T22:20:12.638+0000] {dag.py:3229} INFO - Sync 1 DAGs
[2024-10-03T22:20:12.667+0000] {logging_mixin.py:190} INFO - [2024-10-03T22:20:12.666+0000] {dag.py:4156} INFO - Setting next_dagrun for latest_only_with_trigger to 2024-10-03 16:00:00+00:00, run_after=2024-10-03 20:00:00+00:00
[2024-10-03T22:20:12.692+0000] {processor.py:208} INFO - Processing /home/airflow/.local/lib/python3.12/site-packages/airflow/example_dags/example_latest_only_with_trigger.py took 0.106 seconds
[2024-10-03T22:20:43.034+0000] {processor.py:186} INFO - Started process (PID=1941) to work on /home/airflow/.local/lib/python3.12/site-packages/airflow/example_dags/example_latest_only_with_trigger.py
[2024-10-03T22:20:43.035+0000] {processor.py:914} INFO - Processing file /home/airflow/.local/lib/python3.12/site-packages/airflow/example_dags/example_latest_only_with_trigger.py for tasks to queue
[2024-10-03T22:20:43.039+0000] {logging_mixin.py:190} INFO - [2024-10-03T22:20:43.038+0000] {dagbag.py:587} INFO - Filling up the DagBag from /home/airflow/.local/lib/python3.12/site-packages/airflow/example_dags/example_latest_only_with_trigger.py
[2024-10-03T22:20:43.049+0000] {processor.py:925} INFO - DAG(s) 'latest_only_with_trigger' retrieved from /home/airflow/.local/lib/python3.12/site-packages/airflow/example_dags/example_latest_only_with_trigger.py
[2024-10-03T22:20:43.081+0000] {logging_mixin.py:190} INFO - [2024-10-03T22:20:43.081+0000] {dag.py:3229} INFO - Sync 1 DAGs
[2024-10-03T22:20:43.121+0000] {logging_mixin.py:190} INFO - [2024-10-03T22:20:43.121+0000] {dag.py:4156} INFO - Setting next_dagrun for latest_only_with_trigger to 2024-10-03 16:00:00+00:00, run_after=2024-10-03 20:00:00+00:00
[2024-10-03T22:20:43.162+0000] {processor.py:208} INFO - Processing /home/airflow/.local/lib/python3.12/site-packages/airflow/example_dags/example_latest_only_with_trigger.py took 0.138 seconds
[2024-10-03T22:21:13.516+0000] {processor.py:186} INFO - Started process (PID=2004) to work on /home/airflow/.local/lib/python3.12/site-packages/airflow/example_dags/example_latest_only_with_trigger.py
[2024-10-03T22:21:13.517+0000] {processor.py:914} INFO - Processing file /home/airflow/.local/lib/python3.12/site-packages/airflow/example_dags/example_latest_only_with_trigger.py for tasks to queue
[2024-10-03T22:21:13.520+0000] {logging_mixin.py:190} INFO - [2024-10-03T22:21:13.519+0000] {dagbag.py:587} INFO - Filling up the DagBag from /home/airflow/.local/lib/python3.12/site-packages/airflow/example_dags/example_latest_only_with_trigger.py
[2024-10-03T22:21:13.530+0000] {processor.py:925} INFO - DAG(s) 'latest_only_with_trigger' retrieved from /home/airflow/.local/lib/python3.12/site-packages/airflow/example_dags/example_latest_only_with_trigger.py
[2024-10-03T22:21:13.557+0000] {logging_mixin.py:190} INFO - [2024-10-03T22:21:13.556+0000] {dag.py:3229} INFO - Sync 1 DAGs
[2024-10-03T22:21:13.592+0000] {logging_mixin.py:190} INFO - [2024-10-03T22:21:13.592+0000] {dag.py:4156} INFO - Setting next_dagrun for latest_only_with_trigger to 2024-10-03 16:00:00+00:00, run_after=2024-10-03 20:00:00+00:00
[2024-10-03T22:21:13.629+0000] {processor.py:208} INFO - Processing /home/airflow/.local/lib/python3.12/site-packages/airflow/example_dags/example_latest_only_with_trigger.py took 0.121 seconds
[2024-10-03T22:21:43.866+0000] {processor.py:186} INFO - Started process (PID=2067) to work on /home/airflow/.local/lib/python3.12/site-packages/airflow/example_dags/example_latest_only_with_trigger.py
[2024-10-03T22:21:43.867+0000] {processor.py:914} INFO - Processing file /home/airflow/.local/lib/python3.12/site-packages/airflow/example_dags/example_latest_only_with_trigger.py for tasks to queue
[2024-10-03T22:21:43.870+0000] {logging_mixin.py:190} INFO - [2024-10-03T22:21:43.870+0000] {dagbag.py:587} INFO - Filling up the DagBag from /home/airflow/.local/lib/python3.12/site-packages/airflow/example_dags/example_latest_only_with_trigger.py
[2024-10-03T22:21:43.882+0000] {processor.py:925} INFO - DAG(s) 'latest_only_with_trigger' retrieved from /home/airflow/.local/lib/python3.12/site-packages/airflow/example_dags/example_latest_only_with_trigger.py
[2024-10-03T22:21:43.912+0000] {logging_mixin.py:190} INFO - [2024-10-03T22:21:43.912+0000] {dag.py:3229} INFO - Sync 1 DAGs
[2024-10-03T22:21:43.963+0000] {logging_mixin.py:190} INFO - [2024-10-03T22:21:43.963+0000] {dag.py:4156} INFO - Setting next_dagrun for latest_only_with_trigger to 2024-10-03 16:00:00+00:00, run_after=2024-10-03 20:00:00+00:00
[2024-10-03T22:21:43.998+0000] {processor.py:208} INFO - Processing /home/airflow/.local/lib/python3.12/site-packages/airflow/example_dags/example_latest_only_with_trigger.py took 0.142 seconds
[2024-10-03T22:22:14.239+0000] {processor.py:186} INFO - Started process (PID=2130) to work on /home/airflow/.local/lib/python3.12/site-packages/airflow/example_dags/example_latest_only_with_trigger.py
[2024-10-03T22:22:14.241+0000] {processor.py:914} INFO - Processing file /home/airflow/.local/lib/python3.12/site-packages/airflow/example_dags/example_latest_only_with_trigger.py for tasks to queue
[2024-10-03T22:22:14.245+0000] {logging_mixin.py:190} INFO - [2024-10-03T22:22:14.244+0000] {dagbag.py:587} INFO - Filling up the DagBag from /home/airflow/.local/lib/python3.12/site-packages/airflow/example_dags/example_latest_only_with_trigger.py
[2024-10-03T22:22:14.255+0000] {processor.py:925} INFO - DAG(s) 'latest_only_with_trigger' retrieved from /home/airflow/.local/lib/python3.12/site-packages/airflow/example_dags/example_latest_only_with_trigger.py
[2024-10-03T22:22:14.285+0000] {logging_mixin.py:190} INFO - [2024-10-03T22:22:14.285+0000] {dag.py:3229} INFO - Sync 1 DAGs
[2024-10-03T22:22:14.317+0000] {logging_mixin.py:190} INFO - [2024-10-03T22:22:14.317+0000] {dag.py:4156} INFO - Setting next_dagrun for latest_only_with_trigger to 2024-10-03 16:00:00+00:00, run_after=2024-10-03 20:00:00+00:00
[2024-10-03T22:22:14.343+0000] {processor.py:208} INFO - Processing /home/airflow/.local/lib/python3.12/site-packages/airflow/example_dags/example_latest_only_with_trigger.py took 0.113 seconds
[2024-10-03T22:22:44.489+0000] {processor.py:186} INFO - Started process (PID=2193) to work on /home/airflow/.local/lib/python3.12/site-packages/airflow/example_dags/example_latest_only_with_trigger.py
[2024-10-03T22:22:44.490+0000] {processor.py:914} INFO - Processing file /home/airflow/.local/lib/python3.12/site-packages/airflow/example_dags/example_latest_only_with_trigger.py for tasks to queue
[2024-10-03T22:22:44.494+0000] {logging_mixin.py:190} INFO - [2024-10-03T22:22:44.494+0000] {dagbag.py:587} INFO - Filling up the DagBag from /home/airflow/.local/lib/python3.12/site-packages/airflow/example_dags/example_latest_only_with_trigger.py
[2024-10-03T22:22:44.504+0000] {processor.py:925} INFO - DAG(s) 'latest_only_with_trigger' retrieved from /home/airflow/.local/lib/python3.12/site-packages/airflow/example_dags/example_latest_only_with_trigger.py
[2024-10-03T22:22:44.532+0000] {logging_mixin.py:190} INFO - [2024-10-03T22:22:44.532+0000] {dag.py:3229} INFO - Sync 1 DAGs
[2024-10-03T22:22:44.568+0000] {logging_mixin.py:190} INFO - [2024-10-03T22:22:44.568+0000] {dag.py:4156} INFO - Setting next_dagrun for latest_only_with_trigger to 2024-10-03 16:00:00+00:00, run_after=2024-10-03 20:00:00+00:00
[2024-10-03T22:22:44.593+0000] {processor.py:208} INFO - Processing /home/airflow/.local/lib/python3.12/site-packages/airflow/example_dags/example_latest_only_with_trigger.py took 0.113 seconds
[2024-10-03T22:23:15.074+0000] {processor.py:186} INFO - Started process (PID=2255) to work on /home/airflow/.local/lib/python3.12/site-packages/airflow/example_dags/example_latest_only_with_trigger.py
[2024-10-03T22:23:15.076+0000] {processor.py:914} INFO - Processing file /home/airflow/.local/lib/python3.12/site-packages/airflow/example_dags/example_latest_only_with_trigger.py for tasks to queue
[2024-10-03T22:23:15.080+0000] {logging_mixin.py:190} INFO - [2024-10-03T22:23:15.080+0000] {dagbag.py:587} INFO - Filling up the DagBag from /home/airflow/.local/lib/python3.12/site-packages/airflow/example_dags/example_latest_only_with_trigger.py
[2024-10-03T22:23:15.091+0000] {processor.py:925} INFO - DAG(s) 'latest_only_with_trigger' retrieved from /home/airflow/.local/lib/python3.12/site-packages/airflow/example_dags/example_latest_only_with_trigger.py
[2024-10-03T22:23:15.122+0000] {logging_mixin.py:190} INFO - [2024-10-03T22:23:15.122+0000] {dag.py:3229} INFO - Sync 1 DAGs
[2024-10-03T22:23:15.158+0000] {logging_mixin.py:190} INFO - [2024-10-03T22:23:15.158+0000] {dag.py:4156} INFO - Setting next_dagrun for latest_only_with_trigger to 2024-10-03 16:00:00+00:00, run_after=2024-10-03 20:00:00+00:00
[2024-10-03T22:23:15.202+0000] {processor.py:208} INFO - Processing /home/airflow/.local/lib/python3.12/site-packages/airflow/example_dags/example_latest_only_with_trigger.py took 0.138 seconds
[2024-10-03T22:23:46.003+0000] {processor.py:186} INFO - Started process (PID=2318) to work on /home/airflow/.local/lib/python3.12/site-packages/airflow/example_dags/example_latest_only_with_trigger.py
[2024-10-03T22:23:46.004+0000] {processor.py:914} INFO - Processing file /home/airflow/.local/lib/python3.12/site-packages/airflow/example_dags/example_latest_only_with_trigger.py for tasks to queue
[2024-10-03T22:23:46.013+0000] {logging_mixin.py:190} INFO - [2024-10-03T22:23:46.011+0000] {dagbag.py:587} INFO - Filling up the DagBag from /home/airflow/.local/lib/python3.12/site-packages/airflow/example_dags/example_latest_only_with_trigger.py
[2024-10-03T22:23:46.023+0000] {processor.py:925} INFO - DAG(s) 'latest_only_with_trigger' retrieved from /home/airflow/.local/lib/python3.12/site-packages/airflow/example_dags/example_latest_only_with_trigger.py
[2024-10-03T22:23:46.057+0000] {logging_mixin.py:190} INFO - [2024-10-03T22:23:46.057+0000] {dag.py:3229} INFO - Sync 1 DAGs
[2024-10-03T22:23:46.100+0000] {logging_mixin.py:190} INFO - [2024-10-03T22:23:46.100+0000] {dag.py:4156} INFO - Setting next_dagrun for latest_only_with_trigger to 2024-10-03 16:00:00+00:00, run_after=2024-10-03 20:00:00+00:00
[2024-10-03T22:23:46.141+0000] {processor.py:208} INFO - Processing /home/airflow/.local/lib/python3.12/site-packages/airflow/example_dags/example_latest_only_with_trigger.py took 0.149 seconds
[2024-10-03T22:24:16.624+0000] {processor.py:186} INFO - Started process (PID=2386) to work on /home/airflow/.local/lib/python3.12/site-packages/airflow/example_dags/example_latest_only_with_trigger.py
[2024-10-03T22:24:16.626+0000] {processor.py:914} INFO - Processing file /home/airflow/.local/lib/python3.12/site-packages/airflow/example_dags/example_latest_only_with_trigger.py for tasks to queue
[2024-10-03T22:24:16.630+0000] {logging_mixin.py:190} INFO - [2024-10-03T22:24:16.629+0000] {dagbag.py:587} INFO - Filling up the DagBag from /home/airflow/.local/lib/python3.12/site-packages/airflow/example_dags/example_latest_only_with_trigger.py
[2024-10-03T22:24:16.640+0000] {processor.py:925} INFO - DAG(s) 'latest_only_with_trigger' retrieved from /home/airflow/.local/lib/python3.12/site-packages/airflow/example_dags/example_latest_only_with_trigger.py
[2024-10-03T22:24:16.672+0000] {logging_mixin.py:190} INFO - [2024-10-03T22:24:16.671+0000] {dag.py:3229} INFO - Sync 1 DAGs
[2024-10-03T22:24:16.714+0000] {logging_mixin.py:190} INFO - [2024-10-03T22:24:16.714+0000] {dag.py:4156} INFO - Setting next_dagrun for latest_only_with_trigger to 2024-10-03 16:00:00+00:00, run_after=2024-10-03 20:00:00+00:00
[2024-10-03T22:24:16.745+0000] {processor.py:208} INFO - Processing /home/airflow/.local/lib/python3.12/site-packages/airflow/example_dags/example_latest_only_with_trigger.py took 0.130 seconds
[2024-10-03T22:24:47.101+0000] {processor.py:186} INFO - Started process (PID=2449) to work on /home/airflow/.local/lib/python3.12/site-packages/airflow/example_dags/example_latest_only_with_trigger.py
[2024-10-03T22:24:47.102+0000] {processor.py:914} INFO - Processing file /home/airflow/.local/lib/python3.12/site-packages/airflow/example_dags/example_latest_only_with_trigger.py for tasks to queue
[2024-10-03T22:24:47.108+0000] {logging_mixin.py:190} INFO - [2024-10-03T22:24:47.107+0000] {dagbag.py:587} INFO - Filling up the DagBag from /home/airflow/.local/lib/python3.12/site-packages/airflow/example_dags/example_latest_only_with_trigger.py
[2024-10-03T22:24:47.132+0000] {processor.py:925} INFO - DAG(s) 'latest_only_with_trigger' retrieved from /home/airflow/.local/lib/python3.12/site-packages/airflow/example_dags/example_latest_only_with_trigger.py
[2024-10-03T22:24:47.339+0000] {logging_mixin.py:190} INFO - [2024-10-03T22:24:47.339+0000] {dag.py:3229} INFO - Sync 1 DAGs
[2024-10-03T22:24:47.414+0000] {logging_mixin.py:190} INFO - [2024-10-03T22:24:47.413+0000] {dag.py:4156} INFO - Setting next_dagrun for latest_only_with_trigger to 2024-10-03 16:00:00+00:00, run_after=2024-10-03 20:00:00+00:00
[2024-10-03T22:24:47.455+0000] {processor.py:208} INFO - Processing /home/airflow/.local/lib/python3.12/site-packages/airflow/example_dags/example_latest_only_with_trigger.py took 0.374 seconds
[2024-10-03T22:25:18.527+0000] {processor.py:186} INFO - Started process (PID=2512) to work on /home/airflow/.local/lib/python3.12/site-packages/airflow/example_dags/example_latest_only_with_trigger.py
[2024-10-03T22:25:18.529+0000] {processor.py:914} INFO - Processing file /home/airflow/.local/lib/python3.12/site-packages/airflow/example_dags/example_latest_only_with_trigger.py for tasks to queue
[2024-10-03T22:25:18.534+0000] {logging_mixin.py:190} INFO - [2024-10-03T22:25:18.532+0000] {dagbag.py:587} INFO - Filling up the DagBag from /home/airflow/.local/lib/python3.12/site-packages/airflow/example_dags/example_latest_only_with_trigger.py
[2024-10-03T22:25:18.546+0000] {processor.py:925} INFO - DAG(s) 'latest_only_with_trigger' retrieved from /home/airflow/.local/lib/python3.12/site-packages/airflow/example_dags/example_latest_only_with_trigger.py
[2024-10-03T22:25:18.579+0000] {logging_mixin.py:190} INFO - [2024-10-03T22:25:18.578+0000] {dag.py:3229} INFO - Sync 1 DAGs
[2024-10-03T22:25:18.633+0000] {logging_mixin.py:190} INFO - [2024-10-03T22:25:18.633+0000] {dag.py:4156} INFO - Setting next_dagrun for latest_only_with_trigger to 2024-10-03 16:00:00+00:00, run_after=2024-10-03 20:00:00+00:00
[2024-10-03T22:25:18.665+0000] {processor.py:208} INFO - Processing /home/airflow/.local/lib/python3.12/site-packages/airflow/example_dags/example_latest_only_with_trigger.py took 0.150 seconds
[2024-10-03T22:25:48.934+0000] {processor.py:186} INFO - Started process (PID=2574) to work on /home/airflow/.local/lib/python3.12/site-packages/airflow/example_dags/example_latest_only_with_trigger.py
[2024-10-03T22:25:48.936+0000] {processor.py:914} INFO - Processing file /home/airflow/.local/lib/python3.12/site-packages/airflow/example_dags/example_latest_only_with_trigger.py for tasks to queue
[2024-10-03T22:25:48.942+0000] {logging_mixin.py:190} INFO - [2024-10-03T22:25:48.941+0000] {dagbag.py:587} INFO - Filling up the DagBag from /home/airflow/.local/lib/python3.12/site-packages/airflow/example_dags/example_latest_only_with_trigger.py
[2024-10-03T22:25:48.959+0000] {processor.py:925} INFO - DAG(s) 'latest_only_with_trigger' retrieved from /home/airflow/.local/lib/python3.12/site-packages/airflow/example_dags/example_latest_only_with_trigger.py
[2024-10-03T22:25:48.997+0000] {logging_mixin.py:190} INFO - [2024-10-03T22:25:48.996+0000] {dag.py:3229} INFO - Sync 1 DAGs
[2024-10-03T22:25:49.059+0000] {logging_mixin.py:190} INFO - [2024-10-03T22:25:49.059+0000] {dag.py:4156} INFO - Setting next_dagrun for latest_only_with_trigger to 2024-10-03 16:00:00+00:00, run_after=2024-10-03 20:00:00+00:00
[2024-10-03T22:25:49.101+0000] {processor.py:208} INFO - Processing /home/airflow/.local/lib/python3.12/site-packages/airflow/example_dags/example_latest_only_with_trigger.py took 0.175 seconds
[2024-10-03T22:26:19.797+0000] {processor.py:186} INFO - Started process (PID=2637) to work on /home/airflow/.local/lib/python3.12/site-packages/airflow/example_dags/example_latest_only_with_trigger.py
[2024-10-03T22:26:19.799+0000] {processor.py:914} INFO - Processing file /home/airflow/.local/lib/python3.12/site-packages/airflow/example_dags/example_latest_only_with_trigger.py for tasks to queue
[2024-10-03T22:26:19.803+0000] {logging_mixin.py:190} INFO - [2024-10-03T22:26:19.803+0000] {dagbag.py:587} INFO - Filling up the DagBag from /home/airflow/.local/lib/python3.12/site-packages/airflow/example_dags/example_latest_only_with_trigger.py
[2024-10-03T22:26:19.818+0000] {processor.py:925} INFO - DAG(s) 'latest_only_with_trigger' retrieved from /home/airflow/.local/lib/python3.12/site-packages/airflow/example_dags/example_latest_only_with_trigger.py
[2024-10-03T22:26:19.872+0000] {logging_mixin.py:190} INFO - [2024-10-03T22:26:19.871+0000] {dag.py:3229} INFO - Sync 1 DAGs
[2024-10-03T22:26:19.925+0000] {logging_mixin.py:190} INFO - [2024-10-03T22:26:19.924+0000] {dag.py:4156} INFO - Setting next_dagrun for latest_only_with_trigger to 2024-10-03 16:00:00+00:00, run_after=2024-10-03 20:00:00+00:00
[2024-10-03T22:26:19.974+0000] {processor.py:208} INFO - Processing /home/airflow/.local/lib/python3.12/site-packages/airflow/example_dags/example_latest_only_with_trigger.py took 0.188 seconds
[2024-10-03T22:26:50.144+0000] {processor.py:186} INFO - Started process (PID=2701) to work on /home/airflow/.local/lib/python3.12/site-packages/airflow/example_dags/example_latest_only_with_trigger.py
[2024-10-03T22:26:50.146+0000] {processor.py:914} INFO - Processing file /home/airflow/.local/lib/python3.12/site-packages/airflow/example_dags/example_latest_only_with_trigger.py for tasks to queue
[2024-10-03T22:26:50.151+0000] {logging_mixin.py:190} INFO - [2024-10-03T22:26:50.149+0000] {dagbag.py:587} INFO - Filling up the DagBag from /home/airflow/.local/lib/python3.12/site-packages/airflow/example_dags/example_latest_only_with_trigger.py
[2024-10-03T22:26:50.164+0000] {processor.py:925} INFO - DAG(s) 'latest_only_with_trigger' retrieved from /home/airflow/.local/lib/python3.12/site-packages/airflow/example_dags/example_latest_only_with_trigger.py
[2024-10-03T22:26:50.202+0000] {logging_mixin.py:190} INFO - [2024-10-03T22:26:50.201+0000] {dag.py:3229} INFO - Sync 1 DAGs
[2024-10-03T22:26:50.244+0000] {logging_mixin.py:190} INFO - [2024-10-03T22:26:50.244+0000] {dag.py:4156} INFO - Setting next_dagrun for latest_only_with_trigger to 2024-10-03 16:00:00+00:00, run_after=2024-10-03 20:00:00+00:00
[2024-10-03T22:26:50.280+0000] {processor.py:208} INFO - Processing /home/airflow/.local/lib/python3.12/site-packages/airflow/example_dags/example_latest_only_with_trigger.py took 0.147 seconds
[2024-10-03T22:27:20.721+0000] {processor.py:186} INFO - Started process (PID=2764) to work on /home/airflow/.local/lib/python3.12/site-packages/airflow/example_dags/example_latest_only_with_trigger.py
[2024-10-03T22:27:20.723+0000] {processor.py:914} INFO - Processing file /home/airflow/.local/lib/python3.12/site-packages/airflow/example_dags/example_latest_only_with_trigger.py for tasks to queue
[2024-10-03T22:27:20.727+0000] {logging_mixin.py:190} INFO - [2024-10-03T22:27:20.726+0000] {dagbag.py:587} INFO - Filling up the DagBag from /home/airflow/.local/lib/python3.12/site-packages/airflow/example_dags/example_latest_only_with_trigger.py
[2024-10-03T22:27:20.740+0000] {processor.py:925} INFO - DAG(s) 'latest_only_with_trigger' retrieved from /home/airflow/.local/lib/python3.12/site-packages/airflow/example_dags/example_latest_only_with_trigger.py
[2024-10-03T22:27:20.766+0000] {logging_mixin.py:190} INFO - [2024-10-03T22:27:20.766+0000] {dag.py:3229} INFO - Sync 1 DAGs
[2024-10-03T22:27:20.803+0000] {logging_mixin.py:190} INFO - [2024-10-03T22:27:20.802+0000] {dag.py:4156} INFO - Setting next_dagrun for latest_only_with_trigger to 2024-10-03 16:00:00+00:00, run_after=2024-10-03 20:00:00+00:00
[2024-10-03T22:27:20.841+0000] {processor.py:208} INFO - Processing /home/airflow/.local/lib/python3.12/site-packages/airflow/example_dags/example_latest_only_with_trigger.py took 0.129 seconds
[2024-10-03T22:27:51.387+0000] {processor.py:186} INFO - Started process (PID=2827) to work on /home/airflow/.local/lib/python3.12/site-packages/airflow/example_dags/example_latest_only_with_trigger.py
[2024-10-03T22:27:51.388+0000] {processor.py:914} INFO - Processing file /home/airflow/.local/lib/python3.12/site-packages/airflow/example_dags/example_latest_only_with_trigger.py for tasks to queue
[2024-10-03T22:27:51.393+0000] {logging_mixin.py:190} INFO - [2024-10-03T22:27:51.392+0000] {dagbag.py:587} INFO - Filling up the DagBag from /home/airflow/.local/lib/python3.12/site-packages/airflow/example_dags/example_latest_only_with_trigger.py
[2024-10-03T22:27:51.408+0000] {processor.py:925} INFO - DAG(s) 'latest_only_with_trigger' retrieved from /home/airflow/.local/lib/python3.12/site-packages/airflow/example_dags/example_latest_only_with_trigger.py
[2024-10-03T22:27:51.443+0000] {logging_mixin.py:190} INFO - [2024-10-03T22:27:51.443+0000] {dag.py:3229} INFO - Sync 1 DAGs
[2024-10-03T22:27:51.498+0000] {logging_mixin.py:190} INFO - [2024-10-03T22:27:51.497+0000] {dag.py:4156} INFO - Setting next_dagrun for latest_only_with_trigger to 2024-10-03 16:00:00+00:00, run_after=2024-10-03 20:00:00+00:00
[2024-10-03T22:27:51.543+0000] {processor.py:208} INFO - Processing /home/airflow/.local/lib/python3.12/site-packages/airflow/example_dags/example_latest_only_with_trigger.py took 0.173 seconds
[2024-10-03T22:28:21.878+0000] {processor.py:186} INFO - Started process (PID=2890) to work on /home/airflow/.local/lib/python3.12/site-packages/airflow/example_dags/example_latest_only_with_trigger.py
[2024-10-03T22:28:21.880+0000] {processor.py:914} INFO - Processing file /home/airflow/.local/lib/python3.12/site-packages/airflow/example_dags/example_latest_only_with_trigger.py for tasks to queue
[2024-10-03T22:28:21.883+0000] {logging_mixin.py:190} INFO - [2024-10-03T22:28:21.883+0000] {dagbag.py:587} INFO - Filling up the DagBag from /home/airflow/.local/lib/python3.12/site-packages/airflow/example_dags/example_latest_only_with_trigger.py
[2024-10-03T22:28:21.897+0000] {processor.py:925} INFO - DAG(s) 'latest_only_with_trigger' retrieved from /home/airflow/.local/lib/python3.12/site-packages/airflow/example_dags/example_latest_only_with_trigger.py
[2024-10-03T22:28:21.936+0000] {logging_mixin.py:190} INFO - [2024-10-03T22:28:21.936+0000] {dag.py:3229} INFO - Sync 1 DAGs
[2024-10-03T22:28:21.976+0000] {logging_mixin.py:190} INFO - [2024-10-03T22:28:21.976+0000] {dag.py:4156} INFO - Setting next_dagrun for latest_only_with_trigger to 2024-10-03 16:00:00+00:00, run_after=2024-10-03 20:00:00+00:00
[2024-10-03T22:28:22.030+0000] {processor.py:208} INFO - Processing /home/airflow/.local/lib/python3.12/site-packages/airflow/example_dags/example_latest_only_with_trigger.py took 0.164 seconds
[2024-10-03T22:28:52.572+0000] {processor.py:186} INFO - Started process (PID=2953) to work on /home/airflow/.local/lib/python3.12/site-packages/airflow/example_dags/example_latest_only_with_trigger.py
[2024-10-03T22:28:52.573+0000] {processor.py:914} INFO - Processing file /home/airflow/.local/lib/python3.12/site-packages/airflow/example_dags/example_latest_only_with_trigger.py for tasks to queue
[2024-10-03T22:28:52.578+0000] {logging_mixin.py:190} INFO - [2024-10-03T22:28:52.578+0000] {dagbag.py:587} INFO - Filling up the DagBag from /home/airflow/.local/lib/python3.12/site-packages/airflow/example_dags/example_latest_only_with_trigger.py
[2024-10-03T22:28:52.591+0000] {processor.py:925} INFO - DAG(s) 'latest_only_with_trigger' retrieved from /home/airflow/.local/lib/python3.12/site-packages/airflow/example_dags/example_latest_only_with_trigger.py
[2024-10-03T22:28:52.628+0000] {logging_mixin.py:190} INFO - [2024-10-03T22:28:52.627+0000] {dag.py:3229} INFO - Sync 1 DAGs
[2024-10-03T22:28:52.974+0000] {logging_mixin.py:190} INFO - [2024-10-03T22:28:52.974+0000] {dag.py:4156} INFO - Setting next_dagrun for latest_only_with_trigger to 2024-10-03 16:00:00+00:00, run_after=2024-10-03 20:00:00+00:00
[2024-10-03T22:28:53.014+0000] {processor.py:208} INFO - Processing /home/airflow/.local/lib/python3.12/site-packages/airflow/example_dags/example_latest_only_with_trigger.py took 0.454 seconds
[2024-10-03T22:29:23.312+0000] {processor.py:186} INFO - Started process (PID=3016) to work on /home/airflow/.local/lib/python3.12/site-packages/airflow/example_dags/example_latest_only_with_trigger.py
[2024-10-03T22:29:23.313+0000] {processor.py:914} INFO - Processing file /home/airflow/.local/lib/python3.12/site-packages/airflow/example_dags/example_latest_only_with_trigger.py for tasks to queue
[2024-10-03T22:29:23.316+0000] {logging_mixin.py:190} INFO - [2024-10-03T22:29:23.316+0000] {dagbag.py:587} INFO - Filling up the DagBag from /home/airflow/.local/lib/python3.12/site-packages/airflow/example_dags/example_latest_only_with_trigger.py
[2024-10-03T22:29:23.325+0000] {processor.py:925} INFO - DAG(s) 'latest_only_with_trigger' retrieved from /home/airflow/.local/lib/python3.12/site-packages/airflow/example_dags/example_latest_only_with_trigger.py
[2024-10-03T22:29:23.353+0000] {logging_mixin.py:190} INFO - [2024-10-03T22:29:23.352+0000] {dag.py:3229} INFO - Sync 1 DAGs
[2024-10-03T22:29:23.393+0000] {logging_mixin.py:190} INFO - [2024-10-03T22:29:23.393+0000] {dag.py:4156} INFO - Setting next_dagrun for latest_only_with_trigger to 2024-10-03 16:00:00+00:00, run_after=2024-10-03 20:00:00+00:00
[2024-10-03T22:29:23.632+0000] {processor.py:208} INFO - Processing /home/airflow/.local/lib/python3.12/site-packages/airflow/example_dags/example_latest_only_with_trigger.py took 0.329 seconds
[2024-10-03T22:29:54.048+0000] {processor.py:186} INFO - Started process (PID=3078) to work on /home/airflow/.local/lib/python3.12/site-packages/airflow/example_dags/example_latest_only_with_trigger.py
[2024-10-03T22:29:54.049+0000] {processor.py:914} INFO - Processing file /home/airflow/.local/lib/python3.12/site-packages/airflow/example_dags/example_latest_only_with_trigger.py for tasks to queue
[2024-10-03T22:29:54.052+0000] {logging_mixin.py:190} INFO - [2024-10-03T22:29:54.052+0000] {dagbag.py:587} INFO - Filling up the DagBag from /home/airflow/.local/lib/python3.12/site-packages/airflow/example_dags/example_latest_only_with_trigger.py
[2024-10-03T22:29:54.064+0000] {processor.py:925} INFO - DAG(s) 'latest_only_with_trigger' retrieved from /home/airflow/.local/lib/python3.12/site-packages/airflow/example_dags/example_latest_only_with_trigger.py
[2024-10-03T22:29:54.094+0000] {logging_mixin.py:190} INFO - [2024-10-03T22:29:54.093+0000] {dag.py:3229} INFO - Sync 1 DAGs
[2024-10-03T22:29:54.137+0000] {logging_mixin.py:190} INFO - [2024-10-03T22:29:54.136+0000] {dag.py:4156} INFO - Setting next_dagrun for latest_only_with_trigger to 2024-10-03 16:00:00+00:00, run_after=2024-10-03 20:00:00+00:00
[2024-10-03T22:29:54.470+0000] {processor.py:208} INFO - Processing /home/airflow/.local/lib/python3.12/site-packages/airflow/example_dags/example_latest_only_with_trigger.py took 0.429 seconds
[2024-10-03T22:30:24.645+0000] {processor.py:186} INFO - Started process (PID=3141) to work on /home/airflow/.local/lib/python3.12/site-packages/airflow/example_dags/example_latest_only_with_trigger.py
[2024-10-03T22:30:24.646+0000] {processor.py:914} INFO - Processing file /home/airflow/.local/lib/python3.12/site-packages/airflow/example_dags/example_latest_only_with_trigger.py for tasks to queue
[2024-10-03T22:30:24.650+0000] {logging_mixin.py:190} INFO - [2024-10-03T22:30:24.649+0000] {dagbag.py:587} INFO - Filling up the DagBag from /home/airflow/.local/lib/python3.12/site-packages/airflow/example_dags/example_latest_only_with_trigger.py
[2024-10-03T22:30:24.658+0000] {processor.py:925} INFO - DAG(s) 'latest_only_with_trigger' retrieved from /home/airflow/.local/lib/python3.12/site-packages/airflow/example_dags/example_latest_only_with_trigger.py
[2024-10-03T22:30:24.682+0000] {logging_mixin.py:190} INFO - [2024-10-03T22:30:24.682+0000] {dag.py:3229} INFO - Sync 1 DAGs
[2024-10-03T22:30:24.710+0000] {logging_mixin.py:190} INFO - [2024-10-03T22:30:24.710+0000] {dag.py:4156} INFO - Setting next_dagrun for latest_only_with_trigger to 2024-10-03 16:00:00+00:00, run_after=2024-10-03 20:00:00+00:00
[2024-10-03T22:30:24.901+0000] {processor.py:208} INFO - Processing /home/airflow/.local/lib/python3.12/site-packages/airflow/example_dags/example_latest_only_with_trigger.py took 0.262 seconds
[2024-10-03T22:30:55.080+0000] {processor.py:186} INFO - Started process (PID=3203) to work on /home/airflow/.local/lib/python3.12/site-packages/airflow/example_dags/example_latest_only_with_trigger.py
[2024-10-03T22:30:55.082+0000] {processor.py:914} INFO - Processing file /home/airflow/.local/lib/python3.12/site-packages/airflow/example_dags/example_latest_only_with_trigger.py for tasks to queue
[2024-10-03T22:30:55.085+0000] {logging_mixin.py:190} INFO - [2024-10-03T22:30:55.085+0000] {dagbag.py:587} INFO - Filling up the DagBag from /home/airflow/.local/lib/python3.12/site-packages/airflow/example_dags/example_latest_only_with_trigger.py
[2024-10-03T22:30:55.094+0000] {processor.py:925} INFO - DAG(s) 'latest_only_with_trigger' retrieved from /home/airflow/.local/lib/python3.12/site-packages/airflow/example_dags/example_latest_only_with_trigger.py
[2024-10-03T22:30:55.118+0000] {logging_mixin.py:190} INFO - [2024-10-03T22:30:55.118+0000] {dag.py:3229} INFO - Sync 1 DAGs
[2024-10-03T22:30:55.148+0000] {logging_mixin.py:190} INFO - [2024-10-03T22:30:55.148+0000] {dag.py:4156} INFO - Setting next_dagrun for latest_only_with_trigger to 2024-10-03 16:00:00+00:00, run_after=2024-10-03 20:00:00+00:00
[2024-10-03T22:30:55.343+0000] {processor.py:208} INFO - Processing /home/airflow/.local/lib/python3.12/site-packages/airflow/example_dags/example_latest_only_with_trigger.py took 0.272 seconds
[2024-10-03T22:31:25.529+0000] {processor.py:186} INFO - Started process (PID=3266) to work on /home/airflow/.local/lib/python3.12/site-packages/airflow/example_dags/example_latest_only_with_trigger.py
[2024-10-03T22:31:25.530+0000] {processor.py:914} INFO - Processing file /home/airflow/.local/lib/python3.12/site-packages/airflow/example_dags/example_latest_only_with_trigger.py for tasks to queue
[2024-10-03T22:31:25.536+0000] {logging_mixin.py:190} INFO - [2024-10-03T22:31:25.533+0000] {dagbag.py:587} INFO - Filling up the DagBag from /home/airflow/.local/lib/python3.12/site-packages/airflow/example_dags/example_latest_only_with_trigger.py
[2024-10-03T22:31:25.559+0000] {processor.py:925} INFO - DAG(s) 'latest_only_with_trigger' retrieved from /home/airflow/.local/lib/python3.12/site-packages/airflow/example_dags/example_latest_only_with_trigger.py
[2024-10-03T22:31:25.600+0000] {logging_mixin.py:190} INFO - [2024-10-03T22:31:25.600+0000] {dag.py:3229} INFO - Sync 1 DAGs
[2024-10-03T22:31:25.649+0000] {logging_mixin.py:190} INFO - [2024-10-03T22:31:25.649+0000] {dag.py:4156} INFO - Setting next_dagrun for latest_only_with_trigger to 2024-10-03 16:00:00+00:00, run_after=2024-10-03 20:00:00+00:00
[2024-10-03T22:31:25.691+0000] {processor.py:208} INFO - Processing /home/airflow/.local/lib/python3.12/site-packages/airflow/example_dags/example_latest_only_with_trigger.py took 0.174 seconds
[2024-10-03T22:31:55.826+0000] {processor.py:186} INFO - Started process (PID=3329) to work on /home/airflow/.local/lib/python3.12/site-packages/airflow/example_dags/example_latest_only_with_trigger.py
[2024-10-03T22:31:55.828+0000] {processor.py:914} INFO - Processing file /home/airflow/.local/lib/python3.12/site-packages/airflow/example_dags/example_latest_only_with_trigger.py for tasks to queue
[2024-10-03T22:31:55.837+0000] {logging_mixin.py:190} INFO - [2024-10-03T22:31:55.836+0000] {dagbag.py:587} INFO - Filling up the DagBag from /home/airflow/.local/lib/python3.12/site-packages/airflow/example_dags/example_latest_only_with_trigger.py
[2024-10-03T22:31:55.853+0000] {processor.py:925} INFO - DAG(s) 'latest_only_with_trigger' retrieved from /home/airflow/.local/lib/python3.12/site-packages/airflow/example_dags/example_latest_only_with_trigger.py
[2024-10-03T22:31:55.899+0000] {logging_mixin.py:190} INFO - [2024-10-03T22:31:55.898+0000] {dag.py:3229} INFO - Sync 1 DAGs
[2024-10-03T22:31:55.948+0000] {logging_mixin.py:190} INFO - [2024-10-03T22:31:55.947+0000] {dag.py:4156} INFO - Setting next_dagrun for latest_only_with_trigger to 2024-10-03 16:00:00+00:00, run_after=2024-10-03 20:00:00+00:00
[2024-10-03T22:31:55.998+0000] {processor.py:208} INFO - Processing /home/airflow/.local/lib/python3.12/site-packages/airflow/example_dags/example_latest_only_with_trigger.py took 0.189 seconds
[2024-10-03T22:32:26.465+0000] {processor.py:186} INFO - Started process (PID=3392) to work on /home/airflow/.local/lib/python3.12/site-packages/airflow/example_dags/example_latest_only_with_trigger.py
[2024-10-03T22:32:26.467+0000] {processor.py:914} INFO - Processing file /home/airflow/.local/lib/python3.12/site-packages/airflow/example_dags/example_latest_only_with_trigger.py for tasks to queue
[2024-10-03T22:32:26.471+0000] {logging_mixin.py:190} INFO - [2024-10-03T22:32:26.471+0000] {dagbag.py:587} INFO - Filling up the DagBag from /home/airflow/.local/lib/python3.12/site-packages/airflow/example_dags/example_latest_only_with_trigger.py
[2024-10-03T22:32:26.485+0000] {processor.py:925} INFO - DAG(s) 'latest_only_with_trigger' retrieved from /home/airflow/.local/lib/python3.12/site-packages/airflow/example_dags/example_latest_only_with_trigger.py
[2024-10-03T22:32:26.519+0000] {logging_mixin.py:190} INFO - [2024-10-03T22:32:26.519+0000] {dag.py:3229} INFO - Sync 1 DAGs
[2024-10-03T22:32:26.556+0000] {logging_mixin.py:190} INFO - [2024-10-03T22:32:26.556+0000] {dag.py:4156} INFO - Setting next_dagrun for latest_only_with_trigger to 2024-10-03 16:00:00+00:00, run_after=2024-10-03 20:00:00+00:00
[2024-10-03T22:32:26.592+0000] {processor.py:208} INFO - Processing /home/airflow/.local/lib/python3.12/site-packages/airflow/example_dags/example_latest_only_with_trigger.py took 0.140 seconds
[2024-10-03T22:32:56.880+0000] {processor.py:186} INFO - Started process (PID=3455) to work on /home/airflow/.local/lib/python3.12/site-packages/airflow/example_dags/example_latest_only_with_trigger.py
[2024-10-03T22:32:56.881+0000] {processor.py:914} INFO - Processing file /home/airflow/.local/lib/python3.12/site-packages/airflow/example_dags/example_latest_only_with_trigger.py for tasks to queue
[2024-10-03T22:32:56.886+0000] {logging_mixin.py:190} INFO - [2024-10-03T22:32:56.886+0000] {dagbag.py:587} INFO - Filling up the DagBag from /home/airflow/.local/lib/python3.12/site-packages/airflow/example_dags/example_latest_only_with_trigger.py
[2024-10-03T22:32:56.898+0000] {processor.py:925} INFO - DAG(s) 'latest_only_with_trigger' retrieved from /home/airflow/.local/lib/python3.12/site-packages/airflow/example_dags/example_latest_only_with_trigger.py
[2024-10-03T22:32:56.962+0000] {logging_mixin.py:190} INFO - [2024-10-03T22:32:56.961+0000] {dag.py:3229} INFO - Sync 1 DAGs
[2024-10-03T22:32:57.081+0000] {logging_mixin.py:190} INFO - [2024-10-03T22:32:57.081+0000] {dag.py:4156} INFO - Setting next_dagrun for latest_only_with_trigger to 2024-10-03 16:00:00+00:00, run_after=2024-10-03 20:00:00+00:00
[2024-10-03T22:32:57.115+0000] {processor.py:208} INFO - Processing /home/airflow/.local/lib/python3.12/site-packages/airflow/example_dags/example_latest_only_with_trigger.py took 0.245 seconds
[2024-10-03T22:33:27.396+0000] {processor.py:186} INFO - Started process (PID=3518) to work on /home/airflow/.local/lib/python3.12/site-packages/airflow/example_dags/example_latest_only_with_trigger.py
[2024-10-03T22:33:27.397+0000] {processor.py:914} INFO - Processing file /home/airflow/.local/lib/python3.12/site-packages/airflow/example_dags/example_latest_only_with_trigger.py for tasks to queue
[2024-10-03T22:33:27.402+0000] {logging_mixin.py:190} INFO - [2024-10-03T22:33:27.401+0000] {dagbag.py:587} INFO - Filling up the DagBag from /home/airflow/.local/lib/python3.12/site-packages/airflow/example_dags/example_latest_only_with_trigger.py
[2024-10-03T22:33:27.412+0000] {processor.py:925} INFO - DAG(s) 'latest_only_with_trigger' retrieved from /home/airflow/.local/lib/python3.12/site-packages/airflow/example_dags/example_latest_only_with_trigger.py
[2024-10-03T22:33:27.443+0000] {logging_mixin.py:190} INFO - [2024-10-03T22:33:27.442+0000] {dag.py:3229} INFO - Sync 1 DAGs
[2024-10-03T22:33:27.486+0000] {logging_mixin.py:190} INFO - [2024-10-03T22:33:27.486+0000] {dag.py:4156} INFO - Setting next_dagrun for latest_only_with_trigger to 2024-10-03 16:00:00+00:00, run_after=2024-10-03 20:00:00+00:00
[2024-10-03T22:33:27.523+0000] {processor.py:208} INFO - Processing /home/airflow/.local/lib/python3.12/site-packages/airflow/example_dags/example_latest_only_with_trigger.py took 0.137 seconds
[2024-10-03T22:33:58.319+0000] {processor.py:186} INFO - Started process (PID=3580) to work on /home/airflow/.local/lib/python3.12/site-packages/airflow/example_dags/example_latest_only_with_trigger.py
[2024-10-03T22:33:58.320+0000] {processor.py:914} INFO - Processing file /home/airflow/.local/lib/python3.12/site-packages/airflow/example_dags/example_latest_only_with_trigger.py for tasks to queue
[2024-10-03T22:33:58.323+0000] {logging_mixin.py:190} INFO - [2024-10-03T22:33:58.323+0000] {dagbag.py:587} INFO - Filling up the DagBag from /home/airflow/.local/lib/python3.12/site-packages/airflow/example_dags/example_latest_only_with_trigger.py
[2024-10-03T22:33:58.334+0000] {processor.py:925} INFO - DAG(s) 'latest_only_with_trigger' retrieved from /home/airflow/.local/lib/python3.12/site-packages/airflow/example_dags/example_latest_only_with_trigger.py
[2024-10-03T22:33:58.365+0000] {logging_mixin.py:190} INFO - [2024-10-03T22:33:58.365+0000] {dag.py:3229} INFO - Sync 1 DAGs
[2024-10-03T22:33:58.399+0000] {logging_mixin.py:190} INFO - [2024-10-03T22:33:58.399+0000] {dag.py:4156} INFO - Setting next_dagrun for latest_only_with_trigger to 2024-10-03 16:00:00+00:00, run_after=2024-10-03 20:00:00+00:00
[2024-10-03T22:33:58.431+0000] {processor.py:208} INFO - Processing /home/airflow/.local/lib/python3.12/site-packages/airflow/example_dags/example_latest_only_with_trigger.py took 0.119 seconds
[2024-10-03T22:34:29.089+0000] {processor.py:186} INFO - Started process (PID=3643) to work on /home/airflow/.local/lib/python3.12/site-packages/airflow/example_dags/example_latest_only_with_trigger.py
[2024-10-03T22:34:29.090+0000] {processor.py:914} INFO - Processing file /home/airflow/.local/lib/python3.12/site-packages/airflow/example_dags/example_latest_only_with_trigger.py for tasks to queue
[2024-10-03T22:34:29.092+0000] {logging_mixin.py:190} INFO - [2024-10-03T22:34:29.092+0000] {dagbag.py:587} INFO - Filling up the DagBag from /home/airflow/.local/lib/python3.12/site-packages/airflow/example_dags/example_latest_only_with_trigger.py
[2024-10-03T22:34:29.102+0000] {processor.py:925} INFO - DAG(s) 'latest_only_with_trigger' retrieved from /home/airflow/.local/lib/python3.12/site-packages/airflow/example_dags/example_latest_only_with_trigger.py
[2024-10-03T22:34:29.136+0000] {logging_mixin.py:190} INFO - [2024-10-03T22:34:29.135+0000] {dag.py:3229} INFO - Sync 1 DAGs
[2024-10-03T22:34:29.178+0000] {logging_mixin.py:190} INFO - [2024-10-03T22:34:29.178+0000] {dag.py:4156} INFO - Setting next_dagrun for latest_only_with_trigger to 2024-10-03 16:00:00+00:00, run_after=2024-10-03 20:00:00+00:00
[2024-10-03T22:34:29.210+0000] {processor.py:208} INFO - Processing /home/airflow/.local/lib/python3.12/site-packages/airflow/example_dags/example_latest_only_with_trigger.py took 0.135 seconds
[2024-10-03T22:34:59.316+0000] {processor.py:186} INFO - Started process (PID=3706) to work on /home/airflow/.local/lib/python3.12/site-packages/airflow/example_dags/example_latest_only_with_trigger.py
[2024-10-03T22:34:59.318+0000] {processor.py:914} INFO - Processing file /home/airflow/.local/lib/python3.12/site-packages/airflow/example_dags/example_latest_only_with_trigger.py for tasks to queue
[2024-10-03T22:34:59.321+0000] {logging_mixin.py:190} INFO - [2024-10-03T22:34:59.321+0000] {dagbag.py:587} INFO - Filling up the DagBag from /home/airflow/.local/lib/python3.12/site-packages/airflow/example_dags/example_latest_only_with_trigger.py
[2024-10-03T22:34:59.332+0000] {processor.py:925} INFO - DAG(s) 'latest_only_with_trigger' retrieved from /home/airflow/.local/lib/python3.12/site-packages/airflow/example_dags/example_latest_only_with_trigger.py
[2024-10-03T22:34:59.364+0000] {logging_mixin.py:190} INFO - [2024-10-03T22:34:59.364+0000] {dag.py:3229} INFO - Sync 1 DAGs
[2024-10-03T22:34:59.398+0000] {logging_mixin.py:190} INFO - [2024-10-03T22:34:59.398+0000] {dag.py:4156} INFO - Setting next_dagrun for latest_only_with_trigger to 2024-10-03 16:00:00+00:00, run_after=2024-10-03 20:00:00+00:00
[2024-10-03T22:34:59.441+0000] {processor.py:208} INFO - Processing /home/airflow/.local/lib/python3.12/site-packages/airflow/example_dags/example_latest_only_with_trigger.py took 0.134 seconds
