[2024-10-03T22:05:47.791+0000] {processor.py:186} INFO - Started process (PID=108) to work on /home/airflow/.local/lib/python3.12/site-packages/airflow/example_dags/example_branch_python_dop_operator_3.py
[2024-10-03T22:05:47.804+0000] {processor.py:914} INFO - Processing file /home/airflow/.local/lib/python3.12/site-packages/airflow/example_dags/example_branch_python_dop_operator_3.py for tasks to queue
[2024-10-03T22:05:47.822+0000] {logging_mixin.py:190} INFO - [2024-10-03T22:05:47.821+0000] {dagbag.py:587} INFO - Filling up the DagBag from /home/airflow/.local/lib/python3.12/site-packages/airflow/example_dags/example_branch_python_dop_operator_3.py
[2024-10-03T22:05:47.913+0000] {processor.py:925} INFO - DAG(s) 'example_branch_dop_operator_v3' retrieved from /home/airflow/.local/lib/python3.12/site-packages/airflow/example_dags/example_branch_python_dop_operator_3.py
[2024-10-03T22:05:48.048+0000] {logging_mixin.py:190} INFO - [2024-10-03T22:05:48.047+0000] {dag.py:3229} INFO - Sync 1 DAGs
[2024-10-03T22:05:48.360+0000] {logging_mixin.py:190} INFO - [2024-10-03T22:05:48.359+0000] {dag.py:4156} INFO - Setting next_dagrun for example_branch_dop_operator_v3 to 2024-10-03 22:04:00+00:00, run_after=2024-10-03 22:05:00+00:00
[2024-10-03T22:05:48.576+0000] {processor.py:208} INFO - Processing /home/airflow/.local/lib/python3.12/site-packages/airflow/example_dags/example_branch_python_dop_operator_3.py took 0.819 seconds
[2024-10-03T22:06:19.298+0000] {processor.py:186} INFO - Started process (PID=171) to work on /home/airflow/.local/lib/python3.12/site-packages/airflow/example_dags/example_branch_python_dop_operator_3.py
[2024-10-03T22:06:19.311+0000] {processor.py:914} INFO - Processing file /home/airflow/.local/lib/python3.12/site-packages/airflow/example_dags/example_branch_python_dop_operator_3.py for tasks to queue
[2024-10-03T22:06:19.338+0000] {logging_mixin.py:190} INFO - [2024-10-03T22:06:19.338+0000] {dagbag.py:587} INFO - Filling up the DagBag from /home/airflow/.local/lib/python3.12/site-packages/airflow/example_dags/example_branch_python_dop_operator_3.py
[2024-10-03T22:06:19.445+0000] {processor.py:925} INFO - DAG(s) 'example_branch_dop_operator_v3' retrieved from /home/airflow/.local/lib/python3.12/site-packages/airflow/example_dags/example_branch_python_dop_operator_3.py
[2024-10-03T22:06:19.587+0000] {logging_mixin.py:190} INFO - [2024-10-03T22:06:19.586+0000] {dag.py:3229} INFO - Sync 1 DAGs
[2024-10-03T22:06:19.773+0000] {logging_mixin.py:190} INFO - [2024-10-03T22:06:19.773+0000] {dag.py:4156} INFO - Setting next_dagrun for example_branch_dop_operator_v3 to 2024-10-03 22:05:00+00:00, run_after=2024-10-03 22:06:00+00:00
[2024-10-03T22:06:19.889+0000] {processor.py:208} INFO - Processing /home/airflow/.local/lib/python3.12/site-packages/airflow/example_dags/example_branch_python_dop_operator_3.py took 0.652 seconds
[2024-10-03T22:06:50.677+0000] {processor.py:186} INFO - Started process (PID=234) to work on /home/airflow/.local/lib/python3.12/site-packages/airflow/example_dags/example_branch_python_dop_operator_3.py
[2024-10-03T22:06:50.678+0000] {processor.py:914} INFO - Processing file /home/airflow/.local/lib/python3.12/site-packages/airflow/example_dags/example_branch_python_dop_operator_3.py for tasks to queue
[2024-10-03T22:06:50.692+0000] {logging_mixin.py:190} INFO - [2024-10-03T22:06:50.691+0000] {dagbag.py:587} INFO - Filling up the DagBag from /home/airflow/.local/lib/python3.12/site-packages/airflow/example_dags/example_branch_python_dop_operator_3.py
[2024-10-03T22:06:50.740+0000] {processor.py:925} INFO - DAG(s) 'example_branch_dop_operator_v3' retrieved from /home/airflow/.local/lib/python3.12/site-packages/airflow/example_dags/example_branch_python_dop_operator_3.py
[2024-10-03T22:06:50.871+0000] {logging_mixin.py:190} INFO - [2024-10-03T22:06:50.870+0000] {dag.py:3229} INFO - Sync 1 DAGs
[2024-10-03T22:06:51.124+0000] {logging_mixin.py:190} INFO - [2024-10-03T22:06:51.123+0000] {dag.py:4156} INFO - Setting next_dagrun for example_branch_dop_operator_v3 to 2024-10-03 22:05:00+00:00, run_after=2024-10-03 22:06:00+00:00
[2024-10-03T22:06:51.287+0000] {processor.py:208} INFO - Processing /home/airflow/.local/lib/python3.12/site-packages/airflow/example_dags/example_branch_python_dop_operator_3.py took 0.642 seconds
[2024-10-03T22:07:21.519+0000] {processor.py:186} INFO - Started process (PID=297) to work on /home/airflow/.local/lib/python3.12/site-packages/airflow/example_dags/example_branch_python_dop_operator_3.py
[2024-10-03T22:07:21.520+0000] {processor.py:914} INFO - Processing file /home/airflow/.local/lib/python3.12/site-packages/airflow/example_dags/example_branch_python_dop_operator_3.py for tasks to queue
[2024-10-03T22:07:21.533+0000] {logging_mixin.py:190} INFO - [2024-10-03T22:07:21.533+0000] {dagbag.py:587} INFO - Filling up the DagBag from /home/airflow/.local/lib/python3.12/site-packages/airflow/example_dags/example_branch_python_dop_operator_3.py
[2024-10-03T22:07:21.569+0000] {processor.py:925} INFO - DAG(s) 'example_branch_dop_operator_v3' retrieved from /home/airflow/.local/lib/python3.12/site-packages/airflow/example_dags/example_branch_python_dop_operator_3.py
[2024-10-03T22:07:21.640+0000] {logging_mixin.py:190} INFO - [2024-10-03T22:07:21.630+0000] {dag.py:3229} INFO - Sync 1 DAGs
[2024-10-03T22:07:21.754+0000] {logging_mixin.py:190} INFO - [2024-10-03T22:07:21.754+0000] {dag.py:4156} INFO - Setting next_dagrun for example_branch_dop_operator_v3 to 2024-10-03 22:06:00+00:00, run_after=2024-10-03 22:07:00+00:00
[2024-10-03T22:07:21.822+0000] {processor.py:208} INFO - Processing /home/airflow/.local/lib/python3.12/site-packages/airflow/example_dags/example_branch_python_dop_operator_3.py took 0.319 seconds
[2024-10-03T22:07:54.042+0000] {processor.py:186} INFO - Started process (PID=361) to work on /home/airflow/.local/lib/python3.12/site-packages/airflow/example_dags/example_branch_python_dop_operator_3.py
[2024-10-03T22:07:54.043+0000] {processor.py:914} INFO - Processing file /home/airflow/.local/lib/python3.12/site-packages/airflow/example_dags/example_branch_python_dop_operator_3.py for tasks to queue
[2024-10-03T22:07:54.058+0000] {logging_mixin.py:190} INFO - [2024-10-03T22:07:54.057+0000] {dagbag.py:587} INFO - Filling up the DagBag from /home/airflow/.local/lib/python3.12/site-packages/airflow/example_dags/example_branch_python_dop_operator_3.py
[2024-10-03T22:07:54.107+0000] {processor.py:925} INFO - DAG(s) 'example_branch_dop_operator_v3' retrieved from /home/airflow/.local/lib/python3.12/site-packages/airflow/example_dags/example_branch_python_dop_operator_3.py
[2024-10-03T22:07:54.187+0000] {logging_mixin.py:190} INFO - [2024-10-03T22:07:54.186+0000] {dag.py:3229} INFO - Sync 1 DAGs
[2024-10-03T22:07:54.333+0000] {logging_mixin.py:190} INFO - [2024-10-03T22:07:54.332+0000] {dag.py:4156} INFO - Setting next_dagrun for example_branch_dop_operator_v3 to 2024-10-03 22:06:00+00:00, run_after=2024-10-03 22:07:00+00:00
[2024-10-03T22:07:54.444+0000] {processor.py:208} INFO - Processing /home/airflow/.local/lib/python3.12/site-packages/airflow/example_dags/example_branch_python_dop_operator_3.py took 0.451 seconds
[2024-10-03T22:08:24.675+0000] {processor.py:186} INFO - Started process (PID=424) to work on /home/airflow/.local/lib/python3.12/site-packages/airflow/example_dags/example_branch_python_dop_operator_3.py
[2024-10-03T22:08:24.677+0000] {processor.py:914} INFO - Processing file /home/airflow/.local/lib/python3.12/site-packages/airflow/example_dags/example_branch_python_dop_operator_3.py for tasks to queue
[2024-10-03T22:08:24.682+0000] {logging_mixin.py:190} INFO - [2024-10-03T22:08:24.681+0000] {dagbag.py:587} INFO - Filling up the DagBag from /home/airflow/.local/lib/python3.12/site-packages/airflow/example_dags/example_branch_python_dop_operator_3.py
[2024-10-03T22:08:24.705+0000] {processor.py:925} INFO - DAG(s) 'example_branch_dop_operator_v3' retrieved from /home/airflow/.local/lib/python3.12/site-packages/airflow/example_dags/example_branch_python_dop_operator_3.py
[2024-10-03T22:08:24.752+0000] {logging_mixin.py:190} INFO - [2024-10-03T22:08:24.751+0000] {dag.py:3229} INFO - Sync 1 DAGs
[2024-10-03T22:08:24.828+0000] {logging_mixin.py:190} INFO - [2024-10-03T22:08:24.827+0000] {dag.py:4156} INFO - Setting next_dagrun for example_branch_dop_operator_v3 to 2024-10-03 22:07:00+00:00, run_after=2024-10-03 22:08:00+00:00
[2024-10-03T22:08:24.906+0000] {processor.py:208} INFO - Processing /home/airflow/.local/lib/python3.12/site-packages/airflow/example_dags/example_branch_python_dop_operator_3.py took 0.243 seconds
[2024-10-03T22:08:55.727+0000] {processor.py:186} INFO - Started process (PID=487) to work on /home/airflow/.local/lib/python3.12/site-packages/airflow/example_dags/example_branch_python_dop_operator_3.py
[2024-10-03T22:08:55.729+0000] {processor.py:914} INFO - Processing file /home/airflow/.local/lib/python3.12/site-packages/airflow/example_dags/example_branch_python_dop_operator_3.py for tasks to queue
[2024-10-03T22:08:55.733+0000] {logging_mixin.py:190} INFO - [2024-10-03T22:08:55.732+0000] {dagbag.py:587} INFO - Filling up the DagBag from /home/airflow/.local/lib/python3.12/site-packages/airflow/example_dags/example_branch_python_dop_operator_3.py
[2024-10-03T22:08:55.761+0000] {processor.py:925} INFO - DAG(s) 'example_branch_dop_operator_v3' retrieved from /home/airflow/.local/lib/python3.12/site-packages/airflow/example_dags/example_branch_python_dop_operator_3.py
[2024-10-03T22:08:55.828+0000] {logging_mixin.py:190} INFO - [2024-10-03T22:08:55.828+0000] {dag.py:3229} INFO - Sync 1 DAGs
[2024-10-03T22:08:55.891+0000] {logging_mixin.py:190} INFO - [2024-10-03T22:08:55.890+0000] {dag.py:4156} INFO - Setting next_dagrun for example_branch_dop_operator_v3 to 2024-10-03 22:07:00+00:00, run_after=2024-10-03 22:08:00+00:00
[2024-10-03T22:08:55.952+0000] {processor.py:208} INFO - Processing /home/airflow/.local/lib/python3.12/site-packages/airflow/example_dags/example_branch_python_dop_operator_3.py took 0.237 seconds
[2024-10-03T22:09:26.285+0000] {processor.py:186} INFO - Started process (PID=550) to work on /home/airflow/.local/lib/python3.12/site-packages/airflow/example_dags/example_branch_python_dop_operator_3.py
[2024-10-03T22:09:26.287+0000] {processor.py:914} INFO - Processing file /home/airflow/.local/lib/python3.12/site-packages/airflow/example_dags/example_branch_python_dop_operator_3.py for tasks to queue
[2024-10-03T22:09:26.293+0000] {logging_mixin.py:190} INFO - [2024-10-03T22:09:26.292+0000] {dagbag.py:587} INFO - Filling up the DagBag from /home/airflow/.local/lib/python3.12/site-packages/airflow/example_dags/example_branch_python_dop_operator_3.py
[2024-10-03T22:09:26.330+0000] {processor.py:925} INFO - DAG(s) 'example_branch_dop_operator_v3' retrieved from /home/airflow/.local/lib/python3.12/site-packages/airflow/example_dags/example_branch_python_dop_operator_3.py
[2024-10-03T22:09:26.379+0000] {logging_mixin.py:190} INFO - [2024-10-03T22:09:26.379+0000] {dag.py:3229} INFO - Sync 1 DAGs
[2024-10-03T22:09:26.447+0000] {logging_mixin.py:190} INFO - [2024-10-03T22:09:26.446+0000] {dag.py:4156} INFO - Setting next_dagrun for example_branch_dop_operator_v3 to 2024-10-03 22:08:00+00:00, run_after=2024-10-03 22:09:00+00:00
[2024-10-03T22:09:26.477+0000] {processor.py:208} INFO - Processing /home/airflow/.local/lib/python3.12/site-packages/airflow/example_dags/example_branch_python_dop_operator_3.py took 0.203 seconds
[2024-10-03T22:09:56.767+0000] {processor.py:186} INFO - Started process (PID=613) to work on /home/airflow/.local/lib/python3.12/site-packages/airflow/example_dags/example_branch_python_dop_operator_3.py
[2024-10-03T22:09:56.769+0000] {processor.py:914} INFO - Processing file /home/airflow/.local/lib/python3.12/site-packages/airflow/example_dags/example_branch_python_dop_operator_3.py for tasks to queue
[2024-10-03T22:09:56.772+0000] {logging_mixin.py:190} INFO - [2024-10-03T22:09:56.771+0000] {dagbag.py:587} INFO - Filling up the DagBag from /home/airflow/.local/lib/python3.12/site-packages/airflow/example_dags/example_branch_python_dop_operator_3.py
[2024-10-03T22:09:56.790+0000] {processor.py:925} INFO - DAG(s) 'example_branch_dop_operator_v3' retrieved from /home/airflow/.local/lib/python3.12/site-packages/airflow/example_dags/example_branch_python_dop_operator_3.py
[2024-10-03T22:09:56.815+0000] {logging_mixin.py:190} INFO - [2024-10-03T22:09:56.815+0000] {dag.py:3229} INFO - Sync 1 DAGs
[2024-10-03T22:09:56.858+0000] {logging_mixin.py:190} INFO - [2024-10-03T22:09:56.857+0000] {dag.py:4156} INFO - Setting next_dagrun for example_branch_dop_operator_v3 to 2024-10-03 22:08:00+00:00, run_after=2024-10-03 22:09:00+00:00
[2024-10-03T22:09:56.890+0000] {processor.py:208} INFO - Processing /home/airflow/.local/lib/python3.12/site-packages/airflow/example_dags/example_branch_python_dop_operator_3.py took 0.133 seconds
[2024-10-03T22:10:27.949+0000] {processor.py:186} INFO - Started process (PID=676) to work on /home/airflow/.local/lib/python3.12/site-packages/airflow/example_dags/example_branch_python_dop_operator_3.py
[2024-10-03T22:10:27.951+0000] {processor.py:914} INFO - Processing file /home/airflow/.local/lib/python3.12/site-packages/airflow/example_dags/example_branch_python_dop_operator_3.py for tasks to queue
[2024-10-03T22:10:27.954+0000] {logging_mixin.py:190} INFO - [2024-10-03T22:10:27.954+0000] {dagbag.py:587} INFO - Filling up the DagBag from /home/airflow/.local/lib/python3.12/site-packages/airflow/example_dags/example_branch_python_dop_operator_3.py
[2024-10-03T22:10:27.970+0000] {processor.py:925} INFO - DAG(s) 'example_branch_dop_operator_v3' retrieved from /home/airflow/.local/lib/python3.12/site-packages/airflow/example_dags/example_branch_python_dop_operator_3.py
[2024-10-03T22:10:28.021+0000] {logging_mixin.py:190} INFO - [2024-10-03T22:10:28.020+0000] {dag.py:3229} INFO - Sync 1 DAGs
[2024-10-03T22:10:28.076+0000] {logging_mixin.py:190} INFO - [2024-10-03T22:10:28.075+0000] {dag.py:4156} INFO - Setting next_dagrun for example_branch_dop_operator_v3 to 2024-10-03 22:09:00+00:00, run_after=2024-10-03 22:10:00+00:00
[2024-10-03T22:10:28.108+0000] {processor.py:208} INFO - Processing /home/airflow/.local/lib/python3.12/site-packages/airflow/example_dags/example_branch_python_dop_operator_3.py took 0.167 seconds
[2024-10-03T22:10:58.405+0000] {processor.py:186} INFO - Started process (PID=739) to work on /home/airflow/.local/lib/python3.12/site-packages/airflow/example_dags/example_branch_python_dop_operator_3.py
[2024-10-03T22:10:58.406+0000] {processor.py:914} INFO - Processing file /home/airflow/.local/lib/python3.12/site-packages/airflow/example_dags/example_branch_python_dop_operator_3.py for tasks to queue
[2024-10-03T22:10:58.409+0000] {logging_mixin.py:190} INFO - [2024-10-03T22:10:58.408+0000] {dagbag.py:587} INFO - Filling up the DagBag from /home/airflow/.local/lib/python3.12/site-packages/airflow/example_dags/example_branch_python_dop_operator_3.py
[2024-10-03T22:10:58.420+0000] {processor.py:925} INFO - DAG(s) 'example_branch_dop_operator_v3' retrieved from /home/airflow/.local/lib/python3.12/site-packages/airflow/example_dags/example_branch_python_dop_operator_3.py
[2024-10-03T22:10:58.449+0000] {logging_mixin.py:190} INFO - [2024-10-03T22:10:58.448+0000] {dag.py:3229} INFO - Sync 1 DAGs
[2024-10-03T22:10:58.495+0000] {logging_mixin.py:190} INFO - [2024-10-03T22:10:58.495+0000] {dag.py:4156} INFO - Setting next_dagrun for example_branch_dop_operator_v3 to 2024-10-03 22:09:00+00:00, run_after=2024-10-03 22:10:00+00:00
[2024-10-03T22:10:58.527+0000] {processor.py:208} INFO - Processing /home/airflow/.local/lib/python3.12/site-packages/airflow/example_dags/example_branch_python_dop_operator_3.py took 0.130 seconds
[2024-10-03T22:11:29.331+0000] {processor.py:186} INFO - Started process (PID=802) to work on /home/airflow/.local/lib/python3.12/site-packages/airflow/example_dags/example_branch_python_dop_operator_3.py
[2024-10-03T22:11:29.333+0000] {processor.py:914} INFO - Processing file /home/airflow/.local/lib/python3.12/site-packages/airflow/example_dags/example_branch_python_dop_operator_3.py for tasks to queue
[2024-10-03T22:11:29.336+0000] {logging_mixin.py:190} INFO - [2024-10-03T22:11:29.336+0000] {dagbag.py:587} INFO - Filling up the DagBag from /home/airflow/.local/lib/python3.12/site-packages/airflow/example_dags/example_branch_python_dop_operator_3.py
[2024-10-03T22:11:29.351+0000] {processor.py:925} INFO - DAG(s) 'example_branch_dop_operator_v3' retrieved from /home/airflow/.local/lib/python3.12/site-packages/airflow/example_dags/example_branch_python_dop_operator_3.py
[2024-10-03T22:11:29.375+0000] {logging_mixin.py:190} INFO - [2024-10-03T22:11:29.375+0000] {dag.py:3229} INFO - Sync 1 DAGs
[2024-10-03T22:11:29.413+0000] {logging_mixin.py:190} INFO - [2024-10-03T22:11:29.412+0000] {dag.py:4156} INFO - Setting next_dagrun for example_branch_dop_operator_v3 to 2024-10-03 22:10:00+00:00, run_after=2024-10-03 22:11:00+00:00
[2024-10-03T22:11:29.442+0000] {processor.py:208} INFO - Processing /home/airflow/.local/lib/python3.12/site-packages/airflow/example_dags/example_branch_python_dop_operator_3.py took 0.120 seconds
[2024-10-03T22:11:59.859+0000] {processor.py:186} INFO - Started process (PID=865) to work on /home/airflow/.local/lib/python3.12/site-packages/airflow/example_dags/example_branch_python_dop_operator_3.py
[2024-10-03T22:11:59.860+0000] {processor.py:914} INFO - Processing file /home/airflow/.local/lib/python3.12/site-packages/airflow/example_dags/example_branch_python_dop_operator_3.py for tasks to queue
[2024-10-03T22:11:59.864+0000] {logging_mixin.py:190} INFO - [2024-10-03T22:11:59.863+0000] {dagbag.py:587} INFO - Filling up the DagBag from /home/airflow/.local/lib/python3.12/site-packages/airflow/example_dags/example_branch_python_dop_operator_3.py
[2024-10-03T22:11:59.879+0000] {processor.py:925} INFO - DAG(s) 'example_branch_dop_operator_v3' retrieved from /home/airflow/.local/lib/python3.12/site-packages/airflow/example_dags/example_branch_python_dop_operator_3.py
[2024-10-03T22:11:59.907+0000] {logging_mixin.py:190} INFO - [2024-10-03T22:11:59.906+0000] {dag.py:3229} INFO - Sync 1 DAGs
[2024-10-03T22:11:59.946+0000] {logging_mixin.py:190} INFO - [2024-10-03T22:11:59.946+0000] {dag.py:4156} INFO - Setting next_dagrun for example_branch_dop_operator_v3 to 2024-10-03 22:10:00+00:00, run_after=2024-10-03 22:11:00+00:00
[2024-10-03T22:11:59.978+0000] {processor.py:208} INFO - Processing /home/airflow/.local/lib/python3.12/site-packages/airflow/example_dags/example_branch_python_dop_operator_3.py took 0.128 seconds
[2024-10-03T22:12:30.706+0000] {processor.py:186} INFO - Started process (PID=928) to work on /home/airflow/.local/lib/python3.12/site-packages/airflow/example_dags/example_branch_python_dop_operator_3.py
[2024-10-03T22:12:30.707+0000] {processor.py:914} INFO - Processing file /home/airflow/.local/lib/python3.12/site-packages/airflow/example_dags/example_branch_python_dop_operator_3.py for tasks to queue
[2024-10-03T22:12:30.711+0000] {logging_mixin.py:190} INFO - [2024-10-03T22:12:30.710+0000] {dagbag.py:587} INFO - Filling up the DagBag from /home/airflow/.local/lib/python3.12/site-packages/airflow/example_dags/example_branch_python_dop_operator_3.py
[2024-10-03T22:12:30.729+0000] {processor.py:925} INFO - DAG(s) 'example_branch_dop_operator_v3' retrieved from /home/airflow/.local/lib/python3.12/site-packages/airflow/example_dags/example_branch_python_dop_operator_3.py
[2024-10-03T22:12:30.764+0000] {logging_mixin.py:190} INFO - [2024-10-03T22:12:30.763+0000] {dag.py:3229} INFO - Sync 1 DAGs
[2024-10-03T22:12:30.834+0000] {logging_mixin.py:190} INFO - [2024-10-03T22:12:30.834+0000] {dag.py:4156} INFO - Setting next_dagrun for example_branch_dop_operator_v3 to 2024-10-03 22:11:00+00:00, run_after=2024-10-03 22:12:00+00:00
[2024-10-03T22:12:30.868+0000] {processor.py:208} INFO - Processing /home/airflow/.local/lib/python3.12/site-packages/airflow/example_dags/example_branch_python_dop_operator_3.py took 0.173 seconds
[2024-10-03T22:13:00.940+0000] {processor.py:186} INFO - Started process (PID=990) to work on /home/airflow/.local/lib/python3.12/site-packages/airflow/example_dags/example_branch_python_dop_operator_3.py
[2024-10-03T22:13:00.942+0000] {processor.py:914} INFO - Processing file /home/airflow/.local/lib/python3.12/site-packages/airflow/example_dags/example_branch_python_dop_operator_3.py for tasks to queue
[2024-10-03T22:13:00.948+0000] {logging_mixin.py:190} INFO - [2024-10-03T22:13:00.947+0000] {dagbag.py:587} INFO - Filling up the DagBag from /home/airflow/.local/lib/python3.12/site-packages/airflow/example_dags/example_branch_python_dop_operator_3.py
[2024-10-03T22:13:00.965+0000] {processor.py:925} INFO - DAG(s) 'example_branch_dop_operator_v3' retrieved from /home/airflow/.local/lib/python3.12/site-packages/airflow/example_dags/example_branch_python_dop_operator_3.py
[2024-10-03T22:13:00.998+0000] {logging_mixin.py:190} INFO - [2024-10-03T22:13:00.998+0000] {dag.py:3229} INFO - Sync 1 DAGs
[2024-10-03T22:13:01.047+0000] {logging_mixin.py:190} INFO - [2024-10-03T22:13:01.046+0000] {dag.py:4156} INFO - Setting next_dagrun for example_branch_dop_operator_v3 to 2024-10-03 22:12:00+00:00, run_after=2024-10-03 22:13:00+00:00
[2024-10-03T22:13:01.080+0000] {processor.py:208} INFO - Processing /home/airflow/.local/lib/python3.12/site-packages/airflow/example_dags/example_branch_python_dop_operator_3.py took 0.149 seconds
[2024-10-03T22:13:31.913+0000] {processor.py:186} INFO - Started process (PID=1055) to work on /home/airflow/.local/lib/python3.12/site-packages/airflow/example_dags/example_branch_python_dop_operator_3.py
[2024-10-03T22:13:31.915+0000] {processor.py:914} INFO - Processing file /home/airflow/.local/lib/python3.12/site-packages/airflow/example_dags/example_branch_python_dop_operator_3.py for tasks to queue
[2024-10-03T22:13:31.918+0000] {logging_mixin.py:190} INFO - [2024-10-03T22:13:31.917+0000] {dagbag.py:587} INFO - Filling up the DagBag from /home/airflow/.local/lib/python3.12/site-packages/airflow/example_dags/example_branch_python_dop_operator_3.py
[2024-10-03T22:13:31.934+0000] {processor.py:925} INFO - DAG(s) 'example_branch_dop_operator_v3' retrieved from /home/airflow/.local/lib/python3.12/site-packages/airflow/example_dags/example_branch_python_dop_operator_3.py
[2024-10-03T22:13:31.962+0000] {logging_mixin.py:190} INFO - [2024-10-03T22:13:31.962+0000] {dag.py:3229} INFO - Sync 1 DAGs
[2024-10-03T22:13:32.014+0000] {logging_mixin.py:190} INFO - [2024-10-03T22:13:32.014+0000] {dag.py:4156} INFO - Setting next_dagrun for example_branch_dop_operator_v3 to 2024-10-03 22:12:00+00:00, run_after=2024-10-03 22:13:00+00:00
[2024-10-03T22:13:32.046+0000] {processor.py:208} INFO - Processing /home/airflow/.local/lib/python3.12/site-packages/airflow/example_dags/example_branch_python_dop_operator_3.py took 0.141 seconds
[2024-10-03T22:14:02.590+0000] {processor.py:186} INFO - Started process (PID=1119) to work on /home/airflow/.local/lib/python3.12/site-packages/airflow/example_dags/example_branch_python_dop_operator_3.py
[2024-10-03T22:14:02.591+0000] {processor.py:914} INFO - Processing file /home/airflow/.local/lib/python3.12/site-packages/airflow/example_dags/example_branch_python_dop_operator_3.py for tasks to queue
[2024-10-03T22:14:02.594+0000] {logging_mixin.py:190} INFO - [2024-10-03T22:14:02.594+0000] {dagbag.py:587} INFO - Filling up the DagBag from /home/airflow/.local/lib/python3.12/site-packages/airflow/example_dags/example_branch_python_dop_operator_3.py
[2024-10-03T22:14:02.607+0000] {processor.py:925} INFO - DAG(s) 'example_branch_dop_operator_v3' retrieved from /home/airflow/.local/lib/python3.12/site-packages/airflow/example_dags/example_branch_python_dop_operator_3.py
[2024-10-03T22:14:02.637+0000] {logging_mixin.py:190} INFO - [2024-10-03T22:14:02.636+0000] {dag.py:3229} INFO - Sync 1 DAGs
[2024-10-03T22:14:02.680+0000] {logging_mixin.py:190} INFO - [2024-10-03T22:14:02.680+0000] {dag.py:4156} INFO - Setting next_dagrun for example_branch_dop_operator_v3 to 2024-10-03 22:13:00+00:00, run_after=2024-10-03 22:14:00+00:00
[2024-10-03T22:14:02.706+0000] {processor.py:208} INFO - Processing /home/airflow/.local/lib/python3.12/site-packages/airflow/example_dags/example_branch_python_dop_operator_3.py took 0.124 seconds
[2024-10-03T22:14:33.196+0000] {processor.py:186} INFO - Started process (PID=1182) to work on /home/airflow/.local/lib/python3.12/site-packages/airflow/example_dags/example_branch_python_dop_operator_3.py
[2024-10-03T22:14:33.197+0000] {processor.py:914} INFO - Processing file /home/airflow/.local/lib/python3.12/site-packages/airflow/example_dags/example_branch_python_dop_operator_3.py for tasks to queue
[2024-10-03T22:14:33.200+0000] {logging_mixin.py:190} INFO - [2024-10-03T22:14:33.200+0000] {dagbag.py:587} INFO - Filling up the DagBag from /home/airflow/.local/lib/python3.12/site-packages/airflow/example_dags/example_branch_python_dop_operator_3.py
[2024-10-03T22:14:33.213+0000] {processor.py:925} INFO - DAG(s) 'example_branch_dop_operator_v3' retrieved from /home/airflow/.local/lib/python3.12/site-packages/airflow/example_dags/example_branch_python_dop_operator_3.py
[2024-10-03T22:14:33.240+0000] {logging_mixin.py:190} INFO - [2024-10-03T22:14:33.240+0000] {dag.py:3229} INFO - Sync 1 DAGs
[2024-10-03T22:14:33.285+0000] {logging_mixin.py:190} INFO - [2024-10-03T22:14:33.285+0000] {dag.py:4156} INFO - Setting next_dagrun for example_branch_dop_operator_v3 to 2024-10-03 22:13:00+00:00, run_after=2024-10-03 22:14:00+00:00
[2024-10-03T22:14:33.318+0000] {processor.py:208} INFO - Processing /home/airflow/.local/lib/python3.12/site-packages/airflow/example_dags/example_branch_python_dop_operator_3.py took 0.131 seconds
[2024-10-03T22:15:03.626+0000] {processor.py:186} INFO - Started process (PID=1245) to work on /home/airflow/.local/lib/python3.12/site-packages/airflow/example_dags/example_branch_python_dop_operator_3.py
[2024-10-03T22:15:03.627+0000] {processor.py:914} INFO - Processing file /home/airflow/.local/lib/python3.12/site-packages/airflow/example_dags/example_branch_python_dop_operator_3.py for tasks to queue
[2024-10-03T22:15:03.630+0000] {logging_mixin.py:190} INFO - [2024-10-03T22:15:03.629+0000] {dagbag.py:587} INFO - Filling up the DagBag from /home/airflow/.local/lib/python3.12/site-packages/airflow/example_dags/example_branch_python_dop_operator_3.py
[2024-10-03T22:15:03.641+0000] {processor.py:925} INFO - DAG(s) 'example_branch_dop_operator_v3' retrieved from /home/airflow/.local/lib/python3.12/site-packages/airflow/example_dags/example_branch_python_dop_operator_3.py
[2024-10-03T22:15:03.665+0000] {logging_mixin.py:190} INFO - [2024-10-03T22:15:03.665+0000] {dag.py:3229} INFO - Sync 1 DAGs
[2024-10-03T22:15:03.708+0000] {logging_mixin.py:190} INFO - [2024-10-03T22:15:03.708+0000] {dag.py:4156} INFO - Setting next_dagrun for example_branch_dop_operator_v3 to 2024-10-03 22:14:00+00:00, run_after=2024-10-03 22:15:00+00:00
[2024-10-03T22:15:03.746+0000] {processor.py:208} INFO - Processing /home/airflow/.local/lib/python3.12/site-packages/airflow/example_dags/example_branch_python_dop_operator_3.py took 0.128 seconds
[2024-10-03T22:15:33.865+0000] {processor.py:186} INFO - Started process (PID=1307) to work on /home/airflow/.local/lib/python3.12/site-packages/airflow/example_dags/example_branch_python_dop_operator_3.py
[2024-10-03T22:15:33.867+0000] {processor.py:914} INFO - Processing file /home/airflow/.local/lib/python3.12/site-packages/airflow/example_dags/example_branch_python_dop_operator_3.py for tasks to queue
[2024-10-03T22:15:33.870+0000] {logging_mixin.py:190} INFO - [2024-10-03T22:15:33.869+0000] {dagbag.py:587} INFO - Filling up the DagBag from /home/airflow/.local/lib/python3.12/site-packages/airflow/example_dags/example_branch_python_dop_operator_3.py
[2024-10-03T22:15:33.881+0000] {processor.py:925} INFO - DAG(s) 'example_branch_dop_operator_v3' retrieved from /home/airflow/.local/lib/python3.12/site-packages/airflow/example_dags/example_branch_python_dop_operator_3.py
[2024-10-03T22:15:33.903+0000] {logging_mixin.py:190} INFO - [2024-10-03T22:15:33.903+0000] {dag.py:3229} INFO - Sync 1 DAGs
[2024-10-03T22:15:33.934+0000] {logging_mixin.py:190} INFO - [2024-10-03T22:15:33.934+0000] {dag.py:4156} INFO - Setting next_dagrun for example_branch_dop_operator_v3 to 2024-10-03 22:14:00+00:00, run_after=2024-10-03 22:15:00+00:00
[2024-10-03T22:15:33.969+0000] {processor.py:208} INFO - Processing /home/airflow/.local/lib/python3.12/site-packages/airflow/example_dags/example_branch_python_dop_operator_3.py took 0.110 seconds
[2024-10-03T22:16:04.127+0000] {processor.py:186} INFO - Started process (PID=1370) to work on /home/airflow/.local/lib/python3.12/site-packages/airflow/example_dags/example_branch_python_dop_operator_3.py
[2024-10-03T22:16:04.128+0000] {processor.py:914} INFO - Processing file /home/airflow/.local/lib/python3.12/site-packages/airflow/example_dags/example_branch_python_dop_operator_3.py for tasks to queue
[2024-10-03T22:16:04.131+0000] {logging_mixin.py:190} INFO - [2024-10-03T22:16:04.131+0000] {dagbag.py:587} INFO - Filling up the DagBag from /home/airflow/.local/lib/python3.12/site-packages/airflow/example_dags/example_branch_python_dop_operator_3.py
[2024-10-03T22:16:04.146+0000] {processor.py:925} INFO - DAG(s) 'example_branch_dop_operator_v3' retrieved from /home/airflow/.local/lib/python3.12/site-packages/airflow/example_dags/example_branch_python_dop_operator_3.py
[2024-10-03T22:16:04.173+0000] {logging_mixin.py:190} INFO - [2024-10-03T22:16:04.173+0000] {dag.py:3229} INFO - Sync 1 DAGs
[2024-10-03T22:16:04.210+0000] {logging_mixin.py:190} INFO - [2024-10-03T22:16:04.210+0000] {dag.py:4156} INFO - Setting next_dagrun for example_branch_dop_operator_v3 to 2024-10-03 22:15:00+00:00, run_after=2024-10-03 22:16:00+00:00
[2024-10-03T22:16:04.254+0000] {processor.py:208} INFO - Processing /home/airflow/.local/lib/python3.12/site-packages/airflow/example_dags/example_branch_python_dop_operator_3.py took 0.135 seconds
[2024-10-03T22:16:36.915+0000] {processor.py:186} INFO - Started process (PID=1434) to work on /home/airflow/.local/lib/python3.12/site-packages/airflow/example_dags/example_branch_python_dop_operator_3.py
[2024-10-03T22:16:36.916+0000] {processor.py:914} INFO - Processing file /home/airflow/.local/lib/python3.12/site-packages/airflow/example_dags/example_branch_python_dop_operator_3.py for tasks to queue
[2024-10-03T22:16:36.929+0000] {logging_mixin.py:190} INFO - [2024-10-03T22:16:36.928+0000] {dagbag.py:587} INFO - Filling up the DagBag from /home/airflow/.local/lib/python3.12/site-packages/airflow/example_dags/example_branch_python_dop_operator_3.py
[2024-10-03T22:16:36.957+0000] {processor.py:925} INFO - DAG(s) 'example_branch_dop_operator_v3' retrieved from /home/airflow/.local/lib/python3.12/site-packages/airflow/example_dags/example_branch_python_dop_operator_3.py
[2024-10-03T22:16:37.016+0000] {logging_mixin.py:190} INFO - [2024-10-03T22:16:37.015+0000] {dag.py:3229} INFO - Sync 1 DAGs
[2024-10-03T22:16:37.183+0000] {logging_mixin.py:190} INFO - [2024-10-03T22:16:37.182+0000] {dag.py:4156} INFO - Setting next_dagrun for example_branch_dop_operator_v3 to 2024-10-03 22:15:00+00:00, run_after=2024-10-03 22:16:00+00:00
[2024-10-03T22:16:37.339+0000] {processor.py:208} INFO - Processing /home/airflow/.local/lib/python3.12/site-packages/airflow/example_dags/example_branch_python_dop_operator_3.py took 0.444 seconds
[2024-10-03T22:17:07.920+0000] {processor.py:186} INFO - Started process (PID=1497) to work on /home/airflow/.local/lib/python3.12/site-packages/airflow/example_dags/example_branch_python_dop_operator_3.py
[2024-10-03T22:17:07.922+0000] {processor.py:914} INFO - Processing file /home/airflow/.local/lib/python3.12/site-packages/airflow/example_dags/example_branch_python_dop_operator_3.py for tasks to queue
[2024-10-03T22:17:07.932+0000] {logging_mixin.py:190} INFO - [2024-10-03T22:17:07.926+0000] {dagbag.py:587} INFO - Filling up the DagBag from /home/airflow/.local/lib/python3.12/site-packages/airflow/example_dags/example_branch_python_dop_operator_3.py
[2024-10-03T22:17:08.021+0000] {processor.py:925} INFO - DAG(s) 'example_branch_dop_operator_v3' retrieved from /home/airflow/.local/lib/python3.12/site-packages/airflow/example_dags/example_branch_python_dop_operator_3.py
[2024-10-03T22:17:08.167+0000] {logging_mixin.py:190} INFO - [2024-10-03T22:17:08.167+0000] {dag.py:3229} INFO - Sync 1 DAGs
[2024-10-03T22:17:08.398+0000] {logging_mixin.py:190} INFO - [2024-10-03T22:17:08.398+0000] {dag.py:4156} INFO - Setting next_dagrun for example_branch_dop_operator_v3 to 2024-10-03 22:16:00+00:00, run_after=2024-10-03 22:17:00+00:00
[2024-10-03T22:17:08.541+0000] {processor.py:208} INFO - Processing /home/airflow/.local/lib/python3.12/site-packages/airflow/example_dags/example_branch_python_dop_operator_3.py took 0.656 seconds
[2024-10-03T22:17:38.650+0000] {processor.py:186} INFO - Started process (PID=1559) to work on /home/airflow/.local/lib/python3.12/site-packages/airflow/example_dags/example_branch_python_dop_operator_3.py
[2024-10-03T22:17:38.651+0000] {processor.py:914} INFO - Processing file /home/airflow/.local/lib/python3.12/site-packages/airflow/example_dags/example_branch_python_dop_operator_3.py for tasks to queue
[2024-10-03T22:17:38.655+0000] {logging_mixin.py:190} INFO - [2024-10-03T22:17:38.654+0000] {dagbag.py:587} INFO - Filling up the DagBag from /home/airflow/.local/lib/python3.12/site-packages/airflow/example_dags/example_branch_python_dop_operator_3.py
[2024-10-03T22:17:38.672+0000] {processor.py:925} INFO - DAG(s) 'example_branch_dop_operator_v3' retrieved from /home/airflow/.local/lib/python3.12/site-packages/airflow/example_dags/example_branch_python_dop_operator_3.py
[2024-10-03T22:17:38.705+0000] {logging_mixin.py:190} INFO - [2024-10-03T22:17:38.704+0000] {dag.py:3229} INFO - Sync 1 DAGs
[2024-10-03T22:17:38.749+0000] {logging_mixin.py:190} INFO - [2024-10-03T22:17:38.748+0000] {dag.py:4156} INFO - Setting next_dagrun for example_branch_dop_operator_v3 to 2024-10-03 22:16:00+00:00, run_after=2024-10-03 22:17:00+00:00
[2024-10-03T22:17:38.780+0000] {processor.py:208} INFO - Processing /home/airflow/.local/lib/python3.12/site-packages/airflow/example_dags/example_branch_python_dop_operator_3.py took 0.140 seconds
[2024-10-03T22:18:09.110+0000] {processor.py:186} INFO - Started process (PID=1622) to work on /home/airflow/.local/lib/python3.12/site-packages/airflow/example_dags/example_branch_python_dop_operator_3.py
[2024-10-03T22:18:09.111+0000] {processor.py:914} INFO - Processing file /home/airflow/.local/lib/python3.12/site-packages/airflow/example_dags/example_branch_python_dop_operator_3.py for tasks to queue
[2024-10-03T22:18:09.114+0000] {logging_mixin.py:190} INFO - [2024-10-03T22:18:09.114+0000] {dagbag.py:587} INFO - Filling up the DagBag from /home/airflow/.local/lib/python3.12/site-packages/airflow/example_dags/example_branch_python_dop_operator_3.py
[2024-10-03T22:18:09.131+0000] {processor.py:925} INFO - DAG(s) 'example_branch_dop_operator_v3' retrieved from /home/airflow/.local/lib/python3.12/site-packages/airflow/example_dags/example_branch_python_dop_operator_3.py
[2024-10-03T22:18:09.161+0000] {logging_mixin.py:190} INFO - [2024-10-03T22:18:09.161+0000] {dag.py:3229} INFO - Sync 1 DAGs
[2024-10-03T22:18:09.205+0000] {logging_mixin.py:190} INFO - [2024-10-03T22:18:09.204+0000] {dag.py:4156} INFO - Setting next_dagrun for example_branch_dop_operator_v3 to 2024-10-03 22:17:00+00:00, run_after=2024-10-03 22:18:00+00:00
[2024-10-03T22:18:09.231+0000] {processor.py:208} INFO - Processing /home/airflow/.local/lib/python3.12/site-packages/airflow/example_dags/example_branch_python_dop_operator_3.py took 0.130 seconds
[2024-10-03T22:18:39.508+0000] {processor.py:186} INFO - Started process (PID=1685) to work on /home/airflow/.local/lib/python3.12/site-packages/airflow/example_dags/example_branch_python_dop_operator_3.py
[2024-10-03T22:18:39.510+0000] {processor.py:914} INFO - Processing file /home/airflow/.local/lib/python3.12/site-packages/airflow/example_dags/example_branch_python_dop_operator_3.py for tasks to queue
[2024-10-03T22:18:39.513+0000] {logging_mixin.py:190} INFO - [2024-10-03T22:18:39.512+0000] {dagbag.py:587} INFO - Filling up the DagBag from /home/airflow/.local/lib/python3.12/site-packages/airflow/example_dags/example_branch_python_dop_operator_3.py
[2024-10-03T22:18:39.525+0000] {processor.py:925} INFO - DAG(s) 'example_branch_dop_operator_v3' retrieved from /home/airflow/.local/lib/python3.12/site-packages/airflow/example_dags/example_branch_python_dop_operator_3.py
[2024-10-03T22:18:39.548+0000] {logging_mixin.py:190} INFO - [2024-10-03T22:18:39.548+0000] {dag.py:3229} INFO - Sync 1 DAGs
[2024-10-03T22:18:39.579+0000] {logging_mixin.py:190} INFO - [2024-10-03T22:18:39.578+0000] {dag.py:4156} INFO - Setting next_dagrun for example_branch_dop_operator_v3 to 2024-10-03 22:17:00+00:00, run_after=2024-10-03 22:18:00+00:00
[2024-10-03T22:18:39.608+0000] {processor.py:208} INFO - Processing /home/airflow/.local/lib/python3.12/site-packages/airflow/example_dags/example_branch_python_dop_operator_3.py took 0.107 seconds
[2024-10-03T22:19:09.796+0000] {processor.py:186} INFO - Started process (PID=1748) to work on /home/airflow/.local/lib/python3.12/site-packages/airflow/example_dags/example_branch_python_dop_operator_3.py
[2024-10-03T22:19:09.798+0000] {processor.py:914} INFO - Processing file /home/airflow/.local/lib/python3.12/site-packages/airflow/example_dags/example_branch_python_dop_operator_3.py for tasks to queue
[2024-10-03T22:19:09.800+0000] {logging_mixin.py:190} INFO - [2024-10-03T22:19:09.800+0000] {dagbag.py:587} INFO - Filling up the DagBag from /home/airflow/.local/lib/python3.12/site-packages/airflow/example_dags/example_branch_python_dop_operator_3.py
[2024-10-03T22:19:09.812+0000] {processor.py:925} INFO - DAG(s) 'example_branch_dop_operator_v3' retrieved from /home/airflow/.local/lib/python3.12/site-packages/airflow/example_dags/example_branch_python_dop_operator_3.py
[2024-10-03T22:19:09.834+0000] {logging_mixin.py:190} INFO - [2024-10-03T22:19:09.834+0000] {dag.py:3229} INFO - Sync 1 DAGs
[2024-10-03T22:19:09.866+0000] {logging_mixin.py:190} INFO - [2024-10-03T22:19:09.866+0000] {dag.py:4156} INFO - Setting next_dagrun for example_branch_dop_operator_v3 to 2024-10-03 22:18:00+00:00, run_after=2024-10-03 22:19:00+00:00
[2024-10-03T22:19:09.889+0000] {processor.py:208} INFO - Processing /home/airflow/.local/lib/python3.12/site-packages/airflow/example_dags/example_branch_python_dop_operator_3.py took 0.100 seconds
[2024-10-03T22:19:40.006+0000] {processor.py:186} INFO - Started process (PID=1811) to work on /home/airflow/.local/lib/python3.12/site-packages/airflow/example_dags/example_branch_python_dop_operator_3.py
[2024-10-03T22:19:40.007+0000] {processor.py:914} INFO - Processing file /home/airflow/.local/lib/python3.12/site-packages/airflow/example_dags/example_branch_python_dop_operator_3.py for tasks to queue
[2024-10-03T22:19:40.010+0000] {logging_mixin.py:190} INFO - [2024-10-03T22:19:40.009+0000] {dagbag.py:587} INFO - Filling up the DagBag from /home/airflow/.local/lib/python3.12/site-packages/airflow/example_dags/example_branch_python_dop_operator_3.py
[2024-10-03T22:19:40.021+0000] {processor.py:925} INFO - DAG(s) 'example_branch_dop_operator_v3' retrieved from /home/airflow/.local/lib/python3.12/site-packages/airflow/example_dags/example_branch_python_dop_operator_3.py
[2024-10-03T22:19:40.048+0000] {logging_mixin.py:190} INFO - [2024-10-03T22:19:40.047+0000] {dag.py:3229} INFO - Sync 1 DAGs
[2024-10-03T22:19:40.091+0000] {logging_mixin.py:190} INFO - [2024-10-03T22:19:40.090+0000] {dag.py:4156} INFO - Setting next_dagrun for example_branch_dop_operator_v3 to 2024-10-03 22:18:00+00:00, run_after=2024-10-03 22:19:00+00:00
[2024-10-03T22:19:40.123+0000] {processor.py:208} INFO - Processing /home/airflow/.local/lib/python3.12/site-packages/airflow/example_dags/example_branch_python_dop_operator_3.py took 0.125 seconds
[2024-10-03T22:20:10.209+0000] {processor.py:186} INFO - Started process (PID=1873) to work on /home/airflow/.local/lib/python3.12/site-packages/airflow/example_dags/example_branch_python_dop_operator_3.py
[2024-10-03T22:20:10.211+0000] {processor.py:914} INFO - Processing file /home/airflow/.local/lib/python3.12/site-packages/airflow/example_dags/example_branch_python_dop_operator_3.py for tasks to queue
[2024-10-03T22:20:10.214+0000] {logging_mixin.py:190} INFO - [2024-10-03T22:20:10.213+0000] {dagbag.py:587} INFO - Filling up the DagBag from /home/airflow/.local/lib/python3.12/site-packages/airflow/example_dags/example_branch_python_dop_operator_3.py
[2024-10-03T22:20:10.227+0000] {processor.py:925} INFO - DAG(s) 'example_branch_dop_operator_v3' retrieved from /home/airflow/.local/lib/python3.12/site-packages/airflow/example_dags/example_branch_python_dop_operator_3.py
[2024-10-03T22:20:10.256+0000] {logging_mixin.py:190} INFO - [2024-10-03T22:20:10.255+0000] {dag.py:3229} INFO - Sync 1 DAGs
[2024-10-03T22:20:10.294+0000] {logging_mixin.py:190} INFO - [2024-10-03T22:20:10.294+0000] {dag.py:4156} INFO - Setting next_dagrun for example_branch_dop_operator_v3 to 2024-10-03 22:19:00+00:00, run_after=2024-10-03 22:20:00+00:00
[2024-10-03T22:20:10.325+0000] {processor.py:208} INFO - Processing /home/airflow/.local/lib/python3.12/site-packages/airflow/example_dags/example_branch_python_dop_operator_3.py took 0.122 seconds
[2024-10-03T22:20:40.646+0000] {processor.py:186} INFO - Started process (PID=1936) to work on /home/airflow/.local/lib/python3.12/site-packages/airflow/example_dags/example_branch_python_dop_operator_3.py
[2024-10-03T22:20:40.647+0000] {processor.py:914} INFO - Processing file /home/airflow/.local/lib/python3.12/site-packages/airflow/example_dags/example_branch_python_dop_operator_3.py for tasks to queue
[2024-10-03T22:20:40.650+0000] {logging_mixin.py:190} INFO - [2024-10-03T22:20:40.650+0000] {dagbag.py:587} INFO - Filling up the DagBag from /home/airflow/.local/lib/python3.12/site-packages/airflow/example_dags/example_branch_python_dop_operator_3.py
[2024-10-03T22:20:40.662+0000] {processor.py:925} INFO - DAG(s) 'example_branch_dop_operator_v3' retrieved from /home/airflow/.local/lib/python3.12/site-packages/airflow/example_dags/example_branch_python_dop_operator_3.py
[2024-10-03T22:20:40.684+0000] {logging_mixin.py:190} INFO - [2024-10-03T22:20:40.684+0000] {dag.py:3229} INFO - Sync 1 DAGs
[2024-10-03T22:20:40.718+0000] {logging_mixin.py:190} INFO - [2024-10-03T22:20:40.717+0000] {dag.py:4156} INFO - Setting next_dagrun for example_branch_dop_operator_v3 to 2024-10-03 22:19:00+00:00, run_after=2024-10-03 22:20:00+00:00
[2024-10-03T22:20:40.744+0000] {processor.py:208} INFO - Processing /home/airflow/.local/lib/python3.12/site-packages/airflow/example_dags/example_branch_python_dop_operator_3.py took 0.105 seconds
[2024-10-03T22:21:11.156+0000] {processor.py:186} INFO - Started process (PID=2000) to work on /home/airflow/.local/lib/python3.12/site-packages/airflow/example_dags/example_branch_python_dop_operator_3.py
[2024-10-03T22:21:11.157+0000] {processor.py:914} INFO - Processing file /home/airflow/.local/lib/python3.12/site-packages/airflow/example_dags/example_branch_python_dop_operator_3.py for tasks to queue
[2024-10-03T22:21:11.161+0000] {logging_mixin.py:190} INFO - [2024-10-03T22:21:11.160+0000] {dagbag.py:587} INFO - Filling up the DagBag from /home/airflow/.local/lib/python3.12/site-packages/airflow/example_dags/example_branch_python_dop_operator_3.py
[2024-10-03T22:21:11.175+0000] {processor.py:925} INFO - DAG(s) 'example_branch_dop_operator_v3' retrieved from /home/airflow/.local/lib/python3.12/site-packages/airflow/example_dags/example_branch_python_dop_operator_3.py
[2024-10-03T22:21:11.203+0000] {logging_mixin.py:190} INFO - [2024-10-03T22:21:11.203+0000] {dag.py:3229} INFO - Sync 1 DAGs
[2024-10-03T22:21:11.240+0000] {logging_mixin.py:190} INFO - [2024-10-03T22:21:11.240+0000] {dag.py:4156} INFO - Setting next_dagrun for example_branch_dop_operator_v3 to 2024-10-03 22:20:00+00:00, run_after=2024-10-03 22:21:00+00:00
[2024-10-03T22:21:11.265+0000] {processor.py:208} INFO - Processing /home/airflow/.local/lib/python3.12/site-packages/airflow/example_dags/example_branch_python_dop_operator_3.py took 0.118 seconds
[2024-10-03T22:21:41.463+0000] {processor.py:186} INFO - Started process (PID=2062) to work on /home/airflow/.local/lib/python3.12/site-packages/airflow/example_dags/example_branch_python_dop_operator_3.py
[2024-10-03T22:21:41.465+0000] {processor.py:914} INFO - Processing file /home/airflow/.local/lib/python3.12/site-packages/airflow/example_dags/example_branch_python_dop_operator_3.py for tasks to queue
[2024-10-03T22:21:41.468+0000] {logging_mixin.py:190} INFO - [2024-10-03T22:21:41.468+0000] {dagbag.py:587} INFO - Filling up the DagBag from /home/airflow/.local/lib/python3.12/site-packages/airflow/example_dags/example_branch_python_dop_operator_3.py
[2024-10-03T22:21:41.479+0000] {processor.py:925} INFO - DAG(s) 'example_branch_dop_operator_v3' retrieved from /home/airflow/.local/lib/python3.12/site-packages/airflow/example_dags/example_branch_python_dop_operator_3.py
[2024-10-03T22:21:41.505+0000] {logging_mixin.py:190} INFO - [2024-10-03T22:21:41.505+0000] {dag.py:3229} INFO - Sync 1 DAGs
[2024-10-03T22:21:41.547+0000] {logging_mixin.py:190} INFO - [2024-10-03T22:21:41.546+0000] {dag.py:4156} INFO - Setting next_dagrun for example_branch_dop_operator_v3 to 2024-10-03 22:20:00+00:00, run_after=2024-10-03 22:21:00+00:00
[2024-10-03T22:21:41.579+0000] {processor.py:208} INFO - Processing /home/airflow/.local/lib/python3.12/site-packages/airflow/example_dags/example_branch_python_dop_operator_3.py took 0.122 seconds
[2024-10-03T22:22:11.686+0000] {processor.py:186} INFO - Started process (PID=2125) to work on /home/airflow/.local/lib/python3.12/site-packages/airflow/example_dags/example_branch_python_dop_operator_3.py
[2024-10-03T22:22:11.687+0000] {processor.py:914} INFO - Processing file /home/airflow/.local/lib/python3.12/site-packages/airflow/example_dags/example_branch_python_dop_operator_3.py for tasks to queue
[2024-10-03T22:22:11.690+0000] {logging_mixin.py:190} INFO - [2024-10-03T22:22:11.689+0000] {dagbag.py:587} INFO - Filling up the DagBag from /home/airflow/.local/lib/python3.12/site-packages/airflow/example_dags/example_branch_python_dop_operator_3.py
[2024-10-03T22:22:11.704+0000] {processor.py:925} INFO - DAG(s) 'example_branch_dop_operator_v3' retrieved from /home/airflow/.local/lib/python3.12/site-packages/airflow/example_dags/example_branch_python_dop_operator_3.py
[2024-10-03T22:22:11.726+0000] {logging_mixin.py:190} INFO - [2024-10-03T22:22:11.726+0000] {dag.py:3229} INFO - Sync 1 DAGs
[2024-10-03T22:22:11.757+0000] {logging_mixin.py:190} INFO - [2024-10-03T22:22:11.757+0000] {dag.py:4156} INFO - Setting next_dagrun for example_branch_dop_operator_v3 to 2024-10-03 22:21:00+00:00, run_after=2024-10-03 22:22:00+00:00
[2024-10-03T22:22:11.789+0000] {processor.py:208} INFO - Processing /home/airflow/.local/lib/python3.12/site-packages/airflow/example_dags/example_branch_python_dop_operator_3.py took 0.110 seconds
[2024-10-03T22:22:42.047+0000] {processor.py:186} INFO - Started process (PID=2188) to work on /home/airflow/.local/lib/python3.12/site-packages/airflow/example_dags/example_branch_python_dop_operator_3.py
[2024-10-03T22:22:42.048+0000] {processor.py:914} INFO - Processing file /home/airflow/.local/lib/python3.12/site-packages/airflow/example_dags/example_branch_python_dop_operator_3.py for tasks to queue
[2024-10-03T22:22:42.051+0000] {logging_mixin.py:190} INFO - [2024-10-03T22:22:42.051+0000] {dagbag.py:587} INFO - Filling up the DagBag from /home/airflow/.local/lib/python3.12/site-packages/airflow/example_dags/example_branch_python_dop_operator_3.py
[2024-10-03T22:22:42.063+0000] {processor.py:925} INFO - DAG(s) 'example_branch_dop_operator_v3' retrieved from /home/airflow/.local/lib/python3.12/site-packages/airflow/example_dags/example_branch_python_dop_operator_3.py
[2024-10-03T22:22:42.086+0000] {logging_mixin.py:190} INFO - [2024-10-03T22:22:42.085+0000] {dag.py:3229} INFO - Sync 1 DAGs
[2024-10-03T22:22:42.117+0000] {logging_mixin.py:190} INFO - [2024-10-03T22:22:42.117+0000] {dag.py:4156} INFO - Setting next_dagrun for example_branch_dop_operator_v3 to 2024-10-03 22:21:00+00:00, run_after=2024-10-03 22:22:00+00:00
[2024-10-03T22:22:42.148+0000] {processor.py:208} INFO - Processing /home/airflow/.local/lib/python3.12/site-packages/airflow/example_dags/example_branch_python_dop_operator_3.py took 0.107 seconds
[2024-10-03T22:23:12.594+0000] {processor.py:186} INFO - Started process (PID=2250) to work on /home/airflow/.local/lib/python3.12/site-packages/airflow/example_dags/example_branch_python_dop_operator_3.py
[2024-10-03T22:23:12.595+0000] {processor.py:914} INFO - Processing file /home/airflow/.local/lib/python3.12/site-packages/airflow/example_dags/example_branch_python_dop_operator_3.py for tasks to queue
[2024-10-03T22:23:12.598+0000] {logging_mixin.py:190} INFO - [2024-10-03T22:23:12.597+0000] {dagbag.py:587} INFO - Filling up the DagBag from /home/airflow/.local/lib/python3.12/site-packages/airflow/example_dags/example_branch_python_dop_operator_3.py
[2024-10-03T22:23:12.611+0000] {processor.py:925} INFO - DAG(s) 'example_branch_dop_operator_v3' retrieved from /home/airflow/.local/lib/python3.12/site-packages/airflow/example_dags/example_branch_python_dop_operator_3.py
[2024-10-03T22:23:12.634+0000] {logging_mixin.py:190} INFO - [2024-10-03T22:23:12.633+0000] {dag.py:3229} INFO - Sync 1 DAGs
[2024-10-03T22:23:12.664+0000] {logging_mixin.py:190} INFO - [2024-10-03T22:23:12.664+0000] {dag.py:4156} INFO - Setting next_dagrun for example_branch_dop_operator_v3 to 2024-10-03 22:22:00+00:00, run_after=2024-10-03 22:23:00+00:00
[2024-10-03T22:23:12.695+0000] {processor.py:208} INFO - Processing /home/airflow/.local/lib/python3.12/site-packages/airflow/example_dags/example_branch_python_dop_operator_3.py took 0.109 seconds
[2024-10-03T22:23:43.122+0000] {processor.py:186} INFO - Started process (PID=2313) to work on /home/airflow/.local/lib/python3.12/site-packages/airflow/example_dags/example_branch_python_dop_operator_3.py
[2024-10-03T22:23:43.123+0000] {processor.py:914} INFO - Processing file /home/airflow/.local/lib/python3.12/site-packages/airflow/example_dags/example_branch_python_dop_operator_3.py for tasks to queue
[2024-10-03T22:23:43.127+0000] {logging_mixin.py:190} INFO - [2024-10-03T22:23:43.126+0000] {dagbag.py:587} INFO - Filling up the DagBag from /home/airflow/.local/lib/python3.12/site-packages/airflow/example_dags/example_branch_python_dop_operator_3.py
[2024-10-03T22:23:43.139+0000] {processor.py:925} INFO - DAG(s) 'example_branch_dop_operator_v3' retrieved from /home/airflow/.local/lib/python3.12/site-packages/airflow/example_dags/example_branch_python_dop_operator_3.py
[2024-10-03T22:23:43.163+0000] {logging_mixin.py:190} INFO - [2024-10-03T22:23:43.163+0000] {dag.py:3229} INFO - Sync 1 DAGs
[2024-10-03T22:23:43.201+0000] {logging_mixin.py:190} INFO - [2024-10-03T22:23:43.201+0000] {dag.py:4156} INFO - Setting next_dagrun for example_branch_dop_operator_v3 to 2024-10-03 22:22:00+00:00, run_after=2024-10-03 22:23:00+00:00
[2024-10-03T22:23:43.235+0000] {processor.py:208} INFO - Processing /home/airflow/.local/lib/python3.12/site-packages/airflow/example_dags/example_branch_python_dop_operator_3.py took 0.120 seconds
[2024-10-03T22:24:14.076+0000] {processor.py:186} INFO - Started process (PID=2376) to work on /home/airflow/.local/lib/python3.12/site-packages/airflow/example_dags/example_branch_python_dop_operator_3.py
[2024-10-03T22:24:14.077+0000] {processor.py:914} INFO - Processing file /home/airflow/.local/lib/python3.12/site-packages/airflow/example_dags/example_branch_python_dop_operator_3.py for tasks to queue
[2024-10-03T22:24:14.080+0000] {logging_mixin.py:190} INFO - [2024-10-03T22:24:14.079+0000] {dagbag.py:587} INFO - Filling up the DagBag from /home/airflow/.local/lib/python3.12/site-packages/airflow/example_dags/example_branch_python_dop_operator_3.py
[2024-10-03T22:24:14.092+0000] {processor.py:925} INFO - DAG(s) 'example_branch_dop_operator_v3' retrieved from /home/airflow/.local/lib/python3.12/site-packages/airflow/example_dags/example_branch_python_dop_operator_3.py
[2024-10-03T22:24:14.115+0000] {logging_mixin.py:190} INFO - [2024-10-03T22:24:14.115+0000] {dag.py:3229} INFO - Sync 1 DAGs
[2024-10-03T22:24:14.154+0000] {logging_mixin.py:190} INFO - [2024-10-03T22:24:14.153+0000] {dag.py:4156} INFO - Setting next_dagrun for example_branch_dop_operator_v3 to 2024-10-03 22:23:00+00:00, run_after=2024-10-03 22:24:00+00:00
[2024-10-03T22:24:14.182+0000] {processor.py:208} INFO - Processing /home/airflow/.local/lib/python3.12/site-packages/airflow/example_dags/example_branch_python_dop_operator_3.py took 0.114 seconds
[2024-10-03T22:24:44.344+0000] {processor.py:186} INFO - Started process (PID=2438) to work on /home/airflow/.local/lib/python3.12/site-packages/airflow/example_dags/example_branch_python_dop_operator_3.py
[2024-10-03T22:24:44.346+0000] {processor.py:914} INFO - Processing file /home/airflow/.local/lib/python3.12/site-packages/airflow/example_dags/example_branch_python_dop_operator_3.py for tasks to queue
[2024-10-03T22:24:44.350+0000] {logging_mixin.py:190} INFO - [2024-10-03T22:24:44.350+0000] {dagbag.py:587} INFO - Filling up the DagBag from /home/airflow/.local/lib/python3.12/site-packages/airflow/example_dags/example_branch_python_dop_operator_3.py
[2024-10-03T22:24:44.363+0000] {processor.py:925} INFO - DAG(s) 'example_branch_dop_operator_v3' retrieved from /home/airflow/.local/lib/python3.12/site-packages/airflow/example_dags/example_branch_python_dop_operator_3.py
[2024-10-03T22:24:44.390+0000] {logging_mixin.py:190} INFO - [2024-10-03T22:24:44.389+0000] {dag.py:3229} INFO - Sync 1 DAGs
[2024-10-03T22:24:44.434+0000] {logging_mixin.py:190} INFO - [2024-10-03T22:24:44.434+0000] {dag.py:4156} INFO - Setting next_dagrun for example_branch_dop_operator_v3 to 2024-10-03 22:23:00+00:00, run_after=2024-10-03 22:24:00+00:00
[2024-10-03T22:24:44.461+0000] {processor.py:208} INFO - Processing /home/airflow/.local/lib/python3.12/site-packages/airflow/example_dags/example_branch_python_dop_operator_3.py took 0.124 seconds
[2024-10-03T22:25:14.856+0000] {processor.py:186} INFO - Started process (PID=2501) to work on /home/airflow/.local/lib/python3.12/site-packages/airflow/example_dags/example_branch_python_dop_operator_3.py
[2024-10-03T22:25:14.857+0000] {processor.py:914} INFO - Processing file /home/airflow/.local/lib/python3.12/site-packages/airflow/example_dags/example_branch_python_dop_operator_3.py for tasks to queue
[2024-10-03T22:25:14.862+0000] {logging_mixin.py:190} INFO - [2024-10-03T22:25:14.861+0000] {dagbag.py:587} INFO - Filling up the DagBag from /home/airflow/.local/lib/python3.12/site-packages/airflow/example_dags/example_branch_python_dop_operator_3.py
[2024-10-03T22:25:14.876+0000] {processor.py:925} INFO - DAG(s) 'example_branch_dop_operator_v3' retrieved from /home/airflow/.local/lib/python3.12/site-packages/airflow/example_dags/example_branch_python_dop_operator_3.py
[2024-10-03T22:25:14.904+0000] {logging_mixin.py:190} INFO - [2024-10-03T22:25:14.904+0000] {dag.py:3229} INFO - Sync 1 DAGs
[2024-10-03T22:25:14.951+0000] {logging_mixin.py:190} INFO - [2024-10-03T22:25:14.950+0000] {dag.py:4156} INFO - Setting next_dagrun for example_branch_dop_operator_v3 to 2024-10-03 22:24:00+00:00, run_after=2024-10-03 22:25:00+00:00
[2024-10-03T22:25:14.986+0000] {processor.py:208} INFO - Processing /home/airflow/.local/lib/python3.12/site-packages/airflow/example_dags/example_branch_python_dop_operator_3.py took 0.138 seconds
[2024-10-03T22:25:45.508+0000] {processor.py:186} INFO - Started process (PID=2564) to work on /home/airflow/.local/lib/python3.12/site-packages/airflow/example_dags/example_branch_python_dop_operator_3.py
[2024-10-03T22:25:45.509+0000] {processor.py:914} INFO - Processing file /home/airflow/.local/lib/python3.12/site-packages/airflow/example_dags/example_branch_python_dop_operator_3.py for tasks to queue
[2024-10-03T22:25:45.512+0000] {logging_mixin.py:190} INFO - [2024-10-03T22:25:45.511+0000] {dagbag.py:587} INFO - Filling up the DagBag from /home/airflow/.local/lib/python3.12/site-packages/airflow/example_dags/example_branch_python_dop_operator_3.py
[2024-10-03T22:25:45.526+0000] {processor.py:925} INFO - DAG(s) 'example_branch_dop_operator_v3' retrieved from /home/airflow/.local/lib/python3.12/site-packages/airflow/example_dags/example_branch_python_dop_operator_3.py
[2024-10-03T22:25:45.557+0000] {logging_mixin.py:190} INFO - [2024-10-03T22:25:45.556+0000] {dag.py:3229} INFO - Sync 1 DAGs
[2024-10-03T22:25:45.593+0000] {logging_mixin.py:190} INFO - [2024-10-03T22:25:45.593+0000] {dag.py:4156} INFO - Setting next_dagrun for example_branch_dop_operator_v3 to 2024-10-03 22:24:00+00:00, run_after=2024-10-03 22:25:00+00:00
[2024-10-03T22:25:45.618+0000] {processor.py:208} INFO - Processing /home/airflow/.local/lib/python3.12/site-packages/airflow/example_dags/example_branch_python_dop_operator_3.py took 0.119 seconds
[2024-10-03T22:26:16.192+0000] {processor.py:186} INFO - Started process (PID=2627) to work on /home/airflow/.local/lib/python3.12/site-packages/airflow/example_dags/example_branch_python_dop_operator_3.py
[2024-10-03T22:26:16.195+0000] {processor.py:914} INFO - Processing file /home/airflow/.local/lib/python3.12/site-packages/airflow/example_dags/example_branch_python_dop_operator_3.py for tasks to queue
[2024-10-03T22:26:16.198+0000] {logging_mixin.py:190} INFO - [2024-10-03T22:26:16.198+0000] {dagbag.py:587} INFO - Filling up the DagBag from /home/airflow/.local/lib/python3.12/site-packages/airflow/example_dags/example_branch_python_dop_operator_3.py
[2024-10-03T22:26:16.215+0000] {processor.py:925} INFO - DAG(s) 'example_branch_dop_operator_v3' retrieved from /home/airflow/.local/lib/python3.12/site-packages/airflow/example_dags/example_branch_python_dop_operator_3.py
[2024-10-03T22:26:16.246+0000] {logging_mixin.py:190} INFO - [2024-10-03T22:26:16.246+0000] {dag.py:3229} INFO - Sync 1 DAGs
[2024-10-03T22:26:16.289+0000] {logging_mixin.py:190} INFO - [2024-10-03T22:26:16.289+0000] {dag.py:4156} INFO - Setting next_dagrun for example_branch_dop_operator_v3 to 2024-10-03 22:25:00+00:00, run_after=2024-10-03 22:26:00+00:00
[2024-10-03T22:26:16.327+0000] {processor.py:208} INFO - Processing /home/airflow/.local/lib/python3.12/site-packages/airflow/example_dags/example_branch_python_dop_operator_3.py took 0.143 seconds
[2024-10-03T22:26:46.747+0000] {processor.py:186} INFO - Started process (PID=2697) to work on /home/airflow/.local/lib/python3.12/site-packages/airflow/example_dags/example_branch_python_dop_operator_3.py
[2024-10-03T22:26:46.748+0000] {processor.py:914} INFO - Processing file /home/airflow/.local/lib/python3.12/site-packages/airflow/example_dags/example_branch_python_dop_operator_3.py for tasks to queue
[2024-10-03T22:26:46.751+0000] {logging_mixin.py:190} INFO - [2024-10-03T22:26:46.750+0000] {dagbag.py:587} INFO - Filling up the DagBag from /home/airflow/.local/lib/python3.12/site-packages/airflow/example_dags/example_branch_python_dop_operator_3.py
[2024-10-03T22:26:46.766+0000] {processor.py:925} INFO - DAG(s) 'example_branch_dop_operator_v3' retrieved from /home/airflow/.local/lib/python3.12/site-packages/airflow/example_dags/example_branch_python_dop_operator_3.py
[2024-10-03T22:26:46.799+0000] {logging_mixin.py:190} INFO - [2024-10-03T22:26:46.799+0000] {dag.py:3229} INFO - Sync 1 DAGs
[2024-10-03T22:26:46.850+0000] {logging_mixin.py:190} INFO - [2024-10-03T22:26:46.850+0000] {dag.py:4156} INFO - Setting next_dagrun for example_branch_dop_operator_v3 to 2024-10-03 22:25:00+00:00, run_after=2024-10-03 22:26:00+00:00
[2024-10-03T22:26:46.884+0000] {processor.py:208} INFO - Processing /home/airflow/.local/lib/python3.12/site-packages/airflow/example_dags/example_branch_python_dop_operator_3.py took 0.145 seconds
[2024-10-03T22:27:17.324+0000] {processor.py:186} INFO - Started process (PID=2759) to work on /home/airflow/.local/lib/python3.12/site-packages/airflow/example_dags/example_branch_python_dop_operator_3.py
[2024-10-03T22:27:17.325+0000] {processor.py:914} INFO - Processing file /home/airflow/.local/lib/python3.12/site-packages/airflow/example_dags/example_branch_python_dop_operator_3.py for tasks to queue
[2024-10-03T22:27:17.329+0000] {logging_mixin.py:190} INFO - [2024-10-03T22:27:17.328+0000] {dagbag.py:587} INFO - Filling up the DagBag from /home/airflow/.local/lib/python3.12/site-packages/airflow/example_dags/example_branch_python_dop_operator_3.py
[2024-10-03T22:27:17.351+0000] {processor.py:925} INFO - DAG(s) 'example_branch_dop_operator_v3' retrieved from /home/airflow/.local/lib/python3.12/site-packages/airflow/example_dags/example_branch_python_dop_operator_3.py
[2024-10-03T22:27:17.386+0000] {logging_mixin.py:190} INFO - [2024-10-03T22:27:17.386+0000] {dag.py:3229} INFO - Sync 1 DAGs
[2024-10-03T22:27:17.435+0000] {logging_mixin.py:190} INFO - [2024-10-03T22:27:17.435+0000] {dag.py:4156} INFO - Setting next_dagrun for example_branch_dop_operator_v3 to 2024-10-03 22:26:00+00:00, run_after=2024-10-03 22:27:00+00:00
[2024-10-03T22:27:17.466+0000] {processor.py:208} INFO - Processing /home/airflow/.local/lib/python3.12/site-packages/airflow/example_dags/example_branch_python_dop_operator_3.py took 0.153 seconds
[2024-10-03T22:27:48.119+0000] {processor.py:186} INFO - Started process (PID=2822) to work on /home/airflow/.local/lib/python3.12/site-packages/airflow/example_dags/example_branch_python_dop_operator_3.py
[2024-10-03T22:27:48.121+0000] {processor.py:914} INFO - Processing file /home/airflow/.local/lib/python3.12/site-packages/airflow/example_dags/example_branch_python_dop_operator_3.py for tasks to queue
[2024-10-03T22:27:48.126+0000] {logging_mixin.py:190} INFO - [2024-10-03T22:27:48.126+0000] {dagbag.py:587} INFO - Filling up the DagBag from /home/airflow/.local/lib/python3.12/site-packages/airflow/example_dags/example_branch_python_dop_operator_3.py
[2024-10-03T22:27:48.145+0000] {processor.py:925} INFO - DAG(s) 'example_branch_dop_operator_v3' retrieved from /home/airflow/.local/lib/python3.12/site-packages/airflow/example_dags/example_branch_python_dop_operator_3.py
[2024-10-03T22:27:48.200+0000] {logging_mixin.py:190} INFO - [2024-10-03T22:27:48.199+0000] {dag.py:3229} INFO - Sync 1 DAGs
[2024-10-03T22:27:48.274+0000] {logging_mixin.py:190} INFO - [2024-10-03T22:27:48.273+0000] {dag.py:4156} INFO - Setting next_dagrun for example_branch_dop_operator_v3 to 2024-10-03 22:26:00+00:00, run_after=2024-10-03 22:27:00+00:00
[2024-10-03T22:27:48.324+0000] {processor.py:208} INFO - Processing /home/airflow/.local/lib/python3.12/site-packages/airflow/example_dags/example_branch_python_dop_operator_3.py took 0.221 seconds
[2024-10-03T22:28:18.403+0000] {processor.py:186} INFO - Started process (PID=2885) to work on /home/airflow/.local/lib/python3.12/site-packages/airflow/example_dags/example_branch_python_dop_operator_3.py
[2024-10-03T22:28:18.405+0000] {processor.py:914} INFO - Processing file /home/airflow/.local/lib/python3.12/site-packages/airflow/example_dags/example_branch_python_dop_operator_3.py for tasks to queue
[2024-10-03T22:28:18.411+0000] {logging_mixin.py:190} INFO - [2024-10-03T22:28:18.411+0000] {dagbag.py:587} INFO - Filling up the DagBag from /home/airflow/.local/lib/python3.12/site-packages/airflow/example_dags/example_branch_python_dop_operator_3.py
[2024-10-03T22:28:18.428+0000] {processor.py:925} INFO - DAG(s) 'example_branch_dop_operator_v3' retrieved from /home/airflow/.local/lib/python3.12/site-packages/airflow/example_dags/example_branch_python_dop_operator_3.py
[2024-10-03T22:28:18.459+0000] {logging_mixin.py:190} INFO - [2024-10-03T22:28:18.458+0000] {dag.py:3229} INFO - Sync 1 DAGs
[2024-10-03T22:28:18.511+0000] {logging_mixin.py:190} INFO - [2024-10-03T22:28:18.511+0000] {dag.py:4156} INFO - Setting next_dagrun for example_branch_dop_operator_v3 to 2024-10-03 22:27:00+00:00, run_after=2024-10-03 22:28:00+00:00
[2024-10-03T22:28:18.550+0000] {processor.py:208} INFO - Processing /home/airflow/.local/lib/python3.12/site-packages/airflow/example_dags/example_branch_python_dop_operator_3.py took 0.154 seconds
[2024-10-03T22:28:49.221+0000] {processor.py:186} INFO - Started process (PID=2948) to work on /home/airflow/.local/lib/python3.12/site-packages/airflow/example_dags/example_branch_python_dop_operator_3.py
[2024-10-03T22:28:49.223+0000] {processor.py:914} INFO - Processing file /home/airflow/.local/lib/python3.12/site-packages/airflow/example_dags/example_branch_python_dop_operator_3.py for tasks to queue
[2024-10-03T22:28:49.226+0000] {logging_mixin.py:190} INFO - [2024-10-03T22:28:49.225+0000] {dagbag.py:587} INFO - Filling up the DagBag from /home/airflow/.local/lib/python3.12/site-packages/airflow/example_dags/example_branch_python_dop_operator_3.py
[2024-10-03T22:28:49.240+0000] {processor.py:925} INFO - DAG(s) 'example_branch_dop_operator_v3' retrieved from /home/airflow/.local/lib/python3.12/site-packages/airflow/example_dags/example_branch_python_dop_operator_3.py
[2024-10-03T22:28:49.266+0000] {logging_mixin.py:190} INFO - [2024-10-03T22:28:49.266+0000] {dag.py:3229} INFO - Sync 1 DAGs
[2024-10-03T22:28:49.486+0000] {logging_mixin.py:190} INFO - [2024-10-03T22:28:49.485+0000] {dag.py:4156} INFO - Setting next_dagrun for example_branch_dop_operator_v3 to 2024-10-03 22:27:00+00:00, run_after=2024-10-03 22:28:00+00:00
[2024-10-03T22:28:49.520+0000] {processor.py:208} INFO - Processing /home/airflow/.local/lib/python3.12/site-packages/airflow/example_dags/example_branch_python_dop_operator_3.py took 0.310 seconds
[2024-10-03T22:29:19.913+0000] {processor.py:186} INFO - Started process (PID=3011) to work on /home/airflow/.local/lib/python3.12/site-packages/airflow/example_dags/example_branch_python_dop_operator_3.py
[2024-10-03T22:29:19.914+0000] {processor.py:914} INFO - Processing file /home/airflow/.local/lib/python3.12/site-packages/airflow/example_dags/example_branch_python_dop_operator_3.py for tasks to queue
[2024-10-03T22:29:19.917+0000] {logging_mixin.py:190} INFO - [2024-10-03T22:29:19.917+0000] {dagbag.py:587} INFO - Filling up the DagBag from /home/airflow/.local/lib/python3.12/site-packages/airflow/example_dags/example_branch_python_dop_operator_3.py
[2024-10-03T22:29:19.930+0000] {processor.py:925} INFO - DAG(s) 'example_branch_dop_operator_v3' retrieved from /home/airflow/.local/lib/python3.12/site-packages/airflow/example_dags/example_branch_python_dop_operator_3.py
[2024-10-03T22:29:19.956+0000] {logging_mixin.py:190} INFO - [2024-10-03T22:29:19.955+0000] {dag.py:3229} INFO - Sync 1 DAGs
[2024-10-03T22:29:20.002+0000] {logging_mixin.py:190} INFO - [2024-10-03T22:29:20.002+0000] {dag.py:4156} INFO - Setting next_dagrun for example_branch_dop_operator_v3 to 2024-10-03 22:28:00+00:00, run_after=2024-10-03 22:29:00+00:00
[2024-10-03T22:29:20.311+0000] {processor.py:208} INFO - Processing /home/airflow/.local/lib/python3.12/site-packages/airflow/example_dags/example_branch_python_dop_operator_3.py took 0.405 seconds
[2024-10-03T22:29:50.680+0000] {processor.py:186} INFO - Started process (PID=3074) to work on /home/airflow/.local/lib/python3.12/site-packages/airflow/example_dags/example_branch_python_dop_operator_3.py
[2024-10-03T22:29:50.682+0000] {processor.py:914} INFO - Processing file /home/airflow/.local/lib/python3.12/site-packages/airflow/example_dags/example_branch_python_dop_operator_3.py for tasks to queue
[2024-10-03T22:29:50.687+0000] {logging_mixin.py:190} INFO - [2024-10-03T22:29:50.686+0000] {dagbag.py:587} INFO - Filling up the DagBag from /home/airflow/.local/lib/python3.12/site-packages/airflow/example_dags/example_branch_python_dop_operator_3.py
[2024-10-03T22:29:50.702+0000] {processor.py:925} INFO - DAG(s) 'example_branch_dop_operator_v3' retrieved from /home/airflow/.local/lib/python3.12/site-packages/airflow/example_dags/example_branch_python_dop_operator_3.py
[2024-10-03T22:29:50.732+0000] {logging_mixin.py:190} INFO - [2024-10-03T22:29:50.732+0000] {dag.py:3229} INFO - Sync 1 DAGs
[2024-10-03T22:29:50.768+0000] {logging_mixin.py:190} INFO - [2024-10-03T22:29:50.767+0000] {dag.py:4156} INFO - Setting next_dagrun for example_branch_dop_operator_v3 to 2024-10-03 22:28:00+00:00, run_after=2024-10-03 22:29:00+00:00
[2024-10-03T22:29:50.800+0000] {processor.py:208} INFO - Processing /home/airflow/.local/lib/python3.12/site-packages/airflow/example_dags/example_branch_python_dop_operator_3.py took 0.131 seconds
[2024-10-03T22:30:20.946+0000] {processor.py:186} INFO - Started process (PID=3137) to work on /home/airflow/.local/lib/python3.12/site-packages/airflow/example_dags/example_branch_python_dop_operator_3.py
[2024-10-03T22:30:20.947+0000] {processor.py:914} INFO - Processing file /home/airflow/.local/lib/python3.12/site-packages/airflow/example_dags/example_branch_python_dop_operator_3.py for tasks to queue
[2024-10-03T22:30:20.950+0000] {logging_mixin.py:190} INFO - [2024-10-03T22:30:20.950+0000] {dagbag.py:587} INFO - Filling up the DagBag from /home/airflow/.local/lib/python3.12/site-packages/airflow/example_dags/example_branch_python_dop_operator_3.py
[2024-10-03T22:30:20.962+0000] {processor.py:925} INFO - DAG(s) 'example_branch_dop_operator_v3' retrieved from /home/airflow/.local/lib/python3.12/site-packages/airflow/example_dags/example_branch_python_dop_operator_3.py
[2024-10-03T22:30:20.987+0000] {logging_mixin.py:190} INFO - [2024-10-03T22:30:20.987+0000] {dag.py:3229} INFO - Sync 1 DAGs
[2024-10-03T22:30:21.034+0000] {logging_mixin.py:190} INFO - [2024-10-03T22:30:21.034+0000] {dag.py:4156} INFO - Setting next_dagrun for example_branch_dop_operator_v3 to 2024-10-03 22:29:00+00:00, run_after=2024-10-03 22:30:00+00:00
[2024-10-03T22:30:21.069+0000] {processor.py:208} INFO - Processing /home/airflow/.local/lib/python3.12/site-packages/airflow/example_dags/example_branch_python_dop_operator_3.py took 0.130 seconds
[2024-10-03T22:30:51.223+0000] {processor.py:186} INFO - Started process (PID=3198) to work on /home/airflow/.local/lib/python3.12/site-packages/airflow/example_dags/example_branch_python_dop_operator_3.py
[2024-10-03T22:30:51.225+0000] {processor.py:914} INFO - Processing file /home/airflow/.local/lib/python3.12/site-packages/airflow/example_dags/example_branch_python_dop_operator_3.py for tasks to queue
[2024-10-03T22:30:51.228+0000] {logging_mixin.py:190} INFO - [2024-10-03T22:30:51.228+0000] {dagbag.py:587} INFO - Filling up the DagBag from /home/airflow/.local/lib/python3.12/site-packages/airflow/example_dags/example_branch_python_dop_operator_3.py
[2024-10-03T22:30:51.244+0000] {processor.py:925} INFO - DAG(s) 'example_branch_dop_operator_v3' retrieved from /home/airflow/.local/lib/python3.12/site-packages/airflow/example_dags/example_branch_python_dop_operator_3.py
[2024-10-03T22:30:51.272+0000] {logging_mixin.py:190} INFO - [2024-10-03T22:30:51.272+0000] {dag.py:3229} INFO - Sync 1 DAGs
[2024-10-03T22:30:51.326+0000] {logging_mixin.py:190} INFO - [2024-10-03T22:30:51.325+0000] {dag.py:4156} INFO - Setting next_dagrun for example_branch_dop_operator_v3 to 2024-10-03 22:29:00+00:00, run_after=2024-10-03 22:30:00+00:00
[2024-10-03T22:30:51.563+0000] {processor.py:208} INFO - Processing /home/airflow/.local/lib/python3.12/site-packages/airflow/example_dags/example_branch_python_dop_operator_3.py took 0.353 seconds
[2024-10-03T22:31:21.801+0000] {processor.py:186} INFO - Started process (PID=3261) to work on /home/airflow/.local/lib/python3.12/site-packages/airflow/example_dags/example_branch_python_dop_operator_3.py
[2024-10-03T22:31:21.803+0000] {processor.py:914} INFO - Processing file /home/airflow/.local/lib/python3.12/site-packages/airflow/example_dags/example_branch_python_dop_operator_3.py for tasks to queue
[2024-10-03T22:31:21.806+0000] {logging_mixin.py:190} INFO - [2024-10-03T22:31:21.806+0000] {dagbag.py:587} INFO - Filling up the DagBag from /home/airflow/.local/lib/python3.12/site-packages/airflow/example_dags/example_branch_python_dop_operator_3.py
[2024-10-03T22:31:21.820+0000] {processor.py:925} INFO - DAG(s) 'example_branch_dop_operator_v3' retrieved from /home/airflow/.local/lib/python3.12/site-packages/airflow/example_dags/example_branch_python_dop_operator_3.py
[2024-10-03T22:31:21.847+0000] {logging_mixin.py:190} INFO - [2024-10-03T22:31:21.846+0000] {dag.py:3229} INFO - Sync 1 DAGs
[2024-10-03T22:31:21.890+0000] {logging_mixin.py:190} INFO - [2024-10-03T22:31:21.889+0000] {dag.py:4156} INFO - Setting next_dagrun for example_branch_dop_operator_v3 to 2024-10-03 22:30:00+00:00, run_after=2024-10-03 22:31:00+00:00
[2024-10-03T22:31:21.920+0000] {processor.py:208} INFO - Processing /home/airflow/.local/lib/python3.12/site-packages/airflow/example_dags/example_branch_python_dop_operator_3.py took 0.128 seconds
[2024-10-03T22:31:52.329+0000] {processor.py:186} INFO - Started process (PID=3324) to work on /home/airflow/.local/lib/python3.12/site-packages/airflow/example_dags/example_branch_python_dop_operator_3.py
[2024-10-03T22:31:52.330+0000] {processor.py:914} INFO - Processing file /home/airflow/.local/lib/python3.12/site-packages/airflow/example_dags/example_branch_python_dop_operator_3.py for tasks to queue
[2024-10-03T22:31:52.335+0000] {logging_mixin.py:190} INFO - [2024-10-03T22:31:52.335+0000] {dagbag.py:587} INFO - Filling up the DagBag from /home/airflow/.local/lib/python3.12/site-packages/airflow/example_dags/example_branch_python_dop_operator_3.py
[2024-10-03T22:31:52.355+0000] {processor.py:925} INFO - DAG(s) 'example_branch_dop_operator_v3' retrieved from /home/airflow/.local/lib/python3.12/site-packages/airflow/example_dags/example_branch_python_dop_operator_3.py
[2024-10-03T22:31:52.407+0000] {logging_mixin.py:190} INFO - [2024-10-03T22:31:52.407+0000] {dag.py:3229} INFO - Sync 1 DAGs
[2024-10-03T22:31:52.495+0000] {logging_mixin.py:190} INFO - [2024-10-03T22:31:52.495+0000] {dag.py:4156} INFO - Setting next_dagrun for example_branch_dop_operator_v3 to 2024-10-03 22:30:00+00:00, run_after=2024-10-03 22:31:00+00:00
[2024-10-03T22:31:52.598+0000] {processor.py:208} INFO - Processing /home/airflow/.local/lib/python3.12/site-packages/airflow/example_dags/example_branch_python_dop_operator_3.py took 0.282 seconds
[2024-10-03T22:32:22.930+0000] {processor.py:186} INFO - Started process (PID=3387) to work on /home/airflow/.local/lib/python3.12/site-packages/airflow/example_dags/example_branch_python_dop_operator_3.py
[2024-10-03T22:32:22.931+0000] {processor.py:914} INFO - Processing file /home/airflow/.local/lib/python3.12/site-packages/airflow/example_dags/example_branch_python_dop_operator_3.py for tasks to queue
[2024-10-03T22:32:22.934+0000] {logging_mixin.py:190} INFO - [2024-10-03T22:32:22.933+0000] {dagbag.py:587} INFO - Filling up the DagBag from /home/airflow/.local/lib/python3.12/site-packages/airflow/example_dags/example_branch_python_dop_operator_3.py
[2024-10-03T22:32:22.947+0000] {processor.py:925} INFO - DAG(s) 'example_branch_dop_operator_v3' retrieved from /home/airflow/.local/lib/python3.12/site-packages/airflow/example_dags/example_branch_python_dop_operator_3.py
[2024-10-03T22:32:22.979+0000] {logging_mixin.py:190} INFO - [2024-10-03T22:32:22.979+0000] {dag.py:3229} INFO - Sync 1 DAGs
[2024-10-03T22:32:23.019+0000] {logging_mixin.py:190} INFO - [2024-10-03T22:32:23.018+0000] {dag.py:4156} INFO - Setting next_dagrun for example_branch_dop_operator_v3 to 2024-10-03 22:31:00+00:00, run_after=2024-10-03 22:32:00+00:00
[2024-10-03T22:32:23.043+0000] {processor.py:208} INFO - Processing /home/airflow/.local/lib/python3.12/site-packages/airflow/example_dags/example_branch_python_dop_operator_3.py took 0.123 seconds
[2024-10-03T22:32:53.155+0000] {processor.py:186} INFO - Started process (PID=3450) to work on /home/airflow/.local/lib/python3.12/site-packages/airflow/example_dags/example_branch_python_dop_operator_3.py
[2024-10-03T22:32:53.156+0000] {processor.py:914} INFO - Processing file /home/airflow/.local/lib/python3.12/site-packages/airflow/example_dags/example_branch_python_dop_operator_3.py for tasks to queue
[2024-10-03T22:32:53.160+0000] {logging_mixin.py:190} INFO - [2024-10-03T22:32:53.160+0000] {dagbag.py:587} INFO - Filling up the DagBag from /home/airflow/.local/lib/python3.12/site-packages/airflow/example_dags/example_branch_python_dop_operator_3.py
[2024-10-03T22:32:53.175+0000] {processor.py:925} INFO - DAG(s) 'example_branch_dop_operator_v3' retrieved from /home/airflow/.local/lib/python3.12/site-packages/airflow/example_dags/example_branch_python_dop_operator_3.py
[2024-10-03T22:32:53.208+0000] {logging_mixin.py:190} INFO - [2024-10-03T22:32:53.208+0000] {dag.py:3229} INFO - Sync 1 DAGs
[2024-10-03T22:32:53.257+0000] {logging_mixin.py:190} INFO - [2024-10-03T22:32:53.257+0000] {dag.py:4156} INFO - Setting next_dagrun for example_branch_dop_operator_v3 to 2024-10-03 22:31:00+00:00, run_after=2024-10-03 22:32:00+00:00
[2024-10-03T22:32:53.292+0000] {processor.py:208} INFO - Processing /home/airflow/.local/lib/python3.12/site-packages/airflow/example_dags/example_branch_python_dop_operator_3.py took 0.147 seconds
[2024-10-03T22:33:23.500+0000] {processor.py:186} INFO - Started process (PID=3513) to work on /home/airflow/.local/lib/python3.12/site-packages/airflow/example_dags/example_branch_python_dop_operator_3.py
[2024-10-03T22:33:23.501+0000] {processor.py:914} INFO - Processing file /home/airflow/.local/lib/python3.12/site-packages/airflow/example_dags/example_branch_python_dop_operator_3.py for tasks to queue
[2024-10-03T22:33:23.505+0000] {logging_mixin.py:190} INFO - [2024-10-03T22:33:23.504+0000] {dagbag.py:587} INFO - Filling up the DagBag from /home/airflow/.local/lib/python3.12/site-packages/airflow/example_dags/example_branch_python_dop_operator_3.py
[2024-10-03T22:33:23.520+0000] {processor.py:925} INFO - DAG(s) 'example_branch_dop_operator_v3' retrieved from /home/airflow/.local/lib/python3.12/site-packages/airflow/example_dags/example_branch_python_dop_operator_3.py
[2024-10-03T22:33:23.548+0000] {logging_mixin.py:190} INFO - [2024-10-03T22:33:23.548+0000] {dag.py:3229} INFO - Sync 1 DAGs
[2024-10-03T22:33:23.586+0000] {logging_mixin.py:190} INFO - [2024-10-03T22:33:23.586+0000] {dag.py:4156} INFO - Setting next_dagrun for example_branch_dop_operator_v3 to 2024-10-03 22:32:00+00:00, run_after=2024-10-03 22:33:00+00:00
[2024-10-03T22:33:23.612+0000] {processor.py:208} INFO - Processing /home/airflow/.local/lib/python3.12/site-packages/airflow/example_dags/example_branch_python_dop_operator_3.py took 0.121 seconds
[2024-10-03T22:33:53.950+0000] {processor.py:186} INFO - Started process (PID=3576) to work on /home/airflow/.local/lib/python3.12/site-packages/airflow/example_dags/example_branch_python_dop_operator_3.py
[2024-10-03T22:33:53.951+0000] {processor.py:914} INFO - Processing file /home/airflow/.local/lib/python3.12/site-packages/airflow/example_dags/example_branch_python_dop_operator_3.py for tasks to queue
[2024-10-03T22:33:53.954+0000] {logging_mixin.py:190} INFO - [2024-10-03T22:33:53.954+0000] {dagbag.py:587} INFO - Filling up the DagBag from /home/airflow/.local/lib/python3.12/site-packages/airflow/example_dags/example_branch_python_dop_operator_3.py
[2024-10-03T22:33:53.966+0000] {processor.py:925} INFO - DAG(s) 'example_branch_dop_operator_v3' retrieved from /home/airflow/.local/lib/python3.12/site-packages/airflow/example_dags/example_branch_python_dop_operator_3.py
[2024-10-03T22:33:53.992+0000] {logging_mixin.py:190} INFO - [2024-10-03T22:33:53.992+0000] {dag.py:3229} INFO - Sync 1 DAGs
[2024-10-03T22:33:54.034+0000] {logging_mixin.py:190} INFO - [2024-10-03T22:33:54.034+0000] {dag.py:4156} INFO - Setting next_dagrun for example_branch_dop_operator_v3 to 2024-10-03 22:32:00+00:00, run_after=2024-10-03 22:33:00+00:00
[2024-10-03T22:33:54.071+0000] {processor.py:208} INFO - Processing /home/airflow/.local/lib/python3.12/site-packages/airflow/example_dags/example_branch_python_dop_operator_3.py took 0.128 seconds
[2024-10-03T22:34:24.615+0000] {processor.py:186} INFO - Started process (PID=3639) to work on /home/airflow/.local/lib/python3.12/site-packages/airflow/example_dags/example_branch_python_dop_operator_3.py
[2024-10-03T22:34:24.617+0000] {processor.py:914} INFO - Processing file /home/airflow/.local/lib/python3.12/site-packages/airflow/example_dags/example_branch_python_dop_operator_3.py for tasks to queue
[2024-10-03T22:34:24.620+0000] {logging_mixin.py:190} INFO - [2024-10-03T22:34:24.619+0000] {dagbag.py:587} INFO - Filling up the DagBag from /home/airflow/.local/lib/python3.12/site-packages/airflow/example_dags/example_branch_python_dop_operator_3.py
[2024-10-03T22:34:24.634+0000] {processor.py:925} INFO - DAG(s) 'example_branch_dop_operator_v3' retrieved from /home/airflow/.local/lib/python3.12/site-packages/airflow/example_dags/example_branch_python_dop_operator_3.py
[2024-10-03T22:34:24.662+0000] {logging_mixin.py:190} INFO - [2024-10-03T22:34:24.662+0000] {dag.py:3229} INFO - Sync 1 DAGs
[2024-10-03T22:34:24.703+0000] {logging_mixin.py:190} INFO - [2024-10-03T22:34:24.703+0000] {dag.py:4156} INFO - Setting next_dagrun for example_branch_dop_operator_v3 to 2024-10-03 22:33:00+00:00, run_after=2024-10-03 22:34:00+00:00
[2024-10-03T22:34:24.750+0000] {processor.py:208} INFO - Processing /home/airflow/.local/lib/python3.12/site-packages/airflow/example_dags/example_branch_python_dop_operator_3.py took 0.142 seconds
[2024-10-03T22:34:54.843+0000] {processor.py:186} INFO - Started process (PID=3702) to work on /home/airflow/.local/lib/python3.12/site-packages/airflow/example_dags/example_branch_python_dop_operator_3.py
[2024-10-03T22:34:54.844+0000] {processor.py:914} INFO - Processing file /home/airflow/.local/lib/python3.12/site-packages/airflow/example_dags/example_branch_python_dop_operator_3.py for tasks to queue
[2024-10-03T22:34:54.848+0000] {logging_mixin.py:190} INFO - [2024-10-03T22:34:54.848+0000] {dagbag.py:587} INFO - Filling up the DagBag from /home/airflow/.local/lib/python3.12/site-packages/airflow/example_dags/example_branch_python_dop_operator_3.py
[2024-10-03T22:34:54.867+0000] {processor.py:925} INFO - DAG(s) 'example_branch_dop_operator_v3' retrieved from /home/airflow/.local/lib/python3.12/site-packages/airflow/example_dags/example_branch_python_dop_operator_3.py
[2024-10-03T22:34:54.905+0000] {logging_mixin.py:190} INFO - [2024-10-03T22:34:54.905+0000] {dag.py:3229} INFO - Sync 1 DAGs
[2024-10-03T22:34:54.957+0000] {logging_mixin.py:190} INFO - [2024-10-03T22:34:54.957+0000] {dag.py:4156} INFO - Setting next_dagrun for example_branch_dop_operator_v3 to 2024-10-03 22:33:00+00:00, run_after=2024-10-03 22:34:00+00:00
[2024-10-03T22:34:55.010+0000] {processor.py:208} INFO - Processing /home/airflow/.local/lib/python3.12/site-packages/airflow/example_dags/example_branch_python_dop_operator_3.py took 0.177 seconds
