[2024-10-03T22:05:53.168+0000] {processor.py:186} INFO - Started process (PID=116) to work on /home/airflow/.local/lib/python3.12/site-packages/airflow/example_dags/example_external_task_marker_dag.py
[2024-10-03T22:05:53.169+0000] {processor.py:914} INFO - Processing file /home/airflow/.local/lib/python3.12/site-packages/airflow/example_dags/example_external_task_marker_dag.py for tasks to queue
[2024-10-03T22:05:53.186+0000] {logging_mixin.py:190} INFO - [2024-10-03T22:05:53.185+0000] {dagbag.py:587} INFO - Filling up the DagBag from /home/airflow/.local/lib/python3.12/site-packages/airflow/example_dags/example_external_task_marker_dag.py
[2024-10-03T22:05:53.271+0000] {processor.py:925} INFO - DAG(s) 'example_external_task_marker_child', 'example_external_task_marker_parent' retrieved from /home/airflow/.local/lib/python3.12/site-packages/airflow/example_dags/example_external_task_marker_dag.py
[2024-10-03T22:05:53.430+0000] {logging_mixin.py:190} INFO - [2024-10-03T22:05:53.430+0000] {dag.py:3229} INFO - Sync 2 DAGs
[2024-10-03T22:05:53.543+0000] {logging_mixin.py:190} INFO - [2024-10-03T22:05:53.543+0000] {dag.py:4156} INFO - Setting next_dagrun for example_external_task_marker_child to None, run_after=None
[2024-10-03T22:05:53.576+0000] {logging_mixin.py:190} INFO - [2024-10-03T22:05:53.576+0000] {dag.py:4156} INFO - Setting next_dagrun for example_external_task_marker_parent to None, run_after=None
[2024-10-03T22:05:53.764+0000] {processor.py:208} INFO - Processing /home/airflow/.local/lib/python3.12/site-packages/airflow/example_dags/example_external_task_marker_dag.py took 0.626 seconds
[2024-10-03T22:06:25.581+0000] {processor.py:186} INFO - Started process (PID=179) to work on /home/airflow/.local/lib/python3.12/site-packages/airflow/example_dags/example_external_task_marker_dag.py
[2024-10-03T22:06:25.723+0000] {processor.py:914} INFO - Processing file /home/airflow/.local/lib/python3.12/site-packages/airflow/example_dags/example_external_task_marker_dag.py for tasks to queue
[2024-10-03T22:06:25.728+0000] {logging_mixin.py:190} INFO - [2024-10-03T22:06:25.727+0000] {dagbag.py:587} INFO - Filling up the DagBag from /home/airflow/.local/lib/python3.12/site-packages/airflow/example_dags/example_external_task_marker_dag.py
[2024-10-03T22:06:25.809+0000] {processor.py:925} INFO - DAG(s) 'example_external_task_marker_child', 'example_external_task_marker_parent' retrieved from /home/airflow/.local/lib/python3.12/site-packages/airflow/example_dags/example_external_task_marker_dag.py
[2024-10-03T22:06:26.025+0000] {logging_mixin.py:190} INFO - [2024-10-03T22:06:26.024+0000] {dag.py:3229} INFO - Sync 2 DAGs
[2024-10-03T22:06:26.120+0000] {logging_mixin.py:190} INFO - [2024-10-03T22:06:26.119+0000] {dag.py:4156} INFO - Setting next_dagrun for example_external_task_marker_child to None, run_after=None
[2024-10-03T22:06:26.148+0000] {logging_mixin.py:190} INFO - [2024-10-03T22:06:26.147+0000] {dag.py:4156} INFO - Setting next_dagrun for example_external_task_marker_parent to None, run_after=None
[2024-10-03T22:06:26.261+0000] {processor.py:208} INFO - Processing /home/airflow/.local/lib/python3.12/site-packages/airflow/example_dags/example_external_task_marker_dag.py took 0.730 seconds
[2024-10-03T22:06:57.254+0000] {processor.py:186} INFO - Started process (PID=242) to work on /home/airflow/.local/lib/python3.12/site-packages/airflow/example_dags/example_external_task_marker_dag.py
[2024-10-03T22:06:57.266+0000] {processor.py:914} INFO - Processing file /home/airflow/.local/lib/python3.12/site-packages/airflow/example_dags/example_external_task_marker_dag.py for tasks to queue
[2024-10-03T22:06:57.272+0000] {logging_mixin.py:190} INFO - [2024-10-03T22:06:57.271+0000] {dagbag.py:587} INFO - Filling up the DagBag from /home/airflow/.local/lib/python3.12/site-packages/airflow/example_dags/example_external_task_marker_dag.py
[2024-10-03T22:06:57.317+0000] {processor.py:925} INFO - DAG(s) 'example_external_task_marker_parent', 'example_external_task_marker_child' retrieved from /home/airflow/.local/lib/python3.12/site-packages/airflow/example_dags/example_external_task_marker_dag.py
[2024-10-03T22:06:57.498+0000] {logging_mixin.py:190} INFO - [2024-10-03T22:06:57.497+0000] {dag.py:3229} INFO - Sync 2 DAGs
[2024-10-03T22:06:57.611+0000] {logging_mixin.py:190} INFO - [2024-10-03T22:06:57.611+0000] {dag.py:4156} INFO - Setting next_dagrun for example_external_task_marker_child to None, run_after=None
[2024-10-03T22:06:57.643+0000] {logging_mixin.py:190} INFO - [2024-10-03T22:06:57.643+0000] {dag.py:4156} INFO - Setting next_dagrun for example_external_task_marker_parent to None, run_after=None
[2024-10-03T22:06:57.768+0000] {processor.py:208} INFO - Processing /home/airflow/.local/lib/python3.12/site-packages/airflow/example_dags/example_external_task_marker_dag.py took 0.545 seconds
[2024-10-03T22:07:28.304+0000] {processor.py:186} INFO - Started process (PID=306) to work on /home/airflow/.local/lib/python3.12/site-packages/airflow/example_dags/example_external_task_marker_dag.py
[2024-10-03T22:07:28.306+0000] {processor.py:914} INFO - Processing file /home/airflow/.local/lib/python3.12/site-packages/airflow/example_dags/example_external_task_marker_dag.py for tasks to queue
[2024-10-03T22:07:28.319+0000] {logging_mixin.py:190} INFO - [2024-10-03T22:07:28.318+0000] {dagbag.py:587} INFO - Filling up the DagBag from /home/airflow/.local/lib/python3.12/site-packages/airflow/example_dags/example_external_task_marker_dag.py
[2024-10-03T22:07:28.352+0000] {processor.py:925} INFO - DAG(s) 'example_external_task_marker_child', 'example_external_task_marker_parent' retrieved from /home/airflow/.local/lib/python3.12/site-packages/airflow/example_dags/example_external_task_marker_dag.py
[2024-10-03T22:07:28.431+0000] {logging_mixin.py:190} INFO - [2024-10-03T22:07:28.431+0000] {dag.py:3229} INFO - Sync 2 DAGs
[2024-10-03T22:07:28.480+0000] {logging_mixin.py:190} INFO - [2024-10-03T22:07:28.480+0000] {dag.py:4156} INFO - Setting next_dagrun for example_external_task_marker_child to None, run_after=None
[2024-10-03T22:07:28.497+0000] {logging_mixin.py:190} INFO - [2024-10-03T22:07:28.496+0000] {dag.py:4156} INFO - Setting next_dagrun for example_external_task_marker_parent to None, run_after=None
[2024-10-03T22:07:28.549+0000] {processor.py:208} INFO - Processing /home/airflow/.local/lib/python3.12/site-packages/airflow/example_dags/example_external_task_marker_dag.py took 0.264 seconds
[2024-10-03T22:07:59.115+0000] {processor.py:186} INFO - Started process (PID=369) to work on /home/airflow/.local/lib/python3.12/site-packages/airflow/example_dags/example_external_task_marker_dag.py
[2024-10-03T22:07:59.116+0000] {processor.py:914} INFO - Processing file /home/airflow/.local/lib/python3.12/site-packages/airflow/example_dags/example_external_task_marker_dag.py for tasks to queue
[2024-10-03T22:07:59.130+0000] {logging_mixin.py:190} INFO - [2024-10-03T22:07:59.129+0000] {dagbag.py:587} INFO - Filling up the DagBag from /home/airflow/.local/lib/python3.12/site-packages/airflow/example_dags/example_external_task_marker_dag.py
[2024-10-03T22:07:59.177+0000] {processor.py:925} INFO - DAG(s) 'example_external_task_marker_child', 'example_external_task_marker_parent' retrieved from /home/airflow/.local/lib/python3.12/site-packages/airflow/example_dags/example_external_task_marker_dag.py
[2024-10-03T22:07:59.315+0000] {logging_mixin.py:190} INFO - [2024-10-03T22:07:59.314+0000] {dag.py:3229} INFO - Sync 2 DAGs
[2024-10-03T22:07:59.408+0000] {logging_mixin.py:190} INFO - [2024-10-03T22:07:59.408+0000] {dag.py:4156} INFO - Setting next_dagrun for example_external_task_marker_child to None, run_after=None
[2024-10-03T22:07:59.438+0000] {logging_mixin.py:190} INFO - [2024-10-03T22:07:59.437+0000] {dag.py:4156} INFO - Setting next_dagrun for example_external_task_marker_parent to None, run_after=None
[2024-10-03T22:07:59.504+0000] {processor.py:208} INFO - Processing /home/airflow/.local/lib/python3.12/site-packages/airflow/example_dags/example_external_task_marker_dag.py took 0.417 seconds
[2024-10-03T22:08:29.802+0000] {processor.py:186} INFO - Started process (PID=432) to work on /home/airflow/.local/lib/python3.12/site-packages/airflow/example_dags/example_external_task_marker_dag.py
[2024-10-03T22:08:29.803+0000] {processor.py:914} INFO - Processing file /home/airflow/.local/lib/python3.12/site-packages/airflow/example_dags/example_external_task_marker_dag.py for tasks to queue
[2024-10-03T22:08:29.806+0000] {logging_mixin.py:190} INFO - [2024-10-03T22:08:29.805+0000] {dagbag.py:587} INFO - Filling up the DagBag from /home/airflow/.local/lib/python3.12/site-packages/airflow/example_dags/example_external_task_marker_dag.py
[2024-10-03T22:08:29.819+0000] {processor.py:925} INFO - DAG(s) 'example_external_task_marker_parent', 'example_external_task_marker_child' retrieved from /home/airflow/.local/lib/python3.12/site-packages/airflow/example_dags/example_external_task_marker_dag.py
[2024-10-03T22:08:29.860+0000] {logging_mixin.py:190} INFO - [2024-10-03T22:08:29.860+0000] {dag.py:3229} INFO - Sync 2 DAGs
[2024-10-03T22:08:29.892+0000] {logging_mixin.py:190} INFO - [2024-10-03T22:08:29.892+0000] {dag.py:4156} INFO - Setting next_dagrun for example_external_task_marker_child to None, run_after=None
[2024-10-03T22:08:29.898+0000] {logging_mixin.py:190} INFO - [2024-10-03T22:08:29.897+0000] {dag.py:4156} INFO - Setting next_dagrun for example_external_task_marker_parent to None, run_after=None
[2024-10-03T22:08:29.929+0000] {processor.py:208} INFO - Processing /home/airflow/.local/lib/python3.12/site-packages/airflow/example_dags/example_external_task_marker_dag.py took 0.140 seconds
[2024-10-03T22:09:00.417+0000] {processor.py:186} INFO - Started process (PID=495) to work on /home/airflow/.local/lib/python3.12/site-packages/airflow/example_dags/example_external_task_marker_dag.py
[2024-10-03T22:09:00.419+0000] {processor.py:914} INFO - Processing file /home/airflow/.local/lib/python3.12/site-packages/airflow/example_dags/example_external_task_marker_dag.py for tasks to queue
[2024-10-03T22:09:00.424+0000] {logging_mixin.py:190} INFO - [2024-10-03T22:09:00.423+0000] {dagbag.py:587} INFO - Filling up the DagBag from /home/airflow/.local/lib/python3.12/site-packages/airflow/example_dags/example_external_task_marker_dag.py
[2024-10-03T22:09:00.439+0000] {processor.py:925} INFO - DAG(s) 'example_external_task_marker_parent', 'example_external_task_marker_child' retrieved from /home/airflow/.local/lib/python3.12/site-packages/airflow/example_dags/example_external_task_marker_dag.py
[2024-10-03T22:09:00.474+0000] {logging_mixin.py:190} INFO - [2024-10-03T22:09:00.474+0000] {dag.py:3229} INFO - Sync 2 DAGs
[2024-10-03T22:09:00.498+0000] {logging_mixin.py:190} INFO - [2024-10-03T22:09:00.498+0000] {dag.py:4156} INFO - Setting next_dagrun for example_external_task_marker_child to None, run_after=None
[2024-10-03T22:09:00.504+0000] {logging_mixin.py:190} INFO - [2024-10-03T22:09:00.503+0000] {dag.py:4156} INFO - Setting next_dagrun for example_external_task_marker_parent to None, run_after=None
[2024-10-03T22:09:00.542+0000] {processor.py:208} INFO - Processing /home/airflow/.local/lib/python3.12/site-packages/airflow/example_dags/example_external_task_marker_dag.py took 0.139 seconds
[2024-10-03T22:09:31.079+0000] {processor.py:186} INFO - Started process (PID=558) to work on /home/airflow/.local/lib/python3.12/site-packages/airflow/example_dags/example_external_task_marker_dag.py
[2024-10-03T22:09:31.081+0000] {processor.py:914} INFO - Processing file /home/airflow/.local/lib/python3.12/site-packages/airflow/example_dags/example_external_task_marker_dag.py for tasks to queue
[2024-10-03T22:09:31.085+0000] {logging_mixin.py:190} INFO - [2024-10-03T22:09:31.084+0000] {dagbag.py:587} INFO - Filling up the DagBag from /home/airflow/.local/lib/python3.12/site-packages/airflow/example_dags/example_external_task_marker_dag.py
[2024-10-03T22:09:31.100+0000] {processor.py:925} INFO - DAG(s) 'example_external_task_marker_parent', 'example_external_task_marker_child' retrieved from /home/airflow/.local/lib/python3.12/site-packages/airflow/example_dags/example_external_task_marker_dag.py
[2024-10-03T22:09:31.163+0000] {logging_mixin.py:190} INFO - [2024-10-03T22:09:31.162+0000] {dag.py:3229} INFO - Sync 2 DAGs
[2024-10-03T22:09:31.206+0000] {logging_mixin.py:190} INFO - [2024-10-03T22:09:31.206+0000] {dag.py:4156} INFO - Setting next_dagrun for example_external_task_marker_child to None, run_after=None
[2024-10-03T22:09:31.216+0000] {logging_mixin.py:190} INFO - [2024-10-03T22:09:31.215+0000] {dag.py:4156} INFO - Setting next_dagrun for example_external_task_marker_parent to None, run_after=None
[2024-10-03T22:09:31.251+0000] {processor.py:208} INFO - Processing /home/airflow/.local/lib/python3.12/site-packages/airflow/example_dags/example_external_task_marker_dag.py took 0.183 seconds
[2024-10-03T22:10:01.493+0000] {processor.py:186} INFO - Started process (PID=620) to work on /home/airflow/.local/lib/python3.12/site-packages/airflow/example_dags/example_external_task_marker_dag.py
[2024-10-03T22:10:01.495+0000] {processor.py:914} INFO - Processing file /home/airflow/.local/lib/python3.12/site-packages/airflow/example_dags/example_external_task_marker_dag.py for tasks to queue
[2024-10-03T22:10:01.500+0000] {logging_mixin.py:190} INFO - [2024-10-03T22:10:01.499+0000] {dagbag.py:587} INFO - Filling up the DagBag from /home/airflow/.local/lib/python3.12/site-packages/airflow/example_dags/example_external_task_marker_dag.py
[2024-10-03T22:10:01.543+0000] {processor.py:925} INFO - DAG(s) 'example_external_task_marker_child', 'example_external_task_marker_parent' retrieved from /home/airflow/.local/lib/python3.12/site-packages/airflow/example_dags/example_external_task_marker_dag.py
[2024-10-03T22:10:01.660+0000] {logging_mixin.py:190} INFO - [2024-10-03T22:10:01.659+0000] {dag.py:3229} INFO - Sync 2 DAGs
[2024-10-03T22:10:01.767+0000] {logging_mixin.py:190} INFO - [2024-10-03T22:10:01.767+0000] {dag.py:4156} INFO - Setting next_dagrun for example_external_task_marker_child to None, run_after=None
[2024-10-03T22:10:01.786+0000] {logging_mixin.py:190} INFO - [2024-10-03T22:10:01.786+0000] {dag.py:4156} INFO - Setting next_dagrun for example_external_task_marker_parent to None, run_after=None
[2024-10-03T22:10:01.852+0000] {processor.py:208} INFO - Processing /home/airflow/.local/lib/python3.12/site-packages/airflow/example_dags/example_external_task_marker_dag.py took 0.389 seconds
[2024-10-03T22:10:32.966+0000] {processor.py:186} INFO - Started process (PID=684) to work on /home/airflow/.local/lib/python3.12/site-packages/airflow/example_dags/example_external_task_marker_dag.py
[2024-10-03T22:10:32.969+0000] {processor.py:914} INFO - Processing file /home/airflow/.local/lib/python3.12/site-packages/airflow/example_dags/example_external_task_marker_dag.py for tasks to queue
[2024-10-03T22:10:32.974+0000] {logging_mixin.py:190} INFO - [2024-10-03T22:10:32.973+0000] {dagbag.py:587} INFO - Filling up the DagBag from /home/airflow/.local/lib/python3.12/site-packages/airflow/example_dags/example_external_task_marker_dag.py
[2024-10-03T22:10:33.005+0000] {processor.py:925} INFO - DAG(s) 'example_external_task_marker_parent', 'example_external_task_marker_child' retrieved from /home/airflow/.local/lib/python3.12/site-packages/airflow/example_dags/example_external_task_marker_dag.py
[2024-10-03T22:10:33.099+0000] {logging_mixin.py:190} INFO - [2024-10-03T22:10:33.098+0000] {dag.py:3229} INFO - Sync 2 DAGs
[2024-10-03T22:10:33.159+0000] {logging_mixin.py:190} INFO - [2024-10-03T22:10:33.159+0000] {dag.py:4156} INFO - Setting next_dagrun for example_external_task_marker_child to None, run_after=None
[2024-10-03T22:10:33.175+0000] {logging_mixin.py:190} INFO - [2024-10-03T22:10:33.174+0000] {dag.py:4156} INFO - Setting next_dagrun for example_external_task_marker_parent to None, run_after=None
[2024-10-03T22:10:33.243+0000] {processor.py:208} INFO - Processing /home/airflow/.local/lib/python3.12/site-packages/airflow/example_dags/example_external_task_marker_dag.py took 0.294 seconds
[2024-10-03T22:11:04.076+0000] {processor.py:186} INFO - Started process (PID=747) to work on /home/airflow/.local/lib/python3.12/site-packages/airflow/example_dags/example_external_task_marker_dag.py
[2024-10-03T22:11:04.078+0000] {processor.py:914} INFO - Processing file /home/airflow/.local/lib/python3.12/site-packages/airflow/example_dags/example_external_task_marker_dag.py for tasks to queue
[2024-10-03T22:11:04.082+0000] {logging_mixin.py:190} INFO - [2024-10-03T22:11:04.081+0000] {dagbag.py:587} INFO - Filling up the DagBag from /home/airflow/.local/lib/python3.12/site-packages/airflow/example_dags/example_external_task_marker_dag.py
[2024-10-03T22:11:04.094+0000] {processor.py:925} INFO - DAG(s) 'example_external_task_marker_parent', 'example_external_task_marker_child' retrieved from /home/airflow/.local/lib/python3.12/site-packages/airflow/example_dags/example_external_task_marker_dag.py
[2024-10-03T22:11:04.132+0000] {logging_mixin.py:190} INFO - [2024-10-03T22:11:04.132+0000] {dag.py:3229} INFO - Sync 2 DAGs
[2024-10-03T22:11:04.160+0000] {logging_mixin.py:190} INFO - [2024-10-03T22:11:04.159+0000] {dag.py:4156} INFO - Setting next_dagrun for example_external_task_marker_child to None, run_after=None
[2024-10-03T22:11:04.166+0000] {logging_mixin.py:190} INFO - [2024-10-03T22:11:04.165+0000] {dag.py:4156} INFO - Setting next_dagrun for example_external_task_marker_parent to None, run_after=None
[2024-10-03T22:11:04.187+0000] {processor.py:208} INFO - Processing /home/airflow/.local/lib/python3.12/site-packages/airflow/example_dags/example_external_task_marker_dag.py took 0.120 seconds
[2024-10-03T22:11:35.023+0000] {processor.py:186} INFO - Started process (PID=810) to work on /home/airflow/.local/lib/python3.12/site-packages/airflow/example_dags/example_external_task_marker_dag.py
[2024-10-03T22:11:35.024+0000] {processor.py:914} INFO - Processing file /home/airflow/.local/lib/python3.12/site-packages/airflow/example_dags/example_external_task_marker_dag.py for tasks to queue
[2024-10-03T22:11:35.027+0000] {logging_mixin.py:190} INFO - [2024-10-03T22:11:35.027+0000] {dagbag.py:587} INFO - Filling up the DagBag from /home/airflow/.local/lib/python3.12/site-packages/airflow/example_dags/example_external_task_marker_dag.py
[2024-10-03T22:11:35.038+0000] {processor.py:925} INFO - DAG(s) 'example_external_task_marker_parent', 'example_external_task_marker_child' retrieved from /home/airflow/.local/lib/python3.12/site-packages/airflow/example_dags/example_external_task_marker_dag.py
[2024-10-03T22:11:35.070+0000] {logging_mixin.py:190} INFO - [2024-10-03T22:11:35.069+0000] {dag.py:3229} INFO - Sync 2 DAGs
[2024-10-03T22:11:35.093+0000] {logging_mixin.py:190} INFO - [2024-10-03T22:11:35.092+0000] {dag.py:4156} INFO - Setting next_dagrun for example_external_task_marker_child to None, run_after=None
[2024-10-03T22:11:35.099+0000] {logging_mixin.py:190} INFO - [2024-10-03T22:11:35.099+0000] {dag.py:4156} INFO - Setting next_dagrun for example_external_task_marker_parent to None, run_after=None
[2024-10-03T22:11:35.122+0000] {processor.py:208} INFO - Processing /home/airflow/.local/lib/python3.12/site-packages/airflow/example_dags/example_external_task_marker_dag.py took 0.105 seconds
[2024-10-03T22:12:05.564+0000] {processor.py:186} INFO - Started process (PID=873) to work on /home/airflow/.local/lib/python3.12/site-packages/airflow/example_dags/example_external_task_marker_dag.py
[2024-10-03T22:12:05.565+0000] {processor.py:914} INFO - Processing file /home/airflow/.local/lib/python3.12/site-packages/airflow/example_dags/example_external_task_marker_dag.py for tasks to queue
[2024-10-03T22:12:05.569+0000] {logging_mixin.py:190} INFO - [2024-10-03T22:12:05.568+0000] {dagbag.py:587} INFO - Filling up the DagBag from /home/airflow/.local/lib/python3.12/site-packages/airflow/example_dags/example_external_task_marker_dag.py
[2024-10-03T22:12:05.580+0000] {processor.py:925} INFO - DAG(s) 'example_external_task_marker_parent', 'example_external_task_marker_child' retrieved from /home/airflow/.local/lib/python3.12/site-packages/airflow/example_dags/example_external_task_marker_dag.py
[2024-10-03T22:12:05.612+0000] {logging_mixin.py:190} INFO - [2024-10-03T22:12:05.611+0000] {dag.py:3229} INFO - Sync 2 DAGs
[2024-10-03T22:12:05.633+0000] {logging_mixin.py:190} INFO - [2024-10-03T22:12:05.633+0000] {dag.py:4156} INFO - Setting next_dagrun for example_external_task_marker_child to None, run_after=None
[2024-10-03T22:12:05.638+0000] {logging_mixin.py:190} INFO - [2024-10-03T22:12:05.638+0000] {dag.py:4156} INFO - Setting next_dagrun for example_external_task_marker_parent to None, run_after=None
[2024-10-03T22:12:05.666+0000] {processor.py:208} INFO - Processing /home/airflow/.local/lib/python3.12/site-packages/airflow/example_dags/example_external_task_marker_dag.py took 0.110 seconds
[2024-10-03T22:12:36.516+0000] {processor.py:186} INFO - Started process (PID=936) to work on /home/airflow/.local/lib/python3.12/site-packages/airflow/example_dags/example_external_task_marker_dag.py
[2024-10-03T22:12:36.518+0000] {processor.py:914} INFO - Processing file /home/airflow/.local/lib/python3.12/site-packages/airflow/example_dags/example_external_task_marker_dag.py for tasks to queue
[2024-10-03T22:12:36.522+0000] {logging_mixin.py:190} INFO - [2024-10-03T22:12:36.521+0000] {dagbag.py:587} INFO - Filling up the DagBag from /home/airflow/.local/lib/python3.12/site-packages/airflow/example_dags/example_external_task_marker_dag.py
[2024-10-03T22:12:36.531+0000] {processor.py:925} INFO - DAG(s) 'example_external_task_marker_child', 'example_external_task_marker_parent' retrieved from /home/airflow/.local/lib/python3.12/site-packages/airflow/example_dags/example_external_task_marker_dag.py
[2024-10-03T22:12:36.562+0000] {logging_mixin.py:190} INFO - [2024-10-03T22:12:36.561+0000] {dag.py:3229} INFO - Sync 2 DAGs
[2024-10-03T22:12:36.582+0000] {logging_mixin.py:190} INFO - [2024-10-03T22:12:36.582+0000] {dag.py:4156} INFO - Setting next_dagrun for example_external_task_marker_child to None, run_after=None
[2024-10-03T22:12:36.588+0000] {logging_mixin.py:190} INFO - [2024-10-03T22:12:36.588+0000] {dag.py:4156} INFO - Setting next_dagrun for example_external_task_marker_parent to None, run_after=None
[2024-10-03T22:12:36.619+0000] {processor.py:208} INFO - Processing /home/airflow/.local/lib/python3.12/site-packages/airflow/example_dags/example_external_task_marker_dag.py took 0.109 seconds
[2024-10-03T22:13:07.085+0000] {processor.py:186} INFO - Started process (PID=999) to work on /home/airflow/.local/lib/python3.12/site-packages/airflow/example_dags/example_external_task_marker_dag.py
[2024-10-03T22:13:07.087+0000] {processor.py:914} INFO - Processing file /home/airflow/.local/lib/python3.12/site-packages/airflow/example_dags/example_external_task_marker_dag.py for tasks to queue
[2024-10-03T22:13:07.091+0000] {logging_mixin.py:190} INFO - [2024-10-03T22:13:07.091+0000] {dagbag.py:587} INFO - Filling up the DagBag from /home/airflow/.local/lib/python3.12/site-packages/airflow/example_dags/example_external_task_marker_dag.py
[2024-10-03T22:13:07.101+0000] {processor.py:925} INFO - DAG(s) 'example_external_task_marker_child', 'example_external_task_marker_parent' retrieved from /home/airflow/.local/lib/python3.12/site-packages/airflow/example_dags/example_external_task_marker_dag.py
[2024-10-03T22:13:07.133+0000] {logging_mixin.py:190} INFO - [2024-10-03T22:13:07.133+0000] {dag.py:3229} INFO - Sync 2 DAGs
[2024-10-03T22:13:07.153+0000] {logging_mixin.py:190} INFO - [2024-10-03T22:13:07.152+0000] {dag.py:4156} INFO - Setting next_dagrun for example_external_task_marker_child to None, run_after=None
[2024-10-03T22:13:07.157+0000] {logging_mixin.py:190} INFO - [2024-10-03T22:13:07.157+0000] {dag.py:4156} INFO - Setting next_dagrun for example_external_task_marker_parent to None, run_after=None
[2024-10-03T22:13:07.182+0000] {processor.py:208} INFO - Processing /home/airflow/.local/lib/python3.12/site-packages/airflow/example_dags/example_external_task_marker_dag.py took 0.105 seconds
[2024-10-03T22:13:37.674+0000] {processor.py:186} INFO - Started process (PID=1063) to work on /home/airflow/.local/lib/python3.12/site-packages/airflow/example_dags/example_external_task_marker_dag.py
[2024-10-03T22:13:37.677+0000] {processor.py:914} INFO - Processing file /home/airflow/.local/lib/python3.12/site-packages/airflow/example_dags/example_external_task_marker_dag.py for tasks to queue
[2024-10-03T22:13:37.681+0000] {logging_mixin.py:190} INFO - [2024-10-03T22:13:37.681+0000] {dagbag.py:587} INFO - Filling up the DagBag from /home/airflow/.local/lib/python3.12/site-packages/airflow/example_dags/example_external_task_marker_dag.py
[2024-10-03T22:13:37.693+0000] {processor.py:925} INFO - DAG(s) 'example_external_task_marker_child', 'example_external_task_marker_parent' retrieved from /home/airflow/.local/lib/python3.12/site-packages/airflow/example_dags/example_external_task_marker_dag.py
[2024-10-03T22:13:37.729+0000] {logging_mixin.py:190} INFO - [2024-10-03T22:13:37.728+0000] {dag.py:3229} INFO - Sync 2 DAGs
[2024-10-03T22:13:37.754+0000] {logging_mixin.py:190} INFO - [2024-10-03T22:13:37.753+0000] {dag.py:4156} INFO - Setting next_dagrun for example_external_task_marker_child to None, run_after=None
[2024-10-03T22:13:37.760+0000] {logging_mixin.py:190} INFO - [2024-10-03T22:13:37.760+0000] {dag.py:4156} INFO - Setting next_dagrun for example_external_task_marker_parent to None, run_after=None
[2024-10-03T22:13:37.784+0000] {processor.py:208} INFO - Processing /home/airflow/.local/lib/python3.12/site-packages/airflow/example_dags/example_external_task_marker_dag.py took 0.117 seconds
[2024-10-03T22:14:08.288+0000] {processor.py:186} INFO - Started process (PID=1127) to work on /home/airflow/.local/lib/python3.12/site-packages/airflow/example_dags/example_external_task_marker_dag.py
[2024-10-03T22:14:08.290+0000] {processor.py:914} INFO - Processing file /home/airflow/.local/lib/python3.12/site-packages/airflow/example_dags/example_external_task_marker_dag.py for tasks to queue
[2024-10-03T22:14:08.293+0000] {logging_mixin.py:190} INFO - [2024-10-03T22:14:08.293+0000] {dagbag.py:587} INFO - Filling up the DagBag from /home/airflow/.local/lib/python3.12/site-packages/airflow/example_dags/example_external_task_marker_dag.py
[2024-10-03T22:14:08.310+0000] {processor.py:925} INFO - DAG(s) 'example_external_task_marker_parent', 'example_external_task_marker_child' retrieved from /home/airflow/.local/lib/python3.12/site-packages/airflow/example_dags/example_external_task_marker_dag.py
[2024-10-03T22:14:08.363+0000] {logging_mixin.py:190} INFO - [2024-10-03T22:14:08.362+0000] {dag.py:3229} INFO - Sync 2 DAGs
[2024-10-03T22:14:08.400+0000] {logging_mixin.py:190} INFO - [2024-10-03T22:14:08.400+0000] {dag.py:4156} INFO - Setting next_dagrun for example_external_task_marker_child to None, run_after=None
[2024-10-03T22:14:08.407+0000] {logging_mixin.py:190} INFO - [2024-10-03T22:14:08.407+0000] {dag.py:4156} INFO - Setting next_dagrun for example_external_task_marker_parent to None, run_after=None
[2024-10-03T22:14:08.477+0000] {processor.py:208} INFO - Processing /home/airflow/.local/lib/python3.12/site-packages/airflow/example_dags/example_external_task_marker_dag.py took 0.200 seconds
[2024-10-03T22:14:38.932+0000] {processor.py:186} INFO - Started process (PID=1190) to work on /home/airflow/.local/lib/python3.12/site-packages/airflow/example_dags/example_external_task_marker_dag.py
[2024-10-03T22:14:38.934+0000] {processor.py:914} INFO - Processing file /home/airflow/.local/lib/python3.12/site-packages/airflow/example_dags/example_external_task_marker_dag.py for tasks to queue
[2024-10-03T22:14:38.938+0000] {logging_mixin.py:190} INFO - [2024-10-03T22:14:38.938+0000] {dagbag.py:587} INFO - Filling up the DagBag from /home/airflow/.local/lib/python3.12/site-packages/airflow/example_dags/example_external_task_marker_dag.py
[2024-10-03T22:14:38.949+0000] {processor.py:925} INFO - DAG(s) 'example_external_task_marker_child', 'example_external_task_marker_parent' retrieved from /home/airflow/.local/lib/python3.12/site-packages/airflow/example_dags/example_external_task_marker_dag.py
[2024-10-03T22:14:38.977+0000] {logging_mixin.py:190} INFO - [2024-10-03T22:14:38.977+0000] {dag.py:3229} INFO - Sync 2 DAGs
[2024-10-03T22:14:38.996+0000] {logging_mixin.py:190} INFO - [2024-10-03T22:14:38.996+0000] {dag.py:4156} INFO - Setting next_dagrun for example_external_task_marker_child to None, run_after=None
[2024-10-03T22:14:39.001+0000] {logging_mixin.py:190} INFO - [2024-10-03T22:14:39.001+0000] {dag.py:4156} INFO - Setting next_dagrun for example_external_task_marker_parent to None, run_after=None
[2024-10-03T22:14:39.029+0000] {processor.py:208} INFO - Processing /home/airflow/.local/lib/python3.12/site-packages/airflow/example_dags/example_external_task_marker_dag.py took 0.104 seconds
[2024-10-03T22:15:09.367+0000] {processor.py:186} INFO - Started process (PID=1253) to work on /home/airflow/.local/lib/python3.12/site-packages/airflow/example_dags/example_external_task_marker_dag.py
[2024-10-03T22:15:09.368+0000] {processor.py:914} INFO - Processing file /home/airflow/.local/lib/python3.12/site-packages/airflow/example_dags/example_external_task_marker_dag.py for tasks to queue
[2024-10-03T22:15:09.372+0000] {logging_mixin.py:190} INFO - [2024-10-03T22:15:09.371+0000] {dagbag.py:587} INFO - Filling up the DagBag from /home/airflow/.local/lib/python3.12/site-packages/airflow/example_dags/example_external_task_marker_dag.py
[2024-10-03T22:15:09.383+0000] {processor.py:925} INFO - DAG(s) 'example_external_task_marker_child', 'example_external_task_marker_parent' retrieved from /home/airflow/.local/lib/python3.12/site-packages/airflow/example_dags/example_external_task_marker_dag.py
[2024-10-03T22:15:09.412+0000] {logging_mixin.py:190} INFO - [2024-10-03T22:15:09.412+0000] {dag.py:3229} INFO - Sync 2 DAGs
[2024-10-03T22:15:09.430+0000] {logging_mixin.py:190} INFO - [2024-10-03T22:15:09.430+0000] {dag.py:4156} INFO - Setting next_dagrun for example_external_task_marker_child to None, run_after=None
[2024-10-03T22:15:09.436+0000] {logging_mixin.py:190} INFO - [2024-10-03T22:15:09.436+0000] {dag.py:4156} INFO - Setting next_dagrun for example_external_task_marker_parent to None, run_after=None
[2024-10-03T22:15:09.464+0000] {processor.py:208} INFO - Processing /home/airflow/.local/lib/python3.12/site-packages/airflow/example_dags/example_external_task_marker_dag.py took 0.105 seconds
[2024-10-03T22:15:39.737+0000] {processor.py:186} INFO - Started process (PID=1316) to work on /home/airflow/.local/lib/python3.12/site-packages/airflow/example_dags/example_external_task_marker_dag.py
[2024-10-03T22:15:39.738+0000] {processor.py:914} INFO - Processing file /home/airflow/.local/lib/python3.12/site-packages/airflow/example_dags/example_external_task_marker_dag.py for tasks to queue
[2024-10-03T22:15:39.742+0000] {logging_mixin.py:190} INFO - [2024-10-03T22:15:39.741+0000] {dagbag.py:587} INFO - Filling up the DagBag from /home/airflow/.local/lib/python3.12/site-packages/airflow/example_dags/example_external_task_marker_dag.py
[2024-10-03T22:15:39.753+0000] {processor.py:925} INFO - DAG(s) 'example_external_task_marker_child', 'example_external_task_marker_parent' retrieved from /home/airflow/.local/lib/python3.12/site-packages/airflow/example_dags/example_external_task_marker_dag.py
[2024-10-03T22:15:39.781+0000] {logging_mixin.py:190} INFO - [2024-10-03T22:15:39.780+0000] {dag.py:3229} INFO - Sync 2 DAGs
[2024-10-03T22:15:39.799+0000] {logging_mixin.py:190} INFO - [2024-10-03T22:15:39.798+0000] {dag.py:4156} INFO - Setting next_dagrun for example_external_task_marker_child to None, run_after=None
[2024-10-03T22:15:39.804+0000] {logging_mixin.py:190} INFO - [2024-10-03T22:15:39.803+0000] {dag.py:4156} INFO - Setting next_dagrun for example_external_task_marker_parent to None, run_after=None
[2024-10-03T22:15:39.832+0000] {processor.py:208} INFO - Processing /home/airflow/.local/lib/python3.12/site-packages/airflow/example_dags/example_external_task_marker_dag.py took 0.103 seconds
[2024-10-03T22:16:10.076+0000] {processor.py:186} INFO - Started process (PID=1379) to work on /home/airflow/.local/lib/python3.12/site-packages/airflow/example_dags/example_external_task_marker_dag.py
[2024-10-03T22:16:10.077+0000] {processor.py:914} INFO - Processing file /home/airflow/.local/lib/python3.12/site-packages/airflow/example_dags/example_external_task_marker_dag.py for tasks to queue
[2024-10-03T22:16:10.080+0000] {logging_mixin.py:190} INFO - [2024-10-03T22:16:10.080+0000] {dagbag.py:587} INFO - Filling up the DagBag from /home/airflow/.local/lib/python3.12/site-packages/airflow/example_dags/example_external_task_marker_dag.py
[2024-10-03T22:16:10.091+0000] {processor.py:925} INFO - DAG(s) 'example_external_task_marker_child', 'example_external_task_marker_parent' retrieved from /home/airflow/.local/lib/python3.12/site-packages/airflow/example_dags/example_external_task_marker_dag.py
[2024-10-03T22:16:10.127+0000] {logging_mixin.py:190} INFO - [2024-10-03T22:16:10.127+0000] {dag.py:3229} INFO - Sync 2 DAGs
[2024-10-03T22:16:10.150+0000] {logging_mixin.py:190} INFO - [2024-10-03T22:16:10.150+0000] {dag.py:4156} INFO - Setting next_dagrun for example_external_task_marker_child to None, run_after=None
[2024-10-03T22:16:10.155+0000] {logging_mixin.py:190} INFO - [2024-10-03T22:16:10.155+0000] {dag.py:4156} INFO - Setting next_dagrun for example_external_task_marker_parent to None, run_after=None
[2024-10-03T22:16:10.184+0000] {processor.py:208} INFO - Processing /home/airflow/.local/lib/python3.12/site-packages/airflow/example_dags/example_external_task_marker_dag.py took 0.116 seconds
[2024-10-03T22:16:40.256+0000] {processor.py:186} INFO - Started process (PID=1441) to work on /home/airflow/.local/lib/python3.12/site-packages/airflow/example_dags/example_external_task_marker_dag.py
[2024-10-03T22:16:40.257+0000] {processor.py:914} INFO - Processing file /home/airflow/.local/lib/python3.12/site-packages/airflow/example_dags/example_external_task_marker_dag.py for tasks to queue
[2024-10-03T22:16:40.261+0000] {logging_mixin.py:190} INFO - [2024-10-03T22:16:40.260+0000] {dagbag.py:587} INFO - Filling up the DagBag from /home/airflow/.local/lib/python3.12/site-packages/airflow/example_dags/example_external_task_marker_dag.py
[2024-10-03T22:16:40.303+0000] {processor.py:925} INFO - DAG(s) 'example_external_task_marker_child', 'example_external_task_marker_parent' retrieved from /home/airflow/.local/lib/python3.12/site-packages/airflow/example_dags/example_external_task_marker_dag.py
[2024-10-03T22:16:40.398+0000] {logging_mixin.py:190} INFO - [2024-10-03T22:16:40.398+0000] {dag.py:3229} INFO - Sync 2 DAGs
[2024-10-03T22:16:40.472+0000] {logging_mixin.py:190} INFO - [2024-10-03T22:16:40.471+0000] {dag.py:4156} INFO - Setting next_dagrun for example_external_task_marker_child to None, run_after=None
[2024-10-03T22:16:40.500+0000] {logging_mixin.py:190} INFO - [2024-10-03T22:16:40.500+0000] {dag.py:4156} INFO - Setting next_dagrun for example_external_task_marker_parent to None, run_after=None
[2024-10-03T22:16:40.563+0000] {processor.py:208} INFO - Processing /home/airflow/.local/lib/python3.12/site-packages/airflow/example_dags/example_external_task_marker_dag.py took 0.329 seconds
[2024-10-03T22:17:10.962+0000] {processor.py:186} INFO - Started process (PID=1504) to work on /home/airflow/.local/lib/python3.12/site-packages/airflow/example_dags/example_external_task_marker_dag.py
[2024-10-03T22:17:10.976+0000] {processor.py:914} INFO - Processing file /home/airflow/.local/lib/python3.12/site-packages/airflow/example_dags/example_external_task_marker_dag.py for tasks to queue
[2024-10-03T22:17:10.994+0000] {logging_mixin.py:190} INFO - [2024-10-03T22:17:10.994+0000] {dagbag.py:587} INFO - Filling up the DagBag from /home/airflow/.local/lib/python3.12/site-packages/airflow/example_dags/example_external_task_marker_dag.py
[2024-10-03T22:17:11.058+0000] {processor.py:925} INFO - DAG(s) 'example_external_task_marker_child', 'example_external_task_marker_parent' retrieved from /home/airflow/.local/lib/python3.12/site-packages/airflow/example_dags/example_external_task_marker_dag.py
[2024-10-03T22:17:11.165+0000] {logging_mixin.py:190} INFO - [2024-10-03T22:17:11.165+0000] {dag.py:3229} INFO - Sync 2 DAGs
[2024-10-03T22:17:11.233+0000] {logging_mixin.py:190} INFO - [2024-10-03T22:17:11.232+0000] {dag.py:4156} INFO - Setting next_dagrun for example_external_task_marker_child to None, run_after=None
[2024-10-03T22:17:11.251+0000] {logging_mixin.py:190} INFO - [2024-10-03T22:17:11.250+0000] {dag.py:4156} INFO - Setting next_dagrun for example_external_task_marker_parent to None, run_after=None
[2024-10-03T22:17:11.359+0000] {processor.py:208} INFO - Processing /home/airflow/.local/lib/python3.12/site-packages/airflow/example_dags/example_external_task_marker_dag.py took 0.427 seconds
[2024-10-03T22:17:41.536+0000] {processor.py:186} INFO - Started process (PID=1566) to work on /home/airflow/.local/lib/python3.12/site-packages/airflow/example_dags/example_external_task_marker_dag.py
[2024-10-03T22:17:41.537+0000] {processor.py:914} INFO - Processing file /home/airflow/.local/lib/python3.12/site-packages/airflow/example_dags/example_external_task_marker_dag.py for tasks to queue
[2024-10-03T22:17:41.542+0000] {logging_mixin.py:190} INFO - [2024-10-03T22:17:41.541+0000] {dagbag.py:587} INFO - Filling up the DagBag from /home/airflow/.local/lib/python3.12/site-packages/airflow/example_dags/example_external_task_marker_dag.py
[2024-10-03T22:17:41.560+0000] {processor.py:925} INFO - DAG(s) 'example_external_task_marker_child', 'example_external_task_marker_parent' retrieved from /home/airflow/.local/lib/python3.12/site-packages/airflow/example_dags/example_external_task_marker_dag.py
[2024-10-03T22:17:41.604+0000] {logging_mixin.py:190} INFO - [2024-10-03T22:17:41.604+0000] {dag.py:3229} INFO - Sync 2 DAGs
[2024-10-03T22:17:41.632+0000] {logging_mixin.py:190} INFO - [2024-10-03T22:17:41.632+0000] {dag.py:4156} INFO - Setting next_dagrun for example_external_task_marker_child to None, run_after=None
[2024-10-03T22:17:41.640+0000] {logging_mixin.py:190} INFO - [2024-10-03T22:17:41.640+0000] {dag.py:4156} INFO - Setting next_dagrun for example_external_task_marker_parent to None, run_after=None
[2024-10-03T22:17:41.673+0000] {processor.py:208} INFO - Processing /home/airflow/.local/lib/python3.12/site-packages/airflow/example_dags/example_external_task_marker_dag.py took 0.147 seconds
[2024-10-03T22:18:11.831+0000] {processor.py:186} INFO - Started process (PID=1629) to work on /home/airflow/.local/lib/python3.12/site-packages/airflow/example_dags/example_external_task_marker_dag.py
[2024-10-03T22:18:11.832+0000] {processor.py:914} INFO - Processing file /home/airflow/.local/lib/python3.12/site-packages/airflow/example_dags/example_external_task_marker_dag.py for tasks to queue
[2024-10-03T22:18:11.835+0000] {logging_mixin.py:190} INFO - [2024-10-03T22:18:11.835+0000] {dagbag.py:587} INFO - Filling up the DagBag from /home/airflow/.local/lib/python3.12/site-packages/airflow/example_dags/example_external_task_marker_dag.py
[2024-10-03T22:18:11.846+0000] {processor.py:925} INFO - DAG(s) 'example_external_task_marker_parent', 'example_external_task_marker_child' retrieved from /home/airflow/.local/lib/python3.12/site-packages/airflow/example_dags/example_external_task_marker_dag.py
[2024-10-03T22:18:11.881+0000] {logging_mixin.py:190} INFO - [2024-10-03T22:18:11.880+0000] {dag.py:3229} INFO - Sync 2 DAGs
[2024-10-03T22:18:11.907+0000] {logging_mixin.py:190} INFO - [2024-10-03T22:18:11.907+0000] {dag.py:4156} INFO - Setting next_dagrun for example_external_task_marker_child to None, run_after=None
[2024-10-03T22:18:11.916+0000] {logging_mixin.py:190} INFO - [2024-10-03T22:18:11.916+0000] {dag.py:4156} INFO - Setting next_dagrun for example_external_task_marker_parent to None, run_after=None
[2024-10-03T22:18:11.942+0000] {processor.py:208} INFO - Processing /home/airflow/.local/lib/python3.12/site-packages/airflow/example_dags/example_external_task_marker_dag.py took 0.119 seconds
[2024-10-03T22:18:42.147+0000] {processor.py:186} INFO - Started process (PID=1693) to work on /home/airflow/.local/lib/python3.12/site-packages/airflow/example_dags/example_external_task_marker_dag.py
[2024-10-03T22:18:42.148+0000] {processor.py:914} INFO - Processing file /home/airflow/.local/lib/python3.12/site-packages/airflow/example_dags/example_external_task_marker_dag.py for tasks to queue
[2024-10-03T22:18:42.152+0000] {logging_mixin.py:190} INFO - [2024-10-03T22:18:42.151+0000] {dagbag.py:587} INFO - Filling up the DagBag from /home/airflow/.local/lib/python3.12/site-packages/airflow/example_dags/example_external_task_marker_dag.py
[2024-10-03T22:18:42.164+0000] {processor.py:925} INFO - DAG(s) 'example_external_task_marker_child', 'example_external_task_marker_parent' retrieved from /home/airflow/.local/lib/python3.12/site-packages/airflow/example_dags/example_external_task_marker_dag.py
[2024-10-03T22:18:42.192+0000] {logging_mixin.py:190} INFO - [2024-10-03T22:18:42.192+0000] {dag.py:3229} INFO - Sync 2 DAGs
[2024-10-03T22:18:42.212+0000] {logging_mixin.py:190} INFO - [2024-10-03T22:18:42.211+0000] {dag.py:4156} INFO - Setting next_dagrun for example_external_task_marker_child to None, run_after=None
[2024-10-03T22:18:42.218+0000] {logging_mixin.py:190} INFO - [2024-10-03T22:18:42.217+0000] {dag.py:4156} INFO - Setting next_dagrun for example_external_task_marker_parent to None, run_after=None
[2024-10-03T22:18:42.245+0000] {processor.py:208} INFO - Processing /home/airflow/.local/lib/python3.12/site-packages/airflow/example_dags/example_external_task_marker_dag.py took 0.108 seconds
[2024-10-03T22:19:12.504+0000] {processor.py:186} INFO - Started process (PID=1756) to work on /home/airflow/.local/lib/python3.12/site-packages/airflow/example_dags/example_external_task_marker_dag.py
[2024-10-03T22:19:12.505+0000] {processor.py:914} INFO - Processing file /home/airflow/.local/lib/python3.12/site-packages/airflow/example_dags/example_external_task_marker_dag.py for tasks to queue
[2024-10-03T22:19:12.508+0000] {logging_mixin.py:190} INFO - [2024-10-03T22:19:12.508+0000] {dagbag.py:587} INFO - Filling up the DagBag from /home/airflow/.local/lib/python3.12/site-packages/airflow/example_dags/example_external_task_marker_dag.py
[2024-10-03T22:19:12.520+0000] {processor.py:925} INFO - DAG(s) 'example_external_task_marker_child', 'example_external_task_marker_parent' retrieved from /home/airflow/.local/lib/python3.12/site-packages/airflow/example_dags/example_external_task_marker_dag.py
[2024-10-03T22:19:12.548+0000] {logging_mixin.py:190} INFO - [2024-10-03T22:19:12.547+0000] {dag.py:3229} INFO - Sync 2 DAGs
[2024-10-03T22:19:12.576+0000] {logging_mixin.py:190} INFO - [2024-10-03T22:19:12.576+0000] {dag.py:4156} INFO - Setting next_dagrun for example_external_task_marker_child to None, run_after=None
[2024-10-03T22:19:12.582+0000] {logging_mixin.py:190} INFO - [2024-10-03T22:19:12.582+0000] {dag.py:4156} INFO - Setting next_dagrun for example_external_task_marker_parent to None, run_after=None
[2024-10-03T22:19:12.601+0000] {processor.py:208} INFO - Processing /home/airflow/.local/lib/python3.12/site-packages/airflow/example_dags/example_external_task_marker_dag.py took 0.104 seconds
[2024-10-03T22:19:42.703+0000] {processor.py:186} INFO - Started process (PID=1819) to work on /home/airflow/.local/lib/python3.12/site-packages/airflow/example_dags/example_external_task_marker_dag.py
[2024-10-03T22:19:42.704+0000] {processor.py:914} INFO - Processing file /home/airflow/.local/lib/python3.12/site-packages/airflow/example_dags/example_external_task_marker_dag.py for tasks to queue
[2024-10-03T22:19:42.707+0000] {logging_mixin.py:190} INFO - [2024-10-03T22:19:42.707+0000] {dagbag.py:587} INFO - Filling up the DagBag from /home/airflow/.local/lib/python3.12/site-packages/airflow/example_dags/example_external_task_marker_dag.py
[2024-10-03T22:19:42.716+0000] {processor.py:925} INFO - DAG(s) 'example_external_task_marker_child', 'example_external_task_marker_parent' retrieved from /home/airflow/.local/lib/python3.12/site-packages/airflow/example_dags/example_external_task_marker_dag.py
[2024-10-03T22:19:42.751+0000] {logging_mixin.py:190} INFO - [2024-10-03T22:19:42.751+0000] {dag.py:3229} INFO - Sync 2 DAGs
[2024-10-03T22:19:42.772+0000] {logging_mixin.py:190} INFO - [2024-10-03T22:19:42.771+0000] {dag.py:4156} INFO - Setting next_dagrun for example_external_task_marker_child to None, run_after=None
[2024-10-03T22:19:42.777+0000] {logging_mixin.py:190} INFO - [2024-10-03T22:19:42.776+0000] {dag.py:4156} INFO - Setting next_dagrun for example_external_task_marker_parent to None, run_after=None
[2024-10-03T22:19:42.804+0000] {processor.py:208} INFO - Processing /home/airflow/.local/lib/python3.12/site-packages/airflow/example_dags/example_external_task_marker_dag.py took 0.109 seconds
[2024-10-03T22:20:12.967+0000] {processor.py:186} INFO - Started process (PID=1881) to work on /home/airflow/.local/lib/python3.12/site-packages/airflow/example_dags/example_external_task_marker_dag.py
[2024-10-03T22:20:12.968+0000] {processor.py:914} INFO - Processing file /home/airflow/.local/lib/python3.12/site-packages/airflow/example_dags/example_external_task_marker_dag.py for tasks to queue
[2024-10-03T22:20:12.971+0000] {logging_mixin.py:190} INFO - [2024-10-03T22:20:12.970+0000] {dagbag.py:587} INFO - Filling up the DagBag from /home/airflow/.local/lib/python3.12/site-packages/airflow/example_dags/example_external_task_marker_dag.py
[2024-10-03T22:20:12.979+0000] {processor.py:925} INFO - DAG(s) 'example_external_task_marker_child', 'example_external_task_marker_parent' retrieved from /home/airflow/.local/lib/python3.12/site-packages/airflow/example_dags/example_external_task_marker_dag.py
[2024-10-03T22:20:13.004+0000] {logging_mixin.py:190} INFO - [2024-10-03T22:20:13.004+0000] {dag.py:3229} INFO - Sync 2 DAGs
[2024-10-03T22:20:13.022+0000] {logging_mixin.py:190} INFO - [2024-10-03T22:20:13.022+0000] {dag.py:4156} INFO - Setting next_dagrun for example_external_task_marker_child to None, run_after=None
[2024-10-03T22:20:13.027+0000] {logging_mixin.py:190} INFO - [2024-10-03T22:20:13.027+0000] {dag.py:4156} INFO - Setting next_dagrun for example_external_task_marker_parent to None, run_after=None
[2024-10-03T22:20:13.047+0000] {processor.py:208} INFO - Processing /home/airflow/.local/lib/python3.12/site-packages/airflow/example_dags/example_external_task_marker_dag.py took 0.089 seconds
[2024-10-03T22:20:43.405+0000] {processor.py:186} INFO - Started process (PID=1944) to work on /home/airflow/.local/lib/python3.12/site-packages/airflow/example_dags/example_external_task_marker_dag.py
[2024-10-03T22:20:43.406+0000] {processor.py:914} INFO - Processing file /home/airflow/.local/lib/python3.12/site-packages/airflow/example_dags/example_external_task_marker_dag.py for tasks to queue
[2024-10-03T22:20:43.409+0000] {logging_mixin.py:190} INFO - [2024-10-03T22:20:43.408+0000] {dagbag.py:587} INFO - Filling up the DagBag from /home/airflow/.local/lib/python3.12/site-packages/airflow/example_dags/example_external_task_marker_dag.py
[2024-10-03T22:20:43.418+0000] {processor.py:925} INFO - DAG(s) 'example_external_task_marker_parent', 'example_external_task_marker_child' retrieved from /home/airflow/.local/lib/python3.12/site-packages/airflow/example_dags/example_external_task_marker_dag.py
[2024-10-03T22:20:43.446+0000] {logging_mixin.py:190} INFO - [2024-10-03T22:20:43.446+0000] {dag.py:3229} INFO - Sync 2 DAGs
[2024-10-03T22:20:43.465+0000] {logging_mixin.py:190} INFO - [2024-10-03T22:20:43.465+0000] {dag.py:4156} INFO - Setting next_dagrun for example_external_task_marker_child to None, run_after=None
[2024-10-03T22:20:43.471+0000] {logging_mixin.py:190} INFO - [2024-10-03T22:20:43.471+0000] {dag.py:4156} INFO - Setting next_dagrun for example_external_task_marker_parent to None, run_after=None
[2024-10-03T22:20:43.502+0000] {processor.py:208} INFO - Processing /home/airflow/.local/lib/python3.12/site-packages/airflow/example_dags/example_external_task_marker_dag.py took 0.104 seconds
[2024-10-03T22:21:13.843+0000] {processor.py:186} INFO - Started process (PID=2007) to work on /home/airflow/.local/lib/python3.12/site-packages/airflow/example_dags/example_external_task_marker_dag.py
[2024-10-03T22:21:13.844+0000] {processor.py:914} INFO - Processing file /home/airflow/.local/lib/python3.12/site-packages/airflow/example_dags/example_external_task_marker_dag.py for tasks to queue
[2024-10-03T22:21:13.847+0000] {logging_mixin.py:190} INFO - [2024-10-03T22:21:13.846+0000] {dagbag.py:587} INFO - Filling up the DagBag from /home/airflow/.local/lib/python3.12/site-packages/airflow/example_dags/example_external_task_marker_dag.py
[2024-10-03T22:21:13.857+0000] {processor.py:925} INFO - DAG(s) 'example_external_task_marker_child', 'example_external_task_marker_parent' retrieved from /home/airflow/.local/lib/python3.12/site-packages/airflow/example_dags/example_external_task_marker_dag.py
[2024-10-03T22:21:13.882+0000] {logging_mixin.py:190} INFO - [2024-10-03T22:21:13.882+0000] {dag.py:3229} INFO - Sync 2 DAGs
[2024-10-03T22:21:13.900+0000] {logging_mixin.py:190} INFO - [2024-10-03T22:21:13.900+0000] {dag.py:4156} INFO - Setting next_dagrun for example_external_task_marker_child to None, run_after=None
[2024-10-03T22:21:13.904+0000] {logging_mixin.py:190} INFO - [2024-10-03T22:21:13.904+0000] {dag.py:4156} INFO - Setting next_dagrun for example_external_task_marker_parent to None, run_after=None
[2024-10-03T22:21:13.937+0000] {processor.py:208} INFO - Processing /home/airflow/.local/lib/python3.12/site-packages/airflow/example_dags/example_external_task_marker_dag.py took 0.101 seconds
[2024-10-03T22:21:44.237+0000] {processor.py:186} INFO - Started process (PID=2070) to work on /home/airflow/.local/lib/python3.12/site-packages/airflow/example_dags/example_external_task_marker_dag.py
[2024-10-03T22:21:44.239+0000] {processor.py:914} INFO - Processing file /home/airflow/.local/lib/python3.12/site-packages/airflow/example_dags/example_external_task_marker_dag.py for tasks to queue
[2024-10-03T22:21:44.245+0000] {logging_mixin.py:190} INFO - [2024-10-03T22:21:44.245+0000] {dagbag.py:587} INFO - Filling up the DagBag from /home/airflow/.local/lib/python3.12/site-packages/airflow/example_dags/example_external_task_marker_dag.py
[2024-10-03T22:21:44.255+0000] {processor.py:925} INFO - DAG(s) 'example_external_task_marker_parent', 'example_external_task_marker_child' retrieved from /home/airflow/.local/lib/python3.12/site-packages/airflow/example_dags/example_external_task_marker_dag.py
[2024-10-03T22:21:44.290+0000] {logging_mixin.py:190} INFO - [2024-10-03T22:21:44.289+0000] {dag.py:3229} INFO - Sync 2 DAGs
[2024-10-03T22:21:44.317+0000] {logging_mixin.py:190} INFO - [2024-10-03T22:21:44.316+0000] {dag.py:4156} INFO - Setting next_dagrun for example_external_task_marker_child to None, run_after=None
[2024-10-03T22:21:44.323+0000] {logging_mixin.py:190} INFO - [2024-10-03T22:21:44.323+0000] {dag.py:4156} INFO - Setting next_dagrun for example_external_task_marker_parent to None, run_after=None
[2024-10-03T22:21:44.351+0000] {processor.py:208} INFO - Processing /home/airflow/.local/lib/python3.12/site-packages/airflow/example_dags/example_external_task_marker_dag.py took 0.120 seconds
[2024-10-03T22:22:14.573+0000] {processor.py:186} INFO - Started process (PID=2133) to work on /home/airflow/.local/lib/python3.12/site-packages/airflow/example_dags/example_external_task_marker_dag.py
[2024-10-03T22:22:14.574+0000] {processor.py:914} INFO - Processing file /home/airflow/.local/lib/python3.12/site-packages/airflow/example_dags/example_external_task_marker_dag.py for tasks to queue
[2024-10-03T22:22:14.577+0000] {logging_mixin.py:190} INFO - [2024-10-03T22:22:14.576+0000] {dagbag.py:587} INFO - Filling up the DagBag from /home/airflow/.local/lib/python3.12/site-packages/airflow/example_dags/example_external_task_marker_dag.py
[2024-10-03T22:22:14.586+0000] {processor.py:925} INFO - DAG(s) 'example_external_task_marker_parent', 'example_external_task_marker_child' retrieved from /home/airflow/.local/lib/python3.12/site-packages/airflow/example_dags/example_external_task_marker_dag.py
[2024-10-03T22:22:14.612+0000] {logging_mixin.py:190} INFO - [2024-10-03T22:22:14.612+0000] {dag.py:3229} INFO - Sync 2 DAGs
[2024-10-03T22:22:14.630+0000] {logging_mixin.py:190} INFO - [2024-10-03T22:22:14.630+0000] {dag.py:4156} INFO - Setting next_dagrun for example_external_task_marker_child to None, run_after=None
[2024-10-03T22:22:14.634+0000] {logging_mixin.py:190} INFO - [2024-10-03T22:22:14.634+0000] {dag.py:4156} INFO - Setting next_dagrun for example_external_task_marker_parent to None, run_after=None
[2024-10-03T22:22:14.656+0000] {processor.py:208} INFO - Processing /home/airflow/.local/lib/python3.12/site-packages/airflow/example_dags/example_external_task_marker_dag.py took 0.090 seconds
[2024-10-03T22:22:44.812+0000] {processor.py:186} INFO - Started process (PID=2196) to work on /home/airflow/.local/lib/python3.12/site-packages/airflow/example_dags/example_external_task_marker_dag.py
[2024-10-03T22:22:44.813+0000] {processor.py:914} INFO - Processing file /home/airflow/.local/lib/python3.12/site-packages/airflow/example_dags/example_external_task_marker_dag.py for tasks to queue
[2024-10-03T22:22:44.816+0000] {logging_mixin.py:190} INFO - [2024-10-03T22:22:44.816+0000] {dagbag.py:587} INFO - Filling up the DagBag from /home/airflow/.local/lib/python3.12/site-packages/airflow/example_dags/example_external_task_marker_dag.py
[2024-10-03T22:22:44.825+0000] {processor.py:925} INFO - DAG(s) 'example_external_task_marker_child', 'example_external_task_marker_parent' retrieved from /home/airflow/.local/lib/python3.12/site-packages/airflow/example_dags/example_external_task_marker_dag.py
[2024-10-03T22:22:44.852+0000] {logging_mixin.py:190} INFO - [2024-10-03T22:22:44.852+0000] {dag.py:3229} INFO - Sync 2 DAGs
[2024-10-03T22:22:44.872+0000] {logging_mixin.py:190} INFO - [2024-10-03T22:22:44.872+0000] {dag.py:4156} INFO - Setting next_dagrun for example_external_task_marker_child to None, run_after=None
[2024-10-03T22:22:44.877+0000] {logging_mixin.py:190} INFO - [2024-10-03T22:22:44.877+0000] {dag.py:4156} INFO - Setting next_dagrun for example_external_task_marker_parent to None, run_after=None
[2024-10-03T22:22:44.898+0000] {processor.py:208} INFO - Processing /home/airflow/.local/lib/python3.12/site-packages/airflow/example_dags/example_external_task_marker_dag.py took 0.092 seconds
[2024-10-03T22:23:15.437+0000] {processor.py:186} INFO - Started process (PID=2258) to work on /home/airflow/.local/lib/python3.12/site-packages/airflow/example_dags/example_external_task_marker_dag.py
[2024-10-03T22:23:15.439+0000] {processor.py:914} INFO - Processing file /home/airflow/.local/lib/python3.12/site-packages/airflow/example_dags/example_external_task_marker_dag.py for tasks to queue
[2024-10-03T22:23:15.441+0000] {logging_mixin.py:190} INFO - [2024-10-03T22:23:15.441+0000] {dagbag.py:587} INFO - Filling up the DagBag from /home/airflow/.local/lib/python3.12/site-packages/airflow/example_dags/example_external_task_marker_dag.py
[2024-10-03T22:23:15.451+0000] {processor.py:925} INFO - DAG(s) 'example_external_task_marker_parent', 'example_external_task_marker_child' retrieved from /home/airflow/.local/lib/python3.12/site-packages/airflow/example_dags/example_external_task_marker_dag.py
[2024-10-03T22:23:15.479+0000] {logging_mixin.py:190} INFO - [2024-10-03T22:23:15.479+0000] {dag.py:3229} INFO - Sync 2 DAGs
[2024-10-03T22:23:15.499+0000] {logging_mixin.py:190} INFO - [2024-10-03T22:23:15.498+0000] {dag.py:4156} INFO - Setting next_dagrun for example_external_task_marker_child to None, run_after=None
[2024-10-03T22:23:15.504+0000] {logging_mixin.py:190} INFO - [2024-10-03T22:23:15.503+0000] {dag.py:4156} INFO - Setting next_dagrun for example_external_task_marker_parent to None, run_after=None
[2024-10-03T22:23:15.524+0000] {processor.py:208} INFO - Processing /home/airflow/.local/lib/python3.12/site-packages/airflow/example_dags/example_external_task_marker_dag.py took 0.095 seconds
[2024-10-03T22:23:46.500+0000] {processor.py:186} INFO - Started process (PID=2327) to work on /home/airflow/.local/lib/python3.12/site-packages/airflow/example_dags/example_external_task_marker_dag.py
[2024-10-03T22:23:46.501+0000] {processor.py:914} INFO - Processing file /home/airflow/.local/lib/python3.12/site-packages/airflow/example_dags/example_external_task_marker_dag.py for tasks to queue
[2024-10-03T22:23:46.504+0000] {logging_mixin.py:190} INFO - [2024-10-03T22:23:46.503+0000] {dagbag.py:587} INFO - Filling up the DagBag from /home/airflow/.local/lib/python3.12/site-packages/airflow/example_dags/example_external_task_marker_dag.py
[2024-10-03T22:23:46.518+0000] {processor.py:925} INFO - DAG(s) 'example_external_task_marker_parent', 'example_external_task_marker_child' retrieved from /home/airflow/.local/lib/python3.12/site-packages/airflow/example_dags/example_external_task_marker_dag.py
[2024-10-03T22:23:46.552+0000] {logging_mixin.py:190} INFO - [2024-10-03T22:23:46.552+0000] {dag.py:3229} INFO - Sync 2 DAGs
[2024-10-03T22:23:46.573+0000] {logging_mixin.py:190} INFO - [2024-10-03T22:23:46.573+0000] {dag.py:4156} INFO - Setting next_dagrun for example_external_task_marker_child to None, run_after=None
[2024-10-03T22:23:46.581+0000] {logging_mixin.py:190} INFO - [2024-10-03T22:23:46.581+0000] {dag.py:4156} INFO - Setting next_dagrun for example_external_task_marker_parent to None, run_after=None
[2024-10-03T22:23:46.604+0000] {processor.py:208} INFO - Processing /home/airflow/.local/lib/python3.12/site-packages/airflow/example_dags/example_external_task_marker_dag.py took 0.113 seconds
[2024-10-03T22:24:16.900+0000] {processor.py:186} INFO - Started process (PID=2389) to work on /home/airflow/.local/lib/python3.12/site-packages/airflow/example_dags/example_external_task_marker_dag.py
[2024-10-03T22:24:16.901+0000] {processor.py:914} INFO - Processing file /home/airflow/.local/lib/python3.12/site-packages/airflow/example_dags/example_external_task_marker_dag.py for tasks to queue
[2024-10-03T22:24:16.905+0000] {logging_mixin.py:190} INFO - [2024-10-03T22:24:16.904+0000] {dagbag.py:587} INFO - Filling up the DagBag from /home/airflow/.local/lib/python3.12/site-packages/airflow/example_dags/example_external_task_marker_dag.py
[2024-10-03T22:24:16.916+0000] {processor.py:925} INFO - DAG(s) 'example_external_task_marker_child', 'example_external_task_marker_parent' retrieved from /home/airflow/.local/lib/python3.12/site-packages/airflow/example_dags/example_external_task_marker_dag.py
[2024-10-03T22:24:16.950+0000] {logging_mixin.py:190} INFO - [2024-10-03T22:24:16.949+0000] {dag.py:3229} INFO - Sync 2 DAGs
[2024-10-03T22:24:16.972+0000] {logging_mixin.py:190} INFO - [2024-10-03T22:24:16.972+0000] {dag.py:4156} INFO - Setting next_dagrun for example_external_task_marker_child to None, run_after=None
[2024-10-03T22:24:16.982+0000] {logging_mixin.py:190} INFO - [2024-10-03T22:24:16.982+0000] {dag.py:4156} INFO - Setting next_dagrun for example_external_task_marker_parent to None, run_after=None
[2024-10-03T22:24:17.029+0000] {processor.py:208} INFO - Processing /home/airflow/.local/lib/python3.12/site-packages/airflow/example_dags/example_external_task_marker_dag.py took 0.138 seconds
[2024-10-03T22:24:48.058+0000] {processor.py:186} INFO - Started process (PID=2453) to work on /home/airflow/.local/lib/python3.12/site-packages/airflow/example_dags/example_external_task_marker_dag.py
[2024-10-03T22:24:48.059+0000] {processor.py:914} INFO - Processing file /home/airflow/.local/lib/python3.12/site-packages/airflow/example_dags/example_external_task_marker_dag.py for tasks to queue
[2024-10-03T22:24:48.066+0000] {logging_mixin.py:190} INFO - [2024-10-03T22:24:48.066+0000] {dagbag.py:587} INFO - Filling up the DagBag from /home/airflow/.local/lib/python3.12/site-packages/airflow/example_dags/example_external_task_marker_dag.py
[2024-10-03T22:24:48.082+0000] {processor.py:925} INFO - DAG(s) 'example_external_task_marker_child', 'example_external_task_marker_parent' retrieved from /home/airflow/.local/lib/python3.12/site-packages/airflow/example_dags/example_external_task_marker_dag.py
[2024-10-03T22:24:48.130+0000] {logging_mixin.py:190} INFO - [2024-10-03T22:24:48.130+0000] {dag.py:3229} INFO - Sync 2 DAGs
[2024-10-03T22:24:48.168+0000] {logging_mixin.py:190} INFO - [2024-10-03T22:24:48.168+0000] {dag.py:4156} INFO - Setting next_dagrun for example_external_task_marker_child to None, run_after=None
[2024-10-03T22:24:48.176+0000] {logging_mixin.py:190} INFO - [2024-10-03T22:24:48.175+0000] {dag.py:4156} INFO - Setting next_dagrun for example_external_task_marker_parent to None, run_after=None
[2024-10-03T22:24:48.219+0000] {processor.py:208} INFO - Processing /home/airflow/.local/lib/python3.12/site-packages/airflow/example_dags/example_external_task_marker_dag.py took 0.173 seconds
[2024-10-03T22:25:19.357+0000] {processor.py:186} INFO - Started process (PID=2516) to work on /home/airflow/.local/lib/python3.12/site-packages/airflow/example_dags/example_external_task_marker_dag.py
[2024-10-03T22:25:19.365+0000] {processor.py:914} INFO - Processing file /home/airflow/.local/lib/python3.12/site-packages/airflow/example_dags/example_external_task_marker_dag.py for tasks to queue
[2024-10-03T22:25:19.370+0000] {logging_mixin.py:190} INFO - [2024-10-03T22:25:19.369+0000] {dagbag.py:587} INFO - Filling up the DagBag from /home/airflow/.local/lib/python3.12/site-packages/airflow/example_dags/example_external_task_marker_dag.py
[2024-10-03T22:25:19.389+0000] {processor.py:925} INFO - DAG(s) 'example_external_task_marker_child', 'example_external_task_marker_parent' retrieved from /home/airflow/.local/lib/python3.12/site-packages/airflow/example_dags/example_external_task_marker_dag.py
[2024-10-03T22:25:19.451+0000] {logging_mixin.py:190} INFO - [2024-10-03T22:25:19.450+0000] {dag.py:3229} INFO - Sync 2 DAGs
[2024-10-03T22:25:19.488+0000] {logging_mixin.py:190} INFO - [2024-10-03T22:25:19.488+0000] {dag.py:4156} INFO - Setting next_dagrun for example_external_task_marker_child to None, run_after=None
[2024-10-03T22:25:19.496+0000] {logging_mixin.py:190} INFO - [2024-10-03T22:25:19.496+0000] {dag.py:4156} INFO - Setting next_dagrun for example_external_task_marker_parent to None, run_after=None
[2024-10-03T22:25:19.529+0000] {processor.py:208} INFO - Processing /home/airflow/.local/lib/python3.12/site-packages/airflow/example_dags/example_external_task_marker_dag.py took 0.184 seconds
[2024-10-03T22:25:50.643+0000] {processor.py:186} INFO - Started process (PID=2579) to work on /home/airflow/.local/lib/python3.12/site-packages/airflow/example_dags/example_external_task_marker_dag.py
[2024-10-03T22:25:50.644+0000] {processor.py:914} INFO - Processing file /home/airflow/.local/lib/python3.12/site-packages/airflow/example_dags/example_external_task_marker_dag.py for tasks to queue
[2024-10-03T22:25:50.647+0000] {logging_mixin.py:190} INFO - [2024-10-03T22:25:50.647+0000] {dagbag.py:587} INFO - Filling up the DagBag from /home/airflow/.local/lib/python3.12/site-packages/airflow/example_dags/example_external_task_marker_dag.py
[2024-10-03T22:25:50.661+0000] {processor.py:925} INFO - DAG(s) 'example_external_task_marker_parent', 'example_external_task_marker_child' retrieved from /home/airflow/.local/lib/python3.12/site-packages/airflow/example_dags/example_external_task_marker_dag.py
[2024-10-03T22:25:50.698+0000] {logging_mixin.py:190} INFO - [2024-10-03T22:25:50.697+0000] {dag.py:3229} INFO - Sync 2 DAGs
[2024-10-03T22:25:50.729+0000] {logging_mixin.py:190} INFO - [2024-10-03T22:25:50.728+0000] {dag.py:4156} INFO - Setting next_dagrun for example_external_task_marker_child to None, run_after=None
[2024-10-03T22:25:50.735+0000] {logging_mixin.py:190} INFO - [2024-10-03T22:25:50.735+0000] {dag.py:4156} INFO - Setting next_dagrun for example_external_task_marker_parent to None, run_after=None
[2024-10-03T22:25:50.765+0000] {processor.py:208} INFO - Processing /home/airflow/.local/lib/python3.12/site-packages/airflow/example_dags/example_external_task_marker_dag.py took 0.131 seconds
[2024-10-03T22:26:21.467+0000] {processor.py:186} INFO - Started process (PID=2642) to work on /home/airflow/.local/lib/python3.12/site-packages/airflow/example_dags/example_external_task_marker_dag.py
[2024-10-03T22:26:21.468+0000] {processor.py:914} INFO - Processing file /home/airflow/.local/lib/python3.12/site-packages/airflow/example_dags/example_external_task_marker_dag.py for tasks to queue
[2024-10-03T22:26:21.472+0000] {logging_mixin.py:190} INFO - [2024-10-03T22:26:21.471+0000] {dagbag.py:587} INFO - Filling up the DagBag from /home/airflow/.local/lib/python3.12/site-packages/airflow/example_dags/example_external_task_marker_dag.py
[2024-10-03T22:26:21.486+0000] {processor.py:925} INFO - DAG(s) 'example_external_task_marker_child', 'example_external_task_marker_parent' retrieved from /home/airflow/.local/lib/python3.12/site-packages/airflow/example_dags/example_external_task_marker_dag.py
[2024-10-03T22:26:21.529+0000] {logging_mixin.py:190} INFO - [2024-10-03T22:26:21.529+0000] {dag.py:3229} INFO - Sync 2 DAGs
[2024-10-03T22:26:21.557+0000] {logging_mixin.py:190} INFO - [2024-10-03T22:26:21.557+0000] {dag.py:4156} INFO - Setting next_dagrun for example_external_task_marker_child to None, run_after=None
[2024-10-03T22:26:21.565+0000] {logging_mixin.py:190} INFO - [2024-10-03T22:26:21.565+0000] {dag.py:4156} INFO - Setting next_dagrun for example_external_task_marker_parent to None, run_after=None
[2024-10-03T22:26:21.600+0000] {processor.py:208} INFO - Processing /home/airflow/.local/lib/python3.12/site-packages/airflow/example_dags/example_external_task_marker_dag.py took 0.148 seconds
[2024-10-03T22:26:51.811+0000] {processor.py:186} INFO - Started process (PID=2706) to work on /home/airflow/.local/lib/python3.12/site-packages/airflow/example_dags/example_external_task_marker_dag.py
[2024-10-03T22:26:51.813+0000] {processor.py:914} INFO - Processing file /home/airflow/.local/lib/python3.12/site-packages/airflow/example_dags/example_external_task_marker_dag.py for tasks to queue
[2024-10-03T22:26:51.816+0000] {logging_mixin.py:190} INFO - [2024-10-03T22:26:51.815+0000] {dagbag.py:587} INFO - Filling up the DagBag from /home/airflow/.local/lib/python3.12/site-packages/airflow/example_dags/example_external_task_marker_dag.py
[2024-10-03T22:26:51.829+0000] {processor.py:925} INFO - DAG(s) 'example_external_task_marker_parent', 'example_external_task_marker_child' retrieved from /home/airflow/.local/lib/python3.12/site-packages/airflow/example_dags/example_external_task_marker_dag.py
[2024-10-03T22:26:51.866+0000] {logging_mixin.py:190} INFO - [2024-10-03T22:26:51.865+0000] {dag.py:3229} INFO - Sync 2 DAGs
[2024-10-03T22:26:51.894+0000] {logging_mixin.py:190} INFO - [2024-10-03T22:26:51.893+0000] {dag.py:4156} INFO - Setting next_dagrun for example_external_task_marker_child to None, run_after=None
[2024-10-03T22:26:51.899+0000] {logging_mixin.py:190} INFO - [2024-10-03T22:26:51.899+0000] {dag.py:4156} INFO - Setting next_dagrun for example_external_task_marker_parent to None, run_after=None
[2024-10-03T22:26:51.936+0000] {processor.py:208} INFO - Processing /home/airflow/.local/lib/python3.12/site-packages/airflow/example_dags/example_external_task_marker_dag.py took 0.134 seconds
[2024-10-03T22:27:22.051+0000] {processor.py:186} INFO - Started process (PID=2768) to work on /home/airflow/.local/lib/python3.12/site-packages/airflow/example_dags/example_external_task_marker_dag.py
[2024-10-03T22:27:22.053+0000] {processor.py:914} INFO - Processing file /home/airflow/.local/lib/python3.12/site-packages/airflow/example_dags/example_external_task_marker_dag.py for tasks to queue
[2024-10-03T22:27:22.060+0000] {logging_mixin.py:190} INFO - [2024-10-03T22:27:22.060+0000] {dagbag.py:587} INFO - Filling up the DagBag from /home/airflow/.local/lib/python3.12/site-packages/airflow/example_dags/example_external_task_marker_dag.py
[2024-10-03T22:27:22.075+0000] {processor.py:925} INFO - DAG(s) 'example_external_task_marker_child', 'example_external_task_marker_parent' retrieved from /home/airflow/.local/lib/python3.12/site-packages/airflow/example_dags/example_external_task_marker_dag.py
[2024-10-03T22:27:22.123+0000] {logging_mixin.py:190} INFO - [2024-10-03T22:27:22.123+0000] {dag.py:3229} INFO - Sync 2 DAGs
[2024-10-03T22:27:22.154+0000] {logging_mixin.py:190} INFO - [2024-10-03T22:27:22.153+0000] {dag.py:4156} INFO - Setting next_dagrun for example_external_task_marker_child to None, run_after=None
[2024-10-03T22:27:22.160+0000] {logging_mixin.py:190} INFO - [2024-10-03T22:27:22.160+0000] {dag.py:4156} INFO - Setting next_dagrun for example_external_task_marker_parent to None, run_after=None
[2024-10-03T22:27:22.191+0000] {processor.py:208} INFO - Processing /home/airflow/.local/lib/python3.12/site-packages/airflow/example_dags/example_external_task_marker_dag.py took 0.159 seconds
[2024-10-03T22:27:52.905+0000] {processor.py:186} INFO - Started process (PID=2831) to work on /home/airflow/.local/lib/python3.12/site-packages/airflow/example_dags/example_external_task_marker_dag.py
[2024-10-03T22:27:52.906+0000] {processor.py:914} INFO - Processing file /home/airflow/.local/lib/python3.12/site-packages/airflow/example_dags/example_external_task_marker_dag.py for tasks to queue
[2024-10-03T22:27:52.910+0000] {logging_mixin.py:190} INFO - [2024-10-03T22:27:52.910+0000] {dagbag.py:587} INFO - Filling up the DagBag from /home/airflow/.local/lib/python3.12/site-packages/airflow/example_dags/example_external_task_marker_dag.py
[2024-10-03T22:27:52.924+0000] {processor.py:925} INFO - DAG(s) 'example_external_task_marker_child', 'example_external_task_marker_parent' retrieved from /home/airflow/.local/lib/python3.12/site-packages/airflow/example_dags/example_external_task_marker_dag.py
[2024-10-03T22:27:52.965+0000] {logging_mixin.py:190} INFO - [2024-10-03T22:27:52.964+0000] {dag.py:3229} INFO - Sync 2 DAGs
[2024-10-03T22:27:52.990+0000] {logging_mixin.py:190} INFO - [2024-10-03T22:27:52.989+0000] {dag.py:4156} INFO - Setting next_dagrun for example_external_task_marker_child to None, run_after=None
[2024-10-03T22:27:52.999+0000] {logging_mixin.py:190} INFO - [2024-10-03T22:27:52.997+0000] {dag.py:4156} INFO - Setting next_dagrun for example_external_task_marker_parent to None, run_after=None
[2024-10-03T22:27:53.035+0000] {processor.py:208} INFO - Processing /home/airflow/.local/lib/python3.12/site-packages/airflow/example_dags/example_external_task_marker_dag.py took 0.146 seconds
[2024-10-03T22:28:23.192+0000] {processor.py:186} INFO - Started process (PID=2894) to work on /home/airflow/.local/lib/python3.12/site-packages/airflow/example_dags/example_external_task_marker_dag.py
[2024-10-03T22:28:23.194+0000] {processor.py:914} INFO - Processing file /home/airflow/.local/lib/python3.12/site-packages/airflow/example_dags/example_external_task_marker_dag.py for tasks to queue
[2024-10-03T22:28:23.197+0000] {logging_mixin.py:190} INFO - [2024-10-03T22:28:23.197+0000] {dagbag.py:587} INFO - Filling up the DagBag from /home/airflow/.local/lib/python3.12/site-packages/airflow/example_dags/example_external_task_marker_dag.py
[2024-10-03T22:28:23.216+0000] {processor.py:925} INFO - DAG(s) 'example_external_task_marker_parent', 'example_external_task_marker_child' retrieved from /home/airflow/.local/lib/python3.12/site-packages/airflow/example_dags/example_external_task_marker_dag.py
[2024-10-03T22:28:23.263+0000] {logging_mixin.py:190} INFO - [2024-10-03T22:28:23.262+0000] {dag.py:3229} INFO - Sync 2 DAGs
[2024-10-03T22:28:23.295+0000] {logging_mixin.py:190} INFO - [2024-10-03T22:28:23.295+0000] {dag.py:4156} INFO - Setting next_dagrun for example_external_task_marker_child to None, run_after=None
[2024-10-03T22:28:23.301+0000] {logging_mixin.py:190} INFO - [2024-10-03T22:28:23.301+0000] {dag.py:4156} INFO - Setting next_dagrun for example_external_task_marker_parent to None, run_after=None
[2024-10-03T22:28:23.333+0000] {processor.py:208} INFO - Processing /home/airflow/.local/lib/python3.12/site-packages/airflow/example_dags/example_external_task_marker_dag.py took 0.152 seconds
[2024-10-03T22:28:54.621+0000] {processor.py:186} INFO - Started process (PID=2957) to work on /home/airflow/.local/lib/python3.12/site-packages/airflow/example_dags/example_external_task_marker_dag.py
[2024-10-03T22:28:54.623+0000] {processor.py:914} INFO - Processing file /home/airflow/.local/lib/python3.12/site-packages/airflow/example_dags/example_external_task_marker_dag.py for tasks to queue
[2024-10-03T22:28:54.627+0000] {logging_mixin.py:190} INFO - [2024-10-03T22:28:54.626+0000] {dagbag.py:587} INFO - Filling up the DagBag from /home/airflow/.local/lib/python3.12/site-packages/airflow/example_dags/example_external_task_marker_dag.py
[2024-10-03T22:28:54.644+0000] {processor.py:925} INFO - DAG(s) 'example_external_task_marker_child', 'example_external_task_marker_parent' retrieved from /home/airflow/.local/lib/python3.12/site-packages/airflow/example_dags/example_external_task_marker_dag.py
[2024-10-03T22:28:54.679+0000] {logging_mixin.py:190} INFO - [2024-10-03T22:28:54.679+0000] {dag.py:3229} INFO - Sync 2 DAGs
[2024-10-03T22:28:54.720+0000] {logging_mixin.py:190} INFO - [2024-10-03T22:28:54.720+0000] {dag.py:4156} INFO - Setting next_dagrun for example_external_task_marker_child to None, run_after=None
[2024-10-03T22:28:54.734+0000] {logging_mixin.py:190} INFO - [2024-10-03T22:28:54.733+0000] {dag.py:4156} INFO - Setting next_dagrun for example_external_task_marker_parent to None, run_after=None
[2024-10-03T22:28:54.768+0000] {processor.py:208} INFO - Processing /home/airflow/.local/lib/python3.12/site-packages/airflow/example_dags/example_external_task_marker_dag.py took 0.156 seconds
[2024-10-03T22:29:25.312+0000] {processor.py:186} INFO - Started process (PID=3020) to work on /home/airflow/.local/lib/python3.12/site-packages/airflow/example_dags/example_external_task_marker_dag.py
[2024-10-03T22:29:25.314+0000] {processor.py:914} INFO - Processing file /home/airflow/.local/lib/python3.12/site-packages/airflow/example_dags/example_external_task_marker_dag.py for tasks to queue
[2024-10-03T22:29:25.320+0000] {logging_mixin.py:190} INFO - [2024-10-03T22:29:25.319+0000] {dagbag.py:587} INFO - Filling up the DagBag from /home/airflow/.local/lib/python3.12/site-packages/airflow/example_dags/example_external_task_marker_dag.py
[2024-10-03T22:29:25.333+0000] {processor.py:925} INFO - DAG(s) 'example_external_task_marker_parent', 'example_external_task_marker_child' retrieved from /home/airflow/.local/lib/python3.12/site-packages/airflow/example_dags/example_external_task_marker_dag.py
[2024-10-03T22:29:25.369+0000] {logging_mixin.py:190} INFO - [2024-10-03T22:29:25.369+0000] {dag.py:3229} INFO - Sync 2 DAGs
[2024-10-03T22:29:25.398+0000] {logging_mixin.py:190} INFO - [2024-10-03T22:29:25.398+0000] {dag.py:4156} INFO - Setting next_dagrun for example_external_task_marker_child to None, run_after=None
[2024-10-03T22:29:25.403+0000] {logging_mixin.py:190} INFO - [2024-10-03T22:29:25.402+0000] {dag.py:4156} INFO - Setting next_dagrun for example_external_task_marker_parent to None, run_after=None
[2024-10-03T22:29:25.625+0000] {processor.py:208} INFO - Processing /home/airflow/.local/lib/python3.12/site-packages/airflow/example_dags/example_external_task_marker_dag.py took 0.323 seconds
[2024-10-03T22:29:56.218+0000] {processor.py:186} INFO - Started process (PID=3083) to work on /home/airflow/.local/lib/python3.12/site-packages/airflow/example_dags/example_external_task_marker_dag.py
[2024-10-03T22:29:56.219+0000] {processor.py:914} INFO - Processing file /home/airflow/.local/lib/python3.12/site-packages/airflow/example_dags/example_external_task_marker_dag.py for tasks to queue
[2024-10-03T22:29:56.222+0000] {logging_mixin.py:190} INFO - [2024-10-03T22:29:56.222+0000] {dagbag.py:587} INFO - Filling up the DagBag from /home/airflow/.local/lib/python3.12/site-packages/airflow/example_dags/example_external_task_marker_dag.py
[2024-10-03T22:29:56.232+0000] {processor.py:925} INFO - DAG(s) 'example_external_task_marker_child', 'example_external_task_marker_parent' retrieved from /home/airflow/.local/lib/python3.12/site-packages/airflow/example_dags/example_external_task_marker_dag.py
[2024-10-03T22:29:56.261+0000] {logging_mixin.py:190} INFO - [2024-10-03T22:29:56.261+0000] {dag.py:3229} INFO - Sync 2 DAGs
[2024-10-03T22:29:56.283+0000] {logging_mixin.py:190} INFO - [2024-10-03T22:29:56.282+0000] {dag.py:4156} INFO - Setting next_dagrun for example_external_task_marker_child to None, run_after=None
[2024-10-03T22:29:56.287+0000] {logging_mixin.py:190} INFO - [2024-10-03T22:29:56.287+0000] {dag.py:4156} INFO - Setting next_dagrun for example_external_task_marker_parent to None, run_after=None
[2024-10-03T22:29:56.314+0000] {processor.py:208} INFO - Processing /home/airflow/.local/lib/python3.12/site-packages/airflow/example_dags/example_external_task_marker_dag.py took 0.104 seconds
[2024-10-03T22:30:26.645+0000] {processor.py:186} INFO - Started process (PID=3146) to work on /home/airflow/.local/lib/python3.12/site-packages/airflow/example_dags/example_external_task_marker_dag.py
[2024-10-03T22:30:26.647+0000] {processor.py:914} INFO - Processing file /home/airflow/.local/lib/python3.12/site-packages/airflow/example_dags/example_external_task_marker_dag.py for tasks to queue
[2024-10-03T22:30:26.650+0000] {logging_mixin.py:190} INFO - [2024-10-03T22:30:26.650+0000] {dagbag.py:587} INFO - Filling up the DagBag from /home/airflow/.local/lib/python3.12/site-packages/airflow/example_dags/example_external_task_marker_dag.py
[2024-10-03T22:30:26.659+0000] {processor.py:925} INFO - DAG(s) 'example_external_task_marker_parent', 'example_external_task_marker_child' retrieved from /home/airflow/.local/lib/python3.12/site-packages/airflow/example_dags/example_external_task_marker_dag.py
[2024-10-03T22:30:26.685+0000] {logging_mixin.py:190} INFO - [2024-10-03T22:30:26.685+0000] {dag.py:3229} INFO - Sync 2 DAGs
[2024-10-03T22:30:26.703+0000] {logging_mixin.py:190} INFO - [2024-10-03T22:30:26.703+0000] {dag.py:4156} INFO - Setting next_dagrun for example_external_task_marker_child to None, run_after=None
[2024-10-03T22:30:26.708+0000] {logging_mixin.py:190} INFO - [2024-10-03T22:30:26.708+0000] {dag.py:4156} INFO - Setting next_dagrun for example_external_task_marker_parent to None, run_after=None
[2024-10-03T22:30:26.728+0000] {processor.py:208} INFO - Processing /home/airflow/.local/lib/python3.12/site-packages/airflow/example_dags/example_external_task_marker_dag.py took 0.092 seconds
[2024-10-03T22:30:57.179+0000] {processor.py:186} INFO - Started process (PID=3208) to work on /home/airflow/.local/lib/python3.12/site-packages/airflow/example_dags/example_external_task_marker_dag.py
[2024-10-03T22:30:57.181+0000] {processor.py:914} INFO - Processing file /home/airflow/.local/lib/python3.12/site-packages/airflow/example_dags/example_external_task_marker_dag.py for tasks to queue
[2024-10-03T22:30:57.184+0000] {logging_mixin.py:190} INFO - [2024-10-03T22:30:57.184+0000] {dagbag.py:587} INFO - Filling up the DagBag from /home/airflow/.local/lib/python3.12/site-packages/airflow/example_dags/example_external_task_marker_dag.py
[2024-10-03T22:30:57.196+0000] {processor.py:925} INFO - DAG(s) 'example_external_task_marker_parent', 'example_external_task_marker_child' retrieved from /home/airflow/.local/lib/python3.12/site-packages/airflow/example_dags/example_external_task_marker_dag.py
[2024-10-03T22:30:57.232+0000] {logging_mixin.py:190} INFO - [2024-10-03T22:30:57.231+0000] {dag.py:3229} INFO - Sync 2 DAGs
[2024-10-03T22:30:57.255+0000] {logging_mixin.py:190} INFO - [2024-10-03T22:30:57.255+0000] {dag.py:4156} INFO - Setting next_dagrun for example_external_task_marker_child to None, run_after=None
[2024-10-03T22:30:57.261+0000] {logging_mixin.py:190} INFO - [2024-10-03T22:30:57.260+0000] {dag.py:4156} INFO - Setting next_dagrun for example_external_task_marker_parent to None, run_after=None
[2024-10-03T22:30:57.471+0000] {processor.py:208} INFO - Processing /home/airflow/.local/lib/python3.12/site-packages/airflow/example_dags/example_external_task_marker_dag.py took 0.302 seconds
[2024-10-03T22:31:28.156+0000] {processor.py:186} INFO - Started process (PID=3271) to work on /home/airflow/.local/lib/python3.12/site-packages/airflow/example_dags/example_external_task_marker_dag.py
[2024-10-03T22:31:28.157+0000] {processor.py:914} INFO - Processing file /home/airflow/.local/lib/python3.12/site-packages/airflow/example_dags/example_external_task_marker_dag.py for tasks to queue
[2024-10-03T22:31:28.162+0000] {logging_mixin.py:190} INFO - [2024-10-03T22:31:28.161+0000] {dagbag.py:587} INFO - Filling up the DagBag from /home/airflow/.local/lib/python3.12/site-packages/airflow/example_dags/example_external_task_marker_dag.py
[2024-10-03T22:31:28.186+0000] {processor.py:925} INFO - DAG(s) 'example_external_task_marker_child', 'example_external_task_marker_parent' retrieved from /home/airflow/.local/lib/python3.12/site-packages/airflow/example_dags/example_external_task_marker_dag.py
[2024-10-03T22:31:28.259+0000] {logging_mixin.py:190} INFO - [2024-10-03T22:31:28.258+0000] {dag.py:3229} INFO - Sync 2 DAGs
[2024-10-03T22:31:28.315+0000] {logging_mixin.py:190} INFO - [2024-10-03T22:31:28.314+0000] {dag.py:4156} INFO - Setting next_dagrun for example_external_task_marker_child to None, run_after=None
[2024-10-03T22:31:28.337+0000] {logging_mixin.py:190} INFO - [2024-10-03T22:31:28.331+0000] {dag.py:4156} INFO - Setting next_dagrun for example_external_task_marker_parent to None, run_after=None
[2024-10-03T22:31:28.394+0000] {processor.py:208} INFO - Processing /home/airflow/.local/lib/python3.12/site-packages/airflow/example_dags/example_external_task_marker_dag.py took 0.253 seconds
[2024-10-03T22:31:58.920+0000] {processor.py:186} INFO - Started process (PID=3334) to work on /home/airflow/.local/lib/python3.12/site-packages/airflow/example_dags/example_external_task_marker_dag.py
[2024-10-03T22:31:58.921+0000] {processor.py:914} INFO - Processing file /home/airflow/.local/lib/python3.12/site-packages/airflow/example_dags/example_external_task_marker_dag.py for tasks to queue
[2024-10-03T22:31:58.925+0000] {logging_mixin.py:190} INFO - [2024-10-03T22:31:58.925+0000] {dagbag.py:587} INFO - Filling up the DagBag from /home/airflow/.local/lib/python3.12/site-packages/airflow/example_dags/example_external_task_marker_dag.py
[2024-10-03T22:31:58.939+0000] {processor.py:925} INFO - DAG(s) 'example_external_task_marker_parent', 'example_external_task_marker_child' retrieved from /home/airflow/.local/lib/python3.12/site-packages/airflow/example_dags/example_external_task_marker_dag.py
[2024-10-03T22:31:58.993+0000] {logging_mixin.py:190} INFO - [2024-10-03T22:31:58.993+0000] {dag.py:3229} INFO - Sync 2 DAGs
[2024-10-03T22:31:59.027+0000] {logging_mixin.py:190} INFO - [2024-10-03T22:31:59.027+0000] {dag.py:4156} INFO - Setting next_dagrun for example_external_task_marker_child to None, run_after=None
[2024-10-03T22:31:59.034+0000] {logging_mixin.py:190} INFO - [2024-10-03T22:31:59.034+0000] {dag.py:4156} INFO - Setting next_dagrun for example_external_task_marker_parent to None, run_after=None
[2024-10-03T22:31:59.071+0000] {processor.py:208} INFO - Processing /home/airflow/.local/lib/python3.12/site-packages/airflow/example_dags/example_external_task_marker_dag.py took 0.162 seconds
[2024-10-03T22:32:29.566+0000] {processor.py:186} INFO - Started process (PID=3397) to work on /home/airflow/.local/lib/python3.12/site-packages/airflow/example_dags/example_external_task_marker_dag.py
[2024-10-03T22:32:29.568+0000] {processor.py:914} INFO - Processing file /home/airflow/.local/lib/python3.12/site-packages/airflow/example_dags/example_external_task_marker_dag.py for tasks to queue
[2024-10-03T22:32:29.571+0000] {logging_mixin.py:190} INFO - [2024-10-03T22:32:29.571+0000] {dagbag.py:587} INFO - Filling up the DagBag from /home/airflow/.local/lib/python3.12/site-packages/airflow/example_dags/example_external_task_marker_dag.py
[2024-10-03T22:32:29.584+0000] {processor.py:925} INFO - DAG(s) 'example_external_task_marker_parent', 'example_external_task_marker_child' retrieved from /home/airflow/.local/lib/python3.12/site-packages/airflow/example_dags/example_external_task_marker_dag.py
[2024-10-03T22:32:29.627+0000] {logging_mixin.py:190} INFO - [2024-10-03T22:32:29.626+0000] {dag.py:3229} INFO - Sync 2 DAGs
[2024-10-03T22:32:29.654+0000] {logging_mixin.py:190} INFO - [2024-10-03T22:32:29.654+0000] {dag.py:4156} INFO - Setting next_dagrun for example_external_task_marker_child to None, run_after=None
[2024-10-03T22:32:29.662+0000] {logging_mixin.py:190} INFO - [2024-10-03T22:32:29.662+0000] {dag.py:4156} INFO - Setting next_dagrun for example_external_task_marker_parent to None, run_after=None
[2024-10-03T22:32:29.691+0000] {processor.py:208} INFO - Processing /home/airflow/.local/lib/python3.12/site-packages/airflow/example_dags/example_external_task_marker_dag.py took 0.136 seconds
[2024-10-03T22:33:00.252+0000] {processor.py:186} INFO - Started process (PID=3459) to work on /home/airflow/.local/lib/python3.12/site-packages/airflow/example_dags/example_external_task_marker_dag.py
[2024-10-03T22:33:00.253+0000] {processor.py:914} INFO - Processing file /home/airflow/.local/lib/python3.12/site-packages/airflow/example_dags/example_external_task_marker_dag.py for tasks to queue
[2024-10-03T22:33:00.256+0000] {logging_mixin.py:190} INFO - [2024-10-03T22:33:00.256+0000] {dagbag.py:587} INFO - Filling up the DagBag from /home/airflow/.local/lib/python3.12/site-packages/airflow/example_dags/example_external_task_marker_dag.py
[2024-10-03T22:33:00.269+0000] {processor.py:925} INFO - DAG(s) 'example_external_task_marker_child', 'example_external_task_marker_parent' retrieved from /home/airflow/.local/lib/python3.12/site-packages/airflow/example_dags/example_external_task_marker_dag.py
[2024-10-03T22:33:00.298+0000] {logging_mixin.py:190} INFO - [2024-10-03T22:33:00.298+0000] {dag.py:3229} INFO - Sync 2 DAGs
[2024-10-03T22:33:00.317+0000] {logging_mixin.py:190} INFO - [2024-10-03T22:33:00.316+0000] {dag.py:4156} INFO - Setting next_dagrun for example_external_task_marker_child to None, run_after=None
[2024-10-03T22:33:00.323+0000] {logging_mixin.py:190} INFO - [2024-10-03T22:33:00.323+0000] {dag.py:4156} INFO - Setting next_dagrun for example_external_task_marker_parent to None, run_after=None
[2024-10-03T22:33:00.356+0000] {processor.py:208} INFO - Processing /home/airflow/.local/lib/python3.12/site-packages/airflow/example_dags/example_external_task_marker_dag.py took 0.111 seconds
[2024-10-03T22:33:30.620+0000] {processor.py:186} INFO - Started process (PID=3522) to work on /home/airflow/.local/lib/python3.12/site-packages/airflow/example_dags/example_external_task_marker_dag.py
[2024-10-03T22:33:30.622+0000] {processor.py:914} INFO - Processing file /home/airflow/.local/lib/python3.12/site-packages/airflow/example_dags/example_external_task_marker_dag.py for tasks to queue
[2024-10-03T22:33:30.625+0000] {logging_mixin.py:190} INFO - [2024-10-03T22:33:30.625+0000] {dagbag.py:587} INFO - Filling up the DagBag from /home/airflow/.local/lib/python3.12/site-packages/airflow/example_dags/example_external_task_marker_dag.py
[2024-10-03T22:33:30.638+0000] {processor.py:925} INFO - DAG(s) 'example_external_task_marker_child', 'example_external_task_marker_parent' retrieved from /home/airflow/.local/lib/python3.12/site-packages/airflow/example_dags/example_external_task_marker_dag.py
[2024-10-03T22:33:30.674+0000] {logging_mixin.py:190} INFO - [2024-10-03T22:33:30.674+0000] {dag.py:3229} INFO - Sync 2 DAGs
[2024-10-03T22:33:30.706+0000] {logging_mixin.py:190} INFO - [2024-10-03T22:33:30.706+0000] {dag.py:4156} INFO - Setting next_dagrun for example_external_task_marker_child to None, run_after=None
[2024-10-03T22:33:30.717+0000] {logging_mixin.py:190} INFO - [2024-10-03T22:33:30.717+0000] {dag.py:4156} INFO - Setting next_dagrun for example_external_task_marker_parent to None, run_after=None
[2024-10-03T22:33:30.750+0000] {processor.py:208} INFO - Processing /home/airflow/.local/lib/python3.12/site-packages/airflow/example_dags/example_external_task_marker_dag.py took 0.139 seconds
[2024-10-03T22:34:00.855+0000] {processor.py:186} INFO - Started process (PID=3584) to work on /home/airflow/.local/lib/python3.12/site-packages/airflow/example_dags/example_external_task_marker_dag.py
[2024-10-03T22:34:00.856+0000] {processor.py:914} INFO - Processing file /home/airflow/.local/lib/python3.12/site-packages/airflow/example_dags/example_external_task_marker_dag.py for tasks to queue
[2024-10-03T22:34:00.859+0000] {logging_mixin.py:190} INFO - [2024-10-03T22:34:00.858+0000] {dagbag.py:587} INFO - Filling up the DagBag from /home/airflow/.local/lib/python3.12/site-packages/airflow/example_dags/example_external_task_marker_dag.py
[2024-10-03T22:34:00.868+0000] {processor.py:925} INFO - DAG(s) 'example_external_task_marker_child', 'example_external_task_marker_parent' retrieved from /home/airflow/.local/lib/python3.12/site-packages/airflow/example_dags/example_external_task_marker_dag.py
[2024-10-03T22:34:00.897+0000] {logging_mixin.py:190} INFO - [2024-10-03T22:34:00.897+0000] {dag.py:3229} INFO - Sync 2 DAGs
[2024-10-03T22:34:00.916+0000] {logging_mixin.py:190} INFO - [2024-10-03T22:34:00.915+0000] {dag.py:4156} INFO - Setting next_dagrun for example_external_task_marker_child to None, run_after=None
[2024-10-03T22:34:00.921+0000] {logging_mixin.py:190} INFO - [2024-10-03T22:34:00.920+0000] {dag.py:4156} INFO - Setting next_dagrun for example_external_task_marker_parent to None, run_after=None
[2024-10-03T22:34:00.949+0000] {processor.py:208} INFO - Processing /home/airflow/.local/lib/python3.12/site-packages/airflow/example_dags/example_external_task_marker_dag.py took 0.102 seconds
[2024-10-03T22:34:31.339+0000] {processor.py:186} INFO - Started process (PID=3648) to work on /home/airflow/.local/lib/python3.12/site-packages/airflow/example_dags/example_external_task_marker_dag.py
[2024-10-03T22:34:31.340+0000] {processor.py:914} INFO - Processing file /home/airflow/.local/lib/python3.12/site-packages/airflow/example_dags/example_external_task_marker_dag.py for tasks to queue
[2024-10-03T22:34:31.343+0000] {logging_mixin.py:190} INFO - [2024-10-03T22:34:31.343+0000] {dagbag.py:587} INFO - Filling up the DagBag from /home/airflow/.local/lib/python3.12/site-packages/airflow/example_dags/example_external_task_marker_dag.py
[2024-10-03T22:34:31.355+0000] {processor.py:925} INFO - DAG(s) 'example_external_task_marker_child', 'example_external_task_marker_parent' retrieved from /home/airflow/.local/lib/python3.12/site-packages/airflow/example_dags/example_external_task_marker_dag.py
[2024-10-03T22:34:31.387+0000] {logging_mixin.py:190} INFO - [2024-10-03T22:34:31.387+0000] {dag.py:3229} INFO - Sync 2 DAGs
[2024-10-03T22:34:31.410+0000] {logging_mixin.py:190} INFO - [2024-10-03T22:34:31.410+0000] {dag.py:4156} INFO - Setting next_dagrun for example_external_task_marker_child to None, run_after=None
[2024-10-03T22:34:31.418+0000] {logging_mixin.py:190} INFO - [2024-10-03T22:34:31.417+0000] {dag.py:4156} INFO - Setting next_dagrun for example_external_task_marker_parent to None, run_after=None
[2024-10-03T22:34:31.446+0000] {processor.py:208} INFO - Processing /home/airflow/.local/lib/python3.12/site-packages/airflow/example_dags/example_external_task_marker_dag.py took 0.116 seconds
[2024-10-03T22:35:01.802+0000] {processor.py:186} INFO - Started process (PID=3711) to work on /home/airflow/.local/lib/python3.12/site-packages/airflow/example_dags/example_external_task_marker_dag.py
[2024-10-03T22:35:01.804+0000] {processor.py:914} INFO - Processing file /home/airflow/.local/lib/python3.12/site-packages/airflow/example_dags/example_external_task_marker_dag.py for tasks to queue
[2024-10-03T22:35:01.807+0000] {logging_mixin.py:190} INFO - [2024-10-03T22:35:01.806+0000] {dagbag.py:587} INFO - Filling up the DagBag from /home/airflow/.local/lib/python3.12/site-packages/airflow/example_dags/example_external_task_marker_dag.py
[2024-10-03T22:35:01.818+0000] {processor.py:925} INFO - DAG(s) 'example_external_task_marker_parent', 'example_external_task_marker_child' retrieved from /home/airflow/.local/lib/python3.12/site-packages/airflow/example_dags/example_external_task_marker_dag.py
[2024-10-03T22:35:01.851+0000] {logging_mixin.py:190} INFO - [2024-10-03T22:35:01.850+0000] {dag.py:3229} INFO - Sync 2 DAGs
[2024-10-03T22:35:01.872+0000] {logging_mixin.py:190} INFO - [2024-10-03T22:35:01.871+0000] {dag.py:4156} INFO - Setting next_dagrun for example_external_task_marker_child to None, run_after=None
[2024-10-03T22:35:01.881+0000] {logging_mixin.py:190} INFO - [2024-10-03T22:35:01.880+0000] {dag.py:4156} INFO - Setting next_dagrun for example_external_task_marker_parent to None, run_after=None
[2024-10-03T22:35:01.915+0000] {processor.py:208} INFO - Processing /home/airflow/.local/lib/python3.12/site-packages/airflow/example_dags/example_external_task_marker_dag.py took 0.122 seconds
