[2024-10-03T22:05:39.934+0000] {processor.py:186} INFO - Started process (PID=91) to work on /home/airflow/.local/lib/python3.12/site-packages/airflow/example_dags/example_sla_dag.py
[2024-10-03T22:05:39.942+0000] {processor.py:914} INFO - Processing file /home/airflow/.local/lib/python3.12/site-packages/airflow/example_dags/example_sla_dag.py for tasks to queue
[2024-10-03T22:05:39.964+0000] {logging_mixin.py:190} INFO - [2024-10-03T22:05:39.954+0000] {dagbag.py:587} INFO - Filling up the DagBag from /home/airflow/.local/lib/python3.12/site-packages/airflow/example_dags/example_sla_dag.py
[2024-10-03T22:05:40.070+0000] {processor.py:925} INFO - DAG(s) 'example_sla_dag' retrieved from /home/airflow/.local/lib/python3.12/site-packages/airflow/example_dags/example_sla_dag.py
[2024-10-03T22:05:40.325+0000] {logging_mixin.py:190} INFO - [2024-10-03T22:05:40.325+0000] {dag.py:3229} INFO - Sync 1 DAGs
[2024-10-03T22:05:40.577+0000] {logging_mixin.py:190} INFO - [2024-10-03T22:05:40.577+0000] {dag.py:4156} INFO - Setting next_dagrun for example_sla_dag to 2024-10-03 22:02:00+00:00, run_after=2024-10-03 22:04:00+00:00
[2024-10-03T22:05:40.678+0000] {processor.py:208} INFO - Processing /home/airflow/.local/lib/python3.12/site-packages/airflow/example_dags/example_sla_dag.py took 0.783 seconds
[2024-10-03T22:06:11.269+0000] {processor.py:186} INFO - Started process (PID=154) to work on /home/airflow/.local/lib/python3.12/site-packages/airflow/example_dags/example_sla_dag.py
[2024-10-03T22:06:11.282+0000] {processor.py:914} INFO - Processing file /home/airflow/.local/lib/python3.12/site-packages/airflow/example_dags/example_sla_dag.py for tasks to queue
[2024-10-03T22:06:11.286+0000] {logging_mixin.py:190} INFO - [2024-10-03T22:06:11.286+0000] {dagbag.py:587} INFO - Filling up the DagBag from /home/airflow/.local/lib/python3.12/site-packages/airflow/example_dags/example_sla_dag.py
[2024-10-03T22:06:11.339+0000] {processor.py:925} INFO - DAG(s) 'example_sla_dag' retrieved from /home/airflow/.local/lib/python3.12/site-packages/airflow/example_dags/example_sla_dag.py
[2024-10-03T22:06:11.489+0000] {logging_mixin.py:190} INFO - [2024-10-03T22:06:11.488+0000] {dag.py:3229} INFO - Sync 1 DAGs
[2024-10-03T22:06:11.696+0000] {logging_mixin.py:190} INFO - [2024-10-03T22:06:11.683+0000] {dag.py:4156} INFO - Setting next_dagrun for example_sla_dag to 2024-10-03 22:04:00+00:00, run_after=2024-10-03 22:06:00+00:00
[2024-10-03T22:06:11.858+0000] {processor.py:208} INFO - Processing /home/airflow/.local/lib/python3.12/site-packages/airflow/example_dags/example_sla_dag.py took 0.621 seconds
[2024-10-03T22:06:42.385+0000] {processor.py:186} INFO - Started process (PID=216) to work on /home/airflow/.local/lib/python3.12/site-packages/airflow/example_dags/example_sla_dag.py
[2024-10-03T22:06:42.396+0000] {processor.py:914} INFO - Processing file /home/airflow/.local/lib/python3.12/site-packages/airflow/example_dags/example_sla_dag.py for tasks to queue
[2024-10-03T22:06:42.401+0000] {logging_mixin.py:190} INFO - [2024-10-03T22:06:42.400+0000] {dagbag.py:587} INFO - Filling up the DagBag from /home/airflow/.local/lib/python3.12/site-packages/airflow/example_dags/example_sla_dag.py
[2024-10-03T22:06:42.449+0000] {processor.py:925} INFO - DAG(s) 'example_sla_dag' retrieved from /home/airflow/.local/lib/python3.12/site-packages/airflow/example_dags/example_sla_dag.py
[2024-10-03T22:06:42.522+0000] {logging_mixin.py:190} INFO - [2024-10-03T22:06:42.521+0000] {dag.py:3229} INFO - Sync 1 DAGs
[2024-10-03T22:06:42.621+0000] {logging_mixin.py:190} INFO - [2024-10-03T22:06:42.621+0000] {dag.py:4156} INFO - Setting next_dagrun for example_sla_dag to 2024-10-03 22:04:00+00:00, run_after=2024-10-03 22:06:00+00:00
[2024-10-03T22:06:42.711+0000] {processor.py:208} INFO - Processing /home/airflow/.local/lib/python3.12/site-packages/airflow/example_dags/example_sla_dag.py took 0.342 seconds
[2024-10-03T22:07:14.422+0000] {processor.py:186} INFO - Started process (PID=285) to work on /home/airflow/.local/lib/python3.12/site-packages/airflow/example_dags/example_sla_dag.py
[2024-10-03T22:07:14.423+0000] {processor.py:914} INFO - Processing file /home/airflow/.local/lib/python3.12/site-packages/airflow/example_dags/example_sla_dag.py for tasks to queue
[2024-10-03T22:07:14.437+0000] {logging_mixin.py:190} INFO - [2024-10-03T22:07:14.437+0000] {dagbag.py:587} INFO - Filling up the DagBag from /home/airflow/.local/lib/python3.12/site-packages/airflow/example_dags/example_sla_dag.py
[2024-10-03T22:07:14.485+0000] {processor.py:925} INFO - DAG(s) 'example_sla_dag' retrieved from /home/airflow/.local/lib/python3.12/site-packages/airflow/example_dags/example_sla_dag.py
[2024-10-03T22:07:14.550+0000] {logging_mixin.py:190} INFO - [2024-10-03T22:07:14.549+0000] {dag.py:3229} INFO - Sync 1 DAGs
[2024-10-03T22:07:14.679+0000] {logging_mixin.py:190} INFO - [2024-10-03T22:07:14.678+0000] {dag.py:4156} INFO - Setting next_dagrun for example_sla_dag to 2024-10-03 22:04:00+00:00, run_after=2024-10-03 22:06:00+00:00
[2024-10-03T22:07:14.771+0000] {processor.py:208} INFO - Processing /home/airflow/.local/lib/python3.12/site-packages/airflow/example_dags/example_sla_dag.py took 0.394 seconds
[2024-10-03T22:07:46.672+0000] {processor.py:186} INFO - Started process (PID=349) to work on /home/airflow/.local/lib/python3.12/site-packages/airflow/example_dags/example_sla_dag.py
[2024-10-03T22:07:46.683+0000] {processor.py:914} INFO - Processing file /home/airflow/.local/lib/python3.12/site-packages/airflow/example_dags/example_sla_dag.py for tasks to queue
[2024-10-03T22:07:46.701+0000] {logging_mixin.py:190} INFO - [2024-10-03T22:07:46.700+0000] {dagbag.py:587} INFO - Filling up the DagBag from /home/airflow/.local/lib/python3.12/site-packages/airflow/example_dags/example_sla_dag.py
[2024-10-03T22:07:46.767+0000] {processor.py:925} INFO - DAG(s) 'example_sla_dag' retrieved from /home/airflow/.local/lib/python3.12/site-packages/airflow/example_dags/example_sla_dag.py
[2024-10-03T22:07:46.977+0000] {logging_mixin.py:190} INFO - [2024-10-03T22:07:46.976+0000] {dag.py:3229} INFO - Sync 1 DAGs
[2024-10-03T22:07:47.197+0000] {logging_mixin.py:190} INFO - [2024-10-03T22:07:47.196+0000] {dag.py:4156} INFO - Setting next_dagrun for example_sla_dag to 2024-10-03 22:04:00+00:00, run_after=2024-10-03 22:06:00+00:00
[2024-10-03T22:07:47.332+0000] {processor.py:208} INFO - Processing /home/airflow/.local/lib/python3.12/site-packages/airflow/example_dags/example_sla_dag.py took 0.680 seconds
[2024-10-03T22:08:18.996+0000] {processor.py:186} INFO - Started process (PID=412) to work on /home/airflow/.local/lib/python3.12/site-packages/airflow/example_dags/example_sla_dag.py
[2024-10-03T22:08:18.998+0000] {processor.py:914} INFO - Processing file /home/airflow/.local/lib/python3.12/site-packages/airflow/example_dags/example_sla_dag.py for tasks to queue
[2024-10-03T22:08:19.009+0000] {logging_mixin.py:190} INFO - [2024-10-03T22:08:19.008+0000] {dagbag.py:587} INFO - Filling up the DagBag from /home/airflow/.local/lib/python3.12/site-packages/airflow/example_dags/example_sla_dag.py
[2024-10-03T22:08:19.039+0000] {processor.py:925} INFO - DAG(s) 'example_sla_dag' retrieved from /home/airflow/.local/lib/python3.12/site-packages/airflow/example_dags/example_sla_dag.py
[2024-10-03T22:08:19.136+0000] {logging_mixin.py:190} INFO - [2024-10-03T22:08:19.136+0000] {dag.py:3229} INFO - Sync 1 DAGs
[2024-10-03T22:08:19.246+0000] {logging_mixin.py:190} INFO - [2024-10-03T22:08:19.245+0000] {dag.py:4156} INFO - Setting next_dagrun for example_sla_dag to 2024-10-03 22:06:00+00:00, run_after=2024-10-03 22:08:00+00:00
[2024-10-03T22:08:19.339+0000] {processor.py:208} INFO - Processing /home/airflow/.local/lib/python3.12/site-packages/airflow/example_dags/example_sla_dag.py took 0.389 seconds
[2024-10-03T22:08:49.770+0000] {processor.py:186} INFO - Started process (PID=475) to work on /home/airflow/.local/lib/python3.12/site-packages/airflow/example_dags/example_sla_dag.py
[2024-10-03T22:08:49.772+0000] {processor.py:914} INFO - Processing file /home/airflow/.local/lib/python3.12/site-packages/airflow/example_dags/example_sla_dag.py for tasks to queue
[2024-10-03T22:08:49.774+0000] {logging_mixin.py:190} INFO - [2024-10-03T22:08:49.774+0000] {dagbag.py:587} INFO - Filling up the DagBag from /home/airflow/.local/lib/python3.12/site-packages/airflow/example_dags/example_sla_dag.py
[2024-10-03T22:08:49.786+0000] {processor.py:925} INFO - DAG(s) 'example_sla_dag' retrieved from /home/airflow/.local/lib/python3.12/site-packages/airflow/example_dags/example_sla_dag.py
[2024-10-03T22:08:49.812+0000] {logging_mixin.py:190} INFO - [2024-10-03T22:08:49.812+0000] {dag.py:3229} INFO - Sync 1 DAGs
[2024-10-03T22:08:49.846+0000] {logging_mixin.py:190} INFO - [2024-10-03T22:08:49.845+0000] {dag.py:4156} INFO - Setting next_dagrun for example_sla_dag to 2024-10-03 22:06:00+00:00, run_after=2024-10-03 22:08:00+00:00
[2024-10-03T22:08:49.877+0000] {processor.py:208} INFO - Processing /home/airflow/.local/lib/python3.12/site-packages/airflow/example_dags/example_sla_dag.py took 0.115 seconds
[2024-10-03T22:09:20.114+0000] {processor.py:186} INFO - Started process (PID=538) to work on /home/airflow/.local/lib/python3.12/site-packages/airflow/example_dags/example_sla_dag.py
[2024-10-03T22:09:20.115+0000] {processor.py:914} INFO - Processing file /home/airflow/.local/lib/python3.12/site-packages/airflow/example_dags/example_sla_dag.py for tasks to queue
[2024-10-03T22:09:20.118+0000] {logging_mixin.py:190} INFO - [2024-10-03T22:09:20.118+0000] {dagbag.py:587} INFO - Filling up the DagBag from /home/airflow/.local/lib/python3.12/site-packages/airflow/example_dags/example_sla_dag.py
[2024-10-03T22:09:20.132+0000] {processor.py:925} INFO - DAG(s) 'example_sla_dag' retrieved from /home/airflow/.local/lib/python3.12/site-packages/airflow/example_dags/example_sla_dag.py
[2024-10-03T22:09:20.157+0000] {logging_mixin.py:190} INFO - [2024-10-03T22:09:20.157+0000] {dag.py:3229} INFO - Sync 1 DAGs
[2024-10-03T22:09:20.197+0000] {logging_mixin.py:190} INFO - [2024-10-03T22:09:20.197+0000] {dag.py:4156} INFO - Setting next_dagrun for example_sla_dag to 2024-10-03 22:06:00+00:00, run_after=2024-10-03 22:08:00+00:00
[2024-10-03T22:09:20.230+0000] {processor.py:208} INFO - Processing /home/airflow/.local/lib/python3.12/site-packages/airflow/example_dags/example_sla_dag.py took 0.125 seconds
[2024-10-03T22:09:50.464+0000] {processor.py:186} INFO - Started process (PID=601) to work on /home/airflow/.local/lib/python3.12/site-packages/airflow/example_dags/example_sla_dag.py
[2024-10-03T22:09:50.465+0000] {processor.py:914} INFO - Processing file /home/airflow/.local/lib/python3.12/site-packages/airflow/example_dags/example_sla_dag.py for tasks to queue
[2024-10-03T22:09:50.467+0000] {logging_mixin.py:190} INFO - [2024-10-03T22:09:50.467+0000] {dagbag.py:587} INFO - Filling up the DagBag from /home/airflow/.local/lib/python3.12/site-packages/airflow/example_dags/example_sla_dag.py
[2024-10-03T22:09:50.481+0000] {processor.py:925} INFO - DAG(s) 'example_sla_dag' retrieved from /home/airflow/.local/lib/python3.12/site-packages/airflow/example_dags/example_sla_dag.py
[2024-10-03T22:09:50.504+0000] {logging_mixin.py:190} INFO - [2024-10-03T22:09:50.504+0000] {dag.py:3229} INFO - Sync 1 DAGs
[2024-10-03T22:09:50.542+0000] {logging_mixin.py:190} INFO - [2024-10-03T22:09:50.542+0000] {dag.py:4156} INFO - Setting next_dagrun for example_sla_dag to 2024-10-03 22:06:00+00:00, run_after=2024-10-03 22:08:00+00:00
[2024-10-03T22:09:50.582+0000] {processor.py:208} INFO - Processing /home/airflow/.local/lib/python3.12/site-packages/airflow/example_dags/example_sla_dag.py took 0.126 seconds
[2024-10-03T22:10:21.031+0000] {processor.py:186} INFO - Started process (PID=664) to work on /home/airflow/.local/lib/python3.12/site-packages/airflow/example_dags/example_sla_dag.py
[2024-10-03T22:10:21.033+0000] {processor.py:914} INFO - Processing file /home/airflow/.local/lib/python3.12/site-packages/airflow/example_dags/example_sla_dag.py for tasks to queue
[2024-10-03T22:10:21.037+0000] {logging_mixin.py:190} INFO - [2024-10-03T22:10:21.036+0000] {dagbag.py:587} INFO - Filling up the DagBag from /home/airflow/.local/lib/python3.12/site-packages/airflow/example_dags/example_sla_dag.py
[2024-10-03T22:10:21.056+0000] {processor.py:925} INFO - DAG(s) 'example_sla_dag' retrieved from /home/airflow/.local/lib/python3.12/site-packages/airflow/example_dags/example_sla_dag.py
[2024-10-03T22:10:21.089+0000] {logging_mixin.py:190} INFO - [2024-10-03T22:10:21.088+0000] {dag.py:3229} INFO - Sync 1 DAGs
[2024-10-03T22:10:21.144+0000] {logging_mixin.py:190} INFO - [2024-10-03T22:10:21.143+0000] {dag.py:4156} INFO - Setting next_dagrun for example_sla_dag to 2024-10-03 22:08:00+00:00, run_after=2024-10-03 22:10:00+00:00
[2024-10-03T22:10:21.186+0000] {processor.py:208} INFO - Processing /home/airflow/.local/lib/python3.12/site-packages/airflow/example_dags/example_sla_dag.py took 0.163 seconds
[2024-10-03T22:10:51.427+0000] {processor.py:186} INFO - Started process (PID=727) to work on /home/airflow/.local/lib/python3.12/site-packages/airflow/example_dags/example_sla_dag.py
[2024-10-03T22:10:51.428+0000] {processor.py:914} INFO - Processing file /home/airflow/.local/lib/python3.12/site-packages/airflow/example_dags/example_sla_dag.py for tasks to queue
[2024-10-03T22:10:51.430+0000] {logging_mixin.py:190} INFO - [2024-10-03T22:10:51.430+0000] {dagbag.py:587} INFO - Filling up the DagBag from /home/airflow/.local/lib/python3.12/site-packages/airflow/example_dags/example_sla_dag.py
[2024-10-03T22:10:51.442+0000] {processor.py:925} INFO - DAG(s) 'example_sla_dag' retrieved from /home/airflow/.local/lib/python3.12/site-packages/airflow/example_dags/example_sla_dag.py
[2024-10-03T22:10:51.462+0000] {logging_mixin.py:190} INFO - [2024-10-03T22:10:51.462+0000] {dag.py:3229} INFO - Sync 1 DAGs
[2024-10-03T22:10:51.495+0000] {logging_mixin.py:190} INFO - [2024-10-03T22:10:51.494+0000] {dag.py:4156} INFO - Setting next_dagrun for example_sla_dag to 2024-10-03 22:08:00+00:00, run_after=2024-10-03 22:10:00+00:00
[2024-10-03T22:10:51.529+0000] {processor.py:208} INFO - Processing /home/airflow/.local/lib/python3.12/site-packages/airflow/example_dags/example_sla_dag.py took 0.110 seconds
[2024-10-03T22:11:22.169+0000] {processor.py:186} INFO - Started process (PID=790) to work on /home/airflow/.local/lib/python3.12/site-packages/airflow/example_dags/example_sla_dag.py
[2024-10-03T22:11:22.170+0000] {processor.py:914} INFO - Processing file /home/airflow/.local/lib/python3.12/site-packages/airflow/example_dags/example_sla_dag.py for tasks to queue
[2024-10-03T22:11:22.172+0000] {logging_mixin.py:190} INFO - [2024-10-03T22:11:22.172+0000] {dagbag.py:587} INFO - Filling up the DagBag from /home/airflow/.local/lib/python3.12/site-packages/airflow/example_dags/example_sla_dag.py
[2024-10-03T22:11:22.187+0000] {processor.py:925} INFO - DAG(s) 'example_sla_dag' retrieved from /home/airflow/.local/lib/python3.12/site-packages/airflow/example_dags/example_sla_dag.py
[2024-10-03T22:11:22.210+0000] {logging_mixin.py:190} INFO - [2024-10-03T22:11:22.210+0000] {dag.py:3229} INFO - Sync 1 DAGs
[2024-10-03T22:11:22.243+0000] {logging_mixin.py:190} INFO - [2024-10-03T22:11:22.243+0000] {dag.py:4156} INFO - Setting next_dagrun for example_sla_dag to 2024-10-03 22:08:00+00:00, run_after=2024-10-03 22:10:00+00:00
[2024-10-03T22:11:22.275+0000] {processor.py:208} INFO - Processing /home/airflow/.local/lib/python3.12/site-packages/airflow/example_dags/example_sla_dag.py took 0.114 seconds
[2024-10-03T22:11:52.753+0000] {processor.py:186} INFO - Started process (PID=853) to work on /home/airflow/.local/lib/python3.12/site-packages/airflow/example_dags/example_sla_dag.py
[2024-10-03T22:11:52.754+0000] {processor.py:914} INFO - Processing file /home/airflow/.local/lib/python3.12/site-packages/airflow/example_dags/example_sla_dag.py for tasks to queue
[2024-10-03T22:11:52.758+0000] {logging_mixin.py:190} INFO - [2024-10-03T22:11:52.757+0000] {dagbag.py:587} INFO - Filling up the DagBag from /home/airflow/.local/lib/python3.12/site-packages/airflow/example_dags/example_sla_dag.py
[2024-10-03T22:11:52.775+0000] {processor.py:925} INFO - DAG(s) 'example_sla_dag' retrieved from /home/airflow/.local/lib/python3.12/site-packages/airflow/example_dags/example_sla_dag.py
[2024-10-03T22:11:52.808+0000] {logging_mixin.py:190} INFO - [2024-10-03T22:11:52.807+0000] {dag.py:3229} INFO - Sync 1 DAGs
[2024-10-03T22:11:52.856+0000] {logging_mixin.py:190} INFO - [2024-10-03T22:11:52.856+0000] {dag.py:4156} INFO - Setting next_dagrun for example_sla_dag to 2024-10-03 22:08:00+00:00, run_after=2024-10-03 22:10:00+00:00
[2024-10-03T22:11:52.889+0000] {processor.py:208} INFO - Processing /home/airflow/.local/lib/python3.12/site-packages/airflow/example_dags/example_sla_dag.py took 0.145 seconds
[2024-10-03T22:12:23.497+0000] {processor.py:186} INFO - Started process (PID=916) to work on /home/airflow/.local/lib/python3.12/site-packages/airflow/example_dags/example_sla_dag.py
[2024-10-03T22:12:23.498+0000] {processor.py:914} INFO - Processing file /home/airflow/.local/lib/python3.12/site-packages/airflow/example_dags/example_sla_dag.py for tasks to queue
[2024-10-03T22:12:23.501+0000] {logging_mixin.py:190} INFO - [2024-10-03T22:12:23.500+0000] {dagbag.py:587} INFO - Filling up the DagBag from /home/airflow/.local/lib/python3.12/site-packages/airflow/example_dags/example_sla_dag.py
[2024-10-03T22:12:23.513+0000] {processor.py:925} INFO - DAG(s) 'example_sla_dag' retrieved from /home/airflow/.local/lib/python3.12/site-packages/airflow/example_dags/example_sla_dag.py
[2024-10-03T22:12:23.535+0000] {logging_mixin.py:190} INFO - [2024-10-03T22:12:23.534+0000] {dag.py:3229} INFO - Sync 1 DAGs
[2024-10-03T22:12:23.570+0000] {logging_mixin.py:190} INFO - [2024-10-03T22:12:23.569+0000] {dag.py:4156} INFO - Setting next_dagrun for example_sla_dag to 2024-10-03 22:10:00+00:00, run_after=2024-10-03 22:12:00+00:00
[2024-10-03T22:12:23.600+0000] {processor.py:208} INFO - Processing /home/airflow/.local/lib/python3.12/site-packages/airflow/example_dags/example_sla_dag.py took 0.113 seconds
[2024-10-03T22:12:53.941+0000] {processor.py:186} INFO - Started process (PID=979) to work on /home/airflow/.local/lib/python3.12/site-packages/airflow/example_dags/example_sla_dag.py
[2024-10-03T22:12:53.942+0000] {processor.py:914} INFO - Processing file /home/airflow/.local/lib/python3.12/site-packages/airflow/example_dags/example_sla_dag.py for tasks to queue
[2024-10-03T22:12:53.944+0000] {logging_mixin.py:190} INFO - [2024-10-03T22:12:53.944+0000] {dagbag.py:587} INFO - Filling up the DagBag from /home/airflow/.local/lib/python3.12/site-packages/airflow/example_dags/example_sla_dag.py
[2024-10-03T22:12:53.955+0000] {processor.py:925} INFO - DAG(s) 'example_sla_dag' retrieved from /home/airflow/.local/lib/python3.12/site-packages/airflow/example_dags/example_sla_dag.py
[2024-10-03T22:12:53.976+0000] {logging_mixin.py:190} INFO - [2024-10-03T22:12:53.976+0000] {dag.py:3229} INFO - Sync 1 DAGs
[2024-10-03T22:12:54.006+0000] {logging_mixin.py:190} INFO - [2024-10-03T22:12:54.006+0000] {dag.py:4156} INFO - Setting next_dagrun for example_sla_dag to 2024-10-03 22:10:00+00:00, run_after=2024-10-03 22:12:00+00:00
[2024-10-03T22:12:54.038+0000] {processor.py:208} INFO - Processing /home/airflow/.local/lib/python3.12/site-packages/airflow/example_dags/example_sla_dag.py took 0.104 seconds
[2024-10-03T22:13:24.736+0000] {processor.py:186} INFO - Started process (PID=1043) to work on /home/airflow/.local/lib/python3.12/site-packages/airflow/example_dags/example_sla_dag.py
[2024-10-03T22:13:24.737+0000] {processor.py:914} INFO - Processing file /home/airflow/.local/lib/python3.12/site-packages/airflow/example_dags/example_sla_dag.py for tasks to queue
[2024-10-03T22:13:24.740+0000] {logging_mixin.py:190} INFO - [2024-10-03T22:13:24.740+0000] {dagbag.py:587} INFO - Filling up the DagBag from /home/airflow/.local/lib/python3.12/site-packages/airflow/example_dags/example_sla_dag.py
[2024-10-03T22:13:24.751+0000] {processor.py:925} INFO - DAG(s) 'example_sla_dag' retrieved from /home/airflow/.local/lib/python3.12/site-packages/airflow/example_dags/example_sla_dag.py
[2024-10-03T22:13:24.772+0000] {logging_mixin.py:190} INFO - [2024-10-03T22:13:24.772+0000] {dag.py:3229} INFO - Sync 1 DAGs
[2024-10-03T22:13:24.803+0000] {logging_mixin.py:190} INFO - [2024-10-03T22:13:24.803+0000] {dag.py:4156} INFO - Setting next_dagrun for example_sla_dag to 2024-10-03 22:10:00+00:00, run_after=2024-10-03 22:12:00+00:00
[2024-10-03T22:13:24.839+0000] {processor.py:208} INFO - Processing /home/airflow/.local/lib/python3.12/site-packages/airflow/example_dags/example_sla_dag.py took 0.109 seconds
[2024-10-03T22:13:55.382+0000] {processor.py:186} INFO - Started process (PID=1107) to work on /home/airflow/.local/lib/python3.12/site-packages/airflow/example_dags/example_sla_dag.py
[2024-10-03T22:13:55.383+0000] {processor.py:914} INFO - Processing file /home/airflow/.local/lib/python3.12/site-packages/airflow/example_dags/example_sla_dag.py for tasks to queue
[2024-10-03T22:13:55.385+0000] {logging_mixin.py:190} INFO - [2024-10-03T22:13:55.385+0000] {dagbag.py:587} INFO - Filling up the DagBag from /home/airflow/.local/lib/python3.12/site-packages/airflow/example_dags/example_sla_dag.py
[2024-10-03T22:13:55.397+0000] {processor.py:925} INFO - DAG(s) 'example_sla_dag' retrieved from /home/airflow/.local/lib/python3.12/site-packages/airflow/example_dags/example_sla_dag.py
[2024-10-03T22:13:55.419+0000] {logging_mixin.py:190} INFO - [2024-10-03T22:13:55.419+0000] {dag.py:3229} INFO - Sync 1 DAGs
[2024-10-03T22:13:55.453+0000] {logging_mixin.py:190} INFO - [2024-10-03T22:13:55.453+0000] {dag.py:4156} INFO - Setting next_dagrun for example_sla_dag to 2024-10-03 22:10:00+00:00, run_after=2024-10-03 22:12:00+00:00
[2024-10-03T22:13:55.486+0000] {processor.py:208} INFO - Processing /home/airflow/.local/lib/python3.12/site-packages/airflow/example_dags/example_sla_dag.py took 0.111 seconds
[2024-10-03T22:14:26.061+0000] {processor.py:186} INFO - Started process (PID=1170) to work on /home/airflow/.local/lib/python3.12/site-packages/airflow/example_dags/example_sla_dag.py
[2024-10-03T22:14:26.062+0000] {processor.py:914} INFO - Processing file /home/airflow/.local/lib/python3.12/site-packages/airflow/example_dags/example_sla_dag.py for tasks to queue
[2024-10-03T22:14:26.065+0000] {logging_mixin.py:190} INFO - [2024-10-03T22:14:26.064+0000] {dagbag.py:587} INFO - Filling up the DagBag from /home/airflow/.local/lib/python3.12/site-packages/airflow/example_dags/example_sla_dag.py
[2024-10-03T22:14:26.077+0000] {processor.py:925} INFO - DAG(s) 'example_sla_dag' retrieved from /home/airflow/.local/lib/python3.12/site-packages/airflow/example_dags/example_sla_dag.py
[2024-10-03T22:14:26.098+0000] {logging_mixin.py:190} INFO - [2024-10-03T22:14:26.098+0000] {dag.py:3229} INFO - Sync 1 DAGs
[2024-10-03T22:14:26.133+0000] {logging_mixin.py:190} INFO - [2024-10-03T22:14:26.133+0000] {dag.py:4156} INFO - Setting next_dagrun for example_sla_dag to 2024-10-03 22:12:00+00:00, run_after=2024-10-03 22:14:00+00:00
[2024-10-03T22:14:26.157+0000] {processor.py:208} INFO - Processing /home/airflow/.local/lib/python3.12/site-packages/airflow/example_dags/example_sla_dag.py took 0.104 seconds
[2024-10-03T22:14:56.242+0000] {processor.py:186} INFO - Started process (PID=1233) to work on /home/airflow/.local/lib/python3.12/site-packages/airflow/example_dags/example_sla_dag.py
[2024-10-03T22:14:56.243+0000] {processor.py:914} INFO - Processing file /home/airflow/.local/lib/python3.12/site-packages/airflow/example_dags/example_sla_dag.py for tasks to queue
[2024-10-03T22:14:56.245+0000] {logging_mixin.py:190} INFO - [2024-10-03T22:14:56.245+0000] {dagbag.py:587} INFO - Filling up the DagBag from /home/airflow/.local/lib/python3.12/site-packages/airflow/example_dags/example_sla_dag.py
[2024-10-03T22:14:56.257+0000] {processor.py:925} INFO - DAG(s) 'example_sla_dag' retrieved from /home/airflow/.local/lib/python3.12/site-packages/airflow/example_dags/example_sla_dag.py
[2024-10-03T22:14:56.279+0000] {logging_mixin.py:190} INFO - [2024-10-03T22:14:56.278+0000] {dag.py:3229} INFO - Sync 1 DAGs
[2024-10-03T22:14:56.311+0000] {logging_mixin.py:190} INFO - [2024-10-03T22:14:56.310+0000] {dag.py:4156} INFO - Setting next_dagrun for example_sla_dag to 2024-10-03 22:12:00+00:00, run_after=2024-10-03 22:14:00+00:00
[2024-10-03T22:14:56.332+0000] {processor.py:208} INFO - Processing /home/airflow/.local/lib/python3.12/site-packages/airflow/example_dags/example_sla_dag.py took 0.097 seconds
[2024-10-03T22:15:26.710+0000] {processor.py:186} INFO - Started process (PID=1296) to work on /home/airflow/.local/lib/python3.12/site-packages/airflow/example_dags/example_sla_dag.py
[2024-10-03T22:15:26.711+0000] {processor.py:914} INFO - Processing file /home/airflow/.local/lib/python3.12/site-packages/airflow/example_dags/example_sla_dag.py for tasks to queue
[2024-10-03T22:15:26.714+0000] {logging_mixin.py:190} INFO - [2024-10-03T22:15:26.714+0000] {dagbag.py:587} INFO - Filling up the DagBag from /home/airflow/.local/lib/python3.12/site-packages/airflow/example_dags/example_sla_dag.py
[2024-10-03T22:15:26.729+0000] {processor.py:925} INFO - DAG(s) 'example_sla_dag' retrieved from /home/airflow/.local/lib/python3.12/site-packages/airflow/example_dags/example_sla_dag.py
[2024-10-03T22:15:26.752+0000] {logging_mixin.py:190} INFO - [2024-10-03T22:15:26.752+0000] {dag.py:3229} INFO - Sync 1 DAGs
[2024-10-03T22:15:26.792+0000] {logging_mixin.py:190} INFO - [2024-10-03T22:15:26.791+0000] {dag.py:4156} INFO - Setting next_dagrun for example_sla_dag to 2024-10-03 22:12:00+00:00, run_after=2024-10-03 22:14:00+00:00
[2024-10-03T22:15:26.817+0000] {processor.py:208} INFO - Processing /home/airflow/.local/lib/python3.12/site-packages/airflow/example_dags/example_sla_dag.py took 0.117 seconds
[2024-10-03T22:15:57.209+0000] {processor.py:186} INFO - Started process (PID=1359) to work on /home/airflow/.local/lib/python3.12/site-packages/airflow/example_dags/example_sla_dag.py
[2024-10-03T22:15:57.210+0000] {processor.py:914} INFO - Processing file /home/airflow/.local/lib/python3.12/site-packages/airflow/example_dags/example_sla_dag.py for tasks to queue
[2024-10-03T22:15:57.212+0000] {logging_mixin.py:190} INFO - [2024-10-03T22:15:57.212+0000] {dagbag.py:587} INFO - Filling up the DagBag from /home/airflow/.local/lib/python3.12/site-packages/airflow/example_dags/example_sla_dag.py
[2024-10-03T22:15:57.226+0000] {processor.py:925} INFO - DAG(s) 'example_sla_dag' retrieved from /home/airflow/.local/lib/python3.12/site-packages/airflow/example_dags/example_sla_dag.py
[2024-10-03T22:15:57.253+0000] {logging_mixin.py:190} INFO - [2024-10-03T22:15:57.253+0000] {dag.py:3229} INFO - Sync 1 DAGs
[2024-10-03T22:15:57.291+0000] {logging_mixin.py:190} INFO - [2024-10-03T22:15:57.291+0000] {dag.py:4156} INFO - Setting next_dagrun for example_sla_dag to 2024-10-03 22:12:00+00:00, run_after=2024-10-03 22:14:00+00:00
[2024-10-03T22:15:57.324+0000] {processor.py:208} INFO - Processing /home/airflow/.local/lib/python3.12/site-packages/airflow/example_dags/example_sla_dag.py took 0.123 seconds
[2024-10-03T22:16:28.767+0000] {processor.py:186} INFO - Started process (PID=1422) to work on /home/airflow/.local/lib/python3.12/site-packages/airflow/example_dags/example_sla_dag.py
[2024-10-03T22:16:28.775+0000] {processor.py:914} INFO - Processing file /home/airflow/.local/lib/python3.12/site-packages/airflow/example_dags/example_sla_dag.py for tasks to queue
[2024-10-03T22:16:28.797+0000] {logging_mixin.py:190} INFO - [2024-10-03T22:16:28.796+0000] {dagbag.py:587} INFO - Filling up the DagBag from /home/airflow/.local/lib/python3.12/site-packages/airflow/example_dags/example_sla_dag.py
[2024-10-03T22:16:28.847+0000] {processor.py:925} INFO - DAG(s) 'example_sla_dag' retrieved from /home/airflow/.local/lib/python3.12/site-packages/airflow/example_dags/example_sla_dag.py
[2024-10-03T22:16:28.937+0000] {logging_mixin.py:190} INFO - [2024-10-03T22:16:28.937+0000] {dag.py:3229} INFO - Sync 1 DAGs
[2024-10-03T22:16:29.043+0000] {logging_mixin.py:190} INFO - [2024-10-03T22:16:29.043+0000] {dag.py:4156} INFO - Setting next_dagrun for example_sla_dag to 2024-10-03 22:14:00+00:00, run_after=2024-10-03 22:16:00+00:00
[2024-10-03T22:16:29.117+0000] {processor.py:208} INFO - Processing /home/airflow/.local/lib/python3.12/site-packages/airflow/example_dags/example_sla_dag.py took 0.370 seconds
[2024-10-03T22:16:59.784+0000] {processor.py:186} INFO - Started process (PID=1485) to work on /home/airflow/.local/lib/python3.12/site-packages/airflow/example_dags/example_sla_dag.py
[2024-10-03T22:16:59.786+0000] {processor.py:914} INFO - Processing file /home/airflow/.local/lib/python3.12/site-packages/airflow/example_dags/example_sla_dag.py for tasks to queue
[2024-10-03T22:16:59.792+0000] {logging_mixin.py:190} INFO - [2024-10-03T22:16:59.791+0000] {dagbag.py:587} INFO - Filling up the DagBag from /home/airflow/.local/lib/python3.12/site-packages/airflow/example_dags/example_sla_dag.py
[2024-10-03T22:16:59.814+0000] {processor.py:925} INFO - DAG(s) 'example_sla_dag' retrieved from /home/airflow/.local/lib/python3.12/site-packages/airflow/example_dags/example_sla_dag.py
[2024-10-03T22:16:59.869+0000] {logging_mixin.py:190} INFO - [2024-10-03T22:16:59.869+0000] {dag.py:3229} INFO - Sync 1 DAGs
[2024-10-03T22:16:59.948+0000] {logging_mixin.py:190} INFO - [2024-10-03T22:16:59.948+0000] {dag.py:4156} INFO - Setting next_dagrun for example_sla_dag to 2024-10-03 22:14:00+00:00, run_after=2024-10-03 22:16:00+00:00
[2024-10-03T22:16:59.998+0000] {processor.py:208} INFO - Processing /home/airflow/.local/lib/python3.12/site-packages/airflow/example_dags/example_sla_dag.py took 0.227 seconds
[2024-10-03T22:17:30.759+0000] {processor.py:186} INFO - Started process (PID=1548) to work on /home/airflow/.local/lib/python3.12/site-packages/airflow/example_dags/example_sla_dag.py
[2024-10-03T22:17:30.761+0000] {processor.py:914} INFO - Processing file /home/airflow/.local/lib/python3.12/site-packages/airflow/example_dags/example_sla_dag.py for tasks to queue
[2024-10-03T22:17:30.765+0000] {logging_mixin.py:190} INFO - [2024-10-03T22:17:30.764+0000] {dagbag.py:587} INFO - Filling up the DagBag from /home/airflow/.local/lib/python3.12/site-packages/airflow/example_dags/example_sla_dag.py
[2024-10-03T22:17:30.788+0000] {processor.py:925} INFO - DAG(s) 'example_sla_dag' retrieved from /home/airflow/.local/lib/python3.12/site-packages/airflow/example_dags/example_sla_dag.py
[2024-10-03T22:17:30.840+0000] {logging_mixin.py:190} INFO - [2024-10-03T22:17:30.839+0000] {dag.py:3229} INFO - Sync 1 DAGs
[2024-10-03T22:17:30.903+0000] {logging_mixin.py:190} INFO - [2024-10-03T22:17:30.903+0000] {dag.py:4156} INFO - Setting next_dagrun for example_sla_dag to 2024-10-03 22:14:00+00:00, run_after=2024-10-03 22:16:00+00:00
[2024-10-03T22:17:30.953+0000] {processor.py:208} INFO - Processing /home/airflow/.local/lib/python3.12/site-packages/airflow/example_dags/example_sla_dag.py took 0.210 seconds
[2024-10-03T22:18:01.073+0000] {processor.py:186} INFO - Started process (PID=1611) to work on /home/airflow/.local/lib/python3.12/site-packages/airflow/example_dags/example_sla_dag.py
[2024-10-03T22:18:01.075+0000] {processor.py:914} INFO - Processing file /home/airflow/.local/lib/python3.12/site-packages/airflow/example_dags/example_sla_dag.py for tasks to queue
[2024-10-03T22:18:01.078+0000] {logging_mixin.py:190} INFO - [2024-10-03T22:18:01.078+0000] {dagbag.py:587} INFO - Filling up the DagBag from /home/airflow/.local/lib/python3.12/site-packages/airflow/example_dags/example_sla_dag.py
[2024-10-03T22:18:01.093+0000] {processor.py:925} INFO - DAG(s) 'example_sla_dag' retrieved from /home/airflow/.local/lib/python3.12/site-packages/airflow/example_dags/example_sla_dag.py
[2024-10-03T22:18:01.134+0000] {logging_mixin.py:190} INFO - [2024-10-03T22:18:01.133+0000] {dag.py:3229} INFO - Sync 1 DAGs
[2024-10-03T22:18:01.176+0000] {logging_mixin.py:190} INFO - [2024-10-03T22:18:01.175+0000] {dag.py:4156} INFO - Setting next_dagrun for example_sla_dag to 2024-10-03 22:16:00+00:00, run_after=2024-10-03 22:18:00+00:00
[2024-10-03T22:18:01.202+0000] {processor.py:208} INFO - Processing /home/airflow/.local/lib/python3.12/site-packages/airflow/example_dags/example_sla_dag.py took 0.138 seconds
[2024-10-03T22:18:31.274+0000] {processor.py:186} INFO - Started process (PID=1674) to work on /home/airflow/.local/lib/python3.12/site-packages/airflow/example_dags/example_sla_dag.py
[2024-10-03T22:18:31.275+0000] {processor.py:914} INFO - Processing file /home/airflow/.local/lib/python3.12/site-packages/airflow/example_dags/example_sla_dag.py for tasks to queue
[2024-10-03T22:18:31.279+0000] {logging_mixin.py:190} INFO - [2024-10-03T22:18:31.278+0000] {dagbag.py:587} INFO - Filling up the DagBag from /home/airflow/.local/lib/python3.12/site-packages/airflow/example_dags/example_sla_dag.py
[2024-10-03T22:18:31.297+0000] {processor.py:925} INFO - DAG(s) 'example_sla_dag' retrieved from /home/airflow/.local/lib/python3.12/site-packages/airflow/example_dags/example_sla_dag.py
[2024-10-03T22:18:31.322+0000] {logging_mixin.py:190} INFO - [2024-10-03T22:18:31.322+0000] {dag.py:3229} INFO - Sync 1 DAGs
[2024-10-03T22:18:31.363+0000] {logging_mixin.py:190} INFO - [2024-10-03T22:18:31.363+0000] {dag.py:4156} INFO - Setting next_dagrun for example_sla_dag to 2024-10-03 22:16:00+00:00, run_after=2024-10-03 22:18:00+00:00
[2024-10-03T22:18:31.397+0000] {processor.py:208} INFO - Processing /home/airflow/.local/lib/python3.12/site-packages/airflow/example_dags/example_sla_dag.py took 0.134 seconds
[2024-10-03T22:19:01.456+0000] {processor.py:186} INFO - Started process (PID=1736) to work on /home/airflow/.local/lib/python3.12/site-packages/airflow/example_dags/example_sla_dag.py
[2024-10-03T22:19:01.457+0000] {processor.py:914} INFO - Processing file /home/airflow/.local/lib/python3.12/site-packages/airflow/example_dags/example_sla_dag.py for tasks to queue
[2024-10-03T22:19:01.460+0000] {logging_mixin.py:190} INFO - [2024-10-03T22:19:01.460+0000] {dagbag.py:587} INFO - Filling up the DagBag from /home/airflow/.local/lib/python3.12/site-packages/airflow/example_dags/example_sla_dag.py
[2024-10-03T22:19:01.476+0000] {processor.py:925} INFO - DAG(s) 'example_sla_dag' retrieved from /home/airflow/.local/lib/python3.12/site-packages/airflow/example_dags/example_sla_dag.py
[2024-10-03T22:19:01.503+0000] {logging_mixin.py:190} INFO - [2024-10-03T22:19:01.503+0000] {dag.py:3229} INFO - Sync 1 DAGs
[2024-10-03T22:19:01.550+0000] {logging_mixin.py:190} INFO - [2024-10-03T22:19:01.550+0000] {dag.py:4156} INFO - Setting next_dagrun for example_sla_dag to 2024-10-03 22:16:00+00:00, run_after=2024-10-03 22:18:00+00:00
[2024-10-03T22:19:01.574+0000] {processor.py:208} INFO - Processing /home/airflow/.local/lib/python3.12/site-packages/airflow/example_dags/example_sla_dag.py took 0.126 seconds
[2024-10-03T22:19:31.695+0000] {processor.py:186} INFO - Started process (PID=1799) to work on /home/airflow/.local/lib/python3.12/site-packages/airflow/example_dags/example_sla_dag.py
[2024-10-03T22:19:31.697+0000] {processor.py:914} INFO - Processing file /home/airflow/.local/lib/python3.12/site-packages/airflow/example_dags/example_sla_dag.py for tasks to queue
[2024-10-03T22:19:31.704+0000] {logging_mixin.py:190} INFO - [2024-10-03T22:19:31.703+0000] {dagbag.py:587} INFO - Filling up the DagBag from /home/airflow/.local/lib/python3.12/site-packages/airflow/example_dags/example_sla_dag.py
[2024-10-03T22:19:31.730+0000] {processor.py:925} INFO - DAG(s) 'example_sla_dag' retrieved from /home/airflow/.local/lib/python3.12/site-packages/airflow/example_dags/example_sla_dag.py
[2024-10-03T22:19:31.752+0000] {logging_mixin.py:190} INFO - [2024-10-03T22:19:31.751+0000] {dag.py:3229} INFO - Sync 1 DAGs
[2024-10-03T22:19:31.782+0000] {logging_mixin.py:190} INFO - [2024-10-03T22:19:31.782+0000] {dag.py:4156} INFO - Setting next_dagrun for example_sla_dag to 2024-10-03 22:16:00+00:00, run_after=2024-10-03 22:18:00+00:00
[2024-10-03T22:19:31.808+0000] {processor.py:208} INFO - Processing /home/airflow/.local/lib/python3.12/site-packages/airflow/example_dags/example_sla_dag.py took 0.123 seconds
[2024-10-03T22:20:02.484+0000] {processor.py:186} INFO - Started process (PID=1862) to work on /home/airflow/.local/lib/python3.12/site-packages/airflow/example_dags/example_sla_dag.py
[2024-10-03T22:20:02.485+0000] {processor.py:914} INFO - Processing file /home/airflow/.local/lib/python3.12/site-packages/airflow/example_dags/example_sla_dag.py for tasks to queue
[2024-10-03T22:20:02.488+0000] {logging_mixin.py:190} INFO - [2024-10-03T22:20:02.487+0000] {dagbag.py:587} INFO - Filling up the DagBag from /home/airflow/.local/lib/python3.12/site-packages/airflow/example_dags/example_sla_dag.py
[2024-10-03T22:20:02.499+0000] {processor.py:925} INFO - DAG(s) 'example_sla_dag' retrieved from /home/airflow/.local/lib/python3.12/site-packages/airflow/example_dags/example_sla_dag.py
[2024-10-03T22:20:02.524+0000] {logging_mixin.py:190} INFO - [2024-10-03T22:20:02.524+0000] {dag.py:3229} INFO - Sync 1 DAGs
[2024-10-03T22:20:02.564+0000] {logging_mixin.py:190} INFO - [2024-10-03T22:20:02.563+0000] {dag.py:4156} INFO - Setting next_dagrun for example_sla_dag to 2024-10-03 22:18:00+00:00, run_after=2024-10-03 22:20:00+00:00
[2024-10-03T22:20:02.597+0000] {processor.py:208} INFO - Processing /home/airflow/.local/lib/python3.12/site-packages/airflow/example_dags/example_sla_dag.py took 0.120 seconds
[2024-10-03T22:20:32.924+0000] {processor.py:186} INFO - Started process (PID=1925) to work on /home/airflow/.local/lib/python3.12/site-packages/airflow/example_dags/example_sla_dag.py
[2024-10-03T22:20:32.926+0000] {processor.py:914} INFO - Processing file /home/airflow/.local/lib/python3.12/site-packages/airflow/example_dags/example_sla_dag.py for tasks to queue
[2024-10-03T22:20:32.928+0000] {logging_mixin.py:190} INFO - [2024-10-03T22:20:32.928+0000] {dagbag.py:587} INFO - Filling up the DagBag from /home/airflow/.local/lib/python3.12/site-packages/airflow/example_dags/example_sla_dag.py
[2024-10-03T22:20:32.940+0000] {processor.py:925} INFO - DAG(s) 'example_sla_dag' retrieved from /home/airflow/.local/lib/python3.12/site-packages/airflow/example_dags/example_sla_dag.py
[2024-10-03T22:20:32.962+0000] {logging_mixin.py:190} INFO - [2024-10-03T22:20:32.962+0000] {dag.py:3229} INFO - Sync 1 DAGs
[2024-10-03T22:20:32.993+0000] {logging_mixin.py:190} INFO - [2024-10-03T22:20:32.992+0000] {dag.py:4156} INFO - Setting next_dagrun for example_sla_dag to 2024-10-03 22:18:00+00:00, run_after=2024-10-03 22:20:00+00:00
[2024-10-03T22:20:33.022+0000] {processor.py:208} INFO - Processing /home/airflow/.local/lib/python3.12/site-packages/airflow/example_dags/example_sla_dag.py took 0.104 seconds
[2024-10-03T22:21:03.128+0000] {processor.py:186} INFO - Started process (PID=1988) to work on /home/airflow/.local/lib/python3.12/site-packages/airflow/example_dags/example_sla_dag.py
[2024-10-03T22:21:03.129+0000] {processor.py:914} INFO - Processing file /home/airflow/.local/lib/python3.12/site-packages/airflow/example_dags/example_sla_dag.py for tasks to queue
[2024-10-03T22:21:03.132+0000] {logging_mixin.py:190} INFO - [2024-10-03T22:21:03.131+0000] {dagbag.py:587} INFO - Filling up the DagBag from /home/airflow/.local/lib/python3.12/site-packages/airflow/example_dags/example_sla_dag.py
[2024-10-03T22:21:03.143+0000] {processor.py:925} INFO - DAG(s) 'example_sla_dag' retrieved from /home/airflow/.local/lib/python3.12/site-packages/airflow/example_dags/example_sla_dag.py
[2024-10-03T22:21:03.165+0000] {logging_mixin.py:190} INFO - [2024-10-03T22:21:03.164+0000] {dag.py:3229} INFO - Sync 1 DAGs
[2024-10-03T22:21:03.195+0000] {logging_mixin.py:190} INFO - [2024-10-03T22:21:03.194+0000] {dag.py:4156} INFO - Setting next_dagrun for example_sla_dag to 2024-10-03 22:18:00+00:00, run_after=2024-10-03 22:20:00+00:00
[2024-10-03T22:21:03.218+0000] {processor.py:208} INFO - Processing /home/airflow/.local/lib/python3.12/site-packages/airflow/example_dags/example_sla_dag.py took 0.097 seconds
[2024-10-03T22:21:33.481+0000] {processor.py:186} INFO - Started process (PID=2051) to work on /home/airflow/.local/lib/python3.12/site-packages/airflow/example_dags/example_sla_dag.py
[2024-10-03T22:21:33.482+0000] {processor.py:914} INFO - Processing file /home/airflow/.local/lib/python3.12/site-packages/airflow/example_dags/example_sla_dag.py for tasks to queue
[2024-10-03T22:21:33.485+0000] {logging_mixin.py:190} INFO - [2024-10-03T22:21:33.485+0000] {dagbag.py:587} INFO - Filling up the DagBag from /home/airflow/.local/lib/python3.12/site-packages/airflow/example_dags/example_sla_dag.py
[2024-10-03T22:21:33.497+0000] {processor.py:925} INFO - DAG(s) 'example_sla_dag' retrieved from /home/airflow/.local/lib/python3.12/site-packages/airflow/example_dags/example_sla_dag.py
[2024-10-03T22:21:33.519+0000] {logging_mixin.py:190} INFO - [2024-10-03T22:21:33.519+0000] {dag.py:3229} INFO - Sync 1 DAGs
[2024-10-03T22:21:33.549+0000] {logging_mixin.py:190} INFO - [2024-10-03T22:21:33.548+0000] {dag.py:4156} INFO - Setting next_dagrun for example_sla_dag to 2024-10-03 22:18:00+00:00, run_after=2024-10-03 22:20:00+00:00
[2024-10-03T22:21:33.578+0000] {processor.py:208} INFO - Processing /home/airflow/.local/lib/python3.12/site-packages/airflow/example_dags/example_sla_dag.py took 0.104 seconds
[2024-10-03T22:22:03.739+0000] {processor.py:186} INFO - Started process (PID=2114) to work on /home/airflow/.local/lib/python3.12/site-packages/airflow/example_dags/example_sla_dag.py
[2024-10-03T22:22:03.740+0000] {processor.py:914} INFO - Processing file /home/airflow/.local/lib/python3.12/site-packages/airflow/example_dags/example_sla_dag.py for tasks to queue
[2024-10-03T22:22:03.743+0000] {logging_mixin.py:190} INFO - [2024-10-03T22:22:03.742+0000] {dagbag.py:587} INFO - Filling up the DagBag from /home/airflow/.local/lib/python3.12/site-packages/airflow/example_dags/example_sla_dag.py
[2024-10-03T22:22:03.754+0000] {processor.py:925} INFO - DAG(s) 'example_sla_dag' retrieved from /home/airflow/.local/lib/python3.12/site-packages/airflow/example_dags/example_sla_dag.py
[2024-10-03T22:22:03.775+0000] {logging_mixin.py:190} INFO - [2024-10-03T22:22:03.775+0000] {dag.py:3229} INFO - Sync 1 DAGs
[2024-10-03T22:22:03.806+0000] {logging_mixin.py:190} INFO - [2024-10-03T22:22:03.805+0000] {dag.py:4156} INFO - Setting next_dagrun for example_sla_dag to 2024-10-03 22:20:00+00:00, run_after=2024-10-03 22:22:00+00:00
[2024-10-03T22:22:03.839+0000] {processor.py:208} INFO - Processing /home/airflow/.local/lib/python3.12/site-packages/airflow/example_dags/example_sla_dag.py took 0.107 seconds
[2024-10-03T22:22:34.605+0000] {processor.py:186} INFO - Started process (PID=2176) to work on /home/airflow/.local/lib/python3.12/site-packages/airflow/example_dags/example_sla_dag.py
[2024-10-03T22:22:34.607+0000] {processor.py:914} INFO - Processing file /home/airflow/.local/lib/python3.12/site-packages/airflow/example_dags/example_sla_dag.py for tasks to queue
[2024-10-03T22:22:34.610+0000] {logging_mixin.py:190} INFO - [2024-10-03T22:22:34.610+0000] {dagbag.py:587} INFO - Filling up the DagBag from /home/airflow/.local/lib/python3.12/site-packages/airflow/example_dags/example_sla_dag.py
[2024-10-03T22:22:34.623+0000] {processor.py:925} INFO - DAG(s) 'example_sla_dag' retrieved from /home/airflow/.local/lib/python3.12/site-packages/airflow/example_dags/example_sla_dag.py
[2024-10-03T22:22:34.647+0000] {logging_mixin.py:190} INFO - [2024-10-03T22:22:34.647+0000] {dag.py:3229} INFO - Sync 1 DAGs
[2024-10-03T22:22:34.684+0000] {logging_mixin.py:190} INFO - [2024-10-03T22:22:34.684+0000] {dag.py:4156} INFO - Setting next_dagrun for example_sla_dag to 2024-10-03 22:20:00+00:00, run_after=2024-10-03 22:22:00+00:00
[2024-10-03T22:22:34.718+0000] {processor.py:208} INFO - Processing /home/airflow/.local/lib/python3.12/site-packages/airflow/example_dags/example_sla_dag.py took 0.122 seconds
[2024-10-03T22:23:05.569+0000] {processor.py:186} INFO - Started process (PID=2238) to work on /home/airflow/.local/lib/python3.12/site-packages/airflow/example_dags/example_sla_dag.py
[2024-10-03T22:23:05.570+0000] {processor.py:914} INFO - Processing file /home/airflow/.local/lib/python3.12/site-packages/airflow/example_dags/example_sla_dag.py for tasks to queue
[2024-10-03T22:23:05.573+0000] {logging_mixin.py:190} INFO - [2024-10-03T22:23:05.572+0000] {dagbag.py:587} INFO - Filling up the DagBag from /home/airflow/.local/lib/python3.12/site-packages/airflow/example_dags/example_sla_dag.py
[2024-10-03T22:23:05.588+0000] {processor.py:925} INFO - DAG(s) 'example_sla_dag' retrieved from /home/airflow/.local/lib/python3.12/site-packages/airflow/example_dags/example_sla_dag.py
[2024-10-03T22:23:05.613+0000] {logging_mixin.py:190} INFO - [2024-10-03T22:23:05.613+0000] {dag.py:3229} INFO - Sync 1 DAGs
[2024-10-03T22:23:05.654+0000] {logging_mixin.py:190} INFO - [2024-10-03T22:23:05.653+0000] {dag.py:4156} INFO - Setting next_dagrun for example_sla_dag to 2024-10-03 22:20:00+00:00, run_after=2024-10-03 22:22:00+00:00
[2024-10-03T22:23:05.685+0000] {processor.py:208} INFO - Processing /home/airflow/.local/lib/python3.12/site-packages/airflow/example_dags/example_sla_dag.py took 0.123 seconds
[2024-10-03T22:23:36.572+0000] {processor.py:186} INFO - Started process (PID=2301) to work on /home/airflow/.local/lib/python3.12/site-packages/airflow/example_dags/example_sla_dag.py
[2024-10-03T22:23:36.574+0000] {processor.py:914} INFO - Processing file /home/airflow/.local/lib/python3.12/site-packages/airflow/example_dags/example_sla_dag.py for tasks to queue
[2024-10-03T22:23:36.582+0000] {logging_mixin.py:190} INFO - [2024-10-03T22:23:36.581+0000] {dagbag.py:587} INFO - Filling up the DagBag from /home/airflow/.local/lib/python3.12/site-packages/airflow/example_dags/example_sla_dag.py
[2024-10-03T22:23:36.605+0000] {processor.py:925} INFO - DAG(s) 'example_sla_dag' retrieved from /home/airflow/.local/lib/python3.12/site-packages/airflow/example_dags/example_sla_dag.py
[2024-10-03T22:23:36.667+0000] {logging_mixin.py:190} INFO - [2024-10-03T22:23:36.666+0000] {dag.py:3229} INFO - Sync 1 DAGs
[2024-10-03T22:23:36.749+0000] {logging_mixin.py:190} INFO - [2024-10-03T22:23:36.748+0000] {dag.py:4156} INFO - Setting next_dagrun for example_sla_dag to 2024-10-03 22:20:00+00:00, run_after=2024-10-03 22:22:00+00:00
[2024-10-03T22:23:36.784+0000] {processor.py:208} INFO - Processing /home/airflow/.local/lib/python3.12/site-packages/airflow/example_dags/example_sla_dag.py took 0.232 seconds
[2024-10-03T22:24:07.106+0000] {processor.py:186} INFO - Started process (PID=2364) to work on /home/airflow/.local/lib/python3.12/site-packages/airflow/example_dags/example_sla_dag.py
[2024-10-03T22:24:07.107+0000] {processor.py:914} INFO - Processing file /home/airflow/.local/lib/python3.12/site-packages/airflow/example_dags/example_sla_dag.py for tasks to queue
[2024-10-03T22:24:07.110+0000] {logging_mixin.py:190} INFO - [2024-10-03T22:24:07.110+0000] {dagbag.py:587} INFO - Filling up the DagBag from /home/airflow/.local/lib/python3.12/site-packages/airflow/example_dags/example_sla_dag.py
[2024-10-03T22:24:07.123+0000] {processor.py:925} INFO - DAG(s) 'example_sla_dag' retrieved from /home/airflow/.local/lib/python3.12/site-packages/airflow/example_dags/example_sla_dag.py
[2024-10-03T22:24:07.147+0000] {logging_mixin.py:190} INFO - [2024-10-03T22:24:07.147+0000] {dag.py:3229} INFO - Sync 1 DAGs
[2024-10-03T22:24:07.182+0000] {logging_mixin.py:190} INFO - [2024-10-03T22:24:07.182+0000] {dag.py:4156} INFO - Setting next_dagrun for example_sla_dag to 2024-10-03 22:22:00+00:00, run_after=2024-10-03 22:24:00+00:00
[2024-10-03T22:24:07.230+0000] {processor.py:208} INFO - Processing /home/airflow/.local/lib/python3.12/site-packages/airflow/example_dags/example_sla_dag.py took 0.134 seconds
[2024-10-03T22:24:37.460+0000] {processor.py:186} INFO - Started process (PID=2426) to work on /home/airflow/.local/lib/python3.12/site-packages/airflow/example_dags/example_sla_dag.py
[2024-10-03T22:24:37.462+0000] {processor.py:914} INFO - Processing file /home/airflow/.local/lib/python3.12/site-packages/airflow/example_dags/example_sla_dag.py for tasks to queue
[2024-10-03T22:24:37.467+0000] {logging_mixin.py:190} INFO - [2024-10-03T22:24:37.467+0000] {dagbag.py:587} INFO - Filling up the DagBag from /home/airflow/.local/lib/python3.12/site-packages/airflow/example_dags/example_sla_dag.py
[2024-10-03T22:24:37.482+0000] {processor.py:925} INFO - DAG(s) 'example_sla_dag' retrieved from /home/airflow/.local/lib/python3.12/site-packages/airflow/example_dags/example_sla_dag.py
[2024-10-03T22:24:37.511+0000] {logging_mixin.py:190} INFO - [2024-10-03T22:24:37.510+0000] {dag.py:3229} INFO - Sync 1 DAGs
[2024-10-03T22:24:37.560+0000] {logging_mixin.py:190} INFO - [2024-10-03T22:24:37.560+0000] {dag.py:4156} INFO - Setting next_dagrun for example_sla_dag to 2024-10-03 22:22:00+00:00, run_after=2024-10-03 22:24:00+00:00
[2024-10-03T22:24:37.597+0000] {processor.py:208} INFO - Processing /home/airflow/.local/lib/python3.12/site-packages/airflow/example_dags/example_sla_dag.py took 0.145 seconds
[2024-10-03T22:25:07.770+0000] {processor.py:186} INFO - Started process (PID=2489) to work on /home/airflow/.local/lib/python3.12/site-packages/airflow/example_dags/example_sla_dag.py
[2024-10-03T22:25:07.784+0000] {processor.py:914} INFO - Processing file /home/airflow/.local/lib/python3.12/site-packages/airflow/example_dags/example_sla_dag.py for tasks to queue
[2024-10-03T22:25:07.790+0000] {logging_mixin.py:190} INFO - [2024-10-03T22:25:07.790+0000] {dagbag.py:587} INFO - Filling up the DagBag from /home/airflow/.local/lib/python3.12/site-packages/airflow/example_dags/example_sla_dag.py
[2024-10-03T22:25:07.830+0000] {processor.py:925} INFO - DAG(s) 'example_sla_dag' retrieved from /home/airflow/.local/lib/python3.12/site-packages/airflow/example_dags/example_sla_dag.py
[2024-10-03T22:25:07.932+0000] {logging_mixin.py:190} INFO - [2024-10-03T22:25:07.932+0000] {dag.py:3229} INFO - Sync 1 DAGs
[2024-10-03T22:25:08.100+0000] {logging_mixin.py:190} INFO - [2024-10-03T22:25:08.100+0000] {dag.py:4156} INFO - Setting next_dagrun for example_sla_dag to 2024-10-03 22:22:00+00:00, run_after=2024-10-03 22:24:00+00:00
[2024-10-03T22:25:08.268+0000] {processor.py:208} INFO - Processing /home/airflow/.local/lib/python3.12/site-packages/airflow/example_dags/example_sla_dag.py took 0.534 seconds
[2024-10-03T22:25:38.391+0000] {processor.py:186} INFO - Started process (PID=2552) to work on /home/airflow/.local/lib/python3.12/site-packages/airflow/example_dags/example_sla_dag.py
[2024-10-03T22:25:38.392+0000] {processor.py:914} INFO - Processing file /home/airflow/.local/lib/python3.12/site-packages/airflow/example_dags/example_sla_dag.py for tasks to queue
[2024-10-03T22:25:38.395+0000] {logging_mixin.py:190} INFO - [2024-10-03T22:25:38.395+0000] {dagbag.py:587} INFO - Filling up the DagBag from /home/airflow/.local/lib/python3.12/site-packages/airflow/example_dags/example_sla_dag.py
[2024-10-03T22:25:38.411+0000] {processor.py:925} INFO - DAG(s) 'example_sla_dag' retrieved from /home/airflow/.local/lib/python3.12/site-packages/airflow/example_dags/example_sla_dag.py
[2024-10-03T22:25:38.440+0000] {logging_mixin.py:190} INFO - [2024-10-03T22:25:38.440+0000] {dag.py:3229} INFO - Sync 1 DAGs
[2024-10-03T22:25:38.478+0000] {logging_mixin.py:190} INFO - [2024-10-03T22:25:38.477+0000] {dag.py:4156} INFO - Setting next_dagrun for example_sla_dag to 2024-10-03 22:22:00+00:00, run_after=2024-10-03 22:24:00+00:00
[2024-10-03T22:25:38.515+0000] {processor.py:208} INFO - Processing /home/airflow/.local/lib/python3.12/site-packages/airflow/example_dags/example_sla_dag.py took 0.135 seconds
[2024-10-03T22:26:09.028+0000] {processor.py:186} INFO - Started process (PID=2615) to work on /home/airflow/.local/lib/python3.12/site-packages/airflow/example_dags/example_sla_dag.py
[2024-10-03T22:26:09.029+0000] {processor.py:914} INFO - Processing file /home/airflow/.local/lib/python3.12/site-packages/airflow/example_dags/example_sla_dag.py for tasks to queue
[2024-10-03T22:26:09.034+0000] {logging_mixin.py:190} INFO - [2024-10-03T22:26:09.033+0000] {dagbag.py:587} INFO - Filling up the DagBag from /home/airflow/.local/lib/python3.12/site-packages/airflow/example_dags/example_sla_dag.py
[2024-10-03T22:26:09.049+0000] {processor.py:925} INFO - DAG(s) 'example_sla_dag' retrieved from /home/airflow/.local/lib/python3.12/site-packages/airflow/example_dags/example_sla_dag.py
[2024-10-03T22:26:09.076+0000] {logging_mixin.py:190} INFO - [2024-10-03T22:26:09.076+0000] {dag.py:3229} INFO - Sync 1 DAGs
[2024-10-03T22:26:09.119+0000] {logging_mixin.py:190} INFO - [2024-10-03T22:26:09.119+0000] {dag.py:4156} INFO - Setting next_dagrun for example_sla_dag to 2024-10-03 22:24:00+00:00, run_after=2024-10-03 22:26:00+00:00
[2024-10-03T22:26:09.147+0000] {processor.py:208} INFO - Processing /home/airflow/.local/lib/python3.12/site-packages/airflow/example_dags/example_sla_dag.py took 0.128 seconds
[2024-10-03T22:26:39.209+0000] {processor.py:186} INFO - Started process (PID=2678) to work on /home/airflow/.local/lib/python3.12/site-packages/airflow/example_dags/example_sla_dag.py
[2024-10-03T22:26:39.212+0000] {processor.py:914} INFO - Processing file /home/airflow/.local/lib/python3.12/site-packages/airflow/example_dags/example_sla_dag.py for tasks to queue
[2024-10-03T22:26:39.215+0000] {logging_mixin.py:190} INFO - [2024-10-03T22:26:39.215+0000] {dagbag.py:587} INFO - Filling up the DagBag from /home/airflow/.local/lib/python3.12/site-packages/airflow/example_dags/example_sla_dag.py
[2024-10-03T22:26:39.233+0000] {processor.py:925} INFO - DAG(s) 'example_sla_dag' retrieved from /home/airflow/.local/lib/python3.12/site-packages/airflow/example_dags/example_sla_dag.py
[2024-10-03T22:26:39.264+0000] {logging_mixin.py:190} INFO - [2024-10-03T22:26:39.264+0000] {dag.py:3229} INFO - Sync 1 DAGs
[2024-10-03T22:26:39.313+0000] {logging_mixin.py:190} INFO - [2024-10-03T22:26:39.313+0000] {dag.py:4156} INFO - Setting next_dagrun for example_sla_dag to 2024-10-03 22:24:00+00:00, run_after=2024-10-03 22:26:00+00:00
[2024-10-03T22:26:39.345+0000] {processor.py:208} INFO - Processing /home/airflow/.local/lib/python3.12/site-packages/airflow/example_dags/example_sla_dag.py took 0.143 seconds
[2024-10-03T22:27:09.527+0000] {processor.py:186} INFO - Started process (PID=2742) to work on /home/airflow/.local/lib/python3.12/site-packages/airflow/example_dags/example_sla_dag.py
[2024-10-03T22:27:09.528+0000] {processor.py:914} INFO - Processing file /home/airflow/.local/lib/python3.12/site-packages/airflow/example_dags/example_sla_dag.py for tasks to queue
[2024-10-03T22:27:09.531+0000] {logging_mixin.py:190} INFO - [2024-10-03T22:27:09.531+0000] {dagbag.py:587} INFO - Filling up the DagBag from /home/airflow/.local/lib/python3.12/site-packages/airflow/example_dags/example_sla_dag.py
[2024-10-03T22:27:09.547+0000] {processor.py:925} INFO - DAG(s) 'example_sla_dag' retrieved from /home/airflow/.local/lib/python3.12/site-packages/airflow/example_dags/example_sla_dag.py
[2024-10-03T22:27:09.574+0000] {logging_mixin.py:190} INFO - [2024-10-03T22:27:09.574+0000] {dag.py:3229} INFO - Sync 1 DAGs
[2024-10-03T22:27:09.611+0000] {logging_mixin.py:190} INFO - [2024-10-03T22:27:09.611+0000] {dag.py:4156} INFO - Setting next_dagrun for example_sla_dag to 2024-10-03 22:24:00+00:00, run_after=2024-10-03 22:26:00+00:00
[2024-10-03T22:27:09.644+0000] {processor.py:208} INFO - Processing /home/airflow/.local/lib/python3.12/site-packages/airflow/example_dags/example_sla_dag.py took 0.124 seconds
[2024-10-03T22:27:40.211+0000] {processor.py:186} INFO - Started process (PID=2804) to work on /home/airflow/.local/lib/python3.12/site-packages/airflow/example_dags/example_sla_dag.py
[2024-10-03T22:27:40.214+0000] {processor.py:914} INFO - Processing file /home/airflow/.local/lib/python3.12/site-packages/airflow/example_dags/example_sla_dag.py for tasks to queue
[2024-10-03T22:27:40.220+0000] {logging_mixin.py:190} INFO - [2024-10-03T22:27:40.219+0000] {dagbag.py:587} INFO - Filling up the DagBag from /home/airflow/.local/lib/python3.12/site-packages/airflow/example_dags/example_sla_dag.py
[2024-10-03T22:27:40.240+0000] {processor.py:925} INFO - DAG(s) 'example_sla_dag' retrieved from /home/airflow/.local/lib/python3.12/site-packages/airflow/example_dags/example_sla_dag.py
[2024-10-03T22:27:40.274+0000] {logging_mixin.py:190} INFO - [2024-10-03T22:27:40.274+0000] {dag.py:3229} INFO - Sync 1 DAGs
[2024-10-03T22:27:40.330+0000] {logging_mixin.py:190} INFO - [2024-10-03T22:27:40.329+0000] {dag.py:4156} INFO - Setting next_dagrun for example_sla_dag to 2024-10-03 22:24:00+00:00, run_after=2024-10-03 22:26:00+00:00
[2024-10-03T22:27:40.365+0000] {processor.py:208} INFO - Processing /home/airflow/.local/lib/python3.12/site-packages/airflow/example_dags/example_sla_dag.py took 0.163 seconds
[2024-10-03T22:28:10.734+0000] {processor.py:186} INFO - Started process (PID=2867) to work on /home/airflow/.local/lib/python3.12/site-packages/airflow/example_dags/example_sla_dag.py
[2024-10-03T22:28:10.736+0000] {processor.py:914} INFO - Processing file /home/airflow/.local/lib/python3.12/site-packages/airflow/example_dags/example_sla_dag.py for tasks to queue
[2024-10-03T22:28:10.741+0000] {logging_mixin.py:190} INFO - [2024-10-03T22:28:10.740+0000] {dagbag.py:587} INFO - Filling up the DagBag from /home/airflow/.local/lib/python3.12/site-packages/airflow/example_dags/example_sla_dag.py
[2024-10-03T22:28:10.769+0000] {processor.py:925} INFO - DAG(s) 'example_sla_dag' retrieved from /home/airflow/.local/lib/python3.12/site-packages/airflow/example_dags/example_sla_dag.py
[2024-10-03T22:28:10.814+0000] {logging_mixin.py:190} INFO - [2024-10-03T22:28:10.814+0000] {dag.py:3229} INFO - Sync 1 DAGs
[2024-10-03T22:28:10.886+0000] {logging_mixin.py:190} INFO - [2024-10-03T22:28:10.885+0000] {dag.py:4156} INFO - Setting next_dagrun for example_sla_dag to 2024-10-03 22:26:00+00:00, run_after=2024-10-03 22:28:00+00:00
[2024-10-03T22:28:10.924+0000] {processor.py:208} INFO - Processing /home/airflow/.local/lib/python3.12/site-packages/airflow/example_dags/example_sla_dag.py took 0.203 seconds
[2024-10-03T22:28:41.146+0000] {processor.py:186} INFO - Started process (PID=2930) to work on /home/airflow/.local/lib/python3.12/site-packages/airflow/example_dags/example_sla_dag.py
[2024-10-03T22:28:41.147+0000] {processor.py:914} INFO - Processing file /home/airflow/.local/lib/python3.12/site-packages/airflow/example_dags/example_sla_dag.py for tasks to queue
[2024-10-03T22:28:41.152+0000] {logging_mixin.py:190} INFO - [2024-10-03T22:28:41.151+0000] {dagbag.py:587} INFO - Filling up the DagBag from /home/airflow/.local/lib/python3.12/site-packages/airflow/example_dags/example_sla_dag.py
[2024-10-03T22:28:41.175+0000] {processor.py:925} INFO - DAG(s) 'example_sla_dag' retrieved from /home/airflow/.local/lib/python3.12/site-packages/airflow/example_dags/example_sla_dag.py
[2024-10-03T22:28:41.209+0000] {logging_mixin.py:190} INFO - [2024-10-03T22:28:41.208+0000] {dag.py:3229} INFO - Sync 1 DAGs
[2024-10-03T22:28:41.258+0000] {logging_mixin.py:190} INFO - [2024-10-03T22:28:41.257+0000] {dag.py:4156} INFO - Setting next_dagrun for example_sla_dag to 2024-10-03 22:26:00+00:00, run_after=2024-10-03 22:28:00+00:00
[2024-10-03T22:28:41.315+0000] {processor.py:208} INFO - Processing /home/airflow/.local/lib/python3.12/site-packages/airflow/example_dags/example_sla_dag.py took 0.178 seconds
[2024-10-03T22:29:11.756+0000] {processor.py:186} INFO - Started process (PID=2993) to work on /home/airflow/.local/lib/python3.12/site-packages/airflow/example_dags/example_sla_dag.py
[2024-10-03T22:29:11.758+0000] {processor.py:914} INFO - Processing file /home/airflow/.local/lib/python3.12/site-packages/airflow/example_dags/example_sla_dag.py for tasks to queue
[2024-10-03T22:29:11.762+0000] {logging_mixin.py:190} INFO - [2024-10-03T22:29:11.761+0000] {dagbag.py:587} INFO - Filling up the DagBag from /home/airflow/.local/lib/python3.12/site-packages/airflow/example_dags/example_sla_dag.py
[2024-10-03T22:29:11.778+0000] {processor.py:925} INFO - DAG(s) 'example_sla_dag' retrieved from /home/airflow/.local/lib/python3.12/site-packages/airflow/example_dags/example_sla_dag.py
[2024-10-03T22:29:11.808+0000] {logging_mixin.py:190} INFO - [2024-10-03T22:29:11.807+0000] {dag.py:3229} INFO - Sync 1 DAGs
[2024-10-03T22:29:11.858+0000] {logging_mixin.py:190} INFO - [2024-10-03T22:29:11.858+0000] {dag.py:4156} INFO - Setting next_dagrun for example_sla_dag to 2024-10-03 22:26:00+00:00, run_after=2024-10-03 22:28:00+00:00
[2024-10-03T22:29:11.895+0000] {processor.py:208} INFO - Processing /home/airflow/.local/lib/python3.12/site-packages/airflow/example_dags/example_sla_dag.py took 0.149 seconds
[2024-10-03T22:29:42.202+0000] {processor.py:186} INFO - Started process (PID=3056) to work on /home/airflow/.local/lib/python3.12/site-packages/airflow/example_dags/example_sla_dag.py
[2024-10-03T22:29:42.205+0000] {processor.py:914} INFO - Processing file /home/airflow/.local/lib/python3.12/site-packages/airflow/example_dags/example_sla_dag.py for tasks to queue
[2024-10-03T22:29:42.215+0000] {logging_mixin.py:190} INFO - [2024-10-03T22:29:42.214+0000] {dagbag.py:587} INFO - Filling up the DagBag from /home/airflow/.local/lib/python3.12/site-packages/airflow/example_dags/example_sla_dag.py
[2024-10-03T22:29:42.236+0000] {processor.py:925} INFO - DAG(s) 'example_sla_dag' retrieved from /home/airflow/.local/lib/python3.12/site-packages/airflow/example_dags/example_sla_dag.py
[2024-10-03T22:29:42.275+0000] {logging_mixin.py:190} INFO - [2024-10-03T22:29:42.274+0000] {dag.py:3229} INFO - Sync 1 DAGs
[2024-10-03T22:29:42.325+0000] {logging_mixin.py:190} INFO - [2024-10-03T22:29:42.324+0000] {dag.py:4156} INFO - Setting next_dagrun for example_sla_dag to 2024-10-03 22:26:00+00:00, run_after=2024-10-03 22:28:00+00:00
[2024-10-03T22:29:42.355+0000] {processor.py:208} INFO - Processing /home/airflow/.local/lib/python3.12/site-packages/airflow/example_dags/example_sla_dag.py took 0.162 seconds
[2024-10-03T22:30:12.554+0000] {processor.py:186} INFO - Started process (PID=3119) to work on /home/airflow/.local/lib/python3.12/site-packages/airflow/example_dags/example_sla_dag.py
[2024-10-03T22:30:12.555+0000] {processor.py:914} INFO - Processing file /home/airflow/.local/lib/python3.12/site-packages/airflow/example_dags/example_sla_dag.py for tasks to queue
[2024-10-03T22:30:12.558+0000] {logging_mixin.py:190} INFO - [2024-10-03T22:30:12.558+0000] {dagbag.py:587} INFO - Filling up the DagBag from /home/airflow/.local/lib/python3.12/site-packages/airflow/example_dags/example_sla_dag.py
[2024-10-03T22:30:12.575+0000] {processor.py:925} INFO - DAG(s) 'example_sla_dag' retrieved from /home/airflow/.local/lib/python3.12/site-packages/airflow/example_dags/example_sla_dag.py
[2024-10-03T22:30:12.601+0000] {logging_mixin.py:190} INFO - [2024-10-03T22:30:12.601+0000] {dag.py:3229} INFO - Sync 1 DAGs
[2024-10-03T22:30:12.641+0000] {logging_mixin.py:190} INFO - [2024-10-03T22:30:12.640+0000] {dag.py:4156} INFO - Setting next_dagrun for example_sla_dag to 2024-10-03 22:28:00+00:00, run_after=2024-10-03 22:30:00+00:00
[2024-10-03T22:30:12.675+0000] {processor.py:208} INFO - Processing /home/airflow/.local/lib/python3.12/site-packages/airflow/example_dags/example_sla_dag.py took 0.129 seconds
[2024-10-03T22:30:43.193+0000] {processor.py:186} INFO - Started process (PID=3182) to work on /home/airflow/.local/lib/python3.12/site-packages/airflow/example_dags/example_sla_dag.py
[2024-10-03T22:30:43.194+0000] {processor.py:914} INFO - Processing file /home/airflow/.local/lib/python3.12/site-packages/airflow/example_dags/example_sla_dag.py for tasks to queue
[2024-10-03T22:30:43.198+0000] {logging_mixin.py:190} INFO - [2024-10-03T22:30:43.197+0000] {dagbag.py:587} INFO - Filling up the DagBag from /home/airflow/.local/lib/python3.12/site-packages/airflow/example_dags/example_sla_dag.py
[2024-10-03T22:30:43.224+0000] {processor.py:925} INFO - DAG(s) 'example_sla_dag' retrieved from /home/airflow/.local/lib/python3.12/site-packages/airflow/example_dags/example_sla_dag.py
[2024-10-03T22:30:43.259+0000] {logging_mixin.py:190} INFO - [2024-10-03T22:30:43.258+0000] {dag.py:3229} INFO - Sync 1 DAGs
[2024-10-03T22:30:43.318+0000] {logging_mixin.py:190} INFO - [2024-10-03T22:30:43.317+0000] {dag.py:4156} INFO - Setting next_dagrun for example_sla_dag to 2024-10-03 22:28:00+00:00, run_after=2024-10-03 22:30:00+00:00
[2024-10-03T22:30:43.357+0000] {processor.py:208} INFO - Processing /home/airflow/.local/lib/python3.12/site-packages/airflow/example_dags/example_sla_dag.py took 0.174 seconds
[2024-10-03T22:31:13.516+0000] {processor.py:186} INFO - Started process (PID=3244) to work on /home/airflow/.local/lib/python3.12/site-packages/airflow/example_dags/example_sla_dag.py
[2024-10-03T22:31:13.517+0000] {processor.py:914} INFO - Processing file /home/airflow/.local/lib/python3.12/site-packages/airflow/example_dags/example_sla_dag.py for tasks to queue
[2024-10-03T22:31:13.521+0000] {logging_mixin.py:190} INFO - [2024-10-03T22:31:13.520+0000] {dagbag.py:587} INFO - Filling up the DagBag from /home/airflow/.local/lib/python3.12/site-packages/airflow/example_dags/example_sla_dag.py
[2024-10-03T22:31:13.533+0000] {processor.py:925} INFO - DAG(s) 'example_sla_dag' retrieved from /home/airflow/.local/lib/python3.12/site-packages/airflow/example_dags/example_sla_dag.py
[2024-10-03T22:31:13.560+0000] {logging_mixin.py:190} INFO - [2024-10-03T22:31:13.560+0000] {dag.py:3229} INFO - Sync 1 DAGs
[2024-10-03T22:31:13.611+0000] {logging_mixin.py:190} INFO - [2024-10-03T22:31:13.611+0000] {dag.py:4156} INFO - Setting next_dagrun for example_sla_dag to 2024-10-03 22:28:00+00:00, run_after=2024-10-03 22:30:00+00:00
[2024-10-03T22:31:13.640+0000] {processor.py:208} INFO - Processing /home/airflow/.local/lib/python3.12/site-packages/airflow/example_dags/example_sla_dag.py took 0.132 seconds
[2024-10-03T22:31:44.026+0000] {processor.py:186} INFO - Started process (PID=3307) to work on /home/airflow/.local/lib/python3.12/site-packages/airflow/example_dags/example_sla_dag.py
[2024-10-03T22:31:44.027+0000] {processor.py:914} INFO - Processing file /home/airflow/.local/lib/python3.12/site-packages/airflow/example_dags/example_sla_dag.py for tasks to queue
[2024-10-03T22:31:44.030+0000] {logging_mixin.py:190} INFO - [2024-10-03T22:31:44.030+0000] {dagbag.py:587} INFO - Filling up the DagBag from /home/airflow/.local/lib/python3.12/site-packages/airflow/example_dags/example_sla_dag.py
[2024-10-03T22:31:44.043+0000] {processor.py:925} INFO - DAG(s) 'example_sla_dag' retrieved from /home/airflow/.local/lib/python3.12/site-packages/airflow/example_dags/example_sla_dag.py
[2024-10-03T22:31:44.074+0000] {logging_mixin.py:190} INFO - [2024-10-03T22:31:44.073+0000] {dag.py:3229} INFO - Sync 1 DAGs
[2024-10-03T22:31:44.113+0000] {logging_mixin.py:190} INFO - [2024-10-03T22:31:44.113+0000] {dag.py:4156} INFO - Setting next_dagrun for example_sla_dag to 2024-10-03 22:28:00+00:00, run_after=2024-10-03 22:30:00+00:00
[2024-10-03T22:31:44.140+0000] {processor.py:208} INFO - Processing /home/airflow/.local/lib/python3.12/site-packages/airflow/example_dags/example_sla_dag.py took 0.125 seconds
[2024-10-03T22:32:14.455+0000] {processor.py:186} INFO - Started process (PID=3370) to work on /home/airflow/.local/lib/python3.12/site-packages/airflow/example_dags/example_sla_dag.py
[2024-10-03T22:32:14.464+0000] {processor.py:914} INFO - Processing file /home/airflow/.local/lib/python3.12/site-packages/airflow/example_dags/example_sla_dag.py for tasks to queue
[2024-10-03T22:32:14.471+0000] {logging_mixin.py:190} INFO - [2024-10-03T22:32:14.469+0000] {dagbag.py:587} INFO - Filling up the DagBag from /home/airflow/.local/lib/python3.12/site-packages/airflow/example_dags/example_sla_dag.py
[2024-10-03T22:32:14.498+0000] {processor.py:925} INFO - DAG(s) 'example_sla_dag' retrieved from /home/airflow/.local/lib/python3.12/site-packages/airflow/example_dags/example_sla_dag.py
[2024-10-03T22:32:14.523+0000] {logging_mixin.py:190} INFO - [2024-10-03T22:32:14.523+0000] {dag.py:3229} INFO - Sync 1 DAGs
[2024-10-03T22:32:14.564+0000] {logging_mixin.py:190} INFO - [2024-10-03T22:32:14.564+0000] {dag.py:4156} INFO - Setting next_dagrun for example_sla_dag to 2024-10-03 22:30:00+00:00, run_after=2024-10-03 22:32:00+00:00
[2024-10-03T22:32:14.589+0000] {processor.py:208} INFO - Processing /home/airflow/.local/lib/python3.12/site-packages/airflow/example_dags/example_sla_dag.py took 0.144 seconds
[2024-10-03T22:32:44.863+0000] {processor.py:186} INFO - Started process (PID=3433) to work on /home/airflow/.local/lib/python3.12/site-packages/airflow/example_dags/example_sla_dag.py
[2024-10-03T22:32:44.865+0000] {processor.py:914} INFO - Processing file /home/airflow/.local/lib/python3.12/site-packages/airflow/example_dags/example_sla_dag.py for tasks to queue
[2024-10-03T22:32:44.868+0000] {logging_mixin.py:190} INFO - [2024-10-03T22:32:44.867+0000] {dagbag.py:587} INFO - Filling up the DagBag from /home/airflow/.local/lib/python3.12/site-packages/airflow/example_dags/example_sla_dag.py
[2024-10-03T22:32:44.881+0000] {processor.py:925} INFO - DAG(s) 'example_sla_dag' retrieved from /home/airflow/.local/lib/python3.12/site-packages/airflow/example_dags/example_sla_dag.py
[2024-10-03T22:32:44.911+0000] {logging_mixin.py:190} INFO - [2024-10-03T22:32:44.910+0000] {dag.py:3229} INFO - Sync 1 DAGs
[2024-10-03T22:32:44.953+0000] {logging_mixin.py:190} INFO - [2024-10-03T22:32:44.953+0000] {dag.py:4156} INFO - Setting next_dagrun for example_sla_dag to 2024-10-03 22:30:00+00:00, run_after=2024-10-03 22:32:00+00:00
[2024-10-03T22:32:44.988+0000] {processor.py:208} INFO - Processing /home/airflow/.local/lib/python3.12/site-packages/airflow/example_dags/example_sla_dag.py took 0.135 seconds
[2024-10-03T22:33:15.581+0000] {processor.py:186} INFO - Started process (PID=3496) to work on /home/airflow/.local/lib/python3.12/site-packages/airflow/example_dags/example_sla_dag.py
[2024-10-03T22:33:15.582+0000] {processor.py:914} INFO - Processing file /home/airflow/.local/lib/python3.12/site-packages/airflow/example_dags/example_sla_dag.py for tasks to queue
[2024-10-03T22:33:15.587+0000] {logging_mixin.py:190} INFO - [2024-10-03T22:33:15.586+0000] {dagbag.py:587} INFO - Filling up the DagBag from /home/airflow/.local/lib/python3.12/site-packages/airflow/example_dags/example_sla_dag.py
[2024-10-03T22:33:15.603+0000] {processor.py:925} INFO - DAG(s) 'example_sla_dag' retrieved from /home/airflow/.local/lib/python3.12/site-packages/airflow/example_dags/example_sla_dag.py
[2024-10-03T22:33:15.641+0000] {logging_mixin.py:190} INFO - [2024-10-03T22:33:15.641+0000] {dag.py:3229} INFO - Sync 1 DAGs
[2024-10-03T22:33:15.687+0000] {logging_mixin.py:190} INFO - [2024-10-03T22:33:15.686+0000] {dag.py:4156} INFO - Setting next_dagrun for example_sla_dag to 2024-10-03 22:30:00+00:00, run_after=2024-10-03 22:32:00+00:00
[2024-10-03T22:33:15.730+0000] {processor.py:208} INFO - Processing /home/airflow/.local/lib/python3.12/site-packages/airflow/example_dags/example_sla_dag.py took 0.157 seconds
[2024-10-03T22:33:46.040+0000] {processor.py:186} INFO - Started process (PID=3559) to work on /home/airflow/.local/lib/python3.12/site-packages/airflow/example_dags/example_sla_dag.py
[2024-10-03T22:33:46.041+0000] {processor.py:914} INFO - Processing file /home/airflow/.local/lib/python3.12/site-packages/airflow/example_dags/example_sla_dag.py for tasks to queue
[2024-10-03T22:33:46.045+0000] {logging_mixin.py:190} INFO - [2024-10-03T22:33:46.044+0000] {dagbag.py:587} INFO - Filling up the DagBag from /home/airflow/.local/lib/python3.12/site-packages/airflow/example_dags/example_sla_dag.py
[2024-10-03T22:33:46.069+0000] {processor.py:925} INFO - DAG(s) 'example_sla_dag' retrieved from /home/airflow/.local/lib/python3.12/site-packages/airflow/example_dags/example_sla_dag.py
[2024-10-03T22:33:46.116+0000] {logging_mixin.py:190} INFO - [2024-10-03T22:33:46.115+0000] {dag.py:3229} INFO - Sync 1 DAGs
[2024-10-03T22:33:46.170+0000] {logging_mixin.py:190} INFO - [2024-10-03T22:33:46.170+0000] {dag.py:4156} INFO - Setting next_dagrun for example_sla_dag to 2024-10-03 22:30:00+00:00, run_after=2024-10-03 22:32:00+00:00
[2024-10-03T22:33:46.213+0000] {processor.py:208} INFO - Processing /home/airflow/.local/lib/python3.12/site-packages/airflow/example_dags/example_sla_dag.py took 0.181 seconds
[2024-10-03T22:34:16.437+0000] {processor.py:186} INFO - Started process (PID=3622) to work on /home/airflow/.local/lib/python3.12/site-packages/airflow/example_dags/example_sla_dag.py
[2024-10-03T22:34:16.440+0000] {processor.py:914} INFO - Processing file /home/airflow/.local/lib/python3.12/site-packages/airflow/example_dags/example_sla_dag.py for tasks to queue
[2024-10-03T22:34:16.445+0000] {logging_mixin.py:190} INFO - [2024-10-03T22:34:16.444+0000] {dagbag.py:587} INFO - Filling up the DagBag from /home/airflow/.local/lib/python3.12/site-packages/airflow/example_dags/example_sla_dag.py
[2024-10-03T22:34:16.463+0000] {processor.py:925} INFO - DAG(s) 'example_sla_dag' retrieved from /home/airflow/.local/lib/python3.12/site-packages/airflow/example_dags/example_sla_dag.py
[2024-10-03T22:34:16.497+0000] {logging_mixin.py:190} INFO - [2024-10-03T22:34:16.497+0000] {dag.py:3229} INFO - Sync 1 DAGs
[2024-10-03T22:34:16.571+0000] {logging_mixin.py:190} INFO - [2024-10-03T22:34:16.570+0000] {dag.py:4156} INFO - Setting next_dagrun for example_sla_dag to 2024-10-03 22:32:00+00:00, run_after=2024-10-03 22:34:00+00:00
[2024-10-03T22:34:16.673+0000] {processor.py:208} INFO - Processing /home/airflow/.local/lib/python3.12/site-packages/airflow/example_dags/example_sla_dag.py took 0.248 seconds
[2024-10-03T22:34:47.549+0000] {processor.py:186} INFO - Started process (PID=3685) to work on /home/airflow/.local/lib/python3.12/site-packages/airflow/example_dags/example_sla_dag.py
[2024-10-03T22:34:47.555+0000] {processor.py:914} INFO - Processing file /home/airflow/.local/lib/python3.12/site-packages/airflow/example_dags/example_sla_dag.py for tasks to queue
[2024-10-03T22:34:47.559+0000] {logging_mixin.py:190} INFO - [2024-10-03T22:34:47.559+0000] {dagbag.py:587} INFO - Filling up the DagBag from /home/airflow/.local/lib/python3.12/site-packages/airflow/example_dags/example_sla_dag.py
[2024-10-03T22:34:47.585+0000] {processor.py:925} INFO - DAG(s) 'example_sla_dag' retrieved from /home/airflow/.local/lib/python3.12/site-packages/airflow/example_dags/example_sla_dag.py
[2024-10-03T22:34:47.619+0000] {logging_mixin.py:190} INFO - [2024-10-03T22:34:47.619+0000] {dag.py:3229} INFO - Sync 1 DAGs
[2024-10-03T22:34:47.666+0000] {logging_mixin.py:190} INFO - [2024-10-03T22:34:47.666+0000] {dag.py:4156} INFO - Setting next_dagrun for example_sla_dag to 2024-10-03 22:32:00+00:00, run_after=2024-10-03 22:34:00+00:00
[2024-10-03T22:34:47.724+0000] {processor.py:208} INFO - Processing /home/airflow/.local/lib/python3.12/site-packages/airflow/example_dags/example_sla_dag.py took 0.187 seconds
[2024-10-03T22:35:18.513+0000] {processor.py:186} INFO - Started process (PID=3755) to work on /home/airflow/.local/lib/python3.12/site-packages/airflow/example_dags/example_sla_dag.py
[2024-10-03T22:35:18.515+0000] {processor.py:914} INFO - Processing file /home/airflow/.local/lib/python3.12/site-packages/airflow/example_dags/example_sla_dag.py for tasks to queue
[2024-10-03T22:35:18.519+0000] {logging_mixin.py:190} INFO - [2024-10-03T22:35:18.519+0000] {dagbag.py:587} INFO - Filling up the DagBag from /home/airflow/.local/lib/python3.12/site-packages/airflow/example_dags/example_sla_dag.py
[2024-10-03T22:35:18.540+0000] {processor.py:925} INFO - DAG(s) 'example_sla_dag' retrieved from /home/airflow/.local/lib/python3.12/site-packages/airflow/example_dags/example_sla_dag.py
[2024-10-03T22:35:18.630+0000] {logging_mixin.py:190} INFO - [2024-10-03T22:35:18.629+0000] {dag.py:3229} INFO - Sync 1 DAGs
[2024-10-03T22:35:18.752+0000] {logging_mixin.py:190} INFO - [2024-10-03T22:35:18.751+0000] {dag.py:4156} INFO - Setting next_dagrun for example_sla_dag to 2024-10-03 22:32:00+00:00, run_after=2024-10-03 22:34:00+00:00
[2024-10-03T22:35:18.905+0000] {processor.py:208} INFO - Processing /home/airflow/.local/lib/python3.12/site-packages/airflow/example_dags/example_sla_dag.py took 0.403 seconds
