[2024-10-03T22:05:43.059+0000] {processor.py:186} INFO - Started process (PID=103) to work on /home/airflow/.local/lib/python3.12/site-packages/airflow/example_dags/example_bash_decorator.py
[2024-10-03T22:05:43.107+0000] {processor.py:914} INFO - Processing file /home/airflow/.local/lib/python3.12/site-packages/airflow/example_dags/example_bash_decorator.py for tasks to queue
[2024-10-03T22:05:43.133+0000] {logging_mixin.py:190} INFO - [2024-10-03T22:05:43.130+0000] {dagbag.py:587} INFO - Filling up the DagBag from /home/airflow/.local/lib/python3.12/site-packages/airflow/example_dags/example_bash_decorator.py
[2024-10-03T22:05:43.232+0000] {processor.py:925} INFO - DAG(s) 'example_bash_decorator' retrieved from /home/airflow/.local/lib/python3.12/site-packages/airflow/example_dags/example_bash_decorator.py
[2024-10-03T22:05:44.468+0000] {logging_mixin.py:190} INFO - [2024-10-03T22:05:44.467+0000] {dag.py:3229} INFO - Sync 1 DAGs
[2024-10-03T22:05:44.570+0000] {logging_mixin.py:190} INFO - [2024-10-03T22:05:44.569+0000] {dag.py:4156} INFO - Setting next_dagrun for example_bash_decorator to None, run_after=None
[2024-10-03T22:05:44.830+0000] {processor.py:208} INFO - Processing /home/airflow/.local/lib/python3.12/site-packages/airflow/example_dags/example_bash_decorator.py took 1.830 seconds
[2024-10-03T22:06:15.939+0000] {processor.py:186} INFO - Started process (PID=166) to work on /home/airflow/.local/lib/python3.12/site-packages/airflow/example_dags/example_bash_decorator.py
[2024-10-03T22:06:15.940+0000] {processor.py:914} INFO - Processing file /home/airflow/.local/lib/python3.12/site-packages/airflow/example_dags/example_bash_decorator.py for tasks to queue
[2024-10-03T22:06:15.989+0000] {logging_mixin.py:190} INFO - [2024-10-03T22:06:15.988+0000] {dagbag.py:587} INFO - Filling up the DagBag from /home/airflow/.local/lib/python3.12/site-packages/airflow/example_dags/example_bash_decorator.py
[2024-10-03T22:06:16.079+0000] {processor.py:925} INFO - DAG(s) 'example_bash_decorator' retrieved from /home/airflow/.local/lib/python3.12/site-packages/airflow/example_dags/example_bash_decorator.py
[2024-10-03T22:06:16.228+0000] {logging_mixin.py:190} INFO - [2024-10-03T22:06:16.227+0000] {dag.py:3229} INFO - Sync 1 DAGs
[2024-10-03T22:06:16.323+0000] {logging_mixin.py:190} INFO - [2024-10-03T22:06:16.322+0000] {dag.py:4156} INFO - Setting next_dagrun for example_bash_decorator to None, run_after=None
[2024-10-03T22:06:16.438+0000] {processor.py:208} INFO - Processing /home/airflow/.local/lib/python3.12/site-packages/airflow/example_dags/example_bash_decorator.py took 0.565 seconds
[2024-10-03T22:06:46.803+0000] {processor.py:186} INFO - Started process (PID=228) to work on /home/airflow/.local/lib/python3.12/site-packages/airflow/example_dags/example_bash_decorator.py
[2024-10-03T22:06:46.804+0000] {processor.py:914} INFO - Processing file /home/airflow/.local/lib/python3.12/site-packages/airflow/example_dags/example_bash_decorator.py for tasks to queue
[2024-10-03T22:06:46.818+0000] {logging_mixin.py:190} INFO - [2024-10-03T22:06:46.817+0000] {dagbag.py:587} INFO - Filling up the DagBag from /home/airflow/.local/lib/python3.12/site-packages/airflow/example_dags/example_bash_decorator.py
[2024-10-03T22:06:46.900+0000] {processor.py:925} INFO - DAG(s) 'example_bash_decorator' retrieved from /home/airflow/.local/lib/python3.12/site-packages/airflow/example_dags/example_bash_decorator.py
[2024-10-03T22:06:47.014+0000] {logging_mixin.py:190} INFO - [2024-10-03T22:06:47.013+0000] {dag.py:3229} INFO - Sync 1 DAGs
[2024-10-03T22:06:47.080+0000] {logging_mixin.py:190} INFO - [2024-10-03T22:06:47.080+0000] {dag.py:4156} INFO - Setting next_dagrun for example_bash_decorator to None, run_after=None
[2024-10-03T22:06:47.181+0000] {processor.py:208} INFO - Processing /home/airflow/.local/lib/python3.12/site-packages/airflow/example_dags/example_bash_decorator.py took 0.408 seconds
[2024-10-03T22:07:17.358+0000] {processor.py:186} INFO - Started process (PID=290) to work on /home/airflow/.local/lib/python3.12/site-packages/airflow/example_dags/example_bash_decorator.py
[2024-10-03T22:07:17.359+0000] {processor.py:914} INFO - Processing file /home/airflow/.local/lib/python3.12/site-packages/airflow/example_dags/example_bash_decorator.py for tasks to queue
[2024-10-03T22:07:17.374+0000] {logging_mixin.py:190} INFO - [2024-10-03T22:07:17.373+0000] {dagbag.py:587} INFO - Filling up the DagBag from /home/airflow/.local/lib/python3.12/site-packages/airflow/example_dags/example_bash_decorator.py
[2024-10-03T22:07:17.469+0000] {processor.py:925} INFO - DAG(s) 'example_bash_decorator' retrieved from /home/airflow/.local/lib/python3.12/site-packages/airflow/example_dags/example_bash_decorator.py
[2024-10-03T22:07:17.549+0000] {logging_mixin.py:190} INFO - [2024-10-03T22:07:17.549+0000] {dag.py:3229} INFO - Sync 1 DAGs
[2024-10-03T22:07:17.599+0000] {logging_mixin.py:190} INFO - [2024-10-03T22:07:17.598+0000] {dag.py:4156} INFO - Setting next_dagrun for example_bash_decorator to None, run_after=None
[2024-10-03T22:07:17.657+0000] {processor.py:208} INFO - Processing /home/airflow/.local/lib/python3.12/site-packages/airflow/example_dags/example_bash_decorator.py took 0.318 seconds
[2024-10-03T22:07:50.641+0000] {processor.py:186} INFO - Started process (PID=354) to work on /home/airflow/.local/lib/python3.12/site-packages/airflow/example_dags/example_bash_decorator.py
[2024-10-03T22:07:50.644+0000] {processor.py:914} INFO - Processing file /home/airflow/.local/lib/python3.12/site-packages/airflow/example_dags/example_bash_decorator.py for tasks to queue
[2024-10-03T22:07:50.652+0000] {logging_mixin.py:190} INFO - [2024-10-03T22:07:50.652+0000] {dagbag.py:587} INFO - Filling up the DagBag from /home/airflow/.local/lib/python3.12/site-packages/airflow/example_dags/example_bash_decorator.py
[2024-10-03T22:07:50.749+0000] {processor.py:925} INFO - DAG(s) 'example_bash_decorator' retrieved from /home/airflow/.local/lib/python3.12/site-packages/airflow/example_dags/example_bash_decorator.py
[2024-10-03T22:07:50.935+0000] {logging_mixin.py:190} INFO - [2024-10-03T22:07:50.935+0000] {dag.py:3229} INFO - Sync 1 DAGs
[2024-10-03T22:07:51.063+0000] {logging_mixin.py:190} INFO - [2024-10-03T22:07:51.052+0000] {dag.py:4156} INFO - Setting next_dagrun for example_bash_decorator to None, run_after=None
[2024-10-03T22:07:51.181+0000] {processor.py:208} INFO - Processing /home/airflow/.local/lib/python3.12/site-packages/airflow/example_dags/example_bash_decorator.py took 0.670 seconds
[2024-10-03T22:08:21.574+0000] {processor.py:186} INFO - Started process (PID=417) to work on /home/airflow/.local/lib/python3.12/site-packages/airflow/example_dags/example_bash_decorator.py
[2024-10-03T22:08:21.591+0000] {processor.py:914} INFO - Processing file /home/airflow/.local/lib/python3.12/site-packages/airflow/example_dags/example_bash_decorator.py for tasks to queue
[2024-10-03T22:08:21.609+0000] {logging_mixin.py:190} INFO - [2024-10-03T22:08:21.608+0000] {dagbag.py:587} INFO - Filling up the DagBag from /home/airflow/.local/lib/python3.12/site-packages/airflow/example_dags/example_bash_decorator.py
[2024-10-03T22:08:21.695+0000] {processor.py:925} INFO - DAG(s) 'example_bash_decorator' retrieved from /home/airflow/.local/lib/python3.12/site-packages/airflow/example_dags/example_bash_decorator.py
[2024-10-03T22:08:21.810+0000] {logging_mixin.py:190} INFO - [2024-10-03T22:08:21.809+0000] {dag.py:3229} INFO - Sync 1 DAGs
[2024-10-03T22:08:21.899+0000] {logging_mixin.py:190} INFO - [2024-10-03T22:08:21.898+0000] {dag.py:4156} INFO - Setting next_dagrun for example_bash_decorator to None, run_after=None
[2024-10-03T22:08:22.023+0000] {processor.py:208} INFO - Processing /home/airflow/.local/lib/python3.12/site-packages/airflow/example_dags/example_bash_decorator.py took 0.470 seconds
[2024-10-03T22:08:52.145+0000] {processor.py:186} INFO - Started process (PID=479) to work on /home/airflow/.local/lib/python3.12/site-packages/airflow/example_dags/example_bash_decorator.py
[2024-10-03T22:08:52.147+0000] {processor.py:914} INFO - Processing file /home/airflow/.local/lib/python3.12/site-packages/airflow/example_dags/example_bash_decorator.py for tasks to queue
[2024-10-03T22:08:52.153+0000] {logging_mixin.py:190} INFO - [2024-10-03T22:08:52.152+0000] {dagbag.py:587} INFO - Filling up the DagBag from /home/airflow/.local/lib/python3.12/site-packages/airflow/example_dags/example_bash_decorator.py
[2024-10-03T22:08:52.188+0000] {processor.py:925} INFO - DAG(s) 'example_bash_decorator' retrieved from /home/airflow/.local/lib/python3.12/site-packages/airflow/example_dags/example_bash_decorator.py
[2024-10-03T22:08:52.243+0000] {logging_mixin.py:190} INFO - [2024-10-03T22:08:52.242+0000] {dag.py:3229} INFO - Sync 1 DAGs
[2024-10-03T22:08:52.283+0000] {logging_mixin.py:190} INFO - [2024-10-03T22:08:52.282+0000] {dag.py:4156} INFO - Setting next_dagrun for example_bash_decorator to None, run_after=None
[2024-10-03T22:08:52.333+0000] {processor.py:208} INFO - Processing /home/airflow/.local/lib/python3.12/site-packages/airflow/example_dags/example_bash_decorator.py took 0.205 seconds
[2024-10-03T22:09:22.620+0000] {processor.py:186} INFO - Started process (PID=542) to work on /home/airflow/.local/lib/python3.12/site-packages/airflow/example_dags/example_bash_decorator.py
[2024-10-03T22:09:22.622+0000] {processor.py:914} INFO - Processing file /home/airflow/.local/lib/python3.12/site-packages/airflow/example_dags/example_bash_decorator.py for tasks to queue
[2024-10-03T22:09:22.626+0000] {logging_mixin.py:190} INFO - [2024-10-03T22:09:22.625+0000] {dagbag.py:587} INFO - Filling up the DagBag from /home/airflow/.local/lib/python3.12/site-packages/airflow/example_dags/example_bash_decorator.py
[2024-10-03T22:09:22.677+0000] {processor.py:925} INFO - DAG(s) 'example_bash_decorator' retrieved from /home/airflow/.local/lib/python3.12/site-packages/airflow/example_dags/example_bash_decorator.py
[2024-10-03T22:09:22.758+0000] {logging_mixin.py:190} INFO - [2024-10-03T22:09:22.758+0000] {dag.py:3229} INFO - Sync 1 DAGs
[2024-10-03T22:09:22.799+0000] {logging_mixin.py:190} INFO - [2024-10-03T22:09:22.798+0000] {dag.py:4156} INFO - Setting next_dagrun for example_bash_decorator to None, run_after=None
[2024-10-03T22:09:22.869+0000] {processor.py:208} INFO - Processing /home/airflow/.local/lib/python3.12/site-packages/airflow/example_dags/example_bash_decorator.py took 0.270 seconds
[2024-10-03T22:09:53.986+0000] {processor.py:186} INFO - Started process (PID=606) to work on /home/airflow/.local/lib/python3.12/site-packages/airflow/example_dags/example_bash_decorator.py
[2024-10-03T22:09:53.987+0000] {processor.py:914} INFO - Processing file /home/airflow/.local/lib/python3.12/site-packages/airflow/example_dags/example_bash_decorator.py for tasks to queue
[2024-10-03T22:09:53.990+0000] {logging_mixin.py:190} INFO - [2024-10-03T22:09:53.989+0000] {dagbag.py:587} INFO - Filling up the DagBag from /home/airflow/.local/lib/python3.12/site-packages/airflow/example_dags/example_bash_decorator.py
[2024-10-03T22:09:54.008+0000] {processor.py:925} INFO - DAG(s) 'example_bash_decorator' retrieved from /home/airflow/.local/lib/python3.12/site-packages/airflow/example_dags/example_bash_decorator.py
[2024-10-03T22:09:54.041+0000] {logging_mixin.py:190} INFO - [2024-10-03T22:09:54.040+0000] {dag.py:3229} INFO - Sync 1 DAGs
[2024-10-03T22:09:54.062+0000] {logging_mixin.py:190} INFO - [2024-10-03T22:09:54.062+0000] {dag.py:4156} INFO - Setting next_dagrun for example_bash_decorator to None, run_after=None
[2024-10-03T22:09:54.096+0000] {processor.py:208} INFO - Processing /home/airflow/.local/lib/python3.12/site-packages/airflow/example_dags/example_bash_decorator.py took 0.119 seconds
[2024-10-03T22:10:24.765+0000] {processor.py:186} INFO - Started process (PID=669) to work on /home/airflow/.local/lib/python3.12/site-packages/airflow/example_dags/example_bash_decorator.py
[2024-10-03T22:10:24.766+0000] {processor.py:914} INFO - Processing file /home/airflow/.local/lib/python3.12/site-packages/airflow/example_dags/example_bash_decorator.py for tasks to queue
[2024-10-03T22:10:24.769+0000] {logging_mixin.py:190} INFO - [2024-10-03T22:10:24.768+0000] {dagbag.py:587} INFO - Filling up the DagBag from /home/airflow/.local/lib/python3.12/site-packages/airflow/example_dags/example_bash_decorator.py
[2024-10-03T22:10:24.790+0000] {processor.py:925} INFO - DAG(s) 'example_bash_decorator' retrieved from /home/airflow/.local/lib/python3.12/site-packages/airflow/example_dags/example_bash_decorator.py
[2024-10-03T22:10:24.829+0000] {logging_mixin.py:190} INFO - [2024-10-03T22:10:24.828+0000] {dag.py:3229} INFO - Sync 1 DAGs
[2024-10-03T22:10:24.870+0000] {logging_mixin.py:190} INFO - [2024-10-03T22:10:24.870+0000] {dag.py:4156} INFO - Setting next_dagrun for example_bash_decorator to None, run_after=None
[2024-10-03T22:10:24.903+0000] {processor.py:208} INFO - Processing /home/airflow/.local/lib/python3.12/site-packages/airflow/example_dags/example_bash_decorator.py took 0.146 seconds
[2024-10-03T22:10:55.034+0000] {processor.py:186} INFO - Started process (PID=732) to work on /home/airflow/.local/lib/python3.12/site-packages/airflow/example_dags/example_bash_decorator.py
[2024-10-03T22:10:55.035+0000] {processor.py:914} INFO - Processing file /home/airflow/.local/lib/python3.12/site-packages/airflow/example_dags/example_bash_decorator.py for tasks to queue
[2024-10-03T22:10:55.038+0000] {logging_mixin.py:190} INFO - [2024-10-03T22:10:55.038+0000] {dagbag.py:587} INFO - Filling up the DagBag from /home/airflow/.local/lib/python3.12/site-packages/airflow/example_dags/example_bash_decorator.py
[2024-10-03T22:10:55.056+0000] {processor.py:925} INFO - DAG(s) 'example_bash_decorator' retrieved from /home/airflow/.local/lib/python3.12/site-packages/airflow/example_dags/example_bash_decorator.py
[2024-10-03T22:10:55.090+0000] {logging_mixin.py:190} INFO - [2024-10-03T22:10:55.089+0000] {dag.py:3229} INFO - Sync 1 DAGs
[2024-10-03T22:10:55.110+0000] {logging_mixin.py:190} INFO - [2024-10-03T22:10:55.110+0000] {dag.py:4156} INFO - Setting next_dagrun for example_bash_decorator to None, run_after=None
[2024-10-03T22:10:55.145+0000] {processor.py:208} INFO - Processing /home/airflow/.local/lib/python3.12/site-packages/airflow/example_dags/example_bash_decorator.py took 0.118 seconds
[2024-10-03T22:11:25.645+0000] {processor.py:186} INFO - Started process (PID=795) to work on /home/airflow/.local/lib/python3.12/site-packages/airflow/example_dags/example_bash_decorator.py
[2024-10-03T22:11:25.646+0000] {processor.py:914} INFO - Processing file /home/airflow/.local/lib/python3.12/site-packages/airflow/example_dags/example_bash_decorator.py for tasks to queue
[2024-10-03T22:11:25.649+0000] {logging_mixin.py:190} INFO - [2024-10-03T22:11:25.649+0000] {dagbag.py:587} INFO - Filling up the DagBag from /home/airflow/.local/lib/python3.12/site-packages/airflow/example_dags/example_bash_decorator.py
[2024-10-03T22:11:25.669+0000] {processor.py:925} INFO - DAG(s) 'example_bash_decorator' retrieved from /home/airflow/.local/lib/python3.12/site-packages/airflow/example_dags/example_bash_decorator.py
[2024-10-03T22:11:25.697+0000] {logging_mixin.py:190} INFO - [2024-10-03T22:11:25.697+0000] {dag.py:3229} INFO - Sync 1 DAGs
[2024-10-03T22:11:25.718+0000] {logging_mixin.py:190} INFO - [2024-10-03T22:11:25.718+0000] {dag.py:4156} INFO - Setting next_dagrun for example_bash_decorator to None, run_after=None
[2024-10-03T22:11:25.749+0000] {processor.py:208} INFO - Processing /home/airflow/.local/lib/python3.12/site-packages/airflow/example_dags/example_bash_decorator.py took 0.111 seconds
[2024-10-03T22:11:56.180+0000] {processor.py:186} INFO - Started process (PID=858) to work on /home/airflow/.local/lib/python3.12/site-packages/airflow/example_dags/example_bash_decorator.py
[2024-10-03T22:11:56.182+0000] {processor.py:914} INFO - Processing file /home/airflow/.local/lib/python3.12/site-packages/airflow/example_dags/example_bash_decorator.py for tasks to queue
[2024-10-03T22:11:56.185+0000] {logging_mixin.py:190} INFO - [2024-10-03T22:11:56.185+0000] {dagbag.py:587} INFO - Filling up the DagBag from /home/airflow/.local/lib/python3.12/site-packages/airflow/example_dags/example_bash_decorator.py
[2024-10-03T22:11:56.208+0000] {processor.py:925} INFO - DAG(s) 'example_bash_decorator' retrieved from /home/airflow/.local/lib/python3.12/site-packages/airflow/example_dags/example_bash_decorator.py
[2024-10-03T22:11:56.239+0000] {logging_mixin.py:190} INFO - [2024-10-03T22:11:56.239+0000] {dag.py:3229} INFO - Sync 1 DAGs
[2024-10-03T22:11:56.267+0000] {logging_mixin.py:190} INFO - [2024-10-03T22:11:56.267+0000] {dag.py:4156} INFO - Setting next_dagrun for example_bash_decorator to None, run_after=None
[2024-10-03T22:11:56.293+0000] {processor.py:208} INFO - Processing /home/airflow/.local/lib/python3.12/site-packages/airflow/example_dags/example_bash_decorator.py took 0.122 seconds
[2024-10-03T22:12:26.914+0000] {processor.py:186} INFO - Started process (PID=921) to work on /home/airflow/.local/lib/python3.12/site-packages/airflow/example_dags/example_bash_decorator.py
[2024-10-03T22:12:26.915+0000] {processor.py:914} INFO - Processing file /home/airflow/.local/lib/python3.12/site-packages/airflow/example_dags/example_bash_decorator.py for tasks to queue
[2024-10-03T22:12:26.919+0000] {logging_mixin.py:190} INFO - [2024-10-03T22:12:26.918+0000] {dagbag.py:587} INFO - Filling up the DagBag from /home/airflow/.local/lib/python3.12/site-packages/airflow/example_dags/example_bash_decorator.py
[2024-10-03T22:12:26.943+0000] {processor.py:925} INFO - DAG(s) 'example_bash_decorator' retrieved from /home/airflow/.local/lib/python3.12/site-packages/airflow/example_dags/example_bash_decorator.py
[2024-10-03T22:12:26.993+0000] {logging_mixin.py:190} INFO - [2024-10-03T22:12:26.992+0000] {dag.py:3229} INFO - Sync 1 DAGs
[2024-10-03T22:12:27.029+0000] {logging_mixin.py:190} INFO - [2024-10-03T22:12:27.029+0000] {dag.py:4156} INFO - Setting next_dagrun for example_bash_decorator to None, run_after=None
[2024-10-03T22:12:27.057+0000] {processor.py:208} INFO - Processing /home/airflow/.local/lib/python3.12/site-packages/airflow/example_dags/example_bash_decorator.py took 0.151 seconds
[2024-10-03T22:12:57.419+0000] {processor.py:186} INFO - Started process (PID=984) to work on /home/airflow/.local/lib/python3.12/site-packages/airflow/example_dags/example_bash_decorator.py
[2024-10-03T22:12:57.421+0000] {processor.py:914} INFO - Processing file /home/airflow/.local/lib/python3.12/site-packages/airflow/example_dags/example_bash_decorator.py for tasks to queue
[2024-10-03T22:12:57.424+0000] {logging_mixin.py:190} INFO - [2024-10-03T22:12:57.423+0000] {dagbag.py:587} INFO - Filling up the DagBag from /home/airflow/.local/lib/python3.12/site-packages/airflow/example_dags/example_bash_decorator.py
[2024-10-03T22:12:57.447+0000] {processor.py:925} INFO - DAG(s) 'example_bash_decorator' retrieved from /home/airflow/.local/lib/python3.12/site-packages/airflow/example_dags/example_bash_decorator.py
[2024-10-03T22:12:57.484+0000] {logging_mixin.py:190} INFO - [2024-10-03T22:12:57.483+0000] {dag.py:3229} INFO - Sync 1 DAGs
[2024-10-03T22:12:57.506+0000] {logging_mixin.py:190} INFO - [2024-10-03T22:12:57.506+0000] {dag.py:4156} INFO - Setting next_dagrun for example_bash_decorator to None, run_after=None
[2024-10-03T22:12:57.543+0000] {processor.py:208} INFO - Processing /home/airflow/.local/lib/python3.12/site-packages/airflow/example_dags/example_bash_decorator.py took 0.131 seconds
[2024-10-03T22:13:28.246+0000] {processor.py:186} INFO - Started process (PID=1048) to work on /home/airflow/.local/lib/python3.12/site-packages/airflow/example_dags/example_bash_decorator.py
[2024-10-03T22:13:28.247+0000] {processor.py:914} INFO - Processing file /home/airflow/.local/lib/python3.12/site-packages/airflow/example_dags/example_bash_decorator.py for tasks to queue
[2024-10-03T22:13:28.250+0000] {logging_mixin.py:190} INFO - [2024-10-03T22:13:28.250+0000] {dagbag.py:587} INFO - Filling up the DagBag from /home/airflow/.local/lib/python3.12/site-packages/airflow/example_dags/example_bash_decorator.py
[2024-10-03T22:13:28.269+0000] {processor.py:925} INFO - DAG(s) 'example_bash_decorator' retrieved from /home/airflow/.local/lib/python3.12/site-packages/airflow/example_dags/example_bash_decorator.py
[2024-10-03T22:13:28.301+0000] {logging_mixin.py:190} INFO - [2024-10-03T22:13:28.301+0000] {dag.py:3229} INFO - Sync 1 DAGs
[2024-10-03T22:13:28.324+0000] {logging_mixin.py:190} INFO - [2024-10-03T22:13:28.323+0000] {dag.py:4156} INFO - Setting next_dagrun for example_bash_decorator to None, run_after=None
[2024-10-03T22:13:28.356+0000] {processor.py:208} INFO - Processing /home/airflow/.local/lib/python3.12/site-packages/airflow/example_dags/example_bash_decorator.py took 0.117 seconds
[2024-10-03T22:13:58.859+0000] {processor.py:186} INFO - Started process (PID=1112) to work on /home/airflow/.local/lib/python3.12/site-packages/airflow/example_dags/example_bash_decorator.py
[2024-10-03T22:13:58.861+0000] {processor.py:914} INFO - Processing file /home/airflow/.local/lib/python3.12/site-packages/airflow/example_dags/example_bash_decorator.py for tasks to queue
[2024-10-03T22:13:58.864+0000] {logging_mixin.py:190} INFO - [2024-10-03T22:13:58.863+0000] {dagbag.py:587} INFO - Filling up the DagBag from /home/airflow/.local/lib/python3.12/site-packages/airflow/example_dags/example_bash_decorator.py
[2024-10-03T22:13:58.883+0000] {processor.py:925} INFO - DAG(s) 'example_bash_decorator' retrieved from /home/airflow/.local/lib/python3.12/site-packages/airflow/example_dags/example_bash_decorator.py
[2024-10-03T22:13:58.920+0000] {logging_mixin.py:190} INFO - [2024-10-03T22:13:58.920+0000] {dag.py:3229} INFO - Sync 1 DAGs
[2024-10-03T22:13:58.942+0000] {logging_mixin.py:190} INFO - [2024-10-03T22:13:58.942+0000] {dag.py:4156} INFO - Setting next_dagrun for example_bash_decorator to None, run_after=None
[2024-10-03T22:13:58.975+0000] {processor.py:208} INFO - Processing /home/airflow/.local/lib/python3.12/site-packages/airflow/example_dags/example_bash_decorator.py took 0.123 seconds
[2024-10-03T22:14:29.533+0000] {processor.py:186} INFO - Started process (PID=1175) to work on /home/airflow/.local/lib/python3.12/site-packages/airflow/example_dags/example_bash_decorator.py
[2024-10-03T22:14:29.535+0000] {processor.py:914} INFO - Processing file /home/airflow/.local/lib/python3.12/site-packages/airflow/example_dags/example_bash_decorator.py for tasks to queue
[2024-10-03T22:14:29.539+0000] {logging_mixin.py:190} INFO - [2024-10-03T22:14:29.538+0000] {dagbag.py:587} INFO - Filling up the DagBag from /home/airflow/.local/lib/python3.12/site-packages/airflow/example_dags/example_bash_decorator.py
[2024-10-03T22:14:29.558+0000] {processor.py:925} INFO - DAG(s) 'example_bash_decorator' retrieved from /home/airflow/.local/lib/python3.12/site-packages/airflow/example_dags/example_bash_decorator.py
[2024-10-03T22:14:29.592+0000] {logging_mixin.py:190} INFO - [2024-10-03T22:14:29.592+0000] {dag.py:3229} INFO - Sync 1 DAGs
[2024-10-03T22:14:29.613+0000] {logging_mixin.py:190} INFO - [2024-10-03T22:14:29.613+0000] {dag.py:4156} INFO - Setting next_dagrun for example_bash_decorator to None, run_after=None
[2024-10-03T22:14:29.638+0000] {processor.py:208} INFO - Processing /home/airflow/.local/lib/python3.12/site-packages/airflow/example_dags/example_bash_decorator.py took 0.112 seconds
[2024-10-03T22:14:59.683+0000] {processor.py:186} INFO - Started process (PID=1237) to work on /home/airflow/.local/lib/python3.12/site-packages/airflow/example_dags/example_bash_decorator.py
[2024-10-03T22:14:59.684+0000] {processor.py:914} INFO - Processing file /home/airflow/.local/lib/python3.12/site-packages/airflow/example_dags/example_bash_decorator.py for tasks to queue
[2024-10-03T22:14:59.687+0000] {logging_mixin.py:190} INFO - [2024-10-03T22:14:59.687+0000] {dagbag.py:587} INFO - Filling up the DagBag from /home/airflow/.local/lib/python3.12/site-packages/airflow/example_dags/example_bash_decorator.py
[2024-10-03T22:14:59.704+0000] {processor.py:925} INFO - DAG(s) 'example_bash_decorator' retrieved from /home/airflow/.local/lib/python3.12/site-packages/airflow/example_dags/example_bash_decorator.py
[2024-10-03T22:14:59.736+0000] {logging_mixin.py:190} INFO - [2024-10-03T22:14:59.736+0000] {dag.py:3229} INFO - Sync 1 DAGs
[2024-10-03T22:14:59.753+0000] {logging_mixin.py:190} INFO - [2024-10-03T22:14:59.753+0000] {dag.py:4156} INFO - Setting next_dagrun for example_bash_decorator to None, run_after=None
[2024-10-03T22:14:59.775+0000] {processor.py:208} INFO - Processing /home/airflow/.local/lib/python3.12/site-packages/airflow/example_dags/example_bash_decorator.py took 0.099 seconds
[2024-10-03T22:15:29.943+0000] {processor.py:186} INFO - Started process (PID=1300) to work on /home/airflow/.local/lib/python3.12/site-packages/airflow/example_dags/example_bash_decorator.py
[2024-10-03T22:15:29.944+0000] {processor.py:914} INFO - Processing file /home/airflow/.local/lib/python3.12/site-packages/airflow/example_dags/example_bash_decorator.py for tasks to queue
[2024-10-03T22:15:29.948+0000] {logging_mixin.py:190} INFO - [2024-10-03T22:15:29.947+0000] {dagbag.py:587} INFO - Filling up the DagBag from /home/airflow/.local/lib/python3.12/site-packages/airflow/example_dags/example_bash_decorator.py
[2024-10-03T22:15:29.971+0000] {processor.py:925} INFO - DAG(s) 'example_bash_decorator' retrieved from /home/airflow/.local/lib/python3.12/site-packages/airflow/example_dags/example_bash_decorator.py
[2024-10-03T22:15:30.001+0000] {logging_mixin.py:190} INFO - [2024-10-03T22:15:30.001+0000] {dag.py:3229} INFO - Sync 1 DAGs
[2024-10-03T22:15:30.021+0000] {logging_mixin.py:190} INFO - [2024-10-03T22:15:30.020+0000] {dag.py:4156} INFO - Setting next_dagrun for example_bash_decorator to None, run_after=None
[2024-10-03T22:15:30.056+0000] {processor.py:208} INFO - Processing /home/airflow/.local/lib/python3.12/site-packages/airflow/example_dags/example_bash_decorator.py took 0.120 seconds
[2024-10-03T22:16:00.606+0000] {processor.py:186} INFO - Started process (PID=1363) to work on /home/airflow/.local/lib/python3.12/site-packages/airflow/example_dags/example_bash_decorator.py
[2024-10-03T22:16:00.607+0000] {processor.py:914} INFO - Processing file /home/airflow/.local/lib/python3.12/site-packages/airflow/example_dags/example_bash_decorator.py for tasks to queue
[2024-10-03T22:16:00.609+0000] {logging_mixin.py:190} INFO - [2024-10-03T22:16:00.609+0000] {dagbag.py:587} INFO - Filling up the DagBag from /home/airflow/.local/lib/python3.12/site-packages/airflow/example_dags/example_bash_decorator.py
[2024-10-03T22:16:00.628+0000] {processor.py:925} INFO - DAG(s) 'example_bash_decorator' retrieved from /home/airflow/.local/lib/python3.12/site-packages/airflow/example_dags/example_bash_decorator.py
[2024-10-03T22:16:00.659+0000] {logging_mixin.py:190} INFO - [2024-10-03T22:16:00.659+0000] {dag.py:3229} INFO - Sync 1 DAGs
[2024-10-03T22:16:00.681+0000] {logging_mixin.py:190} INFO - [2024-10-03T22:16:00.680+0000] {dag.py:4156} INFO - Setting next_dagrun for example_bash_decorator to None, run_after=None
[2024-10-03T22:16:00.713+0000] {processor.py:208} INFO - Processing /home/airflow/.local/lib/python3.12/site-packages/airflow/example_dags/example_bash_decorator.py took 0.114 seconds
[2024-10-03T22:16:30.975+0000] {processor.py:186} INFO - Started process (PID=1426) to work on /home/airflow/.local/lib/python3.12/site-packages/airflow/example_dags/example_bash_decorator.py
[2024-10-03T22:16:30.976+0000] {processor.py:914} INFO - Processing file /home/airflow/.local/lib/python3.12/site-packages/airflow/example_dags/example_bash_decorator.py for tasks to queue
[2024-10-03T22:16:30.991+0000] {logging_mixin.py:190} INFO - [2024-10-03T22:16:30.991+0000] {dagbag.py:587} INFO - Filling up the DagBag from /home/airflow/.local/lib/python3.12/site-packages/airflow/example_dags/example_bash_decorator.py
[2024-10-03T22:16:31.067+0000] {processor.py:925} INFO - DAG(s) 'example_bash_decorator' retrieved from /home/airflow/.local/lib/python3.12/site-packages/airflow/example_dags/example_bash_decorator.py
[2024-10-03T22:16:31.288+0000] {logging_mixin.py:190} INFO - [2024-10-03T22:16:31.288+0000] {dag.py:3229} INFO - Sync 1 DAGs
[2024-10-03T22:16:31.404+0000] {logging_mixin.py:190} INFO - [2024-10-03T22:16:31.404+0000] {dag.py:4156} INFO - Setting next_dagrun for example_bash_decorator to None, run_after=None
[2024-10-03T22:16:31.509+0000] {processor.py:208} INFO - Processing /home/airflow/.local/lib/python3.12/site-packages/airflow/example_dags/example_bash_decorator.py took 0.600 seconds
[2024-10-03T22:17:02.132+0000] {processor.py:186} INFO - Started process (PID=1489) to work on /home/airflow/.local/lib/python3.12/site-packages/airflow/example_dags/example_bash_decorator.py
[2024-10-03T22:17:02.134+0000] {processor.py:914} INFO - Processing file /home/airflow/.local/lib/python3.12/site-packages/airflow/example_dags/example_bash_decorator.py for tasks to queue
[2024-10-03T22:17:02.147+0000] {logging_mixin.py:190} INFO - [2024-10-03T22:17:02.146+0000] {dagbag.py:587} INFO - Filling up the DagBag from /home/airflow/.local/lib/python3.12/site-packages/airflow/example_dags/example_bash_decorator.py
[2024-10-03T22:17:02.226+0000] {processor.py:925} INFO - DAG(s) 'example_bash_decorator' retrieved from /home/airflow/.local/lib/python3.12/site-packages/airflow/example_dags/example_bash_decorator.py
[2024-10-03T22:17:02.331+0000] {logging_mixin.py:190} INFO - [2024-10-03T22:17:02.330+0000] {dag.py:3229} INFO - Sync 1 DAGs
[2024-10-03T22:17:02.412+0000] {logging_mixin.py:190} INFO - [2024-10-03T22:17:02.412+0000] {dag.py:4156} INFO - Setting next_dagrun for example_bash_decorator to None, run_after=None
[2024-10-03T22:17:02.485+0000] {processor.py:208} INFO - Processing /home/airflow/.local/lib/python3.12/site-packages/airflow/example_dags/example_bash_decorator.py took 0.373 seconds
[2024-10-03T22:17:33.132+0000] {processor.py:186} INFO - Started process (PID=1552) to work on /home/airflow/.local/lib/python3.12/site-packages/airflow/example_dags/example_bash_decorator.py
[2024-10-03T22:17:33.134+0000] {processor.py:914} INFO - Processing file /home/airflow/.local/lib/python3.12/site-packages/airflow/example_dags/example_bash_decorator.py for tasks to queue
[2024-10-03T22:17:33.141+0000] {logging_mixin.py:190} INFO - [2024-10-03T22:17:33.140+0000] {dagbag.py:587} INFO - Filling up the DagBag from /home/airflow/.local/lib/python3.12/site-packages/airflow/example_dags/example_bash_decorator.py
[2024-10-03T22:17:33.191+0000] {processor.py:925} INFO - DAG(s) 'example_bash_decorator' retrieved from /home/airflow/.local/lib/python3.12/site-packages/airflow/example_dags/example_bash_decorator.py
[2024-10-03T22:17:33.280+0000] {logging_mixin.py:190} INFO - [2024-10-03T22:17:33.279+0000] {dag.py:3229} INFO - Sync 1 DAGs
[2024-10-03T22:17:33.320+0000] {logging_mixin.py:190} INFO - [2024-10-03T22:17:33.319+0000] {dag.py:4156} INFO - Setting next_dagrun for example_bash_decorator to None, run_after=None
[2024-10-03T22:17:33.375+0000] {processor.py:208} INFO - Processing /home/airflow/.local/lib/python3.12/site-packages/airflow/example_dags/example_bash_decorator.py took 0.268 seconds
[2024-10-03T22:18:03.552+0000] {processor.py:186} INFO - Started process (PID=1615) to work on /home/airflow/.local/lib/python3.12/site-packages/airflow/example_dags/example_bash_decorator.py
[2024-10-03T22:18:03.553+0000] {processor.py:914} INFO - Processing file /home/airflow/.local/lib/python3.12/site-packages/airflow/example_dags/example_bash_decorator.py for tasks to queue
[2024-10-03T22:18:03.556+0000] {logging_mixin.py:190} INFO - [2024-10-03T22:18:03.556+0000] {dagbag.py:587} INFO - Filling up the DagBag from /home/airflow/.local/lib/python3.12/site-packages/airflow/example_dags/example_bash_decorator.py
[2024-10-03T22:18:03.578+0000] {processor.py:925} INFO - DAG(s) 'example_bash_decorator' retrieved from /home/airflow/.local/lib/python3.12/site-packages/airflow/example_dags/example_bash_decorator.py
[2024-10-03T22:18:03.616+0000] {logging_mixin.py:190} INFO - [2024-10-03T22:18:03.615+0000] {dag.py:3229} INFO - Sync 1 DAGs
[2024-10-03T22:18:03.636+0000] {logging_mixin.py:190} INFO - [2024-10-03T22:18:03.636+0000] {dag.py:4156} INFO - Setting next_dagrun for example_bash_decorator to None, run_after=None
[2024-10-03T22:18:03.663+0000] {processor.py:208} INFO - Processing /home/airflow/.local/lib/python3.12/site-packages/airflow/example_dags/example_bash_decorator.py took 0.118 seconds
[2024-10-03T22:18:33.747+0000] {processor.py:186} INFO - Started process (PID=1678) to work on /home/airflow/.local/lib/python3.12/site-packages/airflow/example_dags/example_bash_decorator.py
[2024-10-03T22:18:33.748+0000] {processor.py:914} INFO - Processing file /home/airflow/.local/lib/python3.12/site-packages/airflow/example_dags/example_bash_decorator.py for tasks to queue
[2024-10-03T22:18:33.752+0000] {logging_mixin.py:190} INFO - [2024-10-03T22:18:33.751+0000] {dagbag.py:587} INFO - Filling up the DagBag from /home/airflow/.local/lib/python3.12/site-packages/airflow/example_dags/example_bash_decorator.py
[2024-10-03T22:18:33.778+0000] {processor.py:925} INFO - DAG(s) 'example_bash_decorator' retrieved from /home/airflow/.local/lib/python3.12/site-packages/airflow/example_dags/example_bash_decorator.py
[2024-10-03T22:18:33.808+0000] {logging_mixin.py:190} INFO - [2024-10-03T22:18:33.807+0000] {dag.py:3229} INFO - Sync 1 DAGs
[2024-10-03T22:18:33.828+0000] {logging_mixin.py:190} INFO - [2024-10-03T22:18:33.828+0000] {dag.py:4156} INFO - Setting next_dagrun for example_bash_decorator to None, run_after=None
[2024-10-03T22:18:33.850+0000] {processor.py:208} INFO - Processing /home/airflow/.local/lib/python3.12/site-packages/airflow/example_dags/example_bash_decorator.py took 0.111 seconds
[2024-10-03T22:19:04.112+0000] {processor.py:186} INFO - Started process (PID=1741) to work on /home/airflow/.local/lib/python3.12/site-packages/airflow/example_dags/example_bash_decorator.py
[2024-10-03T22:19:04.113+0000] {processor.py:914} INFO - Processing file /home/airflow/.local/lib/python3.12/site-packages/airflow/example_dags/example_bash_decorator.py for tasks to queue
[2024-10-03T22:19:04.116+0000] {logging_mixin.py:190} INFO - [2024-10-03T22:19:04.115+0000] {dagbag.py:587} INFO - Filling up the DagBag from /home/airflow/.local/lib/python3.12/site-packages/airflow/example_dags/example_bash_decorator.py
[2024-10-03T22:19:04.136+0000] {processor.py:925} INFO - DAG(s) 'example_bash_decorator' retrieved from /home/airflow/.local/lib/python3.12/site-packages/airflow/example_dags/example_bash_decorator.py
[2024-10-03T22:19:04.168+0000] {logging_mixin.py:190} INFO - [2024-10-03T22:19:04.168+0000] {dag.py:3229} INFO - Sync 1 DAGs
[2024-10-03T22:19:04.190+0000] {logging_mixin.py:190} INFO - [2024-10-03T22:19:04.190+0000] {dag.py:4156} INFO - Setting next_dagrun for example_bash_decorator to None, run_after=None
[2024-10-03T22:19:04.219+0000] {processor.py:208} INFO - Processing /home/airflow/.local/lib/python3.12/site-packages/airflow/example_dags/example_bash_decorator.py took 0.116 seconds
[2024-10-03T22:19:34.412+0000] {processor.py:186} INFO - Started process (PID=1804) to work on /home/airflow/.local/lib/python3.12/site-packages/airflow/example_dags/example_bash_decorator.py
[2024-10-03T22:19:34.413+0000] {processor.py:914} INFO - Processing file /home/airflow/.local/lib/python3.12/site-packages/airflow/example_dags/example_bash_decorator.py for tasks to queue
[2024-10-03T22:19:34.416+0000] {logging_mixin.py:190} INFO - [2024-10-03T22:19:34.416+0000] {dagbag.py:587} INFO - Filling up the DagBag from /home/airflow/.local/lib/python3.12/site-packages/airflow/example_dags/example_bash_decorator.py
[2024-10-03T22:19:34.442+0000] {processor.py:925} INFO - DAG(s) 'example_bash_decorator' retrieved from /home/airflow/.local/lib/python3.12/site-packages/airflow/example_dags/example_bash_decorator.py
[2024-10-03T22:19:34.480+0000] {logging_mixin.py:190} INFO - [2024-10-03T22:19:34.480+0000] {dag.py:3229} INFO - Sync 1 DAGs
[2024-10-03T22:19:34.508+0000] {logging_mixin.py:190} INFO - [2024-10-03T22:19:34.508+0000] {dag.py:4156} INFO - Setting next_dagrun for example_bash_decorator to None, run_after=None
[2024-10-03T22:19:34.537+0000] {processor.py:208} INFO - Processing /home/airflow/.local/lib/python3.12/site-packages/airflow/example_dags/example_bash_decorator.py took 0.134 seconds
[2024-10-03T22:20:04.853+0000] {processor.py:186} INFO - Started process (PID=1867) to work on /home/airflow/.local/lib/python3.12/site-packages/airflow/example_dags/example_bash_decorator.py
[2024-10-03T22:20:04.857+0000] {processor.py:914} INFO - Processing file /home/airflow/.local/lib/python3.12/site-packages/airflow/example_dags/example_bash_decorator.py for tasks to queue
[2024-10-03T22:20:04.861+0000] {logging_mixin.py:190} INFO - [2024-10-03T22:20:04.860+0000] {dagbag.py:587} INFO - Filling up the DagBag from /home/airflow/.local/lib/python3.12/site-packages/airflow/example_dags/example_bash_decorator.py
[2024-10-03T22:20:04.891+0000] {processor.py:925} INFO - DAG(s) 'example_bash_decorator' retrieved from /home/airflow/.local/lib/python3.12/site-packages/airflow/example_dags/example_bash_decorator.py
[2024-10-03T22:20:04.935+0000] {logging_mixin.py:190} INFO - [2024-10-03T22:20:04.935+0000] {dag.py:3229} INFO - Sync 1 DAGs
[2024-10-03T22:20:04.954+0000] {logging_mixin.py:190} INFO - [2024-10-03T22:20:04.954+0000] {dag.py:4156} INFO - Setting next_dagrun for example_bash_decorator to None, run_after=None
[2024-10-03T22:20:04.979+0000] {processor.py:208} INFO - Processing /home/airflow/.local/lib/python3.12/site-packages/airflow/example_dags/example_bash_decorator.py took 0.140 seconds
[2024-10-03T22:20:35.282+0000] {processor.py:186} INFO - Started process (PID=1930) to work on /home/airflow/.local/lib/python3.12/site-packages/airflow/example_dags/example_bash_decorator.py
[2024-10-03T22:20:35.283+0000] {processor.py:914} INFO - Processing file /home/airflow/.local/lib/python3.12/site-packages/airflow/example_dags/example_bash_decorator.py for tasks to queue
[2024-10-03T22:20:35.287+0000] {logging_mixin.py:190} INFO - [2024-10-03T22:20:35.286+0000] {dagbag.py:587} INFO - Filling up the DagBag from /home/airflow/.local/lib/python3.12/site-packages/airflow/example_dags/example_bash_decorator.py
[2024-10-03T22:20:35.310+0000] {processor.py:925} INFO - DAG(s) 'example_bash_decorator' retrieved from /home/airflow/.local/lib/python3.12/site-packages/airflow/example_dags/example_bash_decorator.py
[2024-10-03T22:20:35.351+0000] {logging_mixin.py:190} INFO - [2024-10-03T22:20:35.350+0000] {dag.py:3229} INFO - Sync 1 DAGs
[2024-10-03T22:20:35.375+0000] {logging_mixin.py:190} INFO - [2024-10-03T22:20:35.375+0000] {dag.py:4156} INFO - Setting next_dagrun for example_bash_decorator to None, run_after=None
[2024-10-03T22:20:35.400+0000] {processor.py:208} INFO - Processing /home/airflow/.local/lib/python3.12/site-packages/airflow/example_dags/example_bash_decorator.py took 0.126 seconds
[2024-10-03T22:21:05.619+0000] {processor.py:186} INFO - Started process (PID=1993) to work on /home/airflow/.local/lib/python3.12/site-packages/airflow/example_dags/example_bash_decorator.py
[2024-10-03T22:21:05.620+0000] {processor.py:914} INFO - Processing file /home/airflow/.local/lib/python3.12/site-packages/airflow/example_dags/example_bash_decorator.py for tasks to queue
[2024-10-03T22:21:05.623+0000] {logging_mixin.py:190} INFO - [2024-10-03T22:21:05.623+0000] {dagbag.py:587} INFO - Filling up the DagBag from /home/airflow/.local/lib/python3.12/site-packages/airflow/example_dags/example_bash_decorator.py
[2024-10-03T22:21:05.646+0000] {processor.py:925} INFO - DAG(s) 'example_bash_decorator' retrieved from /home/airflow/.local/lib/python3.12/site-packages/airflow/example_dags/example_bash_decorator.py
[2024-10-03T22:21:05.676+0000] {logging_mixin.py:190} INFO - [2024-10-03T22:21:05.676+0000] {dag.py:3229} INFO - Sync 1 DAGs
[2024-10-03T22:21:05.696+0000] {logging_mixin.py:190} INFO - [2024-10-03T22:21:05.696+0000] {dag.py:4156} INFO - Setting next_dagrun for example_bash_decorator to None, run_after=None
[2024-10-03T22:21:05.725+0000] {processor.py:208} INFO - Processing /home/airflow/.local/lib/python3.12/site-packages/airflow/example_dags/example_bash_decorator.py took 0.114 seconds
[2024-10-03T22:21:35.799+0000] {processor.py:186} INFO - Started process (PID=2055) to work on /home/airflow/.local/lib/python3.12/site-packages/airflow/example_dags/example_bash_decorator.py
[2024-10-03T22:21:35.800+0000] {processor.py:914} INFO - Processing file /home/airflow/.local/lib/python3.12/site-packages/airflow/example_dags/example_bash_decorator.py for tasks to queue
[2024-10-03T22:21:35.803+0000] {logging_mixin.py:190} INFO - [2024-10-03T22:21:35.802+0000] {dagbag.py:587} INFO - Filling up the DagBag from /home/airflow/.local/lib/python3.12/site-packages/airflow/example_dags/example_bash_decorator.py
[2024-10-03T22:21:35.819+0000] {processor.py:925} INFO - DAG(s) 'example_bash_decorator' retrieved from /home/airflow/.local/lib/python3.12/site-packages/airflow/example_dags/example_bash_decorator.py
[2024-10-03T22:21:35.847+0000] {logging_mixin.py:190} INFO - [2024-10-03T22:21:35.846+0000] {dag.py:3229} INFO - Sync 1 DAGs
[2024-10-03T22:21:35.868+0000] {logging_mixin.py:190} INFO - [2024-10-03T22:21:35.867+0000] {dag.py:4156} INFO - Setting next_dagrun for example_bash_decorator to None, run_after=None
[2024-10-03T22:21:35.912+0000] {processor.py:208} INFO - Processing /home/airflow/.local/lib/python3.12/site-packages/airflow/example_dags/example_bash_decorator.py took 0.121 seconds
[2024-10-03T22:22:05.950+0000] {processor.py:186} INFO - Started process (PID=2118) to work on /home/airflow/.local/lib/python3.12/site-packages/airflow/example_dags/example_bash_decorator.py
[2024-10-03T22:22:05.951+0000] {processor.py:914} INFO - Processing file /home/airflow/.local/lib/python3.12/site-packages/airflow/example_dags/example_bash_decorator.py for tasks to queue
[2024-10-03T22:22:05.955+0000] {logging_mixin.py:190} INFO - [2024-10-03T22:22:05.954+0000] {dagbag.py:587} INFO - Filling up the DagBag from /home/airflow/.local/lib/python3.12/site-packages/airflow/example_dags/example_bash_decorator.py
[2024-10-03T22:22:05.990+0000] {processor.py:925} INFO - DAG(s) 'example_bash_decorator' retrieved from /home/airflow/.local/lib/python3.12/site-packages/airflow/example_dags/example_bash_decorator.py
[2024-10-03T22:22:06.036+0000] {logging_mixin.py:190} INFO - [2024-10-03T22:22:06.036+0000] {dag.py:3229} INFO - Sync 1 DAGs
[2024-10-03T22:22:06.053+0000] {logging_mixin.py:190} INFO - [2024-10-03T22:22:06.053+0000] {dag.py:4156} INFO - Setting next_dagrun for example_bash_decorator to None, run_after=None
[2024-10-03T22:22:06.081+0000] {processor.py:208} INFO - Processing /home/airflow/.local/lib/python3.12/site-packages/airflow/example_dags/example_bash_decorator.py took 0.138 seconds
[2024-10-03T22:22:36.278+0000] {processor.py:186} INFO - Started process (PID=2181) to work on /home/airflow/.local/lib/python3.12/site-packages/airflow/example_dags/example_bash_decorator.py
[2024-10-03T22:22:36.279+0000] {processor.py:914} INFO - Processing file /home/airflow/.local/lib/python3.12/site-packages/airflow/example_dags/example_bash_decorator.py for tasks to queue
[2024-10-03T22:22:36.282+0000] {logging_mixin.py:190} INFO - [2024-10-03T22:22:36.282+0000] {dagbag.py:587} INFO - Filling up the DagBag from /home/airflow/.local/lib/python3.12/site-packages/airflow/example_dags/example_bash_decorator.py
[2024-10-03T22:22:36.305+0000] {processor.py:925} INFO - DAG(s) 'example_bash_decorator' retrieved from /home/airflow/.local/lib/python3.12/site-packages/airflow/example_dags/example_bash_decorator.py
[2024-10-03T22:22:36.341+0000] {logging_mixin.py:190} INFO - [2024-10-03T22:22:36.340+0000] {dag.py:3229} INFO - Sync 1 DAGs
[2024-10-03T22:22:36.362+0000] {logging_mixin.py:190} INFO - [2024-10-03T22:22:36.361+0000] {dag.py:4156} INFO - Setting next_dagrun for example_bash_decorator to None, run_after=None
[2024-10-03T22:22:36.402+0000] {processor.py:208} INFO - Processing /home/airflow/.local/lib/python3.12/site-packages/airflow/example_dags/example_bash_decorator.py took 0.133 seconds
[2024-10-03T22:23:06.877+0000] {processor.py:186} INFO - Started process (PID=2243) to work on /home/airflow/.local/lib/python3.12/site-packages/airflow/example_dags/example_bash_decorator.py
[2024-10-03T22:23:06.878+0000] {processor.py:914} INFO - Processing file /home/airflow/.local/lib/python3.12/site-packages/airflow/example_dags/example_bash_decorator.py for tasks to queue
[2024-10-03T22:23:06.881+0000] {logging_mixin.py:190} INFO - [2024-10-03T22:23:06.881+0000] {dagbag.py:587} INFO - Filling up the DagBag from /home/airflow/.local/lib/python3.12/site-packages/airflow/example_dags/example_bash_decorator.py
[2024-10-03T22:23:06.901+0000] {processor.py:925} INFO - DAG(s) 'example_bash_decorator' retrieved from /home/airflow/.local/lib/python3.12/site-packages/airflow/example_dags/example_bash_decorator.py
[2024-10-03T22:23:06.939+0000] {logging_mixin.py:190} INFO - [2024-10-03T22:23:06.938+0000] {dag.py:3229} INFO - Sync 1 DAGs
[2024-10-03T22:23:06.957+0000] {logging_mixin.py:190} INFO - [2024-10-03T22:23:06.956+0000] {dag.py:4156} INFO - Setting next_dagrun for example_bash_decorator to None, run_after=None
[2024-10-03T22:23:06.983+0000] {processor.py:208} INFO - Processing /home/airflow/.local/lib/python3.12/site-packages/airflow/example_dags/example_bash_decorator.py took 0.113 seconds
[2024-10-03T22:23:37.316+0000] {processor.py:186} INFO - Started process (PID=2306) to work on /home/airflow/.local/lib/python3.12/site-packages/airflow/example_dags/example_bash_decorator.py
[2024-10-03T22:23:37.317+0000] {processor.py:914} INFO - Processing file /home/airflow/.local/lib/python3.12/site-packages/airflow/example_dags/example_bash_decorator.py for tasks to queue
[2024-10-03T22:23:37.321+0000] {logging_mixin.py:190} INFO - [2024-10-03T22:23:37.320+0000] {dagbag.py:587} INFO - Filling up the DagBag from /home/airflow/.local/lib/python3.12/site-packages/airflow/example_dags/example_bash_decorator.py
[2024-10-03T22:23:37.350+0000] {processor.py:925} INFO - DAG(s) 'example_bash_decorator' retrieved from /home/airflow/.local/lib/python3.12/site-packages/airflow/example_dags/example_bash_decorator.py
[2024-10-03T22:23:37.405+0000] {logging_mixin.py:190} INFO - [2024-10-03T22:23:37.405+0000] {dag.py:3229} INFO - Sync 1 DAGs
[2024-10-03T22:23:37.435+0000] {logging_mixin.py:190} INFO - [2024-10-03T22:23:37.435+0000] {dag.py:4156} INFO - Setting next_dagrun for example_bash_decorator to None, run_after=None
[2024-10-03T22:23:37.487+0000] {processor.py:208} INFO - Processing /home/airflow/.local/lib/python3.12/site-packages/airflow/example_dags/example_bash_decorator.py took 0.186 seconds
[2024-10-03T22:24:08.541+0000] {processor.py:186} INFO - Started process (PID=2368) to work on /home/airflow/.local/lib/python3.12/site-packages/airflow/example_dags/example_bash_decorator.py
[2024-10-03T22:24:08.543+0000] {processor.py:914} INFO - Processing file /home/airflow/.local/lib/python3.12/site-packages/airflow/example_dags/example_bash_decorator.py for tasks to queue
[2024-10-03T22:24:08.547+0000] {logging_mixin.py:190} INFO - [2024-10-03T22:24:08.546+0000] {dagbag.py:587} INFO - Filling up the DagBag from /home/airflow/.local/lib/python3.12/site-packages/airflow/example_dags/example_bash_decorator.py
[2024-10-03T22:24:08.574+0000] {processor.py:925} INFO - DAG(s) 'example_bash_decorator' retrieved from /home/airflow/.local/lib/python3.12/site-packages/airflow/example_dags/example_bash_decorator.py
[2024-10-03T22:24:08.605+0000] {logging_mixin.py:190} INFO - [2024-10-03T22:24:08.605+0000] {dag.py:3229} INFO - Sync 1 DAGs
[2024-10-03T22:24:08.631+0000] {logging_mixin.py:190} INFO - [2024-10-03T22:24:08.631+0000] {dag.py:4156} INFO - Setting next_dagrun for example_bash_decorator to None, run_after=None
[2024-10-03T22:24:08.670+0000] {processor.py:208} INFO - Processing /home/airflow/.local/lib/python3.12/site-packages/airflow/example_dags/example_bash_decorator.py took 0.139 seconds
[2024-10-03T22:24:38.845+0000] {processor.py:186} INFO - Started process (PID=2430) to work on /home/airflow/.local/lib/python3.12/site-packages/airflow/example_dags/example_bash_decorator.py
[2024-10-03T22:24:38.847+0000] {processor.py:914} INFO - Processing file /home/airflow/.local/lib/python3.12/site-packages/airflow/example_dags/example_bash_decorator.py for tasks to queue
[2024-10-03T22:24:38.850+0000] {logging_mixin.py:190} INFO - [2024-10-03T22:24:38.850+0000] {dagbag.py:587} INFO - Filling up the DagBag from /home/airflow/.local/lib/python3.12/site-packages/airflow/example_dags/example_bash_decorator.py
[2024-10-03T22:24:38.867+0000] {processor.py:925} INFO - DAG(s) 'example_bash_decorator' retrieved from /home/airflow/.local/lib/python3.12/site-packages/airflow/example_dags/example_bash_decorator.py
[2024-10-03T22:24:38.895+0000] {logging_mixin.py:190} INFO - [2024-10-03T22:24:38.895+0000] {dag.py:3229} INFO - Sync 1 DAGs
[2024-10-03T22:24:38.914+0000] {logging_mixin.py:190} INFO - [2024-10-03T22:24:38.914+0000] {dag.py:4156} INFO - Setting next_dagrun for example_bash_decorator to None, run_after=None
[2024-10-03T22:24:38.943+0000] {processor.py:208} INFO - Processing /home/airflow/.local/lib/python3.12/site-packages/airflow/example_dags/example_bash_decorator.py took 0.106 seconds
[2024-10-03T22:25:09.503+0000] {processor.py:186} INFO - Started process (PID=2493) to work on /home/airflow/.local/lib/python3.12/site-packages/airflow/example_dags/example_bash_decorator.py
[2024-10-03T22:25:09.504+0000] {processor.py:914} INFO - Processing file /home/airflow/.local/lib/python3.12/site-packages/airflow/example_dags/example_bash_decorator.py for tasks to queue
[2024-10-03T22:25:09.508+0000] {logging_mixin.py:190} INFO - [2024-10-03T22:25:09.507+0000] {dagbag.py:587} INFO - Filling up the DagBag from /home/airflow/.local/lib/python3.12/site-packages/airflow/example_dags/example_bash_decorator.py
[2024-10-03T22:25:09.538+0000] {processor.py:925} INFO - DAG(s) 'example_bash_decorator' retrieved from /home/airflow/.local/lib/python3.12/site-packages/airflow/example_dags/example_bash_decorator.py
[2024-10-03T22:25:09.581+0000] {logging_mixin.py:190} INFO - [2024-10-03T22:25:09.580+0000] {dag.py:3229} INFO - Sync 1 DAGs
[2024-10-03T22:25:09.617+0000] {logging_mixin.py:190} INFO - [2024-10-03T22:25:09.617+0000] {dag.py:4156} INFO - Setting next_dagrun for example_bash_decorator to None, run_after=None
[2024-10-03T22:25:09.652+0000] {processor.py:208} INFO - Processing /home/airflow/.local/lib/python3.12/site-packages/airflow/example_dags/example_bash_decorator.py took 0.157 seconds
[2024-10-03T22:25:39.713+0000] {processor.py:186} INFO - Started process (PID=2556) to work on /home/airflow/.local/lib/python3.12/site-packages/airflow/example_dags/example_bash_decorator.py
[2024-10-03T22:25:39.715+0000] {processor.py:914} INFO - Processing file /home/airflow/.local/lib/python3.12/site-packages/airflow/example_dags/example_bash_decorator.py for tasks to queue
[2024-10-03T22:25:39.718+0000] {logging_mixin.py:190} INFO - [2024-10-03T22:25:39.717+0000] {dagbag.py:587} INFO - Filling up the DagBag from /home/airflow/.local/lib/python3.12/site-packages/airflow/example_dags/example_bash_decorator.py
[2024-10-03T22:25:39.741+0000] {processor.py:925} INFO - DAG(s) 'example_bash_decorator' retrieved from /home/airflow/.local/lib/python3.12/site-packages/airflow/example_dags/example_bash_decorator.py
[2024-10-03T22:25:39.774+0000] {logging_mixin.py:190} INFO - [2024-10-03T22:25:39.774+0000] {dag.py:3229} INFO - Sync 1 DAGs
[2024-10-03T22:25:39.794+0000] {logging_mixin.py:190} INFO - [2024-10-03T22:25:39.794+0000] {dag.py:4156} INFO - Setting next_dagrun for example_bash_decorator to None, run_after=None
[2024-10-03T22:25:39.826+0000] {processor.py:208} INFO - Processing /home/airflow/.local/lib/python3.12/site-packages/airflow/example_dags/example_bash_decorator.py took 0.122 seconds
[2024-10-03T22:26:10.395+0000] {processor.py:186} INFO - Started process (PID=2619) to work on /home/airflow/.local/lib/python3.12/site-packages/airflow/example_dags/example_bash_decorator.py
[2024-10-03T22:26:10.397+0000] {processor.py:914} INFO - Processing file /home/airflow/.local/lib/python3.12/site-packages/airflow/example_dags/example_bash_decorator.py for tasks to queue
[2024-10-03T22:26:10.400+0000] {logging_mixin.py:190} INFO - [2024-10-03T22:26:10.399+0000] {dagbag.py:587} INFO - Filling up the DagBag from /home/airflow/.local/lib/python3.12/site-packages/airflow/example_dags/example_bash_decorator.py
[2024-10-03T22:26:10.420+0000] {processor.py:925} INFO - DAG(s) 'example_bash_decorator' retrieved from /home/airflow/.local/lib/python3.12/site-packages/airflow/example_dags/example_bash_decorator.py
[2024-10-03T22:26:10.451+0000] {logging_mixin.py:190} INFO - [2024-10-03T22:26:10.451+0000] {dag.py:3229} INFO - Sync 1 DAGs
[2024-10-03T22:26:10.469+0000] {logging_mixin.py:190} INFO - [2024-10-03T22:26:10.469+0000] {dag.py:4156} INFO - Setting next_dagrun for example_bash_decorator to None, run_after=None
[2024-10-03T22:26:10.500+0000] {processor.py:208} INFO - Processing /home/airflow/.local/lib/python3.12/site-packages/airflow/example_dags/example_bash_decorator.py took 0.116 seconds
[2024-10-03T22:26:40.707+0000] {processor.py:186} INFO - Started process (PID=2682) to work on /home/airflow/.local/lib/python3.12/site-packages/airflow/example_dags/example_bash_decorator.py
[2024-10-03T22:26:40.708+0000] {processor.py:914} INFO - Processing file /home/airflow/.local/lib/python3.12/site-packages/airflow/example_dags/example_bash_decorator.py for tasks to queue
[2024-10-03T22:26:40.713+0000] {logging_mixin.py:190} INFO - [2024-10-03T22:26:40.713+0000] {dagbag.py:587} INFO - Filling up the DagBag from /home/airflow/.local/lib/python3.12/site-packages/airflow/example_dags/example_bash_decorator.py
[2024-10-03T22:26:40.731+0000] {processor.py:925} INFO - DAG(s) 'example_bash_decorator' retrieved from /home/airflow/.local/lib/python3.12/site-packages/airflow/example_dags/example_bash_decorator.py
[2024-10-03T22:26:40.763+0000] {logging_mixin.py:190} INFO - [2024-10-03T22:26:40.763+0000] {dag.py:3229} INFO - Sync 1 DAGs
[2024-10-03T22:26:40.784+0000] {logging_mixin.py:190} INFO - [2024-10-03T22:26:40.783+0000] {dag.py:4156} INFO - Setting next_dagrun for example_bash_decorator to None, run_after=None
[2024-10-03T22:26:40.817+0000] {processor.py:208} INFO - Processing /home/airflow/.local/lib/python3.12/site-packages/airflow/example_dags/example_bash_decorator.py took 0.117 seconds
[2024-10-03T22:27:10.931+0000] {processor.py:186} INFO - Started process (PID=2746) to work on /home/airflow/.local/lib/python3.12/site-packages/airflow/example_dags/example_bash_decorator.py
[2024-10-03T22:27:10.932+0000] {processor.py:914} INFO - Processing file /home/airflow/.local/lib/python3.12/site-packages/airflow/example_dags/example_bash_decorator.py for tasks to queue
[2024-10-03T22:27:10.935+0000] {logging_mixin.py:190} INFO - [2024-10-03T22:27:10.934+0000] {dagbag.py:587} INFO - Filling up the DagBag from /home/airflow/.local/lib/python3.12/site-packages/airflow/example_dags/example_bash_decorator.py
[2024-10-03T22:27:10.956+0000] {processor.py:925} INFO - DAG(s) 'example_bash_decorator' retrieved from /home/airflow/.local/lib/python3.12/site-packages/airflow/example_dags/example_bash_decorator.py
[2024-10-03T22:27:10.995+0000] {logging_mixin.py:190} INFO - [2024-10-03T22:27:10.995+0000] {dag.py:3229} INFO - Sync 1 DAGs
[2024-10-03T22:27:11.020+0000] {logging_mixin.py:190} INFO - [2024-10-03T22:27:11.020+0000] {dag.py:4156} INFO - Setting next_dagrun for example_bash_decorator to None, run_after=None
[2024-10-03T22:27:11.052+0000] {processor.py:208} INFO - Processing /home/airflow/.local/lib/python3.12/site-packages/airflow/example_dags/example_bash_decorator.py took 0.129 seconds
[2024-10-03T22:27:41.833+0000] {processor.py:186} INFO - Started process (PID=2809) to work on /home/airflow/.local/lib/python3.12/site-packages/airflow/example_dags/example_bash_decorator.py
[2024-10-03T22:27:41.835+0000] {processor.py:914} INFO - Processing file /home/airflow/.local/lib/python3.12/site-packages/airflow/example_dags/example_bash_decorator.py for tasks to queue
[2024-10-03T22:27:41.838+0000] {logging_mixin.py:190} INFO - [2024-10-03T22:27:41.838+0000] {dagbag.py:587} INFO - Filling up the DagBag from /home/airflow/.local/lib/python3.12/site-packages/airflow/example_dags/example_bash_decorator.py
[2024-10-03T22:27:41.870+0000] {processor.py:925} INFO - DAG(s) 'example_bash_decorator' retrieved from /home/airflow/.local/lib/python3.12/site-packages/airflow/example_dags/example_bash_decorator.py
[2024-10-03T22:27:41.925+0000] {logging_mixin.py:190} INFO - [2024-10-03T22:27:41.924+0000] {dag.py:3229} INFO - Sync 1 DAGs
[2024-10-03T22:27:41.947+0000] {logging_mixin.py:190} INFO - [2024-10-03T22:27:41.946+0000] {dag.py:4156} INFO - Setting next_dagrun for example_bash_decorator to None, run_after=None
[2024-10-03T22:27:41.994+0000] {processor.py:208} INFO - Processing /home/airflow/.local/lib/python3.12/site-packages/airflow/example_dags/example_bash_decorator.py took 0.171 seconds
[2024-10-03T22:28:12.209+0000] {processor.py:186} INFO - Started process (PID=2871) to work on /home/airflow/.local/lib/python3.12/site-packages/airflow/example_dags/example_bash_decorator.py
[2024-10-03T22:28:12.212+0000] {processor.py:914} INFO - Processing file /home/airflow/.local/lib/python3.12/site-packages/airflow/example_dags/example_bash_decorator.py for tasks to queue
[2024-10-03T22:28:12.217+0000] {logging_mixin.py:190} INFO - [2024-10-03T22:28:12.216+0000] {dagbag.py:587} INFO - Filling up the DagBag from /home/airflow/.local/lib/python3.12/site-packages/airflow/example_dags/example_bash_decorator.py
[2024-10-03T22:28:12.243+0000] {processor.py:925} INFO - DAG(s) 'example_bash_decorator' retrieved from /home/airflow/.local/lib/python3.12/site-packages/airflow/example_dags/example_bash_decorator.py
[2024-10-03T22:28:12.285+0000] {logging_mixin.py:190} INFO - [2024-10-03T22:28:12.285+0000] {dag.py:3229} INFO - Sync 1 DAGs
[2024-10-03T22:28:12.306+0000] {logging_mixin.py:190} INFO - [2024-10-03T22:28:12.306+0000] {dag.py:4156} INFO - Setting next_dagrun for example_bash_decorator to None, run_after=None
[2024-10-03T22:28:12.350+0000] {processor.py:208} INFO - Processing /home/airflow/.local/lib/python3.12/site-packages/airflow/example_dags/example_bash_decorator.py took 0.151 seconds
[2024-10-03T22:28:42.749+0000] {processor.py:186} INFO - Started process (PID=2934) to work on /home/airflow/.local/lib/python3.12/site-packages/airflow/example_dags/example_bash_decorator.py
[2024-10-03T22:28:42.751+0000] {processor.py:914} INFO - Processing file /home/airflow/.local/lib/python3.12/site-packages/airflow/example_dags/example_bash_decorator.py for tasks to queue
[2024-10-03T22:28:42.756+0000] {logging_mixin.py:190} INFO - [2024-10-03T22:28:42.755+0000] {dagbag.py:587} INFO - Filling up the DagBag from /home/airflow/.local/lib/python3.12/site-packages/airflow/example_dags/example_bash_decorator.py
[2024-10-03T22:28:42.778+0000] {processor.py:925} INFO - DAG(s) 'example_bash_decorator' retrieved from /home/airflow/.local/lib/python3.12/site-packages/airflow/example_dags/example_bash_decorator.py
[2024-10-03T22:28:42.820+0000] {logging_mixin.py:190} INFO - [2024-10-03T22:28:42.820+0000] {dag.py:3229} INFO - Sync 1 DAGs
[2024-10-03T22:28:42.847+0000] {logging_mixin.py:190} INFO - [2024-10-03T22:28:42.847+0000] {dag.py:4156} INFO - Setting next_dagrun for example_bash_decorator to None, run_after=None
[2024-10-03T22:28:42.888+0000] {processor.py:208} INFO - Processing /home/airflow/.local/lib/python3.12/site-packages/airflow/example_dags/example_bash_decorator.py took 0.148 seconds
[2024-10-03T22:29:13.178+0000] {processor.py:186} INFO - Started process (PID=2997) to work on /home/airflow/.local/lib/python3.12/site-packages/airflow/example_dags/example_bash_decorator.py
[2024-10-03T22:29:13.180+0000] {processor.py:914} INFO - Processing file /home/airflow/.local/lib/python3.12/site-packages/airflow/example_dags/example_bash_decorator.py for tasks to queue
[2024-10-03T22:29:13.184+0000] {logging_mixin.py:190} INFO - [2024-10-03T22:29:13.183+0000] {dagbag.py:587} INFO - Filling up the DagBag from /home/airflow/.local/lib/python3.12/site-packages/airflow/example_dags/example_bash_decorator.py
[2024-10-03T22:29:13.205+0000] {processor.py:925} INFO - DAG(s) 'example_bash_decorator' retrieved from /home/airflow/.local/lib/python3.12/site-packages/airflow/example_dags/example_bash_decorator.py
[2024-10-03T22:29:13.235+0000] {logging_mixin.py:190} INFO - [2024-10-03T22:29:13.235+0000] {dag.py:3229} INFO - Sync 1 DAGs
[2024-10-03T22:29:13.252+0000] {logging_mixin.py:190} INFO - [2024-10-03T22:29:13.252+0000] {dag.py:4156} INFO - Setting next_dagrun for example_bash_decorator to None, run_after=None
[2024-10-03T22:29:13.275+0000] {processor.py:208} INFO - Processing /home/airflow/.local/lib/python3.12/site-packages/airflow/example_dags/example_bash_decorator.py took 0.105 seconds
[2024-10-03T22:29:43.634+0000] {processor.py:186} INFO - Started process (PID=3060) to work on /home/airflow/.local/lib/python3.12/site-packages/airflow/example_dags/example_bash_decorator.py
[2024-10-03T22:29:43.635+0000] {processor.py:914} INFO - Processing file /home/airflow/.local/lib/python3.12/site-packages/airflow/example_dags/example_bash_decorator.py for tasks to queue
[2024-10-03T22:29:43.639+0000] {logging_mixin.py:190} INFO - [2024-10-03T22:29:43.638+0000] {dagbag.py:587} INFO - Filling up the DagBag from /home/airflow/.local/lib/python3.12/site-packages/airflow/example_dags/example_bash_decorator.py
[2024-10-03T22:29:43.661+0000] {processor.py:925} INFO - DAG(s) 'example_bash_decorator' retrieved from /home/airflow/.local/lib/python3.12/site-packages/airflow/example_dags/example_bash_decorator.py
[2024-10-03T22:29:43.693+0000] {logging_mixin.py:190} INFO - [2024-10-03T22:29:43.693+0000] {dag.py:3229} INFO - Sync 1 DAGs
[2024-10-03T22:29:43.712+0000] {logging_mixin.py:190} INFO - [2024-10-03T22:29:43.711+0000] {dag.py:4156} INFO - Setting next_dagrun for example_bash_decorator to None, run_after=None
[2024-10-03T22:29:43.734+0000] {processor.py:208} INFO - Processing /home/airflow/.local/lib/python3.12/site-packages/airflow/example_dags/example_bash_decorator.py took 0.108 seconds
[2024-10-03T22:30:13.875+0000] {processor.py:186} INFO - Started process (PID=3123) to work on /home/airflow/.local/lib/python3.12/site-packages/airflow/example_dags/example_bash_decorator.py
[2024-10-03T22:30:13.876+0000] {processor.py:914} INFO - Processing file /home/airflow/.local/lib/python3.12/site-packages/airflow/example_dags/example_bash_decorator.py for tasks to queue
[2024-10-03T22:30:13.879+0000] {logging_mixin.py:190} INFO - [2024-10-03T22:30:13.879+0000] {dagbag.py:587} INFO - Filling up the DagBag from /home/airflow/.local/lib/python3.12/site-packages/airflow/example_dags/example_bash_decorator.py
[2024-10-03T22:30:13.903+0000] {processor.py:925} INFO - DAG(s) 'example_bash_decorator' retrieved from /home/airflow/.local/lib/python3.12/site-packages/airflow/example_dags/example_bash_decorator.py
[2024-10-03T22:30:13.954+0000] {logging_mixin.py:190} INFO - [2024-10-03T22:30:13.954+0000] {dag.py:3229} INFO - Sync 1 DAGs
[2024-10-03T22:30:13.990+0000] {logging_mixin.py:190} INFO - [2024-10-03T22:30:13.989+0000] {dag.py:4156} INFO - Setting next_dagrun for example_bash_decorator to None, run_after=None
[2024-10-03T22:30:14.031+0000] {processor.py:208} INFO - Processing /home/airflow/.local/lib/python3.12/site-packages/airflow/example_dags/example_bash_decorator.py took 0.166 seconds
[2024-10-03T22:30:44.604+0000] {processor.py:186} INFO - Started process (PID=3186) to work on /home/airflow/.local/lib/python3.12/site-packages/airflow/example_dags/example_bash_decorator.py
[2024-10-03T22:30:44.605+0000] {processor.py:914} INFO - Processing file /home/airflow/.local/lib/python3.12/site-packages/airflow/example_dags/example_bash_decorator.py for tasks to queue
[2024-10-03T22:30:44.609+0000] {logging_mixin.py:190} INFO - [2024-10-03T22:30:44.609+0000] {dagbag.py:587} INFO - Filling up the DagBag from /home/airflow/.local/lib/python3.12/site-packages/airflow/example_dags/example_bash_decorator.py
[2024-10-03T22:30:44.633+0000] {processor.py:925} INFO - DAG(s) 'example_bash_decorator' retrieved from /home/airflow/.local/lib/python3.12/site-packages/airflow/example_dags/example_bash_decorator.py
[2024-10-03T22:30:44.671+0000] {logging_mixin.py:190} INFO - [2024-10-03T22:30:44.671+0000] {dag.py:3229} INFO - Sync 1 DAGs
[2024-10-03T22:30:44.695+0000] {logging_mixin.py:190} INFO - [2024-10-03T22:30:44.695+0000] {dag.py:4156} INFO - Setting next_dagrun for example_bash_decorator to None, run_after=None
[2024-10-03T22:30:44.715+0000] {processor.py:208} INFO - Processing /home/airflow/.local/lib/python3.12/site-packages/airflow/example_dags/example_bash_decorator.py took 0.119 seconds
[2024-10-03T22:31:14.881+0000] {processor.py:186} INFO - Started process (PID=3248) to work on /home/airflow/.local/lib/python3.12/site-packages/airflow/example_dags/example_bash_decorator.py
[2024-10-03T22:31:14.882+0000] {processor.py:914} INFO - Processing file /home/airflow/.local/lib/python3.12/site-packages/airflow/example_dags/example_bash_decorator.py for tasks to queue
[2024-10-03T22:31:14.886+0000] {logging_mixin.py:190} INFO - [2024-10-03T22:31:14.886+0000] {dagbag.py:587} INFO - Filling up the DagBag from /home/airflow/.local/lib/python3.12/site-packages/airflow/example_dags/example_bash_decorator.py
[2024-10-03T22:31:14.916+0000] {processor.py:925} INFO - DAG(s) 'example_bash_decorator' retrieved from /home/airflow/.local/lib/python3.12/site-packages/airflow/example_dags/example_bash_decorator.py
[2024-10-03T22:31:14.951+0000] {logging_mixin.py:190} INFO - [2024-10-03T22:31:14.950+0000] {dag.py:3229} INFO - Sync 1 DAGs
[2024-10-03T22:31:14.974+0000] {logging_mixin.py:190} INFO - [2024-10-03T22:31:14.973+0000] {dag.py:4156} INFO - Setting next_dagrun for example_bash_decorator to None, run_after=None
[2024-10-03T22:31:15.005+0000] {processor.py:208} INFO - Processing /home/airflow/.local/lib/python3.12/site-packages/airflow/example_dags/example_bash_decorator.py took 0.137 seconds
[2024-10-03T22:31:45.355+0000] {processor.py:186} INFO - Started process (PID=3311) to work on /home/airflow/.local/lib/python3.12/site-packages/airflow/example_dags/example_bash_decorator.py
[2024-10-03T22:31:45.357+0000] {processor.py:914} INFO - Processing file /home/airflow/.local/lib/python3.12/site-packages/airflow/example_dags/example_bash_decorator.py for tasks to queue
[2024-10-03T22:31:45.360+0000] {logging_mixin.py:190} INFO - [2024-10-03T22:31:45.360+0000] {dagbag.py:587} INFO - Filling up the DagBag from /home/airflow/.local/lib/python3.12/site-packages/airflow/example_dags/example_bash_decorator.py
[2024-10-03T22:31:45.378+0000] {processor.py:925} INFO - DAG(s) 'example_bash_decorator' retrieved from /home/airflow/.local/lib/python3.12/site-packages/airflow/example_dags/example_bash_decorator.py
[2024-10-03T22:31:45.405+0000] {logging_mixin.py:190} INFO - [2024-10-03T22:31:45.405+0000] {dag.py:3229} INFO - Sync 1 DAGs
[2024-10-03T22:31:45.422+0000] {logging_mixin.py:190} INFO - [2024-10-03T22:31:45.422+0000] {dag.py:4156} INFO - Setting next_dagrun for example_bash_decorator to None, run_after=None
[2024-10-03T22:31:45.453+0000] {processor.py:208} INFO - Processing /home/airflow/.local/lib/python3.12/site-packages/airflow/example_dags/example_bash_decorator.py took 0.107 seconds
[2024-10-03T22:32:15.834+0000] {processor.py:186} INFO - Started process (PID=3374) to work on /home/airflow/.local/lib/python3.12/site-packages/airflow/example_dags/example_bash_decorator.py
[2024-10-03T22:32:15.835+0000] {processor.py:914} INFO - Processing file /home/airflow/.local/lib/python3.12/site-packages/airflow/example_dags/example_bash_decorator.py for tasks to queue
[2024-10-03T22:32:15.837+0000] {logging_mixin.py:190} INFO - [2024-10-03T22:32:15.837+0000] {dagbag.py:587} INFO - Filling up the DagBag from /home/airflow/.local/lib/python3.12/site-packages/airflow/example_dags/example_bash_decorator.py
[2024-10-03T22:32:15.857+0000] {processor.py:925} INFO - DAG(s) 'example_bash_decorator' retrieved from /home/airflow/.local/lib/python3.12/site-packages/airflow/example_dags/example_bash_decorator.py
[2024-10-03T22:32:15.886+0000] {logging_mixin.py:190} INFO - [2024-10-03T22:32:15.886+0000] {dag.py:3229} INFO - Sync 1 DAGs
[2024-10-03T22:32:15.905+0000] {logging_mixin.py:190} INFO - [2024-10-03T22:32:15.905+0000] {dag.py:4156} INFO - Setting next_dagrun for example_bash_decorator to None, run_after=None
[2024-10-03T22:32:15.956+0000] {processor.py:208} INFO - Processing /home/airflow/.local/lib/python3.12/site-packages/airflow/example_dags/example_bash_decorator.py took 0.130 seconds
[2024-10-03T22:32:46.235+0000] {processor.py:186} INFO - Started process (PID=3437) to work on /home/airflow/.local/lib/python3.12/site-packages/airflow/example_dags/example_bash_decorator.py
[2024-10-03T22:32:46.236+0000] {processor.py:914} INFO - Processing file /home/airflow/.local/lib/python3.12/site-packages/airflow/example_dags/example_bash_decorator.py for tasks to queue
[2024-10-03T22:32:46.240+0000] {logging_mixin.py:190} INFO - [2024-10-03T22:32:46.240+0000] {dagbag.py:587} INFO - Filling up the DagBag from /home/airflow/.local/lib/python3.12/site-packages/airflow/example_dags/example_bash_decorator.py
[2024-10-03T22:32:46.265+0000] {processor.py:925} INFO - DAG(s) 'example_bash_decorator' retrieved from /home/airflow/.local/lib/python3.12/site-packages/airflow/example_dags/example_bash_decorator.py
[2024-10-03T22:32:46.295+0000] {logging_mixin.py:190} INFO - [2024-10-03T22:32:46.294+0000] {dag.py:3229} INFO - Sync 1 DAGs
[2024-10-03T22:32:46.313+0000] {logging_mixin.py:190} INFO - [2024-10-03T22:32:46.312+0000] {dag.py:4156} INFO - Setting next_dagrun for example_bash_decorator to None, run_after=None
[2024-10-03T22:32:46.365+0000] {processor.py:208} INFO - Processing /home/airflow/.local/lib/python3.12/site-packages/airflow/example_dags/example_bash_decorator.py took 0.137 seconds
[2024-10-03T22:33:16.940+0000] {processor.py:186} INFO - Started process (PID=3500) to work on /home/airflow/.local/lib/python3.12/site-packages/airflow/example_dags/example_bash_decorator.py
[2024-10-03T22:33:16.941+0000] {processor.py:914} INFO - Processing file /home/airflow/.local/lib/python3.12/site-packages/airflow/example_dags/example_bash_decorator.py for tasks to queue
[2024-10-03T22:33:16.944+0000] {logging_mixin.py:190} INFO - [2024-10-03T22:33:16.943+0000] {dagbag.py:587} INFO - Filling up the DagBag from /home/airflow/.local/lib/python3.12/site-packages/airflow/example_dags/example_bash_decorator.py
[2024-10-03T22:33:16.964+0000] {processor.py:925} INFO - DAG(s) 'example_bash_decorator' retrieved from /home/airflow/.local/lib/python3.12/site-packages/airflow/example_dags/example_bash_decorator.py
[2024-10-03T22:33:16.995+0000] {logging_mixin.py:190} INFO - [2024-10-03T22:33:16.994+0000] {dag.py:3229} INFO - Sync 1 DAGs
[2024-10-03T22:33:17.019+0000] {logging_mixin.py:190} INFO - [2024-10-03T22:33:17.019+0000] {dag.py:4156} INFO - Setting next_dagrun for example_bash_decorator to None, run_after=None
[2024-10-03T22:33:17.043+0000] {processor.py:208} INFO - Processing /home/airflow/.local/lib/python3.12/site-packages/airflow/example_dags/example_bash_decorator.py took 0.110 seconds
[2024-10-03T22:33:47.527+0000] {processor.py:186} INFO - Started process (PID=3563) to work on /home/airflow/.local/lib/python3.12/site-packages/airflow/example_dags/example_bash_decorator.py
[2024-10-03T22:33:47.528+0000] {processor.py:914} INFO - Processing file /home/airflow/.local/lib/python3.12/site-packages/airflow/example_dags/example_bash_decorator.py for tasks to queue
[2024-10-03T22:33:47.531+0000] {logging_mixin.py:190} INFO - [2024-10-03T22:33:47.531+0000] {dagbag.py:587} INFO - Filling up the DagBag from /home/airflow/.local/lib/python3.12/site-packages/airflow/example_dags/example_bash_decorator.py
[2024-10-03T22:33:47.549+0000] {processor.py:925} INFO - DAG(s) 'example_bash_decorator' retrieved from /home/airflow/.local/lib/python3.12/site-packages/airflow/example_dags/example_bash_decorator.py
[2024-10-03T22:33:47.579+0000] {logging_mixin.py:190} INFO - [2024-10-03T22:33:47.579+0000] {dag.py:3229} INFO - Sync 1 DAGs
[2024-10-03T22:33:47.598+0000] {logging_mixin.py:190} INFO - [2024-10-03T22:33:47.598+0000] {dag.py:4156} INFO - Setting next_dagrun for example_bash_decorator to None, run_after=None
[2024-10-03T22:33:47.648+0000] {processor.py:208} INFO - Processing /home/airflow/.local/lib/python3.12/site-packages/airflow/example_dags/example_bash_decorator.py took 0.130 seconds
[2024-10-03T22:34:17.969+0000] {processor.py:186} INFO - Started process (PID=3632) to work on /home/airflow/.local/lib/python3.12/site-packages/airflow/example_dags/example_bash_decorator.py
[2024-10-03T22:34:17.971+0000] {processor.py:914} INFO - Processing file /home/airflow/.local/lib/python3.12/site-packages/airflow/example_dags/example_bash_decorator.py for tasks to queue
[2024-10-03T22:34:17.975+0000] {logging_mixin.py:190} INFO - [2024-10-03T22:34:17.975+0000] {dagbag.py:587} INFO - Filling up the DagBag from /home/airflow/.local/lib/python3.12/site-packages/airflow/example_dags/example_bash_decorator.py
[2024-10-03T22:34:17.998+0000] {processor.py:925} INFO - DAG(s) 'example_bash_decorator' retrieved from /home/airflow/.local/lib/python3.12/site-packages/airflow/example_dags/example_bash_decorator.py
[2024-10-03T22:34:18.043+0000] {logging_mixin.py:190} INFO - [2024-10-03T22:34:18.042+0000] {dag.py:3229} INFO - Sync 1 DAGs
[2024-10-03T22:34:18.069+0000] {logging_mixin.py:190} INFO - [2024-10-03T22:34:18.069+0000] {dag.py:4156} INFO - Setting next_dagrun for example_bash_decorator to None, run_after=None
[2024-10-03T22:34:18.107+0000] {processor.py:208} INFO - Processing /home/airflow/.local/lib/python3.12/site-packages/airflow/example_dags/example_bash_decorator.py took 0.145 seconds
[2024-10-03T22:34:48.911+0000] {processor.py:186} INFO - Started process (PID=3695) to work on /home/airflow/.local/lib/python3.12/site-packages/airflow/example_dags/example_bash_decorator.py
[2024-10-03T22:34:48.913+0000] {processor.py:914} INFO - Processing file /home/airflow/.local/lib/python3.12/site-packages/airflow/example_dags/example_bash_decorator.py for tasks to queue
[2024-10-03T22:34:48.919+0000] {logging_mixin.py:190} INFO - [2024-10-03T22:34:48.919+0000] {dagbag.py:587} INFO - Filling up the DagBag from /home/airflow/.local/lib/python3.12/site-packages/airflow/example_dags/example_bash_decorator.py
[2024-10-03T22:34:48.942+0000] {processor.py:925} INFO - DAG(s) 'example_bash_decorator' retrieved from /home/airflow/.local/lib/python3.12/site-packages/airflow/example_dags/example_bash_decorator.py
[2024-10-03T22:34:48.979+0000] {logging_mixin.py:190} INFO - [2024-10-03T22:34:48.978+0000] {dag.py:3229} INFO - Sync 1 DAGs
[2024-10-03T22:34:49.001+0000] {logging_mixin.py:190} INFO - [2024-10-03T22:34:49.000+0000] {dag.py:4156} INFO - Setting next_dagrun for example_bash_decorator to None, run_after=None
[2024-10-03T22:34:49.062+0000] {processor.py:208} INFO - Processing /home/airflow/.local/lib/python3.12/site-packages/airflow/example_dags/example_bash_decorator.py took 0.159 seconds
