[2024-10-03T22:05:45.023+0000] {processor.py:186} INFO - Started process (PID=105) to work on /home/airflow/.local/lib/python3.12/site-packages/airflow/example_dags/example_branch_operator.py
[2024-10-03T22:05:45.035+0000] {processor.py:914} INFO - Processing file /home/airflow/.local/lib/python3.12/site-packages/airflow/example_dags/example_branch_operator.py for tasks to queue
[2024-10-03T22:05:45.055+0000] {logging_mixin.py:190} INFO - [2024-10-03T22:05:45.055+0000] {dagbag.py:587} INFO - Filling up the DagBag from /home/airflow/.local/lib/python3.12/site-packages/airflow/example_dags/example_branch_operator.py
[2024-10-03T22:05:45.263+0000] {processor.py:925} INFO - DAG(s) 'example_branch_operator' retrieved from /home/airflow/.local/lib/python3.12/site-packages/airflow/example_dags/example_branch_operator.py
[2024-10-03T22:05:47.009+0000] {logging_mixin.py:190} INFO - [2024-10-03T22:05:47.008+0000] {dag.py:3229} INFO - Sync 1 DAGs
[2024-10-03T22:05:47.290+0000] {logging_mixin.py:190} INFO - [2024-10-03T22:05:47.290+0000] {dag.py:4156} INFO - Setting next_dagrun for example_branch_operator to 2024-10-02 00:00:00+00:00, run_after=2024-10-03 00:00:00+00:00
[2024-10-03T22:05:47.578+0000] {processor.py:208} INFO - Processing /home/airflow/.local/lib/python3.12/site-packages/airflow/example_dags/example_branch_operator.py took 2.586 seconds
[2024-10-03T22:06:18.443+0000] {processor.py:186} INFO - Started process (PID=169) to work on /home/airflow/.local/lib/python3.12/site-packages/airflow/example_dags/example_branch_operator.py
[2024-10-03T22:06:18.455+0000] {processor.py:914} INFO - Processing file /home/airflow/.local/lib/python3.12/site-packages/airflow/example_dags/example_branch_operator.py for tasks to queue
[2024-10-03T22:06:18.471+0000] {logging_mixin.py:190} INFO - [2024-10-03T22:06:18.471+0000] {dagbag.py:587} INFO - Filling up the DagBag from /home/airflow/.local/lib/python3.12/site-packages/airflow/example_dags/example_branch_operator.py
[2024-10-03T22:06:18.598+0000] {processor.py:925} INFO - DAG(s) 'example_branch_operator' retrieved from /home/airflow/.local/lib/python3.12/site-packages/airflow/example_dags/example_branch_operator.py
[2024-10-03T22:06:18.814+0000] {logging_mixin.py:190} INFO - [2024-10-03T22:06:18.814+0000] {dag.py:3229} INFO - Sync 1 DAGs
[2024-10-03T22:06:18.994+0000] {logging_mixin.py:190} INFO - [2024-10-03T22:06:18.994+0000] {dag.py:4156} INFO - Setting next_dagrun for example_branch_operator to 2024-10-02 00:00:00+00:00, run_after=2024-10-03 00:00:00+00:00
[2024-10-03T22:06:19.202+0000] {processor.py:208} INFO - Processing /home/airflow/.local/lib/python3.12/site-packages/airflow/example_dags/example_branch_operator.py took 0.781 seconds
[2024-10-03T22:06:49.349+0000] {processor.py:186} INFO - Started process (PID=233) to work on /home/airflow/.local/lib/python3.12/site-packages/airflow/example_dags/example_branch_operator.py
[2024-10-03T22:06:49.361+0000] {processor.py:914} INFO - Processing file /home/airflow/.local/lib/python3.12/site-packages/airflow/example_dags/example_branch_operator.py for tasks to queue
[2024-10-03T22:06:49.365+0000] {logging_mixin.py:190} INFO - [2024-10-03T22:06:49.365+0000] {dagbag.py:587} INFO - Filling up the DagBag from /home/airflow/.local/lib/python3.12/site-packages/airflow/example_dags/example_branch_operator.py
[2024-10-03T22:06:49.471+0000] {processor.py:925} INFO - DAG(s) 'example_branch_operator' retrieved from /home/airflow/.local/lib/python3.12/site-packages/airflow/example_dags/example_branch_operator.py
[2024-10-03T22:06:49.631+0000] {logging_mixin.py:190} INFO - [2024-10-03T22:06:49.630+0000] {dag.py:3229} INFO - Sync 1 DAGs
[2024-10-03T22:06:49.741+0000] {logging_mixin.py:190} INFO - [2024-10-03T22:06:49.740+0000] {dag.py:4156} INFO - Setting next_dagrun for example_branch_operator to 2024-10-02 00:00:00+00:00, run_after=2024-10-03 00:00:00+00:00
[2024-10-03T22:06:49.806+0000] {processor.py:208} INFO - Processing /home/airflow/.local/lib/python3.12/site-packages/airflow/example_dags/example_branch_operator.py took 0.488 seconds
[2024-10-03T22:07:20.032+0000] {processor.py:186} INFO - Started process (PID=296) to work on /home/airflow/.local/lib/python3.12/site-packages/airflow/example_dags/example_branch_operator.py
[2024-10-03T22:07:20.043+0000] {processor.py:914} INFO - Processing file /home/airflow/.local/lib/python3.12/site-packages/airflow/example_dags/example_branch_operator.py for tasks to queue
[2024-10-03T22:07:20.047+0000] {logging_mixin.py:190} INFO - [2024-10-03T22:07:20.046+0000] {dagbag.py:587} INFO - Filling up the DagBag from /home/airflow/.local/lib/python3.12/site-packages/airflow/example_dags/example_branch_operator.py
[2024-10-03T22:07:20.128+0000] {processor.py:925} INFO - DAG(s) 'example_branch_operator' retrieved from /home/airflow/.local/lib/python3.12/site-packages/airflow/example_dags/example_branch_operator.py
[2024-10-03T22:07:20.268+0000] {logging_mixin.py:190} INFO - [2024-10-03T22:07:20.257+0000] {dag.py:3229} INFO - Sync 1 DAGs
[2024-10-03T22:07:20.380+0000] {logging_mixin.py:190} INFO - [2024-10-03T22:07:20.380+0000] {dag.py:4156} INFO - Setting next_dagrun for example_branch_operator to 2024-10-02 00:00:00+00:00, run_after=2024-10-03 00:00:00+00:00
[2024-10-03T22:07:20.437+0000] {processor.py:208} INFO - Processing /home/airflow/.local/lib/python3.12/site-packages/airflow/example_dags/example_branch_operator.py took 0.422 seconds
[2024-10-03T22:07:53.169+0000] {processor.py:186} INFO - Started process (PID=358) to work on /home/airflow/.local/lib/python3.12/site-packages/airflow/example_dags/example_branch_operator.py
[2024-10-03T22:07:53.183+0000] {processor.py:914} INFO - Processing file /home/airflow/.local/lib/python3.12/site-packages/airflow/example_dags/example_branch_operator.py for tasks to queue
[2024-10-03T22:07:53.199+0000] {logging_mixin.py:190} INFO - [2024-10-03T22:07:53.199+0000] {dagbag.py:587} INFO - Filling up the DagBag from /home/airflow/.local/lib/python3.12/site-packages/airflow/example_dags/example_branch_operator.py
[2024-10-03T22:07:53.350+0000] {processor.py:925} INFO - DAG(s) 'example_branch_operator' retrieved from /home/airflow/.local/lib/python3.12/site-packages/airflow/example_dags/example_branch_operator.py
[2024-10-03T22:07:53.529+0000] {logging_mixin.py:190} INFO - [2024-10-03T22:07:53.529+0000] {dag.py:3229} INFO - Sync 1 DAGs
[2024-10-03T22:07:53.671+0000] {logging_mixin.py:190} INFO - [2024-10-03T22:07:53.671+0000] {dag.py:4156} INFO - Setting next_dagrun for example_branch_operator to 2024-10-02 00:00:00+00:00, run_after=2024-10-03 00:00:00+00:00
[2024-10-03T22:07:53.774+0000] {processor.py:208} INFO - Processing /home/airflow/.local/lib/python3.12/site-packages/airflow/example_dags/example_branch_operator.py took 0.633 seconds
[2024-10-03T22:08:24.111+0000] {processor.py:186} INFO - Started process (PID=421) to work on /home/airflow/.local/lib/python3.12/site-packages/airflow/example_dags/example_branch_operator.py
[2024-10-03T22:08:24.113+0000] {processor.py:914} INFO - Processing file /home/airflow/.local/lib/python3.12/site-packages/airflow/example_dags/example_branch_operator.py for tasks to queue
[2024-10-03T22:08:24.127+0000] {logging_mixin.py:190} INFO - [2024-10-03T22:08:24.127+0000] {dagbag.py:587} INFO - Filling up the DagBag from /home/airflow/.local/lib/python3.12/site-packages/airflow/example_dags/example_branch_operator.py
[2024-10-03T22:08:24.191+0000] {processor.py:925} INFO - DAG(s) 'example_branch_operator' retrieved from /home/airflow/.local/lib/python3.12/site-packages/airflow/example_dags/example_branch_operator.py
[2024-10-03T22:08:24.281+0000] {logging_mixin.py:190} INFO - [2024-10-03T22:08:24.281+0000] {dag.py:3229} INFO - Sync 1 DAGs
[2024-10-03T22:08:24.376+0000] {logging_mixin.py:190} INFO - [2024-10-03T22:08:24.376+0000] {dag.py:4156} INFO - Setting next_dagrun for example_branch_operator to 2024-10-02 00:00:00+00:00, run_after=2024-10-03 00:00:00+00:00
[2024-10-03T22:08:24.453+0000] {processor.py:208} INFO - Processing /home/airflow/.local/lib/python3.12/site-packages/airflow/example_dags/example_branch_operator.py took 0.366 seconds
[2024-10-03T22:08:55.082+0000] {processor.py:186} INFO - Started process (PID=484) to work on /home/airflow/.local/lib/python3.12/site-packages/airflow/example_dags/example_branch_operator.py
[2024-10-03T22:08:55.084+0000] {processor.py:914} INFO - Processing file /home/airflow/.local/lib/python3.12/site-packages/airflow/example_dags/example_branch_operator.py for tasks to queue
[2024-10-03T22:08:55.088+0000] {logging_mixin.py:190} INFO - [2024-10-03T22:08:55.087+0000] {dagbag.py:587} INFO - Filling up the DagBag from /home/airflow/.local/lib/python3.12/site-packages/airflow/example_dags/example_branch_operator.py
[2024-10-03T22:08:55.133+0000] {processor.py:925} INFO - DAG(s) 'example_branch_operator' retrieved from /home/airflow/.local/lib/python3.12/site-packages/airflow/example_dags/example_branch_operator.py
[2024-10-03T22:08:55.217+0000] {logging_mixin.py:190} INFO - [2024-10-03T22:08:55.217+0000] {dag.py:3229} INFO - Sync 1 DAGs
[2024-10-03T22:08:55.268+0000] {logging_mixin.py:190} INFO - [2024-10-03T22:08:55.268+0000] {dag.py:4156} INFO - Setting next_dagrun for example_branch_operator to 2024-10-02 00:00:00+00:00, run_after=2024-10-03 00:00:00+00:00
[2024-10-03T22:08:55.310+0000] {processor.py:208} INFO - Processing /home/airflow/.local/lib/python3.12/site-packages/airflow/example_dags/example_branch_operator.py took 0.238 seconds
[2024-10-03T22:09:25.498+0000] {processor.py:186} INFO - Started process (PID=546) to work on /home/airflow/.local/lib/python3.12/site-packages/airflow/example_dags/example_branch_operator.py
[2024-10-03T22:09:25.499+0000] {processor.py:914} INFO - Processing file /home/airflow/.local/lib/python3.12/site-packages/airflow/example_dags/example_branch_operator.py for tasks to queue
[2024-10-03T22:09:25.504+0000] {logging_mixin.py:190} INFO - [2024-10-03T22:09:25.503+0000] {dagbag.py:587} INFO - Filling up the DagBag from /home/airflow/.local/lib/python3.12/site-packages/airflow/example_dags/example_branch_operator.py
[2024-10-03T22:09:25.531+0000] {processor.py:925} INFO - DAG(s) 'example_branch_operator' retrieved from /home/airflow/.local/lib/python3.12/site-packages/airflow/example_dags/example_branch_operator.py
[2024-10-03T22:09:25.573+0000] {logging_mixin.py:190} INFO - [2024-10-03T22:09:25.573+0000] {dag.py:3229} INFO - Sync 1 DAGs
[2024-10-03T22:09:25.617+0000] {logging_mixin.py:190} INFO - [2024-10-03T22:09:25.617+0000] {dag.py:4156} INFO - Setting next_dagrun for example_branch_operator to 2024-10-02 00:00:00+00:00, run_after=2024-10-03 00:00:00+00:00
[2024-10-03T22:09:25.649+0000] {processor.py:208} INFO - Processing /home/airflow/.local/lib/python3.12/site-packages/airflow/example_dags/example_branch_operator.py took 0.159 seconds
[2024-10-03T22:09:56.357+0000] {processor.py:186} INFO - Started process (PID=610) to work on /home/airflow/.local/lib/python3.12/site-packages/airflow/example_dags/example_branch_operator.py
[2024-10-03T22:09:56.358+0000] {processor.py:914} INFO - Processing file /home/airflow/.local/lib/python3.12/site-packages/airflow/example_dags/example_branch_operator.py for tasks to queue
[2024-10-03T22:09:56.361+0000] {logging_mixin.py:190} INFO - [2024-10-03T22:09:56.361+0000] {dagbag.py:587} INFO - Filling up the DagBag from /home/airflow/.local/lib/python3.12/site-packages/airflow/example_dags/example_branch_operator.py
[2024-10-03T22:09:56.388+0000] {processor.py:925} INFO - DAG(s) 'example_branch_operator' retrieved from /home/airflow/.local/lib/python3.12/site-packages/airflow/example_dags/example_branch_operator.py
[2024-10-03T22:09:56.433+0000] {logging_mixin.py:190} INFO - [2024-10-03T22:09:56.433+0000] {dag.py:3229} INFO - Sync 1 DAGs
[2024-10-03T22:09:56.471+0000] {logging_mixin.py:190} INFO - [2024-10-03T22:09:56.471+0000] {dag.py:4156} INFO - Setting next_dagrun for example_branch_operator to 2024-10-02 00:00:00+00:00, run_after=2024-10-03 00:00:00+00:00
[2024-10-03T22:09:56.518+0000] {processor.py:208} INFO - Processing /home/airflow/.local/lib/python3.12/site-packages/airflow/example_dags/example_branch_operator.py took 0.170 seconds
[2024-10-03T22:10:27.376+0000] {processor.py:186} INFO - Started process (PID=673) to work on /home/airflow/.local/lib/python3.12/site-packages/airflow/example_dags/example_branch_operator.py
[2024-10-03T22:10:27.377+0000] {processor.py:914} INFO - Processing file /home/airflow/.local/lib/python3.12/site-packages/airflow/example_dags/example_branch_operator.py for tasks to queue
[2024-10-03T22:10:27.381+0000] {logging_mixin.py:190} INFO - [2024-10-03T22:10:27.380+0000] {dagbag.py:587} INFO - Filling up the DagBag from /home/airflow/.local/lib/python3.12/site-packages/airflow/example_dags/example_branch_operator.py
[2024-10-03T22:10:27.416+0000] {processor.py:925} INFO - DAG(s) 'example_branch_operator' retrieved from /home/airflow/.local/lib/python3.12/site-packages/airflow/example_dags/example_branch_operator.py
[2024-10-03T22:10:27.498+0000] {logging_mixin.py:190} INFO - [2024-10-03T22:10:27.498+0000] {dag.py:3229} INFO - Sync 1 DAGs
[2024-10-03T22:10:27.567+0000] {logging_mixin.py:190} INFO - [2024-10-03T22:10:27.566+0000] {dag.py:4156} INFO - Setting next_dagrun for example_branch_operator to 2024-10-02 00:00:00+00:00, run_after=2024-10-03 00:00:00+00:00
[2024-10-03T22:10:27.607+0000] {processor.py:208} INFO - Processing /home/airflow/.local/lib/python3.12/site-packages/airflow/example_dags/example_branch_operator.py took 0.245 seconds
[2024-10-03T22:10:57.761+0000] {processor.py:186} INFO - Started process (PID=735) to work on /home/airflow/.local/lib/python3.12/site-packages/airflow/example_dags/example_branch_operator.py
[2024-10-03T22:10:57.763+0000] {processor.py:914} INFO - Processing file /home/airflow/.local/lib/python3.12/site-packages/airflow/example_dags/example_branch_operator.py for tasks to queue
[2024-10-03T22:10:57.765+0000] {logging_mixin.py:190} INFO - [2024-10-03T22:10:57.765+0000] {dagbag.py:587} INFO - Filling up the DagBag from /home/airflow/.local/lib/python3.12/site-packages/airflow/example_dags/example_branch_operator.py
[2024-10-03T22:10:57.786+0000] {processor.py:925} INFO - DAG(s) 'example_branch_operator' retrieved from /home/airflow/.local/lib/python3.12/site-packages/airflow/example_dags/example_branch_operator.py
[2024-10-03T22:10:57.823+0000] {logging_mixin.py:190} INFO - [2024-10-03T22:10:57.822+0000] {dag.py:3229} INFO - Sync 1 DAGs
[2024-10-03T22:10:57.851+0000] {logging_mixin.py:190} INFO - [2024-10-03T22:10:57.851+0000] {dag.py:4156} INFO - Setting next_dagrun for example_branch_operator to 2024-10-02 00:00:00+00:00, run_after=2024-10-03 00:00:00+00:00
[2024-10-03T22:10:57.880+0000] {processor.py:208} INFO - Processing /home/airflow/.local/lib/python3.12/site-packages/airflow/example_dags/example_branch_operator.py took 0.126 seconds
[2024-10-03T22:11:27.967+0000] {processor.py:186} INFO - Started process (PID=798) to work on /home/airflow/.local/lib/python3.12/site-packages/airflow/example_dags/example_branch_operator.py
[2024-10-03T22:11:27.968+0000] {processor.py:914} INFO - Processing file /home/airflow/.local/lib/python3.12/site-packages/airflow/example_dags/example_branch_operator.py for tasks to queue
[2024-10-03T22:11:27.971+0000] {logging_mixin.py:190} INFO - [2024-10-03T22:11:27.970+0000] {dagbag.py:587} INFO - Filling up the DagBag from /home/airflow/.local/lib/python3.12/site-packages/airflow/example_dags/example_branch_operator.py
[2024-10-03T22:11:27.991+0000] {processor.py:925} INFO - DAG(s) 'example_branch_operator' retrieved from /home/airflow/.local/lib/python3.12/site-packages/airflow/example_dags/example_branch_operator.py
[2024-10-03T22:11:28.028+0000] {logging_mixin.py:190} INFO - [2024-10-03T22:11:28.027+0000] {dag.py:3229} INFO - Sync 1 DAGs
[2024-10-03T22:11:28.057+0000] {logging_mixin.py:190} INFO - [2024-10-03T22:11:28.057+0000] {dag.py:4156} INFO - Setting next_dagrun for example_branch_operator to 2024-10-02 00:00:00+00:00, run_after=2024-10-03 00:00:00+00:00
[2024-10-03T22:11:28.090+0000] {processor.py:208} INFO - Processing /home/airflow/.local/lib/python3.12/site-packages/airflow/example_dags/example_branch_operator.py took 0.131 seconds
[2024-10-03T22:11:58.534+0000] {processor.py:186} INFO - Started process (PID=861) to work on /home/airflow/.local/lib/python3.12/site-packages/airflow/example_dags/example_branch_operator.py
[2024-10-03T22:11:58.535+0000] {processor.py:914} INFO - Processing file /home/airflow/.local/lib/python3.12/site-packages/airflow/example_dags/example_branch_operator.py for tasks to queue
[2024-10-03T22:11:58.538+0000] {logging_mixin.py:190} INFO - [2024-10-03T22:11:58.537+0000] {dagbag.py:587} INFO - Filling up the DagBag from /home/airflow/.local/lib/python3.12/site-packages/airflow/example_dags/example_branch_operator.py
[2024-10-03T22:11:58.562+0000] {processor.py:925} INFO - DAG(s) 'example_branch_operator' retrieved from /home/airflow/.local/lib/python3.12/site-packages/airflow/example_dags/example_branch_operator.py
[2024-10-03T22:11:58.605+0000] {logging_mixin.py:190} INFO - [2024-10-03T22:11:58.605+0000] {dag.py:3229} INFO - Sync 1 DAGs
[2024-10-03T22:11:58.640+0000] {logging_mixin.py:190} INFO - [2024-10-03T22:11:58.639+0000] {dag.py:4156} INFO - Setting next_dagrun for example_branch_operator to 2024-10-02 00:00:00+00:00, run_after=2024-10-03 00:00:00+00:00
[2024-10-03T22:11:58.668+0000] {processor.py:208} INFO - Processing /home/airflow/.local/lib/python3.12/site-packages/airflow/example_dags/example_branch_operator.py took 0.142 seconds
[2024-10-03T22:12:29.355+0000] {processor.py:186} INFO - Started process (PID=924) to work on /home/airflow/.local/lib/python3.12/site-packages/airflow/example_dags/example_branch_operator.py
[2024-10-03T22:12:29.356+0000] {processor.py:914} INFO - Processing file /home/airflow/.local/lib/python3.12/site-packages/airflow/example_dags/example_branch_operator.py for tasks to queue
[2024-10-03T22:12:29.360+0000] {logging_mixin.py:190} INFO - [2024-10-03T22:12:29.360+0000] {dagbag.py:587} INFO - Filling up the DagBag from /home/airflow/.local/lib/python3.12/site-packages/airflow/example_dags/example_branch_operator.py
[2024-10-03T22:12:29.388+0000] {processor.py:925} INFO - DAG(s) 'example_branch_operator' retrieved from /home/airflow/.local/lib/python3.12/site-packages/airflow/example_dags/example_branch_operator.py
[2024-10-03T22:12:29.439+0000] {logging_mixin.py:190} INFO - [2024-10-03T22:12:29.439+0000] {dag.py:3229} INFO - Sync 1 DAGs
[2024-10-03T22:12:29.483+0000] {logging_mixin.py:190} INFO - [2024-10-03T22:12:29.482+0000] {dag.py:4156} INFO - Setting next_dagrun for example_branch_operator to 2024-10-02 00:00:00+00:00, run_after=2024-10-03 00:00:00+00:00
[2024-10-03T22:12:29.516+0000] {processor.py:208} INFO - Processing /home/airflow/.local/lib/python3.12/site-packages/airflow/example_dags/example_branch_operator.py took 0.174 seconds
[2024-10-03T22:12:59.776+0000] {processor.py:186} INFO - Started process (PID=987) to work on /home/airflow/.local/lib/python3.12/site-packages/airflow/example_dags/example_branch_operator.py
[2024-10-03T22:12:59.777+0000] {processor.py:914} INFO - Processing file /home/airflow/.local/lib/python3.12/site-packages/airflow/example_dags/example_branch_operator.py for tasks to queue
[2024-10-03T22:12:59.780+0000] {logging_mixin.py:190} INFO - [2024-10-03T22:12:59.780+0000] {dagbag.py:587} INFO - Filling up the DagBag from /home/airflow/.local/lib/python3.12/site-packages/airflow/example_dags/example_branch_operator.py
[2024-10-03T22:12:59.805+0000] {processor.py:925} INFO - DAG(s) 'example_branch_operator' retrieved from /home/airflow/.local/lib/python3.12/site-packages/airflow/example_dags/example_branch_operator.py
[2024-10-03T22:12:59.854+0000] {logging_mixin.py:190} INFO - [2024-10-03T22:12:59.853+0000] {dag.py:3229} INFO - Sync 1 DAGs
[2024-10-03T22:12:59.886+0000] {logging_mixin.py:190} INFO - [2024-10-03T22:12:59.886+0000] {dag.py:4156} INFO - Setting next_dagrun for example_branch_operator to 2024-10-02 00:00:00+00:00, run_after=2024-10-03 00:00:00+00:00
[2024-10-03T22:12:59.921+0000] {processor.py:208} INFO - Processing /home/airflow/.local/lib/python3.12/site-packages/airflow/example_dags/example_branch_operator.py took 0.156 seconds
[2024-10-03T22:13:30.563+0000] {processor.py:186} INFO - Started process (PID=1051) to work on /home/airflow/.local/lib/python3.12/site-packages/airflow/example_dags/example_branch_operator.py
[2024-10-03T22:13:30.565+0000] {processor.py:914} INFO - Processing file /home/airflow/.local/lib/python3.12/site-packages/airflow/example_dags/example_branch_operator.py for tasks to queue
[2024-10-03T22:13:30.567+0000] {logging_mixin.py:190} INFO - [2024-10-03T22:13:30.567+0000] {dagbag.py:587} INFO - Filling up the DagBag from /home/airflow/.local/lib/python3.12/site-packages/airflow/example_dags/example_branch_operator.py
[2024-10-03T22:13:30.597+0000] {processor.py:925} INFO - DAG(s) 'example_branch_operator' retrieved from /home/airflow/.local/lib/python3.12/site-packages/airflow/example_dags/example_branch_operator.py
[2024-10-03T22:13:30.638+0000] {logging_mixin.py:190} INFO - [2024-10-03T22:13:30.637+0000] {dag.py:3229} INFO - Sync 1 DAGs
[2024-10-03T22:13:30.672+0000] {logging_mixin.py:190} INFO - [2024-10-03T22:13:30.671+0000] {dag.py:4156} INFO - Setting next_dagrun for example_branch_operator to 2024-10-02 00:00:00+00:00, run_after=2024-10-03 00:00:00+00:00
[2024-10-03T22:13:30.700+0000] {processor.py:208} INFO - Processing /home/airflow/.local/lib/python3.12/site-packages/airflow/example_dags/example_branch_operator.py took 0.146 seconds
[2024-10-03T22:14:01.204+0000] {processor.py:186} INFO - Started process (PID=1115) to work on /home/airflow/.local/lib/python3.12/site-packages/airflow/example_dags/example_branch_operator.py
[2024-10-03T22:14:01.205+0000] {processor.py:914} INFO - Processing file /home/airflow/.local/lib/python3.12/site-packages/airflow/example_dags/example_branch_operator.py for tasks to queue
[2024-10-03T22:14:01.208+0000] {logging_mixin.py:190} INFO - [2024-10-03T22:14:01.208+0000] {dagbag.py:587} INFO - Filling up the DagBag from /home/airflow/.local/lib/python3.12/site-packages/airflow/example_dags/example_branch_operator.py
[2024-10-03T22:14:01.235+0000] {processor.py:925} INFO - DAG(s) 'example_branch_operator' retrieved from /home/airflow/.local/lib/python3.12/site-packages/airflow/example_dags/example_branch_operator.py
[2024-10-03T22:14:01.277+0000] {logging_mixin.py:190} INFO - [2024-10-03T22:14:01.277+0000] {dag.py:3229} INFO - Sync 1 DAGs
[2024-10-03T22:14:01.318+0000] {logging_mixin.py:190} INFO - [2024-10-03T22:14:01.318+0000] {dag.py:4156} INFO - Setting next_dagrun for example_branch_operator to 2024-10-02 00:00:00+00:00, run_after=2024-10-03 00:00:00+00:00
[2024-10-03T22:14:01.348+0000] {processor.py:208} INFO - Processing /home/airflow/.local/lib/python3.12/site-packages/airflow/example_dags/example_branch_operator.py took 0.154 seconds
[2024-10-03T22:14:31.868+0000] {processor.py:186} INFO - Started process (PID=1178) to work on /home/airflow/.local/lib/python3.12/site-packages/airflow/example_dags/example_branch_operator.py
[2024-10-03T22:14:31.869+0000] {processor.py:914} INFO - Processing file /home/airflow/.local/lib/python3.12/site-packages/airflow/example_dags/example_branch_operator.py for tasks to queue
[2024-10-03T22:14:31.872+0000] {logging_mixin.py:190} INFO - [2024-10-03T22:14:31.871+0000] {dagbag.py:587} INFO - Filling up the DagBag from /home/airflow/.local/lib/python3.12/site-packages/airflow/example_dags/example_branch_operator.py
[2024-10-03T22:14:31.898+0000] {processor.py:925} INFO - DAG(s) 'example_branch_operator' retrieved from /home/airflow/.local/lib/python3.12/site-packages/airflow/example_dags/example_branch_operator.py
[2024-10-03T22:14:31.935+0000] {logging_mixin.py:190} INFO - [2024-10-03T22:14:31.934+0000] {dag.py:3229} INFO - Sync 1 DAGs
[2024-10-03T22:14:31.965+0000] {logging_mixin.py:190} INFO - [2024-10-03T22:14:31.965+0000] {dag.py:4156} INFO - Setting next_dagrun for example_branch_operator to 2024-10-02 00:00:00+00:00, run_after=2024-10-03 00:00:00+00:00
[2024-10-03T22:14:31.994+0000] {processor.py:208} INFO - Processing /home/airflow/.local/lib/python3.12/site-packages/airflow/example_dags/example_branch_operator.py took 0.136 seconds
[2024-10-03T22:15:02.288+0000] {processor.py:186} INFO - Started process (PID=1241) to work on /home/airflow/.local/lib/python3.12/site-packages/airflow/example_dags/example_branch_operator.py
[2024-10-03T22:15:02.289+0000] {processor.py:914} INFO - Processing file /home/airflow/.local/lib/python3.12/site-packages/airflow/example_dags/example_branch_operator.py for tasks to queue
[2024-10-03T22:15:02.293+0000] {logging_mixin.py:190} INFO - [2024-10-03T22:15:02.293+0000] {dagbag.py:587} INFO - Filling up the DagBag from /home/airflow/.local/lib/python3.12/site-packages/airflow/example_dags/example_branch_operator.py
[2024-10-03T22:15:02.318+0000] {processor.py:925} INFO - DAG(s) 'example_branch_operator' retrieved from /home/airflow/.local/lib/python3.12/site-packages/airflow/example_dags/example_branch_operator.py
[2024-10-03T22:15:02.360+0000] {logging_mixin.py:190} INFO - [2024-10-03T22:15:02.360+0000] {dag.py:3229} INFO - Sync 1 DAGs
[2024-10-03T22:15:02.394+0000] {logging_mixin.py:190} INFO - [2024-10-03T22:15:02.394+0000] {dag.py:4156} INFO - Setting next_dagrun for example_branch_operator to 2024-10-02 00:00:00+00:00, run_after=2024-10-03 00:00:00+00:00
[2024-10-03T22:15:02.421+0000] {processor.py:208} INFO - Processing /home/airflow/.local/lib/python3.12/site-packages/airflow/example_dags/example_branch_operator.py took 0.143 seconds
[2024-10-03T22:15:32.552+0000] {processor.py:186} INFO - Started process (PID=1304) to work on /home/airflow/.local/lib/python3.12/site-packages/airflow/example_dags/example_branch_operator.py
[2024-10-03T22:15:32.554+0000] {processor.py:914} INFO - Processing file /home/airflow/.local/lib/python3.12/site-packages/airflow/example_dags/example_branch_operator.py for tasks to queue
[2024-10-03T22:15:32.557+0000] {logging_mixin.py:190} INFO - [2024-10-03T22:15:32.557+0000] {dagbag.py:587} INFO - Filling up the DagBag from /home/airflow/.local/lib/python3.12/site-packages/airflow/example_dags/example_branch_operator.py
[2024-10-03T22:15:32.581+0000] {processor.py:925} INFO - DAG(s) 'example_branch_operator' retrieved from /home/airflow/.local/lib/python3.12/site-packages/airflow/example_dags/example_branch_operator.py
[2024-10-03T22:15:32.625+0000] {logging_mixin.py:190} INFO - [2024-10-03T22:15:32.625+0000] {dag.py:3229} INFO - Sync 1 DAGs
[2024-10-03T22:15:32.660+0000] {logging_mixin.py:190} INFO - [2024-10-03T22:15:32.660+0000] {dag.py:4156} INFO - Setting next_dagrun for example_branch_operator to 2024-10-02 00:00:00+00:00, run_after=2024-10-03 00:00:00+00:00
[2024-10-03T22:15:32.693+0000] {processor.py:208} INFO - Processing /home/airflow/.local/lib/python3.12/site-packages/airflow/example_dags/example_branch_operator.py took 0.149 seconds
[2024-10-03T22:16:02.946+0000] {processor.py:186} INFO - Started process (PID=1367) to work on /home/airflow/.local/lib/python3.12/site-packages/airflow/example_dags/example_branch_operator.py
[2024-10-03T22:16:02.947+0000] {processor.py:914} INFO - Processing file /home/airflow/.local/lib/python3.12/site-packages/airflow/example_dags/example_branch_operator.py for tasks to queue
[2024-10-03T22:16:02.951+0000] {logging_mixin.py:190} INFO - [2024-10-03T22:16:02.950+0000] {dagbag.py:587} INFO - Filling up the DagBag from /home/airflow/.local/lib/python3.12/site-packages/airflow/example_dags/example_branch_operator.py
[2024-10-03T22:16:02.977+0000] {processor.py:925} INFO - DAG(s) 'example_branch_operator' retrieved from /home/airflow/.local/lib/python3.12/site-packages/airflow/example_dags/example_branch_operator.py
[2024-10-03T22:16:03.019+0000] {logging_mixin.py:190} INFO - [2024-10-03T22:16:03.018+0000] {dag.py:3229} INFO - Sync 1 DAGs
[2024-10-03T22:16:03.052+0000] {logging_mixin.py:190} INFO - [2024-10-03T22:16:03.051+0000] {dag.py:4156} INFO - Setting next_dagrun for example_branch_operator to 2024-10-02 00:00:00+00:00, run_after=2024-10-03 00:00:00+00:00
[2024-10-03T22:16:03.082+0000] {processor.py:208} INFO - Processing /home/airflow/.local/lib/python3.12/site-packages/airflow/example_dags/example_branch_operator.py took 0.143 seconds
[2024-10-03T22:16:33.994+0000] {processor.py:186} INFO - Started process (PID=1430) to work on /home/airflow/.local/lib/python3.12/site-packages/airflow/example_dags/example_branch_operator.py
[2024-10-03T22:16:33.996+0000] {processor.py:914} INFO - Processing file /home/airflow/.local/lib/python3.12/site-packages/airflow/example_dags/example_branch_operator.py for tasks to queue
[2024-10-03T22:16:34.000+0000] {logging_mixin.py:190} INFO - [2024-10-03T22:16:34.000+0000] {dagbag.py:587} INFO - Filling up the DagBag from /home/airflow/.local/lib/python3.12/site-packages/airflow/example_dags/example_branch_operator.py
[2024-10-03T22:16:34.141+0000] {processor.py:925} INFO - DAG(s) 'example_branch_operator' retrieved from /home/airflow/.local/lib/python3.12/site-packages/airflow/example_dags/example_branch_operator.py
[2024-10-03T22:16:34.352+0000] {logging_mixin.py:190} INFO - [2024-10-03T22:16:34.352+0000] {dag.py:3229} INFO - Sync 1 DAGs
[2024-10-03T22:16:34.555+0000] {logging_mixin.py:190} INFO - [2024-10-03T22:16:34.554+0000] {dag.py:4156} INFO - Setting next_dagrun for example_branch_operator to 2024-10-02 00:00:00+00:00, run_after=2024-10-03 00:00:00+00:00
[2024-10-03T22:16:34.734+0000] {processor.py:208} INFO - Processing /home/airflow/.local/lib/python3.12/site-packages/airflow/example_dags/example_branch_operator.py took 0.786 seconds
[2024-10-03T22:17:05.230+0000] {processor.py:186} INFO - Started process (PID=1493) to work on /home/airflow/.local/lib/python3.12/site-packages/airflow/example_dags/example_branch_operator.py
[2024-10-03T22:17:05.232+0000] {processor.py:914} INFO - Processing file /home/airflow/.local/lib/python3.12/site-packages/airflow/example_dags/example_branch_operator.py for tasks to queue
[2024-10-03T22:17:05.236+0000] {logging_mixin.py:190} INFO - [2024-10-03T22:17:05.236+0000] {dagbag.py:587} INFO - Filling up the DagBag from /home/airflow/.local/lib/python3.12/site-packages/airflow/example_dags/example_branch_operator.py
[2024-10-03T22:17:05.337+0000] {processor.py:925} INFO - DAG(s) 'example_branch_operator' retrieved from /home/airflow/.local/lib/python3.12/site-packages/airflow/example_dags/example_branch_operator.py
[2024-10-03T22:17:05.522+0000] {logging_mixin.py:190} INFO - [2024-10-03T22:17:05.522+0000] {dag.py:3229} INFO - Sync 1 DAGs
[2024-10-03T22:17:05.656+0000] {logging_mixin.py:190} INFO - [2024-10-03T22:17:05.655+0000] {dag.py:4156} INFO - Setting next_dagrun for example_branch_operator to 2024-10-02 00:00:00+00:00, run_after=2024-10-03 00:00:00+00:00
[2024-10-03T22:17:05.742+0000] {processor.py:208} INFO - Processing /home/airflow/.local/lib/python3.12/site-packages/airflow/example_dags/example_branch_operator.py took 0.533 seconds
[2024-10-03T22:17:35.845+0000] {processor.py:186} INFO - Started process (PID=1555) to work on /home/airflow/.local/lib/python3.12/site-packages/airflow/example_dags/example_branch_operator.py
[2024-10-03T22:17:35.846+0000] {processor.py:914} INFO - Processing file /home/airflow/.local/lib/python3.12/site-packages/airflow/example_dags/example_branch_operator.py for tasks to queue
[2024-10-03T22:17:35.851+0000] {logging_mixin.py:190} INFO - [2024-10-03T22:17:35.850+0000] {dagbag.py:587} INFO - Filling up the DagBag from /home/airflow/.local/lib/python3.12/site-packages/airflow/example_dags/example_branch_operator.py
[2024-10-03T22:17:35.882+0000] {processor.py:925} INFO - DAG(s) 'example_branch_operator' retrieved from /home/airflow/.local/lib/python3.12/site-packages/airflow/example_dags/example_branch_operator.py
[2024-10-03T22:17:35.938+0000] {logging_mixin.py:190} INFO - [2024-10-03T22:17:35.937+0000] {dag.py:3229} INFO - Sync 1 DAGs
[2024-10-03T22:17:35.974+0000] {logging_mixin.py:190} INFO - [2024-10-03T22:17:35.974+0000] {dag.py:4156} INFO - Setting next_dagrun for example_branch_operator to 2024-10-02 00:00:00+00:00, run_after=2024-10-03 00:00:00+00:00
[2024-10-03T22:17:36.031+0000] {processor.py:208} INFO - Processing /home/airflow/.local/lib/python3.12/site-packages/airflow/example_dags/example_branch_operator.py took 0.195 seconds
[2024-10-03T22:18:06.598+0000] {processor.py:186} INFO - Started process (PID=1618) to work on /home/airflow/.local/lib/python3.12/site-packages/airflow/example_dags/example_branch_operator.py
[2024-10-03T22:18:06.600+0000] {processor.py:914} INFO - Processing file /home/airflow/.local/lib/python3.12/site-packages/airflow/example_dags/example_branch_operator.py for tasks to queue
[2024-10-03T22:18:06.604+0000] {logging_mixin.py:190} INFO - [2024-10-03T22:18:06.603+0000] {dagbag.py:587} INFO - Filling up the DagBag from /home/airflow/.local/lib/python3.12/site-packages/airflow/example_dags/example_branch_operator.py
[2024-10-03T22:18:06.635+0000] {processor.py:925} INFO - DAG(s) 'example_branch_operator' retrieved from /home/airflow/.local/lib/python3.12/site-packages/airflow/example_dags/example_branch_operator.py
[2024-10-03T22:18:06.679+0000] {logging_mixin.py:190} INFO - [2024-10-03T22:18:06.678+0000] {dag.py:3229} INFO - Sync 1 DAGs
[2024-10-03T22:18:06.719+0000] {logging_mixin.py:190} INFO - [2024-10-03T22:18:06.719+0000] {dag.py:4156} INFO - Setting next_dagrun for example_branch_operator to 2024-10-02 00:00:00+00:00, run_after=2024-10-03 00:00:00+00:00
[2024-10-03T22:18:06.755+0000] {processor.py:208} INFO - Processing /home/airflow/.local/lib/python3.12/site-packages/airflow/example_dags/example_branch_operator.py took 0.166 seconds
[2024-10-03T22:18:37.052+0000] {processor.py:186} INFO - Started process (PID=1681) to work on /home/airflow/.local/lib/python3.12/site-packages/airflow/example_dags/example_branch_operator.py
[2024-10-03T22:18:37.054+0000] {processor.py:914} INFO - Processing file /home/airflow/.local/lib/python3.12/site-packages/airflow/example_dags/example_branch_operator.py for tasks to queue
[2024-10-03T22:18:37.056+0000] {logging_mixin.py:190} INFO - [2024-10-03T22:18:37.056+0000] {dagbag.py:587} INFO - Filling up the DagBag from /home/airflow/.local/lib/python3.12/site-packages/airflow/example_dags/example_branch_operator.py
[2024-10-03T22:18:37.087+0000] {processor.py:925} INFO - DAG(s) 'example_branch_operator' retrieved from /home/airflow/.local/lib/python3.12/site-packages/airflow/example_dags/example_branch_operator.py
[2024-10-03T22:18:37.128+0000] {logging_mixin.py:190} INFO - [2024-10-03T22:18:37.128+0000] {dag.py:3229} INFO - Sync 1 DAGs
[2024-10-03T22:18:37.163+0000] {logging_mixin.py:190} INFO - [2024-10-03T22:18:37.163+0000] {dag.py:4156} INFO - Setting next_dagrun for example_branch_operator to 2024-10-02 00:00:00+00:00, run_after=2024-10-03 00:00:00+00:00
[2024-10-03T22:18:37.191+0000] {processor.py:208} INFO - Processing /home/airflow/.local/lib/python3.12/site-packages/airflow/example_dags/example_branch_operator.py took 0.148 seconds
[2024-10-03T22:19:07.471+0000] {processor.py:186} INFO - Started process (PID=1744) to work on /home/airflow/.local/lib/python3.12/site-packages/airflow/example_dags/example_branch_operator.py
[2024-10-03T22:19:07.472+0000] {processor.py:914} INFO - Processing file /home/airflow/.local/lib/python3.12/site-packages/airflow/example_dags/example_branch_operator.py for tasks to queue
[2024-10-03T22:19:07.475+0000] {logging_mixin.py:190} INFO - [2024-10-03T22:19:07.475+0000] {dagbag.py:587} INFO - Filling up the DagBag from /home/airflow/.local/lib/python3.12/site-packages/airflow/example_dags/example_branch_operator.py
[2024-10-03T22:19:07.497+0000] {processor.py:925} INFO - DAG(s) 'example_branch_operator' retrieved from /home/airflow/.local/lib/python3.12/site-packages/airflow/example_dags/example_branch_operator.py
[2024-10-03T22:19:07.534+0000] {logging_mixin.py:190} INFO - [2024-10-03T22:19:07.533+0000] {dag.py:3229} INFO - Sync 1 DAGs
[2024-10-03T22:19:07.561+0000] {logging_mixin.py:190} INFO - [2024-10-03T22:19:07.561+0000] {dag.py:4156} INFO - Setting next_dagrun for example_branch_operator to 2024-10-02 00:00:00+00:00, run_after=2024-10-03 00:00:00+00:00
[2024-10-03T22:19:07.585+0000] {processor.py:208} INFO - Processing /home/airflow/.local/lib/python3.12/site-packages/airflow/example_dags/example_branch_operator.py took 0.121 seconds
[2024-10-03T22:19:37.820+0000] {processor.py:186} INFO - Started process (PID=1807) to work on /home/airflow/.local/lib/python3.12/site-packages/airflow/example_dags/example_branch_operator.py
[2024-10-03T22:19:37.821+0000] {processor.py:914} INFO - Processing file /home/airflow/.local/lib/python3.12/site-packages/airflow/example_dags/example_branch_operator.py for tasks to queue
[2024-10-03T22:19:37.824+0000] {logging_mixin.py:190} INFO - [2024-10-03T22:19:37.824+0000] {dagbag.py:587} INFO - Filling up the DagBag from /home/airflow/.local/lib/python3.12/site-packages/airflow/example_dags/example_branch_operator.py
[2024-10-03T22:19:37.845+0000] {processor.py:925} INFO - DAG(s) 'example_branch_operator' retrieved from /home/airflow/.local/lib/python3.12/site-packages/airflow/example_dags/example_branch_operator.py
[2024-10-03T22:19:37.882+0000] {logging_mixin.py:190} INFO - [2024-10-03T22:19:37.882+0000] {dag.py:3229} INFO - Sync 1 DAGs
[2024-10-03T22:19:37.910+0000] {logging_mixin.py:190} INFO - [2024-10-03T22:19:37.909+0000] {dag.py:4156} INFO - Setting next_dagrun for example_branch_operator to 2024-10-02 00:00:00+00:00, run_after=2024-10-03 00:00:00+00:00
[2024-10-03T22:19:37.933+0000] {processor.py:208} INFO - Processing /home/airflow/.local/lib/python3.12/site-packages/airflow/example_dags/example_branch_operator.py took 0.121 seconds
[2024-10-03T22:20:08.020+0000] {processor.py:186} INFO - Started process (PID=1870) to work on /home/airflow/.local/lib/python3.12/site-packages/airflow/example_dags/example_branch_operator.py
[2024-10-03T22:20:08.021+0000] {processor.py:914} INFO - Processing file /home/airflow/.local/lib/python3.12/site-packages/airflow/example_dags/example_branch_operator.py for tasks to queue
[2024-10-03T22:20:08.025+0000] {logging_mixin.py:190} INFO - [2024-10-03T22:20:08.024+0000] {dagbag.py:587} INFO - Filling up the DagBag from /home/airflow/.local/lib/python3.12/site-packages/airflow/example_dags/example_branch_operator.py
[2024-10-03T22:20:08.047+0000] {processor.py:925} INFO - DAG(s) 'example_branch_operator' retrieved from /home/airflow/.local/lib/python3.12/site-packages/airflow/example_dags/example_branch_operator.py
[2024-10-03T22:20:08.085+0000] {logging_mixin.py:190} INFO - [2024-10-03T22:20:08.085+0000] {dag.py:3229} INFO - Sync 1 DAGs
[2024-10-03T22:20:08.114+0000] {logging_mixin.py:190} INFO - [2024-10-03T22:20:08.114+0000] {dag.py:4156} INFO - Setting next_dagrun for example_branch_operator to 2024-10-02 00:00:00+00:00, run_after=2024-10-03 00:00:00+00:00
[2024-10-03T22:20:08.149+0000] {processor.py:208} INFO - Processing /home/airflow/.local/lib/python3.12/site-packages/airflow/example_dags/example_branch_operator.py took 0.135 seconds
[2024-10-03T22:20:38.444+0000] {processor.py:186} INFO - Started process (PID=1933) to work on /home/airflow/.local/lib/python3.12/site-packages/airflow/example_dags/example_branch_operator.py
[2024-10-03T22:20:38.446+0000] {processor.py:914} INFO - Processing file /home/airflow/.local/lib/python3.12/site-packages/airflow/example_dags/example_branch_operator.py for tasks to queue
[2024-10-03T22:20:38.449+0000] {logging_mixin.py:190} INFO - [2024-10-03T22:20:38.448+0000] {dagbag.py:587} INFO - Filling up the DagBag from /home/airflow/.local/lib/python3.12/site-packages/airflow/example_dags/example_branch_operator.py
[2024-10-03T22:20:38.469+0000] {processor.py:925} INFO - DAG(s) 'example_branch_operator' retrieved from /home/airflow/.local/lib/python3.12/site-packages/airflow/example_dags/example_branch_operator.py
[2024-10-03T22:20:38.508+0000] {logging_mixin.py:190} INFO - [2024-10-03T22:20:38.507+0000] {dag.py:3229} INFO - Sync 1 DAGs
[2024-10-03T22:20:38.538+0000] {logging_mixin.py:190} INFO - [2024-10-03T22:20:38.537+0000] {dag.py:4156} INFO - Setting next_dagrun for example_branch_operator to 2024-10-02 00:00:00+00:00, run_after=2024-10-03 00:00:00+00:00
[2024-10-03T22:20:38.568+0000] {processor.py:208} INFO - Processing /home/airflow/.local/lib/python3.12/site-packages/airflow/example_dags/example_branch_operator.py took 0.130 seconds
[2024-10-03T22:21:08.947+0000] {processor.py:186} INFO - Started process (PID=1996) to work on /home/airflow/.local/lib/python3.12/site-packages/airflow/example_dags/example_branch_operator.py
[2024-10-03T22:21:08.948+0000] {processor.py:914} INFO - Processing file /home/airflow/.local/lib/python3.12/site-packages/airflow/example_dags/example_branch_operator.py for tasks to queue
[2024-10-03T22:21:08.951+0000] {logging_mixin.py:190} INFO - [2024-10-03T22:21:08.950+0000] {dagbag.py:587} INFO - Filling up the DagBag from /home/airflow/.local/lib/python3.12/site-packages/airflow/example_dags/example_branch_operator.py
[2024-10-03T22:21:08.976+0000] {processor.py:925} INFO - DAG(s) 'example_branch_operator' retrieved from /home/airflow/.local/lib/python3.12/site-packages/airflow/example_dags/example_branch_operator.py
[2024-10-03T22:21:09.015+0000] {logging_mixin.py:190} INFO - [2024-10-03T22:21:09.015+0000] {dag.py:3229} INFO - Sync 1 DAGs
[2024-10-03T22:21:09.047+0000] {logging_mixin.py:190} INFO - [2024-10-03T22:21:09.046+0000] {dag.py:4156} INFO - Setting next_dagrun for example_branch_operator to 2024-10-02 00:00:00+00:00, run_after=2024-10-03 00:00:00+00:00
[2024-10-03T22:21:09.080+0000] {processor.py:208} INFO - Processing /home/airflow/.local/lib/python3.12/site-packages/airflow/example_dags/example_branch_operator.py took 0.140 seconds
[2024-10-03T22:21:39.143+0000] {processor.py:186} INFO - Started process (PID=2059) to work on /home/airflow/.local/lib/python3.12/site-packages/airflow/example_dags/example_branch_operator.py
[2024-10-03T22:21:39.145+0000] {processor.py:914} INFO - Processing file /home/airflow/.local/lib/python3.12/site-packages/airflow/example_dags/example_branch_operator.py for tasks to queue
[2024-10-03T22:21:39.147+0000] {logging_mixin.py:190} INFO - [2024-10-03T22:21:39.147+0000] {dagbag.py:587} INFO - Filling up the DagBag from /home/airflow/.local/lib/python3.12/site-packages/airflow/example_dags/example_branch_operator.py
[2024-10-03T22:21:39.168+0000] {processor.py:925} INFO - DAG(s) 'example_branch_operator' retrieved from /home/airflow/.local/lib/python3.12/site-packages/airflow/example_dags/example_branch_operator.py
[2024-10-03T22:21:39.203+0000] {logging_mixin.py:190} INFO - [2024-10-03T22:21:39.203+0000] {dag.py:3229} INFO - Sync 1 DAGs
[2024-10-03T22:21:39.232+0000] {logging_mixin.py:190} INFO - [2024-10-03T22:21:39.232+0000] {dag.py:4156} INFO - Setting next_dagrun for example_branch_operator to 2024-10-02 00:00:00+00:00, run_after=2024-10-03 00:00:00+00:00
[2024-10-03T22:21:39.260+0000] {processor.py:208} INFO - Processing /home/airflow/.local/lib/python3.12/site-packages/airflow/example_dags/example_branch_operator.py took 0.124 seconds
[2024-10-03T22:22:09.329+0000] {processor.py:186} INFO - Started process (PID=2122) to work on /home/airflow/.local/lib/python3.12/site-packages/airflow/example_dags/example_branch_operator.py
[2024-10-03T22:22:09.330+0000] {processor.py:914} INFO - Processing file /home/airflow/.local/lib/python3.12/site-packages/airflow/example_dags/example_branch_operator.py for tasks to queue
[2024-10-03T22:22:09.333+0000] {logging_mixin.py:190} INFO - [2024-10-03T22:22:09.333+0000] {dagbag.py:587} INFO - Filling up the DagBag from /home/airflow/.local/lib/python3.12/site-packages/airflow/example_dags/example_branch_operator.py
[2024-10-03T22:22:09.354+0000] {processor.py:925} INFO - DAG(s) 'example_branch_operator' retrieved from /home/airflow/.local/lib/python3.12/site-packages/airflow/example_dags/example_branch_operator.py
[2024-10-03T22:22:09.394+0000] {logging_mixin.py:190} INFO - [2024-10-03T22:22:09.393+0000] {dag.py:3229} INFO - Sync 1 DAGs
[2024-10-03T22:22:09.424+0000] {logging_mixin.py:190} INFO - [2024-10-03T22:22:09.424+0000] {dag.py:4156} INFO - Setting next_dagrun for example_branch_operator to 2024-10-02 00:00:00+00:00, run_after=2024-10-03 00:00:00+00:00
[2024-10-03T22:22:09.447+0000] {processor.py:208} INFO - Processing /home/airflow/.local/lib/python3.12/site-packages/airflow/example_dags/example_branch_operator.py took 0.125 seconds
[2024-10-03T22:22:39.852+0000] {processor.py:186} INFO - Started process (PID=2185) to work on /home/airflow/.local/lib/python3.12/site-packages/airflow/example_dags/example_branch_operator.py
[2024-10-03T22:22:39.854+0000] {processor.py:914} INFO - Processing file /home/airflow/.local/lib/python3.12/site-packages/airflow/example_dags/example_branch_operator.py for tasks to queue
[2024-10-03T22:22:39.856+0000] {logging_mixin.py:190} INFO - [2024-10-03T22:22:39.856+0000] {dagbag.py:587} INFO - Filling up the DagBag from /home/airflow/.local/lib/python3.12/site-packages/airflow/example_dags/example_branch_operator.py
[2024-10-03T22:22:39.878+0000] {processor.py:925} INFO - DAG(s) 'example_branch_operator' retrieved from /home/airflow/.local/lib/python3.12/site-packages/airflow/example_dags/example_branch_operator.py
[2024-10-03T22:22:39.914+0000] {logging_mixin.py:190} INFO - [2024-10-03T22:22:39.914+0000] {dag.py:3229} INFO - Sync 1 DAGs
[2024-10-03T22:22:39.942+0000] {logging_mixin.py:190} INFO - [2024-10-03T22:22:39.942+0000] {dag.py:4156} INFO - Setting next_dagrun for example_branch_operator to 2024-10-02 00:00:00+00:00, run_after=2024-10-03 00:00:00+00:00
[2024-10-03T22:22:39.975+0000] {processor.py:208} INFO - Processing /home/airflow/.local/lib/python3.12/site-packages/airflow/example_dags/example_branch_operator.py took 0.131 seconds
[2024-10-03T22:23:10.374+0000] {processor.py:186} INFO - Started process (PID=2247) to work on /home/airflow/.local/lib/python3.12/site-packages/airflow/example_dags/example_branch_operator.py
[2024-10-03T22:23:10.375+0000] {processor.py:914} INFO - Processing file /home/airflow/.local/lib/python3.12/site-packages/airflow/example_dags/example_branch_operator.py for tasks to queue
[2024-10-03T22:23:10.378+0000] {logging_mixin.py:190} INFO - [2024-10-03T22:23:10.377+0000] {dagbag.py:587} INFO - Filling up the DagBag from /home/airflow/.local/lib/python3.12/site-packages/airflow/example_dags/example_branch_operator.py
[2024-10-03T22:23:10.398+0000] {processor.py:925} INFO - DAG(s) 'example_branch_operator' retrieved from /home/airflow/.local/lib/python3.12/site-packages/airflow/example_dags/example_branch_operator.py
[2024-10-03T22:23:10.435+0000] {logging_mixin.py:190} INFO - [2024-10-03T22:23:10.435+0000] {dag.py:3229} INFO - Sync 1 DAGs
[2024-10-03T22:23:10.463+0000] {logging_mixin.py:190} INFO - [2024-10-03T22:23:10.463+0000] {dag.py:4156} INFO - Setting next_dagrun for example_branch_operator to 2024-10-02 00:00:00+00:00, run_after=2024-10-03 00:00:00+00:00
[2024-10-03T22:23:10.493+0000] {processor.py:208} INFO - Processing /home/airflow/.local/lib/python3.12/site-packages/airflow/example_dags/example_branch_operator.py took 0.126 seconds
[2024-10-03T22:23:41.037+0000] {processor.py:186} INFO - Started process (PID=2310) to work on /home/airflow/.local/lib/python3.12/site-packages/airflow/example_dags/example_branch_operator.py
[2024-10-03T22:23:41.038+0000] {processor.py:914} INFO - Processing file /home/airflow/.local/lib/python3.12/site-packages/airflow/example_dags/example_branch_operator.py for tasks to queue
[2024-10-03T22:23:41.041+0000] {logging_mixin.py:190} INFO - [2024-10-03T22:23:41.041+0000] {dagbag.py:587} INFO - Filling up the DagBag from /home/airflow/.local/lib/python3.12/site-packages/airflow/example_dags/example_branch_operator.py
[2024-10-03T22:23:41.068+0000] {processor.py:925} INFO - DAG(s) 'example_branch_operator' retrieved from /home/airflow/.local/lib/python3.12/site-packages/airflow/example_dags/example_branch_operator.py
[2024-10-03T22:23:41.135+0000] {logging_mixin.py:190} INFO - [2024-10-03T22:23:41.135+0000] {dag.py:3229} INFO - Sync 1 DAGs
[2024-10-03T22:23:41.263+0000] {logging_mixin.py:190} INFO - [2024-10-03T22:23:41.263+0000] {dag.py:4156} INFO - Setting next_dagrun for example_branch_operator to 2024-10-02 00:00:00+00:00, run_after=2024-10-03 00:00:00+00:00
[2024-10-03T22:23:41.323+0000] {processor.py:208} INFO - Processing /home/airflow/.local/lib/python3.12/site-packages/airflow/example_dags/example_branch_operator.py took 0.293 seconds
[2024-10-03T22:24:11.501+0000] {processor.py:186} INFO - Started process (PID=2373) to work on /home/airflow/.local/lib/python3.12/site-packages/airflow/example_dags/example_branch_operator.py
[2024-10-03T22:24:11.503+0000] {processor.py:914} INFO - Processing file /home/airflow/.local/lib/python3.12/site-packages/airflow/example_dags/example_branch_operator.py for tasks to queue
[2024-10-03T22:24:11.507+0000] {logging_mixin.py:190} INFO - [2024-10-03T22:24:11.507+0000] {dagbag.py:587} INFO - Filling up the DagBag from /home/airflow/.local/lib/python3.12/site-packages/airflow/example_dags/example_branch_operator.py
[2024-10-03T22:24:11.541+0000] {processor.py:925} INFO - DAG(s) 'example_branch_operator' retrieved from /home/airflow/.local/lib/python3.12/site-packages/airflow/example_dags/example_branch_operator.py
[2024-10-03T22:24:11.612+0000] {logging_mixin.py:190} INFO - [2024-10-03T22:24:11.612+0000] {dag.py:3229} INFO - Sync 1 DAGs
[2024-10-03T22:24:11.680+0000] {logging_mixin.py:190} INFO - [2024-10-03T22:24:11.676+0000] {dag.py:4156} INFO - Setting next_dagrun for example_branch_operator to 2024-10-02 00:00:00+00:00, run_after=2024-10-03 00:00:00+00:00
[2024-10-03T22:24:11.746+0000] {processor.py:208} INFO - Processing /home/airflow/.local/lib/python3.12/site-packages/airflow/example_dags/example_branch_operator.py took 0.257 seconds
[2024-10-03T22:24:42.595+0000] {processor.py:186} INFO - Started process (PID=2434) to work on /home/airflow/.local/lib/python3.12/site-packages/airflow/example_dags/example_branch_operator.py
[2024-10-03T22:24:42.597+0000] {processor.py:914} INFO - Processing file /home/airflow/.local/lib/python3.12/site-packages/airflow/example_dags/example_branch_operator.py for tasks to queue
[2024-10-03T22:24:42.601+0000] {logging_mixin.py:190} INFO - [2024-10-03T22:24:42.600+0000] {dagbag.py:587} INFO - Filling up the DagBag from /home/airflow/.local/lib/python3.12/site-packages/airflow/example_dags/example_branch_operator.py
[2024-10-03T22:24:42.627+0000] {processor.py:925} INFO - DAG(s) 'example_branch_operator' retrieved from /home/airflow/.local/lib/python3.12/site-packages/airflow/example_dags/example_branch_operator.py
[2024-10-03T22:24:42.674+0000] {logging_mixin.py:190} INFO - [2024-10-03T22:24:42.673+0000] {dag.py:3229} INFO - Sync 1 DAGs
[2024-10-03T22:24:42.712+0000] {logging_mixin.py:190} INFO - [2024-10-03T22:24:42.711+0000] {dag.py:4156} INFO - Setting next_dagrun for example_branch_operator to 2024-10-02 00:00:00+00:00, run_after=2024-10-03 00:00:00+00:00
[2024-10-03T22:24:42.749+0000] {processor.py:208} INFO - Processing /home/airflow/.local/lib/python3.12/site-packages/airflow/example_dags/example_branch_operator.py took 0.164 seconds
[2024-10-03T22:25:12.960+0000] {processor.py:186} INFO - Started process (PID=2497) to work on /home/airflow/.local/lib/python3.12/site-packages/airflow/example_dags/example_branch_operator.py
[2024-10-03T22:25:12.962+0000] {processor.py:914} INFO - Processing file /home/airflow/.local/lib/python3.12/site-packages/airflow/example_dags/example_branch_operator.py for tasks to queue
[2024-10-03T22:25:12.965+0000] {logging_mixin.py:190} INFO - [2024-10-03T22:25:12.965+0000] {dagbag.py:587} INFO - Filling up the DagBag from /home/airflow/.local/lib/python3.12/site-packages/airflow/example_dags/example_branch_operator.py
[2024-10-03T22:25:12.995+0000] {processor.py:925} INFO - DAG(s) 'example_branch_operator' retrieved from /home/airflow/.local/lib/python3.12/site-packages/airflow/example_dags/example_branch_operator.py
[2024-10-03T22:25:13.043+0000] {logging_mixin.py:190} INFO - [2024-10-03T22:25:13.043+0000] {dag.py:3229} INFO - Sync 1 DAGs
[2024-10-03T22:25:13.098+0000] {logging_mixin.py:190} INFO - [2024-10-03T22:25:13.098+0000] {dag.py:4156} INFO - Setting next_dagrun for example_branch_operator to 2024-10-02 00:00:00+00:00, run_after=2024-10-03 00:00:00+00:00
[2024-10-03T22:25:13.136+0000] {processor.py:208} INFO - Processing /home/airflow/.local/lib/python3.12/site-packages/airflow/example_dags/example_branch_operator.py took 0.184 seconds
[2024-10-03T22:25:43.618+0000] {processor.py:186} INFO - Started process (PID=2560) to work on /home/airflow/.local/lib/python3.12/site-packages/airflow/example_dags/example_branch_operator.py
[2024-10-03T22:25:43.623+0000] {processor.py:914} INFO - Processing file /home/airflow/.local/lib/python3.12/site-packages/airflow/example_dags/example_branch_operator.py for tasks to queue
[2024-10-03T22:25:43.627+0000] {logging_mixin.py:190} INFO - [2024-10-03T22:25:43.626+0000] {dagbag.py:587} INFO - Filling up the DagBag from /home/airflow/.local/lib/python3.12/site-packages/airflow/example_dags/example_branch_operator.py
[2024-10-03T22:25:43.667+0000] {processor.py:925} INFO - DAG(s) 'example_branch_operator' retrieved from /home/airflow/.local/lib/python3.12/site-packages/airflow/example_dags/example_branch_operator.py
[2024-10-03T22:25:43.728+0000] {logging_mixin.py:190} INFO - [2024-10-03T22:25:43.728+0000] {dag.py:3229} INFO - Sync 1 DAGs
[2024-10-03T22:25:43.785+0000] {logging_mixin.py:190} INFO - [2024-10-03T22:25:43.784+0000] {dag.py:4156} INFO - Setting next_dagrun for example_branch_operator to 2024-10-02 00:00:00+00:00, run_after=2024-10-03 00:00:00+00:00
[2024-10-03T22:25:43.814+0000] {processor.py:208} INFO - Processing /home/airflow/.local/lib/python3.12/site-packages/airflow/example_dags/example_branch_operator.py took 0.206 seconds
[2024-10-03T22:26:14.270+0000] {processor.py:186} INFO - Started process (PID=2623) to work on /home/airflow/.local/lib/python3.12/site-packages/airflow/example_dags/example_branch_operator.py
[2024-10-03T22:26:14.271+0000] {processor.py:914} INFO - Processing file /home/airflow/.local/lib/python3.12/site-packages/airflow/example_dags/example_branch_operator.py for tasks to queue
[2024-10-03T22:26:14.275+0000] {logging_mixin.py:190} INFO - [2024-10-03T22:26:14.275+0000] {dagbag.py:587} INFO - Filling up the DagBag from /home/airflow/.local/lib/python3.12/site-packages/airflow/example_dags/example_branch_operator.py
[2024-10-03T22:26:14.304+0000] {processor.py:925} INFO - DAG(s) 'example_branch_operator' retrieved from /home/airflow/.local/lib/python3.12/site-packages/airflow/example_dags/example_branch_operator.py
[2024-10-03T22:26:14.355+0000] {logging_mixin.py:190} INFO - [2024-10-03T22:26:14.354+0000] {dag.py:3229} INFO - Sync 1 DAGs
[2024-10-03T22:26:14.393+0000] {logging_mixin.py:190} INFO - [2024-10-03T22:26:14.392+0000] {dag.py:4156} INFO - Setting next_dagrun for example_branch_operator to 2024-10-02 00:00:00+00:00, run_after=2024-10-03 00:00:00+00:00
[2024-10-03T22:26:14.432+0000] {processor.py:208} INFO - Processing /home/airflow/.local/lib/python3.12/site-packages/airflow/example_dags/example_branch_operator.py took 0.170 seconds
[2024-10-03T22:26:44.612+0000] {processor.py:186} INFO - Started process (PID=2686) to work on /home/airflow/.local/lib/python3.12/site-packages/airflow/example_dags/example_branch_operator.py
[2024-10-03T22:26:44.614+0000] {processor.py:914} INFO - Processing file /home/airflow/.local/lib/python3.12/site-packages/airflow/example_dags/example_branch_operator.py for tasks to queue
[2024-10-03T22:26:44.616+0000] {logging_mixin.py:190} INFO - [2024-10-03T22:26:44.616+0000] {dagbag.py:587} INFO - Filling up the DagBag from /home/airflow/.local/lib/python3.12/site-packages/airflow/example_dags/example_branch_operator.py
[2024-10-03T22:26:44.642+0000] {processor.py:925} INFO - DAG(s) 'example_branch_operator' retrieved from /home/airflow/.local/lib/python3.12/site-packages/airflow/example_dags/example_branch_operator.py
[2024-10-03T22:26:44.688+0000] {logging_mixin.py:190} INFO - [2024-10-03T22:26:44.687+0000] {dag.py:3229} INFO - Sync 1 DAGs
[2024-10-03T22:26:44.726+0000] {logging_mixin.py:190} INFO - [2024-10-03T22:26:44.726+0000] {dag.py:4156} INFO - Setting next_dagrun for example_branch_operator to 2024-10-02 00:00:00+00:00, run_after=2024-10-03 00:00:00+00:00
[2024-10-03T22:26:44.772+0000] {processor.py:208} INFO - Processing /home/airflow/.local/lib/python3.12/site-packages/airflow/example_dags/example_branch_operator.py took 0.169 seconds
[2024-10-03T22:27:15.124+0000] {processor.py:186} INFO - Started process (PID=2750) to work on /home/airflow/.local/lib/python3.12/site-packages/airflow/example_dags/example_branch_operator.py
[2024-10-03T22:27:15.125+0000] {processor.py:914} INFO - Processing file /home/airflow/.local/lib/python3.12/site-packages/airflow/example_dags/example_branch_operator.py for tasks to queue
[2024-10-03T22:27:15.128+0000] {logging_mixin.py:190} INFO - [2024-10-03T22:27:15.128+0000] {dagbag.py:587} INFO - Filling up the DagBag from /home/airflow/.local/lib/python3.12/site-packages/airflow/example_dags/example_branch_operator.py
[2024-10-03T22:27:15.149+0000] {processor.py:925} INFO - DAG(s) 'example_branch_operator' retrieved from /home/airflow/.local/lib/python3.12/site-packages/airflow/example_dags/example_branch_operator.py
[2024-10-03T22:27:15.190+0000] {logging_mixin.py:190} INFO - [2024-10-03T22:27:15.190+0000] {dag.py:3229} INFO - Sync 1 DAGs
[2024-10-03T22:27:15.223+0000] {logging_mixin.py:190} INFO - [2024-10-03T22:27:15.222+0000] {dag.py:4156} INFO - Setting next_dagrun for example_branch_operator to 2024-10-02 00:00:00+00:00, run_after=2024-10-03 00:00:00+00:00
[2024-10-03T22:27:15.253+0000] {processor.py:208} INFO - Processing /home/airflow/.local/lib/python3.12/site-packages/airflow/example_dags/example_branch_operator.py took 0.136 seconds
[2024-10-03T22:27:45.419+0000] {processor.py:186} INFO - Started process (PID=2813) to work on /home/airflow/.local/lib/python3.12/site-packages/airflow/example_dags/example_branch_operator.py
[2024-10-03T22:27:45.421+0000] {processor.py:914} INFO - Processing file /home/airflow/.local/lib/python3.12/site-packages/airflow/example_dags/example_branch_operator.py for tasks to queue
[2024-10-03T22:27:45.426+0000] {logging_mixin.py:190} INFO - [2024-10-03T22:27:45.424+0000] {dagbag.py:587} INFO - Filling up the DagBag from /home/airflow/.local/lib/python3.12/site-packages/airflow/example_dags/example_branch_operator.py
[2024-10-03T22:27:45.476+0000] {processor.py:925} INFO - DAG(s) 'example_branch_operator' retrieved from /home/airflow/.local/lib/python3.12/site-packages/airflow/example_dags/example_branch_operator.py
[2024-10-03T22:27:45.566+0000] {logging_mixin.py:190} INFO - [2024-10-03T22:27:45.565+0000] {dag.py:3229} INFO - Sync 1 DAGs
[2024-10-03T22:27:45.629+0000] {logging_mixin.py:190} INFO - [2024-10-03T22:27:45.629+0000] {dag.py:4156} INFO - Setting next_dagrun for example_branch_operator to 2024-10-02 00:00:00+00:00, run_after=2024-10-03 00:00:00+00:00
[2024-10-03T22:27:45.688+0000] {processor.py:208} INFO - Processing /home/airflow/.local/lib/python3.12/site-packages/airflow/example_dags/example_branch_operator.py took 0.280 seconds
[2024-10-03T22:28:16.631+0000] {processor.py:186} INFO - Started process (PID=2875) to work on /home/airflow/.local/lib/python3.12/site-packages/airflow/example_dags/example_branch_operator.py
[2024-10-03T22:28:16.632+0000] {processor.py:914} INFO - Processing file /home/airflow/.local/lib/python3.12/site-packages/airflow/example_dags/example_branch_operator.py for tasks to queue
[2024-10-03T22:28:16.637+0000] {logging_mixin.py:190} INFO - [2024-10-03T22:28:16.636+0000] {dagbag.py:587} INFO - Filling up the DagBag from /home/airflow/.local/lib/python3.12/site-packages/airflow/example_dags/example_branch_operator.py
[2024-10-03T22:28:16.666+0000] {processor.py:925} INFO - DAG(s) 'example_branch_operator' retrieved from /home/airflow/.local/lib/python3.12/site-packages/airflow/example_dags/example_branch_operator.py
[2024-10-03T22:28:16.716+0000] {logging_mixin.py:190} INFO - [2024-10-03T22:28:16.715+0000] {dag.py:3229} INFO - Sync 1 DAGs
[2024-10-03T22:28:16.756+0000] {logging_mixin.py:190} INFO - [2024-10-03T22:28:16.755+0000] {dag.py:4156} INFO - Setting next_dagrun for example_branch_operator to 2024-10-02 00:00:00+00:00, run_after=2024-10-03 00:00:00+00:00
[2024-10-03T22:28:16.784+0000] {processor.py:208} INFO - Processing /home/airflow/.local/lib/python3.12/site-packages/airflow/example_dags/example_branch_operator.py took 0.165 seconds
[2024-10-03T22:28:47.193+0000] {processor.py:186} INFO - Started process (PID=2944) to work on /home/airflow/.local/lib/python3.12/site-packages/airflow/example_dags/example_branch_operator.py
[2024-10-03T22:28:47.194+0000] {processor.py:914} INFO - Processing file /home/airflow/.local/lib/python3.12/site-packages/airflow/example_dags/example_branch_operator.py for tasks to queue
[2024-10-03T22:28:47.197+0000] {logging_mixin.py:190} INFO - [2024-10-03T22:28:47.197+0000] {dagbag.py:587} INFO - Filling up the DagBag from /home/airflow/.local/lib/python3.12/site-packages/airflow/example_dags/example_branch_operator.py
[2024-10-03T22:28:47.224+0000] {processor.py:925} INFO - DAG(s) 'example_branch_operator' retrieved from /home/airflow/.local/lib/python3.12/site-packages/airflow/example_dags/example_branch_operator.py
[2024-10-03T22:28:47.267+0000] {logging_mixin.py:190} INFO - [2024-10-03T22:28:47.267+0000] {dag.py:3229} INFO - Sync 1 DAGs
[2024-10-03T22:28:47.300+0000] {logging_mixin.py:190} INFO - [2024-10-03T22:28:47.299+0000] {dag.py:4156} INFO - Setting next_dagrun for example_branch_operator to 2024-10-02 00:00:00+00:00, run_after=2024-10-03 00:00:00+00:00
[2024-10-03T22:28:47.331+0000] {processor.py:208} INFO - Processing /home/airflow/.local/lib/python3.12/site-packages/airflow/example_dags/example_branch_operator.py took 0.146 seconds
[2024-10-03T22:29:17.515+0000] {processor.py:186} INFO - Started process (PID=3007) to work on /home/airflow/.local/lib/python3.12/site-packages/airflow/example_dags/example_branch_operator.py
[2024-10-03T22:29:17.516+0000] {processor.py:914} INFO - Processing file /home/airflow/.local/lib/python3.12/site-packages/airflow/example_dags/example_branch_operator.py for tasks to queue
[2024-10-03T22:29:17.519+0000] {logging_mixin.py:190} INFO - [2024-10-03T22:29:17.519+0000] {dagbag.py:587} INFO - Filling up the DagBag from /home/airflow/.local/lib/python3.12/site-packages/airflow/example_dags/example_branch_operator.py
[2024-10-03T22:29:17.569+0000] {processor.py:925} INFO - DAG(s) 'example_branch_operator' retrieved from /home/airflow/.local/lib/python3.12/site-packages/airflow/example_dags/example_branch_operator.py
[2024-10-03T22:29:17.629+0000] {logging_mixin.py:190} INFO - [2024-10-03T22:29:17.629+0000] {dag.py:3229} INFO - Sync 1 DAGs
[2024-10-03T22:29:17.883+0000] {logging_mixin.py:190} INFO - [2024-10-03T22:29:17.883+0000] {dag.py:4156} INFO - Setting next_dagrun for example_branch_operator to 2024-10-02 00:00:00+00:00, run_after=2024-10-03 00:00:00+00:00
[2024-10-03T22:29:17.929+0000] {processor.py:208} INFO - Processing /home/airflow/.local/lib/python3.12/site-packages/airflow/example_dags/example_branch_operator.py took 0.423 seconds
[2024-10-03T22:29:48.079+0000] {processor.py:186} INFO - Started process (PID=3070) to work on /home/airflow/.local/lib/python3.12/site-packages/airflow/example_dags/example_branch_operator.py
[2024-10-03T22:29:48.081+0000] {processor.py:914} INFO - Processing file /home/airflow/.local/lib/python3.12/site-packages/airflow/example_dags/example_branch_operator.py for tasks to queue
[2024-10-03T22:29:48.084+0000] {logging_mixin.py:190} INFO - [2024-10-03T22:29:48.083+0000] {dagbag.py:587} INFO - Filling up the DagBag from /home/airflow/.local/lib/python3.12/site-packages/airflow/example_dags/example_branch_operator.py
[2024-10-03T22:29:48.106+0000] {processor.py:925} INFO - DAG(s) 'example_branch_operator' retrieved from /home/airflow/.local/lib/python3.12/site-packages/airflow/example_dags/example_branch_operator.py
[2024-10-03T22:29:48.143+0000] {logging_mixin.py:190} INFO - [2024-10-03T22:29:48.143+0000] {dag.py:3229} INFO - Sync 1 DAGs
[2024-10-03T22:29:48.173+0000] {logging_mixin.py:190} INFO - [2024-10-03T22:29:48.173+0000] {dag.py:4156} INFO - Setting next_dagrun for example_branch_operator to 2024-10-02 00:00:00+00:00, run_after=2024-10-03 00:00:00+00:00
[2024-10-03T22:29:48.393+0000] {processor.py:208} INFO - Processing /home/airflow/.local/lib/python3.12/site-packages/airflow/example_dags/example_branch_operator.py took 0.320 seconds
[2024-10-03T22:30:18.969+0000] {processor.py:186} INFO - Started process (PID=3133) to work on /home/airflow/.local/lib/python3.12/site-packages/airflow/example_dags/example_branch_operator.py
[2024-10-03T22:30:18.971+0000] {processor.py:914} INFO - Processing file /home/airflow/.local/lib/python3.12/site-packages/airflow/example_dags/example_branch_operator.py for tasks to queue
[2024-10-03T22:30:18.974+0000] {logging_mixin.py:190} INFO - [2024-10-03T22:30:18.973+0000] {dagbag.py:587} INFO - Filling up the DagBag from /home/airflow/.local/lib/python3.12/site-packages/airflow/example_dags/example_branch_operator.py
[2024-10-03T22:30:18.997+0000] {processor.py:925} INFO - DAG(s) 'example_branch_operator' retrieved from /home/airflow/.local/lib/python3.12/site-packages/airflow/example_dags/example_branch_operator.py
[2024-10-03T22:30:19.039+0000] {logging_mixin.py:190} INFO - [2024-10-03T22:30:19.038+0000] {dag.py:3229} INFO - Sync 1 DAGs
[2024-10-03T22:30:19.077+0000] {logging_mixin.py:190} INFO - [2024-10-03T22:30:19.077+0000] {dag.py:4156} INFO - Setting next_dagrun for example_branch_operator to 2024-10-02 00:00:00+00:00, run_after=2024-10-03 00:00:00+00:00
[2024-10-03T22:30:19.294+0000] {processor.py:208} INFO - Processing /home/airflow/.local/lib/python3.12/site-packages/airflow/example_dags/example_branch_operator.py took 0.334 seconds
[2024-10-03T22:30:49.820+0000] {processor.py:186} INFO - Started process (PID=3195) to work on /home/airflow/.local/lib/python3.12/site-packages/airflow/example_dags/example_branch_operator.py
[2024-10-03T22:30:49.821+0000] {processor.py:914} INFO - Processing file /home/airflow/.local/lib/python3.12/site-packages/airflow/example_dags/example_branch_operator.py for tasks to queue
[2024-10-03T22:30:49.824+0000] {logging_mixin.py:190} INFO - [2024-10-03T22:30:49.823+0000] {dagbag.py:587} INFO - Filling up the DagBag from /home/airflow/.local/lib/python3.12/site-packages/airflow/example_dags/example_branch_operator.py
[2024-10-03T22:30:49.849+0000] {processor.py:925} INFO - DAG(s) 'example_branch_operator' retrieved from /home/airflow/.local/lib/python3.12/site-packages/airflow/example_dags/example_branch_operator.py
[2024-10-03T22:30:49.894+0000] {logging_mixin.py:190} INFO - [2024-10-03T22:30:49.894+0000] {dag.py:3229} INFO - Sync 1 DAGs
[2024-10-03T22:30:50.142+0000] {logging_mixin.py:190} INFO - [2024-10-03T22:30:50.141+0000] {dag.py:4156} INFO - Setting next_dagrun for example_branch_operator to 2024-10-02 00:00:00+00:00, run_after=2024-10-03 00:00:00+00:00
[2024-10-03T22:30:50.180+0000] {processor.py:208} INFO - Processing /home/airflow/.local/lib/python3.12/site-packages/airflow/example_dags/example_branch_operator.py took 0.368 seconds
[2024-10-03T22:31:20.562+0000] {processor.py:186} INFO - Started process (PID=3258) to work on /home/airflow/.local/lib/python3.12/site-packages/airflow/example_dags/example_branch_operator.py
[2024-10-03T22:31:20.565+0000] {processor.py:914} INFO - Processing file /home/airflow/.local/lib/python3.12/site-packages/airflow/example_dags/example_branch_operator.py for tasks to queue
[2024-10-03T22:31:20.570+0000] {logging_mixin.py:190} INFO - [2024-10-03T22:31:20.569+0000] {dagbag.py:587} INFO - Filling up the DagBag from /home/airflow/.local/lib/python3.12/site-packages/airflow/example_dags/example_branch_operator.py
[2024-10-03T22:31:20.606+0000] {processor.py:925} INFO - DAG(s) 'example_branch_operator' retrieved from /home/airflow/.local/lib/python3.12/site-packages/airflow/example_dags/example_branch_operator.py
[2024-10-03T22:31:20.665+0000] {logging_mixin.py:190} INFO - [2024-10-03T22:31:20.665+0000] {dag.py:3229} INFO - Sync 1 DAGs
[2024-10-03T22:31:20.713+0000] {logging_mixin.py:190} INFO - [2024-10-03T22:31:20.713+0000] {dag.py:4156} INFO - Setting next_dagrun for example_branch_operator to 2024-10-02 00:00:00+00:00, run_after=2024-10-03 00:00:00+00:00
[2024-10-03T22:31:20.747+0000] {processor.py:208} INFO - Processing /home/airflow/.local/lib/python3.12/site-packages/airflow/example_dags/example_branch_operator.py took 0.200 seconds
[2024-10-03T22:31:50.833+0000] {processor.py:186} INFO - Started process (PID=3321) to work on /home/airflow/.local/lib/python3.12/site-packages/airflow/example_dags/example_branch_operator.py
[2024-10-03T22:31:50.835+0000] {processor.py:914} INFO - Processing file /home/airflow/.local/lib/python3.12/site-packages/airflow/example_dags/example_branch_operator.py for tasks to queue
[2024-10-03T22:31:50.840+0000] {logging_mixin.py:190} INFO - [2024-10-03T22:31:50.839+0000] {dagbag.py:587} INFO - Filling up the DagBag from /home/airflow/.local/lib/python3.12/site-packages/airflow/example_dags/example_branch_operator.py
[2024-10-03T22:31:50.881+0000] {processor.py:925} INFO - DAG(s) 'example_branch_operator' retrieved from /home/airflow/.local/lib/python3.12/site-packages/airflow/example_dags/example_branch_operator.py
[2024-10-03T22:31:50.984+0000] {logging_mixin.py:190} INFO - [2024-10-03T22:31:50.983+0000] {dag.py:3229} INFO - Sync 1 DAGs
[2024-10-03T22:31:51.094+0000] {logging_mixin.py:190} INFO - [2024-10-03T22:31:51.094+0000] {dag.py:4156} INFO - Setting next_dagrun for example_branch_operator to 2024-10-02 00:00:00+00:00, run_after=2024-10-03 00:00:00+00:00
[2024-10-03T22:31:51.182+0000] {processor.py:208} INFO - Processing /home/airflow/.local/lib/python3.12/site-packages/airflow/example_dags/example_branch_operator.py took 0.360 seconds
[2024-10-03T22:32:21.432+0000] {processor.py:186} INFO - Started process (PID=3384) to work on /home/airflow/.local/lib/python3.12/site-packages/airflow/example_dags/example_branch_operator.py
[2024-10-03T22:32:21.434+0000] {processor.py:914} INFO - Processing file /home/airflow/.local/lib/python3.12/site-packages/airflow/example_dags/example_branch_operator.py for tasks to queue
[2024-10-03T22:32:21.437+0000] {logging_mixin.py:190} INFO - [2024-10-03T22:32:21.437+0000] {dagbag.py:587} INFO - Filling up the DagBag from /home/airflow/.local/lib/python3.12/site-packages/airflow/example_dags/example_branch_operator.py
[2024-10-03T22:32:21.468+0000] {processor.py:925} INFO - DAG(s) 'example_branch_operator' retrieved from /home/airflow/.local/lib/python3.12/site-packages/airflow/example_dags/example_branch_operator.py
[2024-10-03T22:32:21.516+0000] {logging_mixin.py:190} INFO - [2024-10-03T22:32:21.515+0000] {dag.py:3229} INFO - Sync 1 DAGs
[2024-10-03T22:32:21.559+0000] {logging_mixin.py:190} INFO - [2024-10-03T22:32:21.558+0000] {dag.py:4156} INFO - Setting next_dagrun for example_branch_operator to 2024-10-02 00:00:00+00:00, run_after=2024-10-03 00:00:00+00:00
[2024-10-03T22:32:21.596+0000] {processor.py:208} INFO - Processing /home/airflow/.local/lib/python3.12/site-packages/airflow/example_dags/example_branch_operator.py took 0.173 seconds
[2024-10-03T22:32:51.800+0000] {processor.py:186} INFO - Started process (PID=3447) to work on /home/airflow/.local/lib/python3.12/site-packages/airflow/example_dags/example_branch_operator.py
[2024-10-03T22:32:51.802+0000] {processor.py:914} INFO - Processing file /home/airflow/.local/lib/python3.12/site-packages/airflow/example_dags/example_branch_operator.py for tasks to queue
[2024-10-03T22:32:51.806+0000] {logging_mixin.py:190} INFO - [2024-10-03T22:32:51.805+0000] {dagbag.py:587} INFO - Filling up the DagBag from /home/airflow/.local/lib/python3.12/site-packages/airflow/example_dags/example_branch_operator.py
[2024-10-03T22:32:51.842+0000] {processor.py:925} INFO - DAG(s) 'example_branch_operator' retrieved from /home/airflow/.local/lib/python3.12/site-packages/airflow/example_dags/example_branch_operator.py
[2024-10-03T22:32:51.897+0000] {logging_mixin.py:190} INFO - [2024-10-03T22:32:51.897+0000] {dag.py:3229} INFO - Sync 1 DAGs
[2024-10-03T22:32:51.949+0000] {logging_mixin.py:190} INFO - [2024-10-03T22:32:51.948+0000] {dag.py:4156} INFO - Setting next_dagrun for example_branch_operator to 2024-10-02 00:00:00+00:00, run_after=2024-10-03 00:00:00+00:00
[2024-10-03T22:32:51.991+0000] {processor.py:208} INFO - Processing /home/airflow/.local/lib/python3.12/site-packages/airflow/example_dags/example_branch_operator.py took 0.204 seconds
[2024-10-03T22:33:22.137+0000] {processor.py:186} INFO - Started process (PID=3509) to work on /home/airflow/.local/lib/python3.12/site-packages/airflow/example_dags/example_branch_operator.py
[2024-10-03T22:33:22.138+0000] {processor.py:914} INFO - Processing file /home/airflow/.local/lib/python3.12/site-packages/airflow/example_dags/example_branch_operator.py for tasks to queue
[2024-10-03T22:33:22.142+0000] {logging_mixin.py:190} INFO - [2024-10-03T22:33:22.141+0000] {dagbag.py:587} INFO - Filling up the DagBag from /home/airflow/.local/lib/python3.12/site-packages/airflow/example_dags/example_branch_operator.py
[2024-10-03T22:33:22.170+0000] {processor.py:925} INFO - DAG(s) 'example_branch_operator' retrieved from /home/airflow/.local/lib/python3.12/site-packages/airflow/example_dags/example_branch_operator.py
[2024-10-03T22:33:22.213+0000] {logging_mixin.py:190} INFO - [2024-10-03T22:33:22.212+0000] {dag.py:3229} INFO - Sync 1 DAGs
[2024-10-03T22:33:22.250+0000] {logging_mixin.py:190} INFO - [2024-10-03T22:33:22.249+0000] {dag.py:4156} INFO - Setting next_dagrun for example_branch_operator to 2024-10-02 00:00:00+00:00, run_after=2024-10-03 00:00:00+00:00
[2024-10-03T22:33:22.284+0000] {processor.py:208} INFO - Processing /home/airflow/.local/lib/python3.12/site-packages/airflow/example_dags/example_branch_operator.py took 0.155 seconds
[2024-10-03T22:33:52.736+0000] {processor.py:186} INFO - Started process (PID=3572) to work on /home/airflow/.local/lib/python3.12/site-packages/airflow/example_dags/example_branch_operator.py
[2024-10-03T22:33:52.737+0000] {processor.py:914} INFO - Processing file /home/airflow/.local/lib/python3.12/site-packages/airflow/example_dags/example_branch_operator.py for tasks to queue
[2024-10-03T22:33:52.740+0000] {logging_mixin.py:190} INFO - [2024-10-03T22:33:52.740+0000] {dagbag.py:587} INFO - Filling up the DagBag from /home/airflow/.local/lib/python3.12/site-packages/airflow/example_dags/example_branch_operator.py
[2024-10-03T22:33:52.772+0000] {processor.py:925} INFO - DAG(s) 'example_branch_operator' retrieved from /home/airflow/.local/lib/python3.12/site-packages/airflow/example_dags/example_branch_operator.py
[2024-10-03T22:33:52.814+0000] {logging_mixin.py:190} INFO - [2024-10-03T22:33:52.813+0000] {dag.py:3229} INFO - Sync 1 DAGs
[2024-10-03T22:33:52.852+0000] {logging_mixin.py:190} INFO - [2024-10-03T22:33:52.851+0000] {dag.py:4156} INFO - Setting next_dagrun for example_branch_operator to 2024-10-02 00:00:00+00:00, run_after=2024-10-03 00:00:00+00:00
[2024-10-03T22:33:52.881+0000] {processor.py:208} INFO - Processing /home/airflow/.local/lib/python3.12/site-packages/airflow/example_dags/example_branch_operator.py took 0.153 seconds
[2024-10-03T22:34:23.347+0000] {processor.py:186} INFO - Started process (PID=3635) to work on /home/airflow/.local/lib/python3.12/site-packages/airflow/example_dags/example_branch_operator.py
[2024-10-03T22:34:23.349+0000] {processor.py:914} INFO - Processing file /home/airflow/.local/lib/python3.12/site-packages/airflow/example_dags/example_branch_operator.py for tasks to queue
[2024-10-03T22:34:23.353+0000] {logging_mixin.py:190} INFO - [2024-10-03T22:34:23.352+0000] {dagbag.py:587} INFO - Filling up the DagBag from /home/airflow/.local/lib/python3.12/site-packages/airflow/example_dags/example_branch_operator.py
[2024-10-03T22:34:23.392+0000] {processor.py:925} INFO - DAG(s) 'example_branch_operator' retrieved from /home/airflow/.local/lib/python3.12/site-packages/airflow/example_dags/example_branch_operator.py
[2024-10-03T22:34:23.451+0000] {logging_mixin.py:190} INFO - [2024-10-03T22:34:23.451+0000] {dag.py:3229} INFO - Sync 1 DAGs
[2024-10-03T22:34:23.497+0000] {logging_mixin.py:190} INFO - [2024-10-03T22:34:23.497+0000] {dag.py:4156} INFO - Setting next_dagrun for example_branch_operator to 2024-10-02 00:00:00+00:00, run_after=2024-10-03 00:00:00+00:00
[2024-10-03T22:34:23.533+0000] {processor.py:208} INFO - Processing /home/airflow/.local/lib/python3.12/site-packages/airflow/example_dags/example_branch_operator.py took 0.198 seconds
[2024-10-03T22:34:54.129+0000] {processor.py:186} INFO - Started process (PID=3698) to work on /home/airflow/.local/lib/python3.12/site-packages/airflow/example_dags/example_branch_operator.py
[2024-10-03T22:34:54.133+0000] {processor.py:914} INFO - Processing file /home/airflow/.local/lib/python3.12/site-packages/airflow/example_dags/example_branch_operator.py for tasks to queue
[2024-10-03T22:34:54.137+0000] {logging_mixin.py:190} INFO - [2024-10-03T22:34:54.136+0000] {dagbag.py:587} INFO - Filling up the DagBag from /home/airflow/.local/lib/python3.12/site-packages/airflow/example_dags/example_branch_operator.py
[2024-10-03T22:34:54.166+0000] {processor.py:925} INFO - DAG(s) 'example_branch_operator' retrieved from /home/airflow/.local/lib/python3.12/site-packages/airflow/example_dags/example_branch_operator.py
[2024-10-03T22:34:54.215+0000] {logging_mixin.py:190} INFO - [2024-10-03T22:34:54.214+0000] {dag.py:3229} INFO - Sync 1 DAGs
[2024-10-03T22:34:54.255+0000] {logging_mixin.py:190} INFO - [2024-10-03T22:34:54.255+0000] {dag.py:4156} INFO - Setting next_dagrun for example_branch_operator to 2024-10-02 00:00:00+00:00, run_after=2024-10-03 00:00:00+00:00
[2024-10-03T22:34:54.295+0000] {processor.py:208} INFO - Processing /home/airflow/.local/lib/python3.12/site-packages/airflow/example_dags/example_branch_operator.py took 0.173 seconds
