[2024-10-03T22:05:48.248+0000] {processor.py:186} INFO - Started process (PID=109) to work on /home/airflow/.local/lib/python3.12/site-packages/airflow/example_dags/example_bash_operator.py
[2024-10-03T22:05:48.293+0000] {processor.py:914} INFO - Processing file /home/airflow/.local/lib/python3.12/site-packages/airflow/example_dags/example_bash_operator.py for tasks to queue
[2024-10-03T22:05:48.311+0000] {logging_mixin.py:190} INFO - [2024-10-03T22:05:48.310+0000] {dagbag.py:587} INFO - Filling up the DagBag from /home/airflow/.local/lib/python3.12/site-packages/airflow/example_dags/example_bash_operator.py
[2024-10-03T22:05:48.415+0000] {processor.py:925} INFO - DAG(s) 'example_bash_operator' retrieved from /home/airflow/.local/lib/python3.12/site-packages/airflow/example_dags/example_bash_operator.py
[2024-10-03T22:05:48.775+0000] {logging_mixin.py:190} INFO - [2024-10-03T22:05:48.775+0000] {dag.py:3229} INFO - Sync 1 DAGs
[2024-10-03T22:05:48.916+0000] {logging_mixin.py:190} INFO - [2024-10-03T22:05:48.915+0000] {dag.py:4156} INFO - Setting next_dagrun for example_bash_operator to 2024-10-02 00:00:00+00:00, run_after=2024-10-03 00:00:00+00:00
[2024-10-03T22:05:49.190+0000] {processor.py:208} INFO - Processing /home/airflow/.local/lib/python3.12/site-packages/airflow/example_dags/example_bash_operator.py took 1.062 seconds
[2024-10-03T22:06:19.490+0000] {processor.py:186} INFO - Started process (PID=172) to work on /home/airflow/.local/lib/python3.12/site-packages/airflow/example_dags/example_bash_operator.py
[2024-10-03T22:06:19.492+0000] {processor.py:914} INFO - Processing file /home/airflow/.local/lib/python3.12/site-packages/airflow/example_dags/example_bash_operator.py for tasks to queue
[2024-10-03T22:06:19.522+0000] {logging_mixin.py:190} INFO - [2024-10-03T22:06:19.522+0000] {dagbag.py:587} INFO - Filling up the DagBag from /home/airflow/.local/lib/python3.12/site-packages/airflow/example_dags/example_bash_operator.py
[2024-10-03T22:06:19.634+0000] {processor.py:925} INFO - DAG(s) 'example_bash_operator' retrieved from /home/airflow/.local/lib/python3.12/site-packages/airflow/example_dags/example_bash_operator.py
[2024-10-03T22:06:19.842+0000] {logging_mixin.py:190} INFO - [2024-10-03T22:06:19.842+0000] {dag.py:3229} INFO - Sync 1 DAGs
[2024-10-03T22:06:19.990+0000] {logging_mixin.py:190} INFO - [2024-10-03T22:06:19.989+0000] {dag.py:4156} INFO - Setting next_dagrun for example_bash_operator to 2024-10-02 00:00:00+00:00, run_after=2024-10-03 00:00:00+00:00
[2024-10-03T22:06:20.163+0000] {processor.py:208} INFO - Processing /home/airflow/.local/lib/python3.12/site-packages/airflow/example_dags/example_bash_operator.py took 0.719 seconds
[2024-10-03T22:06:50.684+0000] {processor.py:186} INFO - Started process (PID=235) to work on /home/airflow/.local/lib/python3.12/site-packages/airflow/example_dags/example_bash_operator.py
[2024-10-03T22:06:50.691+0000] {processor.py:914} INFO - Processing file /home/airflow/.local/lib/python3.12/site-packages/airflow/example_dags/example_bash_operator.py for tasks to queue
[2024-10-03T22:06:50.708+0000] {logging_mixin.py:190} INFO - [2024-10-03T22:06:50.707+0000] {dagbag.py:587} INFO - Filling up the DagBag from /home/airflow/.local/lib/python3.12/site-packages/airflow/example_dags/example_bash_operator.py
[2024-10-03T22:06:50.794+0000] {processor.py:925} INFO - DAG(s) 'example_bash_operator' retrieved from /home/airflow/.local/lib/python3.12/site-packages/airflow/example_dags/example_bash_operator.py
[2024-10-03T22:06:50.957+0000] {logging_mixin.py:190} INFO - [2024-10-03T22:06:50.956+0000] {dag.py:3229} INFO - Sync 1 DAGs
[2024-10-03T22:06:51.189+0000] {logging_mixin.py:190} INFO - [2024-10-03T22:06:51.189+0000] {dag.py:4156} INFO - Setting next_dagrun for example_bash_operator to 2024-10-02 00:00:00+00:00, run_after=2024-10-03 00:00:00+00:00
[2024-10-03T22:06:51.428+0000] {processor.py:208} INFO - Processing /home/airflow/.local/lib/python3.12/site-packages/airflow/example_dags/example_bash_operator.py took 0.765 seconds
[2024-10-03T22:07:21.920+0000] {processor.py:186} INFO - Started process (PID=298) to work on /home/airflow/.local/lib/python3.12/site-packages/airflow/example_dags/example_bash_operator.py
[2024-10-03T22:07:21.922+0000] {processor.py:914} INFO - Processing file /home/airflow/.local/lib/python3.12/site-packages/airflow/example_dags/example_bash_operator.py for tasks to queue
[2024-10-03T22:07:21.936+0000] {logging_mixin.py:190} INFO - [2024-10-03T22:07:21.935+0000] {dagbag.py:587} INFO - Filling up the DagBag from /home/airflow/.local/lib/python3.12/site-packages/airflow/example_dags/example_bash_operator.py
[2024-10-03T22:07:22.004+0000] {processor.py:925} INFO - DAG(s) 'example_bash_operator' retrieved from /home/airflow/.local/lib/python3.12/site-packages/airflow/example_dags/example_bash_operator.py
[2024-10-03T22:07:22.142+0000] {logging_mixin.py:190} INFO - [2024-10-03T22:07:22.131+0000] {dag.py:3229} INFO - Sync 1 DAGs
[2024-10-03T22:07:22.256+0000] {logging_mixin.py:190} INFO - [2024-10-03T22:07:22.255+0000] {dag.py:4156} INFO - Setting next_dagrun for example_bash_operator to 2024-10-02 00:00:00+00:00, run_after=2024-10-03 00:00:00+00:00
[2024-10-03T22:07:22.322+0000] {processor.py:208} INFO - Processing /home/airflow/.local/lib/python3.12/site-packages/airflow/example_dags/example_bash_operator.py took 0.424 seconds
[2024-10-03T22:07:54.521+0000] {processor.py:186} INFO - Started process (PID=362) to work on /home/airflow/.local/lib/python3.12/site-packages/airflow/example_dags/example_bash_operator.py
[2024-10-03T22:07:54.523+0000] {processor.py:914} INFO - Processing file /home/airflow/.local/lib/python3.12/site-packages/airflow/example_dags/example_bash_operator.py for tasks to queue
[2024-10-03T22:07:54.552+0000] {logging_mixin.py:190} INFO - [2024-10-03T22:07:54.536+0000] {dagbag.py:587} INFO - Filling up the DagBag from /home/airflow/.local/lib/python3.12/site-packages/airflow/example_dags/example_bash_operator.py
[2024-10-03T22:07:54.625+0000] {processor.py:925} INFO - DAG(s) 'example_bash_operator' retrieved from /home/airflow/.local/lib/python3.12/site-packages/airflow/example_dags/example_bash_operator.py
[2024-10-03T22:07:54.804+0000] {logging_mixin.py:190} INFO - [2024-10-03T22:07:54.803+0000] {dag.py:3229} INFO - Sync 1 DAGs
[2024-10-03T22:07:54.945+0000] {logging_mixin.py:190} INFO - [2024-10-03T22:07:54.945+0000] {dag.py:4156} INFO - Setting next_dagrun for example_bash_operator to 2024-10-02 00:00:00+00:00, run_after=2024-10-03 00:00:00+00:00
[2024-10-03T22:07:55.027+0000] {processor.py:208} INFO - Processing /home/airflow/.local/lib/python3.12/site-packages/airflow/example_dags/example_bash_operator.py took 0.535 seconds
[2024-10-03T22:08:25.699+0000] {processor.py:186} INFO - Started process (PID=425) to work on /home/airflow/.local/lib/python3.12/site-packages/airflow/example_dags/example_bash_operator.py
[2024-10-03T22:08:25.701+0000] {processor.py:914} INFO - Processing file /home/airflow/.local/lib/python3.12/site-packages/airflow/example_dags/example_bash_operator.py for tasks to queue
[2024-10-03T22:08:25.706+0000] {logging_mixin.py:190} INFO - [2024-10-03T22:08:25.706+0000] {dagbag.py:587} INFO - Filling up the DagBag from /home/airflow/.local/lib/python3.12/site-packages/airflow/example_dags/example_bash_operator.py
[2024-10-03T22:08:25.742+0000] {processor.py:925} INFO - DAG(s) 'example_bash_operator' retrieved from /home/airflow/.local/lib/python3.12/site-packages/airflow/example_dags/example_bash_operator.py
[2024-10-03T22:08:25.836+0000] {logging_mixin.py:190} INFO - [2024-10-03T22:08:25.835+0000] {dag.py:3229} INFO - Sync 1 DAGs
[2024-10-03T22:08:25.911+0000] {logging_mixin.py:190} INFO - [2024-10-03T22:08:25.911+0000] {dag.py:4156} INFO - Setting next_dagrun for example_bash_operator to 2024-10-02 00:00:00+00:00, run_after=2024-10-03 00:00:00+00:00
[2024-10-03T22:08:26.000+0000] {processor.py:208} INFO - Processing /home/airflow/.local/lib/python3.12/site-packages/airflow/example_dags/example_bash_operator.py took 0.313 seconds
[2024-10-03T22:08:56.252+0000] {processor.py:186} INFO - Started process (PID=489) to work on /home/airflow/.local/lib/python3.12/site-packages/airflow/example_dags/example_bash_operator.py
[2024-10-03T22:08:56.254+0000] {processor.py:914} INFO - Processing file /home/airflow/.local/lib/python3.12/site-packages/airflow/example_dags/example_bash_operator.py for tasks to queue
[2024-10-03T22:08:56.257+0000] {logging_mixin.py:190} INFO - [2024-10-03T22:08:56.257+0000] {dagbag.py:587} INFO - Filling up the DagBag from /home/airflow/.local/lib/python3.12/site-packages/airflow/example_dags/example_bash_operator.py
[2024-10-03T22:08:56.286+0000] {processor.py:925} INFO - DAG(s) 'example_bash_operator' retrieved from /home/airflow/.local/lib/python3.12/site-packages/airflow/example_dags/example_bash_operator.py
[2024-10-03T22:08:56.376+0000] {logging_mixin.py:190} INFO - [2024-10-03T22:08:56.376+0000] {dag.py:3229} INFO - Sync 1 DAGs
[2024-10-03T22:08:56.456+0000] {logging_mixin.py:190} INFO - [2024-10-03T22:08:56.455+0000] {dag.py:4156} INFO - Setting next_dagrun for example_bash_operator to 2024-10-02 00:00:00+00:00, run_after=2024-10-03 00:00:00+00:00
[2024-10-03T22:08:56.520+0000] {processor.py:208} INFO - Processing /home/airflow/.local/lib/python3.12/site-packages/airflow/example_dags/example_bash_operator.py took 0.278 seconds
[2024-10-03T22:09:26.651+0000] {processor.py:186} INFO - Started process (PID=552) to work on /home/airflow/.local/lib/python3.12/site-packages/airflow/example_dags/example_bash_operator.py
[2024-10-03T22:09:26.653+0000] {processor.py:914} INFO - Processing file /home/airflow/.local/lib/python3.12/site-packages/airflow/example_dags/example_bash_operator.py for tasks to queue
[2024-10-03T22:09:26.656+0000] {logging_mixin.py:190} INFO - [2024-10-03T22:09:26.656+0000] {dagbag.py:587} INFO - Filling up the DagBag from /home/airflow/.local/lib/python3.12/site-packages/airflow/example_dags/example_bash_operator.py
[2024-10-03T22:09:26.675+0000] {processor.py:925} INFO - DAG(s) 'example_bash_operator' retrieved from /home/airflow/.local/lib/python3.12/site-packages/airflow/example_dags/example_bash_operator.py
[2024-10-03T22:09:26.709+0000] {logging_mixin.py:190} INFO - [2024-10-03T22:09:26.708+0000] {dag.py:3229} INFO - Sync 1 DAGs
[2024-10-03T22:09:26.737+0000] {logging_mixin.py:190} INFO - [2024-10-03T22:09:26.737+0000] {dag.py:4156} INFO - Setting next_dagrun for example_bash_operator to 2024-10-02 00:00:00+00:00, run_after=2024-10-03 00:00:00+00:00
[2024-10-03T22:09:26.759+0000] {processor.py:208} INFO - Processing /home/airflow/.local/lib/python3.12/site-packages/airflow/example_dags/example_bash_operator.py took 0.115 seconds
[2024-10-03T22:09:56.935+0000] {processor.py:186} INFO - Started process (PID=615) to work on /home/airflow/.local/lib/python3.12/site-packages/airflow/example_dags/example_bash_operator.py
[2024-10-03T22:09:56.937+0000] {processor.py:914} INFO - Processing file /home/airflow/.local/lib/python3.12/site-packages/airflow/example_dags/example_bash_operator.py for tasks to queue
[2024-10-03T22:09:56.940+0000] {logging_mixin.py:190} INFO - [2024-10-03T22:09:56.939+0000] {dagbag.py:587} INFO - Filling up the DagBag from /home/airflow/.local/lib/python3.12/site-packages/airflow/example_dags/example_bash_operator.py
[2024-10-03T22:09:56.960+0000] {processor.py:925} INFO - DAG(s) 'example_bash_operator' retrieved from /home/airflow/.local/lib/python3.12/site-packages/airflow/example_dags/example_bash_operator.py
[2024-10-03T22:09:57.011+0000] {logging_mixin.py:190} INFO - [2024-10-03T22:09:57.011+0000] {dag.py:3229} INFO - Sync 1 DAGs
[2024-10-03T22:09:57.052+0000] {logging_mixin.py:190} INFO - [2024-10-03T22:09:57.052+0000] {dag.py:4156} INFO - Setting next_dagrun for example_bash_operator to 2024-10-02 00:00:00+00:00, run_after=2024-10-03 00:00:00+00:00
[2024-10-03T22:09:57.073+0000] {processor.py:208} INFO - Processing /home/airflow/.local/lib/python3.12/site-packages/airflow/example_dags/example_bash_operator.py took 0.146 seconds
[2024-10-03T22:10:28.089+0000] {processor.py:186} INFO - Started process (PID=677) to work on /home/airflow/.local/lib/python3.12/site-packages/airflow/example_dags/example_bash_operator.py
[2024-10-03T22:10:28.090+0000] {processor.py:914} INFO - Processing file /home/airflow/.local/lib/python3.12/site-packages/airflow/example_dags/example_bash_operator.py for tasks to queue
[2024-10-03T22:10:28.093+0000] {logging_mixin.py:190} INFO - [2024-10-03T22:10:28.093+0000] {dagbag.py:587} INFO - Filling up the DagBag from /home/airflow/.local/lib/python3.12/site-packages/airflow/example_dags/example_bash_operator.py
[2024-10-03T22:10:28.116+0000] {processor.py:925} INFO - DAG(s) 'example_bash_operator' retrieved from /home/airflow/.local/lib/python3.12/site-packages/airflow/example_dags/example_bash_operator.py
[2024-10-03T22:10:28.170+0000] {logging_mixin.py:190} INFO - [2024-10-03T22:10:28.169+0000] {dag.py:3229} INFO - Sync 1 DAGs
[2024-10-03T22:10:28.210+0000] {logging_mixin.py:190} INFO - [2024-10-03T22:10:28.210+0000] {dag.py:4156} INFO - Setting next_dagrun for example_bash_operator to 2024-10-02 00:00:00+00:00, run_after=2024-10-03 00:00:00+00:00
[2024-10-03T22:10:28.251+0000] {processor.py:208} INFO - Processing /home/airflow/.local/lib/python3.12/site-packages/airflow/example_dags/example_bash_operator.py took 0.170 seconds
[2024-10-03T22:10:58.573+0000] {processor.py:186} INFO - Started process (PID=740) to work on /home/airflow/.local/lib/python3.12/site-packages/airflow/example_dags/example_bash_operator.py
[2024-10-03T22:10:58.574+0000] {processor.py:914} INFO - Processing file /home/airflow/.local/lib/python3.12/site-packages/airflow/example_dags/example_bash_operator.py for tasks to queue
[2024-10-03T22:10:58.577+0000] {logging_mixin.py:190} INFO - [2024-10-03T22:10:58.576+0000] {dagbag.py:587} INFO - Filling up the DagBag from /home/airflow/.local/lib/python3.12/site-packages/airflow/example_dags/example_bash_operator.py
[2024-10-03T22:10:58.591+0000] {processor.py:925} INFO - DAG(s) 'example_bash_operator' retrieved from /home/airflow/.local/lib/python3.12/site-packages/airflow/example_dags/example_bash_operator.py
[2024-10-03T22:10:58.624+0000] {logging_mixin.py:190} INFO - [2024-10-03T22:10:58.624+0000] {dag.py:3229} INFO - Sync 1 DAGs
[2024-10-03T22:10:58.652+0000] {logging_mixin.py:190} INFO - [2024-10-03T22:10:58.652+0000] {dag.py:4156} INFO - Setting next_dagrun for example_bash_operator to 2024-10-02 00:00:00+00:00, run_after=2024-10-03 00:00:00+00:00
[2024-10-03T22:10:58.674+0000] {processor.py:208} INFO - Processing /home/airflow/.local/lib/python3.12/site-packages/airflow/example_dags/example_bash_operator.py took 0.107 seconds
[2024-10-03T22:11:29.479+0000] {processor.py:186} INFO - Started process (PID=803) to work on /home/airflow/.local/lib/python3.12/site-packages/airflow/example_dags/example_bash_operator.py
[2024-10-03T22:11:29.480+0000] {processor.py:914} INFO - Processing file /home/airflow/.local/lib/python3.12/site-packages/airflow/example_dags/example_bash_operator.py for tasks to queue
[2024-10-03T22:11:29.483+0000] {logging_mixin.py:190} INFO - [2024-10-03T22:11:29.483+0000] {dagbag.py:587} INFO - Filling up the DagBag from /home/airflow/.local/lib/python3.12/site-packages/airflow/example_dags/example_bash_operator.py
[2024-10-03T22:11:29.505+0000] {processor.py:925} INFO - DAG(s) 'example_bash_operator' retrieved from /home/airflow/.local/lib/python3.12/site-packages/airflow/example_dags/example_bash_operator.py
[2024-10-03T22:11:29.553+0000] {logging_mixin.py:190} INFO - [2024-10-03T22:11:29.552+0000] {dag.py:3229} INFO - Sync 1 DAGs
[2024-10-03T22:11:29.594+0000] {logging_mixin.py:190} INFO - [2024-10-03T22:11:29.593+0000] {dag.py:4156} INFO - Setting next_dagrun for example_bash_operator to 2024-10-02 00:00:00+00:00, run_after=2024-10-03 00:00:00+00:00
[2024-10-03T22:11:29.619+0000] {processor.py:208} INFO - Processing /home/airflow/.local/lib/python3.12/site-packages/airflow/example_dags/example_bash_operator.py took 0.147 seconds
[2024-10-03T22:12:00.017+0000] {processor.py:186} INFO - Started process (PID=866) to work on /home/airflow/.local/lib/python3.12/site-packages/airflow/example_dags/example_bash_operator.py
[2024-10-03T22:12:00.021+0000] {processor.py:914} INFO - Processing file /home/airflow/.local/lib/python3.12/site-packages/airflow/example_dags/example_bash_operator.py for tasks to queue
[2024-10-03T22:12:00.025+0000] {logging_mixin.py:190} INFO - [2024-10-03T22:12:00.025+0000] {dagbag.py:587} INFO - Filling up the DagBag from /home/airflow/.local/lib/python3.12/site-packages/airflow/example_dags/example_bash_operator.py
[2024-10-03T22:12:00.043+0000] {processor.py:925} INFO - DAG(s) 'example_bash_operator' retrieved from /home/airflow/.local/lib/python3.12/site-packages/airflow/example_dags/example_bash_operator.py
[2024-10-03T22:12:00.089+0000] {logging_mixin.py:190} INFO - [2024-10-03T22:12:00.088+0000] {dag.py:3229} INFO - Sync 1 DAGs
[2024-10-03T22:12:00.125+0000] {logging_mixin.py:190} INFO - [2024-10-03T22:12:00.124+0000] {dag.py:4156} INFO - Setting next_dagrun for example_bash_operator to 2024-10-02 00:00:00+00:00, run_after=2024-10-03 00:00:00+00:00
[2024-10-03T22:12:00.154+0000] {processor.py:208} INFO - Processing /home/airflow/.local/lib/python3.12/site-packages/airflow/example_dags/example_bash_operator.py took 0.146 seconds
[2024-10-03T22:12:30.920+0000] {processor.py:186} INFO - Started process (PID=929) to work on /home/airflow/.local/lib/python3.12/site-packages/airflow/example_dags/example_bash_operator.py
[2024-10-03T22:12:30.921+0000] {processor.py:914} INFO - Processing file /home/airflow/.local/lib/python3.12/site-packages/airflow/example_dags/example_bash_operator.py for tasks to queue
[2024-10-03T22:12:30.925+0000] {logging_mixin.py:190} INFO - [2024-10-03T22:12:30.924+0000] {dagbag.py:587} INFO - Filling up the DagBag from /home/airflow/.local/lib/python3.12/site-packages/airflow/example_dags/example_bash_operator.py
[2024-10-03T22:12:30.945+0000] {processor.py:925} INFO - DAG(s) 'example_bash_operator' retrieved from /home/airflow/.local/lib/python3.12/site-packages/airflow/example_dags/example_bash_operator.py
[2024-10-03T22:12:30.995+0000] {logging_mixin.py:190} INFO - [2024-10-03T22:12:30.994+0000] {dag.py:3229} INFO - Sync 1 DAGs
[2024-10-03T22:12:31.041+0000] {logging_mixin.py:190} INFO - [2024-10-03T22:12:31.041+0000] {dag.py:4156} INFO - Setting next_dagrun for example_bash_operator to 2024-10-02 00:00:00+00:00, run_after=2024-10-03 00:00:00+00:00
[2024-10-03T22:12:31.071+0000] {processor.py:208} INFO - Processing /home/airflow/.local/lib/python3.12/site-packages/airflow/example_dags/example_bash_operator.py took 0.161 seconds
[2024-10-03T22:13:01.499+0000] {processor.py:186} INFO - Started process (PID=992) to work on /home/airflow/.local/lib/python3.12/site-packages/airflow/example_dags/example_bash_operator.py
[2024-10-03T22:13:01.500+0000] {processor.py:914} INFO - Processing file /home/airflow/.local/lib/python3.12/site-packages/airflow/example_dags/example_bash_operator.py for tasks to queue
[2024-10-03T22:13:01.504+0000] {logging_mixin.py:190} INFO - [2024-10-03T22:13:01.503+0000] {dagbag.py:587} INFO - Filling up the DagBag from /home/airflow/.local/lib/python3.12/site-packages/airflow/example_dags/example_bash_operator.py
[2024-10-03T22:13:01.521+0000] {processor.py:925} INFO - DAG(s) 'example_bash_operator' retrieved from /home/airflow/.local/lib/python3.12/site-packages/airflow/example_dags/example_bash_operator.py
[2024-10-03T22:13:01.558+0000] {logging_mixin.py:190} INFO - [2024-10-03T22:13:01.557+0000] {dag.py:3229} INFO - Sync 1 DAGs
[2024-10-03T22:13:01.589+0000] {logging_mixin.py:190} INFO - [2024-10-03T22:13:01.588+0000] {dag.py:4156} INFO - Setting next_dagrun for example_bash_operator to 2024-10-02 00:00:00+00:00, run_after=2024-10-03 00:00:00+00:00
[2024-10-03T22:13:01.621+0000] {processor.py:208} INFO - Processing /home/airflow/.local/lib/python3.12/site-packages/airflow/example_dags/example_bash_operator.py took 0.130 seconds
[2024-10-03T22:13:32.086+0000] {processor.py:186} INFO - Started process (PID=1056) to work on /home/airflow/.local/lib/python3.12/site-packages/airflow/example_dags/example_bash_operator.py
[2024-10-03T22:13:32.087+0000] {processor.py:914} INFO - Processing file /home/airflow/.local/lib/python3.12/site-packages/airflow/example_dags/example_bash_operator.py for tasks to queue
[2024-10-03T22:13:32.090+0000] {logging_mixin.py:190} INFO - [2024-10-03T22:13:32.089+0000] {dagbag.py:587} INFO - Filling up the DagBag from /home/airflow/.local/lib/python3.12/site-packages/airflow/example_dags/example_bash_operator.py
[2024-10-03T22:13:32.110+0000] {processor.py:925} INFO - DAG(s) 'example_bash_operator' retrieved from /home/airflow/.local/lib/python3.12/site-packages/airflow/example_dags/example_bash_operator.py
[2024-10-03T22:13:32.178+0000] {logging_mixin.py:190} INFO - [2024-10-03T22:13:32.177+0000] {dag.py:3229} INFO - Sync 1 DAGs
[2024-10-03T22:13:32.216+0000] {logging_mixin.py:190} INFO - [2024-10-03T22:13:32.215+0000] {dag.py:4156} INFO - Setting next_dagrun for example_bash_operator to 2024-10-02 00:00:00+00:00, run_after=2024-10-03 00:00:00+00:00
[2024-10-03T22:13:32.249+0000] {processor.py:208} INFO - Processing /home/airflow/.local/lib/python3.12/site-packages/airflow/example_dags/example_bash_operator.py took 0.171 seconds
[2024-10-03T22:14:02.747+0000] {processor.py:186} INFO - Started process (PID=1120) to work on /home/airflow/.local/lib/python3.12/site-packages/airflow/example_dags/example_bash_operator.py
[2024-10-03T22:14:02.748+0000] {processor.py:914} INFO - Processing file /home/airflow/.local/lib/python3.12/site-packages/airflow/example_dags/example_bash_operator.py for tasks to queue
[2024-10-03T22:14:02.751+0000] {logging_mixin.py:190} INFO - [2024-10-03T22:14:02.750+0000] {dagbag.py:587} INFO - Filling up the DagBag from /home/airflow/.local/lib/python3.12/site-packages/airflow/example_dags/example_bash_operator.py
[2024-10-03T22:14:02.775+0000] {processor.py:925} INFO - DAG(s) 'example_bash_operator' retrieved from /home/airflow/.local/lib/python3.12/site-packages/airflow/example_dags/example_bash_operator.py
[2024-10-03T22:14:02.818+0000] {logging_mixin.py:190} INFO - [2024-10-03T22:14:02.817+0000] {dag.py:3229} INFO - Sync 1 DAGs
[2024-10-03T22:14:02.854+0000] {logging_mixin.py:190} INFO - [2024-10-03T22:14:02.853+0000] {dag.py:4156} INFO - Setting next_dagrun for example_bash_operator to 2024-10-02 00:00:00+00:00, run_after=2024-10-03 00:00:00+00:00
[2024-10-03T22:14:02.900+0000] {processor.py:208} INFO - Processing /home/airflow/.local/lib/python3.12/site-packages/airflow/example_dags/example_bash_operator.py took 0.161 seconds
[2024-10-03T22:14:33.357+0000] {processor.py:186} INFO - Started process (PID=1183) to work on /home/airflow/.local/lib/python3.12/site-packages/airflow/example_dags/example_bash_operator.py
[2024-10-03T22:14:33.359+0000] {processor.py:914} INFO - Processing file /home/airflow/.local/lib/python3.12/site-packages/airflow/example_dags/example_bash_operator.py for tasks to queue
[2024-10-03T22:14:33.362+0000] {logging_mixin.py:190} INFO - [2024-10-03T22:14:33.362+0000] {dagbag.py:587} INFO - Filling up the DagBag from /home/airflow/.local/lib/python3.12/site-packages/airflow/example_dags/example_bash_operator.py
[2024-10-03T22:14:33.382+0000] {processor.py:925} INFO - DAG(s) 'example_bash_operator' retrieved from /home/airflow/.local/lib/python3.12/site-packages/airflow/example_dags/example_bash_operator.py
[2024-10-03T22:14:33.428+0000] {logging_mixin.py:190} INFO - [2024-10-03T22:14:33.428+0000] {dag.py:3229} INFO - Sync 1 DAGs
[2024-10-03T22:14:33.469+0000] {logging_mixin.py:190} INFO - [2024-10-03T22:14:33.468+0000] {dag.py:4156} INFO - Setting next_dagrun for example_bash_operator to 2024-10-02 00:00:00+00:00, run_after=2024-10-03 00:00:00+00:00
[2024-10-03T22:14:33.503+0000] {processor.py:208} INFO - Processing /home/airflow/.local/lib/python3.12/site-packages/airflow/example_dags/example_bash_operator.py took 0.154 seconds
[2024-10-03T22:15:03.794+0000] {processor.py:186} INFO - Started process (PID=1246) to work on /home/airflow/.local/lib/python3.12/site-packages/airflow/example_dags/example_bash_operator.py
[2024-10-03T22:15:03.795+0000] {processor.py:914} INFO - Processing file /home/airflow/.local/lib/python3.12/site-packages/airflow/example_dags/example_bash_operator.py for tasks to queue
[2024-10-03T22:15:03.799+0000] {logging_mixin.py:190} INFO - [2024-10-03T22:15:03.798+0000] {dagbag.py:587} INFO - Filling up the DagBag from /home/airflow/.local/lib/python3.12/site-packages/airflow/example_dags/example_bash_operator.py
[2024-10-03T22:15:03.822+0000] {processor.py:925} INFO - DAG(s) 'example_bash_operator' retrieved from /home/airflow/.local/lib/python3.12/site-packages/airflow/example_dags/example_bash_operator.py
[2024-10-03T22:15:03.875+0000] {logging_mixin.py:190} INFO - [2024-10-03T22:15:03.875+0000] {dag.py:3229} INFO - Sync 1 DAGs
[2024-10-03T22:15:03.916+0000] {logging_mixin.py:190} INFO - [2024-10-03T22:15:03.915+0000] {dag.py:4156} INFO - Setting next_dagrun for example_bash_operator to 2024-10-02 00:00:00+00:00, run_after=2024-10-03 00:00:00+00:00
[2024-10-03T22:15:03.946+0000] {processor.py:208} INFO - Processing /home/airflow/.local/lib/python3.12/site-packages/airflow/example_dags/example_bash_operator.py took 0.162 seconds
[2024-10-03T22:15:34.039+0000] {processor.py:186} INFO - Started process (PID=1309) to work on /home/airflow/.local/lib/python3.12/site-packages/airflow/example_dags/example_bash_operator.py
[2024-10-03T22:15:34.041+0000] {processor.py:914} INFO - Processing file /home/airflow/.local/lib/python3.12/site-packages/airflow/example_dags/example_bash_operator.py for tasks to queue
[2024-10-03T22:15:34.046+0000] {logging_mixin.py:190} INFO - [2024-10-03T22:15:34.045+0000] {dagbag.py:587} INFO - Filling up the DagBag from /home/airflow/.local/lib/python3.12/site-packages/airflow/example_dags/example_bash_operator.py
[2024-10-03T22:15:34.066+0000] {processor.py:925} INFO - DAG(s) 'example_bash_operator' retrieved from /home/airflow/.local/lib/python3.12/site-packages/airflow/example_dags/example_bash_operator.py
[2024-10-03T22:15:34.115+0000] {logging_mixin.py:190} INFO - [2024-10-03T22:15:34.114+0000] {dag.py:3229} INFO - Sync 1 DAGs
[2024-10-03T22:15:34.151+0000] {logging_mixin.py:190} INFO - [2024-10-03T22:15:34.151+0000] {dag.py:4156} INFO - Setting next_dagrun for example_bash_operator to 2024-10-02 00:00:00+00:00, run_after=2024-10-03 00:00:00+00:00
[2024-10-03T22:15:34.186+0000] {processor.py:208} INFO - Processing /home/airflow/.local/lib/python3.12/site-packages/airflow/example_dags/example_bash_operator.py took 0.155 seconds
[2024-10-03T22:16:04.303+0000] {processor.py:186} INFO - Started process (PID=1371) to work on /home/airflow/.local/lib/python3.12/site-packages/airflow/example_dags/example_bash_operator.py
[2024-10-03T22:16:04.305+0000] {processor.py:914} INFO - Processing file /home/airflow/.local/lib/python3.12/site-packages/airflow/example_dags/example_bash_operator.py for tasks to queue
[2024-10-03T22:16:04.307+0000] {logging_mixin.py:190} INFO - [2024-10-03T22:16:04.307+0000] {dagbag.py:587} INFO - Filling up the DagBag from /home/airflow/.local/lib/python3.12/site-packages/airflow/example_dags/example_bash_operator.py
[2024-10-03T22:16:04.331+0000] {processor.py:925} INFO - DAG(s) 'example_bash_operator' retrieved from /home/airflow/.local/lib/python3.12/site-packages/airflow/example_dags/example_bash_operator.py
[2024-10-03T22:16:04.379+0000] {logging_mixin.py:190} INFO - [2024-10-03T22:16:04.379+0000] {dag.py:3229} INFO - Sync 1 DAGs
[2024-10-03T22:16:04.415+0000] {logging_mixin.py:190} INFO - [2024-10-03T22:16:04.415+0000] {dag.py:4156} INFO - Setting next_dagrun for example_bash_operator to 2024-10-02 00:00:00+00:00, run_after=2024-10-03 00:00:00+00:00
[2024-10-03T22:16:04.446+0000] {processor.py:208} INFO - Processing /home/airflow/.local/lib/python3.12/site-packages/airflow/example_dags/example_bash_operator.py took 0.150 seconds
[2024-10-03T22:16:37.153+0000] {processor.py:186} INFO - Started process (PID=1435) to work on /home/airflow/.local/lib/python3.12/site-packages/airflow/example_dags/example_bash_operator.py
[2024-10-03T22:16:37.154+0000] {processor.py:914} INFO - Processing file /home/airflow/.local/lib/python3.12/site-packages/airflow/example_dags/example_bash_operator.py for tasks to queue
[2024-10-03T22:16:37.169+0000] {logging_mixin.py:190} INFO - [2024-10-03T22:16:37.158+0000] {dagbag.py:587} INFO - Filling up the DagBag from /home/airflow/.local/lib/python3.12/site-packages/airflow/example_dags/example_bash_operator.py
[2024-10-03T22:16:37.238+0000] {processor.py:925} INFO - DAG(s) 'example_bash_operator' retrieved from /home/airflow/.local/lib/python3.12/site-packages/airflow/example_dags/example_bash_operator.py
[2024-10-03T22:16:37.550+0000] {logging_mixin.py:190} INFO - [2024-10-03T22:16:37.550+0000] {dag.py:3229} INFO - Sync 1 DAGs
[2024-10-03T22:16:37.730+0000] {logging_mixin.py:190} INFO - [2024-10-03T22:16:37.729+0000] {dag.py:4156} INFO - Setting next_dagrun for example_bash_operator to 2024-10-02 00:00:00+00:00, run_after=2024-10-03 00:00:00+00:00
[2024-10-03T22:16:37.822+0000] {processor.py:208} INFO - Processing /home/airflow/.local/lib/python3.12/site-packages/airflow/example_dags/example_bash_operator.py took 0.728 seconds
[2024-10-03T22:17:08.719+0000] {processor.py:186} INFO - Started process (PID=1498) to work on /home/airflow/.local/lib/python3.12/site-packages/airflow/example_dags/example_bash_operator.py
[2024-10-03T22:17:08.721+0000] {processor.py:914} INFO - Processing file /home/airflow/.local/lib/python3.12/site-packages/airflow/example_dags/example_bash_operator.py for tasks to queue
[2024-10-03T22:17:08.753+0000] {logging_mixin.py:190} INFO - [2024-10-03T22:17:08.752+0000] {dagbag.py:587} INFO - Filling up the DagBag from /home/airflow/.local/lib/python3.12/site-packages/airflow/example_dags/example_bash_operator.py
[2024-10-03T22:17:08.902+0000] {processor.py:925} INFO - DAG(s) 'example_bash_operator' retrieved from /home/airflow/.local/lib/python3.12/site-packages/airflow/example_dags/example_bash_operator.py
[2024-10-03T22:17:09.092+0000] {logging_mixin.py:190} INFO - [2024-10-03T22:17:09.092+0000] {dag.py:3229} INFO - Sync 1 DAGs
[2024-10-03T22:17:09.291+0000] {logging_mixin.py:190} INFO - [2024-10-03T22:17:09.276+0000] {dag.py:4156} INFO - Setting next_dagrun for example_bash_operator to 2024-10-02 00:00:00+00:00, run_after=2024-10-03 00:00:00+00:00
[2024-10-03T22:17:09.472+0000] {processor.py:208} INFO - Processing /home/airflow/.local/lib/python3.12/site-packages/airflow/example_dags/example_bash_operator.py took 0.798 seconds
[2024-10-03T22:17:39.678+0000] {processor.py:186} INFO - Started process (PID=1561) to work on /home/airflow/.local/lib/python3.12/site-packages/airflow/example_dags/example_bash_operator.py
[2024-10-03T22:17:39.680+0000] {processor.py:914} INFO - Processing file /home/airflow/.local/lib/python3.12/site-packages/airflow/example_dags/example_bash_operator.py for tasks to queue
[2024-10-03T22:17:39.684+0000] {logging_mixin.py:190} INFO - [2024-10-03T22:17:39.683+0000] {dagbag.py:587} INFO - Filling up the DagBag from /home/airflow/.local/lib/python3.12/site-packages/airflow/example_dags/example_bash_operator.py
[2024-10-03T22:17:39.708+0000] {processor.py:925} INFO - DAG(s) 'example_bash_operator' retrieved from /home/airflow/.local/lib/python3.12/site-packages/airflow/example_dags/example_bash_operator.py
[2024-10-03T22:17:39.764+0000] {logging_mixin.py:190} INFO - [2024-10-03T22:17:39.764+0000] {dag.py:3229} INFO - Sync 1 DAGs
[2024-10-03T22:17:39.819+0000] {logging_mixin.py:190} INFO - [2024-10-03T22:17:39.819+0000] {dag.py:4156} INFO - Setting next_dagrun for example_bash_operator to 2024-10-02 00:00:00+00:00, run_after=2024-10-03 00:00:00+00:00
[2024-10-03T22:17:39.874+0000] {processor.py:208} INFO - Processing /home/airflow/.local/lib/python3.12/site-packages/airflow/example_dags/example_bash_operator.py took 0.207 seconds
[2024-10-03T22:18:10.166+0000] {processor.py:186} INFO - Started process (PID=1623) to work on /home/airflow/.local/lib/python3.12/site-packages/airflow/example_dags/example_bash_operator.py
[2024-10-03T22:18:10.167+0000] {processor.py:914} INFO - Processing file /home/airflow/.local/lib/python3.12/site-packages/airflow/example_dags/example_bash_operator.py for tasks to queue
[2024-10-03T22:18:10.170+0000] {logging_mixin.py:190} INFO - [2024-10-03T22:18:10.169+0000] {dagbag.py:587} INFO - Filling up the DagBag from /home/airflow/.local/lib/python3.12/site-packages/airflow/example_dags/example_bash_operator.py
[2024-10-03T22:18:10.189+0000] {processor.py:925} INFO - DAG(s) 'example_bash_operator' retrieved from /home/airflow/.local/lib/python3.12/site-packages/airflow/example_dags/example_bash_operator.py
[2024-10-03T22:18:10.231+0000] {logging_mixin.py:190} INFO - [2024-10-03T22:18:10.230+0000] {dag.py:3229} INFO - Sync 1 DAGs
[2024-10-03T22:18:10.269+0000] {logging_mixin.py:190} INFO - [2024-10-03T22:18:10.268+0000] {dag.py:4156} INFO - Setting next_dagrun for example_bash_operator to 2024-10-02 00:00:00+00:00, run_after=2024-10-03 00:00:00+00:00
[2024-10-03T22:18:10.300+0000] {processor.py:208} INFO - Processing /home/airflow/.local/lib/python3.12/site-packages/airflow/example_dags/example_bash_operator.py took 0.142 seconds
[2024-10-03T22:18:40.528+0000] {processor.py:186} INFO - Started process (PID=1686) to work on /home/airflow/.local/lib/python3.12/site-packages/airflow/example_dags/example_bash_operator.py
[2024-10-03T22:18:40.529+0000] {processor.py:914} INFO - Processing file /home/airflow/.local/lib/python3.12/site-packages/airflow/example_dags/example_bash_operator.py for tasks to queue
[2024-10-03T22:18:40.533+0000] {logging_mixin.py:190} INFO - [2024-10-03T22:18:40.532+0000] {dagbag.py:587} INFO - Filling up the DagBag from /home/airflow/.local/lib/python3.12/site-packages/airflow/example_dags/example_bash_operator.py
[2024-10-03T22:18:40.555+0000] {processor.py:925} INFO - DAG(s) 'example_bash_operator' retrieved from /home/airflow/.local/lib/python3.12/site-packages/airflow/example_dags/example_bash_operator.py
[2024-10-03T22:18:40.600+0000] {logging_mixin.py:190} INFO - [2024-10-03T22:18:40.599+0000] {dag.py:3229} INFO - Sync 1 DAGs
[2024-10-03T22:18:40.639+0000] {logging_mixin.py:190} INFO - [2024-10-03T22:18:40.639+0000] {dag.py:4156} INFO - Setting next_dagrun for example_bash_operator to 2024-10-02 00:00:00+00:00, run_after=2024-10-03 00:00:00+00:00
[2024-10-03T22:18:40.670+0000] {processor.py:208} INFO - Processing /home/airflow/.local/lib/python3.12/site-packages/airflow/example_dags/example_bash_operator.py took 0.152 seconds
[2024-10-03T22:19:10.816+0000] {processor.py:186} INFO - Started process (PID=1749) to work on /home/airflow/.local/lib/python3.12/site-packages/airflow/example_dags/example_bash_operator.py
[2024-10-03T22:19:10.818+0000] {processor.py:914} INFO - Processing file /home/airflow/.local/lib/python3.12/site-packages/airflow/example_dags/example_bash_operator.py for tasks to queue
[2024-10-03T22:19:10.821+0000] {logging_mixin.py:190} INFO - [2024-10-03T22:19:10.821+0000] {dagbag.py:587} INFO - Filling up the DagBag from /home/airflow/.local/lib/python3.12/site-packages/airflow/example_dags/example_bash_operator.py
[2024-10-03T22:19:10.839+0000] {processor.py:925} INFO - DAG(s) 'example_bash_operator' retrieved from /home/airflow/.local/lib/python3.12/site-packages/airflow/example_dags/example_bash_operator.py
[2024-10-03T22:19:10.882+0000] {logging_mixin.py:190} INFO - [2024-10-03T22:19:10.882+0000] {dag.py:3229} INFO - Sync 1 DAGs
[2024-10-03T22:19:10.916+0000] {logging_mixin.py:190} INFO - [2024-10-03T22:19:10.916+0000] {dag.py:4156} INFO - Setting next_dagrun for example_bash_operator to 2024-10-02 00:00:00+00:00, run_after=2024-10-03 00:00:00+00:00
[2024-10-03T22:19:10.949+0000] {processor.py:208} INFO - Processing /home/airflow/.local/lib/python3.12/site-packages/airflow/example_dags/example_bash_operator.py took 0.139 seconds
[2024-10-03T22:19:41.190+0000] {processor.py:186} INFO - Started process (PID=1813) to work on /home/airflow/.local/lib/python3.12/site-packages/airflow/example_dags/example_bash_operator.py
[2024-10-03T22:19:41.191+0000] {processor.py:914} INFO - Processing file /home/airflow/.local/lib/python3.12/site-packages/airflow/example_dags/example_bash_operator.py for tasks to queue
[2024-10-03T22:19:41.195+0000] {logging_mixin.py:190} INFO - [2024-10-03T22:19:41.194+0000] {dagbag.py:587} INFO - Filling up the DagBag from /home/airflow/.local/lib/python3.12/site-packages/airflow/example_dags/example_bash_operator.py
[2024-10-03T22:19:41.216+0000] {processor.py:925} INFO - DAG(s) 'example_bash_operator' retrieved from /home/airflow/.local/lib/python3.12/site-packages/airflow/example_dags/example_bash_operator.py
[2024-10-03T22:19:41.254+0000] {logging_mixin.py:190} INFO - [2024-10-03T22:19:41.254+0000] {dag.py:3229} INFO - Sync 1 DAGs
[2024-10-03T22:19:41.296+0000] {logging_mixin.py:190} INFO - [2024-10-03T22:19:41.295+0000] {dag.py:4156} INFO - Setting next_dagrun for example_bash_operator to 2024-10-02 00:00:00+00:00, run_after=2024-10-03 00:00:00+00:00
[2024-10-03T22:19:41.325+0000] {processor.py:208} INFO - Processing /home/airflow/.local/lib/python3.12/site-packages/airflow/example_dags/example_bash_operator.py took 0.145 seconds
[2024-10-03T22:20:11.398+0000] {processor.py:186} INFO - Started process (PID=1876) to work on /home/airflow/.local/lib/python3.12/site-packages/airflow/example_dags/example_bash_operator.py
[2024-10-03T22:20:11.399+0000] {processor.py:914} INFO - Processing file /home/airflow/.local/lib/python3.12/site-packages/airflow/example_dags/example_bash_operator.py for tasks to queue
[2024-10-03T22:20:11.403+0000] {logging_mixin.py:190} INFO - [2024-10-03T22:20:11.402+0000] {dagbag.py:587} INFO - Filling up the DagBag from /home/airflow/.local/lib/python3.12/site-packages/airflow/example_dags/example_bash_operator.py
[2024-10-03T22:20:11.420+0000] {processor.py:925} INFO - DAG(s) 'example_bash_operator' retrieved from /home/airflow/.local/lib/python3.12/site-packages/airflow/example_dags/example_bash_operator.py
[2024-10-03T22:20:11.461+0000] {logging_mixin.py:190} INFO - [2024-10-03T22:20:11.460+0000] {dag.py:3229} INFO - Sync 1 DAGs
[2024-10-03T22:20:11.491+0000] {logging_mixin.py:190} INFO - [2024-10-03T22:20:11.491+0000] {dag.py:4156} INFO - Setting next_dagrun for example_bash_operator to 2024-10-02 00:00:00+00:00, run_after=2024-10-03 00:00:00+00:00
[2024-10-03T22:20:11.529+0000] {processor.py:208} INFO - Processing /home/airflow/.local/lib/python3.12/site-packages/airflow/example_dags/example_bash_operator.py took 0.140 seconds
[2024-10-03T22:20:41.821+0000] {processor.py:186} INFO - Started process (PID=1939) to work on /home/airflow/.local/lib/python3.12/site-packages/airflow/example_dags/example_bash_operator.py
[2024-10-03T22:20:41.823+0000] {processor.py:914} INFO - Processing file /home/airflow/.local/lib/python3.12/site-packages/airflow/example_dags/example_bash_operator.py for tasks to queue
[2024-10-03T22:20:41.827+0000] {logging_mixin.py:190} INFO - [2024-10-03T22:20:41.826+0000] {dagbag.py:587} INFO - Filling up the DagBag from /home/airflow/.local/lib/python3.12/site-packages/airflow/example_dags/example_bash_operator.py
[2024-10-03T22:20:41.848+0000] {processor.py:925} INFO - DAG(s) 'example_bash_operator' retrieved from /home/airflow/.local/lib/python3.12/site-packages/airflow/example_dags/example_bash_operator.py
[2024-10-03T22:20:41.888+0000] {logging_mixin.py:190} INFO - [2024-10-03T22:20:41.887+0000] {dag.py:3229} INFO - Sync 1 DAGs
[2024-10-03T22:20:41.927+0000] {logging_mixin.py:190} INFO - [2024-10-03T22:20:41.927+0000] {dag.py:4156} INFO - Setting next_dagrun for example_bash_operator to 2024-10-02 00:00:00+00:00, run_after=2024-10-03 00:00:00+00:00
[2024-10-03T22:20:41.967+0000] {processor.py:208} INFO - Processing /home/airflow/.local/lib/python3.12/site-packages/airflow/example_dags/example_bash_operator.py took 0.156 seconds
[2024-10-03T22:21:12.328+0000] {processor.py:186} INFO - Started process (PID=2002) to work on /home/airflow/.local/lib/python3.12/site-packages/airflow/example_dags/example_bash_operator.py
[2024-10-03T22:21:12.329+0000] {processor.py:914} INFO - Processing file /home/airflow/.local/lib/python3.12/site-packages/airflow/example_dags/example_bash_operator.py for tasks to queue
[2024-10-03T22:21:12.332+0000] {logging_mixin.py:190} INFO - [2024-10-03T22:21:12.332+0000] {dagbag.py:587} INFO - Filling up the DagBag from /home/airflow/.local/lib/python3.12/site-packages/airflow/example_dags/example_bash_operator.py
[2024-10-03T22:21:12.351+0000] {processor.py:925} INFO - DAG(s) 'example_bash_operator' retrieved from /home/airflow/.local/lib/python3.12/site-packages/airflow/example_dags/example_bash_operator.py
[2024-10-03T22:21:12.387+0000] {logging_mixin.py:190} INFO - [2024-10-03T22:21:12.386+0000] {dag.py:3229} INFO - Sync 1 DAGs
[2024-10-03T22:21:12.420+0000] {logging_mixin.py:190} INFO - [2024-10-03T22:21:12.420+0000] {dag.py:4156} INFO - Setting next_dagrun for example_bash_operator to 2024-10-02 00:00:00+00:00, run_after=2024-10-03 00:00:00+00:00
[2024-10-03T22:21:12.449+0000] {processor.py:208} INFO - Processing /home/airflow/.local/lib/python3.12/site-packages/airflow/example_dags/example_bash_operator.py took 0.129 seconds
[2024-10-03T22:21:42.650+0000] {processor.py:186} INFO - Started process (PID=2065) to work on /home/airflow/.local/lib/python3.12/site-packages/airflow/example_dags/example_bash_operator.py
[2024-10-03T22:21:42.651+0000] {processor.py:914} INFO - Processing file /home/airflow/.local/lib/python3.12/site-packages/airflow/example_dags/example_bash_operator.py for tasks to queue
[2024-10-03T22:21:42.655+0000] {logging_mixin.py:190} INFO - [2024-10-03T22:21:42.655+0000] {dagbag.py:587} INFO - Filling up the DagBag from /home/airflow/.local/lib/python3.12/site-packages/airflow/example_dags/example_bash_operator.py
[2024-10-03T22:21:42.678+0000] {processor.py:925} INFO - DAG(s) 'example_bash_operator' retrieved from /home/airflow/.local/lib/python3.12/site-packages/airflow/example_dags/example_bash_operator.py
[2024-10-03T22:21:42.729+0000] {logging_mixin.py:190} INFO - [2024-10-03T22:21:42.728+0000] {dag.py:3229} INFO - Sync 1 DAGs
[2024-10-03T22:21:42.775+0000] {logging_mixin.py:190} INFO - [2024-10-03T22:21:42.774+0000] {dag.py:4156} INFO - Setting next_dagrun for example_bash_operator to 2024-10-02 00:00:00+00:00, run_after=2024-10-03 00:00:00+00:00
[2024-10-03T22:21:42.807+0000] {processor.py:208} INFO - Processing /home/airflow/.local/lib/python3.12/site-packages/airflow/example_dags/example_bash_operator.py took 0.167 seconds
[2024-10-03T22:22:12.976+0000] {processor.py:186} INFO - Started process (PID=2128) to work on /home/airflow/.local/lib/python3.12/site-packages/airflow/example_dags/example_bash_operator.py
[2024-10-03T22:22:12.978+0000] {processor.py:914} INFO - Processing file /home/airflow/.local/lib/python3.12/site-packages/airflow/example_dags/example_bash_operator.py for tasks to queue
[2024-10-03T22:22:12.981+0000] {logging_mixin.py:190} INFO - [2024-10-03T22:22:12.980+0000] {dagbag.py:587} INFO - Filling up the DagBag from /home/airflow/.local/lib/python3.12/site-packages/airflow/example_dags/example_bash_operator.py
[2024-10-03T22:22:13.002+0000] {processor.py:925} INFO - DAG(s) 'example_bash_operator' retrieved from /home/airflow/.local/lib/python3.12/site-packages/airflow/example_dags/example_bash_operator.py
[2024-10-03T22:22:13.046+0000] {logging_mixin.py:190} INFO - [2024-10-03T22:22:13.045+0000] {dag.py:3229} INFO - Sync 1 DAGs
[2024-10-03T22:22:13.088+0000] {logging_mixin.py:190} INFO - [2024-10-03T22:22:13.087+0000] {dag.py:4156} INFO - Setting next_dagrun for example_bash_operator to 2024-10-02 00:00:00+00:00, run_after=2024-10-03 00:00:00+00:00
[2024-10-03T22:22:13.112+0000] {processor.py:208} INFO - Processing /home/airflow/.local/lib/python3.12/site-packages/airflow/example_dags/example_bash_operator.py took 0.142 seconds
[2024-10-03T22:22:43.181+0000] {processor.py:186} INFO - Started process (PID=2190) to work on /home/airflow/.local/lib/python3.12/site-packages/airflow/example_dags/example_bash_operator.py
[2024-10-03T22:22:43.182+0000] {processor.py:914} INFO - Processing file /home/airflow/.local/lib/python3.12/site-packages/airflow/example_dags/example_bash_operator.py for tasks to queue
[2024-10-03T22:22:43.186+0000] {logging_mixin.py:190} INFO - [2024-10-03T22:22:43.186+0000] {dagbag.py:587} INFO - Filling up the DagBag from /home/airflow/.local/lib/python3.12/site-packages/airflow/example_dags/example_bash_operator.py
[2024-10-03T22:22:43.206+0000] {processor.py:925} INFO - DAG(s) 'example_bash_operator' retrieved from /home/airflow/.local/lib/python3.12/site-packages/airflow/example_dags/example_bash_operator.py
[2024-10-03T22:22:43.241+0000] {logging_mixin.py:190} INFO - [2024-10-03T22:22:43.241+0000] {dag.py:3229} INFO - Sync 1 DAGs
[2024-10-03T22:22:43.274+0000] {logging_mixin.py:190} INFO - [2024-10-03T22:22:43.273+0000] {dag.py:4156} INFO - Setting next_dagrun for example_bash_operator to 2024-10-02 00:00:00+00:00, run_after=2024-10-03 00:00:00+00:00
[2024-10-03T22:22:43.304+0000] {processor.py:208} INFO - Processing /home/airflow/.local/lib/python3.12/site-packages/airflow/example_dags/example_bash_operator.py took 0.133 seconds
[2024-10-03T22:23:13.761+0000] {processor.py:186} INFO - Started process (PID=2252) to work on /home/airflow/.local/lib/python3.12/site-packages/airflow/example_dags/example_bash_operator.py
[2024-10-03T22:23:13.762+0000] {processor.py:914} INFO - Processing file /home/airflow/.local/lib/python3.12/site-packages/airflow/example_dags/example_bash_operator.py for tasks to queue
[2024-10-03T22:23:13.766+0000] {logging_mixin.py:190} INFO - [2024-10-03T22:23:13.766+0000] {dagbag.py:587} INFO - Filling up the DagBag from /home/airflow/.local/lib/python3.12/site-packages/airflow/example_dags/example_bash_operator.py
[2024-10-03T22:23:13.788+0000] {processor.py:925} INFO - DAG(s) 'example_bash_operator' retrieved from /home/airflow/.local/lib/python3.12/site-packages/airflow/example_dags/example_bash_operator.py
[2024-10-03T22:23:13.833+0000] {logging_mixin.py:190} INFO - [2024-10-03T22:23:13.833+0000] {dag.py:3229} INFO - Sync 1 DAGs
[2024-10-03T22:23:13.877+0000] {logging_mixin.py:190} INFO - [2024-10-03T22:23:13.876+0000] {dag.py:4156} INFO - Setting next_dagrun for example_bash_operator to 2024-10-02 00:00:00+00:00, run_after=2024-10-03 00:00:00+00:00
[2024-10-03T22:23:13.907+0000] {processor.py:208} INFO - Processing /home/airflow/.local/lib/python3.12/site-packages/airflow/example_dags/example_bash_operator.py took 0.158 seconds
[2024-10-03T22:23:44.323+0000] {processor.py:186} INFO - Started process (PID=2315) to work on /home/airflow/.local/lib/python3.12/site-packages/airflow/example_dags/example_bash_operator.py
[2024-10-03T22:23:44.325+0000] {processor.py:914} INFO - Processing file /home/airflow/.local/lib/python3.12/site-packages/airflow/example_dags/example_bash_operator.py for tasks to queue
[2024-10-03T22:23:44.332+0000] {logging_mixin.py:190} INFO - [2024-10-03T22:23:44.331+0000] {dagbag.py:587} INFO - Filling up the DagBag from /home/airflow/.local/lib/python3.12/site-packages/airflow/example_dags/example_bash_operator.py
[2024-10-03T22:23:44.372+0000] {processor.py:925} INFO - DAG(s) 'example_bash_operator' retrieved from /home/airflow/.local/lib/python3.12/site-packages/airflow/example_dags/example_bash_operator.py
[2024-10-03T22:23:44.510+0000] {logging_mixin.py:190} INFO - [2024-10-03T22:23:44.509+0000] {dag.py:3229} INFO - Sync 1 DAGs
[2024-10-03T22:23:44.664+0000] {logging_mixin.py:190} INFO - [2024-10-03T22:23:44.663+0000] {dag.py:4156} INFO - Setting next_dagrun for example_bash_operator to 2024-10-02 00:00:00+00:00, run_after=2024-10-03 00:00:00+00:00
[2024-10-03T22:23:45.341+0000] {processor.py:208} INFO - Processing /home/airflow/.local/lib/python3.12/site-packages/airflow/example_dags/example_bash_operator.py took 1.030 seconds
[2024-10-03T22:24:16.271+0000] {processor.py:186} INFO - Started process (PID=2379) to work on /home/airflow/.local/lib/python3.12/site-packages/airflow/example_dags/example_bash_operator.py
[2024-10-03T22:24:16.273+0000] {processor.py:914} INFO - Processing file /home/airflow/.local/lib/python3.12/site-packages/airflow/example_dags/example_bash_operator.py for tasks to queue
[2024-10-03T22:24:16.276+0000] {logging_mixin.py:190} INFO - [2024-10-03T22:24:16.275+0000] {dagbag.py:587} INFO - Filling up the DagBag from /home/airflow/.local/lib/python3.12/site-packages/airflow/example_dags/example_bash_operator.py
[2024-10-03T22:24:16.292+0000] {processor.py:925} INFO - DAG(s) 'example_bash_operator' retrieved from /home/airflow/.local/lib/python3.12/site-packages/airflow/example_dags/example_bash_operator.py
[2024-10-03T22:24:16.332+0000] {logging_mixin.py:190} INFO - [2024-10-03T22:24:16.332+0000] {dag.py:3229} INFO - Sync 1 DAGs
[2024-10-03T22:24:16.372+0000] {logging_mixin.py:190} INFO - [2024-10-03T22:24:16.372+0000] {dag.py:4156} INFO - Setting next_dagrun for example_bash_operator to 2024-10-02 00:00:00+00:00, run_after=2024-10-03 00:00:00+00:00
[2024-10-03T22:24:16.415+0000] {processor.py:208} INFO - Processing /home/airflow/.local/lib/python3.12/site-packages/airflow/example_dags/example_bash_operator.py took 0.154 seconds
[2024-10-03T22:24:46.524+0000] {processor.py:186} INFO - Started process (PID=2446) to work on /home/airflow/.local/lib/python3.12/site-packages/airflow/example_dags/example_bash_operator.py
[2024-10-03T22:24:46.525+0000] {processor.py:914} INFO - Processing file /home/airflow/.local/lib/python3.12/site-packages/airflow/example_dags/example_bash_operator.py for tasks to queue
[2024-10-03T22:24:46.528+0000] {logging_mixin.py:190} INFO - [2024-10-03T22:24:46.527+0000] {dagbag.py:587} INFO - Filling up the DagBag from /home/airflow/.local/lib/python3.12/site-packages/airflow/example_dags/example_bash_operator.py
[2024-10-03T22:24:46.550+0000] {processor.py:925} INFO - DAG(s) 'example_bash_operator' retrieved from /home/airflow/.local/lib/python3.12/site-packages/airflow/example_dags/example_bash_operator.py
[2024-10-03T22:24:46.599+0000] {logging_mixin.py:190} INFO - [2024-10-03T22:24:46.599+0000] {dag.py:3229} INFO - Sync 1 DAGs
[2024-10-03T22:24:46.641+0000] {logging_mixin.py:190} INFO - [2024-10-03T22:24:46.641+0000] {dag.py:4156} INFO - Setting next_dagrun for example_bash_operator to 2024-10-02 00:00:00+00:00, run_after=2024-10-03 00:00:00+00:00
[2024-10-03T22:24:46.670+0000] {processor.py:208} INFO - Processing /home/airflow/.local/lib/python3.12/site-packages/airflow/example_dags/example_bash_operator.py took 0.155 seconds
[2024-10-03T22:25:17.094+0000] {processor.py:186} INFO - Started process (PID=2509) to work on /home/airflow/.local/lib/python3.12/site-packages/airflow/example_dags/example_bash_operator.py
[2024-10-03T22:25:17.095+0000] {processor.py:914} INFO - Processing file /home/airflow/.local/lib/python3.12/site-packages/airflow/example_dags/example_bash_operator.py for tasks to queue
[2024-10-03T22:25:17.099+0000] {logging_mixin.py:190} INFO - [2024-10-03T22:25:17.098+0000] {dagbag.py:587} INFO - Filling up the DagBag from /home/airflow/.local/lib/python3.12/site-packages/airflow/example_dags/example_bash_operator.py
[2024-10-03T22:25:17.134+0000] {processor.py:925} INFO - DAG(s) 'example_bash_operator' retrieved from /home/airflow/.local/lib/python3.12/site-packages/airflow/example_dags/example_bash_operator.py
[2024-10-03T22:25:17.184+0000] {logging_mixin.py:190} INFO - [2024-10-03T22:25:17.184+0000] {dag.py:3229} INFO - Sync 1 DAGs
[2024-10-03T22:25:17.223+0000] {logging_mixin.py:190} INFO - [2024-10-03T22:25:17.223+0000] {dag.py:4156} INFO - Setting next_dagrun for example_bash_operator to 2024-10-02 00:00:00+00:00, run_after=2024-10-03 00:00:00+00:00
[2024-10-03T22:25:17.271+0000] {processor.py:208} INFO - Processing /home/airflow/.local/lib/python3.12/site-packages/airflow/example_dags/example_bash_operator.py took 0.192 seconds
[2024-10-03T22:25:47.724+0000] {processor.py:186} INFO - Started process (PID=2572) to work on /home/airflow/.local/lib/python3.12/site-packages/airflow/example_dags/example_bash_operator.py
[2024-10-03T22:25:47.725+0000] {processor.py:914} INFO - Processing file /home/airflow/.local/lib/python3.12/site-packages/airflow/example_dags/example_bash_operator.py for tasks to queue
[2024-10-03T22:25:47.728+0000] {logging_mixin.py:190} INFO - [2024-10-03T22:25:47.728+0000] {dagbag.py:587} INFO - Filling up the DagBag from /home/airflow/.local/lib/python3.12/site-packages/airflow/example_dags/example_bash_operator.py
[2024-10-03T22:25:47.750+0000] {processor.py:925} INFO - DAG(s) 'example_bash_operator' retrieved from /home/airflow/.local/lib/python3.12/site-packages/airflow/example_dags/example_bash_operator.py
[2024-10-03T22:25:47.797+0000] {logging_mixin.py:190} INFO - [2024-10-03T22:25:47.797+0000] {dag.py:3229} INFO - Sync 1 DAGs
[2024-10-03T22:25:47.854+0000] {logging_mixin.py:190} INFO - [2024-10-03T22:25:47.853+0000] {dag.py:4156} INFO - Setting next_dagrun for example_bash_operator to 2024-10-02 00:00:00+00:00, run_after=2024-10-03 00:00:00+00:00
[2024-10-03T22:25:47.896+0000] {processor.py:208} INFO - Processing /home/airflow/.local/lib/python3.12/site-packages/airflow/example_dags/example_bash_operator.py took 0.181 seconds
[2024-10-03T22:26:18.574+0000] {processor.py:186} INFO - Started process (PID=2635) to work on /home/airflow/.local/lib/python3.12/site-packages/airflow/example_dags/example_bash_operator.py
[2024-10-03T22:26:18.575+0000] {processor.py:914} INFO - Processing file /home/airflow/.local/lib/python3.12/site-packages/airflow/example_dags/example_bash_operator.py for tasks to queue
[2024-10-03T22:26:18.582+0000] {logging_mixin.py:190} INFO - [2024-10-03T22:26:18.581+0000] {dagbag.py:587} INFO - Filling up the DagBag from /home/airflow/.local/lib/python3.12/site-packages/airflow/example_dags/example_bash_operator.py
[2024-10-03T22:26:18.615+0000] {processor.py:925} INFO - DAG(s) 'example_bash_operator' retrieved from /home/airflow/.local/lib/python3.12/site-packages/airflow/example_dags/example_bash_operator.py
[2024-10-03T22:26:18.719+0000] {logging_mixin.py:190} INFO - [2024-10-03T22:26:18.718+0000] {dag.py:3229} INFO - Sync 1 DAGs
[2024-10-03T22:26:18.779+0000] {logging_mixin.py:190} INFO - [2024-10-03T22:26:18.779+0000] {dag.py:4156} INFO - Setting next_dagrun for example_bash_operator to 2024-10-02 00:00:00+00:00, run_after=2024-10-03 00:00:00+00:00
[2024-10-03T22:26:18.832+0000] {processor.py:208} INFO - Processing /home/airflow/.local/lib/python3.12/site-packages/airflow/example_dags/example_bash_operator.py took 0.266 seconds
[2024-10-03T22:26:48.958+0000] {processor.py:186} INFO - Started process (PID=2699) to work on /home/airflow/.local/lib/python3.12/site-packages/airflow/example_dags/example_bash_operator.py
[2024-10-03T22:26:48.961+0000] {processor.py:914} INFO - Processing file /home/airflow/.local/lib/python3.12/site-packages/airflow/example_dags/example_bash_operator.py for tasks to queue
[2024-10-03T22:26:48.964+0000] {logging_mixin.py:190} INFO - [2024-10-03T22:26:48.964+0000] {dagbag.py:587} INFO - Filling up the DagBag from /home/airflow/.local/lib/python3.12/site-packages/airflow/example_dags/example_bash_operator.py
[2024-10-03T22:26:48.988+0000] {processor.py:925} INFO - DAG(s) 'example_bash_operator' retrieved from /home/airflow/.local/lib/python3.12/site-packages/airflow/example_dags/example_bash_operator.py
[2024-10-03T22:26:49.045+0000] {logging_mixin.py:190} INFO - [2024-10-03T22:26:49.044+0000] {dag.py:3229} INFO - Sync 1 DAGs
[2024-10-03T22:26:49.102+0000] {logging_mixin.py:190} INFO - [2024-10-03T22:26:49.101+0000] {dag.py:4156} INFO - Setting next_dagrun for example_bash_operator to 2024-10-02 00:00:00+00:00, run_after=2024-10-03 00:00:00+00:00
[2024-10-03T22:26:49.134+0000] {processor.py:208} INFO - Processing /home/airflow/.local/lib/python3.12/site-packages/airflow/example_dags/example_bash_operator.py took 0.185 seconds
[2024-10-03T22:27:19.561+0000] {processor.py:186} INFO - Started process (PID=2762) to work on /home/airflow/.local/lib/python3.12/site-packages/airflow/example_dags/example_bash_operator.py
[2024-10-03T22:27:19.562+0000] {processor.py:914} INFO - Processing file /home/airflow/.local/lib/python3.12/site-packages/airflow/example_dags/example_bash_operator.py for tasks to queue
[2024-10-03T22:27:19.566+0000] {logging_mixin.py:190} INFO - [2024-10-03T22:27:19.566+0000] {dagbag.py:587} INFO - Filling up the DagBag from /home/airflow/.local/lib/python3.12/site-packages/airflow/example_dags/example_bash_operator.py
[2024-10-03T22:27:19.585+0000] {processor.py:925} INFO - DAG(s) 'example_bash_operator' retrieved from /home/airflow/.local/lib/python3.12/site-packages/airflow/example_dags/example_bash_operator.py
[2024-10-03T22:27:19.625+0000] {logging_mixin.py:190} INFO - [2024-10-03T22:27:19.625+0000] {dag.py:3229} INFO - Sync 1 DAGs
[2024-10-03T22:27:19.663+0000] {logging_mixin.py:190} INFO - [2024-10-03T22:27:19.662+0000] {dag.py:4156} INFO - Setting next_dagrun for example_bash_operator to 2024-10-02 00:00:00+00:00, run_after=2024-10-03 00:00:00+00:00
[2024-10-03T22:27:19.691+0000] {processor.py:208} INFO - Processing /home/airflow/.local/lib/python3.12/site-packages/airflow/example_dags/example_bash_operator.py took 0.140 seconds
[2024-10-03T22:27:50.005+0000] {processor.py:186} INFO - Started process (PID=2825) to work on /home/airflow/.local/lib/python3.12/site-packages/airflow/example_dags/example_bash_operator.py
[2024-10-03T22:27:50.007+0000] {processor.py:914} INFO - Processing file /home/airflow/.local/lib/python3.12/site-packages/airflow/example_dags/example_bash_operator.py for tasks to queue
[2024-10-03T22:27:50.016+0000] {logging_mixin.py:190} INFO - [2024-10-03T22:27:50.011+0000] {dagbag.py:587} INFO - Filling up the DagBag from /home/airflow/.local/lib/python3.12/site-packages/airflow/example_dags/example_bash_operator.py
[2024-10-03T22:27:50.073+0000] {processor.py:925} INFO - DAG(s) 'example_bash_operator' retrieved from /home/airflow/.local/lib/python3.12/site-packages/airflow/example_dags/example_bash_operator.py
[2024-10-03T22:27:50.236+0000] {logging_mixin.py:190} INFO - [2024-10-03T22:27:50.236+0000] {dag.py:3229} INFO - Sync 1 DAGs
[2024-10-03T22:27:50.334+0000] {logging_mixin.py:190} INFO - [2024-10-03T22:27:50.334+0000] {dag.py:4156} INFO - Setting next_dagrun for example_bash_operator to 2024-10-02 00:00:00+00:00, run_after=2024-10-03 00:00:00+00:00
[2024-10-03T22:27:50.407+0000] {processor.py:208} INFO - Processing /home/airflow/.local/lib/python3.12/site-packages/airflow/example_dags/example_bash_operator.py took 0.422 seconds
[2024-10-03T22:28:20.665+0000] {processor.py:186} INFO - Started process (PID=2888) to work on /home/airflow/.local/lib/python3.12/site-packages/airflow/example_dags/example_bash_operator.py
[2024-10-03T22:28:20.667+0000] {processor.py:914} INFO - Processing file /home/airflow/.local/lib/python3.12/site-packages/airflow/example_dags/example_bash_operator.py for tasks to queue
[2024-10-03T22:28:20.671+0000] {logging_mixin.py:190} INFO - [2024-10-03T22:28:20.670+0000] {dagbag.py:587} INFO - Filling up the DagBag from /home/airflow/.local/lib/python3.12/site-packages/airflow/example_dags/example_bash_operator.py
[2024-10-03T22:28:20.701+0000] {processor.py:925} INFO - DAG(s) 'example_bash_operator' retrieved from /home/airflow/.local/lib/python3.12/site-packages/airflow/example_dags/example_bash_operator.py
[2024-10-03T22:28:20.764+0000] {logging_mixin.py:190} INFO - [2024-10-03T22:28:20.764+0000] {dag.py:3229} INFO - Sync 1 DAGs
[2024-10-03T22:28:20.816+0000] {logging_mixin.py:190} INFO - [2024-10-03T22:28:20.816+0000] {dag.py:4156} INFO - Setting next_dagrun for example_bash_operator to 2024-10-02 00:00:00+00:00, run_after=2024-10-03 00:00:00+00:00
[2024-10-03T22:28:20.850+0000] {processor.py:208} INFO - Processing /home/airflow/.local/lib/python3.12/site-packages/airflow/example_dags/example_bash_operator.py took 0.199 seconds
[2024-10-03T22:28:51.441+0000] {processor.py:186} INFO - Started process (PID=2951) to work on /home/airflow/.local/lib/python3.12/site-packages/airflow/example_dags/example_bash_operator.py
[2024-10-03T22:28:51.448+0000] {processor.py:914} INFO - Processing file /home/airflow/.local/lib/python3.12/site-packages/airflow/example_dags/example_bash_operator.py for tasks to queue
[2024-10-03T22:28:51.480+0000] {logging_mixin.py:190} INFO - [2024-10-03T22:28:51.479+0000] {dagbag.py:587} INFO - Filling up the DagBag from /home/airflow/.local/lib/python3.12/site-packages/airflow/example_dags/example_bash_operator.py
[2024-10-03T22:28:51.599+0000] {processor.py:925} INFO - DAG(s) 'example_bash_operator' retrieved from /home/airflow/.local/lib/python3.12/site-packages/airflow/example_dags/example_bash_operator.py
[2024-10-03T22:28:51.770+0000] {logging_mixin.py:190} INFO - [2024-10-03T22:28:51.770+0000] {dag.py:3229} INFO - Sync 1 DAGs
[2024-10-03T22:28:52.449+0000] {logging_mixin.py:190} INFO - [2024-10-03T22:28:52.448+0000] {dag.py:4156} INFO - Setting next_dagrun for example_bash_operator to 2024-10-02 00:00:00+00:00, run_after=2024-10-03 00:00:00+00:00
[2024-10-03T22:28:52.503+0000] {processor.py:208} INFO - Processing /home/airflow/.local/lib/python3.12/site-packages/airflow/example_dags/example_bash_operator.py took 1.086 seconds
[2024-10-03T22:29:23.169+0000] {processor.py:186} INFO - Started process (PID=3014) to work on /home/airflow/.local/lib/python3.12/site-packages/airflow/example_dags/example_bash_operator.py
[2024-10-03T22:29:23.170+0000] {processor.py:914} INFO - Processing file /home/airflow/.local/lib/python3.12/site-packages/airflow/example_dags/example_bash_operator.py for tasks to queue
[2024-10-03T22:29:23.175+0000] {logging_mixin.py:190} INFO - [2024-10-03T22:29:23.175+0000] {dagbag.py:587} INFO - Filling up the DagBag from /home/airflow/.local/lib/python3.12/site-packages/airflow/example_dags/example_bash_operator.py
[2024-10-03T22:29:23.193+0000] {processor.py:925} INFO - DAG(s) 'example_bash_operator' retrieved from /home/airflow/.local/lib/python3.12/site-packages/airflow/example_dags/example_bash_operator.py
[2024-10-03T22:29:23.235+0000] {logging_mixin.py:190} INFO - [2024-10-03T22:29:23.235+0000] {dag.py:3229} INFO - Sync 1 DAGs
[2024-10-03T22:29:23.459+0000] {logging_mixin.py:190} INFO - [2024-10-03T22:29:23.459+0000] {dag.py:4156} INFO - Setting next_dagrun for example_bash_operator to 2024-10-02 00:00:00+00:00, run_after=2024-10-03 00:00:00+00:00
[2024-10-03T22:29:23.492+0000] {processor.py:208} INFO - Processing /home/airflow/.local/lib/python3.12/site-packages/airflow/example_dags/example_bash_operator.py took 0.333 seconds
[2024-10-03T22:29:53.911+0000] {processor.py:186} INFO - Started process (PID=3076) to work on /home/airflow/.local/lib/python3.12/site-packages/airflow/example_dags/example_bash_operator.py
[2024-10-03T22:29:53.912+0000] {processor.py:914} INFO - Processing file /home/airflow/.local/lib/python3.12/site-packages/airflow/example_dags/example_bash_operator.py for tasks to queue
[2024-10-03T22:29:53.917+0000] {logging_mixin.py:190} INFO - [2024-10-03T22:29:53.916+0000] {dagbag.py:587} INFO - Filling up the DagBag from /home/airflow/.local/lib/python3.12/site-packages/airflow/example_dags/example_bash_operator.py
[2024-10-03T22:29:53.942+0000] {processor.py:925} INFO - DAG(s) 'example_bash_operator' retrieved from /home/airflow/.local/lib/python3.12/site-packages/airflow/example_dags/example_bash_operator.py
[2024-10-03T22:29:53.987+0000] {logging_mixin.py:190} INFO - [2024-10-03T22:29:53.986+0000] {dag.py:3229} INFO - Sync 1 DAGs
[2024-10-03T22:29:54.028+0000] {logging_mixin.py:190} INFO - [2024-10-03T22:29:54.028+0000] {dag.py:4156} INFO - Setting next_dagrun for example_bash_operator to 2024-10-02 00:00:00+00:00, run_after=2024-10-03 00:00:00+00:00
[2024-10-03T22:29:54.280+0000] {processor.py:208} INFO - Processing /home/airflow/.local/lib/python3.12/site-packages/airflow/example_dags/example_bash_operator.py took 0.380 seconds
[2024-10-03T22:30:24.334+0000] {processor.py:186} INFO - Started process (PID=3140) to work on /home/airflow/.local/lib/python3.12/site-packages/airflow/example_dags/example_bash_operator.py
[2024-10-03T22:30:24.335+0000] {processor.py:914} INFO - Processing file /home/airflow/.local/lib/python3.12/site-packages/airflow/example_dags/example_bash_operator.py for tasks to queue
[2024-10-03T22:30:24.338+0000] {logging_mixin.py:190} INFO - [2024-10-03T22:30:24.338+0000] {dagbag.py:587} INFO - Filling up the DagBag from /home/airflow/.local/lib/python3.12/site-packages/airflow/example_dags/example_bash_operator.py
[2024-10-03T22:30:24.354+0000] {processor.py:925} INFO - DAG(s) 'example_bash_operator' retrieved from /home/airflow/.local/lib/python3.12/site-packages/airflow/example_dags/example_bash_operator.py
[2024-10-03T22:30:24.388+0000] {logging_mixin.py:190} INFO - [2024-10-03T22:30:24.388+0000] {dag.py:3229} INFO - Sync 1 DAGs
[2024-10-03T22:30:24.418+0000] {logging_mixin.py:190} INFO - [2024-10-03T22:30:24.418+0000] {dag.py:4156} INFO - Setting next_dagrun for example_bash_operator to 2024-10-02 00:00:00+00:00, run_after=2024-10-03 00:00:00+00:00
[2024-10-03T22:30:24.597+0000] {processor.py:208} INFO - Processing /home/airflow/.local/lib/python3.12/site-packages/airflow/example_dags/example_bash_operator.py took 0.269 seconds
[2024-10-03T22:30:54.685+0000] {processor.py:186} INFO - Started process (PID=3201) to work on /home/airflow/.local/lib/python3.12/site-packages/airflow/example_dags/example_bash_operator.py
[2024-10-03T22:30:54.687+0000] {processor.py:914} INFO - Processing file /home/airflow/.local/lib/python3.12/site-packages/airflow/example_dags/example_bash_operator.py for tasks to queue
[2024-10-03T22:30:54.690+0000] {logging_mixin.py:190} INFO - [2024-10-03T22:30:54.690+0000] {dagbag.py:587} INFO - Filling up the DagBag from /home/airflow/.local/lib/python3.12/site-packages/airflow/example_dags/example_bash_operator.py
[2024-10-03T22:30:54.713+0000] {processor.py:925} INFO - DAG(s) 'example_bash_operator' retrieved from /home/airflow/.local/lib/python3.12/site-packages/airflow/example_dags/example_bash_operator.py
[2024-10-03T22:30:54.773+0000] {logging_mixin.py:190} INFO - [2024-10-03T22:30:54.773+0000] {dag.py:3229} INFO - Sync 1 DAGs
[2024-10-03T22:30:54.995+0000] {logging_mixin.py:190} INFO - [2024-10-03T22:30:54.994+0000] {dag.py:4156} INFO - Setting next_dagrun for example_bash_operator to 2024-10-02 00:00:00+00:00, run_after=2024-10-03 00:00:00+00:00
[2024-10-03T22:30:55.027+0000] {processor.py:208} INFO - Processing /home/airflow/.local/lib/python3.12/site-packages/airflow/example_dags/example_bash_operator.py took 0.352 seconds
[2024-10-03T22:31:25.281+0000] {processor.py:186} INFO - Started process (PID=3264) to work on /home/airflow/.local/lib/python3.12/site-packages/airflow/example_dags/example_bash_operator.py
[2024-10-03T22:31:25.283+0000] {processor.py:914} INFO - Processing file /home/airflow/.local/lib/python3.12/site-packages/airflow/example_dags/example_bash_operator.py for tasks to queue
[2024-10-03T22:31:25.288+0000] {logging_mixin.py:190} INFO - [2024-10-03T22:31:25.288+0000] {dagbag.py:587} INFO - Filling up the DagBag from /home/airflow/.local/lib/python3.12/site-packages/airflow/example_dags/example_bash_operator.py
[2024-10-03T22:31:25.331+0000] {processor.py:925} INFO - DAG(s) 'example_bash_operator' retrieved from /home/airflow/.local/lib/python3.12/site-packages/airflow/example_dags/example_bash_operator.py
[2024-10-03T22:31:25.424+0000] {logging_mixin.py:190} INFO - [2024-10-03T22:31:25.423+0000] {dag.py:3229} INFO - Sync 1 DAGs
[2024-10-03T22:31:25.478+0000] {logging_mixin.py:190} INFO - [2024-10-03T22:31:25.478+0000] {dag.py:4156} INFO - Setting next_dagrun for example_bash_operator to 2024-10-02 00:00:00+00:00, run_after=2024-10-03 00:00:00+00:00
[2024-10-03T22:31:25.532+0000] {processor.py:208} INFO - Processing /home/airflow/.local/lib/python3.12/site-packages/airflow/example_dags/example_bash_operator.py took 0.265 seconds
[2024-10-03T22:31:55.810+0000] {processor.py:186} INFO - Started process (PID=3328) to work on /home/airflow/.local/lib/python3.12/site-packages/airflow/example_dags/example_bash_operator.py
[2024-10-03T22:31:55.812+0000] {processor.py:914} INFO - Processing file /home/airflow/.local/lib/python3.12/site-packages/airflow/example_dags/example_bash_operator.py for tasks to queue
[2024-10-03T22:31:55.823+0000] {logging_mixin.py:190} INFO - [2024-10-03T22:31:55.818+0000] {dagbag.py:587} INFO - Filling up the DagBag from /home/airflow/.local/lib/python3.12/site-packages/airflow/example_dags/example_bash_operator.py
[2024-10-03T22:31:55.855+0000] {processor.py:925} INFO - DAG(s) 'example_bash_operator' retrieved from /home/airflow/.local/lib/python3.12/site-packages/airflow/example_dags/example_bash_operator.py
[2024-10-03T22:31:55.918+0000] {logging_mixin.py:190} INFO - [2024-10-03T22:31:55.918+0000] {dag.py:3229} INFO - Sync 1 DAGs
[2024-10-03T22:31:55.972+0000] {logging_mixin.py:190} INFO - [2024-10-03T22:31:55.972+0000] {dag.py:4156} INFO - Setting next_dagrun for example_bash_operator to 2024-10-02 00:00:00+00:00, run_after=2024-10-03 00:00:00+00:00
[2024-10-03T22:31:56.056+0000] {processor.py:208} INFO - Processing /home/airflow/.local/lib/python3.12/site-packages/airflow/example_dags/example_bash_operator.py took 0.259 seconds
[2024-10-03T22:32:26.301+0000] {processor.py:186} INFO - Started process (PID=3390) to work on /home/airflow/.local/lib/python3.12/site-packages/airflow/example_dags/example_bash_operator.py
[2024-10-03T22:32:26.302+0000] {processor.py:914} INFO - Processing file /home/airflow/.local/lib/python3.12/site-packages/airflow/example_dags/example_bash_operator.py for tasks to queue
[2024-10-03T22:32:26.307+0000] {logging_mixin.py:190} INFO - [2024-10-03T22:32:26.306+0000] {dagbag.py:587} INFO - Filling up the DagBag from /home/airflow/.local/lib/python3.12/site-packages/airflow/example_dags/example_bash_operator.py
[2024-10-03T22:32:26.331+0000] {processor.py:925} INFO - DAG(s) 'example_bash_operator' retrieved from /home/airflow/.local/lib/python3.12/site-packages/airflow/example_dags/example_bash_operator.py
[2024-10-03T22:32:26.383+0000] {logging_mixin.py:190} INFO - [2024-10-03T22:32:26.382+0000] {dag.py:3229} INFO - Sync 1 DAGs
[2024-10-03T22:32:26.420+0000] {logging_mixin.py:190} INFO - [2024-10-03T22:32:26.420+0000] {dag.py:4156} INFO - Setting next_dagrun for example_bash_operator to 2024-10-02 00:00:00+00:00, run_after=2024-10-03 00:00:00+00:00
[2024-10-03T22:32:26.456+0000] {processor.py:208} INFO - Processing /home/airflow/.local/lib/python3.12/site-packages/airflow/example_dags/example_bash_operator.py took 0.166 seconds
[2024-10-03T22:32:56.514+0000] {processor.py:186} INFO - Started process (PID=3453) to work on /home/airflow/.local/lib/python3.12/site-packages/airflow/example_dags/example_bash_operator.py
[2024-10-03T22:32:56.516+0000] {processor.py:914} INFO - Processing file /home/airflow/.local/lib/python3.12/site-packages/airflow/example_dags/example_bash_operator.py for tasks to queue
[2024-10-03T22:32:56.523+0000] {logging_mixin.py:190} INFO - [2024-10-03T22:32:56.522+0000] {dagbag.py:587} INFO - Filling up the DagBag from /home/airflow/.local/lib/python3.12/site-packages/airflow/example_dags/example_bash_operator.py
[2024-10-03T22:32:56.544+0000] {processor.py:925} INFO - DAG(s) 'example_bash_operator' retrieved from /home/airflow/.local/lib/python3.12/site-packages/airflow/example_dags/example_bash_operator.py
[2024-10-03T22:32:56.592+0000] {logging_mixin.py:190} INFO - [2024-10-03T22:32:56.592+0000] {dag.py:3229} INFO - Sync 1 DAGs
[2024-10-03T22:32:56.642+0000] {logging_mixin.py:190} INFO - [2024-10-03T22:32:56.642+0000] {dag.py:4156} INFO - Setting next_dagrun for example_bash_operator to 2024-10-02 00:00:00+00:00, run_after=2024-10-03 00:00:00+00:00
[2024-10-03T22:32:56.673+0000] {processor.py:208} INFO - Processing /home/airflow/.local/lib/python3.12/site-packages/airflow/example_dags/example_bash_operator.py took 0.169 seconds
[2024-10-03T22:33:26.781+0000] {processor.py:186} INFO - Started process (PID=3515) to work on /home/airflow/.local/lib/python3.12/site-packages/airflow/example_dags/example_bash_operator.py
[2024-10-03T22:33:26.782+0000] {processor.py:914} INFO - Processing file /home/airflow/.local/lib/python3.12/site-packages/airflow/example_dags/example_bash_operator.py for tasks to queue
[2024-10-03T22:33:26.785+0000] {logging_mixin.py:190} INFO - [2024-10-03T22:33:26.785+0000] {dagbag.py:587} INFO - Filling up the DagBag from /home/airflow/.local/lib/python3.12/site-packages/airflow/example_dags/example_bash_operator.py
[2024-10-03T22:33:26.802+0000] {processor.py:925} INFO - DAG(s) 'example_bash_operator' retrieved from /home/airflow/.local/lib/python3.12/site-packages/airflow/example_dags/example_bash_operator.py
[2024-10-03T22:33:26.834+0000] {logging_mixin.py:190} INFO - [2024-10-03T22:33:26.834+0000] {dag.py:3229} INFO - Sync 1 DAGs
[2024-10-03T22:33:26.863+0000] {logging_mixin.py:190} INFO - [2024-10-03T22:33:26.863+0000] {dag.py:4156} INFO - Setting next_dagrun for example_bash_operator to 2024-10-02 00:00:00+00:00, run_after=2024-10-03 00:00:00+00:00
[2024-10-03T22:33:26.894+0000] {processor.py:208} INFO - Processing /home/airflow/.local/lib/python3.12/site-packages/airflow/example_dags/example_bash_operator.py took 0.120 seconds
[2024-10-03T22:33:57.164+0000] {processor.py:186} INFO - Started process (PID=3578) to work on /home/airflow/.local/lib/python3.12/site-packages/airflow/example_dags/example_bash_operator.py
[2024-10-03T22:33:57.166+0000] {processor.py:914} INFO - Processing file /home/airflow/.local/lib/python3.12/site-packages/airflow/example_dags/example_bash_operator.py for tasks to queue
[2024-10-03T22:33:57.169+0000] {logging_mixin.py:190} INFO - [2024-10-03T22:33:57.168+0000] {dagbag.py:587} INFO - Filling up the DagBag from /home/airflow/.local/lib/python3.12/site-packages/airflow/example_dags/example_bash_operator.py
[2024-10-03T22:33:57.194+0000] {processor.py:925} INFO - DAG(s) 'example_bash_operator' retrieved from /home/airflow/.local/lib/python3.12/site-packages/airflow/example_dags/example_bash_operator.py
[2024-10-03T22:33:57.233+0000] {logging_mixin.py:190} INFO - [2024-10-03T22:33:57.233+0000] {dag.py:3229} INFO - Sync 1 DAGs
[2024-10-03T22:33:57.268+0000] {logging_mixin.py:190} INFO - [2024-10-03T22:33:57.268+0000] {dag.py:4156} INFO - Setting next_dagrun for example_bash_operator to 2024-10-02 00:00:00+00:00, run_after=2024-10-03 00:00:00+00:00
[2024-10-03T22:33:57.292+0000] {processor.py:208} INFO - Processing /home/airflow/.local/lib/python3.12/site-packages/airflow/example_dags/example_bash_operator.py took 0.137 seconds
[2024-10-03T22:34:27.927+0000] {processor.py:186} INFO - Started process (PID=3641) to work on /home/airflow/.local/lib/python3.12/site-packages/airflow/example_dags/example_bash_operator.py
[2024-10-03T22:34:27.929+0000] {processor.py:914} INFO - Processing file /home/airflow/.local/lib/python3.12/site-packages/airflow/example_dags/example_bash_operator.py for tasks to queue
[2024-10-03T22:34:27.932+0000] {logging_mixin.py:190} INFO - [2024-10-03T22:34:27.931+0000] {dagbag.py:587} INFO - Filling up the DagBag from /home/airflow/.local/lib/python3.12/site-packages/airflow/example_dags/example_bash_operator.py
[2024-10-03T22:34:27.951+0000] {processor.py:925} INFO - DAG(s) 'example_bash_operator' retrieved from /home/airflow/.local/lib/python3.12/site-packages/airflow/example_dags/example_bash_operator.py
[2024-10-03T22:34:27.993+0000] {logging_mixin.py:190} INFO - [2024-10-03T22:34:27.993+0000] {dag.py:3229} INFO - Sync 1 DAGs
[2024-10-03T22:34:28.039+0000] {logging_mixin.py:190} INFO - [2024-10-03T22:34:28.038+0000] {dag.py:4156} INFO - Setting next_dagrun for example_bash_operator to 2024-10-02 00:00:00+00:00, run_after=2024-10-03 00:00:00+00:00
[2024-10-03T22:34:28.061+0000] {processor.py:208} INFO - Processing /home/airflow/.local/lib/python3.12/site-packages/airflow/example_dags/example_bash_operator.py took 0.141 seconds
[2024-10-03T22:34:58.130+0000] {processor.py:186} INFO - Started process (PID=3704) to work on /home/airflow/.local/lib/python3.12/site-packages/airflow/example_dags/example_bash_operator.py
[2024-10-03T22:34:58.131+0000] {processor.py:914} INFO - Processing file /home/airflow/.local/lib/python3.12/site-packages/airflow/example_dags/example_bash_operator.py for tasks to queue
[2024-10-03T22:34:58.135+0000] {logging_mixin.py:190} INFO - [2024-10-03T22:34:58.134+0000] {dagbag.py:587} INFO - Filling up the DagBag from /home/airflow/.local/lib/python3.12/site-packages/airflow/example_dags/example_bash_operator.py
[2024-10-03T22:34:58.157+0000] {processor.py:925} INFO - DAG(s) 'example_bash_operator' retrieved from /home/airflow/.local/lib/python3.12/site-packages/airflow/example_dags/example_bash_operator.py
[2024-10-03T22:34:58.209+0000] {logging_mixin.py:190} INFO - [2024-10-03T22:34:58.209+0000] {dag.py:3229} INFO - Sync 1 DAGs
[2024-10-03T22:34:58.254+0000] {logging_mixin.py:190} INFO - [2024-10-03T22:34:58.253+0000] {dag.py:4156} INFO - Setting next_dagrun for example_bash_operator to 2024-10-02 00:00:00+00:00, run_after=2024-10-03 00:00:00+00:00
[2024-10-03T22:34:58.288+0000] {processor.py:208} INFO - Processing /home/airflow/.local/lib/python3.12/site-packages/airflow/example_dags/example_bash_operator.py took 0.170 seconds
