[2024-10-03T22:05:44.380+0000] {processor.py:186} INFO - Started process (PID=104) to work on /home/airflow/.local/lib/python3.12/site-packages/airflow/example_dags/example_time_delta_sensor_async.py
[2024-10-03T22:05:44.413+0000] {processor.py:914} INFO - Processing file /home/airflow/.local/lib/python3.12/site-packages/airflow/example_dags/example_time_delta_sensor_async.py for tasks to queue
[2024-10-03T22:05:44.437+0000] {logging_mixin.py:190} INFO - [2024-10-03T22:05:44.436+0000] {dagbag.py:587} INFO - Filling up the DagBag from /home/airflow/.local/lib/python3.12/site-packages/airflow/example_dags/example_time_delta_sensor_async.py
[2024-10-03T22:05:44.510+0000] {processor.py:925} INFO - DAG(s) 'example_time_delta_sensor_async' retrieved from /home/airflow/.local/lib/python3.12/site-packages/airflow/example_dags/example_time_delta_sensor_async.py
[2024-10-03T22:05:44.624+0000] {logging_mixin.py:190} INFO - [2024-10-03T22:05:44.618+0000] {dag.py:3229} INFO - Sync 1 DAGs
[2024-10-03T22:05:44.840+0000] {logging_mixin.py:190} INFO - [2024-10-03T22:05:44.840+0000] {dag.py:4156} INFO - Setting next_dagrun for example_time_delta_sensor_async to None, run_after=None
[2024-10-03T22:05:45.033+0000] {processor.py:208} INFO - Processing /home/airflow/.local/lib/python3.12/site-packages/airflow/example_dags/example_time_delta_sensor_async.py took 0.717 seconds
[2024-10-03T22:06:16.652+0000] {processor.py:186} INFO - Started process (PID=167) to work on /home/airflow/.local/lib/python3.12/site-packages/airflow/example_dags/example_time_delta_sensor_async.py
[2024-10-03T22:06:16.658+0000] {processor.py:914} INFO - Processing file /home/airflow/.local/lib/python3.12/site-packages/airflow/example_dags/example_time_delta_sensor_async.py for tasks to queue
[2024-10-03T22:06:16.682+0000] {logging_mixin.py:190} INFO - [2024-10-03T22:06:16.682+0000] {dagbag.py:587} INFO - Filling up the DagBag from /home/airflow/.local/lib/python3.12/site-packages/airflow/example_dags/example_time_delta_sensor_async.py
[2024-10-03T22:06:16.748+0000] {processor.py:925} INFO - DAG(s) 'example_time_delta_sensor_async' retrieved from /home/airflow/.local/lib/python3.12/site-packages/airflow/example_dags/example_time_delta_sensor_async.py
[2024-10-03T22:06:16.981+0000] {logging_mixin.py:190} INFO - [2024-10-03T22:06:16.980+0000] {dag.py:3229} INFO - Sync 1 DAGs
[2024-10-03T22:06:17.093+0000] {logging_mixin.py:190} INFO - [2024-10-03T22:06:17.092+0000] {dag.py:4156} INFO - Setting next_dagrun for example_time_delta_sensor_async to None, run_after=None
[2024-10-03T22:06:17.220+0000] {processor.py:208} INFO - Processing /home/airflow/.local/lib/python3.12/site-packages/airflow/example_dags/example_time_delta_sensor_async.py took 0.589 seconds
[2024-10-03T22:06:47.693+0000] {processor.py:186} INFO - Started process (PID=230) to work on /home/airflow/.local/lib/python3.12/site-packages/airflow/example_dags/example_time_delta_sensor_async.py
[2024-10-03T22:06:47.704+0000] {processor.py:914} INFO - Processing file /home/airflow/.local/lib/python3.12/site-packages/airflow/example_dags/example_time_delta_sensor_async.py for tasks to queue
[2024-10-03T22:06:47.711+0000] {logging_mixin.py:190} INFO - [2024-10-03T22:06:47.710+0000] {dagbag.py:587} INFO - Filling up the DagBag from /home/airflow/.local/lib/python3.12/site-packages/airflow/example_dags/example_time_delta_sensor_async.py
[2024-10-03T22:06:47.744+0000] {processor.py:925} INFO - DAG(s) 'example_time_delta_sensor_async' retrieved from /home/airflow/.local/lib/python3.12/site-packages/airflow/example_dags/example_time_delta_sensor_async.py
[2024-10-03T22:06:47.870+0000] {logging_mixin.py:190} INFO - [2024-10-03T22:06:47.869+0000] {dag.py:3229} INFO - Sync 1 DAGs
[2024-10-03T22:06:47.948+0000] {logging_mixin.py:190} INFO - [2024-10-03T22:06:47.948+0000] {dag.py:4156} INFO - Setting next_dagrun for example_time_delta_sensor_async to None, run_after=None
[2024-10-03T22:06:48.038+0000] {processor.py:208} INFO - Processing /home/airflow/.local/lib/python3.12/site-packages/airflow/example_dags/example_time_delta_sensor_async.py took 0.388 seconds
[2024-10-03T22:07:19.039+0000] {processor.py:186} INFO - Started process (PID=293) to work on /home/airflow/.local/lib/python3.12/site-packages/airflow/example_dags/example_time_delta_sensor_async.py
[2024-10-03T22:07:19.041+0000] {processor.py:914} INFO - Processing file /home/airflow/.local/lib/python3.12/site-packages/airflow/example_dags/example_time_delta_sensor_async.py for tasks to queue
[2024-10-03T22:07:19.055+0000] {logging_mixin.py:190} INFO - [2024-10-03T22:07:19.055+0000] {dagbag.py:587} INFO - Filling up the DagBag from /home/airflow/.local/lib/python3.12/site-packages/airflow/example_dags/example_time_delta_sensor_async.py
[2024-10-03T22:07:19.091+0000] {processor.py:925} INFO - DAG(s) 'example_time_delta_sensor_async' retrieved from /home/airflow/.local/lib/python3.12/site-packages/airflow/example_dags/example_time_delta_sensor_async.py
[2024-10-03T22:07:19.181+0000] {logging_mixin.py:190} INFO - [2024-10-03T22:07:19.180+0000] {dag.py:3229} INFO - Sync 1 DAGs
[2024-10-03T22:07:19.264+0000] {logging_mixin.py:190} INFO - [2024-10-03T22:07:19.263+0000] {dag.py:4156} INFO - Setting next_dagrun for example_time_delta_sensor_async to None, run_after=None
[2024-10-03T22:07:19.345+0000] {processor.py:208} INFO - Processing /home/airflow/.local/lib/python3.12/site-packages/airflow/example_dags/example_time_delta_sensor_async.py took 0.362 seconds
[2024-10-03T22:07:52.777+0000] {processor.py:186} INFO - Started process (PID=357) to work on /home/airflow/.local/lib/python3.12/site-packages/airflow/example_dags/example_time_delta_sensor_async.py
[2024-10-03T22:07:52.780+0000] {processor.py:914} INFO - Processing file /home/airflow/.local/lib/python3.12/site-packages/airflow/example_dags/example_time_delta_sensor_async.py for tasks to queue
[2024-10-03T22:07:52.798+0000] {logging_mixin.py:190} INFO - [2024-10-03T22:07:52.798+0000] {dagbag.py:587} INFO - Filling up the DagBag from /home/airflow/.local/lib/python3.12/site-packages/airflow/example_dags/example_time_delta_sensor_async.py
[2024-10-03T22:07:52.857+0000] {processor.py:925} INFO - DAG(s) 'example_time_delta_sensor_async' retrieved from /home/airflow/.local/lib/python3.12/site-packages/airflow/example_dags/example_time_delta_sensor_async.py
[2024-10-03T22:07:52.993+0000] {logging_mixin.py:190} INFO - [2024-10-03T22:07:52.992+0000] {dag.py:3229} INFO - Sync 1 DAGs
[2024-10-03T22:07:53.086+0000] {logging_mixin.py:190} INFO - [2024-10-03T22:07:53.086+0000] {dag.py:4156} INFO - Setting next_dagrun for example_time_delta_sensor_async to None, run_after=None
[2024-10-03T22:07:53.160+0000] {processor.py:208} INFO - Processing /home/airflow/.local/lib/python3.12/site-packages/airflow/example_dags/example_time_delta_sensor_async.py took 0.458 seconds
[2024-10-03T22:08:23.718+0000] {processor.py:186} INFO - Started process (PID=420) to work on /home/airflow/.local/lib/python3.12/site-packages/airflow/example_dags/example_time_delta_sensor_async.py
[2024-10-03T22:08:23.719+0000] {processor.py:914} INFO - Processing file /home/airflow/.local/lib/python3.12/site-packages/airflow/example_dags/example_time_delta_sensor_async.py for tasks to queue
[2024-10-03T22:08:23.733+0000] {logging_mixin.py:190} INFO - [2024-10-03T22:08:23.732+0000] {dagbag.py:587} INFO - Filling up the DagBag from /home/airflow/.local/lib/python3.12/site-packages/airflow/example_dags/example_time_delta_sensor_async.py
[2024-10-03T22:08:23.755+0000] {processor.py:925} INFO - DAG(s) 'example_time_delta_sensor_async' retrieved from /home/airflow/.local/lib/python3.12/site-packages/airflow/example_dags/example_time_delta_sensor_async.py
[2024-10-03T22:08:23.860+0000] {logging_mixin.py:190} INFO - [2024-10-03T22:08:23.860+0000] {dag.py:3229} INFO - Sync 1 DAGs
[2024-10-03T22:08:23.917+0000] {logging_mixin.py:190} INFO - [2024-10-03T22:08:23.916+0000] {dag.py:4156} INFO - Setting next_dagrun for example_time_delta_sensor_async to None, run_after=None
[2024-10-03T22:08:23.987+0000] {processor.py:208} INFO - Processing /home/airflow/.local/lib/python3.12/site-packages/airflow/example_dags/example_time_delta_sensor_async.py took 0.290 seconds
[2024-10-03T22:08:54.052+0000] {processor.py:186} INFO - Started process (PID=482) to work on /home/airflow/.local/lib/python3.12/site-packages/airflow/example_dags/example_time_delta_sensor_async.py
[2024-10-03T22:08:54.053+0000] {processor.py:914} INFO - Processing file /home/airflow/.local/lib/python3.12/site-packages/airflow/example_dags/example_time_delta_sensor_async.py for tasks to queue
[2024-10-03T22:08:54.058+0000] {logging_mixin.py:190} INFO - [2024-10-03T22:08:54.057+0000] {dagbag.py:587} INFO - Filling up the DagBag from /home/airflow/.local/lib/python3.12/site-packages/airflow/example_dags/example_time_delta_sensor_async.py
[2024-10-03T22:08:54.068+0000] {processor.py:925} INFO - DAG(s) 'example_time_delta_sensor_async' retrieved from /home/airflow/.local/lib/python3.12/site-packages/airflow/example_dags/example_time_delta_sensor_async.py
[2024-10-03T22:08:54.098+0000] {logging_mixin.py:190} INFO - [2024-10-03T22:08:54.097+0000] {dag.py:3229} INFO - Sync 1 DAGs
[2024-10-03T22:08:54.123+0000] {logging_mixin.py:190} INFO - [2024-10-03T22:08:54.122+0000] {dag.py:4156} INFO - Setting next_dagrun for example_time_delta_sensor_async to None, run_after=None
[2024-10-03T22:08:54.169+0000] {processor.py:208} INFO - Processing /home/airflow/.local/lib/python3.12/site-packages/airflow/example_dags/example_time_delta_sensor_async.py took 0.126 seconds
[2024-10-03T22:09:24.321+0000] {processor.py:186} INFO - Started process (PID=545) to work on /home/airflow/.local/lib/python3.12/site-packages/airflow/example_dags/example_time_delta_sensor_async.py
[2024-10-03T22:09:24.324+0000] {processor.py:914} INFO - Processing file /home/airflow/.local/lib/python3.12/site-packages/airflow/example_dags/example_time_delta_sensor_async.py for tasks to queue
[2024-10-03T22:09:24.328+0000] {logging_mixin.py:190} INFO - [2024-10-03T22:09:24.328+0000] {dagbag.py:587} INFO - Filling up the DagBag from /home/airflow/.local/lib/python3.12/site-packages/airflow/example_dags/example_time_delta_sensor_async.py
[2024-10-03T22:09:24.339+0000] {processor.py:925} INFO - DAG(s) 'example_time_delta_sensor_async' retrieved from /home/airflow/.local/lib/python3.12/site-packages/airflow/example_dags/example_time_delta_sensor_async.py
[2024-10-03T22:09:24.368+0000] {logging_mixin.py:190} INFO - [2024-10-03T22:09:24.368+0000] {dag.py:3229} INFO - Sync 1 DAGs
[2024-10-03T22:09:24.402+0000] {logging_mixin.py:190} INFO - [2024-10-03T22:09:24.402+0000] {dag.py:4156} INFO - Setting next_dagrun for example_time_delta_sensor_async to None, run_after=None
[2024-10-03T22:09:24.440+0000] {processor.py:208} INFO - Processing /home/airflow/.local/lib/python3.12/site-packages/airflow/example_dags/example_time_delta_sensor_async.py took 0.129 seconds
[2024-10-03T22:09:55.174+0000] {processor.py:186} INFO - Started process (PID=608) to work on /home/airflow/.local/lib/python3.12/site-packages/airflow/example_dags/example_time_delta_sensor_async.py
[2024-10-03T22:09:55.176+0000] {processor.py:914} INFO - Processing file /home/airflow/.local/lib/python3.12/site-packages/airflow/example_dags/example_time_delta_sensor_async.py for tasks to queue
[2024-10-03T22:09:55.180+0000] {logging_mixin.py:190} INFO - [2024-10-03T22:09:55.180+0000] {dagbag.py:587} INFO - Filling up the DagBag from /home/airflow/.local/lib/python3.12/site-packages/airflow/example_dags/example_time_delta_sensor_async.py
[2024-10-03T22:09:55.191+0000] {processor.py:925} INFO - DAG(s) 'example_time_delta_sensor_async' retrieved from /home/airflow/.local/lib/python3.12/site-packages/airflow/example_dags/example_time_delta_sensor_async.py
[2024-10-03T22:09:55.224+0000] {logging_mixin.py:190} INFO - [2024-10-03T22:09:55.224+0000] {dag.py:3229} INFO - Sync 1 DAGs
[2024-10-03T22:09:55.248+0000] {logging_mixin.py:190} INFO - [2024-10-03T22:09:55.248+0000] {dag.py:4156} INFO - Setting next_dagrun for example_time_delta_sensor_async to None, run_after=None
[2024-10-03T22:09:55.285+0000] {processor.py:208} INFO - Processing /home/airflow/.local/lib/python3.12/site-packages/airflow/example_dags/example_time_delta_sensor_async.py took 0.122 seconds
[2024-10-03T22:10:26.002+0000] {processor.py:186} INFO - Started process (PID=671) to work on /home/airflow/.local/lib/python3.12/site-packages/airflow/example_dags/example_time_delta_sensor_async.py
[2024-10-03T22:10:26.004+0000] {processor.py:914} INFO - Processing file /home/airflow/.local/lib/python3.12/site-packages/airflow/example_dags/example_time_delta_sensor_async.py for tasks to queue
[2024-10-03T22:10:26.016+0000] {logging_mixin.py:190} INFO - [2024-10-03T22:10:26.015+0000] {dagbag.py:587} INFO - Filling up the DagBag from /home/airflow/.local/lib/python3.12/site-packages/airflow/example_dags/example_time_delta_sensor_async.py
[2024-10-03T22:10:26.038+0000] {processor.py:925} INFO - DAG(s) 'example_time_delta_sensor_async' retrieved from /home/airflow/.local/lib/python3.12/site-packages/airflow/example_dags/example_time_delta_sensor_async.py
[2024-10-03T22:10:26.087+0000] {logging_mixin.py:190} INFO - [2024-10-03T22:10:26.087+0000] {dag.py:3229} INFO - Sync 1 DAGs
[2024-10-03T22:10:26.123+0000] {logging_mixin.py:190} INFO - [2024-10-03T22:10:26.123+0000] {dag.py:4156} INFO - Setting next_dagrun for example_time_delta_sensor_async to None, run_after=None
[2024-10-03T22:10:26.247+0000] {processor.py:208} INFO - Processing /home/airflow/.local/lib/python3.12/site-packages/airflow/example_dags/example_time_delta_sensor_async.py took 0.264 seconds
[2024-10-03T22:10:56.378+0000] {processor.py:186} INFO - Started process (PID=733) to work on /home/airflow/.local/lib/python3.12/site-packages/airflow/example_dags/example_time_delta_sensor_async.py
[2024-10-03T22:10:56.379+0000] {processor.py:914} INFO - Processing file /home/airflow/.local/lib/python3.12/site-packages/airflow/example_dags/example_time_delta_sensor_async.py for tasks to queue
[2024-10-03T22:10:56.382+0000] {logging_mixin.py:190} INFO - [2024-10-03T22:10:56.382+0000] {dagbag.py:587} INFO - Filling up the DagBag from /home/airflow/.local/lib/python3.12/site-packages/airflow/example_dags/example_time_delta_sensor_async.py
[2024-10-03T22:10:56.389+0000] {processor.py:925} INFO - DAG(s) 'example_time_delta_sensor_async' retrieved from /home/airflow/.local/lib/python3.12/site-packages/airflow/example_dags/example_time_delta_sensor_async.py
[2024-10-03T22:10:56.411+0000] {logging_mixin.py:190} INFO - [2024-10-03T22:10:56.411+0000] {dag.py:3229} INFO - Sync 1 DAGs
[2024-10-03T22:10:56.429+0000] {logging_mixin.py:190} INFO - [2024-10-03T22:10:56.429+0000] {dag.py:4156} INFO - Setting next_dagrun for example_time_delta_sensor_async to None, run_after=None
[2024-10-03T22:10:56.459+0000] {processor.py:208} INFO - Processing /home/airflow/.local/lib/python3.12/site-packages/airflow/example_dags/example_time_delta_sensor_async.py took 0.087 seconds
[2024-10-03T22:11:26.814+0000] {processor.py:186} INFO - Started process (PID=797) to work on /home/airflow/.local/lib/python3.12/site-packages/airflow/example_dags/example_time_delta_sensor_async.py
[2024-10-03T22:11:26.815+0000] {processor.py:914} INFO - Processing file /home/airflow/.local/lib/python3.12/site-packages/airflow/example_dags/example_time_delta_sensor_async.py for tasks to queue
[2024-10-03T22:11:26.818+0000] {logging_mixin.py:190} INFO - [2024-10-03T22:11:26.818+0000] {dagbag.py:587} INFO - Filling up the DagBag from /home/airflow/.local/lib/python3.12/site-packages/airflow/example_dags/example_time_delta_sensor_async.py
[2024-10-03T22:11:26.826+0000] {processor.py:925} INFO - DAG(s) 'example_time_delta_sensor_async' retrieved from /home/airflow/.local/lib/python3.12/site-packages/airflow/example_dags/example_time_delta_sensor_async.py
[2024-10-03T22:11:26.855+0000] {logging_mixin.py:190} INFO - [2024-10-03T22:11:26.854+0000] {dag.py:3229} INFO - Sync 1 DAGs
[2024-10-03T22:11:26.875+0000] {logging_mixin.py:190} INFO - [2024-10-03T22:11:26.875+0000] {dag.py:4156} INFO - Setting next_dagrun for example_time_delta_sensor_async to None, run_after=None
[2024-10-03T22:11:26.909+0000] {processor.py:208} INFO - Processing /home/airflow/.local/lib/python3.12/site-packages/airflow/example_dags/example_time_delta_sensor_async.py took 0.102 seconds
[2024-10-03T22:11:57.359+0000] {processor.py:186} INFO - Started process (PID=860) to work on /home/airflow/.local/lib/python3.12/site-packages/airflow/example_dags/example_time_delta_sensor_async.py
[2024-10-03T22:11:57.360+0000] {processor.py:914} INFO - Processing file /home/airflow/.local/lib/python3.12/site-packages/airflow/example_dags/example_time_delta_sensor_async.py for tasks to queue
[2024-10-03T22:11:57.364+0000] {logging_mixin.py:190} INFO - [2024-10-03T22:11:57.363+0000] {dagbag.py:587} INFO - Filling up the DagBag from /home/airflow/.local/lib/python3.12/site-packages/airflow/example_dags/example_time_delta_sensor_async.py
[2024-10-03T22:11:57.375+0000] {processor.py:925} INFO - DAG(s) 'example_time_delta_sensor_async' retrieved from /home/airflow/.local/lib/python3.12/site-packages/airflow/example_dags/example_time_delta_sensor_async.py
[2024-10-03T22:11:57.410+0000] {logging_mixin.py:190} INFO - [2024-10-03T22:11:57.410+0000] {dag.py:3229} INFO - Sync 1 DAGs
[2024-10-03T22:11:57.436+0000] {logging_mixin.py:190} INFO - [2024-10-03T22:11:57.436+0000] {dag.py:4156} INFO - Setting next_dagrun for example_time_delta_sensor_async to None, run_after=None
[2024-10-03T22:11:57.470+0000] {processor.py:208} INFO - Processing /home/airflow/.local/lib/python3.12/site-packages/airflow/example_dags/example_time_delta_sensor_async.py took 0.120 seconds
[2024-10-03T22:12:28.135+0000] {processor.py:186} INFO - Started process (PID=923) to work on /home/airflow/.local/lib/python3.12/site-packages/airflow/example_dags/example_time_delta_sensor_async.py
[2024-10-03T22:12:28.137+0000] {processor.py:914} INFO - Processing file /home/airflow/.local/lib/python3.12/site-packages/airflow/example_dags/example_time_delta_sensor_async.py for tasks to queue
[2024-10-03T22:12:28.141+0000] {logging_mixin.py:190} INFO - [2024-10-03T22:12:28.141+0000] {dagbag.py:587} INFO - Filling up the DagBag from /home/airflow/.local/lib/python3.12/site-packages/airflow/example_dags/example_time_delta_sensor_async.py
[2024-10-03T22:12:28.152+0000] {processor.py:925} INFO - DAG(s) 'example_time_delta_sensor_async' retrieved from /home/airflow/.local/lib/python3.12/site-packages/airflow/example_dags/example_time_delta_sensor_async.py
[2024-10-03T22:12:28.187+0000] {logging_mixin.py:190} INFO - [2024-10-03T22:12:28.187+0000] {dag.py:3229} INFO - Sync 1 DAGs
[2024-10-03T22:12:28.218+0000] {logging_mixin.py:190} INFO - [2024-10-03T22:12:28.217+0000] {dag.py:4156} INFO - Setting next_dagrun for example_time_delta_sensor_async to None, run_after=None
[2024-10-03T22:12:28.260+0000] {processor.py:208} INFO - Processing /home/airflow/.local/lib/python3.12/site-packages/airflow/example_dags/example_time_delta_sensor_async.py took 0.144 seconds
[2024-10-03T22:12:58.606+0000] {processor.py:186} INFO - Started process (PID=986) to work on /home/airflow/.local/lib/python3.12/site-packages/airflow/example_dags/example_time_delta_sensor_async.py
[2024-10-03T22:12:58.607+0000] {processor.py:914} INFO - Processing file /home/airflow/.local/lib/python3.12/site-packages/airflow/example_dags/example_time_delta_sensor_async.py for tasks to queue
[2024-10-03T22:12:58.611+0000] {logging_mixin.py:190} INFO - [2024-10-03T22:12:58.611+0000] {dagbag.py:587} INFO - Filling up the DagBag from /home/airflow/.local/lib/python3.12/site-packages/airflow/example_dags/example_time_delta_sensor_async.py
[2024-10-03T22:12:58.621+0000] {processor.py:925} INFO - DAG(s) 'example_time_delta_sensor_async' retrieved from /home/airflow/.local/lib/python3.12/site-packages/airflow/example_dags/example_time_delta_sensor_async.py
[2024-10-03T22:12:58.650+0000] {logging_mixin.py:190} INFO - [2024-10-03T22:12:58.649+0000] {dag.py:3229} INFO - Sync 1 DAGs
[2024-10-03T22:12:58.674+0000] {logging_mixin.py:190} INFO - [2024-10-03T22:12:58.673+0000] {dag.py:4156} INFO - Setting next_dagrun for example_time_delta_sensor_async to None, run_after=None
[2024-10-03T22:12:58.715+0000] {processor.py:208} INFO - Processing /home/airflow/.local/lib/python3.12/site-packages/airflow/example_dags/example_time_delta_sensor_async.py took 0.116 seconds
[2024-10-03T22:13:29.415+0000] {processor.py:186} INFO - Started process (PID=1050) to work on /home/airflow/.local/lib/python3.12/site-packages/airflow/example_dags/example_time_delta_sensor_async.py
[2024-10-03T22:13:29.416+0000] {processor.py:914} INFO - Processing file /home/airflow/.local/lib/python3.12/site-packages/airflow/example_dags/example_time_delta_sensor_async.py for tasks to queue
[2024-10-03T22:13:29.419+0000] {logging_mixin.py:190} INFO - [2024-10-03T22:13:29.419+0000] {dagbag.py:587} INFO - Filling up the DagBag from /home/airflow/.local/lib/python3.12/site-packages/airflow/example_dags/example_time_delta_sensor_async.py
[2024-10-03T22:13:29.429+0000] {processor.py:925} INFO - DAG(s) 'example_time_delta_sensor_async' retrieved from /home/airflow/.local/lib/python3.12/site-packages/airflow/example_dags/example_time_delta_sensor_async.py
[2024-10-03T22:13:29.456+0000] {logging_mixin.py:190} INFO - [2024-10-03T22:13:29.456+0000] {dag.py:3229} INFO - Sync 1 DAGs
[2024-10-03T22:13:29.476+0000] {logging_mixin.py:190} INFO - [2024-10-03T22:13:29.475+0000] {dag.py:4156} INFO - Setting next_dagrun for example_time_delta_sensor_async to None, run_after=None
[2024-10-03T22:13:29.509+0000] {processor.py:208} INFO - Processing /home/airflow/.local/lib/python3.12/site-packages/airflow/example_dags/example_time_delta_sensor_async.py took 0.103 seconds
[2024-10-03T22:14:00.042+0000] {processor.py:186} INFO - Started process (PID=1114) to work on /home/airflow/.local/lib/python3.12/site-packages/airflow/example_dags/example_time_delta_sensor_async.py
[2024-10-03T22:14:00.043+0000] {processor.py:914} INFO - Processing file /home/airflow/.local/lib/python3.12/site-packages/airflow/example_dags/example_time_delta_sensor_async.py for tasks to queue
[2024-10-03T22:14:00.047+0000] {logging_mixin.py:190} INFO - [2024-10-03T22:14:00.047+0000] {dagbag.py:587} INFO - Filling up the DagBag from /home/airflow/.local/lib/python3.12/site-packages/airflow/example_dags/example_time_delta_sensor_async.py
[2024-10-03T22:14:00.058+0000] {processor.py:925} INFO - DAG(s) 'example_time_delta_sensor_async' retrieved from /home/airflow/.local/lib/python3.12/site-packages/airflow/example_dags/example_time_delta_sensor_async.py
[2024-10-03T22:14:00.088+0000] {logging_mixin.py:190} INFO - [2024-10-03T22:14:00.088+0000] {dag.py:3229} INFO - Sync 1 DAGs
[2024-10-03T22:14:00.114+0000] {logging_mixin.py:190} INFO - [2024-10-03T22:14:00.114+0000] {dag.py:4156} INFO - Setting next_dagrun for example_time_delta_sensor_async to None, run_after=None
[2024-10-03T22:14:00.144+0000] {processor.py:208} INFO - Processing /home/airflow/.local/lib/python3.12/site-packages/airflow/example_dags/example_time_delta_sensor_async.py took 0.111 seconds
[2024-10-03T22:14:30.699+0000] {processor.py:186} INFO - Started process (PID=1177) to work on /home/airflow/.local/lib/python3.12/site-packages/airflow/example_dags/example_time_delta_sensor_async.py
[2024-10-03T22:14:30.701+0000] {processor.py:914} INFO - Processing file /home/airflow/.local/lib/python3.12/site-packages/airflow/example_dags/example_time_delta_sensor_async.py for tasks to queue
[2024-10-03T22:14:30.704+0000] {logging_mixin.py:190} INFO - [2024-10-03T22:14:30.703+0000] {dagbag.py:587} INFO - Filling up the DagBag from /home/airflow/.local/lib/python3.12/site-packages/airflow/example_dags/example_time_delta_sensor_async.py
[2024-10-03T22:14:30.714+0000] {processor.py:925} INFO - DAG(s) 'example_time_delta_sensor_async' retrieved from /home/airflow/.local/lib/python3.12/site-packages/airflow/example_dags/example_time_delta_sensor_async.py
[2024-10-03T22:14:30.742+0000] {logging_mixin.py:190} INFO - [2024-10-03T22:14:30.741+0000] {dag.py:3229} INFO - Sync 1 DAGs
[2024-10-03T22:14:30.765+0000] {logging_mixin.py:190} INFO - [2024-10-03T22:14:30.764+0000] {dag.py:4156} INFO - Setting next_dagrun for example_time_delta_sensor_async to None, run_after=None
[2024-10-03T22:14:30.800+0000] {processor.py:208} INFO - Processing /home/airflow/.local/lib/python3.12/site-packages/airflow/example_dags/example_time_delta_sensor_async.py took 0.107 seconds
[2024-10-03T22:15:01.145+0000] {processor.py:186} INFO - Started process (PID=1240) to work on /home/airflow/.local/lib/python3.12/site-packages/airflow/example_dags/example_time_delta_sensor_async.py
[2024-10-03T22:15:01.146+0000] {processor.py:914} INFO - Processing file /home/airflow/.local/lib/python3.12/site-packages/airflow/example_dags/example_time_delta_sensor_async.py for tasks to queue
[2024-10-03T22:15:01.149+0000] {logging_mixin.py:190} INFO - [2024-10-03T22:15:01.149+0000] {dagbag.py:587} INFO - Filling up the DagBag from /home/airflow/.local/lib/python3.12/site-packages/airflow/example_dags/example_time_delta_sensor_async.py
[2024-10-03T22:15:01.157+0000] {processor.py:925} INFO - DAG(s) 'example_time_delta_sensor_async' retrieved from /home/airflow/.local/lib/python3.12/site-packages/airflow/example_dags/example_time_delta_sensor_async.py
[2024-10-03T22:15:01.182+0000] {logging_mixin.py:190} INFO - [2024-10-03T22:15:01.182+0000] {dag.py:3229} INFO - Sync 1 DAGs
[2024-10-03T22:15:01.201+0000] {logging_mixin.py:190} INFO - [2024-10-03T22:15:01.201+0000] {dag.py:4156} INFO - Setting next_dagrun for example_time_delta_sensor_async to None, run_after=None
[2024-10-03T22:15:01.226+0000] {processor.py:208} INFO - Processing /home/airflow/.local/lib/python3.12/site-packages/airflow/example_dags/example_time_delta_sensor_async.py took 0.088 seconds
[2024-10-03T22:15:31.410+0000] {processor.py:186} INFO - Started process (PID=1303) to work on /home/airflow/.local/lib/python3.12/site-packages/airflow/example_dags/example_time_delta_sensor_async.py
[2024-10-03T22:15:31.411+0000] {processor.py:914} INFO - Processing file /home/airflow/.local/lib/python3.12/site-packages/airflow/example_dags/example_time_delta_sensor_async.py for tasks to queue
[2024-10-03T22:15:31.414+0000] {logging_mixin.py:190} INFO - [2024-10-03T22:15:31.414+0000] {dagbag.py:587} INFO - Filling up the DagBag from /home/airflow/.local/lib/python3.12/site-packages/airflow/example_dags/example_time_delta_sensor_async.py
[2024-10-03T22:15:31.424+0000] {processor.py:925} INFO - DAG(s) 'example_time_delta_sensor_async' retrieved from /home/airflow/.local/lib/python3.12/site-packages/airflow/example_dags/example_time_delta_sensor_async.py
[2024-10-03T22:15:31.448+0000] {logging_mixin.py:190} INFO - [2024-10-03T22:15:31.448+0000] {dag.py:3229} INFO - Sync 1 DAGs
[2024-10-03T22:15:31.467+0000] {logging_mixin.py:190} INFO - [2024-10-03T22:15:31.467+0000] {dag.py:4156} INFO - Setting next_dagrun for example_time_delta_sensor_async to None, run_after=None
[2024-10-03T22:15:31.497+0000] {processor.py:208} INFO - Processing /home/airflow/.local/lib/python3.12/site-packages/airflow/example_dags/example_time_delta_sensor_async.py took 0.094 seconds
[2024-10-03T22:16:01.790+0000] {processor.py:186} INFO - Started process (PID=1366) to work on /home/airflow/.local/lib/python3.12/site-packages/airflow/example_dags/example_time_delta_sensor_async.py
[2024-10-03T22:16:01.791+0000] {processor.py:914} INFO - Processing file /home/airflow/.local/lib/python3.12/site-packages/airflow/example_dags/example_time_delta_sensor_async.py for tasks to queue
[2024-10-03T22:16:01.794+0000] {logging_mixin.py:190} INFO - [2024-10-03T22:16:01.794+0000] {dagbag.py:587} INFO - Filling up the DagBag from /home/airflow/.local/lib/python3.12/site-packages/airflow/example_dags/example_time_delta_sensor_async.py
[2024-10-03T22:16:01.804+0000] {processor.py:925} INFO - DAG(s) 'example_time_delta_sensor_async' retrieved from /home/airflow/.local/lib/python3.12/site-packages/airflow/example_dags/example_time_delta_sensor_async.py
[2024-10-03T22:16:01.831+0000] {logging_mixin.py:190} INFO - [2024-10-03T22:16:01.830+0000] {dag.py:3229} INFO - Sync 1 DAGs
[2024-10-03T22:16:01.850+0000] {logging_mixin.py:190} INFO - [2024-10-03T22:16:01.850+0000] {dag.py:4156} INFO - Setting next_dagrun for example_time_delta_sensor_async to None, run_after=None
[2024-10-03T22:16:01.884+0000] {processor.py:208} INFO - Processing /home/airflow/.local/lib/python3.12/site-packages/airflow/example_dags/example_time_delta_sensor_async.py took 0.101 seconds
[2024-10-03T22:16:33.372+0000] {processor.py:186} INFO - Started process (PID=1429) to work on /home/airflow/.local/lib/python3.12/site-packages/airflow/example_dags/example_time_delta_sensor_async.py
[2024-10-03T22:16:33.373+0000] {processor.py:914} INFO - Processing file /home/airflow/.local/lib/python3.12/site-packages/airflow/example_dags/example_time_delta_sensor_async.py for tasks to queue
[2024-10-03T22:16:33.398+0000] {logging_mixin.py:190} INFO - [2024-10-03T22:16:33.398+0000] {dagbag.py:587} INFO - Filling up the DagBag from /home/airflow/.local/lib/python3.12/site-packages/airflow/example_dags/example_time_delta_sensor_async.py
[2024-10-03T22:16:33.437+0000] {processor.py:925} INFO - DAG(s) 'example_time_delta_sensor_async' retrieved from /home/airflow/.local/lib/python3.12/site-packages/airflow/example_dags/example_time_delta_sensor_async.py
[2024-10-03T22:16:33.579+0000] {logging_mixin.py:190} INFO - [2024-10-03T22:16:33.579+0000] {dag.py:3229} INFO - Sync 1 DAGs
[2024-10-03T22:16:33.679+0000] {logging_mixin.py:190} INFO - [2024-10-03T22:16:33.678+0000] {dag.py:4156} INFO - Setting next_dagrun for example_time_delta_sensor_async to None, run_after=None
[2024-10-03T22:16:33.786+0000] {processor.py:208} INFO - Processing /home/airflow/.local/lib/python3.12/site-packages/airflow/example_dags/example_time_delta_sensor_async.py took 0.458 seconds
[2024-10-03T22:17:04.211+0000] {processor.py:186} INFO - Started process (PID=1491) to work on /home/airflow/.local/lib/python3.12/site-packages/airflow/example_dags/example_time_delta_sensor_async.py
[2024-10-03T22:17:04.214+0000] {processor.py:914} INFO - Processing file /home/airflow/.local/lib/python3.12/site-packages/airflow/example_dags/example_time_delta_sensor_async.py for tasks to queue
[2024-10-03T22:17:04.218+0000] {logging_mixin.py:190} INFO - [2024-10-03T22:17:04.217+0000] {dagbag.py:587} INFO - Filling up the DagBag from /home/airflow/.local/lib/python3.12/site-packages/airflow/example_dags/example_time_delta_sensor_async.py
[2024-10-03T22:17:04.230+0000] {processor.py:925} INFO - DAG(s) 'example_time_delta_sensor_async' retrieved from /home/airflow/.local/lib/python3.12/site-packages/airflow/example_dags/example_time_delta_sensor_async.py
[2024-10-03T22:17:04.318+0000] {logging_mixin.py:190} INFO - [2024-10-03T22:17:04.317+0000] {dag.py:3229} INFO - Sync 1 DAGs
[2024-10-03T22:17:04.378+0000] {logging_mixin.py:190} INFO - [2024-10-03T22:17:04.377+0000] {dag.py:4156} INFO - Setting next_dagrun for example_time_delta_sensor_async to None, run_after=None
[2024-10-03T22:17:04.491+0000] {processor.py:208} INFO - Processing /home/airflow/.local/lib/python3.12/site-packages/airflow/example_dags/example_time_delta_sensor_async.py took 0.291 seconds
[2024-10-03T22:17:34.832+0000] {processor.py:186} INFO - Started process (PID=1554) to work on /home/airflow/.local/lib/python3.12/site-packages/airflow/example_dags/example_time_delta_sensor_async.py
[2024-10-03T22:17:34.834+0000] {processor.py:914} INFO - Processing file /home/airflow/.local/lib/python3.12/site-packages/airflow/example_dags/example_time_delta_sensor_async.py for tasks to queue
[2024-10-03T22:17:34.837+0000] {logging_mixin.py:190} INFO - [2024-10-03T22:17:34.836+0000] {dagbag.py:587} INFO - Filling up the DagBag from /home/airflow/.local/lib/python3.12/site-packages/airflow/example_dags/example_time_delta_sensor_async.py
[2024-10-03T22:17:34.849+0000] {processor.py:925} INFO - DAG(s) 'example_time_delta_sensor_async' retrieved from /home/airflow/.local/lib/python3.12/site-packages/airflow/example_dags/example_time_delta_sensor_async.py
[2024-10-03T22:17:34.883+0000] {logging_mixin.py:190} INFO - [2024-10-03T22:17:34.883+0000] {dag.py:3229} INFO - Sync 1 DAGs
[2024-10-03T22:17:34.922+0000] {logging_mixin.py:190} INFO - [2024-10-03T22:17:34.922+0000] {dag.py:4156} INFO - Setting next_dagrun for example_time_delta_sensor_async to None, run_after=None
[2024-10-03T22:17:34.995+0000] {processor.py:208} INFO - Processing /home/airflow/.local/lib/python3.12/site-packages/airflow/example_dags/example_time_delta_sensor_async.py took 0.174 seconds
[2024-10-03T22:18:05.576+0000] {processor.py:186} INFO - Started process (PID=1617) to work on /home/airflow/.local/lib/python3.12/site-packages/airflow/example_dags/example_time_delta_sensor_async.py
[2024-10-03T22:18:05.578+0000] {processor.py:914} INFO - Processing file /home/airflow/.local/lib/python3.12/site-packages/airflow/example_dags/example_time_delta_sensor_async.py for tasks to queue
[2024-10-03T22:18:05.582+0000] {logging_mixin.py:190} INFO - [2024-10-03T22:18:05.581+0000] {dagbag.py:587} INFO - Filling up the DagBag from /home/airflow/.local/lib/python3.12/site-packages/airflow/example_dags/example_time_delta_sensor_async.py
[2024-10-03T22:18:05.591+0000] {processor.py:925} INFO - DAG(s) 'example_time_delta_sensor_async' retrieved from /home/airflow/.local/lib/python3.12/site-packages/airflow/example_dags/example_time_delta_sensor_async.py
[2024-10-03T22:18:05.619+0000] {logging_mixin.py:190} INFO - [2024-10-03T22:18:05.619+0000] {dag.py:3229} INFO - Sync 1 DAGs
[2024-10-03T22:18:05.641+0000] {logging_mixin.py:190} INFO - [2024-10-03T22:18:05.640+0000] {dag.py:4156} INFO - Setting next_dagrun for example_time_delta_sensor_async to None, run_after=None
[2024-10-03T22:18:05.675+0000] {processor.py:208} INFO - Processing /home/airflow/.local/lib/python3.12/site-packages/airflow/example_dags/example_time_delta_sensor_async.py took 0.108 seconds
[2024-10-03T22:18:35.877+0000] {processor.py:186} INFO - Started process (PID=1680) to work on /home/airflow/.local/lib/python3.12/site-packages/airflow/example_dags/example_time_delta_sensor_async.py
[2024-10-03T22:18:35.879+0000] {processor.py:914} INFO - Processing file /home/airflow/.local/lib/python3.12/site-packages/airflow/example_dags/example_time_delta_sensor_async.py for tasks to queue
[2024-10-03T22:18:35.883+0000] {logging_mixin.py:190} INFO - [2024-10-03T22:18:35.882+0000] {dagbag.py:587} INFO - Filling up the DagBag from /home/airflow/.local/lib/python3.12/site-packages/airflow/example_dags/example_time_delta_sensor_async.py
[2024-10-03T22:18:35.891+0000] {processor.py:925} INFO - DAG(s) 'example_time_delta_sensor_async' retrieved from /home/airflow/.local/lib/python3.12/site-packages/airflow/example_dags/example_time_delta_sensor_async.py
[2024-10-03T22:18:35.917+0000] {logging_mixin.py:190} INFO - [2024-10-03T22:18:35.917+0000] {dag.py:3229} INFO - Sync 1 DAGs
[2024-10-03T22:18:35.937+0000] {logging_mixin.py:190} INFO - [2024-10-03T22:18:35.937+0000] {dag.py:4156} INFO - Setting next_dagrun for example_time_delta_sensor_async to None, run_after=None
[2024-10-03T22:18:35.970+0000] {processor.py:208} INFO - Processing /home/airflow/.local/lib/python3.12/site-packages/airflow/example_dags/example_time_delta_sensor_async.py took 0.103 seconds
[2024-10-03T22:19:06.322+0000] {processor.py:186} INFO - Started process (PID=1743) to work on /home/airflow/.local/lib/python3.12/site-packages/airflow/example_dags/example_time_delta_sensor_async.py
[2024-10-03T22:19:06.323+0000] {processor.py:914} INFO - Processing file /home/airflow/.local/lib/python3.12/site-packages/airflow/example_dags/example_time_delta_sensor_async.py for tasks to queue
[2024-10-03T22:19:06.331+0000] {logging_mixin.py:190} INFO - [2024-10-03T22:19:06.330+0000] {dagbag.py:587} INFO - Filling up the DagBag from /home/airflow/.local/lib/python3.12/site-packages/airflow/example_dags/example_time_delta_sensor_async.py
[2024-10-03T22:19:06.348+0000] {processor.py:925} INFO - DAG(s) 'example_time_delta_sensor_async' retrieved from /home/airflow/.local/lib/python3.12/site-packages/airflow/example_dags/example_time_delta_sensor_async.py
[2024-10-03T22:19:06.373+0000] {logging_mixin.py:190} INFO - [2024-10-03T22:19:06.373+0000] {dag.py:3229} INFO - Sync 1 DAGs
[2024-10-03T22:19:06.396+0000] {logging_mixin.py:190} INFO - [2024-10-03T22:19:06.396+0000] {dag.py:4156} INFO - Setting next_dagrun for example_time_delta_sensor_async to None, run_after=None
[2024-10-03T22:19:06.421+0000] {processor.py:208} INFO - Processing /home/airflow/.local/lib/python3.12/site-packages/airflow/example_dags/example_time_delta_sensor_async.py took 0.117 seconds
[2024-10-03T22:19:36.608+0000] {processor.py:186} INFO - Started process (PID=1805) to work on /home/airflow/.local/lib/python3.12/site-packages/airflow/example_dags/example_time_delta_sensor_async.py
[2024-10-03T22:19:36.610+0000] {processor.py:914} INFO - Processing file /home/airflow/.local/lib/python3.12/site-packages/airflow/example_dags/example_time_delta_sensor_async.py for tasks to queue
[2024-10-03T22:19:36.615+0000] {logging_mixin.py:190} INFO - [2024-10-03T22:19:36.614+0000] {dagbag.py:587} INFO - Filling up the DagBag from /home/airflow/.local/lib/python3.12/site-packages/airflow/example_dags/example_time_delta_sensor_async.py
[2024-10-03T22:19:36.625+0000] {processor.py:925} INFO - DAG(s) 'example_time_delta_sensor_async' retrieved from /home/airflow/.local/lib/python3.12/site-packages/airflow/example_dags/example_time_delta_sensor_async.py
[2024-10-03T22:19:36.660+0000] {logging_mixin.py:190} INFO - [2024-10-03T22:19:36.659+0000] {dag.py:3229} INFO - Sync 1 DAGs
[2024-10-03T22:19:36.685+0000] {logging_mixin.py:190} INFO - [2024-10-03T22:19:36.685+0000] {dag.py:4156} INFO - Setting next_dagrun for example_time_delta_sensor_async to None, run_after=None
[2024-10-03T22:19:36.727+0000] {processor.py:208} INFO - Processing /home/airflow/.local/lib/python3.12/site-packages/airflow/example_dags/example_time_delta_sensor_async.py took 0.130 seconds
[2024-10-03T22:20:06.883+0000] {processor.py:186} INFO - Started process (PID=1868) to work on /home/airflow/.local/lib/python3.12/site-packages/airflow/example_dags/example_time_delta_sensor_async.py
[2024-10-03T22:20:06.884+0000] {processor.py:914} INFO - Processing file /home/airflow/.local/lib/python3.12/site-packages/airflow/example_dags/example_time_delta_sensor_async.py for tasks to queue
[2024-10-03T22:20:06.887+0000] {logging_mixin.py:190} INFO - [2024-10-03T22:20:06.887+0000] {dagbag.py:587} INFO - Filling up the DagBag from /home/airflow/.local/lib/python3.12/site-packages/airflow/example_dags/example_time_delta_sensor_async.py
[2024-10-03T22:20:06.895+0000] {processor.py:925} INFO - DAG(s) 'example_time_delta_sensor_async' retrieved from /home/airflow/.local/lib/python3.12/site-packages/airflow/example_dags/example_time_delta_sensor_async.py
[2024-10-03T22:20:06.917+0000] {logging_mixin.py:190} INFO - [2024-10-03T22:20:06.917+0000] {dag.py:3229} INFO - Sync 1 DAGs
[2024-10-03T22:20:06.934+0000] {logging_mixin.py:190} INFO - [2024-10-03T22:20:06.934+0000] {dag.py:4156} INFO - Setting next_dagrun for example_time_delta_sensor_async to None, run_after=None
[2024-10-03T22:20:06.957+0000] {processor.py:208} INFO - Processing /home/airflow/.local/lib/python3.12/site-packages/airflow/example_dags/example_time_delta_sensor_async.py took 0.081 seconds
[2024-10-03T22:20:37.309+0000] {processor.py:186} INFO - Started process (PID=1932) to work on /home/airflow/.local/lib/python3.12/site-packages/airflow/example_dags/example_time_delta_sensor_async.py
[2024-10-03T22:20:37.310+0000] {processor.py:914} INFO - Processing file /home/airflow/.local/lib/python3.12/site-packages/airflow/example_dags/example_time_delta_sensor_async.py for tasks to queue
[2024-10-03T22:20:37.313+0000] {logging_mixin.py:190} INFO - [2024-10-03T22:20:37.313+0000] {dagbag.py:587} INFO - Filling up the DagBag from /home/airflow/.local/lib/python3.12/site-packages/airflow/example_dags/example_time_delta_sensor_async.py
[2024-10-03T22:20:37.324+0000] {processor.py:925} INFO - DAG(s) 'example_time_delta_sensor_async' retrieved from /home/airflow/.local/lib/python3.12/site-packages/airflow/example_dags/example_time_delta_sensor_async.py
[2024-10-03T22:20:37.347+0000] {logging_mixin.py:190} INFO - [2024-10-03T22:20:37.347+0000] {dag.py:3229} INFO - Sync 1 DAGs
[2024-10-03T22:20:37.365+0000] {logging_mixin.py:190} INFO - [2024-10-03T22:20:37.364+0000] {dag.py:4156} INFO - Setting next_dagrun for example_time_delta_sensor_async to None, run_after=None
[2024-10-03T22:20:37.387+0000] {processor.py:208} INFO - Processing /home/airflow/.local/lib/python3.12/site-packages/airflow/example_dags/example_time_delta_sensor_async.py took 0.086 seconds
[2024-10-03T22:21:07.791+0000] {processor.py:186} INFO - Started process (PID=1995) to work on /home/airflow/.local/lib/python3.12/site-packages/airflow/example_dags/example_time_delta_sensor_async.py
[2024-10-03T22:21:07.793+0000] {processor.py:914} INFO - Processing file /home/airflow/.local/lib/python3.12/site-packages/airflow/example_dags/example_time_delta_sensor_async.py for tasks to queue
[2024-10-03T22:21:07.796+0000] {logging_mixin.py:190} INFO - [2024-10-03T22:21:07.796+0000] {dagbag.py:587} INFO - Filling up the DagBag from /home/airflow/.local/lib/python3.12/site-packages/airflow/example_dags/example_time_delta_sensor_async.py
[2024-10-03T22:21:07.804+0000] {processor.py:925} INFO - DAG(s) 'example_time_delta_sensor_async' retrieved from /home/airflow/.local/lib/python3.12/site-packages/airflow/example_dags/example_time_delta_sensor_async.py
[2024-10-03T22:21:07.831+0000] {logging_mixin.py:190} INFO - [2024-10-03T22:21:07.831+0000] {dag.py:3229} INFO - Sync 1 DAGs
[2024-10-03T22:21:07.854+0000] {logging_mixin.py:190} INFO - [2024-10-03T22:21:07.853+0000] {dag.py:4156} INFO - Setting next_dagrun for example_time_delta_sensor_async to None, run_after=None
[2024-10-03T22:21:07.888+0000] {processor.py:208} INFO - Processing /home/airflow/.local/lib/python3.12/site-packages/airflow/example_dags/example_time_delta_sensor_async.py took 0.104 seconds
[2024-10-03T22:21:38.001+0000] {processor.py:186} INFO - Started process (PID=2058) to work on /home/airflow/.local/lib/python3.12/site-packages/airflow/example_dags/example_time_delta_sensor_async.py
[2024-10-03T22:21:38.002+0000] {processor.py:914} INFO - Processing file /home/airflow/.local/lib/python3.12/site-packages/airflow/example_dags/example_time_delta_sensor_async.py for tasks to queue
[2024-10-03T22:21:38.006+0000] {logging_mixin.py:190} INFO - [2024-10-03T22:21:38.005+0000] {dagbag.py:587} INFO - Filling up the DagBag from /home/airflow/.local/lib/python3.12/site-packages/airflow/example_dags/example_time_delta_sensor_async.py
[2024-10-03T22:21:38.015+0000] {processor.py:925} INFO - DAG(s) 'example_time_delta_sensor_async' retrieved from /home/airflow/.local/lib/python3.12/site-packages/airflow/example_dags/example_time_delta_sensor_async.py
[2024-10-03T22:21:38.043+0000] {logging_mixin.py:190} INFO - [2024-10-03T22:21:38.043+0000] {dag.py:3229} INFO - Sync 1 DAGs
[2024-10-03T22:21:38.062+0000] {logging_mixin.py:190} INFO - [2024-10-03T22:21:38.061+0000] {dag.py:4156} INFO - Setting next_dagrun for example_time_delta_sensor_async to None, run_after=None
[2024-10-03T22:21:38.088+0000] {processor.py:208} INFO - Processing /home/airflow/.local/lib/python3.12/site-packages/airflow/example_dags/example_time_delta_sensor_async.py took 0.096 seconds
[2024-10-03T22:22:08.160+0000] {processor.py:186} INFO - Started process (PID=2120) to work on /home/airflow/.local/lib/python3.12/site-packages/airflow/example_dags/example_time_delta_sensor_async.py
[2024-10-03T22:22:08.162+0000] {processor.py:914} INFO - Processing file /home/airflow/.local/lib/python3.12/site-packages/airflow/example_dags/example_time_delta_sensor_async.py for tasks to queue
[2024-10-03T22:22:08.166+0000] {logging_mixin.py:190} INFO - [2024-10-03T22:22:08.165+0000] {dagbag.py:587} INFO - Filling up the DagBag from /home/airflow/.local/lib/python3.12/site-packages/airflow/example_dags/example_time_delta_sensor_async.py
[2024-10-03T22:22:08.183+0000] {processor.py:925} INFO - DAG(s) 'example_time_delta_sensor_async' retrieved from /home/airflow/.local/lib/python3.12/site-packages/airflow/example_dags/example_time_delta_sensor_async.py
[2024-10-03T22:22:08.222+0000] {logging_mixin.py:190} INFO - [2024-10-03T22:22:08.221+0000] {dag.py:3229} INFO - Sync 1 DAGs
[2024-10-03T22:22:08.242+0000] {logging_mixin.py:190} INFO - [2024-10-03T22:22:08.241+0000] {dag.py:4156} INFO - Setting next_dagrun for example_time_delta_sensor_async to None, run_after=None
[2024-10-03T22:22:08.267+0000] {processor.py:208} INFO - Processing /home/airflow/.local/lib/python3.12/site-packages/airflow/example_dags/example_time_delta_sensor_async.py took 0.121 seconds
[2024-10-03T22:22:38.336+0000] {processor.py:186} INFO - Started process (PID=2182) to work on /home/airflow/.local/lib/python3.12/site-packages/airflow/example_dags/example_time_delta_sensor_async.py
[2024-10-03T22:22:38.337+0000] {processor.py:914} INFO - Processing file /home/airflow/.local/lib/python3.12/site-packages/airflow/example_dags/example_time_delta_sensor_async.py for tasks to queue
[2024-10-03T22:22:38.340+0000] {logging_mixin.py:190} INFO - [2024-10-03T22:22:38.339+0000] {dagbag.py:587} INFO - Filling up the DagBag from /home/airflow/.local/lib/python3.12/site-packages/airflow/example_dags/example_time_delta_sensor_async.py
[2024-10-03T22:22:38.350+0000] {processor.py:925} INFO - DAG(s) 'example_time_delta_sensor_async' retrieved from /home/airflow/.local/lib/python3.12/site-packages/airflow/example_dags/example_time_delta_sensor_async.py
[2024-10-03T22:22:38.374+0000] {logging_mixin.py:190} INFO - [2024-10-03T22:22:38.374+0000] {dag.py:3229} INFO - Sync 1 DAGs
[2024-10-03T22:22:38.395+0000] {logging_mixin.py:190} INFO - [2024-10-03T22:22:38.395+0000] {dag.py:4156} INFO - Setting next_dagrun for example_time_delta_sensor_async to None, run_after=None
[2024-10-03T22:22:38.429+0000] {processor.py:208} INFO - Processing /home/airflow/.local/lib/python3.12/site-packages/airflow/example_dags/example_time_delta_sensor_async.py took 0.101 seconds
[2024-10-03T22:23:08.919+0000] {processor.py:186} INFO - Started process (PID=2244) to work on /home/airflow/.local/lib/python3.12/site-packages/airflow/example_dags/example_time_delta_sensor_async.py
[2024-10-03T22:23:08.920+0000] {processor.py:914} INFO - Processing file /home/airflow/.local/lib/python3.12/site-packages/airflow/example_dags/example_time_delta_sensor_async.py for tasks to queue
[2024-10-03T22:23:08.923+0000] {logging_mixin.py:190} INFO - [2024-10-03T22:23:08.923+0000] {dagbag.py:587} INFO - Filling up the DagBag from /home/airflow/.local/lib/python3.12/site-packages/airflow/example_dags/example_time_delta_sensor_async.py
[2024-10-03T22:23:08.933+0000] {processor.py:925} INFO - DAG(s) 'example_time_delta_sensor_async' retrieved from /home/airflow/.local/lib/python3.12/site-packages/airflow/example_dags/example_time_delta_sensor_async.py
[2024-10-03T22:23:08.962+0000] {logging_mixin.py:190} INFO - [2024-10-03T22:23:08.962+0000] {dag.py:3229} INFO - Sync 1 DAGs
[2024-10-03T22:23:08.981+0000] {logging_mixin.py:190} INFO - [2024-10-03T22:23:08.980+0000] {dag.py:4156} INFO - Setting next_dagrun for example_time_delta_sensor_async to None, run_after=None
[2024-10-03T22:23:09.007+0000] {processor.py:208} INFO - Processing /home/airflow/.local/lib/python3.12/site-packages/airflow/example_dags/example_time_delta_sensor_async.py took 0.096 seconds
[2024-10-03T22:23:39.597+0000] {processor.py:186} INFO - Started process (PID=2308) to work on /home/airflow/.local/lib/python3.12/site-packages/airflow/example_dags/example_time_delta_sensor_async.py
[2024-10-03T22:23:39.599+0000] {processor.py:914} INFO - Processing file /home/airflow/.local/lib/python3.12/site-packages/airflow/example_dags/example_time_delta_sensor_async.py for tasks to queue
[2024-10-03T22:23:39.603+0000] {logging_mixin.py:190} INFO - [2024-10-03T22:23:39.602+0000] {dagbag.py:587} INFO - Filling up the DagBag from /home/airflow/.local/lib/python3.12/site-packages/airflow/example_dags/example_time_delta_sensor_async.py
[2024-10-03T22:23:39.621+0000] {processor.py:925} INFO - DAG(s) 'example_time_delta_sensor_async' retrieved from /home/airflow/.local/lib/python3.12/site-packages/airflow/example_dags/example_time_delta_sensor_async.py
[2024-10-03T22:23:39.652+0000] {logging_mixin.py:190} INFO - [2024-10-03T22:23:39.652+0000] {dag.py:3229} INFO - Sync 1 DAGs
[2024-10-03T22:23:39.679+0000] {logging_mixin.py:190} INFO - [2024-10-03T22:23:39.678+0000] {dag.py:4156} INFO - Setting next_dagrun for example_time_delta_sensor_async to None, run_after=None
[2024-10-03T22:23:39.724+0000] {processor.py:208} INFO - Processing /home/airflow/.local/lib/python3.12/site-packages/airflow/example_dags/example_time_delta_sensor_async.py took 0.137 seconds
[2024-10-03T22:24:10.167+0000] {processor.py:186} INFO - Started process (PID=2371) to work on /home/airflow/.local/lib/python3.12/site-packages/airflow/example_dags/example_time_delta_sensor_async.py
[2024-10-03T22:24:10.168+0000] {processor.py:914} INFO - Processing file /home/airflow/.local/lib/python3.12/site-packages/airflow/example_dags/example_time_delta_sensor_async.py for tasks to queue
[2024-10-03T22:24:10.171+0000] {logging_mixin.py:190} INFO - [2024-10-03T22:24:10.171+0000] {dagbag.py:587} INFO - Filling up the DagBag from /home/airflow/.local/lib/python3.12/site-packages/airflow/example_dags/example_time_delta_sensor_async.py
[2024-10-03T22:24:10.179+0000] {processor.py:925} INFO - DAG(s) 'example_time_delta_sensor_async' retrieved from /home/airflow/.local/lib/python3.12/site-packages/airflow/example_dags/example_time_delta_sensor_async.py
[2024-10-03T22:24:10.211+0000] {logging_mixin.py:190} INFO - [2024-10-03T22:24:10.211+0000] {dag.py:3229} INFO - Sync 1 DAGs
[2024-10-03T22:24:10.237+0000] {logging_mixin.py:190} INFO - [2024-10-03T22:24:10.237+0000] {dag.py:4156} INFO - Setting next_dagrun for example_time_delta_sensor_async to None, run_after=None
[2024-10-03T22:24:10.270+0000] {processor.py:208} INFO - Processing /home/airflow/.local/lib/python3.12/site-packages/airflow/example_dags/example_time_delta_sensor_async.py took 0.113 seconds
[2024-10-03T22:24:40.542+0000] {processor.py:186} INFO - Started process (PID=2433) to work on /home/airflow/.local/lib/python3.12/site-packages/airflow/example_dags/example_time_delta_sensor_async.py
[2024-10-03T22:24:40.543+0000] {processor.py:914} INFO - Processing file /home/airflow/.local/lib/python3.12/site-packages/airflow/example_dags/example_time_delta_sensor_async.py for tasks to queue
[2024-10-03T22:24:40.548+0000] {logging_mixin.py:190} INFO - [2024-10-03T22:24:40.547+0000] {dagbag.py:587} INFO - Filling up the DagBag from /home/airflow/.local/lib/python3.12/site-packages/airflow/example_dags/example_time_delta_sensor_async.py
[2024-10-03T22:24:40.556+0000] {processor.py:925} INFO - DAG(s) 'example_time_delta_sensor_async' retrieved from /home/airflow/.local/lib/python3.12/site-packages/airflow/example_dags/example_time_delta_sensor_async.py
[2024-10-03T22:24:40.585+0000] {logging_mixin.py:190} INFO - [2024-10-03T22:24:40.585+0000] {dag.py:3229} INFO - Sync 1 DAGs
[2024-10-03T22:24:40.611+0000] {logging_mixin.py:190} INFO - [2024-10-03T22:24:40.611+0000] {dag.py:4156} INFO - Setting next_dagrun for example_time_delta_sensor_async to None, run_after=None
[2024-10-03T22:24:40.646+0000] {processor.py:208} INFO - Processing /home/airflow/.local/lib/python3.12/site-packages/airflow/example_dags/example_time_delta_sensor_async.py took 0.111 seconds
[2024-10-03T22:25:10.724+0000] {processor.py:186} INFO - Started process (PID=2495) to work on /home/airflow/.local/lib/python3.12/site-packages/airflow/example_dags/example_time_delta_sensor_async.py
[2024-10-03T22:25:10.726+0000] {processor.py:914} INFO - Processing file /home/airflow/.local/lib/python3.12/site-packages/airflow/example_dags/example_time_delta_sensor_async.py for tasks to queue
[2024-10-03T22:25:10.730+0000] {logging_mixin.py:190} INFO - [2024-10-03T22:25:10.730+0000] {dagbag.py:587} INFO - Filling up the DagBag from /home/airflow/.local/lib/python3.12/site-packages/airflow/example_dags/example_time_delta_sensor_async.py
[2024-10-03T22:25:10.741+0000] {processor.py:925} INFO - DAG(s) 'example_time_delta_sensor_async' retrieved from /home/airflow/.local/lib/python3.12/site-packages/airflow/example_dags/example_time_delta_sensor_async.py
[2024-10-03T22:25:10.804+0000] {logging_mixin.py:190} INFO - [2024-10-03T22:25:10.804+0000] {dag.py:3229} INFO - Sync 1 DAGs
[2024-10-03T22:25:10.833+0000] {logging_mixin.py:190} INFO - [2024-10-03T22:25:10.833+0000] {dag.py:4156} INFO - Setting next_dagrun for example_time_delta_sensor_async to None, run_after=None
[2024-10-03T22:25:10.869+0000] {processor.py:208} INFO - Processing /home/airflow/.local/lib/python3.12/site-packages/airflow/example_dags/example_time_delta_sensor_async.py took 0.152 seconds
[2024-10-03T22:25:41.736+0000] {processor.py:186} INFO - Started process (PID=2558) to work on /home/airflow/.local/lib/python3.12/site-packages/airflow/example_dags/example_time_delta_sensor_async.py
[2024-10-03T22:25:41.738+0000] {processor.py:914} INFO - Processing file /home/airflow/.local/lib/python3.12/site-packages/airflow/example_dags/example_time_delta_sensor_async.py for tasks to queue
[2024-10-03T22:25:41.742+0000] {logging_mixin.py:190} INFO - [2024-10-03T22:25:41.741+0000] {dagbag.py:587} INFO - Filling up the DagBag from /home/airflow/.local/lib/python3.12/site-packages/airflow/example_dags/example_time_delta_sensor_async.py
[2024-10-03T22:25:41.752+0000] {processor.py:925} INFO - DAG(s) 'example_time_delta_sensor_async' retrieved from /home/airflow/.local/lib/python3.12/site-packages/airflow/example_dags/example_time_delta_sensor_async.py
[2024-10-03T22:25:41.781+0000] {logging_mixin.py:190} INFO - [2024-10-03T22:25:41.781+0000] {dag.py:3229} INFO - Sync 1 DAGs
[2024-10-03T22:25:41.807+0000] {logging_mixin.py:190} INFO - [2024-10-03T22:25:41.807+0000] {dag.py:4156} INFO - Setting next_dagrun for example_time_delta_sensor_async to None, run_after=None
[2024-10-03T22:25:41.854+0000] {processor.py:208} INFO - Processing /home/airflow/.local/lib/python3.12/site-packages/airflow/example_dags/example_time_delta_sensor_async.py took 0.127 seconds
[2024-10-03T22:26:12.455+0000] {processor.py:186} INFO - Started process (PID=2621) to work on /home/airflow/.local/lib/python3.12/site-packages/airflow/example_dags/example_time_delta_sensor_async.py
[2024-10-03T22:26:12.456+0000] {processor.py:914} INFO - Processing file /home/airflow/.local/lib/python3.12/site-packages/airflow/example_dags/example_time_delta_sensor_async.py for tasks to queue
[2024-10-03T22:26:12.459+0000] {logging_mixin.py:190} INFO - [2024-10-03T22:26:12.459+0000] {dagbag.py:587} INFO - Filling up the DagBag from /home/airflow/.local/lib/python3.12/site-packages/airflow/example_dags/example_time_delta_sensor_async.py
[2024-10-03T22:26:12.471+0000] {processor.py:925} INFO - DAG(s) 'example_time_delta_sensor_async' retrieved from /home/airflow/.local/lib/python3.12/site-packages/airflow/example_dags/example_time_delta_sensor_async.py
[2024-10-03T22:26:12.500+0000] {logging_mixin.py:190} INFO - [2024-10-03T22:26:12.500+0000] {dag.py:3229} INFO - Sync 1 DAGs
[2024-10-03T22:26:12.520+0000] {logging_mixin.py:190} INFO - [2024-10-03T22:26:12.520+0000] {dag.py:4156} INFO - Setting next_dagrun for example_time_delta_sensor_async to None, run_after=None
[2024-10-03T22:26:12.553+0000] {processor.py:208} INFO - Processing /home/airflow/.local/lib/python3.12/site-packages/airflow/example_dags/example_time_delta_sensor_async.py took 0.108 seconds
[2024-10-03T22:26:42.838+0000] {processor.py:186} INFO - Started process (PID=2684) to work on /home/airflow/.local/lib/python3.12/site-packages/airflow/example_dags/example_time_delta_sensor_async.py
[2024-10-03T22:26:42.839+0000] {processor.py:914} INFO - Processing file /home/airflow/.local/lib/python3.12/site-packages/airflow/example_dags/example_time_delta_sensor_async.py for tasks to queue
[2024-10-03T22:26:42.847+0000] {logging_mixin.py:190} INFO - [2024-10-03T22:26:42.846+0000] {dagbag.py:587} INFO - Filling up the DagBag from /home/airflow/.local/lib/python3.12/site-packages/airflow/example_dags/example_time_delta_sensor_async.py
[2024-10-03T22:26:42.859+0000] {processor.py:925} INFO - DAG(s) 'example_time_delta_sensor_async' retrieved from /home/airflow/.local/lib/python3.12/site-packages/airflow/example_dags/example_time_delta_sensor_async.py
[2024-10-03T22:26:42.899+0000] {logging_mixin.py:190} INFO - [2024-10-03T22:26:42.899+0000] {dag.py:3229} INFO - Sync 1 DAGs
[2024-10-03T22:26:42.927+0000] {logging_mixin.py:190} INFO - [2024-10-03T22:26:42.927+0000] {dag.py:4156} INFO - Setting next_dagrun for example_time_delta_sensor_async to None, run_after=None
[2024-10-03T22:26:42.967+0000] {processor.py:208} INFO - Processing /home/airflow/.local/lib/python3.12/site-packages/airflow/example_dags/example_time_delta_sensor_async.py took 0.139 seconds
[2024-10-03T22:27:13.070+0000] {processor.py:186} INFO - Started process (PID=2747) to work on /home/airflow/.local/lib/python3.12/site-packages/airflow/example_dags/example_time_delta_sensor_async.py
[2024-10-03T22:27:13.072+0000] {processor.py:914} INFO - Processing file /home/airflow/.local/lib/python3.12/site-packages/airflow/example_dags/example_time_delta_sensor_async.py for tasks to queue
[2024-10-03T22:27:13.075+0000] {logging_mixin.py:190} INFO - [2024-10-03T22:27:13.074+0000] {dagbag.py:587} INFO - Filling up the DagBag from /home/airflow/.local/lib/python3.12/site-packages/airflow/example_dags/example_time_delta_sensor_async.py
[2024-10-03T22:27:13.085+0000] {processor.py:925} INFO - DAG(s) 'example_time_delta_sensor_async' retrieved from /home/airflow/.local/lib/python3.12/site-packages/airflow/example_dags/example_time_delta_sensor_async.py
[2024-10-03T22:27:13.115+0000] {logging_mixin.py:190} INFO - [2024-10-03T22:27:13.114+0000] {dag.py:3229} INFO - Sync 1 DAGs
[2024-10-03T22:27:13.138+0000] {logging_mixin.py:190} INFO - [2024-10-03T22:27:13.138+0000] {dag.py:4156} INFO - Setting next_dagrun for example_time_delta_sensor_async to None, run_after=None
[2024-10-03T22:27:13.182+0000] {processor.py:208} INFO - Processing /home/airflow/.local/lib/python3.12/site-packages/airflow/example_dags/example_time_delta_sensor_async.py took 0.121 seconds
[2024-10-03T22:27:44.003+0000] {processor.py:186} INFO - Started process (PID=2811) to work on /home/airflow/.local/lib/python3.12/site-packages/airflow/example_dags/example_time_delta_sensor_async.py
[2024-10-03T22:27:44.004+0000] {processor.py:914} INFO - Processing file /home/airflow/.local/lib/python3.12/site-packages/airflow/example_dags/example_time_delta_sensor_async.py for tasks to queue
[2024-10-03T22:27:44.008+0000] {logging_mixin.py:190} INFO - [2024-10-03T22:27:44.007+0000] {dagbag.py:587} INFO - Filling up the DagBag from /home/airflow/.local/lib/python3.12/site-packages/airflow/example_dags/example_time_delta_sensor_async.py
[2024-10-03T22:27:44.022+0000] {processor.py:925} INFO - DAG(s) 'example_time_delta_sensor_async' retrieved from /home/airflow/.local/lib/python3.12/site-packages/airflow/example_dags/example_time_delta_sensor_async.py
[2024-10-03T22:27:44.073+0000] {logging_mixin.py:190} INFO - [2024-10-03T22:27:44.073+0000] {dag.py:3229} INFO - Sync 1 DAGs
[2024-10-03T22:27:44.116+0000] {logging_mixin.py:190} INFO - [2024-10-03T22:27:44.115+0000] {dag.py:4156} INFO - Setting next_dagrun for example_time_delta_sensor_async to None, run_after=None
[2024-10-03T22:27:44.160+0000] {processor.py:208} INFO - Processing /home/airflow/.local/lib/python3.12/site-packages/airflow/example_dags/example_time_delta_sensor_async.py took 0.170 seconds
[2024-10-03T22:28:14.434+0000] {processor.py:186} INFO - Started process (PID=2874) to work on /home/airflow/.local/lib/python3.12/site-packages/airflow/example_dags/example_time_delta_sensor_async.py
[2024-10-03T22:28:14.435+0000] {processor.py:914} INFO - Processing file /home/airflow/.local/lib/python3.12/site-packages/airflow/example_dags/example_time_delta_sensor_async.py for tasks to queue
[2024-10-03T22:28:14.439+0000] {logging_mixin.py:190} INFO - [2024-10-03T22:28:14.439+0000] {dagbag.py:587} INFO - Filling up the DagBag from /home/airflow/.local/lib/python3.12/site-packages/airflow/example_dags/example_time_delta_sensor_async.py
[2024-10-03T22:28:14.451+0000] {processor.py:925} INFO - DAG(s) 'example_time_delta_sensor_async' retrieved from /home/airflow/.local/lib/python3.12/site-packages/airflow/example_dags/example_time_delta_sensor_async.py
[2024-10-03T22:28:14.482+0000] {logging_mixin.py:190} INFO - [2024-10-03T22:28:14.481+0000] {dag.py:3229} INFO - Sync 1 DAGs
[2024-10-03T22:28:14.506+0000] {logging_mixin.py:190} INFO - [2024-10-03T22:28:14.506+0000] {dag.py:4156} INFO - Setting next_dagrun for example_time_delta_sensor_async to None, run_after=None
[2024-10-03T22:28:14.537+0000] {processor.py:208} INFO - Processing /home/airflow/.local/lib/python3.12/site-packages/airflow/example_dags/example_time_delta_sensor_async.py took 0.114 seconds
[2024-10-03T22:28:44.990+0000] {processor.py:186} INFO - Started process (PID=2937) to work on /home/airflow/.local/lib/python3.12/site-packages/airflow/example_dags/example_time_delta_sensor_async.py
[2024-10-03T22:28:44.992+0000] {processor.py:914} INFO - Processing file /home/airflow/.local/lib/python3.12/site-packages/airflow/example_dags/example_time_delta_sensor_async.py for tasks to queue
[2024-10-03T22:28:44.995+0000] {logging_mixin.py:190} INFO - [2024-10-03T22:28:44.994+0000] {dagbag.py:587} INFO - Filling up the DagBag from /home/airflow/.local/lib/python3.12/site-packages/airflow/example_dags/example_time_delta_sensor_async.py
[2024-10-03T22:28:45.004+0000] {processor.py:925} INFO - DAG(s) 'example_time_delta_sensor_async' retrieved from /home/airflow/.local/lib/python3.12/site-packages/airflow/example_dags/example_time_delta_sensor_async.py
[2024-10-03T22:28:45.032+0000] {logging_mixin.py:190} INFO - [2024-10-03T22:28:45.032+0000] {dag.py:3229} INFO - Sync 1 DAGs
[2024-10-03T22:28:45.060+0000] {logging_mixin.py:190} INFO - [2024-10-03T22:28:45.060+0000] {dag.py:4156} INFO - Setting next_dagrun for example_time_delta_sensor_async to None, run_after=None
[2024-10-03T22:28:45.099+0000] {processor.py:208} INFO - Processing /home/airflow/.local/lib/python3.12/site-packages/airflow/example_dags/example_time_delta_sensor_async.py took 0.118 seconds
[2024-10-03T22:29:15.335+0000] {processor.py:186} INFO - Started process (PID=2999) to work on /home/airflow/.local/lib/python3.12/site-packages/airflow/example_dags/example_time_delta_sensor_async.py
[2024-10-03T22:29:15.336+0000] {processor.py:914} INFO - Processing file /home/airflow/.local/lib/python3.12/site-packages/airflow/example_dags/example_time_delta_sensor_async.py for tasks to queue
[2024-10-03T22:29:15.339+0000] {logging_mixin.py:190} INFO - [2024-10-03T22:29:15.338+0000] {dagbag.py:587} INFO - Filling up the DagBag from /home/airflow/.local/lib/python3.12/site-packages/airflow/example_dags/example_time_delta_sensor_async.py
[2024-10-03T22:29:15.348+0000] {processor.py:925} INFO - DAG(s) 'example_time_delta_sensor_async' retrieved from /home/airflow/.local/lib/python3.12/site-packages/airflow/example_dags/example_time_delta_sensor_async.py
[2024-10-03T22:29:15.371+0000] {logging_mixin.py:190} INFO - [2024-10-03T22:29:15.370+0000] {dag.py:3229} INFO - Sync 1 DAGs
[2024-10-03T22:29:15.389+0000] {logging_mixin.py:190} INFO - [2024-10-03T22:29:15.388+0000] {dag.py:4156} INFO - Setting next_dagrun for example_time_delta_sensor_async to None, run_after=None
[2024-10-03T22:29:15.421+0000] {processor.py:208} INFO - Processing /home/airflow/.local/lib/python3.12/site-packages/airflow/example_dags/example_time_delta_sensor_async.py took 0.094 seconds
[2024-10-03T22:29:45.699+0000] {processor.py:186} INFO - Started process (PID=3061) to work on /home/airflow/.local/lib/python3.12/site-packages/airflow/example_dags/example_time_delta_sensor_async.py
[2024-10-03T22:29:45.701+0000] {processor.py:914} INFO - Processing file /home/airflow/.local/lib/python3.12/site-packages/airflow/example_dags/example_time_delta_sensor_async.py for tasks to queue
[2024-10-03T22:29:45.706+0000] {logging_mixin.py:190} INFO - [2024-10-03T22:29:45.705+0000] {dagbag.py:587} INFO - Filling up the DagBag from /home/airflow/.local/lib/python3.12/site-packages/airflow/example_dags/example_time_delta_sensor_async.py
[2024-10-03T22:29:45.717+0000] {processor.py:925} INFO - DAG(s) 'example_time_delta_sensor_async' retrieved from /home/airflow/.local/lib/python3.12/site-packages/airflow/example_dags/example_time_delta_sensor_async.py
[2024-10-03T22:29:45.744+0000] {logging_mixin.py:190} INFO - [2024-10-03T22:29:45.743+0000] {dag.py:3229} INFO - Sync 1 DAGs
[2024-10-03T22:29:45.765+0000] {logging_mixin.py:190} INFO - [2024-10-03T22:29:45.764+0000] {dag.py:4156} INFO - Setting next_dagrun for example_time_delta_sensor_async to None, run_after=None
[2024-10-03T22:29:45.804+0000] {processor.py:208} INFO - Processing /home/airflow/.local/lib/python3.12/site-packages/airflow/example_dags/example_time_delta_sensor_async.py took 0.115 seconds
[2024-10-03T22:30:16.025+0000] {processor.py:186} INFO - Started process (PID=3124) to work on /home/airflow/.local/lib/python3.12/site-packages/airflow/example_dags/example_time_delta_sensor_async.py
[2024-10-03T22:30:16.027+0000] {processor.py:914} INFO - Processing file /home/airflow/.local/lib/python3.12/site-packages/airflow/example_dags/example_time_delta_sensor_async.py for tasks to queue
[2024-10-03T22:30:16.030+0000] {logging_mixin.py:190} INFO - [2024-10-03T22:30:16.030+0000] {dagbag.py:587} INFO - Filling up the DagBag from /home/airflow/.local/lib/python3.12/site-packages/airflow/example_dags/example_time_delta_sensor_async.py
[2024-10-03T22:30:16.038+0000] {processor.py:925} INFO - DAG(s) 'example_time_delta_sensor_async' retrieved from /home/airflow/.local/lib/python3.12/site-packages/airflow/example_dags/example_time_delta_sensor_async.py
[2024-10-03T22:30:16.061+0000] {logging_mixin.py:190} INFO - [2024-10-03T22:30:16.060+0000] {dag.py:3229} INFO - Sync 1 DAGs
[2024-10-03T22:30:16.078+0000] {logging_mixin.py:190} INFO - [2024-10-03T22:30:16.077+0000] {dag.py:4156} INFO - Setting next_dagrun for example_time_delta_sensor_async to None, run_after=None
[2024-10-03T22:30:16.112+0000] {processor.py:208} INFO - Processing /home/airflow/.local/lib/python3.12/site-packages/airflow/example_dags/example_time_delta_sensor_async.py took 0.096 seconds
[2024-10-03T22:30:46.656+0000] {processor.py:186} INFO - Started process (PID=3187) to work on /home/airflow/.local/lib/python3.12/site-packages/airflow/example_dags/example_time_delta_sensor_async.py
[2024-10-03T22:30:46.657+0000] {processor.py:914} INFO - Processing file /home/airflow/.local/lib/python3.12/site-packages/airflow/example_dags/example_time_delta_sensor_async.py for tasks to queue
[2024-10-03T22:30:46.660+0000] {logging_mixin.py:190} INFO - [2024-10-03T22:30:46.659+0000] {dagbag.py:587} INFO - Filling up the DagBag from /home/airflow/.local/lib/python3.12/site-packages/airflow/example_dags/example_time_delta_sensor_async.py
[2024-10-03T22:30:46.667+0000] {processor.py:925} INFO - DAG(s) 'example_time_delta_sensor_async' retrieved from /home/airflow/.local/lib/python3.12/site-packages/airflow/example_dags/example_time_delta_sensor_async.py
[2024-10-03T22:30:46.689+0000] {logging_mixin.py:190} INFO - [2024-10-03T22:30:46.689+0000] {dag.py:3229} INFO - Sync 1 DAGs
[2024-10-03T22:30:46.706+0000] {logging_mixin.py:190} INFO - [2024-10-03T22:30:46.706+0000] {dag.py:4156} INFO - Setting next_dagrun for example_time_delta_sensor_async to None, run_after=None
[2024-10-03T22:30:46.737+0000] {processor.py:208} INFO - Processing /home/airflow/.local/lib/python3.12/site-packages/airflow/example_dags/example_time_delta_sensor_async.py took 0.088 seconds
[2024-10-03T22:31:16.950+0000] {processor.py:186} INFO - Started process (PID=3249) to work on /home/airflow/.local/lib/python3.12/site-packages/airflow/example_dags/example_time_delta_sensor_async.py
[2024-10-03T22:31:16.951+0000] {processor.py:914} INFO - Processing file /home/airflow/.local/lib/python3.12/site-packages/airflow/example_dags/example_time_delta_sensor_async.py for tasks to queue
[2024-10-03T22:31:16.956+0000] {logging_mixin.py:190} INFO - [2024-10-03T22:31:16.956+0000] {dagbag.py:587} INFO - Filling up the DagBag from /home/airflow/.local/lib/python3.12/site-packages/airflow/example_dags/example_time_delta_sensor_async.py
[2024-10-03T22:31:16.968+0000] {processor.py:925} INFO - DAG(s) 'example_time_delta_sensor_async' retrieved from /home/airflow/.local/lib/python3.12/site-packages/airflow/example_dags/example_time_delta_sensor_async.py
[2024-10-03T22:31:17.008+0000] {logging_mixin.py:190} INFO - [2024-10-03T22:31:17.005+0000] {dag.py:3229} INFO - Sync 1 DAGs
[2024-10-03T22:31:17.044+0000] {logging_mixin.py:190} INFO - [2024-10-03T22:31:17.043+0000] {dag.py:4156} INFO - Setting next_dagrun for example_time_delta_sensor_async to None, run_after=None
[2024-10-03T22:31:17.090+0000] {processor.py:208} INFO - Processing /home/airflow/.local/lib/python3.12/site-packages/airflow/example_dags/example_time_delta_sensor_async.py took 0.151 seconds
[2024-10-03T22:31:47.502+0000] {processor.py:186} INFO - Started process (PID=3318) to work on /home/airflow/.local/lib/python3.12/site-packages/airflow/example_dags/example_time_delta_sensor_async.py
[2024-10-03T22:31:47.503+0000] {processor.py:914} INFO - Processing file /home/airflow/.local/lib/python3.12/site-packages/airflow/example_dags/example_time_delta_sensor_async.py for tasks to queue
[2024-10-03T22:31:47.506+0000] {logging_mixin.py:190} INFO - [2024-10-03T22:31:47.506+0000] {dagbag.py:587} INFO - Filling up the DagBag from /home/airflow/.local/lib/python3.12/site-packages/airflow/example_dags/example_time_delta_sensor_async.py
[2024-10-03T22:31:47.514+0000] {processor.py:925} INFO - DAG(s) 'example_time_delta_sensor_async' retrieved from /home/airflow/.local/lib/python3.12/site-packages/airflow/example_dags/example_time_delta_sensor_async.py
[2024-10-03T22:31:47.536+0000] {logging_mixin.py:190} INFO - [2024-10-03T22:31:47.536+0000] {dag.py:3229} INFO - Sync 1 DAGs
[2024-10-03T22:31:47.556+0000] {logging_mixin.py:190} INFO - [2024-10-03T22:31:47.555+0000] {dag.py:4156} INFO - Setting next_dagrun for example_time_delta_sensor_async to None, run_after=None
[2024-10-03T22:31:47.586+0000] {processor.py:208} INFO - Processing /home/airflow/.local/lib/python3.12/site-packages/airflow/example_dags/example_time_delta_sensor_async.py took 0.091 seconds
[2024-10-03T22:32:17.878+0000] {processor.py:186} INFO - Started process (PID=3381) to work on /home/airflow/.local/lib/python3.12/site-packages/airflow/example_dags/example_time_delta_sensor_async.py
[2024-10-03T22:32:17.879+0000] {processor.py:914} INFO - Processing file /home/airflow/.local/lib/python3.12/site-packages/airflow/example_dags/example_time_delta_sensor_async.py for tasks to queue
[2024-10-03T22:32:17.882+0000] {logging_mixin.py:190} INFO - [2024-10-03T22:32:17.882+0000] {dagbag.py:587} INFO - Filling up the DagBag from /home/airflow/.local/lib/python3.12/site-packages/airflow/example_dags/example_time_delta_sensor_async.py
[2024-10-03T22:32:17.890+0000] {processor.py:925} INFO - DAG(s) 'example_time_delta_sensor_async' retrieved from /home/airflow/.local/lib/python3.12/site-packages/airflow/example_dags/example_time_delta_sensor_async.py
[2024-10-03T22:32:17.914+0000] {logging_mixin.py:190} INFO - [2024-10-03T22:32:17.914+0000] {dag.py:3229} INFO - Sync 1 DAGs
[2024-10-03T22:32:17.932+0000] {logging_mixin.py:190} INFO - [2024-10-03T22:32:17.932+0000] {dag.py:4156} INFO - Setting next_dagrun for example_time_delta_sensor_async to None, run_after=None
[2024-10-03T22:32:17.964+0000] {processor.py:208} INFO - Processing /home/airflow/.local/lib/python3.12/site-packages/airflow/example_dags/example_time_delta_sensor_async.py took 0.093 seconds
[2024-10-03T22:32:48.287+0000] {processor.py:186} INFO - Started process (PID=3444) to work on /home/airflow/.local/lib/python3.12/site-packages/airflow/example_dags/example_time_delta_sensor_async.py
[2024-10-03T22:32:48.290+0000] {processor.py:914} INFO - Processing file /home/airflow/.local/lib/python3.12/site-packages/airflow/example_dags/example_time_delta_sensor_async.py for tasks to queue
[2024-10-03T22:32:48.295+0000] {logging_mixin.py:190} INFO - [2024-10-03T22:32:48.295+0000] {dagbag.py:587} INFO - Filling up the DagBag from /home/airflow/.local/lib/python3.12/site-packages/airflow/example_dags/example_time_delta_sensor_async.py
[2024-10-03T22:32:48.311+0000] {processor.py:925} INFO - DAG(s) 'example_time_delta_sensor_async' retrieved from /home/airflow/.local/lib/python3.12/site-packages/airflow/example_dags/example_time_delta_sensor_async.py
[2024-10-03T22:32:48.335+0000] {logging_mixin.py:190} INFO - [2024-10-03T22:32:48.335+0000] {dag.py:3229} INFO - Sync 1 DAGs
[2024-10-03T22:32:48.356+0000] {logging_mixin.py:190} INFO - [2024-10-03T22:32:48.355+0000] {dag.py:4156} INFO - Setting next_dagrun for example_time_delta_sensor_async to None, run_after=None
[2024-10-03T22:32:48.381+0000] {processor.py:208} INFO - Processing /home/airflow/.local/lib/python3.12/site-packages/airflow/example_dags/example_time_delta_sensor_async.py took 0.102 seconds
[2024-10-03T22:33:18.984+0000] {processor.py:186} INFO - Started process (PID=3507) to work on /home/airflow/.local/lib/python3.12/site-packages/airflow/example_dags/example_time_delta_sensor_async.py
[2024-10-03T22:33:18.985+0000] {processor.py:914} INFO - Processing file /home/airflow/.local/lib/python3.12/site-packages/airflow/example_dags/example_time_delta_sensor_async.py for tasks to queue
[2024-10-03T22:33:18.988+0000] {logging_mixin.py:190} INFO - [2024-10-03T22:33:18.987+0000] {dagbag.py:587} INFO - Filling up the DagBag from /home/airflow/.local/lib/python3.12/site-packages/airflow/example_dags/example_time_delta_sensor_async.py
[2024-10-03T22:33:18.995+0000] {processor.py:925} INFO - DAG(s) 'example_time_delta_sensor_async' retrieved from /home/airflow/.local/lib/python3.12/site-packages/airflow/example_dags/example_time_delta_sensor_async.py
[2024-10-03T22:33:19.018+0000] {logging_mixin.py:190} INFO - [2024-10-03T22:33:19.018+0000] {dag.py:3229} INFO - Sync 1 DAGs
[2024-10-03T22:33:19.035+0000] {logging_mixin.py:190} INFO - [2024-10-03T22:33:19.035+0000] {dag.py:4156} INFO - Setting next_dagrun for example_time_delta_sensor_async to None, run_after=None
[2024-10-03T22:33:19.067+0000] {processor.py:208} INFO - Processing /home/airflow/.local/lib/python3.12/site-packages/airflow/example_dags/example_time_delta_sensor_async.py took 0.091 seconds
[2024-10-03T22:33:49.565+0000] {processor.py:186} INFO - Started process (PID=3570) to work on /home/airflow/.local/lib/python3.12/site-packages/airflow/example_dags/example_time_delta_sensor_async.py
[2024-10-03T22:33:49.567+0000] {processor.py:914} INFO - Processing file /home/airflow/.local/lib/python3.12/site-packages/airflow/example_dags/example_time_delta_sensor_async.py for tasks to queue
[2024-10-03T22:33:49.570+0000] {logging_mixin.py:190} INFO - [2024-10-03T22:33:49.569+0000] {dagbag.py:587} INFO - Filling up the DagBag from /home/airflow/.local/lib/python3.12/site-packages/airflow/example_dags/example_time_delta_sensor_async.py
[2024-10-03T22:33:49.580+0000] {processor.py:925} INFO - DAG(s) 'example_time_delta_sensor_async' retrieved from /home/airflow/.local/lib/python3.12/site-packages/airflow/example_dags/example_time_delta_sensor_async.py
[2024-10-03T22:33:49.603+0000] {logging_mixin.py:190} INFO - [2024-10-03T22:33:49.603+0000] {dag.py:3229} INFO - Sync 1 DAGs
[2024-10-03T22:33:49.622+0000] {logging_mixin.py:190} INFO - [2024-10-03T22:33:49.621+0000] {dag.py:4156} INFO - Setting next_dagrun for example_time_delta_sensor_async to None, run_after=None
[2024-10-03T22:33:49.655+0000] {processor.py:208} INFO - Processing /home/airflow/.local/lib/python3.12/site-packages/airflow/example_dags/example_time_delta_sensor_async.py took 0.100 seconds
[2024-10-03T22:34:20.166+0000] {processor.py:186} INFO - Started process (PID=3633) to work on /home/airflow/.local/lib/python3.12/site-packages/airflow/example_dags/example_time_delta_sensor_async.py
[2024-10-03T22:34:20.168+0000] {processor.py:914} INFO - Processing file /home/airflow/.local/lib/python3.12/site-packages/airflow/example_dags/example_time_delta_sensor_async.py for tasks to queue
[2024-10-03T22:34:20.171+0000] {logging_mixin.py:190} INFO - [2024-10-03T22:34:20.170+0000] {dagbag.py:587} INFO - Filling up the DagBag from /home/airflow/.local/lib/python3.12/site-packages/airflow/example_dags/example_time_delta_sensor_async.py
[2024-10-03T22:34:20.178+0000] {processor.py:925} INFO - DAG(s) 'example_time_delta_sensor_async' retrieved from /home/airflow/.local/lib/python3.12/site-packages/airflow/example_dags/example_time_delta_sensor_async.py
[2024-10-03T22:34:20.201+0000] {logging_mixin.py:190} INFO - [2024-10-03T22:34:20.200+0000] {dag.py:3229} INFO - Sync 1 DAGs
[2024-10-03T22:34:20.230+0000] {logging_mixin.py:190} INFO - [2024-10-03T22:34:20.230+0000] {dag.py:4156} INFO - Setting next_dagrun for example_time_delta_sensor_async to None, run_after=None
[2024-10-03T22:34:20.268+0000] {processor.py:208} INFO - Processing /home/airflow/.local/lib/python3.12/site-packages/airflow/example_dags/example_time_delta_sensor_async.py took 0.109 seconds
[2024-10-03T22:34:50.941+0000] {processor.py:186} INFO - Started process (PID=3696) to work on /home/airflow/.local/lib/python3.12/site-packages/airflow/example_dags/example_time_delta_sensor_async.py
[2024-10-03T22:34:50.942+0000] {processor.py:914} INFO - Processing file /home/airflow/.local/lib/python3.12/site-packages/airflow/example_dags/example_time_delta_sensor_async.py for tasks to queue
[2024-10-03T22:34:50.946+0000] {logging_mixin.py:190} INFO - [2024-10-03T22:34:50.945+0000] {dagbag.py:587} INFO - Filling up the DagBag from /home/airflow/.local/lib/python3.12/site-packages/airflow/example_dags/example_time_delta_sensor_async.py
[2024-10-03T22:34:50.957+0000] {processor.py:925} INFO - DAG(s) 'example_time_delta_sensor_async' retrieved from /home/airflow/.local/lib/python3.12/site-packages/airflow/example_dags/example_time_delta_sensor_async.py
[2024-10-03T22:34:50.988+0000] {logging_mixin.py:190} INFO - [2024-10-03T22:34:50.988+0000] {dag.py:3229} INFO - Sync 1 DAGs
[2024-10-03T22:34:51.016+0000] {logging_mixin.py:190} INFO - [2024-10-03T22:34:51.015+0000] {dag.py:4156} INFO - Setting next_dagrun for example_time_delta_sensor_async to None, run_after=None
[2024-10-03T22:34:51.053+0000] {processor.py:208} INFO - Processing /home/airflow/.local/lib/python3.12/site-packages/airflow/example_dags/example_time_delta_sensor_async.py took 0.122 seconds
