[2024-10-03T22:06:01.291+0000] {processor.py:186} INFO - Started process (PID=134) to work on /home/airflow/.local/lib/python3.12/site-packages/airflow/example_dags/example_latest_only.py
[2024-10-03T22:06:01.308+0000] {processor.py:914} INFO - Processing file /home/airflow/.local/lib/python3.12/site-packages/airflow/example_dags/example_latest_only.py for tasks to queue
[2024-10-03T22:06:01.323+0000] {logging_mixin.py:190} INFO - [2024-10-03T22:06:01.323+0000] {dagbag.py:587} INFO - Filling up the DagBag from /home/airflow/.local/lib/python3.12/site-packages/airflow/example_dags/example_latest_only.py
[2024-10-03T22:06:01.370+0000] {processor.py:925} INFO - DAG(s) 'latest_only' retrieved from /home/airflow/.local/lib/python3.12/site-packages/airflow/example_dags/example_latest_only.py
[2024-10-03T22:06:01.483+0000] {logging_mixin.py:190} INFO - [2024-10-03T22:06:01.482+0000] {dag.py:3229} INFO - Sync 1 DAGs
[2024-10-03T22:06:01.602+0000] {logging_mixin.py:190} INFO - [2024-10-03T22:06:01.602+0000] {dag.py:4156} INFO - Setting next_dagrun for latest_only to 2024-10-03 16:00:00+00:00, run_after=2024-10-03 20:00:00+00:00
[2024-10-03T22:06:01.718+0000] {processor.py:208} INFO - Processing /home/airflow/.local/lib/python3.12/site-packages/airflow/example_dags/example_latest_only.py took 0.460 seconds
[2024-10-03T22:06:35.857+0000] {processor.py:186} INFO - Started process (PID=197) to work on /home/airflow/.local/lib/python3.12/site-packages/airflow/example_dags/example_latest_only.py
[2024-10-03T22:06:35.869+0000] {processor.py:914} INFO - Processing file /home/airflow/.local/lib/python3.12/site-packages/airflow/example_dags/example_latest_only.py for tasks to queue
[2024-10-03T22:06:35.886+0000] {logging_mixin.py:190} INFO - [2024-10-03T22:06:35.886+0000] {dagbag.py:587} INFO - Filling up the DagBag from /home/airflow/.local/lib/python3.12/site-packages/airflow/example_dags/example_latest_only.py
[2024-10-03T22:06:35.934+0000] {processor.py:925} INFO - DAG(s) 'latest_only' retrieved from /home/airflow/.local/lib/python3.12/site-packages/airflow/example_dags/example_latest_only.py
[2024-10-03T22:06:36.080+0000] {logging_mixin.py:190} INFO - [2024-10-03T22:06:36.080+0000] {dag.py:3229} INFO - Sync 1 DAGs
[2024-10-03T22:06:36.243+0000] {logging_mixin.py:190} INFO - [2024-10-03T22:06:36.242+0000] {dag.py:4156} INFO - Setting next_dagrun for latest_only to 2024-10-03 16:00:00+00:00, run_after=2024-10-03 20:00:00+00:00
[2024-10-03T22:06:36.337+0000] {processor.py:208} INFO - Processing /home/airflow/.local/lib/python3.12/site-packages/airflow/example_dags/example_latest_only.py took 0.502 seconds
[2024-10-03T22:07:07.240+0000] {processor.py:186} INFO - Started process (PID=260) to work on /home/airflow/.local/lib/python3.12/site-packages/airflow/example_dags/example_latest_only.py
[2024-10-03T22:07:07.245+0000] {processor.py:914} INFO - Processing file /home/airflow/.local/lib/python3.12/site-packages/airflow/example_dags/example_latest_only.py for tasks to queue
[2024-10-03T22:07:07.259+0000] {logging_mixin.py:190} INFO - [2024-10-03T22:07:07.258+0000] {dagbag.py:587} INFO - Filling up the DagBag from /home/airflow/.local/lib/python3.12/site-packages/airflow/example_dags/example_latest_only.py
[2024-10-03T22:07:07.305+0000] {processor.py:925} INFO - DAG(s) 'latest_only' retrieved from /home/airflow/.local/lib/python3.12/site-packages/airflow/example_dags/example_latest_only.py
[2024-10-03T22:07:07.463+0000] {logging_mixin.py:190} INFO - [2024-10-03T22:07:07.450+0000] {dag.py:3229} INFO - Sync 1 DAGs
[2024-10-03T22:07:07.642+0000] {logging_mixin.py:190} INFO - [2024-10-03T22:07:07.641+0000] {dag.py:4156} INFO - Setting next_dagrun for latest_only to 2024-10-03 16:00:00+00:00, run_after=2024-10-03 20:00:00+00:00
[2024-10-03T22:07:07.848+0000] {processor.py:208} INFO - Processing /home/airflow/.local/lib/python3.12/site-packages/airflow/example_dags/example_latest_only.py took 0.651 seconds
[2024-10-03T22:07:39.293+0000] {processor.py:186} INFO - Started process (PID=325) to work on /home/airflow/.local/lib/python3.12/site-packages/airflow/example_dags/example_latest_only.py
[2024-10-03T22:07:39.299+0000] {processor.py:914} INFO - Processing file /home/airflow/.local/lib/python3.12/site-packages/airflow/example_dags/example_latest_only.py for tasks to queue
[2024-10-03T22:07:39.309+0000] {logging_mixin.py:190} INFO - [2024-10-03T22:07:39.309+0000] {dagbag.py:587} INFO - Filling up the DagBag from /home/airflow/.local/lib/python3.12/site-packages/airflow/example_dags/example_latest_only.py
[2024-10-03T22:07:39.344+0000] {processor.py:925} INFO - DAG(s) 'latest_only' retrieved from /home/airflow/.local/lib/python3.12/site-packages/airflow/example_dags/example_latest_only.py
[2024-10-03T22:07:39.549+0000] {logging_mixin.py:190} INFO - [2024-10-03T22:07:39.548+0000] {dag.py:3229} INFO - Sync 1 DAGs
[2024-10-03T22:07:39.711+0000] {logging_mixin.py:190} INFO - [2024-10-03T22:07:39.710+0000] {dag.py:4156} INFO - Setting next_dagrun for latest_only to 2024-10-03 16:00:00+00:00, run_after=2024-10-03 20:00:00+00:00
[2024-10-03T22:07:39.871+0000] {processor.py:208} INFO - Processing /home/airflow/.local/lib/python3.12/site-packages/airflow/example_dags/example_latest_only.py took 0.601 seconds
[2024-10-03T22:08:10.625+0000] {processor.py:186} INFO - Started process (PID=388) to work on /home/airflow/.local/lib/python3.12/site-packages/airflow/example_dags/example_latest_only.py
[2024-10-03T22:08:10.627+0000] {processor.py:914} INFO - Processing file /home/airflow/.local/lib/python3.12/site-packages/airflow/example_dags/example_latest_only.py for tasks to queue
[2024-10-03T22:08:10.633+0000] {logging_mixin.py:190} INFO - [2024-10-03T22:08:10.632+0000] {dagbag.py:587} INFO - Filling up the DagBag from /home/airflow/.local/lib/python3.12/site-packages/airflow/example_dags/example_latest_only.py
[2024-10-03T22:08:10.646+0000] {processor.py:925} INFO - DAG(s) 'latest_only' retrieved from /home/airflow/.local/lib/python3.12/site-packages/airflow/example_dags/example_latest_only.py
[2024-10-03T22:08:10.685+0000] {logging_mixin.py:190} INFO - [2024-10-03T22:08:10.684+0000] {dag.py:3229} INFO - Sync 1 DAGs
[2024-10-03T22:08:10.750+0000] {logging_mixin.py:190} INFO - [2024-10-03T22:08:10.749+0000] {dag.py:4156} INFO - Setting next_dagrun for latest_only to 2024-10-03 16:00:00+00:00, run_after=2024-10-03 20:00:00+00:00
[2024-10-03T22:08:10.818+0000] {processor.py:208} INFO - Processing /home/airflow/.local/lib/python3.12/site-packages/airflow/example_dags/example_latest_only.py took 0.203 seconds
[2024-10-03T22:08:41.069+0000] {processor.py:186} INFO - Started process (PID=451) to work on /home/airflow/.local/lib/python3.12/site-packages/airflow/example_dags/example_latest_only.py
[2024-10-03T22:08:41.075+0000] {processor.py:914} INFO - Processing file /home/airflow/.local/lib/python3.12/site-packages/airflow/example_dags/example_latest_only.py for tasks to queue
[2024-10-03T22:08:41.082+0000] {logging_mixin.py:190} INFO - [2024-10-03T22:08:41.082+0000] {dagbag.py:587} INFO - Filling up the DagBag from /home/airflow/.local/lib/python3.12/site-packages/airflow/example_dags/example_latest_only.py
[2024-10-03T22:08:41.095+0000] {processor.py:925} INFO - DAG(s) 'latest_only' retrieved from /home/airflow/.local/lib/python3.12/site-packages/airflow/example_dags/example_latest_only.py
[2024-10-03T22:08:41.125+0000] {logging_mixin.py:190} INFO - [2024-10-03T22:08:41.124+0000] {dag.py:3229} INFO - Sync 1 DAGs
[2024-10-03T22:08:41.164+0000] {logging_mixin.py:190} INFO - [2024-10-03T22:08:41.163+0000] {dag.py:4156} INFO - Setting next_dagrun for latest_only to 2024-10-03 16:00:00+00:00, run_after=2024-10-03 20:00:00+00:00
[2024-10-03T22:08:41.205+0000] {processor.py:208} INFO - Processing /home/airflow/.local/lib/python3.12/site-packages/airflow/example_dags/example_latest_only.py took 0.165 seconds
[2024-10-03T22:09:11.320+0000] {processor.py:186} INFO - Started process (PID=514) to work on /home/airflow/.local/lib/python3.12/site-packages/airflow/example_dags/example_latest_only.py
[2024-10-03T22:09:11.322+0000] {processor.py:914} INFO - Processing file /home/airflow/.local/lib/python3.12/site-packages/airflow/example_dags/example_latest_only.py for tasks to queue
[2024-10-03T22:09:11.326+0000] {logging_mixin.py:190} INFO - [2024-10-03T22:09:11.325+0000] {dagbag.py:587} INFO - Filling up the DagBag from /home/airflow/.local/lib/python3.12/site-packages/airflow/example_dags/example_latest_only.py
[2024-10-03T22:09:11.336+0000] {processor.py:925} INFO - DAG(s) 'latest_only' retrieved from /home/airflow/.local/lib/python3.12/site-packages/airflow/example_dags/example_latest_only.py
[2024-10-03T22:09:11.366+0000] {logging_mixin.py:190} INFO - [2024-10-03T22:09:11.365+0000] {dag.py:3229} INFO - Sync 1 DAGs
[2024-10-03T22:09:11.409+0000] {logging_mixin.py:190} INFO - [2024-10-03T22:09:11.408+0000] {dag.py:4156} INFO - Setting next_dagrun for latest_only to 2024-10-03 16:00:00+00:00, run_after=2024-10-03 20:00:00+00:00
[2024-10-03T22:09:11.439+0000] {processor.py:208} INFO - Processing /home/airflow/.local/lib/python3.12/site-packages/airflow/example_dags/example_latest_only.py took 0.129 seconds
[2024-10-03T22:09:42.333+0000] {processor.py:186} INFO - Started process (PID=577) to work on /home/airflow/.local/lib/python3.12/site-packages/airflow/example_dags/example_latest_only.py
[2024-10-03T22:09:42.335+0000] {processor.py:914} INFO - Processing file /home/airflow/.local/lib/python3.12/site-packages/airflow/example_dags/example_latest_only.py for tasks to queue
[2024-10-03T22:09:42.340+0000] {logging_mixin.py:190} INFO - [2024-10-03T22:09:42.340+0000] {dagbag.py:587} INFO - Filling up the DagBag from /home/airflow/.local/lib/python3.12/site-packages/airflow/example_dags/example_latest_only.py
[2024-10-03T22:09:42.353+0000] {processor.py:925} INFO - DAG(s) 'latest_only' retrieved from /home/airflow/.local/lib/python3.12/site-packages/airflow/example_dags/example_latest_only.py
[2024-10-03T22:09:42.412+0000] {logging_mixin.py:190} INFO - [2024-10-03T22:09:42.411+0000] {dag.py:3229} INFO - Sync 1 DAGs
[2024-10-03T22:09:42.454+0000] {logging_mixin.py:190} INFO - [2024-10-03T22:09:42.453+0000] {dag.py:4156} INFO - Setting next_dagrun for latest_only to 2024-10-03 16:00:00+00:00, run_after=2024-10-03 20:00:00+00:00
[2024-10-03T22:09:42.498+0000] {processor.py:208} INFO - Processing /home/airflow/.local/lib/python3.12/site-packages/airflow/example_dags/example_latest_only.py took 0.175 seconds
[2024-10-03T22:10:13.356+0000] {processor.py:186} INFO - Started process (PID=640) to work on /home/airflow/.local/lib/python3.12/site-packages/airflow/example_dags/example_latest_only.py
[2024-10-03T22:10:13.358+0000] {processor.py:914} INFO - Processing file /home/airflow/.local/lib/python3.12/site-packages/airflow/example_dags/example_latest_only.py for tasks to queue
[2024-10-03T22:10:13.362+0000] {logging_mixin.py:190} INFO - [2024-10-03T22:10:13.361+0000] {dagbag.py:587} INFO - Filling up the DagBag from /home/airflow/.local/lib/python3.12/site-packages/airflow/example_dags/example_latest_only.py
[2024-10-03T22:10:13.374+0000] {processor.py:925} INFO - DAG(s) 'latest_only' retrieved from /home/airflow/.local/lib/python3.12/site-packages/airflow/example_dags/example_latest_only.py
[2024-10-03T22:10:13.412+0000] {logging_mixin.py:190} INFO - [2024-10-03T22:10:13.411+0000] {dag.py:3229} INFO - Sync 1 DAGs
[2024-10-03T22:10:13.469+0000] {logging_mixin.py:190} INFO - [2024-10-03T22:10:13.469+0000] {dag.py:4156} INFO - Setting next_dagrun for latest_only to 2024-10-03 16:00:00+00:00, run_after=2024-10-03 20:00:00+00:00
[2024-10-03T22:10:13.554+0000] {processor.py:208} INFO - Processing /home/airflow/.local/lib/python3.12/site-packages/airflow/example_dags/example_latest_only.py took 0.210 seconds
[2024-10-03T22:10:43.779+0000] {processor.py:186} INFO - Started process (PID=702) to work on /home/airflow/.local/lib/python3.12/site-packages/airflow/example_dags/example_latest_only.py
[2024-10-03T22:10:43.780+0000] {processor.py:914} INFO - Processing file /home/airflow/.local/lib/python3.12/site-packages/airflow/example_dags/example_latest_only.py for tasks to queue
[2024-10-03T22:10:43.783+0000] {logging_mixin.py:190} INFO - [2024-10-03T22:10:43.783+0000] {dagbag.py:587} INFO - Filling up the DagBag from /home/airflow/.local/lib/python3.12/site-packages/airflow/example_dags/example_latest_only.py
[2024-10-03T22:10:43.794+0000] {processor.py:925} INFO - DAG(s) 'latest_only' retrieved from /home/airflow/.local/lib/python3.12/site-packages/airflow/example_dags/example_latest_only.py
[2024-10-03T22:10:43.838+0000] {logging_mixin.py:190} INFO - [2024-10-03T22:10:43.838+0000] {dag.py:3229} INFO - Sync 1 DAGs
[2024-10-03T22:10:43.879+0000] {logging_mixin.py:190} INFO - [2024-10-03T22:10:43.878+0000] {dag.py:4156} INFO - Setting next_dagrun for latest_only to 2024-10-03 16:00:00+00:00, run_after=2024-10-03 20:00:00+00:00
[2024-10-03T22:10:43.904+0000] {processor.py:208} INFO - Processing /home/airflow/.local/lib/python3.12/site-packages/airflow/example_dags/example_latest_only.py took 0.135 seconds
[2024-10-03T22:11:13.984+0000] {processor.py:186} INFO - Started process (PID=765) to work on /home/airflow/.local/lib/python3.12/site-packages/airflow/example_dags/example_latest_only.py
[2024-10-03T22:11:13.985+0000] {processor.py:914} INFO - Processing file /home/airflow/.local/lib/python3.12/site-packages/airflow/example_dags/example_latest_only.py for tasks to queue
[2024-10-03T22:11:13.988+0000] {logging_mixin.py:190} INFO - [2024-10-03T22:11:13.988+0000] {dagbag.py:587} INFO - Filling up the DagBag from /home/airflow/.local/lib/python3.12/site-packages/airflow/example_dags/example_latest_only.py
[2024-10-03T22:11:13.998+0000] {processor.py:925} INFO - DAG(s) 'latest_only' retrieved from /home/airflow/.local/lib/python3.12/site-packages/airflow/example_dags/example_latest_only.py
[2024-10-03T22:11:14.023+0000] {logging_mixin.py:190} INFO - [2024-10-03T22:11:14.023+0000] {dag.py:3229} INFO - Sync 1 DAGs
[2024-10-03T22:11:14.059+0000] {logging_mixin.py:190} INFO - [2024-10-03T22:11:14.059+0000] {dag.py:4156} INFO - Setting next_dagrun for latest_only to 2024-10-03 16:00:00+00:00, run_after=2024-10-03 20:00:00+00:00
[2024-10-03T22:11:14.093+0000] {processor.py:208} INFO - Processing /home/airflow/.local/lib/python3.12/site-packages/airflow/example_dags/example_latest_only.py took 0.118 seconds
[2024-10-03T22:11:44.431+0000] {processor.py:186} INFO - Started process (PID=828) to work on /home/airflow/.local/lib/python3.12/site-packages/airflow/example_dags/example_latest_only.py
[2024-10-03T22:11:44.433+0000] {processor.py:914} INFO - Processing file /home/airflow/.local/lib/python3.12/site-packages/airflow/example_dags/example_latest_only.py for tasks to queue
[2024-10-03T22:11:44.437+0000] {logging_mixin.py:190} INFO - [2024-10-03T22:11:44.436+0000] {dagbag.py:587} INFO - Filling up the DagBag from /home/airflow/.local/lib/python3.12/site-packages/airflow/example_dags/example_latest_only.py
[2024-10-03T22:11:44.449+0000] {processor.py:925} INFO - DAG(s) 'latest_only' retrieved from /home/airflow/.local/lib/python3.12/site-packages/airflow/example_dags/example_latest_only.py
[2024-10-03T22:11:44.511+0000] {logging_mixin.py:190} INFO - [2024-10-03T22:11:44.510+0000] {dag.py:3229} INFO - Sync 1 DAGs
[2024-10-03T22:11:44.561+0000] {logging_mixin.py:190} INFO - [2024-10-03T22:11:44.561+0000] {dag.py:4156} INFO - Setting next_dagrun for latest_only to 2024-10-03 16:00:00+00:00, run_after=2024-10-03 20:00:00+00:00
[2024-10-03T22:11:44.602+0000] {processor.py:208} INFO - Processing /home/airflow/.local/lib/python3.12/site-packages/airflow/example_dags/example_latest_only.py took 0.182 seconds
[2024-10-03T22:12:15.102+0000] {processor.py:186} INFO - Started process (PID=891) to work on /home/airflow/.local/lib/python3.12/site-packages/airflow/example_dags/example_latest_only.py
[2024-10-03T22:12:15.104+0000] {processor.py:914} INFO - Processing file /home/airflow/.local/lib/python3.12/site-packages/airflow/example_dags/example_latest_only.py for tasks to queue
[2024-10-03T22:12:15.119+0000] {logging_mixin.py:190} INFO - [2024-10-03T22:12:15.109+0000] {dagbag.py:587} INFO - Filling up the DagBag from /home/airflow/.local/lib/python3.12/site-packages/airflow/example_dags/example_latest_only.py
[2024-10-03T22:12:15.142+0000] {processor.py:925} INFO - DAG(s) 'latest_only' retrieved from /home/airflow/.local/lib/python3.12/site-packages/airflow/example_dags/example_latest_only.py
[2024-10-03T22:12:15.196+0000] {logging_mixin.py:190} INFO - [2024-10-03T22:12:15.195+0000] {dag.py:3229} INFO - Sync 1 DAGs
[2024-10-03T22:12:15.265+0000] {logging_mixin.py:190} INFO - [2024-10-03T22:12:15.265+0000] {dag.py:4156} INFO - Setting next_dagrun for latest_only to 2024-10-03 16:00:00+00:00, run_after=2024-10-03 20:00:00+00:00
[2024-10-03T22:12:15.312+0000] {processor.py:208} INFO - Processing /home/airflow/.local/lib/python3.12/site-packages/airflow/example_dags/example_latest_only.py took 0.231 seconds
[2024-10-03T22:12:45.757+0000] {processor.py:186} INFO - Started process (PID=960) to work on /home/airflow/.local/lib/python3.12/site-packages/airflow/example_dags/example_latest_only.py
[2024-10-03T22:12:45.758+0000] {processor.py:914} INFO - Processing file /home/airflow/.local/lib/python3.12/site-packages/airflow/example_dags/example_latest_only.py for tasks to queue
[2024-10-03T22:12:45.762+0000] {logging_mixin.py:190} INFO - [2024-10-03T22:12:45.761+0000] {dagbag.py:587} INFO - Filling up the DagBag from /home/airflow/.local/lib/python3.12/site-packages/airflow/example_dags/example_latest_only.py
[2024-10-03T22:12:45.773+0000] {processor.py:925} INFO - DAG(s) 'latest_only' retrieved from /home/airflow/.local/lib/python3.12/site-packages/airflow/example_dags/example_latest_only.py
[2024-10-03T22:12:45.809+0000] {logging_mixin.py:190} INFO - [2024-10-03T22:12:45.808+0000] {dag.py:3229} INFO - Sync 1 DAGs
[2024-10-03T22:12:45.857+0000] {logging_mixin.py:190} INFO - [2024-10-03T22:12:45.856+0000] {dag.py:4156} INFO - Setting next_dagrun for latest_only to 2024-10-03 16:00:00+00:00, run_after=2024-10-03 20:00:00+00:00
[2024-10-03T22:12:45.898+0000] {processor.py:208} INFO - Processing /home/airflow/.local/lib/python3.12/site-packages/airflow/example_dags/example_latest_only.py took 0.152 seconds
[2024-10-03T22:13:16.573+0000] {processor.py:186} INFO - Started process (PID=1024) to work on /home/airflow/.local/lib/python3.12/site-packages/airflow/example_dags/example_latest_only.py
[2024-10-03T22:13:16.574+0000] {processor.py:914} INFO - Processing file /home/airflow/.local/lib/python3.12/site-packages/airflow/example_dags/example_latest_only.py for tasks to queue
[2024-10-03T22:13:16.578+0000] {logging_mixin.py:190} INFO - [2024-10-03T22:13:16.577+0000] {dagbag.py:587} INFO - Filling up the DagBag from /home/airflow/.local/lib/python3.12/site-packages/airflow/example_dags/example_latest_only.py
[2024-10-03T22:13:16.589+0000] {processor.py:925} INFO - DAG(s) 'latest_only' retrieved from /home/airflow/.local/lib/python3.12/site-packages/airflow/example_dags/example_latest_only.py
[2024-10-03T22:13:16.614+0000] {logging_mixin.py:190} INFO - [2024-10-03T22:13:16.614+0000] {dag.py:3229} INFO - Sync 1 DAGs
[2024-10-03T22:13:16.655+0000] {logging_mixin.py:190} INFO - [2024-10-03T22:13:16.655+0000] {dag.py:4156} INFO - Setting next_dagrun for latest_only to 2024-10-03 16:00:00+00:00, run_after=2024-10-03 20:00:00+00:00
[2024-10-03T22:13:16.682+0000] {processor.py:208} INFO - Processing /home/airflow/.local/lib/python3.12/site-packages/airflow/example_dags/example_latest_only.py took 0.119 seconds
[2024-10-03T22:13:47.167+0000] {processor.py:186} INFO - Started process (PID=1088) to work on /home/airflow/.local/lib/python3.12/site-packages/airflow/example_dags/example_latest_only.py
[2024-10-03T22:13:47.169+0000] {processor.py:914} INFO - Processing file /home/airflow/.local/lib/python3.12/site-packages/airflow/example_dags/example_latest_only.py for tasks to queue
[2024-10-03T22:13:47.172+0000] {logging_mixin.py:190} INFO - [2024-10-03T22:13:47.171+0000] {dagbag.py:587} INFO - Filling up the DagBag from /home/airflow/.local/lib/python3.12/site-packages/airflow/example_dags/example_latest_only.py
[2024-10-03T22:13:47.182+0000] {processor.py:925} INFO - DAG(s) 'latest_only' retrieved from /home/airflow/.local/lib/python3.12/site-packages/airflow/example_dags/example_latest_only.py
[2024-10-03T22:13:47.207+0000] {logging_mixin.py:190} INFO - [2024-10-03T22:13:47.206+0000] {dag.py:3229} INFO - Sync 1 DAGs
[2024-10-03T22:13:47.246+0000] {logging_mixin.py:190} INFO - [2024-10-03T22:13:47.246+0000] {dag.py:4156} INFO - Setting next_dagrun for latest_only to 2024-10-03 16:00:00+00:00, run_after=2024-10-03 20:00:00+00:00
[2024-10-03T22:13:47.275+0000] {processor.py:208} INFO - Processing /home/airflow/.local/lib/python3.12/site-packages/airflow/example_dags/example_latest_only.py took 0.118 seconds
[2024-10-03T22:14:17.864+0000] {processor.py:186} INFO - Started process (PID=1151) to work on /home/airflow/.local/lib/python3.12/site-packages/airflow/example_dags/example_latest_only.py
[2024-10-03T22:14:17.866+0000] {processor.py:914} INFO - Processing file /home/airflow/.local/lib/python3.12/site-packages/airflow/example_dags/example_latest_only.py for tasks to queue
[2024-10-03T22:14:17.869+0000] {logging_mixin.py:190} INFO - [2024-10-03T22:14:17.868+0000] {dagbag.py:587} INFO - Filling up the DagBag from /home/airflow/.local/lib/python3.12/site-packages/airflow/example_dags/example_latest_only.py
[2024-10-03T22:14:17.878+0000] {processor.py:925} INFO - DAG(s) 'latest_only' retrieved from /home/airflow/.local/lib/python3.12/site-packages/airflow/example_dags/example_latest_only.py
[2024-10-03T22:14:17.906+0000] {logging_mixin.py:190} INFO - [2024-10-03T22:14:17.905+0000] {dag.py:3229} INFO - Sync 1 DAGs
[2024-10-03T22:14:17.945+0000] {logging_mixin.py:190} INFO - [2024-10-03T22:14:17.944+0000] {dag.py:4156} INFO - Setting next_dagrun for latest_only to 2024-10-03 16:00:00+00:00, run_after=2024-10-03 20:00:00+00:00
[2024-10-03T22:14:17.980+0000] {processor.py:208} INFO - Processing /home/airflow/.local/lib/python3.12/site-packages/airflow/example_dags/example_latest_only.py took 0.124 seconds
[2024-10-03T22:14:48.726+0000] {processor.py:186} INFO - Started process (PID=1214) to work on /home/airflow/.local/lib/python3.12/site-packages/airflow/example_dags/example_latest_only.py
[2024-10-03T22:14:48.728+0000] {processor.py:914} INFO - Processing file /home/airflow/.local/lib/python3.12/site-packages/airflow/example_dags/example_latest_only.py for tasks to queue
[2024-10-03T22:14:48.732+0000] {logging_mixin.py:190} INFO - [2024-10-03T22:14:48.731+0000] {dagbag.py:587} INFO - Filling up the DagBag from /home/airflow/.local/lib/python3.12/site-packages/airflow/example_dags/example_latest_only.py
[2024-10-03T22:14:48.742+0000] {processor.py:925} INFO - DAG(s) 'latest_only' retrieved from /home/airflow/.local/lib/python3.12/site-packages/airflow/example_dags/example_latest_only.py
[2024-10-03T22:14:48.767+0000] {logging_mixin.py:190} INFO - [2024-10-03T22:14:48.767+0000] {dag.py:3229} INFO - Sync 1 DAGs
[2024-10-03T22:14:48.809+0000] {logging_mixin.py:190} INFO - [2024-10-03T22:14:48.808+0000] {dag.py:4156} INFO - Setting next_dagrun for latest_only to 2024-10-03 16:00:00+00:00, run_after=2024-10-03 20:00:00+00:00
[2024-10-03T22:14:48.846+0000] {processor.py:208} INFO - Processing /home/airflow/.local/lib/python3.12/site-packages/airflow/example_dags/example_latest_only.py took 0.129 seconds
[2024-10-03T22:15:18.935+0000] {processor.py:186} INFO - Started process (PID=1277) to work on /home/airflow/.local/lib/python3.12/site-packages/airflow/example_dags/example_latest_only.py
[2024-10-03T22:15:18.937+0000] {processor.py:914} INFO - Processing file /home/airflow/.local/lib/python3.12/site-packages/airflow/example_dags/example_latest_only.py for tasks to queue
[2024-10-03T22:15:18.940+0000] {logging_mixin.py:190} INFO - [2024-10-03T22:15:18.940+0000] {dagbag.py:587} INFO - Filling up the DagBag from /home/airflow/.local/lib/python3.12/site-packages/airflow/example_dags/example_latest_only.py
[2024-10-03T22:15:18.948+0000] {processor.py:925} INFO - DAG(s) 'latest_only' retrieved from /home/airflow/.local/lib/python3.12/site-packages/airflow/example_dags/example_latest_only.py
[2024-10-03T22:15:18.976+0000] {logging_mixin.py:190} INFO - [2024-10-03T22:15:18.976+0000] {dag.py:3229} INFO - Sync 1 DAGs
[2024-10-03T22:15:19.009+0000] {logging_mixin.py:190} INFO - [2024-10-03T22:15:19.008+0000] {dag.py:4156} INFO - Setting next_dagrun for latest_only to 2024-10-03 16:00:00+00:00, run_after=2024-10-03 20:00:00+00:00
[2024-10-03T22:15:19.042+0000] {processor.py:208} INFO - Processing /home/airflow/.local/lib/python3.12/site-packages/airflow/example_dags/example_latest_only.py took 0.115 seconds
[2024-10-03T22:15:49.252+0000] {processor.py:186} INFO - Started process (PID=1340) to work on /home/airflow/.local/lib/python3.12/site-packages/airflow/example_dags/example_latest_only.py
[2024-10-03T22:15:49.254+0000] {processor.py:914} INFO - Processing file /home/airflow/.local/lib/python3.12/site-packages/airflow/example_dags/example_latest_only.py for tasks to queue
[2024-10-03T22:15:49.257+0000] {logging_mixin.py:190} INFO - [2024-10-03T22:15:49.257+0000] {dagbag.py:587} INFO - Filling up the DagBag from /home/airflow/.local/lib/python3.12/site-packages/airflow/example_dags/example_latest_only.py
[2024-10-03T22:15:49.267+0000] {processor.py:925} INFO - DAG(s) 'latest_only' retrieved from /home/airflow/.local/lib/python3.12/site-packages/airflow/example_dags/example_latest_only.py
[2024-10-03T22:15:49.296+0000] {logging_mixin.py:190} INFO - [2024-10-03T22:15:49.296+0000] {dag.py:3229} INFO - Sync 1 DAGs
[2024-10-03T22:15:49.349+0000] {logging_mixin.py:190} INFO - [2024-10-03T22:15:49.349+0000] {dag.py:4156} INFO - Setting next_dagrun for latest_only to 2024-10-03 16:00:00+00:00, run_after=2024-10-03 20:00:00+00:00
[2024-10-03T22:15:49.390+0000] {processor.py:208} INFO - Processing /home/airflow/.local/lib/python3.12/site-packages/airflow/example_dags/example_latest_only.py took 0.147 seconds
[2024-10-03T22:16:20.406+0000] {processor.py:186} INFO - Started process (PID=1403) to work on /home/airflow/.local/lib/python3.12/site-packages/airflow/example_dags/example_latest_only.py
[2024-10-03T22:16:20.407+0000] {processor.py:914} INFO - Processing file /home/airflow/.local/lib/python3.12/site-packages/airflow/example_dags/example_latest_only.py for tasks to queue
[2024-10-03T22:16:20.421+0000] {logging_mixin.py:190} INFO - [2024-10-03T22:16:20.421+0000] {dagbag.py:587} INFO - Filling up the DagBag from /home/airflow/.local/lib/python3.12/site-packages/airflow/example_dags/example_latest_only.py
[2024-10-03T22:16:20.442+0000] {processor.py:925} INFO - DAG(s) 'latest_only' retrieved from /home/airflow/.local/lib/python3.12/site-packages/airflow/example_dags/example_latest_only.py
[2024-10-03T22:16:20.501+0000] {logging_mixin.py:190} INFO - [2024-10-03T22:16:20.500+0000] {dag.py:3229} INFO - Sync 1 DAGs
[2024-10-03T22:16:20.593+0000] {logging_mixin.py:190} INFO - [2024-10-03T22:16:20.593+0000] {dag.py:4156} INFO - Setting next_dagrun for latest_only to 2024-10-03 16:00:00+00:00, run_after=2024-10-03 20:00:00+00:00
[2024-10-03T22:16:20.678+0000] {processor.py:208} INFO - Processing /home/airflow/.local/lib/python3.12/site-packages/airflow/example_dags/example_latest_only.py took 0.292 seconds
[2024-10-03T22:16:51.370+0000] {processor.py:186} INFO - Started process (PID=1466) to work on /home/airflow/.local/lib/python3.12/site-packages/airflow/example_dags/example_latest_only.py
[2024-10-03T22:16:51.372+0000] {processor.py:914} INFO - Processing file /home/airflow/.local/lib/python3.12/site-packages/airflow/example_dags/example_latest_only.py for tasks to queue
[2024-10-03T22:16:51.376+0000] {logging_mixin.py:190} INFO - [2024-10-03T22:16:51.375+0000] {dagbag.py:587} INFO - Filling up the DagBag from /home/airflow/.local/lib/python3.12/site-packages/airflow/example_dags/example_latest_only.py
[2024-10-03T22:16:51.399+0000] {processor.py:925} INFO - DAG(s) 'latest_only' retrieved from /home/airflow/.local/lib/python3.12/site-packages/airflow/example_dags/example_latest_only.py
[2024-10-03T22:16:51.437+0000] {logging_mixin.py:190} INFO - [2024-10-03T22:16:51.437+0000] {dag.py:3229} INFO - Sync 1 DAGs
[2024-10-03T22:16:51.496+0000] {logging_mixin.py:190} INFO - [2024-10-03T22:16:51.495+0000] {dag.py:4156} INFO - Setting next_dagrun for latest_only to 2024-10-03 16:00:00+00:00, run_after=2024-10-03 20:00:00+00:00
[2024-10-03T22:16:51.536+0000] {processor.py:208} INFO - Processing /home/airflow/.local/lib/python3.12/site-packages/airflow/example_dags/example_latest_only.py took 0.182 seconds
[2024-10-03T22:17:22.338+0000] {processor.py:186} INFO - Started process (PID=1529) to work on /home/airflow/.local/lib/python3.12/site-packages/airflow/example_dags/example_latest_only.py
[2024-10-03T22:17:22.339+0000] {processor.py:914} INFO - Processing file /home/airflow/.local/lib/python3.12/site-packages/airflow/example_dags/example_latest_only.py for tasks to queue
[2024-10-03T22:17:22.343+0000] {logging_mixin.py:190} INFO - [2024-10-03T22:17:22.343+0000] {dagbag.py:587} INFO - Filling up the DagBag from /home/airflow/.local/lib/python3.12/site-packages/airflow/example_dags/example_latest_only.py
[2024-10-03T22:17:22.355+0000] {processor.py:925} INFO - DAG(s) 'latest_only' retrieved from /home/airflow/.local/lib/python3.12/site-packages/airflow/example_dags/example_latest_only.py
[2024-10-03T22:17:22.388+0000] {logging_mixin.py:190} INFO - [2024-10-03T22:17:22.387+0000] {dag.py:3229} INFO - Sync 1 DAGs
[2024-10-03T22:17:22.425+0000] {logging_mixin.py:190} INFO - [2024-10-03T22:17:22.425+0000] {dag.py:4156} INFO - Setting next_dagrun for latest_only to 2024-10-03 16:00:00+00:00, run_after=2024-10-03 20:00:00+00:00
[2024-10-03T22:17:22.475+0000] {processor.py:208} INFO - Processing /home/airflow/.local/lib/python3.12/site-packages/airflow/example_dags/example_latest_only.py took 0.149 seconds
[2024-10-03T22:17:52.713+0000] {processor.py:186} INFO - Started process (PID=1592) to work on /home/airflow/.local/lib/python3.12/site-packages/airflow/example_dags/example_latest_only.py
[2024-10-03T22:17:52.715+0000] {processor.py:914} INFO - Processing file /home/airflow/.local/lib/python3.12/site-packages/airflow/example_dags/example_latest_only.py for tasks to queue
[2024-10-03T22:17:52.719+0000] {logging_mixin.py:190} INFO - [2024-10-03T22:17:52.719+0000] {dagbag.py:587} INFO - Filling up the DagBag from /home/airflow/.local/lib/python3.12/site-packages/airflow/example_dags/example_latest_only.py
[2024-10-03T22:17:52.732+0000] {processor.py:925} INFO - DAG(s) 'latest_only' retrieved from /home/airflow/.local/lib/python3.12/site-packages/airflow/example_dags/example_latest_only.py
[2024-10-03T22:17:52.778+0000] {logging_mixin.py:190} INFO - [2024-10-03T22:17:52.777+0000] {dag.py:3229} INFO - Sync 1 DAGs
[2024-10-03T22:17:52.842+0000] {logging_mixin.py:190} INFO - [2024-10-03T22:17:52.841+0000] {dag.py:4156} INFO - Setting next_dagrun for latest_only to 2024-10-03 16:00:00+00:00, run_after=2024-10-03 20:00:00+00:00
[2024-10-03T22:17:52.946+0000] {processor.py:208} INFO - Processing /home/airflow/.local/lib/python3.12/site-packages/airflow/example_dags/example_latest_only.py took 0.246 seconds
[2024-10-03T22:18:23.331+0000] {processor.py:186} INFO - Started process (PID=1655) to work on /home/airflow/.local/lib/python3.12/site-packages/airflow/example_dags/example_latest_only.py
[2024-10-03T22:18:23.332+0000] {processor.py:914} INFO - Processing file /home/airflow/.local/lib/python3.12/site-packages/airflow/example_dags/example_latest_only.py for tasks to queue
[2024-10-03T22:18:23.336+0000] {logging_mixin.py:190} INFO - [2024-10-03T22:18:23.335+0000] {dagbag.py:587} INFO - Filling up the DagBag from /home/airflow/.local/lib/python3.12/site-packages/airflow/example_dags/example_latest_only.py
[2024-10-03T22:18:23.347+0000] {processor.py:925} INFO - DAG(s) 'latest_only' retrieved from /home/airflow/.local/lib/python3.12/site-packages/airflow/example_dags/example_latest_only.py
[2024-10-03T22:18:23.377+0000] {logging_mixin.py:190} INFO - [2024-10-03T22:18:23.377+0000] {dag.py:3229} INFO - Sync 1 DAGs
[2024-10-03T22:18:23.421+0000] {logging_mixin.py:190} INFO - [2024-10-03T22:18:23.421+0000] {dag.py:4156} INFO - Setting next_dagrun for latest_only to 2024-10-03 16:00:00+00:00, run_after=2024-10-03 20:00:00+00:00
[2024-10-03T22:18:23.453+0000] {processor.py:208} INFO - Processing /home/airflow/.local/lib/python3.12/site-packages/airflow/example_dags/example_latest_only.py took 0.131 seconds
[2024-10-03T22:18:53.922+0000] {processor.py:186} INFO - Started process (PID=1718) to work on /home/airflow/.local/lib/python3.12/site-packages/airflow/example_dags/example_latest_only.py
[2024-10-03T22:18:53.924+0000] {processor.py:914} INFO - Processing file /home/airflow/.local/lib/python3.12/site-packages/airflow/example_dags/example_latest_only.py for tasks to queue
[2024-10-03T22:18:53.927+0000] {logging_mixin.py:190} INFO - [2024-10-03T22:18:53.927+0000] {dagbag.py:587} INFO - Filling up the DagBag from /home/airflow/.local/lib/python3.12/site-packages/airflow/example_dags/example_latest_only.py
[2024-10-03T22:18:53.938+0000] {processor.py:925} INFO - DAG(s) 'latest_only' retrieved from /home/airflow/.local/lib/python3.12/site-packages/airflow/example_dags/example_latest_only.py
[2024-10-03T22:18:53.967+0000] {logging_mixin.py:190} INFO - [2024-10-03T22:18:53.966+0000] {dag.py:3229} INFO - Sync 1 DAGs
[2024-10-03T22:18:54.011+0000] {logging_mixin.py:190} INFO - [2024-10-03T22:18:54.011+0000] {dag.py:4156} INFO - Setting next_dagrun for latest_only to 2024-10-03 16:00:00+00:00, run_after=2024-10-03 20:00:00+00:00
[2024-10-03T22:18:54.045+0000] {processor.py:208} INFO - Processing /home/airflow/.local/lib/python3.12/site-packages/airflow/example_dags/example_latest_only.py took 0.134 seconds
[2024-10-03T22:19:24.192+0000] {processor.py:186} INFO - Started process (PID=1782) to work on /home/airflow/.local/lib/python3.12/site-packages/airflow/example_dags/example_latest_only.py
[2024-10-03T22:19:24.193+0000] {processor.py:914} INFO - Processing file /home/airflow/.local/lib/python3.12/site-packages/airflow/example_dags/example_latest_only.py for tasks to queue
[2024-10-03T22:19:24.197+0000] {logging_mixin.py:190} INFO - [2024-10-03T22:19:24.196+0000] {dagbag.py:587} INFO - Filling up the DagBag from /home/airflow/.local/lib/python3.12/site-packages/airflow/example_dags/example_latest_only.py
[2024-10-03T22:19:24.208+0000] {processor.py:925} INFO - DAG(s) 'latest_only' retrieved from /home/airflow/.local/lib/python3.12/site-packages/airflow/example_dags/example_latest_only.py
[2024-10-03T22:19:24.235+0000] {logging_mixin.py:190} INFO - [2024-10-03T22:19:24.235+0000] {dag.py:3229} INFO - Sync 1 DAGs
[2024-10-03T22:19:24.268+0000] {logging_mixin.py:190} INFO - [2024-10-03T22:19:24.268+0000] {dag.py:4156} INFO - Setting next_dagrun for latest_only to 2024-10-03 16:00:00+00:00, run_after=2024-10-03 20:00:00+00:00
[2024-10-03T22:19:24.296+0000] {processor.py:208} INFO - Processing /home/airflow/.local/lib/python3.12/site-packages/airflow/example_dags/example_latest_only.py took 0.110 seconds
[2024-10-03T22:19:54.510+0000] {processor.py:186} INFO - Started process (PID=1844) to work on /home/airflow/.local/lib/python3.12/site-packages/airflow/example_dags/example_latest_only.py
[2024-10-03T22:19:54.511+0000] {processor.py:914} INFO - Processing file /home/airflow/.local/lib/python3.12/site-packages/airflow/example_dags/example_latest_only.py for tasks to queue
[2024-10-03T22:19:54.514+0000] {logging_mixin.py:190} INFO - [2024-10-03T22:19:54.514+0000] {dagbag.py:587} INFO - Filling up the DagBag from /home/airflow/.local/lib/python3.12/site-packages/airflow/example_dags/example_latest_only.py
[2024-10-03T22:19:54.523+0000] {processor.py:925} INFO - DAG(s) 'latest_only' retrieved from /home/airflow/.local/lib/python3.12/site-packages/airflow/example_dags/example_latest_only.py
[2024-10-03T22:19:54.552+0000] {logging_mixin.py:190} INFO - [2024-10-03T22:19:54.551+0000] {dag.py:3229} INFO - Sync 1 DAGs
[2024-10-03T22:19:54.588+0000] {logging_mixin.py:190} INFO - [2024-10-03T22:19:54.588+0000] {dag.py:4156} INFO - Setting next_dagrun for latest_only to 2024-10-03 16:00:00+00:00, run_after=2024-10-03 20:00:00+00:00
[2024-10-03T22:19:54.616+0000] {processor.py:208} INFO - Processing /home/airflow/.local/lib/python3.12/site-packages/airflow/example_dags/example_latest_only.py took 0.117 seconds
[2024-10-03T22:20:24.677+0000] {processor.py:186} INFO - Started process (PID=1907) to work on /home/airflow/.local/lib/python3.12/site-packages/airflow/example_dags/example_latest_only.py
[2024-10-03T22:20:24.678+0000] {processor.py:914} INFO - Processing file /home/airflow/.local/lib/python3.12/site-packages/airflow/example_dags/example_latest_only.py for tasks to queue
[2024-10-03T22:20:24.681+0000] {logging_mixin.py:190} INFO - [2024-10-03T22:20:24.681+0000] {dagbag.py:587} INFO - Filling up the DagBag from /home/airflow/.local/lib/python3.12/site-packages/airflow/example_dags/example_latest_only.py
[2024-10-03T22:20:24.688+0000] {processor.py:925} INFO - DAG(s) 'latest_only' retrieved from /home/airflow/.local/lib/python3.12/site-packages/airflow/example_dags/example_latest_only.py
[2024-10-03T22:20:24.711+0000] {logging_mixin.py:190} INFO - [2024-10-03T22:20:24.710+0000] {dag.py:3229} INFO - Sync 1 DAGs
[2024-10-03T22:20:24.738+0000] {logging_mixin.py:190} INFO - [2024-10-03T22:20:24.737+0000] {dag.py:4156} INFO - Setting next_dagrun for latest_only to 2024-10-03 16:00:00+00:00, run_after=2024-10-03 20:00:00+00:00
[2024-10-03T22:20:24.775+0000] {processor.py:208} INFO - Processing /home/airflow/.local/lib/python3.12/site-packages/airflow/example_dags/example_latest_only.py took 0.105 seconds
[2024-10-03T22:20:55.142+0000] {processor.py:186} INFO - Started process (PID=1970) to work on /home/airflow/.local/lib/python3.12/site-packages/airflow/example_dags/example_latest_only.py
[2024-10-03T22:20:55.143+0000] {processor.py:914} INFO - Processing file /home/airflow/.local/lib/python3.12/site-packages/airflow/example_dags/example_latest_only.py for tasks to queue
[2024-10-03T22:20:55.146+0000] {logging_mixin.py:190} INFO - [2024-10-03T22:20:55.146+0000] {dagbag.py:587} INFO - Filling up the DagBag from /home/airflow/.local/lib/python3.12/site-packages/airflow/example_dags/example_latest_only.py
[2024-10-03T22:20:55.155+0000] {processor.py:925} INFO - DAG(s) 'latest_only' retrieved from /home/airflow/.local/lib/python3.12/site-packages/airflow/example_dags/example_latest_only.py
[2024-10-03T22:20:55.181+0000] {logging_mixin.py:190} INFO - [2024-10-03T22:20:55.181+0000] {dag.py:3229} INFO - Sync 1 DAGs
[2024-10-03T22:20:55.219+0000] {logging_mixin.py:190} INFO - [2024-10-03T22:20:55.219+0000] {dag.py:4156} INFO - Setting next_dagrun for latest_only to 2024-10-03 16:00:00+00:00, run_after=2024-10-03 20:00:00+00:00
[2024-10-03T22:20:55.251+0000] {processor.py:208} INFO - Processing /home/airflow/.local/lib/python3.12/site-packages/airflow/example_dags/example_latest_only.py took 0.117 seconds
[2024-10-03T22:21:25.335+0000] {processor.py:186} INFO - Started process (PID=2033) to work on /home/airflow/.local/lib/python3.12/site-packages/airflow/example_dags/example_latest_only.py
[2024-10-03T22:21:25.336+0000] {processor.py:914} INFO - Processing file /home/airflow/.local/lib/python3.12/site-packages/airflow/example_dags/example_latest_only.py for tasks to queue
[2024-10-03T22:21:25.339+0000] {logging_mixin.py:190} INFO - [2024-10-03T22:21:25.338+0000] {dagbag.py:587} INFO - Filling up the DagBag from /home/airflow/.local/lib/python3.12/site-packages/airflow/example_dags/example_latest_only.py
[2024-10-03T22:21:25.346+0000] {processor.py:925} INFO - DAG(s) 'latest_only' retrieved from /home/airflow/.local/lib/python3.12/site-packages/airflow/example_dags/example_latest_only.py
[2024-10-03T22:21:25.368+0000] {logging_mixin.py:190} INFO - [2024-10-03T22:21:25.368+0000] {dag.py:3229} INFO - Sync 1 DAGs
[2024-10-03T22:21:25.395+0000] {logging_mixin.py:190} INFO - [2024-10-03T22:21:25.394+0000] {dag.py:4156} INFO - Setting next_dagrun for latest_only to 2024-10-03 16:00:00+00:00, run_after=2024-10-03 20:00:00+00:00
[2024-10-03T22:21:25.425+0000] {processor.py:208} INFO - Processing /home/airflow/.local/lib/python3.12/site-packages/airflow/example_dags/example_latest_only.py took 0.097 seconds
[2024-10-03T22:21:56.171+0000] {processor.py:186} INFO - Started process (PID=2096) to work on /home/airflow/.local/lib/python3.12/site-packages/airflow/example_dags/example_latest_only.py
[2024-10-03T22:21:56.172+0000] {processor.py:914} INFO - Processing file /home/airflow/.local/lib/python3.12/site-packages/airflow/example_dags/example_latest_only.py for tasks to queue
[2024-10-03T22:21:56.175+0000] {logging_mixin.py:190} INFO - [2024-10-03T22:21:56.175+0000] {dagbag.py:587} INFO - Filling up the DagBag from /home/airflow/.local/lib/python3.12/site-packages/airflow/example_dags/example_latest_only.py
[2024-10-03T22:21:56.184+0000] {processor.py:925} INFO - DAG(s) 'latest_only' retrieved from /home/airflow/.local/lib/python3.12/site-packages/airflow/example_dags/example_latest_only.py
[2024-10-03T22:21:56.208+0000] {logging_mixin.py:190} INFO - [2024-10-03T22:21:56.208+0000] {dag.py:3229} INFO - Sync 1 DAGs
[2024-10-03T22:21:56.241+0000] {logging_mixin.py:190} INFO - [2024-10-03T22:21:56.241+0000] {dag.py:4156} INFO - Setting next_dagrun for latest_only to 2024-10-03 16:00:00+00:00, run_after=2024-10-03 20:00:00+00:00
[2024-10-03T22:21:56.274+0000] {processor.py:208} INFO - Processing /home/airflow/.local/lib/python3.12/site-packages/airflow/example_dags/example_latest_only.py took 0.112 seconds
[2024-10-03T22:22:26.362+0000] {processor.py:186} INFO - Started process (PID=2158) to work on /home/airflow/.local/lib/python3.12/site-packages/airflow/example_dags/example_latest_only.py
[2024-10-03T22:22:26.364+0000] {processor.py:914} INFO - Processing file /home/airflow/.local/lib/python3.12/site-packages/airflow/example_dags/example_latest_only.py for tasks to queue
[2024-10-03T22:22:26.367+0000] {logging_mixin.py:190} INFO - [2024-10-03T22:22:26.367+0000] {dagbag.py:587} INFO - Filling up the DagBag from /home/airflow/.local/lib/python3.12/site-packages/airflow/example_dags/example_latest_only.py
[2024-10-03T22:22:26.376+0000] {processor.py:925} INFO - DAG(s) 'latest_only' retrieved from /home/airflow/.local/lib/python3.12/site-packages/airflow/example_dags/example_latest_only.py
[2024-10-03T22:22:26.405+0000] {logging_mixin.py:190} INFO - [2024-10-03T22:22:26.404+0000] {dag.py:3229} INFO - Sync 1 DAGs
[2024-10-03T22:22:26.436+0000] {logging_mixin.py:190} INFO - [2024-10-03T22:22:26.436+0000] {dag.py:4156} INFO - Setting next_dagrun for latest_only to 2024-10-03 16:00:00+00:00, run_after=2024-10-03 20:00:00+00:00
[2024-10-03T22:22:26.469+0000] {processor.py:208} INFO - Processing /home/airflow/.local/lib/python3.12/site-packages/airflow/example_dags/example_latest_only.py took 0.113 seconds
[2024-10-03T22:22:56.706+0000] {processor.py:186} INFO - Started process (PID=2220) to work on /home/airflow/.local/lib/python3.12/site-packages/airflow/example_dags/example_latest_only.py
[2024-10-03T22:22:56.708+0000] {processor.py:914} INFO - Processing file /home/airflow/.local/lib/python3.12/site-packages/airflow/example_dags/example_latest_only.py for tasks to queue
[2024-10-03T22:22:56.711+0000] {logging_mixin.py:190} INFO - [2024-10-03T22:22:56.710+0000] {dagbag.py:587} INFO - Filling up the DagBag from /home/airflow/.local/lib/python3.12/site-packages/airflow/example_dags/example_latest_only.py
[2024-10-03T22:22:56.720+0000] {processor.py:925} INFO - DAG(s) 'latest_only' retrieved from /home/airflow/.local/lib/python3.12/site-packages/airflow/example_dags/example_latest_only.py
[2024-10-03T22:22:56.749+0000] {logging_mixin.py:190} INFO - [2024-10-03T22:22:56.749+0000] {dag.py:3229} INFO - Sync 1 DAGs
[2024-10-03T22:22:56.781+0000] {logging_mixin.py:190} INFO - [2024-10-03T22:22:56.780+0000] {dag.py:4156} INFO - Setting next_dagrun for latest_only to 2024-10-03 16:00:00+00:00, run_after=2024-10-03 20:00:00+00:00
[2024-10-03T22:22:56.809+0000] {processor.py:208} INFO - Processing /home/airflow/.local/lib/python3.12/site-packages/airflow/example_dags/example_latest_only.py took 0.113 seconds
[2024-10-03T22:23:27.261+0000] {processor.py:186} INFO - Started process (PID=2283) to work on /home/airflow/.local/lib/python3.12/site-packages/airflow/example_dags/example_latest_only.py
[2024-10-03T22:23:27.262+0000] {processor.py:914} INFO - Processing file /home/airflow/.local/lib/python3.12/site-packages/airflow/example_dags/example_latest_only.py for tasks to queue
[2024-10-03T22:23:27.266+0000] {logging_mixin.py:190} INFO - [2024-10-03T22:23:27.265+0000] {dagbag.py:587} INFO - Filling up the DagBag from /home/airflow/.local/lib/python3.12/site-packages/airflow/example_dags/example_latest_only.py
[2024-10-03T22:23:27.276+0000] {processor.py:925} INFO - DAG(s) 'latest_only' retrieved from /home/airflow/.local/lib/python3.12/site-packages/airflow/example_dags/example_latest_only.py
[2024-10-03T22:23:27.305+0000] {logging_mixin.py:190} INFO - [2024-10-03T22:23:27.305+0000] {dag.py:3229} INFO - Sync 1 DAGs
[2024-10-03T22:23:27.337+0000] {logging_mixin.py:190} INFO - [2024-10-03T22:23:27.336+0000] {dag.py:4156} INFO - Setting next_dagrun for latest_only to 2024-10-03 16:00:00+00:00, run_after=2024-10-03 20:00:00+00:00
[2024-10-03T22:23:27.361+0000] {processor.py:208} INFO - Processing /home/airflow/.local/lib/python3.12/site-packages/airflow/example_dags/example_latest_only.py took 0.108 seconds
[2024-10-03T22:23:58.187+0000] {processor.py:186} INFO - Started process (PID=2346) to work on /home/airflow/.local/lib/python3.12/site-packages/airflow/example_dags/example_latest_only.py
[2024-10-03T22:23:58.189+0000] {processor.py:914} INFO - Processing file /home/airflow/.local/lib/python3.12/site-packages/airflow/example_dags/example_latest_only.py for tasks to queue
[2024-10-03T22:23:58.193+0000] {logging_mixin.py:190} INFO - [2024-10-03T22:23:58.192+0000] {dagbag.py:587} INFO - Filling up the DagBag from /home/airflow/.local/lib/python3.12/site-packages/airflow/example_dags/example_latest_only.py
[2024-10-03T22:23:58.205+0000] {processor.py:925} INFO - DAG(s) 'latest_only' retrieved from /home/airflow/.local/lib/python3.12/site-packages/airflow/example_dags/example_latest_only.py
[2024-10-03T22:23:58.233+0000] {logging_mixin.py:190} INFO - [2024-10-03T22:23:58.233+0000] {dag.py:3229} INFO - Sync 1 DAGs
[2024-10-03T22:23:58.275+0000] {logging_mixin.py:190} INFO - [2024-10-03T22:23:58.274+0000] {dag.py:4156} INFO - Setting next_dagrun for latest_only to 2024-10-03 16:00:00+00:00, run_after=2024-10-03 20:00:00+00:00
[2024-10-03T22:23:58.315+0000] {processor.py:208} INFO - Processing /home/airflow/.local/lib/python3.12/site-packages/airflow/example_dags/example_latest_only.py took 0.139 seconds
[2024-10-03T22:24:28.580+0000] {processor.py:186} INFO - Started process (PID=2409) to work on /home/airflow/.local/lib/python3.12/site-packages/airflow/example_dags/example_latest_only.py
[2024-10-03T22:24:28.581+0000] {processor.py:914} INFO - Processing file /home/airflow/.local/lib/python3.12/site-packages/airflow/example_dags/example_latest_only.py for tasks to queue
[2024-10-03T22:24:28.584+0000] {logging_mixin.py:190} INFO - [2024-10-03T22:24:28.584+0000] {dagbag.py:587} INFO - Filling up the DagBag from /home/airflow/.local/lib/python3.12/site-packages/airflow/example_dags/example_latest_only.py
[2024-10-03T22:24:28.592+0000] {processor.py:925} INFO - DAG(s) 'latest_only' retrieved from /home/airflow/.local/lib/python3.12/site-packages/airflow/example_dags/example_latest_only.py
[2024-10-03T22:24:28.618+0000] {logging_mixin.py:190} INFO - [2024-10-03T22:24:28.617+0000] {dag.py:3229} INFO - Sync 1 DAGs
[2024-10-03T22:24:28.658+0000] {logging_mixin.py:190} INFO - [2024-10-03T22:24:28.658+0000] {dag.py:4156} INFO - Setting next_dagrun for latest_only to 2024-10-03 16:00:00+00:00, run_after=2024-10-03 20:00:00+00:00
[2024-10-03T22:24:28.695+0000] {processor.py:208} INFO - Processing /home/airflow/.local/lib/python3.12/site-packages/airflow/example_dags/example_latest_only.py took 0.123 seconds
[2024-10-03T22:24:59.376+0000] {processor.py:186} INFO - Started process (PID=2471) to work on /home/airflow/.local/lib/python3.12/site-packages/airflow/example_dags/example_latest_only.py
[2024-10-03T22:24:59.378+0000] {processor.py:914} INFO - Processing file /home/airflow/.local/lib/python3.12/site-packages/airflow/example_dags/example_latest_only.py for tasks to queue
[2024-10-03T22:24:59.382+0000] {logging_mixin.py:190} INFO - [2024-10-03T22:24:59.381+0000] {dagbag.py:587} INFO - Filling up the DagBag from /home/airflow/.local/lib/python3.12/site-packages/airflow/example_dags/example_latest_only.py
[2024-10-03T22:24:59.392+0000] {processor.py:925} INFO - DAG(s) 'latest_only' retrieved from /home/airflow/.local/lib/python3.12/site-packages/airflow/example_dags/example_latest_only.py
[2024-10-03T22:24:59.421+0000] {logging_mixin.py:190} INFO - [2024-10-03T22:24:59.420+0000] {dag.py:3229} INFO - Sync 1 DAGs
[2024-10-03T22:24:59.454+0000] {logging_mixin.py:190} INFO - [2024-10-03T22:24:59.454+0000] {dag.py:4156} INFO - Setting next_dagrun for latest_only to 2024-10-03 16:00:00+00:00, run_after=2024-10-03 20:00:00+00:00
[2024-10-03T22:24:59.495+0000] {processor.py:208} INFO - Processing /home/airflow/.local/lib/python3.12/site-packages/airflow/example_dags/example_latest_only.py took 0.129 seconds
[2024-10-03T22:25:30.461+0000] {processor.py:186} INFO - Started process (PID=2534) to work on /home/airflow/.local/lib/python3.12/site-packages/airflow/example_dags/example_latest_only.py
[2024-10-03T22:25:30.464+0000] {processor.py:914} INFO - Processing file /home/airflow/.local/lib/python3.12/site-packages/airflow/example_dags/example_latest_only.py for tasks to queue
[2024-10-03T22:25:30.469+0000] {logging_mixin.py:190} INFO - [2024-10-03T22:25:30.469+0000] {dagbag.py:587} INFO - Filling up the DagBag from /home/airflow/.local/lib/python3.12/site-packages/airflow/example_dags/example_latest_only.py
[2024-10-03T22:25:30.489+0000] {processor.py:925} INFO - DAG(s) 'latest_only' retrieved from /home/airflow/.local/lib/python3.12/site-packages/airflow/example_dags/example_latest_only.py
[2024-10-03T22:25:30.558+0000] {logging_mixin.py:190} INFO - [2024-10-03T22:25:30.558+0000] {dag.py:3229} INFO - Sync 1 DAGs
[2024-10-03T22:25:30.652+0000] {logging_mixin.py:190} INFO - [2024-10-03T22:25:30.652+0000] {dag.py:4156} INFO - Setting next_dagrun for latest_only to 2024-10-03 16:00:00+00:00, run_after=2024-10-03 20:00:00+00:00
[2024-10-03T22:25:30.750+0000] {processor.py:208} INFO - Processing /home/airflow/.local/lib/python3.12/site-packages/airflow/example_dags/example_latest_only.py took 0.312 seconds
[2024-10-03T22:26:00.834+0000] {processor.py:186} INFO - Started process (PID=2597) to work on /home/airflow/.local/lib/python3.12/site-packages/airflow/example_dags/example_latest_only.py
[2024-10-03T22:26:00.836+0000] {processor.py:914} INFO - Processing file /home/airflow/.local/lib/python3.12/site-packages/airflow/example_dags/example_latest_only.py for tasks to queue
[2024-10-03T22:26:00.840+0000] {logging_mixin.py:190} INFO - [2024-10-03T22:26:00.840+0000] {dagbag.py:587} INFO - Filling up the DagBag from /home/airflow/.local/lib/python3.12/site-packages/airflow/example_dags/example_latest_only.py
[2024-10-03T22:26:00.855+0000] {processor.py:925} INFO - DAG(s) 'latest_only' retrieved from /home/airflow/.local/lib/python3.12/site-packages/airflow/example_dags/example_latest_only.py
[2024-10-03T22:26:00.894+0000] {logging_mixin.py:190} INFO - [2024-10-03T22:26:00.893+0000] {dag.py:3229} INFO - Sync 1 DAGs
[2024-10-03T22:26:00.942+0000] {logging_mixin.py:190} INFO - [2024-10-03T22:26:00.941+0000] {dag.py:4156} INFO - Setting next_dagrun for latest_only to 2024-10-03 16:00:00+00:00, run_after=2024-10-03 20:00:00+00:00
[2024-10-03T22:26:01.004+0000] {processor.py:208} INFO - Processing /home/airflow/.local/lib/python3.12/site-packages/airflow/example_dags/example_latest_only.py took 0.184 seconds
[2024-10-03T22:26:31.658+0000] {processor.py:186} INFO - Started process (PID=2660) to work on /home/airflow/.local/lib/python3.12/site-packages/airflow/example_dags/example_latest_only.py
[2024-10-03T22:26:31.679+0000] {processor.py:914} INFO - Processing file /home/airflow/.local/lib/python3.12/site-packages/airflow/example_dags/example_latest_only.py for tasks to queue
[2024-10-03T22:26:31.705+0000] {logging_mixin.py:190} INFO - [2024-10-03T22:26:31.704+0000] {dagbag.py:587} INFO - Filling up the DagBag from /home/airflow/.local/lib/python3.12/site-packages/airflow/example_dags/example_latest_only.py
[2024-10-03T22:26:31.760+0000] {processor.py:925} INFO - DAG(s) 'latest_only' retrieved from /home/airflow/.local/lib/python3.12/site-packages/airflow/example_dags/example_latest_only.py
[2024-10-03T22:26:31.841+0000] {logging_mixin.py:190} INFO - [2024-10-03T22:26:31.841+0000] {dag.py:3229} INFO - Sync 1 DAGs
[2024-10-03T22:26:31.994+0000] {logging_mixin.py:190} INFO - [2024-10-03T22:26:31.994+0000] {dag.py:4156} INFO - Setting next_dagrun for latest_only to 2024-10-03 16:00:00+00:00, run_after=2024-10-03 20:00:00+00:00
[2024-10-03T22:26:32.074+0000] {processor.py:208} INFO - Processing /home/airflow/.local/lib/python3.12/site-packages/airflow/example_dags/example_latest_only.py took 0.439 seconds
[2024-10-03T22:27:02.771+0000] {processor.py:186} INFO - Started process (PID=2724) to work on /home/airflow/.local/lib/python3.12/site-packages/airflow/example_dags/example_latest_only.py
[2024-10-03T22:27:02.772+0000] {processor.py:914} INFO - Processing file /home/airflow/.local/lib/python3.12/site-packages/airflow/example_dags/example_latest_only.py for tasks to queue
[2024-10-03T22:27:02.776+0000] {logging_mixin.py:190} INFO - [2024-10-03T22:27:02.775+0000] {dagbag.py:587} INFO - Filling up the DagBag from /home/airflow/.local/lib/python3.12/site-packages/airflow/example_dags/example_latest_only.py
[2024-10-03T22:27:02.786+0000] {processor.py:925} INFO - DAG(s) 'latest_only' retrieved from /home/airflow/.local/lib/python3.12/site-packages/airflow/example_dags/example_latest_only.py
[2024-10-03T22:27:02.817+0000] {logging_mixin.py:190} INFO - [2024-10-03T22:27:02.816+0000] {dag.py:3229} INFO - Sync 1 DAGs
[2024-10-03T22:27:02.860+0000] {logging_mixin.py:190} INFO - [2024-10-03T22:27:02.860+0000] {dag.py:4156} INFO - Setting next_dagrun for latest_only to 2024-10-03 16:00:00+00:00, run_after=2024-10-03 20:00:00+00:00
[2024-10-03T22:27:02.896+0000] {processor.py:208} INFO - Processing /home/airflow/.local/lib/python3.12/site-packages/airflow/example_dags/example_latest_only.py took 0.135 seconds
[2024-10-03T22:27:33.567+0000] {processor.py:186} INFO - Started process (PID=2787) to work on /home/airflow/.local/lib/python3.12/site-packages/airflow/example_dags/example_latest_only.py
[2024-10-03T22:27:33.569+0000] {processor.py:914} INFO - Processing file /home/airflow/.local/lib/python3.12/site-packages/airflow/example_dags/example_latest_only.py for tasks to queue
[2024-10-03T22:27:33.573+0000] {logging_mixin.py:190} INFO - [2024-10-03T22:27:33.572+0000] {dagbag.py:587} INFO - Filling up the DagBag from /home/airflow/.local/lib/python3.12/site-packages/airflow/example_dags/example_latest_only.py
[2024-10-03T22:27:33.585+0000] {processor.py:925} INFO - DAG(s) 'latest_only' retrieved from /home/airflow/.local/lib/python3.12/site-packages/airflow/example_dags/example_latest_only.py
[2024-10-03T22:27:33.622+0000] {logging_mixin.py:190} INFO - [2024-10-03T22:27:33.622+0000] {dag.py:3229} INFO - Sync 1 DAGs
[2024-10-03T22:27:33.670+0000] {logging_mixin.py:190} INFO - [2024-10-03T22:27:33.670+0000] {dag.py:4156} INFO - Setting next_dagrun for latest_only to 2024-10-03 16:00:00+00:00, run_after=2024-10-03 20:00:00+00:00
[2024-10-03T22:27:33.709+0000] {processor.py:208} INFO - Processing /home/airflow/.local/lib/python3.12/site-packages/airflow/example_dags/example_latest_only.py took 0.152 seconds
[2024-10-03T22:28:04.253+0000] {processor.py:186} INFO - Started process (PID=2850) to work on /home/airflow/.local/lib/python3.12/site-packages/airflow/example_dags/example_latest_only.py
[2024-10-03T22:28:04.255+0000] {processor.py:914} INFO - Processing file /home/airflow/.local/lib/python3.12/site-packages/airflow/example_dags/example_latest_only.py for tasks to queue
[2024-10-03T22:28:04.261+0000] {logging_mixin.py:190} INFO - [2024-10-03T22:28:04.257+0000] {dagbag.py:587} INFO - Filling up the DagBag from /home/airflow/.local/lib/python3.12/site-packages/airflow/example_dags/example_latest_only.py
[2024-10-03T22:28:04.274+0000] {processor.py:925} INFO - DAG(s) 'latest_only' retrieved from /home/airflow/.local/lib/python3.12/site-packages/airflow/example_dags/example_latest_only.py
[2024-10-03T22:28:04.313+0000] {logging_mixin.py:190} INFO - [2024-10-03T22:28:04.313+0000] {dag.py:3229} INFO - Sync 1 DAGs
[2024-10-03T22:28:04.374+0000] {logging_mixin.py:190} INFO - [2024-10-03T22:28:04.373+0000] {dag.py:4156} INFO - Setting next_dagrun for latest_only to 2024-10-03 16:00:00+00:00, run_after=2024-10-03 20:00:00+00:00
[2024-10-03T22:28:04.431+0000] {processor.py:208} INFO - Processing /home/airflow/.local/lib/python3.12/site-packages/airflow/example_dags/example_latest_only.py took 0.191 seconds
[2024-10-03T22:28:34.528+0000] {processor.py:186} INFO - Started process (PID=2913) to work on /home/airflow/.local/lib/python3.12/site-packages/airflow/example_dags/example_latest_only.py
[2024-10-03T22:28:34.529+0000] {processor.py:914} INFO - Processing file /home/airflow/.local/lib/python3.12/site-packages/airflow/example_dags/example_latest_only.py for tasks to queue
[2024-10-03T22:28:34.533+0000] {logging_mixin.py:190} INFO - [2024-10-03T22:28:34.532+0000] {dagbag.py:587} INFO - Filling up the DagBag from /home/airflow/.local/lib/python3.12/site-packages/airflow/example_dags/example_latest_only.py
[2024-10-03T22:28:34.548+0000] {processor.py:925} INFO - DAG(s) 'latest_only' retrieved from /home/airflow/.local/lib/python3.12/site-packages/airflow/example_dags/example_latest_only.py
[2024-10-03T22:28:34.581+0000] {logging_mixin.py:190} INFO - [2024-10-03T22:28:34.580+0000] {dag.py:3229} INFO - Sync 1 DAGs
[2024-10-03T22:28:34.638+0000] {logging_mixin.py:190} INFO - [2024-10-03T22:28:34.638+0000] {dag.py:4156} INFO - Setting next_dagrun for latest_only to 2024-10-03 16:00:00+00:00, run_after=2024-10-03 20:00:00+00:00
[2024-10-03T22:28:34.682+0000] {processor.py:208} INFO - Processing /home/airflow/.local/lib/python3.12/site-packages/airflow/example_dags/example_latest_only.py took 0.166 seconds
[2024-10-03T22:29:05.444+0000] {processor.py:186} INFO - Started process (PID=2976) to work on /home/airflow/.local/lib/python3.12/site-packages/airflow/example_dags/example_latest_only.py
[2024-10-03T22:29:05.445+0000] {processor.py:914} INFO - Processing file /home/airflow/.local/lib/python3.12/site-packages/airflow/example_dags/example_latest_only.py for tasks to queue
[2024-10-03T22:29:05.449+0000] {logging_mixin.py:190} INFO - [2024-10-03T22:29:05.448+0000] {dagbag.py:587} INFO - Filling up the DagBag from /home/airflow/.local/lib/python3.12/site-packages/airflow/example_dags/example_latest_only.py
[2024-10-03T22:29:05.459+0000] {processor.py:925} INFO - DAG(s) 'latest_only' retrieved from /home/airflow/.local/lib/python3.12/site-packages/airflow/example_dags/example_latest_only.py
[2024-10-03T22:29:05.490+0000] {logging_mixin.py:190} INFO - [2024-10-03T22:29:05.489+0000] {dag.py:3229} INFO - Sync 1 DAGs
[2024-10-03T22:29:05.530+0000] {logging_mixin.py:190} INFO - [2024-10-03T22:29:05.530+0000] {dag.py:4156} INFO - Setting next_dagrun for latest_only to 2024-10-03 16:00:00+00:00, run_after=2024-10-03 20:00:00+00:00
[2024-10-03T22:29:05.568+0000] {processor.py:208} INFO - Processing /home/airflow/.local/lib/python3.12/site-packages/airflow/example_dags/example_latest_only.py took 0.131 seconds
[2024-10-03T22:29:36.062+0000] {processor.py:186} INFO - Started process (PID=3039) to work on /home/airflow/.local/lib/python3.12/site-packages/airflow/example_dags/example_latest_only.py
[2024-10-03T22:29:36.063+0000] {processor.py:914} INFO - Processing file /home/airflow/.local/lib/python3.12/site-packages/airflow/example_dags/example_latest_only.py for tasks to queue
[2024-10-03T22:29:36.067+0000] {logging_mixin.py:190} INFO - [2024-10-03T22:29:36.066+0000] {dagbag.py:587} INFO - Filling up the DagBag from /home/airflow/.local/lib/python3.12/site-packages/airflow/example_dags/example_latest_only.py
[2024-10-03T22:29:36.080+0000] {processor.py:925} INFO - DAG(s) 'latest_only' retrieved from /home/airflow/.local/lib/python3.12/site-packages/airflow/example_dags/example_latest_only.py
[2024-10-03T22:29:36.112+0000] {logging_mixin.py:190} INFO - [2024-10-03T22:29:36.112+0000] {dag.py:3229} INFO - Sync 1 DAGs
[2024-10-03T22:29:36.153+0000] {logging_mixin.py:190} INFO - [2024-10-03T22:29:36.153+0000] {dag.py:4156} INFO - Setting next_dagrun for latest_only to 2024-10-03 16:00:00+00:00, run_after=2024-10-03 20:00:00+00:00
[2024-10-03T22:29:36.194+0000] {processor.py:208} INFO - Processing /home/airflow/.local/lib/python3.12/site-packages/airflow/example_dags/example_latest_only.py took 0.142 seconds
[2024-10-03T22:30:06.390+0000] {processor.py:186} INFO - Started process (PID=3102) to work on /home/airflow/.local/lib/python3.12/site-packages/airflow/example_dags/example_latest_only.py
[2024-10-03T22:30:06.391+0000] {processor.py:914} INFO - Processing file /home/airflow/.local/lib/python3.12/site-packages/airflow/example_dags/example_latest_only.py for tasks to queue
[2024-10-03T22:30:06.395+0000] {logging_mixin.py:190} INFO - [2024-10-03T22:30:06.394+0000] {dagbag.py:587} INFO - Filling up the DagBag from /home/airflow/.local/lib/python3.12/site-packages/airflow/example_dags/example_latest_only.py
[2024-10-03T22:30:06.405+0000] {processor.py:925} INFO - DAG(s) 'latest_only' retrieved from /home/airflow/.local/lib/python3.12/site-packages/airflow/example_dags/example_latest_only.py
[2024-10-03T22:30:06.435+0000] {logging_mixin.py:190} INFO - [2024-10-03T22:30:06.435+0000] {dag.py:3229} INFO - Sync 1 DAGs
[2024-10-03T22:30:06.479+0000] {logging_mixin.py:190} INFO - [2024-10-03T22:30:06.479+0000] {dag.py:4156} INFO - Setting next_dagrun for latest_only to 2024-10-03 16:00:00+00:00, run_after=2024-10-03 20:00:00+00:00
[2024-10-03T22:30:06.519+0000] {processor.py:208} INFO - Processing /home/airflow/.local/lib/python3.12/site-packages/airflow/example_dags/example_latest_only.py took 0.139 seconds
[2024-10-03T22:30:36.809+0000] {processor.py:186} INFO - Started process (PID=3165) to work on /home/airflow/.local/lib/python3.12/site-packages/airflow/example_dags/example_latest_only.py
[2024-10-03T22:30:36.810+0000] {processor.py:914} INFO - Processing file /home/airflow/.local/lib/python3.12/site-packages/airflow/example_dags/example_latest_only.py for tasks to queue
[2024-10-03T22:30:36.815+0000] {logging_mixin.py:190} INFO - [2024-10-03T22:30:36.814+0000] {dagbag.py:587} INFO - Filling up the DagBag from /home/airflow/.local/lib/python3.12/site-packages/airflow/example_dags/example_latest_only.py
[2024-10-03T22:30:36.824+0000] {processor.py:925} INFO - DAG(s) 'latest_only' retrieved from /home/airflow/.local/lib/python3.12/site-packages/airflow/example_dags/example_latest_only.py
[2024-10-03T22:30:36.864+0000] {logging_mixin.py:190} INFO - [2024-10-03T22:30:36.863+0000] {dag.py:3229} INFO - Sync 1 DAGs
[2024-10-03T22:30:36.913+0000] {logging_mixin.py:190} INFO - [2024-10-03T22:30:36.913+0000] {dag.py:4156} INFO - Setting next_dagrun for latest_only to 2024-10-03 16:00:00+00:00, run_after=2024-10-03 20:00:00+00:00
[2024-10-03T22:30:36.942+0000] {processor.py:208} INFO - Processing /home/airflow/.local/lib/python3.12/site-packages/airflow/example_dags/example_latest_only.py took 0.141 seconds
[2024-10-03T22:31:06.997+0000] {processor.py:186} INFO - Started process (PID=3227) to work on /home/airflow/.local/lib/python3.12/site-packages/airflow/example_dags/example_latest_only.py
[2024-10-03T22:31:06.998+0000] {processor.py:914} INFO - Processing file /home/airflow/.local/lib/python3.12/site-packages/airflow/example_dags/example_latest_only.py for tasks to queue
[2024-10-03T22:31:07.003+0000] {logging_mixin.py:190} INFO - [2024-10-03T22:31:07.002+0000] {dagbag.py:587} INFO - Filling up the DagBag from /home/airflow/.local/lib/python3.12/site-packages/airflow/example_dags/example_latest_only.py
[2024-10-03T22:31:07.012+0000] {processor.py:925} INFO - DAG(s) 'latest_only' retrieved from /home/airflow/.local/lib/python3.12/site-packages/airflow/example_dags/example_latest_only.py
[2024-10-03T22:31:07.190+0000] {logging_mixin.py:190} INFO - [2024-10-03T22:31:07.190+0000] {dag.py:3229} INFO - Sync 1 DAGs
[2024-10-03T22:31:07.216+0000] {logging_mixin.py:190} INFO - [2024-10-03T22:31:07.216+0000] {dag.py:4156} INFO - Setting next_dagrun for latest_only to 2024-10-03 16:00:00+00:00, run_after=2024-10-03 20:00:00+00:00
[2024-10-03T22:31:07.246+0000] {processor.py:208} INFO - Processing /home/airflow/.local/lib/python3.12/site-packages/airflow/example_dags/example_latest_only.py took 0.258 seconds
[2024-10-03T22:31:37.864+0000] {processor.py:186} INFO - Started process (PID=3290) to work on /home/airflow/.local/lib/python3.12/site-packages/airflow/example_dags/example_latest_only.py
[2024-10-03T22:31:37.867+0000] {processor.py:914} INFO - Processing file /home/airflow/.local/lib/python3.12/site-packages/airflow/example_dags/example_latest_only.py for tasks to queue
[2024-10-03T22:31:37.871+0000] {logging_mixin.py:190} INFO - [2024-10-03T22:31:37.871+0000] {dagbag.py:587} INFO - Filling up the DagBag from /home/airflow/.local/lib/python3.12/site-packages/airflow/example_dags/example_latest_only.py
[2024-10-03T22:31:37.886+0000] {processor.py:925} INFO - DAG(s) 'latest_only' retrieved from /home/airflow/.local/lib/python3.12/site-packages/airflow/example_dags/example_latest_only.py
[2024-10-03T22:31:37.924+0000] {logging_mixin.py:190} INFO - [2024-10-03T22:31:37.924+0000] {dag.py:3229} INFO - Sync 1 DAGs
[2024-10-03T22:31:37.975+0000] {logging_mixin.py:190} INFO - [2024-10-03T22:31:37.975+0000] {dag.py:4156} INFO - Setting next_dagrun for latest_only to 2024-10-03 16:00:00+00:00, run_after=2024-10-03 20:00:00+00:00
[2024-10-03T22:31:38.015+0000] {processor.py:208} INFO - Processing /home/airflow/.local/lib/python3.12/site-packages/airflow/example_dags/example_latest_only.py took 0.160 seconds
[2024-10-03T22:32:08.688+0000] {processor.py:186} INFO - Started process (PID=3353) to work on /home/airflow/.local/lib/python3.12/site-packages/airflow/example_dags/example_latest_only.py
[2024-10-03T22:32:08.690+0000] {processor.py:914} INFO - Processing file /home/airflow/.local/lib/python3.12/site-packages/airflow/example_dags/example_latest_only.py for tasks to queue
[2024-10-03T22:32:08.693+0000] {logging_mixin.py:190} INFO - [2024-10-03T22:32:08.693+0000] {dagbag.py:587} INFO - Filling up the DagBag from /home/airflow/.local/lib/python3.12/site-packages/airflow/example_dags/example_latest_only.py
[2024-10-03T22:32:08.705+0000] {processor.py:925} INFO - DAG(s) 'latest_only' retrieved from /home/airflow/.local/lib/python3.12/site-packages/airflow/example_dags/example_latest_only.py
[2024-10-03T22:32:08.744+0000] {logging_mixin.py:190} INFO - [2024-10-03T22:32:08.743+0000] {dag.py:3229} INFO - Sync 1 DAGs
[2024-10-03T22:32:08.794+0000] {logging_mixin.py:190} INFO - [2024-10-03T22:32:08.794+0000] {dag.py:4156} INFO - Setting next_dagrun for latest_only to 2024-10-03 16:00:00+00:00, run_after=2024-10-03 20:00:00+00:00
[2024-10-03T22:32:08.834+0000] {processor.py:208} INFO - Processing /home/airflow/.local/lib/python3.12/site-packages/airflow/example_dags/example_latest_only.py took 0.157 seconds
[2024-10-03T22:32:39.205+0000] {processor.py:186} INFO - Started process (PID=3416) to work on /home/airflow/.local/lib/python3.12/site-packages/airflow/example_dags/example_latest_only.py
[2024-10-03T22:32:39.206+0000] {processor.py:914} INFO - Processing file /home/airflow/.local/lib/python3.12/site-packages/airflow/example_dags/example_latest_only.py for tasks to queue
[2024-10-03T22:32:39.210+0000] {logging_mixin.py:190} INFO - [2024-10-03T22:32:39.209+0000] {dagbag.py:587} INFO - Filling up the DagBag from /home/airflow/.local/lib/python3.12/site-packages/airflow/example_dags/example_latest_only.py
[2024-10-03T22:32:39.220+0000] {processor.py:925} INFO - DAG(s) 'latest_only' retrieved from /home/airflow/.local/lib/python3.12/site-packages/airflow/example_dags/example_latest_only.py
[2024-10-03T22:32:39.252+0000] {logging_mixin.py:190} INFO - [2024-10-03T22:32:39.252+0000] {dag.py:3229} INFO - Sync 1 DAGs
[2024-10-03T22:32:39.295+0000] {logging_mixin.py:190} INFO - [2024-10-03T22:32:39.294+0000] {dag.py:4156} INFO - Setting next_dagrun for latest_only to 2024-10-03 16:00:00+00:00, run_after=2024-10-03 20:00:00+00:00
[2024-10-03T22:32:39.341+0000] {processor.py:208} INFO - Processing /home/airflow/.local/lib/python3.12/site-packages/airflow/example_dags/example_latest_only.py took 0.146 seconds
[2024-10-03T22:33:10.164+0000] {processor.py:186} INFO - Started process (PID=3479) to work on /home/airflow/.local/lib/python3.12/site-packages/airflow/example_dags/example_latest_only.py
[2024-10-03T22:33:10.165+0000] {processor.py:914} INFO - Processing file /home/airflow/.local/lib/python3.12/site-packages/airflow/example_dags/example_latest_only.py for tasks to queue
[2024-10-03T22:33:10.170+0000] {logging_mixin.py:190} INFO - [2024-10-03T22:33:10.169+0000] {dagbag.py:587} INFO - Filling up the DagBag from /home/airflow/.local/lib/python3.12/site-packages/airflow/example_dags/example_latest_only.py
[2024-10-03T22:33:10.181+0000] {processor.py:925} INFO - DAG(s) 'latest_only' retrieved from /home/airflow/.local/lib/python3.12/site-packages/airflow/example_dags/example_latest_only.py
[2024-10-03T22:33:10.211+0000] {logging_mixin.py:190} INFO - [2024-10-03T22:33:10.210+0000] {dag.py:3229} INFO - Sync 1 DAGs
[2024-10-03T22:33:10.258+0000] {logging_mixin.py:190} INFO - [2024-10-03T22:33:10.258+0000] {dag.py:4156} INFO - Setting next_dagrun for latest_only to 2024-10-03 16:00:00+00:00, run_after=2024-10-03 20:00:00+00:00
[2024-10-03T22:33:10.294+0000] {processor.py:208} INFO - Processing /home/airflow/.local/lib/python3.12/site-packages/airflow/example_dags/example_latest_only.py took 0.142 seconds
[2024-10-03T22:33:40.620+0000] {processor.py:186} INFO - Started process (PID=3543) to work on /home/airflow/.local/lib/python3.12/site-packages/airflow/example_dags/example_latest_only.py
[2024-10-03T22:33:40.623+0000] {processor.py:914} INFO - Processing file /home/airflow/.local/lib/python3.12/site-packages/airflow/example_dags/example_latest_only.py for tasks to queue
[2024-10-03T22:33:40.627+0000] {logging_mixin.py:190} INFO - [2024-10-03T22:33:40.626+0000] {dagbag.py:587} INFO - Filling up the DagBag from /home/airflow/.local/lib/python3.12/site-packages/airflow/example_dags/example_latest_only.py
[2024-10-03T22:33:40.640+0000] {processor.py:925} INFO - DAG(s) 'latest_only' retrieved from /home/airflow/.local/lib/python3.12/site-packages/airflow/example_dags/example_latest_only.py
[2024-10-03T22:33:40.673+0000] {logging_mixin.py:190} INFO - [2024-10-03T22:33:40.673+0000] {dag.py:3229} INFO - Sync 1 DAGs
[2024-10-03T22:33:40.730+0000] {logging_mixin.py:190} INFO - [2024-10-03T22:33:40.727+0000] {dag.py:4156} INFO - Setting next_dagrun for latest_only to 2024-10-03 16:00:00+00:00, run_after=2024-10-03 20:00:00+00:00
[2024-10-03T22:33:40.774+0000] {processor.py:208} INFO - Processing /home/airflow/.local/lib/python3.12/site-packages/airflow/example_dags/example_latest_only.py took 0.169 seconds
[2024-10-03T22:34:10.885+0000] {processor.py:186} INFO - Started process (PID=3606) to work on /home/airflow/.local/lib/python3.12/site-packages/airflow/example_dags/example_latest_only.py
[2024-10-03T22:34:10.886+0000] {processor.py:914} INFO - Processing file /home/airflow/.local/lib/python3.12/site-packages/airflow/example_dags/example_latest_only.py for tasks to queue
[2024-10-03T22:34:10.889+0000] {logging_mixin.py:190} INFO - [2024-10-03T22:34:10.889+0000] {dagbag.py:587} INFO - Filling up the DagBag from /home/airflow/.local/lib/python3.12/site-packages/airflow/example_dags/example_latest_only.py
[2024-10-03T22:34:10.900+0000] {processor.py:925} INFO - DAG(s) 'latest_only' retrieved from /home/airflow/.local/lib/python3.12/site-packages/airflow/example_dags/example_latest_only.py
[2024-10-03T22:34:10.923+0000] {logging_mixin.py:190} INFO - [2024-10-03T22:34:10.923+0000] {dag.py:3229} INFO - Sync 1 DAGs
[2024-10-03T22:34:10.963+0000] {logging_mixin.py:190} INFO - [2024-10-03T22:34:10.963+0000] {dag.py:4156} INFO - Setting next_dagrun for latest_only to 2024-10-03 16:00:00+00:00, run_after=2024-10-03 20:00:00+00:00
[2024-10-03T22:34:11.001+0000] {processor.py:208} INFO - Processing /home/airflow/.local/lib/python3.12/site-packages/airflow/example_dags/example_latest_only.py took 0.124 seconds
[2024-10-03T22:34:41.077+0000] {processor.py:186} INFO - Started process (PID=3668) to work on /home/airflow/.local/lib/python3.12/site-packages/airflow/example_dags/example_latest_only.py
[2024-10-03T22:34:41.078+0000] {processor.py:914} INFO - Processing file /home/airflow/.local/lib/python3.12/site-packages/airflow/example_dags/example_latest_only.py for tasks to queue
[2024-10-03T22:34:41.081+0000] {logging_mixin.py:190} INFO - [2024-10-03T22:34:41.081+0000] {dagbag.py:587} INFO - Filling up the DagBag from /home/airflow/.local/lib/python3.12/site-packages/airflow/example_dags/example_latest_only.py
[2024-10-03T22:34:41.095+0000] {processor.py:925} INFO - DAG(s) 'latest_only' retrieved from /home/airflow/.local/lib/python3.12/site-packages/airflow/example_dags/example_latest_only.py
[2024-10-03T22:34:41.125+0000] {logging_mixin.py:190} INFO - [2024-10-03T22:34:41.124+0000] {dag.py:3229} INFO - Sync 1 DAGs
[2024-10-03T22:34:41.169+0000] {logging_mixin.py:190} INFO - [2024-10-03T22:34:41.168+0000] {dag.py:4156} INFO - Setting next_dagrun for latest_only to 2024-10-03 16:00:00+00:00, run_after=2024-10-03 20:00:00+00:00
[2024-10-03T22:34:41.207+0000] {processor.py:208} INFO - Processing /home/airflow/.local/lib/python3.12/site-packages/airflow/example_dags/example_latest_only.py took 0.142 seconds
[2024-10-03T22:35:12.035+0000] {processor.py:186} INFO - Started process (PID=3731) to work on /home/airflow/.local/lib/python3.12/site-packages/airflow/example_dags/example_latest_only.py
[2024-10-03T22:35:12.037+0000] {processor.py:914} INFO - Processing file /home/airflow/.local/lib/python3.12/site-packages/airflow/example_dags/example_latest_only.py for tasks to queue
[2024-10-03T22:35:12.040+0000] {logging_mixin.py:190} INFO - [2024-10-03T22:35:12.040+0000] {dagbag.py:587} INFO - Filling up the DagBag from /home/airflow/.local/lib/python3.12/site-packages/airflow/example_dags/example_latest_only.py
[2024-10-03T22:35:12.072+0000] {processor.py:925} INFO - DAG(s) 'latest_only' retrieved from /home/airflow/.local/lib/python3.12/site-packages/airflow/example_dags/example_latest_only.py
[2024-10-03T22:35:12.139+0000] {logging_mixin.py:190} INFO - [2024-10-03T22:35:12.138+0000] {dag.py:3229} INFO - Sync 1 DAGs
[2024-10-03T22:35:12.187+0000] {logging_mixin.py:190} INFO - [2024-10-03T22:35:12.187+0000] {dag.py:4156} INFO - Setting next_dagrun for latest_only to 2024-10-03 16:00:00+00:00, run_after=2024-10-03 20:00:00+00:00
[2024-10-03T22:35:12.224+0000] {processor.py:208} INFO - Processing /home/airflow/.local/lib/python3.12/site-packages/airflow/example_dags/example_latest_only.py took 0.207 seconds
