[2024-10-03T22:05:58.438+0000] {processor.py:186} INFO - Started process (PID=127) to work on /home/airflow/.local/lib/python3.12/site-packages/airflow/example_dags/example_branch_day_of_week_operator.py
[2024-10-03T22:05:58.442+0000] {processor.py:914} INFO - Processing file /home/airflow/.local/lib/python3.12/site-packages/airflow/example_dags/example_branch_day_of_week_operator.py for tasks to queue
[2024-10-03T22:05:58.456+0000] {logging_mixin.py:190} INFO - [2024-10-03T22:05:58.455+0000] {dagbag.py:587} INFO - Filling up the DagBag from /home/airflow/.local/lib/python3.12/site-packages/airflow/example_dags/example_branch_day_of_week_operator.py
[2024-10-03T22:05:58.520+0000] {processor.py:925} INFO - DAG(s) 'example_weekday_branch_operator' retrieved from /home/airflow/.local/lib/python3.12/site-packages/airflow/example_dags/example_branch_day_of_week_operator.py
[2024-10-03T22:05:58.638+0000] {logging_mixin.py:190} INFO - [2024-10-03T22:05:58.637+0000] {dag.py:3229} INFO - Sync 1 DAGs
[2024-10-03T22:05:58.800+0000] {logging_mixin.py:190} INFO - [2024-10-03T22:05:58.789+0000] {dag.py:4156} INFO - Setting next_dagrun for example_weekday_branch_operator to 2024-10-02 00:00:00+00:00, run_after=2024-10-03 00:00:00+00:00
[2024-10-03T22:05:59.011+0000] {processor.py:208} INFO - Processing /home/airflow/.local/lib/python3.12/site-packages/airflow/example_dags/example_branch_day_of_week_operator.py took 0.622 seconds
[2024-10-03T22:06:30.954+0000] {processor.py:186} INFO - Started process (PID=190) to work on /home/airflow/.local/lib/python3.12/site-packages/airflow/example_dags/example_branch_day_of_week_operator.py
[2024-10-03T22:06:30.955+0000] {processor.py:914} INFO - Processing file /home/airflow/.local/lib/python3.12/site-packages/airflow/example_dags/example_branch_day_of_week_operator.py for tasks to queue
[2024-10-03T22:06:30.971+0000] {logging_mixin.py:190} INFO - [2024-10-03T22:06:30.970+0000] {dagbag.py:587} INFO - Filling up the DagBag from /home/airflow/.local/lib/python3.12/site-packages/airflow/example_dags/example_branch_day_of_week_operator.py
[2024-10-03T22:06:31.082+0000] {processor.py:925} INFO - DAG(s) 'example_weekday_branch_operator' retrieved from /home/airflow/.local/lib/python3.12/site-packages/airflow/example_dags/example_branch_day_of_week_operator.py
[2024-10-03T22:06:31.450+0000] {logging_mixin.py:190} INFO - [2024-10-03T22:06:31.449+0000] {dag.py:3229} INFO - Sync 1 DAGs
[2024-10-03T22:06:31.732+0000] {logging_mixin.py:190} INFO - [2024-10-03T22:06:31.732+0000] {dag.py:4156} INFO - Setting next_dagrun for example_weekday_branch_operator to 2024-10-02 00:00:00+00:00, run_after=2024-10-03 00:00:00+00:00
[2024-10-03T22:06:31.864+0000] {processor.py:208} INFO - Processing /home/airflow/.local/lib/python3.12/site-packages/airflow/example_dags/example_branch_day_of_week_operator.py took 0.942 seconds
[2024-10-03T22:07:02.830+0000] {processor.py:186} INFO - Started process (PID=253) to work on /home/airflow/.local/lib/python3.12/site-packages/airflow/example_dags/example_branch_day_of_week_operator.py
[2024-10-03T22:07:02.832+0000] {processor.py:914} INFO - Processing file /home/airflow/.local/lib/python3.12/site-packages/airflow/example_dags/example_branch_day_of_week_operator.py for tasks to queue
[2024-10-03T22:07:02.846+0000] {logging_mixin.py:190} INFO - [2024-10-03T22:07:02.845+0000] {dagbag.py:587} INFO - Filling up the DagBag from /home/airflow/.local/lib/python3.12/site-packages/airflow/example_dags/example_branch_day_of_week_operator.py
[2024-10-03T22:07:02.898+0000] {processor.py:925} INFO - DAG(s) 'example_weekday_branch_operator' retrieved from /home/airflow/.local/lib/python3.12/site-packages/airflow/example_dags/example_branch_day_of_week_operator.py
[2024-10-03T22:07:03.035+0000] {logging_mixin.py:190} INFO - [2024-10-03T22:07:03.034+0000] {dag.py:3229} INFO - Sync 1 DAGs
[2024-10-03T22:07:03.331+0000] {logging_mixin.py:190} INFO - [2024-10-03T22:07:03.330+0000] {dag.py:4156} INFO - Setting next_dagrun for example_weekday_branch_operator to 2024-10-02 00:00:00+00:00, run_after=2024-10-03 00:00:00+00:00
[2024-10-03T22:07:03.508+0000] {processor.py:208} INFO - Processing /home/airflow/.local/lib/python3.12/site-packages/airflow/example_dags/example_branch_day_of_week_operator.py took 0.712 seconds
[2024-10-03T22:07:34.699+0000] {processor.py:186} INFO - Started process (PID=318) to work on /home/airflow/.local/lib/python3.12/site-packages/airflow/example_dags/example_branch_day_of_week_operator.py
[2024-10-03T22:07:34.713+0000] {processor.py:914} INFO - Processing file /home/airflow/.local/lib/python3.12/site-packages/airflow/example_dags/example_branch_day_of_week_operator.py for tasks to queue
[2024-10-03T22:07:34.736+0000] {logging_mixin.py:190} INFO - [2024-10-03T22:07:34.736+0000] {dagbag.py:587} INFO - Filling up the DagBag from /home/airflow/.local/lib/python3.12/site-packages/airflow/example_dags/example_branch_day_of_week_operator.py
[2024-10-03T22:07:34.788+0000] {processor.py:925} INFO - DAG(s) 'example_weekday_branch_operator' retrieved from /home/airflow/.local/lib/python3.12/site-packages/airflow/example_dags/example_branch_day_of_week_operator.py
[2024-10-03T22:07:34.873+0000] {logging_mixin.py:190} INFO - [2024-10-03T22:07:34.872+0000] {dag.py:3229} INFO - Sync 1 DAGs
[2024-10-03T22:07:35.012+0000] {logging_mixin.py:190} INFO - [2024-10-03T22:07:35.012+0000] {dag.py:4156} INFO - Setting next_dagrun for example_weekday_branch_operator to 2024-10-02 00:00:00+00:00, run_after=2024-10-03 00:00:00+00:00
[2024-10-03T22:07:35.106+0000] {processor.py:208} INFO - Processing /home/airflow/.local/lib/python3.12/site-packages/airflow/example_dags/example_branch_day_of_week_operator.py took 0.434 seconds
[2024-10-03T22:08:05.828+0000] {processor.py:186} INFO - Started process (PID=381) to work on /home/airflow/.local/lib/python3.12/site-packages/airflow/example_dags/example_branch_day_of_week_operator.py
[2024-10-03T22:08:05.830+0000] {processor.py:914} INFO - Processing file /home/airflow/.local/lib/python3.12/site-packages/airflow/example_dags/example_branch_day_of_week_operator.py for tasks to queue
[2024-10-03T22:08:05.835+0000] {logging_mixin.py:190} INFO - [2024-10-03T22:08:05.834+0000] {dagbag.py:587} INFO - Filling up the DagBag from /home/airflow/.local/lib/python3.12/site-packages/airflow/example_dags/example_branch_day_of_week_operator.py
[2024-10-03T22:08:05.872+0000] {processor.py:925} INFO - DAG(s) 'example_weekday_branch_operator' retrieved from /home/airflow/.local/lib/python3.12/site-packages/airflow/example_dags/example_branch_day_of_week_operator.py
[2024-10-03T22:08:05.922+0000] {logging_mixin.py:190} INFO - [2024-10-03T22:08:05.922+0000] {dag.py:3229} INFO - Sync 1 DAGs
[2024-10-03T22:08:06.011+0000] {logging_mixin.py:190} INFO - [2024-10-03T22:08:06.010+0000] {dag.py:4156} INFO - Setting next_dagrun for example_weekday_branch_operator to 2024-10-02 00:00:00+00:00, run_after=2024-10-03 00:00:00+00:00
[2024-10-03T22:08:06.246+0000] {processor.py:208} INFO - Processing /home/airflow/.local/lib/python3.12/site-packages/airflow/example_dags/example_branch_day_of_week_operator.py took 0.428 seconds
[2024-10-03T22:08:36.361+0000] {processor.py:186} INFO - Started process (PID=444) to work on /home/airflow/.local/lib/python3.12/site-packages/airflow/example_dags/example_branch_day_of_week_operator.py
[2024-10-03T22:08:36.363+0000] {processor.py:914} INFO - Processing file /home/airflow/.local/lib/python3.12/site-packages/airflow/example_dags/example_branch_day_of_week_operator.py for tasks to queue
[2024-10-03T22:08:36.367+0000] {logging_mixin.py:190} INFO - [2024-10-03T22:08:36.367+0000] {dagbag.py:587} INFO - Filling up the DagBag from /home/airflow/.local/lib/python3.12/site-packages/airflow/example_dags/example_branch_day_of_week_operator.py
[2024-10-03T22:08:36.383+0000] {processor.py:925} INFO - DAG(s) 'example_weekday_branch_operator' retrieved from /home/airflow/.local/lib/python3.12/site-packages/airflow/example_dags/example_branch_day_of_week_operator.py
[2024-10-03T22:08:36.423+0000] {logging_mixin.py:190} INFO - [2024-10-03T22:08:36.423+0000] {dag.py:3229} INFO - Sync 1 DAGs
[2024-10-03T22:08:36.467+0000] {logging_mixin.py:190} INFO - [2024-10-03T22:08:36.467+0000] {dag.py:4156} INFO - Setting next_dagrun for example_weekday_branch_operator to 2024-10-02 00:00:00+00:00, run_after=2024-10-03 00:00:00+00:00
[2024-10-03T22:08:36.498+0000] {processor.py:208} INFO - Processing /home/airflow/.local/lib/python3.12/site-packages/airflow/example_dags/example_branch_day_of_week_operator.py took 0.148 seconds
[2024-10-03T22:09:06.772+0000] {processor.py:186} INFO - Started process (PID=507) to work on /home/airflow/.local/lib/python3.12/site-packages/airflow/example_dags/example_branch_day_of_week_operator.py
[2024-10-03T22:09:06.773+0000] {processor.py:914} INFO - Processing file /home/airflow/.local/lib/python3.12/site-packages/airflow/example_dags/example_branch_day_of_week_operator.py for tasks to queue
[2024-10-03T22:09:06.776+0000] {logging_mixin.py:190} INFO - [2024-10-03T22:09:06.775+0000] {dagbag.py:587} INFO - Filling up the DagBag from /home/airflow/.local/lib/python3.12/site-packages/airflow/example_dags/example_branch_day_of_week_operator.py
[2024-10-03T22:09:06.789+0000] {processor.py:925} INFO - DAG(s) 'example_weekday_branch_operator' retrieved from /home/airflow/.local/lib/python3.12/site-packages/airflow/example_dags/example_branch_day_of_week_operator.py
[2024-10-03T22:09:06.817+0000] {logging_mixin.py:190} INFO - [2024-10-03T22:09:06.817+0000] {dag.py:3229} INFO - Sync 1 DAGs
[2024-10-03T22:09:06.850+0000] {logging_mixin.py:190} INFO - [2024-10-03T22:09:06.850+0000] {dag.py:4156} INFO - Setting next_dagrun for example_weekday_branch_operator to 2024-10-02 00:00:00+00:00, run_after=2024-10-03 00:00:00+00:00
[2024-10-03T22:09:06.895+0000] {processor.py:208} INFO - Processing /home/airflow/.local/lib/python3.12/site-packages/airflow/example_dags/example_branch_day_of_week_operator.py took 0.130 seconds
[2024-10-03T22:09:37.499+0000] {processor.py:186} INFO - Started process (PID=570) to work on /home/airflow/.local/lib/python3.12/site-packages/airflow/example_dags/example_branch_day_of_week_operator.py
[2024-10-03T22:09:37.500+0000] {processor.py:914} INFO - Processing file /home/airflow/.local/lib/python3.12/site-packages/airflow/example_dags/example_branch_day_of_week_operator.py for tasks to queue
[2024-10-03T22:09:37.503+0000] {logging_mixin.py:190} INFO - [2024-10-03T22:09:37.502+0000] {dagbag.py:587} INFO - Filling up the DagBag from /home/airflow/.local/lib/python3.12/site-packages/airflow/example_dags/example_branch_day_of_week_operator.py
[2024-10-03T22:09:37.516+0000] {processor.py:925} INFO - DAG(s) 'example_weekday_branch_operator' retrieved from /home/airflow/.local/lib/python3.12/site-packages/airflow/example_dags/example_branch_day_of_week_operator.py
[2024-10-03T22:09:37.545+0000] {logging_mixin.py:190} INFO - [2024-10-03T22:09:37.544+0000] {dag.py:3229} INFO - Sync 1 DAGs
[2024-10-03T22:09:37.580+0000] {logging_mixin.py:190} INFO - [2024-10-03T22:09:37.580+0000] {dag.py:4156} INFO - Setting next_dagrun for example_weekday_branch_operator to 2024-10-02 00:00:00+00:00, run_after=2024-10-03 00:00:00+00:00
[2024-10-03T22:09:37.612+0000] {processor.py:208} INFO - Processing /home/airflow/.local/lib/python3.12/site-packages/airflow/example_dags/example_branch_day_of_week_operator.py took 0.121 seconds
[2024-10-03T22:10:10.266+0000] {processor.py:186} INFO - Started process (PID=633) to work on /home/airflow/.local/lib/python3.12/site-packages/airflow/example_dags/example_branch_day_of_week_operator.py
[2024-10-03T22:10:10.268+0000] {processor.py:914} INFO - Processing file /home/airflow/.local/lib/python3.12/site-packages/airflow/example_dags/example_branch_day_of_week_operator.py for tasks to queue
[2024-10-03T22:10:10.282+0000] {logging_mixin.py:190} INFO - [2024-10-03T22:10:10.282+0000] {dagbag.py:587} INFO - Filling up the DagBag from /home/airflow/.local/lib/python3.12/site-packages/airflow/example_dags/example_branch_day_of_week_operator.py
[2024-10-03T22:10:10.326+0000] {processor.py:925} INFO - DAG(s) 'example_weekday_branch_operator' retrieved from /home/airflow/.local/lib/python3.12/site-packages/airflow/example_dags/example_branch_day_of_week_operator.py
[2024-10-03T22:10:10.436+0000] {logging_mixin.py:190} INFO - [2024-10-03T22:10:10.436+0000] {dag.py:3229} INFO - Sync 1 DAGs
[2024-10-03T22:10:10.557+0000] {logging_mixin.py:190} INFO - [2024-10-03T22:10:10.557+0000] {dag.py:4156} INFO - Setting next_dagrun for example_weekday_branch_operator to 2024-10-02 00:00:00+00:00, run_after=2024-10-03 00:00:00+00:00
[2024-10-03T22:10:10.620+0000] {processor.py:208} INFO - Processing /home/airflow/.local/lib/python3.12/site-packages/airflow/example_dags/example_branch_day_of_week_operator.py took 0.403 seconds
[2024-10-03T22:10:41.278+0000] {processor.py:186} INFO - Started process (PID=696) to work on /home/airflow/.local/lib/python3.12/site-packages/airflow/example_dags/example_branch_day_of_week_operator.py
[2024-10-03T22:10:41.279+0000] {processor.py:914} INFO - Processing file /home/airflow/.local/lib/python3.12/site-packages/airflow/example_dags/example_branch_day_of_week_operator.py for tasks to queue
[2024-10-03T22:10:41.282+0000] {logging_mixin.py:190} INFO - [2024-10-03T22:10:41.281+0000] {dagbag.py:587} INFO - Filling up the DagBag from /home/airflow/.local/lib/python3.12/site-packages/airflow/example_dags/example_branch_day_of_week_operator.py
[2024-10-03T22:10:41.292+0000] {processor.py:925} INFO - DAG(s) 'example_weekday_branch_operator' retrieved from /home/airflow/.local/lib/python3.12/site-packages/airflow/example_dags/example_branch_day_of_week_operator.py
[2024-10-03T22:10:41.314+0000] {logging_mixin.py:190} INFO - [2024-10-03T22:10:41.314+0000] {dag.py:3229} INFO - Sync 1 DAGs
[2024-10-03T22:10:41.343+0000] {logging_mixin.py:190} INFO - [2024-10-03T22:10:41.343+0000] {dag.py:4156} INFO - Setting next_dagrun for example_weekday_branch_operator to 2024-10-02 00:00:00+00:00, run_after=2024-10-03 00:00:00+00:00
[2024-10-03T22:10:41.392+0000] {processor.py:208} INFO - Processing /home/airflow/.local/lib/python3.12/site-packages/airflow/example_dags/example_branch_day_of_week_operator.py took 0.121 seconds
[2024-10-03T22:11:12.297+0000] {processor.py:186} INFO - Started process (PID=759) to work on /home/airflow/.local/lib/python3.12/site-packages/airflow/example_dags/example_branch_day_of_week_operator.py
[2024-10-03T22:11:12.298+0000] {processor.py:914} INFO - Processing file /home/airflow/.local/lib/python3.12/site-packages/airflow/example_dags/example_branch_day_of_week_operator.py for tasks to queue
[2024-10-03T22:11:12.301+0000] {logging_mixin.py:190} INFO - [2024-10-03T22:11:12.301+0000] {dagbag.py:587} INFO - Filling up the DagBag from /home/airflow/.local/lib/python3.12/site-packages/airflow/example_dags/example_branch_day_of_week_operator.py
[2024-10-03T22:11:12.313+0000] {processor.py:925} INFO - DAG(s) 'example_weekday_branch_operator' retrieved from /home/airflow/.local/lib/python3.12/site-packages/airflow/example_dags/example_branch_day_of_week_operator.py
[2024-10-03T22:11:12.344+0000] {logging_mixin.py:190} INFO - [2024-10-03T22:11:12.344+0000] {dag.py:3229} INFO - Sync 1 DAGs
[2024-10-03T22:11:12.379+0000] {logging_mixin.py:190} INFO - [2024-10-03T22:11:12.378+0000] {dag.py:4156} INFO - Setting next_dagrun for example_weekday_branch_operator to 2024-10-02 00:00:00+00:00, run_after=2024-10-03 00:00:00+00:00
[2024-10-03T22:11:12.411+0000] {processor.py:208} INFO - Processing /home/airflow/.local/lib/python3.12/site-packages/airflow/example_dags/example_branch_day_of_week_operator.py took 0.124 seconds
[2024-10-03T22:11:42.921+0000] {processor.py:186} INFO - Started process (PID=822) to work on /home/airflow/.local/lib/python3.12/site-packages/airflow/example_dags/example_branch_day_of_week_operator.py
[2024-10-03T22:11:42.923+0000] {processor.py:914} INFO - Processing file /home/airflow/.local/lib/python3.12/site-packages/airflow/example_dags/example_branch_day_of_week_operator.py for tasks to queue
[2024-10-03T22:11:42.926+0000] {logging_mixin.py:190} INFO - [2024-10-03T22:11:42.926+0000] {dagbag.py:587} INFO - Filling up the DagBag from /home/airflow/.local/lib/python3.12/site-packages/airflow/example_dags/example_branch_day_of_week_operator.py
[2024-10-03T22:11:42.939+0000] {processor.py:925} INFO - DAG(s) 'example_weekday_branch_operator' retrieved from /home/airflow/.local/lib/python3.12/site-packages/airflow/example_dags/example_branch_day_of_week_operator.py
[2024-10-03T22:11:42.964+0000] {logging_mixin.py:190} INFO - [2024-10-03T22:11:42.964+0000] {dag.py:3229} INFO - Sync 1 DAGs
[2024-10-03T22:11:43.000+0000] {logging_mixin.py:190} INFO - [2024-10-03T22:11:43.000+0000] {dag.py:4156} INFO - Setting next_dagrun for example_weekday_branch_operator to 2024-10-02 00:00:00+00:00, run_after=2024-10-03 00:00:00+00:00
[2024-10-03T22:11:43.040+0000] {processor.py:208} INFO - Processing /home/airflow/.local/lib/python3.12/site-packages/airflow/example_dags/example_branch_day_of_week_operator.py took 0.126 seconds
[2024-10-03T22:12:13.451+0000] {processor.py:186} INFO - Started process (PID=885) to work on /home/airflow/.local/lib/python3.12/site-packages/airflow/example_dags/example_branch_day_of_week_operator.py
[2024-10-03T22:12:13.452+0000] {processor.py:914} INFO - Processing file /home/airflow/.local/lib/python3.12/site-packages/airflow/example_dags/example_branch_day_of_week_operator.py for tasks to queue
[2024-10-03T22:12:13.455+0000] {logging_mixin.py:190} INFO - [2024-10-03T22:12:13.455+0000] {dagbag.py:587} INFO - Filling up the DagBag from /home/airflow/.local/lib/python3.12/site-packages/airflow/example_dags/example_branch_day_of_week_operator.py
[2024-10-03T22:12:13.466+0000] {processor.py:925} INFO - DAG(s) 'example_weekday_branch_operator' retrieved from /home/airflow/.local/lib/python3.12/site-packages/airflow/example_dags/example_branch_day_of_week_operator.py
[2024-10-03T22:12:13.489+0000] {logging_mixin.py:190} INFO - [2024-10-03T22:12:13.488+0000] {dag.py:3229} INFO - Sync 1 DAGs
[2024-10-03T22:12:13.518+0000] {logging_mixin.py:190} INFO - [2024-10-03T22:12:13.518+0000] {dag.py:4156} INFO - Setting next_dagrun for example_weekday_branch_operator to 2024-10-02 00:00:00+00:00, run_after=2024-10-03 00:00:00+00:00
[2024-10-03T22:12:13.541+0000] {processor.py:208} INFO - Processing /home/airflow/.local/lib/python3.12/site-packages/airflow/example_dags/example_branch_day_of_week_operator.py took 0.096 seconds
[2024-10-03T22:12:44.422+0000] {processor.py:186} INFO - Started process (PID=948) to work on /home/airflow/.local/lib/python3.12/site-packages/airflow/example_dags/example_branch_day_of_week_operator.py
[2024-10-03T22:12:44.423+0000] {processor.py:914} INFO - Processing file /home/airflow/.local/lib/python3.12/site-packages/airflow/example_dags/example_branch_day_of_week_operator.py for tasks to queue
[2024-10-03T22:12:44.426+0000] {logging_mixin.py:190} INFO - [2024-10-03T22:12:44.426+0000] {dagbag.py:587} INFO - Filling up the DagBag from /home/airflow/.local/lib/python3.12/site-packages/airflow/example_dags/example_branch_day_of_week_operator.py
[2024-10-03T22:12:44.439+0000] {processor.py:925} INFO - DAG(s) 'example_weekday_branch_operator' retrieved from /home/airflow/.local/lib/python3.12/site-packages/airflow/example_dags/example_branch_day_of_week_operator.py
[2024-10-03T22:12:44.464+0000] {logging_mixin.py:190} INFO - [2024-10-03T22:12:44.464+0000] {dag.py:3229} INFO - Sync 1 DAGs
[2024-10-03T22:12:44.495+0000] {logging_mixin.py:190} INFO - [2024-10-03T22:12:44.495+0000] {dag.py:4156} INFO - Setting next_dagrun for example_weekday_branch_operator to 2024-10-02 00:00:00+00:00, run_after=2024-10-03 00:00:00+00:00
[2024-10-03T22:12:44.524+0000] {processor.py:208} INFO - Processing /home/airflow/.local/lib/python3.12/site-packages/airflow/example_dags/example_branch_day_of_week_operator.py took 0.111 seconds
[2024-10-03T22:13:15.054+0000] {processor.py:186} INFO - Started process (PID=1011) to work on /home/airflow/.local/lib/python3.12/site-packages/airflow/example_dags/example_branch_day_of_week_operator.py
[2024-10-03T22:13:15.055+0000] {processor.py:914} INFO - Processing file /home/airflow/.local/lib/python3.12/site-packages/airflow/example_dags/example_branch_day_of_week_operator.py for tasks to queue
[2024-10-03T22:13:15.058+0000] {logging_mixin.py:190} INFO - [2024-10-03T22:13:15.058+0000] {dagbag.py:587} INFO - Filling up the DagBag from /home/airflow/.local/lib/python3.12/site-packages/airflow/example_dags/example_branch_day_of_week_operator.py
[2024-10-03T22:13:15.071+0000] {processor.py:925} INFO - DAG(s) 'example_weekday_branch_operator' retrieved from /home/airflow/.local/lib/python3.12/site-packages/airflow/example_dags/example_branch_day_of_week_operator.py
[2024-10-03T22:13:15.099+0000] {logging_mixin.py:190} INFO - [2024-10-03T22:13:15.098+0000] {dag.py:3229} INFO - Sync 1 DAGs
[2024-10-03T22:13:15.134+0000] {logging_mixin.py:190} INFO - [2024-10-03T22:13:15.133+0000] {dag.py:4156} INFO - Setting next_dagrun for example_weekday_branch_operator to 2024-10-02 00:00:00+00:00, run_after=2024-10-03 00:00:00+00:00
[2024-10-03T22:13:15.169+0000] {processor.py:208} INFO - Processing /home/airflow/.local/lib/python3.12/site-packages/airflow/example_dags/example_branch_day_of_week_operator.py took 0.123 seconds
[2024-10-03T22:13:45.596+0000] {processor.py:186} INFO - Started process (PID=1082) to work on /home/airflow/.local/lib/python3.12/site-packages/airflow/example_dags/example_branch_day_of_week_operator.py
[2024-10-03T22:13:45.597+0000] {processor.py:914} INFO - Processing file /home/airflow/.local/lib/python3.12/site-packages/airflow/example_dags/example_branch_day_of_week_operator.py for tasks to queue
[2024-10-03T22:13:45.601+0000] {logging_mixin.py:190} INFO - [2024-10-03T22:13:45.600+0000] {dagbag.py:587} INFO - Filling up the DagBag from /home/airflow/.local/lib/python3.12/site-packages/airflow/example_dags/example_branch_day_of_week_operator.py
[2024-10-03T22:13:45.615+0000] {processor.py:925} INFO - DAG(s) 'example_weekday_branch_operator' retrieved from /home/airflow/.local/lib/python3.12/site-packages/airflow/example_dags/example_branch_day_of_week_operator.py
[2024-10-03T22:13:45.642+0000] {logging_mixin.py:190} INFO - [2024-10-03T22:13:45.642+0000] {dag.py:3229} INFO - Sync 1 DAGs
[2024-10-03T22:13:45.680+0000] {logging_mixin.py:190} INFO - [2024-10-03T22:13:45.680+0000] {dag.py:4156} INFO - Setting next_dagrun for example_weekday_branch_operator to 2024-10-02 00:00:00+00:00, run_after=2024-10-03 00:00:00+00:00
[2024-10-03T22:13:45.716+0000] {processor.py:208} INFO - Processing /home/airflow/.local/lib/python3.12/site-packages/airflow/example_dags/example_branch_day_of_week_operator.py took 0.128 seconds
[2024-10-03T22:14:16.492+0000] {processor.py:186} INFO - Started process (PID=1145) to work on /home/airflow/.local/lib/python3.12/site-packages/airflow/example_dags/example_branch_day_of_week_operator.py
[2024-10-03T22:14:16.494+0000] {processor.py:914} INFO - Processing file /home/airflow/.local/lib/python3.12/site-packages/airflow/example_dags/example_branch_day_of_week_operator.py for tasks to queue
[2024-10-03T22:14:16.497+0000] {logging_mixin.py:190} INFO - [2024-10-03T22:14:16.497+0000] {dagbag.py:587} INFO - Filling up the DagBag from /home/airflow/.local/lib/python3.12/site-packages/airflow/example_dags/example_branch_day_of_week_operator.py
[2024-10-03T22:14:16.514+0000] {processor.py:925} INFO - DAG(s) 'example_weekday_branch_operator' retrieved from /home/airflow/.local/lib/python3.12/site-packages/airflow/example_dags/example_branch_day_of_week_operator.py
[2024-10-03T22:14:16.545+0000] {logging_mixin.py:190} INFO - [2024-10-03T22:14:16.544+0000] {dag.py:3229} INFO - Sync 1 DAGs
[2024-10-03T22:14:16.581+0000] {logging_mixin.py:190} INFO - [2024-10-03T22:14:16.581+0000] {dag.py:4156} INFO - Setting next_dagrun for example_weekday_branch_operator to 2024-10-02 00:00:00+00:00, run_after=2024-10-03 00:00:00+00:00
[2024-10-03T22:14:16.607+0000] {processor.py:208} INFO - Processing /home/airflow/.local/lib/python3.12/site-packages/airflow/example_dags/example_branch_day_of_week_operator.py took 0.124 seconds
[2024-10-03T22:14:46.975+0000] {processor.py:186} INFO - Started process (PID=1208) to work on /home/airflow/.local/lib/python3.12/site-packages/airflow/example_dags/example_branch_day_of_week_operator.py
[2024-10-03T22:14:46.976+0000] {processor.py:914} INFO - Processing file /home/airflow/.local/lib/python3.12/site-packages/airflow/example_dags/example_branch_day_of_week_operator.py for tasks to queue
[2024-10-03T22:14:46.980+0000] {logging_mixin.py:190} INFO - [2024-10-03T22:14:46.979+0000] {dagbag.py:587} INFO - Filling up the DagBag from /home/airflow/.local/lib/python3.12/site-packages/airflow/example_dags/example_branch_day_of_week_operator.py
[2024-10-03T22:14:47.000+0000] {processor.py:925} INFO - DAG(s) 'example_weekday_branch_operator' retrieved from /home/airflow/.local/lib/python3.12/site-packages/airflow/example_dags/example_branch_day_of_week_operator.py
[2024-10-03T22:14:47.035+0000] {logging_mixin.py:190} INFO - [2024-10-03T22:14:47.034+0000] {dag.py:3229} INFO - Sync 1 DAGs
[2024-10-03T22:14:47.072+0000] {logging_mixin.py:190} INFO - [2024-10-03T22:14:47.072+0000] {dag.py:4156} INFO - Setting next_dagrun for example_weekday_branch_operator to 2024-10-02 00:00:00+00:00, run_after=2024-10-03 00:00:00+00:00
[2024-10-03T22:14:47.127+0000] {processor.py:208} INFO - Processing /home/airflow/.local/lib/python3.12/site-packages/airflow/example_dags/example_branch_day_of_week_operator.py took 0.162 seconds
[2024-10-03T22:15:17.281+0000] {processor.py:186} INFO - Started process (PID=1271) to work on /home/airflow/.local/lib/python3.12/site-packages/airflow/example_dags/example_branch_day_of_week_operator.py
[2024-10-03T22:15:17.282+0000] {processor.py:914} INFO - Processing file /home/airflow/.local/lib/python3.12/site-packages/airflow/example_dags/example_branch_day_of_week_operator.py for tasks to queue
[2024-10-03T22:15:17.285+0000] {logging_mixin.py:190} INFO - [2024-10-03T22:15:17.285+0000] {dagbag.py:587} INFO - Filling up the DagBag from /home/airflow/.local/lib/python3.12/site-packages/airflow/example_dags/example_branch_day_of_week_operator.py
[2024-10-03T22:15:17.300+0000] {processor.py:925} INFO - DAG(s) 'example_weekday_branch_operator' retrieved from /home/airflow/.local/lib/python3.12/site-packages/airflow/example_dags/example_branch_day_of_week_operator.py
[2024-10-03T22:15:17.325+0000] {logging_mixin.py:190} INFO - [2024-10-03T22:15:17.325+0000] {dag.py:3229} INFO - Sync 1 DAGs
[2024-10-03T22:15:17.358+0000] {logging_mixin.py:190} INFO - [2024-10-03T22:15:17.358+0000] {dag.py:4156} INFO - Setting next_dagrun for example_weekday_branch_operator to 2024-10-02 00:00:00+00:00, run_after=2024-10-03 00:00:00+00:00
[2024-10-03T22:15:17.393+0000] {processor.py:208} INFO - Processing /home/airflow/.local/lib/python3.12/site-packages/airflow/example_dags/example_branch_day_of_week_operator.py took 0.122 seconds
[2024-10-03T22:15:47.780+0000] {processor.py:186} INFO - Started process (PID=1334) to work on /home/airflow/.local/lib/python3.12/site-packages/airflow/example_dags/example_branch_day_of_week_operator.py
[2024-10-03T22:15:47.781+0000] {processor.py:914} INFO - Processing file /home/airflow/.local/lib/python3.12/site-packages/airflow/example_dags/example_branch_day_of_week_operator.py for tasks to queue
[2024-10-03T22:15:47.784+0000] {logging_mixin.py:190} INFO - [2024-10-03T22:15:47.784+0000] {dagbag.py:587} INFO - Filling up the DagBag from /home/airflow/.local/lib/python3.12/site-packages/airflow/example_dags/example_branch_day_of_week_operator.py
[2024-10-03T22:15:47.799+0000] {processor.py:925} INFO - DAG(s) 'example_weekday_branch_operator' retrieved from /home/airflow/.local/lib/python3.12/site-packages/airflow/example_dags/example_branch_day_of_week_operator.py
[2024-10-03T22:15:47.824+0000] {logging_mixin.py:190} INFO - [2024-10-03T22:15:47.824+0000] {dag.py:3229} INFO - Sync 1 DAGs
[2024-10-03T22:15:47.854+0000] {logging_mixin.py:190} INFO - [2024-10-03T22:15:47.854+0000] {dag.py:4156} INFO - Setting next_dagrun for example_weekday_branch_operator to 2024-10-02 00:00:00+00:00, run_after=2024-10-03 00:00:00+00:00
[2024-10-03T22:15:47.888+0000] {processor.py:208} INFO - Processing /home/airflow/.local/lib/python3.12/site-packages/airflow/example_dags/example_branch_day_of_week_operator.py took 0.117 seconds
[2024-10-03T22:16:19.012+0000] {processor.py:186} INFO - Started process (PID=1397) to work on /home/airflow/.local/lib/python3.12/site-packages/airflow/example_dags/example_branch_day_of_week_operator.py
[2024-10-03T22:16:19.020+0000] {processor.py:914} INFO - Processing file /home/airflow/.local/lib/python3.12/site-packages/airflow/example_dags/example_branch_day_of_week_operator.py for tasks to queue
[2024-10-03T22:16:19.028+0000] {logging_mixin.py:190} INFO - [2024-10-03T22:16:19.027+0000] {dagbag.py:587} INFO - Filling up the DagBag from /home/airflow/.local/lib/python3.12/site-packages/airflow/example_dags/example_branch_day_of_week_operator.py
[2024-10-03T22:16:19.075+0000] {processor.py:925} INFO - DAG(s) 'example_weekday_branch_operator' retrieved from /home/airflow/.local/lib/python3.12/site-packages/airflow/example_dags/example_branch_day_of_week_operator.py
[2024-10-03T22:16:19.154+0000] {logging_mixin.py:190} INFO - [2024-10-03T22:16:19.153+0000] {dag.py:3229} INFO - Sync 1 DAGs
[2024-10-03T22:16:19.279+0000] {logging_mixin.py:190} INFO - [2024-10-03T22:16:19.278+0000] {dag.py:4156} INFO - Setting next_dagrun for example_weekday_branch_operator to 2024-10-02 00:00:00+00:00, run_after=2024-10-03 00:00:00+00:00
[2024-10-03T22:16:19.364+0000] {processor.py:208} INFO - Processing /home/airflow/.local/lib/python3.12/site-packages/airflow/example_dags/example_branch_day_of_week_operator.py took 0.380 seconds
[2024-10-03T22:16:49.591+0000] {processor.py:186} INFO - Started process (PID=1460) to work on /home/airflow/.local/lib/python3.12/site-packages/airflow/example_dags/example_branch_day_of_week_operator.py
[2024-10-03T22:16:49.592+0000] {processor.py:914} INFO - Processing file /home/airflow/.local/lib/python3.12/site-packages/airflow/example_dags/example_branch_day_of_week_operator.py for tasks to queue
[2024-10-03T22:16:49.599+0000] {logging_mixin.py:190} INFO - [2024-10-03T22:16:49.598+0000] {dagbag.py:587} INFO - Filling up the DagBag from /home/airflow/.local/lib/python3.12/site-packages/airflow/example_dags/example_branch_day_of_week_operator.py
[2024-10-03T22:16:49.623+0000] {processor.py:925} INFO - DAG(s) 'example_weekday_branch_operator' retrieved from /home/airflow/.local/lib/python3.12/site-packages/airflow/example_dags/example_branch_day_of_week_operator.py
[2024-10-03T22:16:49.674+0000] {logging_mixin.py:190} INFO - [2024-10-03T22:16:49.674+0000] {dag.py:3229} INFO - Sync 1 DAGs
[2024-10-03T22:16:49.730+0000] {logging_mixin.py:190} INFO - [2024-10-03T22:16:49.730+0000] {dag.py:4156} INFO - Setting next_dagrun for example_weekday_branch_operator to 2024-10-02 00:00:00+00:00, run_after=2024-10-03 00:00:00+00:00
[2024-10-03T22:16:49.782+0000] {processor.py:208} INFO - Processing /home/airflow/.local/lib/python3.12/site-packages/airflow/example_dags/example_branch_day_of_week_operator.py took 0.206 seconds
[2024-10-03T22:17:20.284+0000] {processor.py:186} INFO - Started process (PID=1523) to work on /home/airflow/.local/lib/python3.12/site-packages/airflow/example_dags/example_branch_day_of_week_operator.py
[2024-10-03T22:17:20.288+0000] {processor.py:914} INFO - Processing file /home/airflow/.local/lib/python3.12/site-packages/airflow/example_dags/example_branch_day_of_week_operator.py for tasks to queue
[2024-10-03T22:17:20.292+0000] {logging_mixin.py:190} INFO - [2024-10-03T22:17:20.291+0000] {dagbag.py:587} INFO - Filling up the DagBag from /home/airflow/.local/lib/python3.12/site-packages/airflow/example_dags/example_branch_day_of_week_operator.py
[2024-10-03T22:17:20.312+0000] {processor.py:925} INFO - DAG(s) 'example_weekday_branch_operator' retrieved from /home/airflow/.local/lib/python3.12/site-packages/airflow/example_dags/example_branch_day_of_week_operator.py
[2024-10-03T22:17:20.346+0000] {logging_mixin.py:190} INFO - [2024-10-03T22:17:20.345+0000] {dag.py:3229} INFO - Sync 1 DAGs
[2024-10-03T22:17:20.391+0000] {logging_mixin.py:190} INFO - [2024-10-03T22:17:20.391+0000] {dag.py:4156} INFO - Setting next_dagrun for example_weekday_branch_operator to 2024-10-02 00:00:00+00:00, run_after=2024-10-03 00:00:00+00:00
[2024-10-03T22:17:20.425+0000] {processor.py:208} INFO - Processing /home/airflow/.local/lib/python3.12/site-packages/airflow/example_dags/example_branch_day_of_week_operator.py took 0.157 seconds
[2024-10-03T22:17:51.002+0000] {processor.py:186} INFO - Started process (PID=1586) to work on /home/airflow/.local/lib/python3.12/site-packages/airflow/example_dags/example_branch_day_of_week_operator.py
[2024-10-03T22:17:51.003+0000] {processor.py:914} INFO - Processing file /home/airflow/.local/lib/python3.12/site-packages/airflow/example_dags/example_branch_day_of_week_operator.py for tasks to queue
[2024-10-03T22:17:51.009+0000] {logging_mixin.py:190} INFO - [2024-10-03T22:17:51.008+0000] {dagbag.py:587} INFO - Filling up the DagBag from /home/airflow/.local/lib/python3.12/site-packages/airflow/example_dags/example_branch_day_of_week_operator.py
[2024-10-03T22:17:51.029+0000] {processor.py:925} INFO - DAG(s) 'example_weekday_branch_operator' retrieved from /home/airflow/.local/lib/python3.12/site-packages/airflow/example_dags/example_branch_day_of_week_operator.py
[2024-10-03T22:17:51.068+0000] {logging_mixin.py:190} INFO - [2024-10-03T22:17:51.068+0000] {dag.py:3229} INFO - Sync 1 DAGs
[2024-10-03T22:17:51.132+0000] {logging_mixin.py:190} INFO - [2024-10-03T22:17:51.132+0000] {dag.py:4156} INFO - Setting next_dagrun for example_weekday_branch_operator to 2024-10-02 00:00:00+00:00, run_after=2024-10-03 00:00:00+00:00
[2024-10-03T22:17:51.168+0000] {processor.py:208} INFO - Processing /home/airflow/.local/lib/python3.12/site-packages/airflow/example_dags/example_branch_day_of_week_operator.py took 0.180 seconds
[2024-10-03T22:18:21.601+0000] {processor.py:186} INFO - Started process (PID=1649) to work on /home/airflow/.local/lib/python3.12/site-packages/airflow/example_dags/example_branch_day_of_week_operator.py
[2024-10-03T22:18:21.602+0000] {processor.py:914} INFO - Processing file /home/airflow/.local/lib/python3.12/site-packages/airflow/example_dags/example_branch_day_of_week_operator.py for tasks to queue
[2024-10-03T22:18:21.605+0000] {logging_mixin.py:190} INFO - [2024-10-03T22:18:21.605+0000] {dagbag.py:587} INFO - Filling up the DagBag from /home/airflow/.local/lib/python3.12/site-packages/airflow/example_dags/example_branch_day_of_week_operator.py
[2024-10-03T22:18:21.621+0000] {processor.py:925} INFO - DAG(s) 'example_weekday_branch_operator' retrieved from /home/airflow/.local/lib/python3.12/site-packages/airflow/example_dags/example_branch_day_of_week_operator.py
[2024-10-03T22:18:21.651+0000] {logging_mixin.py:190} INFO - [2024-10-03T22:18:21.650+0000] {dag.py:3229} INFO - Sync 1 DAGs
[2024-10-03T22:18:21.695+0000] {logging_mixin.py:190} INFO - [2024-10-03T22:18:21.694+0000] {dag.py:4156} INFO - Setting next_dagrun for example_weekday_branch_operator to 2024-10-02 00:00:00+00:00, run_after=2024-10-03 00:00:00+00:00
[2024-10-03T22:18:21.728+0000] {processor.py:208} INFO - Processing /home/airflow/.local/lib/python3.12/site-packages/airflow/example_dags/example_branch_day_of_week_operator.py took 0.135 seconds
[2024-10-03T22:18:52.415+0000] {processor.py:186} INFO - Started process (PID=1712) to work on /home/airflow/.local/lib/python3.12/site-packages/airflow/example_dags/example_branch_day_of_week_operator.py
[2024-10-03T22:18:52.416+0000] {processor.py:914} INFO - Processing file /home/airflow/.local/lib/python3.12/site-packages/airflow/example_dags/example_branch_day_of_week_operator.py for tasks to queue
[2024-10-03T22:18:52.419+0000] {logging_mixin.py:190} INFO - [2024-10-03T22:18:52.419+0000] {dagbag.py:587} INFO - Filling up the DagBag from /home/airflow/.local/lib/python3.12/site-packages/airflow/example_dags/example_branch_day_of_week_operator.py
[2024-10-03T22:18:52.435+0000] {processor.py:925} INFO - DAG(s) 'example_weekday_branch_operator' retrieved from /home/airflow/.local/lib/python3.12/site-packages/airflow/example_dags/example_branch_day_of_week_operator.py
[2024-10-03T22:18:52.464+0000] {logging_mixin.py:190} INFO - [2024-10-03T22:18:52.464+0000] {dag.py:3229} INFO - Sync 1 DAGs
[2024-10-03T22:18:52.502+0000] {logging_mixin.py:190} INFO - [2024-10-03T22:18:52.502+0000] {dag.py:4156} INFO - Setting next_dagrun for example_weekday_branch_operator to 2024-10-02 00:00:00+00:00, run_after=2024-10-03 00:00:00+00:00
[2024-10-03T22:18:52.534+0000] {processor.py:208} INFO - Processing /home/airflow/.local/lib/python3.12/site-packages/airflow/example_dags/example_branch_day_of_week_operator.py took 0.128 seconds
[2024-10-03T22:19:22.580+0000] {processor.py:186} INFO - Started process (PID=1775) to work on /home/airflow/.local/lib/python3.12/site-packages/airflow/example_dags/example_branch_day_of_week_operator.py
[2024-10-03T22:19:22.581+0000] {processor.py:914} INFO - Processing file /home/airflow/.local/lib/python3.12/site-packages/airflow/example_dags/example_branch_day_of_week_operator.py for tasks to queue
[2024-10-03T22:19:22.585+0000] {logging_mixin.py:190} INFO - [2024-10-03T22:19:22.584+0000] {dagbag.py:587} INFO - Filling up the DagBag from /home/airflow/.local/lib/python3.12/site-packages/airflow/example_dags/example_branch_day_of_week_operator.py
[2024-10-03T22:19:22.601+0000] {processor.py:925} INFO - DAG(s) 'example_weekday_branch_operator' retrieved from /home/airflow/.local/lib/python3.12/site-packages/airflow/example_dags/example_branch_day_of_week_operator.py
[2024-10-03T22:19:22.626+0000] {logging_mixin.py:190} INFO - [2024-10-03T22:19:22.625+0000] {dag.py:3229} INFO - Sync 1 DAGs
[2024-10-03T22:19:22.656+0000] {logging_mixin.py:190} INFO - [2024-10-03T22:19:22.656+0000] {dag.py:4156} INFO - Setting next_dagrun for example_weekday_branch_operator to 2024-10-02 00:00:00+00:00, run_after=2024-10-03 00:00:00+00:00
[2024-10-03T22:19:22.685+0000] {processor.py:208} INFO - Processing /home/airflow/.local/lib/python3.12/site-packages/airflow/example_dags/example_branch_day_of_week_operator.py took 0.112 seconds
[2024-10-03T22:19:52.770+0000] {processor.py:186} INFO - Started process (PID=1837) to work on /home/airflow/.local/lib/python3.12/site-packages/airflow/example_dags/example_branch_day_of_week_operator.py
[2024-10-03T22:19:52.771+0000] {processor.py:914} INFO - Processing file /home/airflow/.local/lib/python3.12/site-packages/airflow/example_dags/example_branch_day_of_week_operator.py for tasks to queue
[2024-10-03T22:19:52.773+0000] {logging_mixin.py:190} INFO - [2024-10-03T22:19:52.773+0000] {dagbag.py:587} INFO - Filling up the DagBag from /home/airflow/.local/lib/python3.12/site-packages/airflow/example_dags/example_branch_day_of_week_operator.py
[2024-10-03T22:19:52.784+0000] {processor.py:925} INFO - DAG(s) 'example_weekday_branch_operator' retrieved from /home/airflow/.local/lib/python3.12/site-packages/airflow/example_dags/example_branch_day_of_week_operator.py
[2024-10-03T22:19:52.806+0000] {logging_mixin.py:190} INFO - [2024-10-03T22:19:52.806+0000] {dag.py:3229} INFO - Sync 1 DAGs
[2024-10-03T22:19:52.835+0000] {logging_mixin.py:190} INFO - [2024-10-03T22:19:52.835+0000] {dag.py:4156} INFO - Setting next_dagrun for example_weekday_branch_operator to 2024-10-02 00:00:00+00:00, run_after=2024-10-03 00:00:00+00:00
[2024-10-03T22:19:52.870+0000] {processor.py:208} INFO - Processing /home/airflow/.local/lib/python3.12/site-packages/airflow/example_dags/example_branch_day_of_week_operator.py took 0.107 seconds
[2024-10-03T22:20:23.179+0000] {processor.py:186} INFO - Started process (PID=1900) to work on /home/airflow/.local/lib/python3.12/site-packages/airflow/example_dags/example_branch_day_of_week_operator.py
[2024-10-03T22:20:23.180+0000] {processor.py:914} INFO - Processing file /home/airflow/.local/lib/python3.12/site-packages/airflow/example_dags/example_branch_day_of_week_operator.py for tasks to queue
[2024-10-03T22:20:23.183+0000] {logging_mixin.py:190} INFO - [2024-10-03T22:20:23.183+0000] {dagbag.py:587} INFO - Filling up the DagBag from /home/airflow/.local/lib/python3.12/site-packages/airflow/example_dags/example_branch_day_of_week_operator.py
[2024-10-03T22:20:23.198+0000] {processor.py:925} INFO - DAG(s) 'example_weekday_branch_operator' retrieved from /home/airflow/.local/lib/python3.12/site-packages/airflow/example_dags/example_branch_day_of_week_operator.py
[2024-10-03T22:20:23.224+0000] {logging_mixin.py:190} INFO - [2024-10-03T22:20:23.224+0000] {dag.py:3229} INFO - Sync 1 DAGs
[2024-10-03T22:20:23.260+0000] {logging_mixin.py:190} INFO - [2024-10-03T22:20:23.259+0000] {dag.py:4156} INFO - Setting next_dagrun for example_weekday_branch_operator to 2024-10-02 00:00:00+00:00, run_after=2024-10-03 00:00:00+00:00
[2024-10-03T22:20:23.292+0000] {processor.py:208} INFO - Processing /home/airflow/.local/lib/python3.12/site-packages/airflow/example_dags/example_branch_day_of_week_operator.py took 0.122 seconds
[2024-10-03T22:20:53.633+0000] {processor.py:186} INFO - Started process (PID=1963) to work on /home/airflow/.local/lib/python3.12/site-packages/airflow/example_dags/example_branch_day_of_week_operator.py
[2024-10-03T22:20:53.634+0000] {processor.py:914} INFO - Processing file /home/airflow/.local/lib/python3.12/site-packages/airflow/example_dags/example_branch_day_of_week_operator.py for tasks to queue
[2024-10-03T22:20:53.638+0000] {logging_mixin.py:190} INFO - [2024-10-03T22:20:53.637+0000] {dagbag.py:587} INFO - Filling up the DagBag from /home/airflow/.local/lib/python3.12/site-packages/airflow/example_dags/example_branch_day_of_week_operator.py
[2024-10-03T22:20:53.650+0000] {processor.py:925} INFO - DAG(s) 'example_weekday_branch_operator' retrieved from /home/airflow/.local/lib/python3.12/site-packages/airflow/example_dags/example_branch_day_of_week_operator.py
[2024-10-03T22:20:53.678+0000] {logging_mixin.py:190} INFO - [2024-10-03T22:20:53.677+0000] {dag.py:3229} INFO - Sync 1 DAGs
[2024-10-03T22:20:53.715+0000] {logging_mixin.py:190} INFO - [2024-10-03T22:20:53.714+0000] {dag.py:4156} INFO - Setting next_dagrun for example_weekday_branch_operator to 2024-10-02 00:00:00+00:00, run_after=2024-10-03 00:00:00+00:00
[2024-10-03T22:20:53.751+0000] {processor.py:208} INFO - Processing /home/airflow/.local/lib/python3.12/site-packages/airflow/example_dags/example_branch_day_of_week_operator.py took 0.128 seconds
[2024-10-03T22:21:24.168+0000] {processor.py:186} INFO - Started process (PID=2026) to work on /home/airflow/.local/lib/python3.12/site-packages/airflow/example_dags/example_branch_day_of_week_operator.py
[2024-10-03T22:21:24.169+0000] {processor.py:914} INFO - Processing file /home/airflow/.local/lib/python3.12/site-packages/airflow/example_dags/example_branch_day_of_week_operator.py for tasks to queue
[2024-10-03T22:21:24.172+0000] {logging_mixin.py:190} INFO - [2024-10-03T22:21:24.171+0000] {dagbag.py:587} INFO - Filling up the DagBag from /home/airflow/.local/lib/python3.12/site-packages/airflow/example_dags/example_branch_day_of_week_operator.py
[2024-10-03T22:21:24.182+0000] {processor.py:925} INFO - DAG(s) 'example_weekday_branch_operator' retrieved from /home/airflow/.local/lib/python3.12/site-packages/airflow/example_dags/example_branch_day_of_week_operator.py
[2024-10-03T22:21:24.205+0000] {logging_mixin.py:190} INFO - [2024-10-03T22:21:24.204+0000] {dag.py:3229} INFO - Sync 1 DAGs
[2024-10-03T22:21:24.244+0000] {logging_mixin.py:190} INFO - [2024-10-03T22:21:24.243+0000] {dag.py:4156} INFO - Setting next_dagrun for example_weekday_branch_operator to 2024-10-02 00:00:00+00:00, run_after=2024-10-03 00:00:00+00:00
[2024-10-03T22:21:24.271+0000] {processor.py:208} INFO - Processing /home/airflow/.local/lib/python3.12/site-packages/airflow/example_dags/example_branch_day_of_week_operator.py took 0.111 seconds
[2024-10-03T22:21:54.526+0000] {processor.py:186} INFO - Started process (PID=2089) to work on /home/airflow/.local/lib/python3.12/site-packages/airflow/example_dags/example_branch_day_of_week_operator.py
[2024-10-03T22:21:54.527+0000] {processor.py:914} INFO - Processing file /home/airflow/.local/lib/python3.12/site-packages/airflow/example_dags/example_branch_day_of_week_operator.py for tasks to queue
[2024-10-03T22:21:54.531+0000] {logging_mixin.py:190} INFO - [2024-10-03T22:21:54.530+0000] {dagbag.py:587} INFO - Filling up the DagBag from /home/airflow/.local/lib/python3.12/site-packages/airflow/example_dags/example_branch_day_of_week_operator.py
[2024-10-03T22:21:54.545+0000] {processor.py:925} INFO - DAG(s) 'example_weekday_branch_operator' retrieved from /home/airflow/.local/lib/python3.12/site-packages/airflow/example_dags/example_branch_day_of_week_operator.py
[2024-10-03T22:21:54.572+0000] {logging_mixin.py:190} INFO - [2024-10-03T22:21:54.571+0000] {dag.py:3229} INFO - Sync 1 DAGs
[2024-10-03T22:21:54.603+0000] {logging_mixin.py:190} INFO - [2024-10-03T22:21:54.603+0000] {dag.py:4156} INFO - Setting next_dagrun for example_weekday_branch_operator to 2024-10-02 00:00:00+00:00, run_after=2024-10-03 00:00:00+00:00
[2024-10-03T22:21:54.632+0000] {processor.py:208} INFO - Processing /home/airflow/.local/lib/python3.12/site-packages/airflow/example_dags/example_branch_day_of_week_operator.py took 0.114 seconds
[2024-10-03T22:22:24.822+0000] {processor.py:186} INFO - Started process (PID=2152) to work on /home/airflow/.local/lib/python3.12/site-packages/airflow/example_dags/example_branch_day_of_week_operator.py
[2024-10-03T22:22:24.824+0000] {processor.py:914} INFO - Processing file /home/airflow/.local/lib/python3.12/site-packages/airflow/example_dags/example_branch_day_of_week_operator.py for tasks to queue
[2024-10-03T22:22:24.828+0000] {logging_mixin.py:190} INFO - [2024-10-03T22:22:24.827+0000] {dagbag.py:587} INFO - Filling up the DagBag from /home/airflow/.local/lib/python3.12/site-packages/airflow/example_dags/example_branch_day_of_week_operator.py
[2024-10-03T22:22:24.844+0000] {processor.py:925} INFO - DAG(s) 'example_weekday_branch_operator' retrieved from /home/airflow/.local/lib/python3.12/site-packages/airflow/example_dags/example_branch_day_of_week_operator.py
[2024-10-03T22:22:24.876+0000] {logging_mixin.py:190} INFO - [2024-10-03T22:22:24.875+0000] {dag.py:3229} INFO - Sync 1 DAGs
[2024-10-03T22:22:24.923+0000] {logging_mixin.py:190} INFO - [2024-10-03T22:22:24.922+0000] {dag.py:4156} INFO - Setting next_dagrun for example_weekday_branch_operator to 2024-10-02 00:00:00+00:00, run_after=2024-10-03 00:00:00+00:00
[2024-10-03T22:22:24.958+0000] {processor.py:208} INFO - Processing /home/airflow/.local/lib/python3.12/site-packages/airflow/example_dags/example_branch_day_of_week_operator.py took 0.146 seconds
[2024-10-03T22:22:55.356+0000] {processor.py:186} INFO - Started process (PID=2214) to work on /home/airflow/.local/lib/python3.12/site-packages/airflow/example_dags/example_branch_day_of_week_operator.py
[2024-10-03T22:22:55.357+0000] {processor.py:914} INFO - Processing file /home/airflow/.local/lib/python3.12/site-packages/airflow/example_dags/example_branch_day_of_week_operator.py for tasks to queue
[2024-10-03T22:22:55.359+0000] {logging_mixin.py:190} INFO - [2024-10-03T22:22:55.359+0000] {dagbag.py:587} INFO - Filling up the DagBag from /home/airflow/.local/lib/python3.12/site-packages/airflow/example_dags/example_branch_day_of_week_operator.py
[2024-10-03T22:22:55.370+0000] {processor.py:925} INFO - DAG(s) 'example_weekday_branch_operator' retrieved from /home/airflow/.local/lib/python3.12/site-packages/airflow/example_dags/example_branch_day_of_week_operator.py
[2024-10-03T22:22:55.394+0000] {logging_mixin.py:190} INFO - [2024-10-03T22:22:55.394+0000] {dag.py:3229} INFO - Sync 1 DAGs
[2024-10-03T22:22:55.423+0000] {logging_mixin.py:190} INFO - [2024-10-03T22:22:55.422+0000] {dag.py:4156} INFO - Setting next_dagrun for example_weekday_branch_operator to 2024-10-02 00:00:00+00:00, run_after=2024-10-03 00:00:00+00:00
[2024-10-03T22:22:55.445+0000] {processor.py:208} INFO - Processing /home/airflow/.local/lib/python3.12/site-packages/airflow/example_dags/example_branch_day_of_week_operator.py took 0.095 seconds
[2024-10-03T22:23:25.884+0000] {processor.py:186} INFO - Started process (PID=2277) to work on /home/airflow/.local/lib/python3.12/site-packages/airflow/example_dags/example_branch_day_of_week_operator.py
[2024-10-03T22:23:25.885+0000] {processor.py:914} INFO - Processing file /home/airflow/.local/lib/python3.12/site-packages/airflow/example_dags/example_branch_day_of_week_operator.py for tasks to queue
[2024-10-03T22:23:25.889+0000] {logging_mixin.py:190} INFO - [2024-10-03T22:23:25.888+0000] {dagbag.py:587} INFO - Filling up the DagBag from /home/airflow/.local/lib/python3.12/site-packages/airflow/example_dags/example_branch_day_of_week_operator.py
[2024-10-03T22:23:25.905+0000] {processor.py:925} INFO - DAG(s) 'example_weekday_branch_operator' retrieved from /home/airflow/.local/lib/python3.12/site-packages/airflow/example_dags/example_branch_day_of_week_operator.py
[2024-10-03T22:23:25.930+0000] {logging_mixin.py:190} INFO - [2024-10-03T22:23:25.930+0000] {dag.py:3229} INFO - Sync 1 DAGs
[2024-10-03T22:23:25.973+0000] {logging_mixin.py:190} INFO - [2024-10-03T22:23:25.973+0000] {dag.py:4156} INFO - Setting next_dagrun for example_weekday_branch_operator to 2024-10-02 00:00:00+00:00, run_after=2024-10-03 00:00:00+00:00
[2024-10-03T22:23:26.002+0000] {processor.py:208} INFO - Processing /home/airflow/.local/lib/python3.12/site-packages/airflow/example_dags/example_branch_day_of_week_operator.py took 0.126 seconds
[2024-10-03T22:23:56.564+0000] {processor.py:186} INFO - Started process (PID=2340) to work on /home/airflow/.local/lib/python3.12/site-packages/airflow/example_dags/example_branch_day_of_week_operator.py
[2024-10-03T22:23:56.565+0000] {processor.py:914} INFO - Processing file /home/airflow/.local/lib/python3.12/site-packages/airflow/example_dags/example_branch_day_of_week_operator.py for tasks to queue
[2024-10-03T22:23:56.568+0000] {logging_mixin.py:190} INFO - [2024-10-03T22:23:56.567+0000] {dagbag.py:587} INFO - Filling up the DagBag from /home/airflow/.local/lib/python3.12/site-packages/airflow/example_dags/example_branch_day_of_week_operator.py
[2024-10-03T22:23:56.581+0000] {processor.py:925} INFO - DAG(s) 'example_weekday_branch_operator' retrieved from /home/airflow/.local/lib/python3.12/site-packages/airflow/example_dags/example_branch_day_of_week_operator.py
[2024-10-03T22:23:56.627+0000] {logging_mixin.py:190} INFO - [2024-10-03T22:23:56.626+0000] {dag.py:3229} INFO - Sync 1 DAGs
[2024-10-03T22:23:56.679+0000] {logging_mixin.py:190} INFO - [2024-10-03T22:23:56.678+0000] {dag.py:4156} INFO - Setting next_dagrun for example_weekday_branch_operator to 2024-10-02 00:00:00+00:00, run_after=2024-10-03 00:00:00+00:00
[2024-10-03T22:23:56.707+0000] {processor.py:208} INFO - Processing /home/airflow/.local/lib/python3.12/site-packages/airflow/example_dags/example_branch_day_of_week_operator.py took 0.154 seconds
[2024-10-03T22:24:27.158+0000] {processor.py:186} INFO - Started process (PID=2402) to work on /home/airflow/.local/lib/python3.12/site-packages/airflow/example_dags/example_branch_day_of_week_operator.py
[2024-10-03T22:24:27.160+0000] {processor.py:914} INFO - Processing file /home/airflow/.local/lib/python3.12/site-packages/airflow/example_dags/example_branch_day_of_week_operator.py for tasks to queue
[2024-10-03T22:24:27.163+0000] {logging_mixin.py:190} INFO - [2024-10-03T22:24:27.163+0000] {dagbag.py:587} INFO - Filling up the DagBag from /home/airflow/.local/lib/python3.12/site-packages/airflow/example_dags/example_branch_day_of_week_operator.py
[2024-10-03T22:24:27.175+0000] {processor.py:925} INFO - DAG(s) 'example_weekday_branch_operator' retrieved from /home/airflow/.local/lib/python3.12/site-packages/airflow/example_dags/example_branch_day_of_week_operator.py
[2024-10-03T22:24:27.204+0000] {logging_mixin.py:190} INFO - [2024-10-03T22:24:27.204+0000] {dag.py:3229} INFO - Sync 1 DAGs
[2024-10-03T22:24:27.242+0000] {logging_mixin.py:190} INFO - [2024-10-03T22:24:27.242+0000] {dag.py:4156} INFO - Setting next_dagrun for example_weekday_branch_operator to 2024-10-02 00:00:00+00:00, run_after=2024-10-03 00:00:00+00:00
[2024-10-03T22:24:27.275+0000] {processor.py:208} INFO - Processing /home/airflow/.local/lib/python3.12/site-packages/airflow/example_dags/example_branch_day_of_week_operator.py took 0.124 seconds
[2024-10-03T22:24:57.729+0000] {processor.py:186} INFO - Started process (PID=2465) to work on /home/airflow/.local/lib/python3.12/site-packages/airflow/example_dags/example_branch_day_of_week_operator.py
[2024-10-03T22:24:57.730+0000] {processor.py:914} INFO - Processing file /home/airflow/.local/lib/python3.12/site-packages/airflow/example_dags/example_branch_day_of_week_operator.py for tasks to queue
[2024-10-03T22:24:57.733+0000] {logging_mixin.py:190} INFO - [2024-10-03T22:24:57.733+0000] {dagbag.py:587} INFO - Filling up the DagBag from /home/airflow/.local/lib/python3.12/site-packages/airflow/example_dags/example_branch_day_of_week_operator.py
[2024-10-03T22:24:57.746+0000] {processor.py:925} INFO - DAG(s) 'example_weekday_branch_operator' retrieved from /home/airflow/.local/lib/python3.12/site-packages/airflow/example_dags/example_branch_day_of_week_operator.py
[2024-10-03T22:24:57.773+0000] {logging_mixin.py:190} INFO - [2024-10-03T22:24:57.772+0000] {dag.py:3229} INFO - Sync 1 DAGs
[2024-10-03T22:24:57.807+0000] {logging_mixin.py:190} INFO - [2024-10-03T22:24:57.806+0000] {dag.py:4156} INFO - Setting next_dagrun for example_weekday_branch_operator to 2024-10-02 00:00:00+00:00, run_after=2024-10-03 00:00:00+00:00
[2024-10-03T22:24:57.835+0000] {processor.py:208} INFO - Processing /home/airflow/.local/lib/python3.12/site-packages/airflow/example_dags/example_branch_day_of_week_operator.py took 0.113 seconds
[2024-10-03T22:25:28.513+0000] {processor.py:186} INFO - Started process (PID=2528) to work on /home/airflow/.local/lib/python3.12/site-packages/airflow/example_dags/example_branch_day_of_week_operator.py
[2024-10-03T22:25:28.520+0000] {processor.py:914} INFO - Processing file /home/airflow/.local/lib/python3.12/site-packages/airflow/example_dags/example_branch_day_of_week_operator.py for tasks to queue
[2024-10-03T22:25:28.529+0000] {logging_mixin.py:190} INFO - [2024-10-03T22:25:28.528+0000] {dagbag.py:587} INFO - Filling up the DagBag from /home/airflow/.local/lib/python3.12/site-packages/airflow/example_dags/example_branch_day_of_week_operator.py
[2024-10-03T22:25:28.551+0000] {processor.py:925} INFO - DAG(s) 'example_weekday_branch_operator' retrieved from /home/airflow/.local/lib/python3.12/site-packages/airflow/example_dags/example_branch_day_of_week_operator.py
[2024-10-03T22:25:28.586+0000] {logging_mixin.py:190} INFO - [2024-10-03T22:25:28.585+0000] {dag.py:3229} INFO - Sync 1 DAGs
[2024-10-03T22:25:28.640+0000] {logging_mixin.py:190} INFO - [2024-10-03T22:25:28.640+0000] {dag.py:4156} INFO - Setting next_dagrun for example_weekday_branch_operator to 2024-10-02 00:00:00+00:00, run_after=2024-10-03 00:00:00+00:00
[2024-10-03T22:25:28.690+0000] {processor.py:208} INFO - Processing /home/airflow/.local/lib/python3.12/site-packages/airflow/example_dags/example_branch_day_of_week_operator.py took 0.194 seconds
[2024-10-03T22:25:59.134+0000] {processor.py:186} INFO - Started process (PID=2591) to work on /home/airflow/.local/lib/python3.12/site-packages/airflow/example_dags/example_branch_day_of_week_operator.py
[2024-10-03T22:25:59.135+0000] {processor.py:914} INFO - Processing file /home/airflow/.local/lib/python3.12/site-packages/airflow/example_dags/example_branch_day_of_week_operator.py for tasks to queue
[2024-10-03T22:25:59.139+0000] {logging_mixin.py:190} INFO - [2024-10-03T22:25:59.139+0000] {dagbag.py:587} INFO - Filling up the DagBag from /home/airflow/.local/lib/python3.12/site-packages/airflow/example_dags/example_branch_day_of_week_operator.py
[2024-10-03T22:25:59.158+0000] {processor.py:925} INFO - DAG(s) 'example_weekday_branch_operator' retrieved from /home/airflow/.local/lib/python3.12/site-packages/airflow/example_dags/example_branch_day_of_week_operator.py
[2024-10-03T22:25:59.196+0000] {logging_mixin.py:190} INFO - [2024-10-03T22:25:59.195+0000] {dag.py:3229} INFO - Sync 1 DAGs
[2024-10-03T22:25:59.243+0000] {logging_mixin.py:190} INFO - [2024-10-03T22:25:59.243+0000] {dag.py:4156} INFO - Setting next_dagrun for example_weekday_branch_operator to 2024-10-02 00:00:00+00:00, run_after=2024-10-03 00:00:00+00:00
[2024-10-03T22:25:59.275+0000] {processor.py:208} INFO - Processing /home/airflow/.local/lib/python3.12/site-packages/airflow/example_dags/example_branch_day_of_week_operator.py took 0.152 seconds
[2024-10-03T22:26:30.018+0000] {processor.py:186} INFO - Started process (PID=2654) to work on /home/airflow/.local/lib/python3.12/site-packages/airflow/example_dags/example_branch_day_of_week_operator.py
[2024-10-03T22:26:30.019+0000] {processor.py:914} INFO - Processing file /home/airflow/.local/lib/python3.12/site-packages/airflow/example_dags/example_branch_day_of_week_operator.py for tasks to queue
[2024-10-03T22:26:30.022+0000] {logging_mixin.py:190} INFO - [2024-10-03T22:26:30.022+0000] {dagbag.py:587} INFO - Filling up the DagBag from /home/airflow/.local/lib/python3.12/site-packages/airflow/example_dags/example_branch_day_of_week_operator.py
[2024-10-03T22:26:30.044+0000] {processor.py:925} INFO - DAG(s) 'example_weekday_branch_operator' retrieved from /home/airflow/.local/lib/python3.12/site-packages/airflow/example_dags/example_branch_day_of_week_operator.py
[2024-10-03T22:26:30.080+0000] {logging_mixin.py:190} INFO - [2024-10-03T22:26:30.080+0000] {dag.py:3229} INFO - Sync 1 DAGs
[2024-10-03T22:26:30.119+0000] {logging_mixin.py:190} INFO - [2024-10-03T22:26:30.119+0000] {dag.py:4156} INFO - Setting next_dagrun for example_weekday_branch_operator to 2024-10-02 00:00:00+00:00, run_after=2024-10-03 00:00:00+00:00
[2024-10-03T22:26:30.154+0000] {processor.py:208} INFO - Processing /home/airflow/.local/lib/python3.12/site-packages/airflow/example_dags/example_branch_day_of_week_operator.py took 0.150 seconds
[2024-10-03T22:27:00.275+0000] {processor.py:186} INFO - Started process (PID=2718) to work on /home/airflow/.local/lib/python3.12/site-packages/airflow/example_dags/example_branch_day_of_week_operator.py
[2024-10-03T22:27:00.277+0000] {processor.py:914} INFO - Processing file /home/airflow/.local/lib/python3.12/site-packages/airflow/example_dags/example_branch_day_of_week_operator.py for tasks to queue
[2024-10-03T22:27:00.280+0000] {logging_mixin.py:190} INFO - [2024-10-03T22:27:00.279+0000] {dagbag.py:587} INFO - Filling up the DagBag from /home/airflow/.local/lib/python3.12/site-packages/airflow/example_dags/example_branch_day_of_week_operator.py
[2024-10-03T22:27:00.298+0000] {processor.py:925} INFO - DAG(s) 'example_weekday_branch_operator' retrieved from /home/airflow/.local/lib/python3.12/site-packages/airflow/example_dags/example_branch_day_of_week_operator.py
[2024-10-03T22:27:00.331+0000] {logging_mixin.py:190} INFO - [2024-10-03T22:27:00.331+0000] {dag.py:3229} INFO - Sync 1 DAGs
[2024-10-03T22:27:00.377+0000] {logging_mixin.py:190} INFO - [2024-10-03T22:27:00.377+0000] {dag.py:4156} INFO - Setting next_dagrun for example_weekday_branch_operator to 2024-10-02 00:00:00+00:00, run_after=2024-10-03 00:00:00+00:00
[2024-10-03T22:27:00.419+0000] {processor.py:208} INFO - Processing /home/airflow/.local/lib/python3.12/site-packages/airflow/example_dags/example_branch_day_of_week_operator.py took 0.155 seconds
[2024-10-03T22:27:31.018+0000] {processor.py:186} INFO - Started process (PID=2781) to work on /home/airflow/.local/lib/python3.12/site-packages/airflow/example_dags/example_branch_day_of_week_operator.py
[2024-10-03T22:27:31.020+0000] {processor.py:914} INFO - Processing file /home/airflow/.local/lib/python3.12/site-packages/airflow/example_dags/example_branch_day_of_week_operator.py for tasks to queue
[2024-10-03T22:27:31.023+0000] {logging_mixin.py:190} INFO - [2024-10-03T22:27:31.022+0000] {dagbag.py:587} INFO - Filling up the DagBag from /home/airflow/.local/lib/python3.12/site-packages/airflow/example_dags/example_branch_day_of_week_operator.py
[2024-10-03T22:27:31.038+0000] {processor.py:925} INFO - DAG(s) 'example_weekday_branch_operator' retrieved from /home/airflow/.local/lib/python3.12/site-packages/airflow/example_dags/example_branch_day_of_week_operator.py
[2024-10-03T22:27:31.070+0000] {logging_mixin.py:190} INFO - [2024-10-03T22:27:31.070+0000] {dag.py:3229} INFO - Sync 1 DAGs
[2024-10-03T22:27:31.103+0000] {logging_mixin.py:190} INFO - [2024-10-03T22:27:31.102+0000] {dag.py:4156} INFO - Setting next_dagrun for example_weekday_branch_operator to 2024-10-02 00:00:00+00:00, run_after=2024-10-03 00:00:00+00:00
[2024-10-03T22:27:31.137+0000] {processor.py:208} INFO - Processing /home/airflow/.local/lib/python3.12/site-packages/airflow/example_dags/example_branch_day_of_week_operator.py took 0.129 seconds
[2024-10-03T22:28:01.636+0000] {processor.py:186} INFO - Started process (PID=2844) to work on /home/airflow/.local/lib/python3.12/site-packages/airflow/example_dags/example_branch_day_of_week_operator.py
[2024-10-03T22:28:01.638+0000] {processor.py:914} INFO - Processing file /home/airflow/.local/lib/python3.12/site-packages/airflow/example_dags/example_branch_day_of_week_operator.py for tasks to queue
[2024-10-03T22:28:01.649+0000] {logging_mixin.py:190} INFO - [2024-10-03T22:28:01.649+0000] {dagbag.py:587} INFO - Filling up the DagBag from /home/airflow/.local/lib/python3.12/site-packages/airflow/example_dags/example_branch_day_of_week_operator.py
[2024-10-03T22:28:01.669+0000] {processor.py:925} INFO - DAG(s) 'example_weekday_branch_operator' retrieved from /home/airflow/.local/lib/python3.12/site-packages/airflow/example_dags/example_branch_day_of_week_operator.py
[2024-10-03T22:28:01.716+0000] {logging_mixin.py:190} INFO - [2024-10-03T22:28:01.715+0000] {dag.py:3229} INFO - Sync 1 DAGs
[2024-10-03T22:28:01.792+0000] {logging_mixin.py:190} INFO - [2024-10-03T22:28:01.792+0000] {dag.py:4156} INFO - Setting next_dagrun for example_weekday_branch_operator to 2024-10-02 00:00:00+00:00, run_after=2024-10-03 00:00:00+00:00
[2024-10-03T22:28:01.857+0000] {processor.py:208} INFO - Processing /home/airflow/.local/lib/python3.12/site-packages/airflow/example_dags/example_branch_day_of_week_operator.py took 0.237 seconds
[2024-10-03T22:28:32.430+0000] {processor.py:186} INFO - Started process (PID=2907) to work on /home/airflow/.local/lib/python3.12/site-packages/airflow/example_dags/example_branch_day_of_week_operator.py
[2024-10-03T22:28:32.431+0000] {processor.py:914} INFO - Processing file /home/airflow/.local/lib/python3.12/site-packages/airflow/example_dags/example_branch_day_of_week_operator.py for tasks to queue
[2024-10-03T22:28:32.435+0000] {logging_mixin.py:190} INFO - [2024-10-03T22:28:32.434+0000] {dagbag.py:587} INFO - Filling up the DagBag from /home/airflow/.local/lib/python3.12/site-packages/airflow/example_dags/example_branch_day_of_week_operator.py
[2024-10-03T22:28:32.452+0000] {processor.py:925} INFO - DAG(s) 'example_weekday_branch_operator' retrieved from /home/airflow/.local/lib/python3.12/site-packages/airflow/example_dags/example_branch_day_of_week_operator.py
[2024-10-03T22:28:32.491+0000] {logging_mixin.py:190} INFO - [2024-10-03T22:28:32.490+0000] {dag.py:3229} INFO - Sync 1 DAGs
[2024-10-03T22:28:32.531+0000] {logging_mixin.py:190} INFO - [2024-10-03T22:28:32.530+0000] {dag.py:4156} INFO - Setting next_dagrun for example_weekday_branch_operator to 2024-10-02 00:00:00+00:00, run_after=2024-10-03 00:00:00+00:00
[2024-10-03T22:28:32.572+0000] {processor.py:208} INFO - Processing /home/airflow/.local/lib/python3.12/site-packages/airflow/example_dags/example_branch_day_of_week_operator.py took 0.164 seconds
[2024-10-03T22:29:02.889+0000] {processor.py:186} INFO - Started process (PID=2970) to work on /home/airflow/.local/lib/python3.12/site-packages/airflow/example_dags/example_branch_day_of_week_operator.py
[2024-10-03T22:29:02.890+0000] {processor.py:914} INFO - Processing file /home/airflow/.local/lib/python3.12/site-packages/airflow/example_dags/example_branch_day_of_week_operator.py for tasks to queue
[2024-10-03T22:29:02.893+0000] {logging_mixin.py:190} INFO - [2024-10-03T22:29:02.892+0000] {dagbag.py:587} INFO - Filling up the DagBag from /home/airflow/.local/lib/python3.12/site-packages/airflow/example_dags/example_branch_day_of_week_operator.py
[2024-10-03T22:29:02.905+0000] {processor.py:925} INFO - DAG(s) 'example_weekday_branch_operator' retrieved from /home/airflow/.local/lib/python3.12/site-packages/airflow/example_dags/example_branch_day_of_week_operator.py
[2024-10-03T22:29:02.929+0000] {logging_mixin.py:190} INFO - [2024-10-03T22:29:02.929+0000] {dag.py:3229} INFO - Sync 1 DAGs
[2024-10-03T22:29:02.960+0000] {logging_mixin.py:190} INFO - [2024-10-03T22:29:02.960+0000] {dag.py:4156} INFO - Setting next_dagrun for example_weekday_branch_operator to 2024-10-02 00:00:00+00:00, run_after=2024-10-03 00:00:00+00:00
[2024-10-03T22:29:02.985+0000] {processor.py:208} INFO - Processing /home/airflow/.local/lib/python3.12/site-packages/airflow/example_dags/example_branch_day_of_week_operator.py took 0.104 seconds
[2024-10-03T22:29:33.525+0000] {processor.py:186} INFO - Started process (PID=3033) to work on /home/airflow/.local/lib/python3.12/site-packages/airflow/example_dags/example_branch_day_of_week_operator.py
[2024-10-03T22:29:33.526+0000] {processor.py:914} INFO - Processing file /home/airflow/.local/lib/python3.12/site-packages/airflow/example_dags/example_branch_day_of_week_operator.py for tasks to queue
[2024-10-03T22:29:33.530+0000] {logging_mixin.py:190} INFO - [2024-10-03T22:29:33.530+0000] {dagbag.py:587} INFO - Filling up the DagBag from /home/airflow/.local/lib/python3.12/site-packages/airflow/example_dags/example_branch_day_of_week_operator.py
[2024-10-03T22:29:33.545+0000] {processor.py:925} INFO - DAG(s) 'example_weekday_branch_operator' retrieved from /home/airflow/.local/lib/python3.12/site-packages/airflow/example_dags/example_branch_day_of_week_operator.py
[2024-10-03T22:29:33.577+0000] {logging_mixin.py:190} INFO - [2024-10-03T22:29:33.577+0000] {dag.py:3229} INFO - Sync 1 DAGs
[2024-10-03T22:29:33.615+0000] {logging_mixin.py:190} INFO - [2024-10-03T22:29:33.614+0000] {dag.py:4156} INFO - Setting next_dagrun for example_weekday_branch_operator to 2024-10-02 00:00:00+00:00, run_after=2024-10-03 00:00:00+00:00
[2024-10-03T22:29:33.648+0000] {processor.py:208} INFO - Processing /home/airflow/.local/lib/python3.12/site-packages/airflow/example_dags/example_branch_day_of_week_operator.py took 0.131 seconds
[2024-10-03T22:30:03.723+0000] {processor.py:186} INFO - Started process (PID=3096) to work on /home/airflow/.local/lib/python3.12/site-packages/airflow/example_dags/example_branch_day_of_week_operator.py
[2024-10-03T22:30:03.725+0000] {processor.py:914} INFO - Processing file /home/airflow/.local/lib/python3.12/site-packages/airflow/example_dags/example_branch_day_of_week_operator.py for tasks to queue
[2024-10-03T22:30:03.728+0000] {logging_mixin.py:190} INFO - [2024-10-03T22:30:03.728+0000] {dagbag.py:587} INFO - Filling up the DagBag from /home/airflow/.local/lib/python3.12/site-packages/airflow/example_dags/example_branch_day_of_week_operator.py
[2024-10-03T22:30:03.741+0000] {processor.py:925} INFO - DAG(s) 'example_weekday_branch_operator' retrieved from /home/airflow/.local/lib/python3.12/site-packages/airflow/example_dags/example_branch_day_of_week_operator.py
[2024-10-03T22:30:03.768+0000] {logging_mixin.py:190} INFO - [2024-10-03T22:30:03.768+0000] {dag.py:3229} INFO - Sync 1 DAGs
[2024-10-03T22:30:03.806+0000] {logging_mixin.py:190} INFO - [2024-10-03T22:30:03.805+0000] {dag.py:4156} INFO - Setting next_dagrun for example_weekday_branch_operator to 2024-10-02 00:00:00+00:00, run_after=2024-10-03 00:00:00+00:00
[2024-10-03T22:30:03.838+0000] {processor.py:208} INFO - Processing /home/airflow/.local/lib/python3.12/site-packages/airflow/example_dags/example_branch_day_of_week_operator.py took 0.123 seconds
[2024-10-03T22:30:33.907+0000] {processor.py:186} INFO - Started process (PID=3158) to work on /home/airflow/.local/lib/python3.12/site-packages/airflow/example_dags/example_branch_day_of_week_operator.py
[2024-10-03T22:30:33.909+0000] {processor.py:914} INFO - Processing file /home/airflow/.local/lib/python3.12/site-packages/airflow/example_dags/example_branch_day_of_week_operator.py for tasks to queue
[2024-10-03T22:30:33.912+0000] {logging_mixin.py:190} INFO - [2024-10-03T22:30:33.911+0000] {dagbag.py:587} INFO - Filling up the DagBag from /home/airflow/.local/lib/python3.12/site-packages/airflow/example_dags/example_branch_day_of_week_operator.py
[2024-10-03T22:30:33.926+0000] {processor.py:925} INFO - DAG(s) 'example_weekday_branch_operator' retrieved from /home/airflow/.local/lib/python3.12/site-packages/airflow/example_dags/example_branch_day_of_week_operator.py
[2024-10-03T22:30:33.958+0000] {logging_mixin.py:190} INFO - [2024-10-03T22:30:33.958+0000] {dag.py:3229} INFO - Sync 1 DAGs
[2024-10-03T22:30:34.198+0000] {logging_mixin.py:190} INFO - [2024-10-03T22:30:34.197+0000] {dag.py:4156} INFO - Setting next_dagrun for example_weekday_branch_operator to 2024-10-02 00:00:00+00:00, run_after=2024-10-03 00:00:00+00:00
[2024-10-03T22:30:34.251+0000] {processor.py:208} INFO - Processing /home/airflow/.local/lib/python3.12/site-packages/airflow/example_dags/example_branch_day_of_week_operator.py took 0.353 seconds
[2024-10-03T22:31:04.939+0000] {processor.py:186} INFO - Started process (PID=3221) to work on /home/airflow/.local/lib/python3.12/site-packages/airflow/example_dags/example_branch_day_of_week_operator.py
[2024-10-03T22:31:04.940+0000] {processor.py:914} INFO - Processing file /home/airflow/.local/lib/python3.12/site-packages/airflow/example_dags/example_branch_day_of_week_operator.py for tasks to queue
[2024-10-03T22:31:04.944+0000] {logging_mixin.py:190} INFO - [2024-10-03T22:31:04.944+0000] {dagbag.py:587} INFO - Filling up the DagBag from /home/airflow/.local/lib/python3.12/site-packages/airflow/example_dags/example_branch_day_of_week_operator.py
[2024-10-03T22:31:04.958+0000] {processor.py:925} INFO - DAG(s) 'example_weekday_branch_operator' retrieved from /home/airflow/.local/lib/python3.12/site-packages/airflow/example_dags/example_branch_day_of_week_operator.py
[2024-10-03T22:31:05.136+0000] {logging_mixin.py:190} INFO - [2024-10-03T22:31:05.136+0000] {dag.py:3229} INFO - Sync 1 DAGs
[2024-10-03T22:31:05.161+0000] {logging_mixin.py:190} INFO - [2024-10-03T22:31:05.161+0000] {dag.py:4156} INFO - Setting next_dagrun for example_weekday_branch_operator to 2024-10-02 00:00:00+00:00, run_after=2024-10-03 00:00:00+00:00
[2024-10-03T22:31:05.189+0000] {processor.py:208} INFO - Processing /home/airflow/.local/lib/python3.12/site-packages/airflow/example_dags/example_branch_day_of_week_operator.py took 0.258 seconds
[2024-10-03T22:31:35.444+0000] {processor.py:186} INFO - Started process (PID=3284) to work on /home/airflow/.local/lib/python3.12/site-packages/airflow/example_dags/example_branch_day_of_week_operator.py
[2024-10-03T22:31:35.446+0000] {processor.py:914} INFO - Processing file /home/airflow/.local/lib/python3.12/site-packages/airflow/example_dags/example_branch_day_of_week_operator.py for tasks to queue
[2024-10-03T22:31:35.450+0000] {logging_mixin.py:190} INFO - [2024-10-03T22:31:35.449+0000] {dagbag.py:587} INFO - Filling up the DagBag from /home/airflow/.local/lib/python3.12/site-packages/airflow/example_dags/example_branch_day_of_week_operator.py
[2024-10-03T22:31:35.463+0000] {processor.py:925} INFO - DAG(s) 'example_weekday_branch_operator' retrieved from /home/airflow/.local/lib/python3.12/site-packages/airflow/example_dags/example_branch_day_of_week_operator.py
[2024-10-03T22:31:35.490+0000] {logging_mixin.py:190} INFO - [2024-10-03T22:31:35.489+0000] {dag.py:3229} INFO - Sync 1 DAGs
[2024-10-03T22:31:35.525+0000] {logging_mixin.py:190} INFO - [2024-10-03T22:31:35.524+0000] {dag.py:4156} INFO - Setting next_dagrun for example_weekday_branch_operator to 2024-10-02 00:00:00+00:00, run_after=2024-10-03 00:00:00+00:00
[2024-10-03T22:31:35.572+0000] {processor.py:208} INFO - Processing /home/airflow/.local/lib/python3.12/site-packages/airflow/example_dags/example_branch_day_of_week_operator.py took 0.139 seconds
[2024-10-03T22:32:06.038+0000] {processor.py:186} INFO - Started process (PID=3347) to work on /home/airflow/.local/lib/python3.12/site-packages/airflow/example_dags/example_branch_day_of_week_operator.py
[2024-10-03T22:32:06.040+0000] {processor.py:914} INFO - Processing file /home/airflow/.local/lib/python3.12/site-packages/airflow/example_dags/example_branch_day_of_week_operator.py for tasks to queue
[2024-10-03T22:32:06.044+0000] {logging_mixin.py:190} INFO - [2024-10-03T22:32:06.044+0000] {dagbag.py:587} INFO - Filling up the DagBag from /home/airflow/.local/lib/python3.12/site-packages/airflow/example_dags/example_branch_day_of_week_operator.py
[2024-10-03T22:32:06.070+0000] {processor.py:925} INFO - DAG(s) 'example_weekday_branch_operator' retrieved from /home/airflow/.local/lib/python3.12/site-packages/airflow/example_dags/example_branch_day_of_week_operator.py
[2024-10-03T22:32:06.119+0000] {logging_mixin.py:190} INFO - [2024-10-03T22:32:06.118+0000] {dag.py:3229} INFO - Sync 1 DAGs
[2024-10-03T22:32:06.175+0000] {logging_mixin.py:190} INFO - [2024-10-03T22:32:06.174+0000] {dag.py:4156} INFO - Setting next_dagrun for example_weekday_branch_operator to 2024-10-02 00:00:00+00:00, run_after=2024-10-03 00:00:00+00:00
[2024-10-03T22:32:06.216+0000] {processor.py:208} INFO - Processing /home/airflow/.local/lib/python3.12/site-packages/airflow/example_dags/example_branch_day_of_week_operator.py took 0.189 seconds
[2024-10-03T22:32:36.753+0000] {processor.py:186} INFO - Started process (PID=3410) to work on /home/airflow/.local/lib/python3.12/site-packages/airflow/example_dags/example_branch_day_of_week_operator.py
[2024-10-03T22:32:36.754+0000] {processor.py:914} INFO - Processing file /home/airflow/.local/lib/python3.12/site-packages/airflow/example_dags/example_branch_day_of_week_operator.py for tasks to queue
[2024-10-03T22:32:36.758+0000] {logging_mixin.py:190} INFO - [2024-10-03T22:32:36.757+0000] {dagbag.py:587} INFO - Filling up the DagBag from /home/airflow/.local/lib/python3.12/site-packages/airflow/example_dags/example_branch_day_of_week_operator.py
[2024-10-03T22:32:36.773+0000] {processor.py:925} INFO - DAG(s) 'example_weekday_branch_operator' retrieved from /home/airflow/.local/lib/python3.12/site-packages/airflow/example_dags/example_branch_day_of_week_operator.py
[2024-10-03T22:32:36.800+0000] {logging_mixin.py:190} INFO - [2024-10-03T22:32:36.800+0000] {dag.py:3229} INFO - Sync 1 DAGs
[2024-10-03T22:32:36.833+0000] {logging_mixin.py:190} INFO - [2024-10-03T22:32:36.833+0000] {dag.py:4156} INFO - Setting next_dagrun for example_weekday_branch_operator to 2024-10-02 00:00:00+00:00, run_after=2024-10-03 00:00:00+00:00
[2024-10-03T22:32:36.855+0000] {processor.py:208} INFO - Processing /home/airflow/.local/lib/python3.12/site-packages/airflow/example_dags/example_branch_day_of_week_operator.py took 0.109 seconds
[2024-10-03T22:33:07.729+0000] {processor.py:186} INFO - Started process (PID=3473) to work on /home/airflow/.local/lib/python3.12/site-packages/airflow/example_dags/example_branch_day_of_week_operator.py
[2024-10-03T22:33:07.730+0000] {processor.py:914} INFO - Processing file /home/airflow/.local/lib/python3.12/site-packages/airflow/example_dags/example_branch_day_of_week_operator.py for tasks to queue
[2024-10-03T22:33:07.733+0000] {logging_mixin.py:190} INFO - [2024-10-03T22:33:07.732+0000] {dagbag.py:587} INFO - Filling up the DagBag from /home/airflow/.local/lib/python3.12/site-packages/airflow/example_dags/example_branch_day_of_week_operator.py
[2024-10-03T22:33:07.745+0000] {processor.py:925} INFO - DAG(s) 'example_weekday_branch_operator' retrieved from /home/airflow/.local/lib/python3.12/site-packages/airflow/example_dags/example_branch_day_of_week_operator.py
[2024-10-03T22:33:07.770+0000] {logging_mixin.py:190} INFO - [2024-10-03T22:33:07.770+0000] {dag.py:3229} INFO - Sync 1 DAGs
[2024-10-03T22:33:07.807+0000] {logging_mixin.py:190} INFO - [2024-10-03T22:33:07.807+0000] {dag.py:4156} INFO - Setting next_dagrun for example_weekday_branch_operator to 2024-10-02 00:00:00+00:00, run_after=2024-10-03 00:00:00+00:00
[2024-10-03T22:33:07.837+0000] {processor.py:208} INFO - Processing /home/airflow/.local/lib/python3.12/site-packages/airflow/example_dags/example_branch_day_of_week_operator.py took 0.116 seconds
[2024-10-03T22:33:37.937+0000] {processor.py:186} INFO - Started process (PID=3536) to work on /home/airflow/.local/lib/python3.12/site-packages/airflow/example_dags/example_branch_day_of_week_operator.py
[2024-10-03T22:33:37.939+0000] {processor.py:914} INFO - Processing file /home/airflow/.local/lib/python3.12/site-packages/airflow/example_dags/example_branch_day_of_week_operator.py for tasks to queue
[2024-10-03T22:33:37.943+0000] {logging_mixin.py:190} INFO - [2024-10-03T22:33:37.942+0000] {dagbag.py:587} INFO - Filling up the DagBag from /home/airflow/.local/lib/python3.12/site-packages/airflow/example_dags/example_branch_day_of_week_operator.py
[2024-10-03T22:33:37.959+0000] {processor.py:925} INFO - DAG(s) 'example_weekday_branch_operator' retrieved from /home/airflow/.local/lib/python3.12/site-packages/airflow/example_dags/example_branch_day_of_week_operator.py
[2024-10-03T22:33:37.983+0000] {logging_mixin.py:190} INFO - [2024-10-03T22:33:37.982+0000] {dag.py:3229} INFO - Sync 1 DAGs
[2024-10-03T22:33:38.015+0000] {logging_mixin.py:190} INFO - [2024-10-03T22:33:38.014+0000] {dag.py:4156} INFO - Setting next_dagrun for example_weekday_branch_operator to 2024-10-02 00:00:00+00:00, run_after=2024-10-03 00:00:00+00:00
[2024-10-03T22:33:38.042+0000] {processor.py:208} INFO - Processing /home/airflow/.local/lib/python3.12/site-packages/airflow/example_dags/example_branch_day_of_week_operator.py took 0.113 seconds
[2024-10-03T22:34:08.287+0000] {processor.py:186} INFO - Started process (PID=3598) to work on /home/airflow/.local/lib/python3.12/site-packages/airflow/example_dags/example_branch_day_of_week_operator.py
[2024-10-03T22:34:08.288+0000] {processor.py:914} INFO - Processing file /home/airflow/.local/lib/python3.12/site-packages/airflow/example_dags/example_branch_day_of_week_operator.py for tasks to queue
[2024-10-03T22:34:08.291+0000] {logging_mixin.py:190} INFO - [2024-10-03T22:34:08.290+0000] {dagbag.py:587} INFO - Filling up the DagBag from /home/airflow/.local/lib/python3.12/site-packages/airflow/example_dags/example_branch_day_of_week_operator.py
[2024-10-03T22:34:08.301+0000] {processor.py:925} INFO - DAG(s) 'example_weekday_branch_operator' retrieved from /home/airflow/.local/lib/python3.12/site-packages/airflow/example_dags/example_branch_day_of_week_operator.py
[2024-10-03T22:34:08.325+0000] {logging_mixin.py:190} INFO - [2024-10-03T22:34:08.325+0000] {dag.py:3229} INFO - Sync 1 DAGs
[2024-10-03T22:34:08.357+0000] {logging_mixin.py:190} INFO - [2024-10-03T22:34:08.357+0000] {dag.py:4156} INFO - Setting next_dagrun for example_weekday_branch_operator to 2024-10-02 00:00:00+00:00, run_after=2024-10-03 00:00:00+00:00
[2024-10-03T22:34:08.395+0000] {processor.py:208} INFO - Processing /home/airflow/.local/lib/python3.12/site-packages/airflow/example_dags/example_branch_day_of_week_operator.py took 0.114 seconds
[2024-10-03T22:34:39.233+0000] {processor.py:186} INFO - Started process (PID=3662) to work on /home/airflow/.local/lib/python3.12/site-packages/airflow/example_dags/example_branch_day_of_week_operator.py
[2024-10-03T22:34:39.234+0000] {processor.py:914} INFO - Processing file /home/airflow/.local/lib/python3.12/site-packages/airflow/example_dags/example_branch_day_of_week_operator.py for tasks to queue
[2024-10-03T22:34:39.238+0000] {logging_mixin.py:190} INFO - [2024-10-03T22:34:39.238+0000] {dagbag.py:587} INFO - Filling up the DagBag from /home/airflow/.local/lib/python3.12/site-packages/airflow/example_dags/example_branch_day_of_week_operator.py
[2024-10-03T22:34:39.253+0000] {processor.py:925} INFO - DAG(s) 'example_weekday_branch_operator' retrieved from /home/airflow/.local/lib/python3.12/site-packages/airflow/example_dags/example_branch_day_of_week_operator.py
[2024-10-03T22:34:39.279+0000] {logging_mixin.py:190} INFO - [2024-10-03T22:34:39.279+0000] {dag.py:3229} INFO - Sync 1 DAGs
[2024-10-03T22:34:39.310+0000] {logging_mixin.py:190} INFO - [2024-10-03T22:34:39.310+0000] {dag.py:4156} INFO - Setting next_dagrun for example_weekday_branch_operator to 2024-10-02 00:00:00+00:00, run_after=2024-10-03 00:00:00+00:00
[2024-10-03T22:34:39.341+0000] {processor.py:208} INFO - Processing /home/airflow/.local/lib/python3.12/site-packages/airflow/example_dags/example_branch_day_of_week_operator.py took 0.115 seconds
[2024-10-03T22:35:09.406+0000] {processor.py:186} INFO - Started process (PID=3725) to work on /home/airflow/.local/lib/python3.12/site-packages/airflow/example_dags/example_branch_day_of_week_operator.py
[2024-10-03T22:35:09.407+0000] {processor.py:914} INFO - Processing file /home/airflow/.local/lib/python3.12/site-packages/airflow/example_dags/example_branch_day_of_week_operator.py for tasks to queue
[2024-10-03T22:35:09.411+0000] {logging_mixin.py:190} INFO - [2024-10-03T22:35:09.410+0000] {dagbag.py:587} INFO - Filling up the DagBag from /home/airflow/.local/lib/python3.12/site-packages/airflow/example_dags/example_branch_day_of_week_operator.py
[2024-10-03T22:35:09.423+0000] {processor.py:925} INFO - DAG(s) 'example_weekday_branch_operator' retrieved from /home/airflow/.local/lib/python3.12/site-packages/airflow/example_dags/example_branch_day_of_week_operator.py
[2024-10-03T22:35:09.455+0000] {logging_mixin.py:190} INFO - [2024-10-03T22:35:09.454+0000] {dag.py:3229} INFO - Sync 1 DAGs
[2024-10-03T22:35:09.491+0000] {logging_mixin.py:190} INFO - [2024-10-03T22:35:09.490+0000] {dag.py:4156} INFO - Setting next_dagrun for example_weekday_branch_operator to 2024-10-02 00:00:00+00:00, run_after=2024-10-03 00:00:00+00:00
[2024-10-03T22:35:09.517+0000] {processor.py:208} INFO - Processing /home/airflow/.local/lib/python3.12/site-packages/airflow/example_dags/example_branch_day_of_week_operator.py took 0.118 seconds
