[2024-10-03T22:05:36.840+0000] {processor.py:186} INFO - Started process (PID=84) to work on /home/airflow/.local/lib/python3.12/site-packages/airflow/example_dags/example_xcomargs.py
[2024-10-03T22:05:36.848+0000] {processor.py:914} INFO - Processing file /home/airflow/.local/lib/python3.12/site-packages/airflow/example_dags/example_xcomargs.py for tasks to queue
[2024-10-03T22:05:36.861+0000] {logging_mixin.py:190} INFO - [2024-10-03T22:05:36.861+0000] {dagbag.py:587} INFO - Filling up the DagBag from /home/airflow/.local/lib/python3.12/site-packages/airflow/example_dags/example_xcomargs.py
[2024-10-03T22:05:36.985+0000] {processor.py:925} INFO - DAG(s) 'example_xcom_args_with_operators', 'example_xcom_args' retrieved from /home/airflow/.local/lib/python3.12/site-packages/airflow/example_dags/example_xcomargs.py
[2024-10-03T22:05:37.186+0000] {logging_mixin.py:190} INFO - [2024-10-03T22:05:37.186+0000] {dag.py:3229} INFO - Sync 2 DAGs
[2024-10-03T22:05:37.270+0000] {logging_mixin.py:190} INFO - [2024-10-03T22:05:37.269+0000] {dag.py:4156} INFO - Setting next_dagrun for example_xcom_args to None, run_after=None
[2024-10-03T22:05:37.285+0000] {logging_mixin.py:190} INFO - [2024-10-03T22:05:37.285+0000] {dag.py:4156} INFO - Setting next_dagrun for example_xcom_args_with_operators to None, run_after=None
[2024-10-03T22:05:37.368+0000] {processor.py:208} INFO - Processing /home/airflow/.local/lib/python3.12/site-packages/airflow/example_dags/example_xcomargs.py took 0.567 seconds
[2024-10-03T22:06:07.732+0000] {processor.py:186} INFO - Started process (PID=147) to work on /home/airflow/.local/lib/python3.12/site-packages/airflow/example_dags/example_xcomargs.py
[2024-10-03T22:06:07.743+0000] {processor.py:914} INFO - Processing file /home/airflow/.local/lib/python3.12/site-packages/airflow/example_dags/example_xcomargs.py for tasks to queue
[2024-10-03T22:06:07.750+0000] {logging_mixin.py:190} INFO - [2024-10-03T22:06:07.750+0000] {dagbag.py:587} INFO - Filling up the DagBag from /home/airflow/.local/lib/python3.12/site-packages/airflow/example_dags/example_xcomargs.py
[2024-10-03T22:06:07.807+0000] {processor.py:925} INFO - DAG(s) 'example_xcom_args', 'example_xcom_args_with_operators' retrieved from /home/airflow/.local/lib/python3.12/site-packages/airflow/example_dags/example_xcomargs.py
[2024-10-03T22:06:07.931+0000] {logging_mixin.py:190} INFO - [2024-10-03T22:06:07.931+0000] {dag.py:3229} INFO - Sync 2 DAGs
[2024-10-03T22:06:08.009+0000] {logging_mixin.py:190} INFO - [2024-10-03T22:06:08.009+0000] {dag.py:4156} INFO - Setting next_dagrun for example_xcom_args to None, run_after=None
[2024-10-03T22:06:08.027+0000] {logging_mixin.py:190} INFO - [2024-10-03T22:06:08.026+0000] {dag.py:4156} INFO - Setting next_dagrun for example_xcom_args_with_operators to None, run_after=None
[2024-10-03T22:06:08.104+0000] {processor.py:208} INFO - Processing /home/airflow/.local/lib/python3.12/site-packages/airflow/example_dags/example_xcomargs.py took 0.394 seconds
[2024-10-03T22:06:39.497+0000] {processor.py:186} INFO - Started process (PID=210) to work on /home/airflow/.local/lib/python3.12/site-packages/airflow/example_dags/example_xcomargs.py
[2024-10-03T22:06:39.498+0000] {processor.py:914} INFO - Processing file /home/airflow/.local/lib/python3.12/site-packages/airflow/example_dags/example_xcomargs.py for tasks to queue
[2024-10-03T22:06:39.513+0000] {logging_mixin.py:190} INFO - [2024-10-03T22:06:39.502+0000] {dagbag.py:587} INFO - Filling up the DagBag from /home/airflow/.local/lib/python3.12/site-packages/airflow/example_dags/example_xcomargs.py
[2024-10-03T22:06:39.562+0000] {processor.py:925} INFO - DAG(s) 'example_xcom_args_with_operators', 'example_xcom_args' retrieved from /home/airflow/.local/lib/python3.12/site-packages/airflow/example_dags/example_xcomargs.py
[2024-10-03T22:06:39.671+0000] {logging_mixin.py:190} INFO - [2024-10-03T22:06:39.670+0000] {dag.py:3229} INFO - Sync 2 DAGs
[2024-10-03T22:06:39.746+0000] {logging_mixin.py:190} INFO - [2024-10-03T22:06:39.746+0000] {dag.py:4156} INFO - Setting next_dagrun for example_xcom_args to None, run_after=None
[2024-10-03T22:06:39.765+0000] {logging_mixin.py:190} INFO - [2024-10-03T22:06:39.764+0000] {dag.py:4156} INFO - Setting next_dagrun for example_xcom_args_with_operators to None, run_after=None
[2024-10-03T22:06:39.881+0000] {processor.py:208} INFO - Processing /home/airflow/.local/lib/python3.12/site-packages/airflow/example_dags/example_xcomargs.py took 0.416 seconds
[2024-10-03T22:07:12.815+0000] {processor.py:186} INFO - Started process (PID=273) to work on /home/airflow/.local/lib/python3.12/site-packages/airflow/example_dags/example_xcomargs.py
[2024-10-03T22:07:12.816+0000] {processor.py:914} INFO - Processing file /home/airflow/.local/lib/python3.12/site-packages/airflow/example_dags/example_xcomargs.py for tasks to queue
[2024-10-03T22:07:12.830+0000] {logging_mixin.py:190} INFO - [2024-10-03T22:07:12.830+0000] {dagbag.py:587} INFO - Filling up the DagBag from /home/airflow/.local/lib/python3.12/site-packages/airflow/example_dags/example_xcomargs.py
[2024-10-03T22:07:12.878+0000] {processor.py:925} INFO - DAG(s) 'example_xcom_args', 'example_xcom_args_with_operators' retrieved from /home/airflow/.local/lib/python3.12/site-packages/airflow/example_dags/example_xcomargs.py
[2024-10-03T22:07:12.993+0000] {logging_mixin.py:190} INFO - [2024-10-03T22:07:12.993+0000] {dag.py:3229} INFO - Sync 2 DAGs
[2024-10-03T22:07:13.086+0000] {logging_mixin.py:190} INFO - [2024-10-03T22:07:13.086+0000] {dag.py:4156} INFO - Setting next_dagrun for example_xcom_args to None, run_after=None
[2024-10-03T22:07:13.107+0000] {logging_mixin.py:190} INFO - [2024-10-03T22:07:13.106+0000] {dag.py:4156} INFO - Setting next_dagrun for example_xcom_args_with_operators to None, run_after=None
[2024-10-03T22:07:13.197+0000] {processor.py:208} INFO - Processing /home/airflow/.local/lib/python3.12/site-packages/airflow/example_dags/example_xcomargs.py took 0.414 seconds
[2024-10-03T22:07:44.504+0000] {processor.py:186} INFO - Started process (PID=343) to work on /home/airflow/.local/lib/python3.12/site-packages/airflow/example_dags/example_xcomargs.py
[2024-10-03T22:07:44.517+0000] {processor.py:914} INFO - Processing file /home/airflow/.local/lib/python3.12/site-packages/airflow/example_dags/example_xcomargs.py for tasks to queue
[2024-10-03T22:07:44.536+0000] {logging_mixin.py:190} INFO - [2024-10-03T22:07:44.536+0000] {dagbag.py:587} INFO - Filling up the DagBag from /home/airflow/.local/lib/python3.12/site-packages/airflow/example_dags/example_xcomargs.py
[2024-10-03T22:07:44.611+0000] {processor.py:925} INFO - DAG(s) 'example_xcom_args_with_operators', 'example_xcom_args' retrieved from /home/airflow/.local/lib/python3.12/site-packages/airflow/example_dags/example_xcomargs.py
[2024-10-03T22:07:44.774+0000] {logging_mixin.py:190} INFO - [2024-10-03T22:07:44.772+0000] {dag.py:3229} INFO - Sync 2 DAGs
[2024-10-03T22:07:44.868+0000] {logging_mixin.py:190} INFO - [2024-10-03T22:07:44.867+0000] {dag.py:4156} INFO - Setting next_dagrun for example_xcom_args to None, run_after=None
[2024-10-03T22:07:44.902+0000] {logging_mixin.py:190} INFO - [2024-10-03T22:07:44.901+0000] {dag.py:4156} INFO - Setting next_dagrun for example_xcom_args_with_operators to None, run_after=None
[2024-10-03T22:07:45.018+0000] {processor.py:208} INFO - Processing /home/airflow/.local/lib/python3.12/site-packages/airflow/example_dags/example_xcomargs.py took 0.534 seconds
[2024-10-03T22:08:16.000+0000] {processor.py:186} INFO - Started process (PID=406) to work on /home/airflow/.local/lib/python3.12/site-packages/airflow/example_dags/example_xcomargs.py
[2024-10-03T22:08:16.002+0000] {processor.py:914} INFO - Processing file /home/airflow/.local/lib/python3.12/site-packages/airflow/example_dags/example_xcomargs.py for tasks to queue
[2024-10-03T22:08:16.014+0000] {logging_mixin.py:190} INFO - [2024-10-03T22:08:16.005+0000] {dagbag.py:587} INFO - Filling up the DagBag from /home/airflow/.local/lib/python3.12/site-packages/airflow/example_dags/example_xcomargs.py
[2024-10-03T22:08:16.050+0000] {processor.py:925} INFO - DAG(s) 'example_xcom_args', 'example_xcom_args_with_operators' retrieved from /home/airflow/.local/lib/python3.12/site-packages/airflow/example_dags/example_xcomargs.py
[2024-10-03T22:08:16.144+0000] {logging_mixin.py:190} INFO - [2024-10-03T22:08:16.136+0000] {dag.py:3229} INFO - Sync 2 DAGs
[2024-10-03T22:08:16.228+0000] {logging_mixin.py:190} INFO - [2024-10-03T22:08:16.227+0000] {dag.py:4156} INFO - Setting next_dagrun for example_xcom_args to None, run_after=None
[2024-10-03T22:08:16.246+0000] {logging_mixin.py:190} INFO - [2024-10-03T22:08:16.237+0000] {dag.py:4156} INFO - Setting next_dagrun for example_xcom_args_with_operators to None, run_after=None
[2024-10-03T22:08:16.315+0000] {processor.py:208} INFO - Processing /home/airflow/.local/lib/python3.12/site-packages/airflow/example_dags/example_xcomargs.py took 0.361 seconds
[2024-10-03T22:08:47.319+0000] {processor.py:186} INFO - Started process (PID=469) to work on /home/airflow/.local/lib/python3.12/site-packages/airflow/example_dags/example_xcomargs.py
[2024-10-03T22:08:47.320+0000] {processor.py:914} INFO - Processing file /home/airflow/.local/lib/python3.12/site-packages/airflow/example_dags/example_xcomargs.py for tasks to queue
[2024-10-03T22:08:47.323+0000] {logging_mixin.py:190} INFO - [2024-10-03T22:08:47.322+0000] {dagbag.py:587} INFO - Filling up the DagBag from /home/airflow/.local/lib/python3.12/site-packages/airflow/example_dags/example_xcomargs.py
[2024-10-03T22:08:47.339+0000] {processor.py:925} INFO - DAG(s) 'example_xcom_args_with_operators', 'example_xcom_args' retrieved from /home/airflow/.local/lib/python3.12/site-packages/airflow/example_dags/example_xcomargs.py
[2024-10-03T22:08:47.375+0000] {logging_mixin.py:190} INFO - [2024-10-03T22:08:47.375+0000] {dag.py:3229} INFO - Sync 2 DAGs
[2024-10-03T22:08:47.397+0000] {logging_mixin.py:190} INFO - [2024-10-03T22:08:47.397+0000] {dag.py:4156} INFO - Setting next_dagrun for example_xcom_args to None, run_after=None
[2024-10-03T22:08:47.403+0000] {logging_mixin.py:190} INFO - [2024-10-03T22:08:47.403+0000] {dag.py:4156} INFO - Setting next_dagrun for example_xcom_args_with_operators to None, run_after=None
[2024-10-03T22:08:47.431+0000] {processor.py:208} INFO - Processing /home/airflow/.local/lib/python3.12/site-packages/airflow/example_dags/example_xcomargs.py took 0.121 seconds
[2024-10-03T22:09:17.594+0000] {processor.py:186} INFO - Started process (PID=532) to work on /home/airflow/.local/lib/python3.12/site-packages/airflow/example_dags/example_xcomargs.py
[2024-10-03T22:09:17.596+0000] {processor.py:914} INFO - Processing file /home/airflow/.local/lib/python3.12/site-packages/airflow/example_dags/example_xcomargs.py for tasks to queue
[2024-10-03T22:09:17.601+0000] {logging_mixin.py:190} INFO - [2024-10-03T22:09:17.600+0000] {dagbag.py:587} INFO - Filling up the DagBag from /home/airflow/.local/lib/python3.12/site-packages/airflow/example_dags/example_xcomargs.py
[2024-10-03T22:09:17.618+0000] {processor.py:925} INFO - DAG(s) 'example_xcom_args_with_operators', 'example_xcom_args' retrieved from /home/airflow/.local/lib/python3.12/site-packages/airflow/example_dags/example_xcomargs.py
[2024-10-03T22:09:17.655+0000] {logging_mixin.py:190} INFO - [2024-10-03T22:09:17.655+0000] {dag.py:3229} INFO - Sync 2 DAGs
[2024-10-03T22:09:17.683+0000] {logging_mixin.py:190} INFO - [2024-10-03T22:09:17.683+0000] {dag.py:4156} INFO - Setting next_dagrun for example_xcom_args to None, run_after=None
[2024-10-03T22:09:17.690+0000] {logging_mixin.py:190} INFO - [2024-10-03T22:09:17.689+0000] {dag.py:4156} INFO - Setting next_dagrun for example_xcom_args_with_operators to None, run_after=None
[2024-10-03T22:09:17.719+0000] {processor.py:208} INFO - Processing /home/airflow/.local/lib/python3.12/site-packages/airflow/example_dags/example_xcomargs.py took 0.138 seconds
[2024-10-03T22:09:47.982+0000] {processor.py:186} INFO - Started process (PID=595) to work on /home/airflow/.local/lib/python3.12/site-packages/airflow/example_dags/example_xcomargs.py
[2024-10-03T22:09:47.984+0000] {processor.py:914} INFO - Processing file /home/airflow/.local/lib/python3.12/site-packages/airflow/example_dags/example_xcomargs.py for tasks to queue
[2024-10-03T22:09:47.988+0000] {logging_mixin.py:190} INFO - [2024-10-03T22:09:47.987+0000] {dagbag.py:587} INFO - Filling up the DagBag from /home/airflow/.local/lib/python3.12/site-packages/airflow/example_dags/example_xcomargs.py
[2024-10-03T22:09:48.002+0000] {processor.py:925} INFO - DAG(s) 'example_xcom_args_with_operators', 'example_xcom_args' retrieved from /home/airflow/.local/lib/python3.12/site-packages/airflow/example_dags/example_xcomargs.py
[2024-10-03T22:09:48.047+0000] {logging_mixin.py:190} INFO - [2024-10-03T22:09:48.047+0000] {dag.py:3229} INFO - Sync 2 DAGs
[2024-10-03T22:09:48.073+0000] {logging_mixin.py:190} INFO - [2024-10-03T22:09:48.073+0000] {dag.py:4156} INFO - Setting next_dagrun for example_xcom_args to None, run_after=None
[2024-10-03T22:09:48.079+0000] {logging_mixin.py:190} INFO - [2024-10-03T22:09:48.078+0000] {dag.py:4156} INFO - Setting next_dagrun for example_xcom_args_with_operators to None, run_after=None
[2024-10-03T22:09:48.110+0000] {processor.py:208} INFO - Processing /home/airflow/.local/lib/python3.12/site-packages/airflow/example_dags/example_xcomargs.py took 0.140 seconds
[2024-10-03T22:10:18.465+0000] {processor.py:186} INFO - Started process (PID=658) to work on /home/airflow/.local/lib/python3.12/site-packages/airflow/example_dags/example_xcomargs.py
[2024-10-03T22:10:18.466+0000] {processor.py:914} INFO - Processing file /home/airflow/.local/lib/python3.12/site-packages/airflow/example_dags/example_xcomargs.py for tasks to queue
[2024-10-03T22:10:18.469+0000] {logging_mixin.py:190} INFO - [2024-10-03T22:10:18.469+0000] {dagbag.py:587} INFO - Filling up the DagBag from /home/airflow/.local/lib/python3.12/site-packages/airflow/example_dags/example_xcomargs.py
[2024-10-03T22:10:18.483+0000] {processor.py:925} INFO - DAG(s) 'example_xcom_args', 'example_xcom_args_with_operators' retrieved from /home/airflow/.local/lib/python3.12/site-packages/airflow/example_dags/example_xcomargs.py
[2024-10-03T22:10:18.526+0000] {logging_mixin.py:190} INFO - [2024-10-03T22:10:18.526+0000] {dag.py:3229} INFO - Sync 2 DAGs
[2024-10-03T22:10:18.548+0000] {logging_mixin.py:190} INFO - [2024-10-03T22:10:18.548+0000] {dag.py:4156} INFO - Setting next_dagrun for example_xcom_args to None, run_after=None
[2024-10-03T22:10:18.554+0000] {logging_mixin.py:190} INFO - [2024-10-03T22:10:18.553+0000] {dag.py:4156} INFO - Setting next_dagrun for example_xcom_args_with_operators to None, run_after=None
[2024-10-03T22:10:18.581+0000] {processor.py:208} INFO - Processing /home/airflow/.local/lib/python3.12/site-packages/airflow/example_dags/example_xcomargs.py took 0.125 seconds
[2024-10-03T22:10:49.026+0000] {processor.py:186} INFO - Started process (PID=721) to work on /home/airflow/.local/lib/python3.12/site-packages/airflow/example_dags/example_xcomargs.py
[2024-10-03T22:10:49.027+0000] {processor.py:914} INFO - Processing file /home/airflow/.local/lib/python3.12/site-packages/airflow/example_dags/example_xcomargs.py for tasks to queue
[2024-10-03T22:10:49.030+0000] {logging_mixin.py:190} INFO - [2024-10-03T22:10:49.030+0000] {dagbag.py:587} INFO - Filling up the DagBag from /home/airflow/.local/lib/python3.12/site-packages/airflow/example_dags/example_xcomargs.py
[2024-10-03T22:10:49.042+0000] {processor.py:925} INFO - DAG(s) 'example_xcom_args', 'example_xcom_args_with_operators' retrieved from /home/airflow/.local/lib/python3.12/site-packages/airflow/example_dags/example_xcomargs.py
[2024-10-03T22:10:49.072+0000] {logging_mixin.py:190} INFO - [2024-10-03T22:10:49.072+0000] {dag.py:3229} INFO - Sync 2 DAGs
[2024-10-03T22:10:49.092+0000] {logging_mixin.py:190} INFO - [2024-10-03T22:10:49.092+0000] {dag.py:4156} INFO - Setting next_dagrun for example_xcom_args to None, run_after=None
[2024-10-03T22:10:49.098+0000] {logging_mixin.py:190} INFO - [2024-10-03T22:10:49.098+0000] {dag.py:4156} INFO - Setting next_dagrun for example_xcom_args_with_operators to None, run_after=None
[2024-10-03T22:10:49.120+0000] {processor.py:208} INFO - Processing /home/airflow/.local/lib/python3.12/site-packages/airflow/example_dags/example_xcomargs.py took 0.104 seconds
[2024-10-03T22:11:19.743+0000] {processor.py:186} INFO - Started process (PID=784) to work on /home/airflow/.local/lib/python3.12/site-packages/airflow/example_dags/example_xcomargs.py
[2024-10-03T22:11:19.745+0000] {processor.py:914} INFO - Processing file /home/airflow/.local/lib/python3.12/site-packages/airflow/example_dags/example_xcomargs.py for tasks to queue
[2024-10-03T22:11:19.749+0000] {logging_mixin.py:190} INFO - [2024-10-03T22:11:19.748+0000] {dagbag.py:587} INFO - Filling up the DagBag from /home/airflow/.local/lib/python3.12/site-packages/airflow/example_dags/example_xcomargs.py
[2024-10-03T22:11:19.767+0000] {processor.py:925} INFO - DAG(s) 'example_xcom_args_with_operators', 'example_xcom_args' retrieved from /home/airflow/.local/lib/python3.12/site-packages/airflow/example_dags/example_xcomargs.py
[2024-10-03T22:11:19.807+0000] {logging_mixin.py:190} INFO - [2024-10-03T22:11:19.807+0000] {dag.py:3229} INFO - Sync 2 DAGs
[2024-10-03T22:11:19.835+0000] {logging_mixin.py:190} INFO - [2024-10-03T22:11:19.834+0000] {dag.py:4156} INFO - Setting next_dagrun for example_xcom_args to None, run_after=None
[2024-10-03T22:11:19.842+0000] {logging_mixin.py:190} INFO - [2024-10-03T22:11:19.841+0000] {dag.py:4156} INFO - Setting next_dagrun for example_xcom_args_with_operators to None, run_after=None
[2024-10-03T22:11:19.867+0000] {processor.py:208} INFO - Processing /home/airflow/.local/lib/python3.12/site-packages/airflow/example_dags/example_xcomargs.py took 0.138 seconds
[2024-10-03T22:11:50.321+0000] {processor.py:186} INFO - Started process (PID=847) to work on /home/airflow/.local/lib/python3.12/site-packages/airflow/example_dags/example_xcomargs.py
[2024-10-03T22:11:50.323+0000] {processor.py:914} INFO - Processing file /home/airflow/.local/lib/python3.12/site-packages/airflow/example_dags/example_xcomargs.py for tasks to queue
[2024-10-03T22:11:50.327+0000] {logging_mixin.py:190} INFO - [2024-10-03T22:11:50.326+0000] {dagbag.py:587} INFO - Filling up the DagBag from /home/airflow/.local/lib/python3.12/site-packages/airflow/example_dags/example_xcomargs.py
[2024-10-03T22:11:50.339+0000] {processor.py:925} INFO - DAG(s) 'example_xcom_args_with_operators', 'example_xcom_args' retrieved from /home/airflow/.local/lib/python3.12/site-packages/airflow/example_dags/example_xcomargs.py
[2024-10-03T22:11:50.371+0000] {logging_mixin.py:190} INFO - [2024-10-03T22:11:50.371+0000] {dag.py:3229} INFO - Sync 2 DAGs
[2024-10-03T22:11:50.391+0000] {logging_mixin.py:190} INFO - [2024-10-03T22:11:50.390+0000] {dag.py:4156} INFO - Setting next_dagrun for example_xcom_args to None, run_after=None
[2024-10-03T22:11:50.396+0000] {logging_mixin.py:190} INFO - [2024-10-03T22:11:50.396+0000] {dag.py:4156} INFO - Setting next_dagrun for example_xcom_args_with_operators to None, run_after=None
[2024-10-03T22:11:50.421+0000] {processor.py:208} INFO - Processing /home/airflow/.local/lib/python3.12/site-packages/airflow/example_dags/example_xcomargs.py took 0.107 seconds
[2024-10-03T22:12:20.973+0000] {processor.py:186} INFO - Started process (PID=910) to work on /home/airflow/.local/lib/python3.12/site-packages/airflow/example_dags/example_xcomargs.py
[2024-10-03T22:12:20.975+0000] {processor.py:914} INFO - Processing file /home/airflow/.local/lib/python3.12/site-packages/airflow/example_dags/example_xcomargs.py for tasks to queue
[2024-10-03T22:12:20.978+0000] {logging_mixin.py:190} INFO - [2024-10-03T22:12:20.977+0000] {dagbag.py:587} INFO - Filling up the DagBag from /home/airflow/.local/lib/python3.12/site-packages/airflow/example_dags/example_xcomargs.py
[2024-10-03T22:12:20.990+0000] {processor.py:925} INFO - DAG(s) 'example_xcom_args_with_operators', 'example_xcom_args' retrieved from /home/airflow/.local/lib/python3.12/site-packages/airflow/example_dags/example_xcomargs.py
[2024-10-03T22:12:21.023+0000] {logging_mixin.py:190} INFO - [2024-10-03T22:12:21.023+0000] {dag.py:3229} INFO - Sync 2 DAGs
[2024-10-03T22:12:21.044+0000] {logging_mixin.py:190} INFO - [2024-10-03T22:12:21.043+0000] {dag.py:4156} INFO - Setting next_dagrun for example_xcom_args to None, run_after=None
[2024-10-03T22:12:21.048+0000] {logging_mixin.py:190} INFO - [2024-10-03T22:12:21.048+0000] {dag.py:4156} INFO - Setting next_dagrun for example_xcom_args_with_operators to None, run_after=None
[2024-10-03T22:12:21.072+0000] {processor.py:208} INFO - Processing /home/airflow/.local/lib/python3.12/site-packages/airflow/example_dags/example_xcomargs.py took 0.106 seconds
[2024-10-03T22:12:51.518+0000] {processor.py:186} INFO - Started process (PID=973) to work on /home/airflow/.local/lib/python3.12/site-packages/airflow/example_dags/example_xcomargs.py
[2024-10-03T22:12:51.519+0000] {processor.py:914} INFO - Processing file /home/airflow/.local/lib/python3.12/site-packages/airflow/example_dags/example_xcomargs.py for tasks to queue
[2024-10-03T22:12:51.523+0000] {logging_mixin.py:190} INFO - [2024-10-03T22:12:51.522+0000] {dagbag.py:587} INFO - Filling up the DagBag from /home/airflow/.local/lib/python3.12/site-packages/airflow/example_dags/example_xcomargs.py
[2024-10-03T22:12:51.538+0000] {processor.py:925} INFO - DAG(s) 'example_xcom_args', 'example_xcom_args_with_operators' retrieved from /home/airflow/.local/lib/python3.12/site-packages/airflow/example_dags/example_xcomargs.py
[2024-10-03T22:12:51.571+0000] {logging_mixin.py:190} INFO - [2024-10-03T22:12:51.571+0000] {dag.py:3229} INFO - Sync 2 DAGs
[2024-10-03T22:12:51.593+0000] {logging_mixin.py:190} INFO - [2024-10-03T22:12:51.592+0000] {dag.py:4156} INFO - Setting next_dagrun for example_xcom_args to None, run_after=None
[2024-10-03T22:12:51.598+0000] {logging_mixin.py:190} INFO - [2024-10-03T22:12:51.597+0000] {dag.py:4156} INFO - Setting next_dagrun for example_xcom_args_with_operators to None, run_after=None
[2024-10-03T22:12:51.623+0000] {processor.py:208} INFO - Processing /home/airflow/.local/lib/python3.12/site-packages/airflow/example_dags/example_xcomargs.py took 0.114 seconds
[2024-10-03T22:13:22.309+0000] {processor.py:186} INFO - Started process (PID=1037) to work on /home/airflow/.local/lib/python3.12/site-packages/airflow/example_dags/example_xcomargs.py
[2024-10-03T22:13:22.310+0000] {processor.py:914} INFO - Processing file /home/airflow/.local/lib/python3.12/site-packages/airflow/example_dags/example_xcomargs.py for tasks to queue
[2024-10-03T22:13:22.314+0000] {logging_mixin.py:190} INFO - [2024-10-03T22:13:22.313+0000] {dagbag.py:587} INFO - Filling up the DagBag from /home/airflow/.local/lib/python3.12/site-packages/airflow/example_dags/example_xcomargs.py
[2024-10-03T22:13:22.328+0000] {processor.py:925} INFO - DAG(s) 'example_xcom_args_with_operators', 'example_xcom_args' retrieved from /home/airflow/.local/lib/python3.12/site-packages/airflow/example_dags/example_xcomargs.py
[2024-10-03T22:13:22.356+0000] {logging_mixin.py:190} INFO - [2024-10-03T22:13:22.356+0000] {dag.py:3229} INFO - Sync 2 DAGs
[2024-10-03T22:13:22.375+0000] {logging_mixin.py:190} INFO - [2024-10-03T22:13:22.374+0000] {dag.py:4156} INFO - Setting next_dagrun for example_xcom_args to None, run_after=None
[2024-10-03T22:13:22.380+0000] {logging_mixin.py:190} INFO - [2024-10-03T22:13:22.380+0000] {dag.py:4156} INFO - Setting next_dagrun for example_xcom_args_with_operators to None, run_after=None
[2024-10-03T22:13:22.405+0000] {processor.py:208} INFO - Processing /home/airflow/.local/lib/python3.12/site-packages/airflow/example_dags/example_xcomargs.py took 0.107 seconds
[2024-10-03T22:13:52.897+0000] {processor.py:186} INFO - Started process (PID=1101) to work on /home/airflow/.local/lib/python3.12/site-packages/airflow/example_dags/example_xcomargs.py
[2024-10-03T22:13:52.898+0000] {processor.py:914} INFO - Processing file /home/airflow/.local/lib/python3.12/site-packages/airflow/example_dags/example_xcomargs.py for tasks to queue
[2024-10-03T22:13:52.901+0000] {logging_mixin.py:190} INFO - [2024-10-03T22:13:52.900+0000] {dagbag.py:587} INFO - Filling up the DagBag from /home/airflow/.local/lib/python3.12/site-packages/airflow/example_dags/example_xcomargs.py
[2024-10-03T22:13:52.912+0000] {processor.py:925} INFO - DAG(s) 'example_xcom_args', 'example_xcom_args_with_operators' retrieved from /home/airflow/.local/lib/python3.12/site-packages/airflow/example_dags/example_xcomargs.py
[2024-10-03T22:13:52.946+0000] {logging_mixin.py:190} INFO - [2024-10-03T22:13:52.945+0000] {dag.py:3229} INFO - Sync 2 DAGs
[2024-10-03T22:13:52.974+0000] {logging_mixin.py:190} INFO - [2024-10-03T22:13:52.974+0000] {dag.py:4156} INFO - Setting next_dagrun for example_xcom_args to None, run_after=None
[2024-10-03T22:13:52.980+0000] {logging_mixin.py:190} INFO - [2024-10-03T22:13:52.979+0000] {dag.py:4156} INFO - Setting next_dagrun for example_xcom_args_with_operators to None, run_after=None
[2024-10-03T22:13:53.009+0000] {processor.py:208} INFO - Processing /home/airflow/.local/lib/python3.12/site-packages/airflow/example_dags/example_xcomargs.py took 0.124 seconds
[2024-10-03T22:14:23.580+0000] {processor.py:186} INFO - Started process (PID=1164) to work on /home/airflow/.local/lib/python3.12/site-packages/airflow/example_dags/example_xcomargs.py
[2024-10-03T22:14:23.581+0000] {processor.py:914} INFO - Processing file /home/airflow/.local/lib/python3.12/site-packages/airflow/example_dags/example_xcomargs.py for tasks to queue
[2024-10-03T22:14:23.585+0000] {logging_mixin.py:190} INFO - [2024-10-03T22:14:23.584+0000] {dagbag.py:587} INFO - Filling up the DagBag from /home/airflow/.local/lib/python3.12/site-packages/airflow/example_dags/example_xcomargs.py
[2024-10-03T22:14:23.597+0000] {processor.py:925} INFO - DAG(s) 'example_xcom_args_with_operators', 'example_xcom_args' retrieved from /home/airflow/.local/lib/python3.12/site-packages/airflow/example_dags/example_xcomargs.py
[2024-10-03T22:14:23.629+0000] {logging_mixin.py:190} INFO - [2024-10-03T22:14:23.628+0000] {dag.py:3229} INFO - Sync 2 DAGs
[2024-10-03T22:14:23.648+0000] {logging_mixin.py:190} INFO - [2024-10-03T22:14:23.648+0000] {dag.py:4156} INFO - Setting next_dagrun for example_xcom_args to None, run_after=None
[2024-10-03T22:14:23.654+0000] {logging_mixin.py:190} INFO - [2024-10-03T22:14:23.653+0000] {dag.py:4156} INFO - Setting next_dagrun for example_xcom_args_with_operators to None, run_after=None
[2024-10-03T22:14:23.691+0000] {processor.py:208} INFO - Processing /home/airflow/.local/lib/python3.12/site-packages/airflow/example_dags/example_xcomargs.py took 0.120 seconds
[2024-10-03T22:14:53.791+0000] {processor.py:186} INFO - Started process (PID=1227) to work on /home/airflow/.local/lib/python3.12/site-packages/airflow/example_dags/example_xcomargs.py
[2024-10-03T22:14:53.792+0000] {processor.py:914} INFO - Processing file /home/airflow/.local/lib/python3.12/site-packages/airflow/example_dags/example_xcomargs.py for tasks to queue
[2024-10-03T22:14:53.795+0000] {logging_mixin.py:190} INFO - [2024-10-03T22:14:53.794+0000] {dagbag.py:587} INFO - Filling up the DagBag from /home/airflow/.local/lib/python3.12/site-packages/airflow/example_dags/example_xcomargs.py
[2024-10-03T22:14:53.813+0000] {processor.py:925} INFO - DAG(s) 'example_xcom_args_with_operators', 'example_xcom_args' retrieved from /home/airflow/.local/lib/python3.12/site-packages/airflow/example_dags/example_xcomargs.py
[2024-10-03T22:14:53.857+0000] {logging_mixin.py:190} INFO - [2024-10-03T22:14:53.857+0000] {dag.py:3229} INFO - Sync 2 DAGs
[2024-10-03T22:14:53.877+0000] {logging_mixin.py:190} INFO - [2024-10-03T22:14:53.877+0000] {dag.py:4156} INFO - Setting next_dagrun for example_xcom_args to None, run_after=None
[2024-10-03T22:14:53.882+0000] {logging_mixin.py:190} INFO - [2024-10-03T22:14:53.882+0000] {dag.py:4156} INFO - Setting next_dagrun for example_xcom_args_with_operators to None, run_after=None
[2024-10-03T22:14:53.903+0000] {processor.py:208} INFO - Processing /home/airflow/.local/lib/python3.12/site-packages/airflow/example_dags/example_xcomargs.py took 0.120 seconds
[2024-10-03T22:15:24.263+0000] {processor.py:186} INFO - Started process (PID=1290) to work on /home/airflow/.local/lib/python3.12/site-packages/airflow/example_dags/example_xcomargs.py
[2024-10-03T22:15:24.265+0000] {processor.py:914} INFO - Processing file /home/airflow/.local/lib/python3.12/site-packages/airflow/example_dags/example_xcomargs.py for tasks to queue
[2024-10-03T22:15:24.268+0000] {logging_mixin.py:190} INFO - [2024-10-03T22:15:24.268+0000] {dagbag.py:587} INFO - Filling up the DagBag from /home/airflow/.local/lib/python3.12/site-packages/airflow/example_dags/example_xcomargs.py
[2024-10-03T22:15:24.281+0000] {processor.py:925} INFO - DAG(s) 'example_xcom_args_with_operators', 'example_xcom_args' retrieved from /home/airflow/.local/lib/python3.12/site-packages/airflow/example_dags/example_xcomargs.py
[2024-10-03T22:15:24.318+0000] {logging_mixin.py:190} INFO - [2024-10-03T22:15:24.317+0000] {dag.py:3229} INFO - Sync 2 DAGs
[2024-10-03T22:15:24.338+0000] {logging_mixin.py:190} INFO - [2024-10-03T22:15:24.337+0000] {dag.py:4156} INFO - Setting next_dagrun for example_xcom_args to None, run_after=None
[2024-10-03T22:15:24.343+0000] {logging_mixin.py:190} INFO - [2024-10-03T22:15:24.343+0000] {dag.py:4156} INFO - Setting next_dagrun for example_xcom_args_with_operators to None, run_after=None
[2024-10-03T22:15:24.367+0000] {processor.py:208} INFO - Processing /home/airflow/.local/lib/python3.12/site-packages/airflow/example_dags/example_xcomargs.py took 0.115 seconds
[2024-10-03T22:15:54.726+0000] {processor.py:186} INFO - Started process (PID=1353) to work on /home/airflow/.local/lib/python3.12/site-packages/airflow/example_dags/example_xcomargs.py
[2024-10-03T22:15:54.727+0000] {processor.py:914} INFO - Processing file /home/airflow/.local/lib/python3.12/site-packages/airflow/example_dags/example_xcomargs.py for tasks to queue
[2024-10-03T22:15:54.731+0000] {logging_mixin.py:190} INFO - [2024-10-03T22:15:54.730+0000] {dagbag.py:587} INFO - Filling up the DagBag from /home/airflow/.local/lib/python3.12/site-packages/airflow/example_dags/example_xcomargs.py
[2024-10-03T22:15:54.748+0000] {processor.py:925} INFO - DAG(s) 'example_xcom_args_with_operators', 'example_xcom_args' retrieved from /home/airflow/.local/lib/python3.12/site-packages/airflow/example_dags/example_xcomargs.py
[2024-10-03T22:15:54.785+0000] {logging_mixin.py:190} INFO - [2024-10-03T22:15:54.785+0000] {dag.py:3229} INFO - Sync 2 DAGs
[2024-10-03T22:15:54.806+0000] {logging_mixin.py:190} INFO - [2024-10-03T22:15:54.805+0000] {dag.py:4156} INFO - Setting next_dagrun for example_xcom_args to None, run_after=None
[2024-10-03T22:15:54.812+0000] {logging_mixin.py:190} INFO - [2024-10-03T22:15:54.812+0000] {dag.py:4156} INFO - Setting next_dagrun for example_xcom_args_with_operators to None, run_after=None
[2024-10-03T22:15:54.836+0000] {processor.py:208} INFO - Processing /home/airflow/.local/lib/python3.12/site-packages/airflow/example_dags/example_xcomargs.py took 0.118 seconds
[2024-10-03T22:16:25.532+0000] {processor.py:186} INFO - Started process (PID=1415) to work on /home/airflow/.local/lib/python3.12/site-packages/airflow/example_dags/example_xcomargs.py
[2024-10-03T22:16:25.534+0000] {processor.py:914} INFO - Processing file /home/airflow/.local/lib/python3.12/site-packages/airflow/example_dags/example_xcomargs.py for tasks to queue
[2024-10-03T22:16:25.538+0000] {logging_mixin.py:190} INFO - [2024-10-03T22:16:25.537+0000] {dagbag.py:587} INFO - Filling up the DagBag from /home/airflow/.local/lib/python3.12/site-packages/airflow/example_dags/example_xcomargs.py
[2024-10-03T22:16:25.578+0000] {processor.py:925} INFO - DAG(s) 'example_xcom_args_with_operators', 'example_xcom_args' retrieved from /home/airflow/.local/lib/python3.12/site-packages/airflow/example_dags/example_xcomargs.py
[2024-10-03T22:16:25.707+0000] {logging_mixin.py:190} INFO - [2024-10-03T22:16:25.707+0000] {dag.py:3229} INFO - Sync 2 DAGs
[2024-10-03T22:16:25.777+0000] {logging_mixin.py:190} INFO - [2024-10-03T22:16:25.776+0000] {dag.py:4156} INFO - Setting next_dagrun for example_xcom_args to None, run_after=None
[2024-10-03T22:16:25.794+0000] {logging_mixin.py:190} INFO - [2024-10-03T22:16:25.793+0000] {dag.py:4156} INFO - Setting next_dagrun for example_xcom_args_with_operators to None, run_after=None
[2024-10-03T22:16:25.865+0000] {processor.py:208} INFO - Processing /home/airflow/.local/lib/python3.12/site-packages/airflow/example_dags/example_xcomargs.py took 0.362 seconds
[2024-10-03T22:16:56.304+0000] {processor.py:186} INFO - Started process (PID=1478) to work on /home/airflow/.local/lib/python3.12/site-packages/airflow/example_dags/example_xcomargs.py
[2024-10-03T22:16:56.306+0000] {processor.py:914} INFO - Processing file /home/airflow/.local/lib/python3.12/site-packages/airflow/example_dags/example_xcomargs.py for tasks to queue
[2024-10-03T22:16:56.310+0000] {logging_mixin.py:190} INFO - [2024-10-03T22:16:56.309+0000] {dagbag.py:587} INFO - Filling up the DagBag from /home/airflow/.local/lib/python3.12/site-packages/airflow/example_dags/example_xcomargs.py
[2024-10-03T22:16:56.332+0000] {processor.py:925} INFO - DAG(s) 'example_xcom_args', 'example_xcom_args_with_operators' retrieved from /home/airflow/.local/lib/python3.12/site-packages/airflow/example_dags/example_xcomargs.py
[2024-10-03T22:16:56.386+0000] {logging_mixin.py:190} INFO - [2024-10-03T22:16:56.385+0000] {dag.py:3229} INFO - Sync 2 DAGs
[2024-10-03T22:16:56.417+0000] {logging_mixin.py:190} INFO - [2024-10-03T22:16:56.416+0000] {dag.py:4156} INFO - Setting next_dagrun for example_xcom_args to None, run_after=None
[2024-10-03T22:16:56.429+0000] {logging_mixin.py:190} INFO - [2024-10-03T22:16:56.429+0000] {dag.py:4156} INFO - Setting next_dagrun for example_xcom_args_with_operators to None, run_after=None
[2024-10-03T22:16:56.470+0000] {processor.py:208} INFO - Processing /home/airflow/.local/lib/python3.12/site-packages/airflow/example_dags/example_xcomargs.py took 0.179 seconds
[2024-10-03T22:17:26.645+0000] {processor.py:186} INFO - Started process (PID=1541) to work on /home/airflow/.local/lib/python3.12/site-packages/airflow/example_dags/example_xcomargs.py
[2024-10-03T22:17:26.650+0000] {processor.py:914} INFO - Processing file /home/airflow/.local/lib/python3.12/site-packages/airflow/example_dags/example_xcomargs.py for tasks to queue
[2024-10-03T22:17:26.659+0000] {logging_mixin.py:190} INFO - [2024-10-03T22:17:26.656+0000] {dagbag.py:587} INFO - Filling up the DagBag from /home/airflow/.local/lib/python3.12/site-packages/airflow/example_dags/example_xcomargs.py
[2024-10-03T22:17:26.682+0000] {processor.py:925} INFO - DAG(s) 'example_xcom_args', 'example_xcom_args_with_operators' retrieved from /home/airflow/.local/lib/python3.12/site-packages/airflow/example_dags/example_xcomargs.py
[2024-10-03T22:17:26.725+0000] {logging_mixin.py:190} INFO - [2024-10-03T22:17:26.725+0000] {dag.py:3229} INFO - Sync 2 DAGs
[2024-10-03T22:17:26.759+0000] {logging_mixin.py:190} INFO - [2024-10-03T22:17:26.759+0000] {dag.py:4156} INFO - Setting next_dagrun for example_xcom_args to None, run_after=None
[2024-10-03T22:17:26.768+0000] {logging_mixin.py:190} INFO - [2024-10-03T22:17:26.768+0000] {dag.py:4156} INFO - Setting next_dagrun for example_xcom_args_with_operators to None, run_after=None
[2024-10-03T22:17:26.818+0000] {processor.py:208} INFO - Processing /home/airflow/.local/lib/python3.12/site-packages/airflow/example_dags/example_xcomargs.py took 0.194 seconds
[2024-10-03T22:17:57.147+0000] {processor.py:186} INFO - Started process (PID=1604) to work on /home/airflow/.local/lib/python3.12/site-packages/airflow/example_dags/example_xcomargs.py
[2024-10-03T22:17:57.149+0000] {processor.py:914} INFO - Processing file /home/airflow/.local/lib/python3.12/site-packages/airflow/example_dags/example_xcomargs.py for tasks to queue
[2024-10-03T22:17:57.151+0000] {logging_mixin.py:190} INFO - [2024-10-03T22:17:57.151+0000] {dagbag.py:587} INFO - Filling up the DagBag from /home/airflow/.local/lib/python3.12/site-packages/airflow/example_dags/example_xcomargs.py
[2024-10-03T22:17:57.164+0000] {processor.py:925} INFO - DAG(s) 'example_xcom_args_with_operators', 'example_xcom_args' retrieved from /home/airflow/.local/lib/python3.12/site-packages/airflow/example_dags/example_xcomargs.py
[2024-10-03T22:17:57.193+0000] {logging_mixin.py:190} INFO - [2024-10-03T22:17:57.193+0000] {dag.py:3229} INFO - Sync 2 DAGs
[2024-10-03T22:17:57.214+0000] {logging_mixin.py:190} INFO - [2024-10-03T22:17:57.214+0000] {dag.py:4156} INFO - Setting next_dagrun for example_xcom_args to None, run_after=None
[2024-10-03T22:17:57.219+0000] {logging_mixin.py:190} INFO - [2024-10-03T22:17:57.219+0000] {dag.py:4156} INFO - Setting next_dagrun for example_xcom_args_with_operators to None, run_after=None
[2024-10-03T22:17:57.244+0000] {processor.py:208} INFO - Processing /home/airflow/.local/lib/python3.12/site-packages/airflow/example_dags/example_xcomargs.py took 0.105 seconds
[2024-10-03T22:18:27.706+0000] {processor.py:186} INFO - Started process (PID=1667) to work on /home/airflow/.local/lib/python3.12/site-packages/airflow/example_dags/example_xcomargs.py
[2024-10-03T22:18:27.707+0000] {processor.py:914} INFO - Processing file /home/airflow/.local/lib/python3.12/site-packages/airflow/example_dags/example_xcomargs.py for tasks to queue
[2024-10-03T22:18:27.711+0000] {logging_mixin.py:190} INFO - [2024-10-03T22:18:27.711+0000] {dagbag.py:587} INFO - Filling up the DagBag from /home/airflow/.local/lib/python3.12/site-packages/airflow/example_dags/example_xcomargs.py
[2024-10-03T22:18:27.728+0000] {processor.py:925} INFO - DAG(s) 'example_xcom_args_with_operators', 'example_xcom_args' retrieved from /home/airflow/.local/lib/python3.12/site-packages/airflow/example_dags/example_xcomargs.py
[2024-10-03T22:18:27.759+0000] {logging_mixin.py:190} INFO - [2024-10-03T22:18:27.759+0000] {dag.py:3229} INFO - Sync 2 DAGs
[2024-10-03T22:18:27.783+0000] {logging_mixin.py:190} INFO - [2024-10-03T22:18:27.783+0000] {dag.py:4156} INFO - Setting next_dagrun for example_xcom_args to None, run_after=None
[2024-10-03T22:18:27.790+0000] {logging_mixin.py:190} INFO - [2024-10-03T22:18:27.790+0000] {dag.py:4156} INFO - Setting next_dagrun for example_xcom_args_with_operators to None, run_after=None
[2024-10-03T22:18:27.814+0000] {processor.py:208} INFO - Processing /home/airflow/.local/lib/python3.12/site-packages/airflow/example_dags/example_xcomargs.py took 0.117 seconds
[2024-10-03T22:18:57.973+0000] {processor.py:186} INFO - Started process (PID=1730) to work on /home/airflow/.local/lib/python3.12/site-packages/airflow/example_dags/example_xcomargs.py
[2024-10-03T22:18:57.974+0000] {processor.py:914} INFO - Processing file /home/airflow/.local/lib/python3.12/site-packages/airflow/example_dags/example_xcomargs.py for tasks to queue
[2024-10-03T22:18:57.977+0000] {logging_mixin.py:190} INFO - [2024-10-03T22:18:57.977+0000] {dagbag.py:587} INFO - Filling up the DagBag from /home/airflow/.local/lib/python3.12/site-packages/airflow/example_dags/example_xcomargs.py
[2024-10-03T22:18:57.988+0000] {processor.py:925} INFO - DAG(s) 'example_xcom_args', 'example_xcom_args_with_operators' retrieved from /home/airflow/.local/lib/python3.12/site-packages/airflow/example_dags/example_xcomargs.py
[2024-10-03T22:18:58.014+0000] {logging_mixin.py:190} INFO - [2024-10-03T22:18:58.014+0000] {dag.py:3229} INFO - Sync 2 DAGs
[2024-10-03T22:18:58.031+0000] {logging_mixin.py:190} INFO - [2024-10-03T22:18:58.031+0000] {dag.py:4156} INFO - Setting next_dagrun for example_xcom_args to None, run_after=None
[2024-10-03T22:18:58.037+0000] {logging_mixin.py:190} INFO - [2024-10-03T22:18:58.037+0000] {dag.py:4156} INFO - Setting next_dagrun for example_xcom_args_with_operators to None, run_after=None
[2024-10-03T22:18:58.064+0000] {processor.py:208} INFO - Processing /home/airflow/.local/lib/python3.12/site-packages/airflow/example_dags/example_xcomargs.py took 0.098 seconds
[2024-10-03T22:19:28.805+0000] {processor.py:186} INFO - Started process (PID=1792) to work on /home/airflow/.local/lib/python3.12/site-packages/airflow/example_dags/example_xcomargs.py
[2024-10-03T22:19:28.806+0000] {processor.py:914} INFO - Processing file /home/airflow/.local/lib/python3.12/site-packages/airflow/example_dags/example_xcomargs.py for tasks to queue
[2024-10-03T22:19:28.809+0000] {logging_mixin.py:190} INFO - [2024-10-03T22:19:28.809+0000] {dagbag.py:587} INFO - Filling up the DagBag from /home/airflow/.local/lib/python3.12/site-packages/airflow/example_dags/example_xcomargs.py
[2024-10-03T22:19:28.823+0000] {processor.py:925} INFO - DAG(s) 'example_xcom_args', 'example_xcom_args_with_operators' retrieved from /home/airflow/.local/lib/python3.12/site-packages/airflow/example_dags/example_xcomargs.py
[2024-10-03T22:19:28.853+0000] {logging_mixin.py:190} INFO - [2024-10-03T22:19:28.852+0000] {dag.py:3229} INFO - Sync 2 DAGs
[2024-10-03T22:19:28.872+0000] {logging_mixin.py:190} INFO - [2024-10-03T22:19:28.872+0000] {dag.py:4156} INFO - Setting next_dagrun for example_xcom_args to None, run_after=None
[2024-10-03T22:19:28.879+0000] {logging_mixin.py:190} INFO - [2024-10-03T22:19:28.878+0000] {dag.py:4156} INFO - Setting next_dagrun for example_xcom_args_with_operators to None, run_after=None
[2024-10-03T22:19:28.899+0000] {processor.py:208} INFO - Processing /home/airflow/.local/lib/python3.12/site-packages/airflow/example_dags/example_xcomargs.py took 0.100 seconds
[2024-10-03T22:19:59.104+0000] {processor.py:186} INFO - Started process (PID=1855) to work on /home/airflow/.local/lib/python3.12/site-packages/airflow/example_dags/example_xcomargs.py
[2024-10-03T22:19:59.105+0000] {processor.py:914} INFO - Processing file /home/airflow/.local/lib/python3.12/site-packages/airflow/example_dags/example_xcomargs.py for tasks to queue
[2024-10-03T22:19:59.108+0000] {logging_mixin.py:190} INFO - [2024-10-03T22:19:59.108+0000] {dagbag.py:587} INFO - Filling up the DagBag from /home/airflow/.local/lib/python3.12/site-packages/airflow/example_dags/example_xcomargs.py
[2024-10-03T22:19:59.124+0000] {processor.py:925} INFO - DAG(s) 'example_xcom_args', 'example_xcom_args_with_operators' retrieved from /home/airflow/.local/lib/python3.12/site-packages/airflow/example_dags/example_xcomargs.py
[2024-10-03T22:19:59.155+0000] {logging_mixin.py:190} INFO - [2024-10-03T22:19:59.155+0000] {dag.py:3229} INFO - Sync 2 DAGs
[2024-10-03T22:19:59.176+0000] {logging_mixin.py:190} INFO - [2024-10-03T22:19:59.175+0000] {dag.py:4156} INFO - Setting next_dagrun for example_xcom_args to None, run_after=None
[2024-10-03T22:19:59.181+0000] {logging_mixin.py:190} INFO - [2024-10-03T22:19:59.181+0000] {dag.py:4156} INFO - Setting next_dagrun for example_xcom_args_with_operators to None, run_after=None
[2024-10-03T22:19:59.210+0000] {processor.py:208} INFO - Processing /home/airflow/.local/lib/python3.12/site-packages/airflow/example_dags/example_xcomargs.py took 0.115 seconds
[2024-10-03T22:20:29.376+0000] {processor.py:186} INFO - Started process (PID=1918) to work on /home/airflow/.local/lib/python3.12/site-packages/airflow/example_dags/example_xcomargs.py
[2024-10-03T22:20:29.377+0000] {processor.py:914} INFO - Processing file /home/airflow/.local/lib/python3.12/site-packages/airflow/example_dags/example_xcomargs.py for tasks to queue
[2024-10-03T22:20:29.380+0000] {logging_mixin.py:190} INFO - [2024-10-03T22:20:29.380+0000] {dagbag.py:587} INFO - Filling up the DagBag from /home/airflow/.local/lib/python3.12/site-packages/airflow/example_dags/example_xcomargs.py
[2024-10-03T22:20:29.391+0000] {processor.py:925} INFO - DAG(s) 'example_xcom_args_with_operators', 'example_xcom_args' retrieved from /home/airflow/.local/lib/python3.12/site-packages/airflow/example_dags/example_xcomargs.py
[2024-10-03T22:20:29.418+0000] {logging_mixin.py:190} INFO - [2024-10-03T22:20:29.417+0000] {dag.py:3229} INFO - Sync 2 DAGs
[2024-10-03T22:20:29.435+0000] {logging_mixin.py:190} INFO - [2024-10-03T22:20:29.435+0000] {dag.py:4156} INFO - Setting next_dagrun for example_xcom_args to None, run_after=None
[2024-10-03T22:20:29.440+0000] {logging_mixin.py:190} INFO - [2024-10-03T22:20:29.440+0000] {dag.py:4156} INFO - Setting next_dagrun for example_xcom_args_with_operators to None, run_after=None
[2024-10-03T22:20:29.465+0000] {processor.py:208} INFO - Processing /home/airflow/.local/lib/python3.12/site-packages/airflow/example_dags/example_xcomargs.py took 0.095 seconds
[2024-10-03T22:20:59.774+0000] {processor.py:186} INFO - Started process (PID=1981) to work on /home/airflow/.local/lib/python3.12/site-packages/airflow/example_dags/example_xcomargs.py
[2024-10-03T22:20:59.775+0000] {processor.py:914} INFO - Processing file /home/airflow/.local/lib/python3.12/site-packages/airflow/example_dags/example_xcomargs.py for tasks to queue
[2024-10-03T22:20:59.778+0000] {logging_mixin.py:190} INFO - [2024-10-03T22:20:59.778+0000] {dagbag.py:587} INFO - Filling up the DagBag from /home/airflow/.local/lib/python3.12/site-packages/airflow/example_dags/example_xcomargs.py
[2024-10-03T22:20:59.789+0000] {processor.py:925} INFO - DAG(s) 'example_xcom_args', 'example_xcom_args_with_operators' retrieved from /home/airflow/.local/lib/python3.12/site-packages/airflow/example_dags/example_xcomargs.py
[2024-10-03T22:20:59.815+0000] {logging_mixin.py:190} INFO - [2024-10-03T22:20:59.815+0000] {dag.py:3229} INFO - Sync 2 DAGs
[2024-10-03T22:20:59.833+0000] {logging_mixin.py:190} INFO - [2024-10-03T22:20:59.833+0000] {dag.py:4156} INFO - Setting next_dagrun for example_xcom_args to None, run_after=None
[2024-10-03T22:20:59.838+0000] {logging_mixin.py:190} INFO - [2024-10-03T22:20:59.838+0000] {dag.py:4156} INFO - Setting next_dagrun for example_xcom_args_with_operators to None, run_after=None
[2024-10-03T22:20:59.859+0000] {processor.py:208} INFO - Processing /home/airflow/.local/lib/python3.12/site-packages/airflow/example_dags/example_xcomargs.py took 0.091 seconds
[2024-10-03T22:21:30.026+0000] {processor.py:186} INFO - Started process (PID=2044) to work on /home/airflow/.local/lib/python3.12/site-packages/airflow/example_dags/example_xcomargs.py
[2024-10-03T22:21:30.027+0000] {processor.py:914} INFO - Processing file /home/airflow/.local/lib/python3.12/site-packages/airflow/example_dags/example_xcomargs.py for tasks to queue
[2024-10-03T22:21:30.029+0000] {logging_mixin.py:190} INFO - [2024-10-03T22:21:30.029+0000] {dagbag.py:587} INFO - Filling up the DagBag from /home/airflow/.local/lib/python3.12/site-packages/airflow/example_dags/example_xcomargs.py
[2024-10-03T22:21:30.043+0000] {processor.py:925} INFO - DAG(s) 'example_xcom_args_with_operators', 'example_xcom_args' retrieved from /home/airflow/.local/lib/python3.12/site-packages/airflow/example_dags/example_xcomargs.py
[2024-10-03T22:21:30.071+0000] {logging_mixin.py:190} INFO - [2024-10-03T22:21:30.071+0000] {dag.py:3229} INFO - Sync 2 DAGs
[2024-10-03T22:21:30.089+0000] {logging_mixin.py:190} INFO - [2024-10-03T22:21:30.089+0000] {dag.py:4156} INFO - Setting next_dagrun for example_xcom_args to None, run_after=None
[2024-10-03T22:21:30.093+0000] {logging_mixin.py:190} INFO - [2024-10-03T22:21:30.093+0000] {dag.py:4156} INFO - Setting next_dagrun for example_xcom_args_with_operators to None, run_after=None
[2024-10-03T22:21:30.114+0000] {processor.py:208} INFO - Processing /home/airflow/.local/lib/python3.12/site-packages/airflow/example_dags/example_xcomargs.py took 0.095 seconds
[2024-10-03T22:22:00.948+0000] {processor.py:186} INFO - Started process (PID=2107) to work on /home/airflow/.local/lib/python3.12/site-packages/airflow/example_dags/example_xcomargs.py
[2024-10-03T22:22:00.949+0000] {processor.py:914} INFO - Processing file /home/airflow/.local/lib/python3.12/site-packages/airflow/example_dags/example_xcomargs.py for tasks to queue
[2024-10-03T22:22:00.953+0000] {logging_mixin.py:190} INFO - [2024-10-03T22:22:00.952+0000] {dagbag.py:587} INFO - Filling up the DagBag from /home/airflow/.local/lib/python3.12/site-packages/airflow/example_dags/example_xcomargs.py
[2024-10-03T22:22:00.965+0000] {processor.py:925} INFO - DAG(s) 'example_xcom_args', 'example_xcom_args_with_operators' retrieved from /home/airflow/.local/lib/python3.12/site-packages/airflow/example_dags/example_xcomargs.py
[2024-10-03T22:22:00.992+0000] {logging_mixin.py:190} INFO - [2024-10-03T22:22:00.991+0000] {dag.py:3229} INFO - Sync 2 DAGs
[2024-10-03T22:22:01.012+0000] {logging_mixin.py:190} INFO - [2024-10-03T22:22:01.012+0000] {dag.py:4156} INFO - Setting next_dagrun for example_xcom_args to None, run_after=None
[2024-10-03T22:22:01.017+0000] {logging_mixin.py:190} INFO - [2024-10-03T22:22:01.016+0000] {dag.py:4156} INFO - Setting next_dagrun for example_xcom_args_with_operators to None, run_after=None
[2024-10-03T22:22:01.035+0000] {processor.py:208} INFO - Processing /home/airflow/.local/lib/python3.12/site-packages/airflow/example_dags/example_xcomargs.py took 0.094 seconds
[2024-10-03T22:22:31.279+0000] {processor.py:186} INFO - Started process (PID=2170) to work on /home/airflow/.local/lib/python3.12/site-packages/airflow/example_dags/example_xcomargs.py
[2024-10-03T22:22:31.281+0000] {processor.py:914} INFO - Processing file /home/airflow/.local/lib/python3.12/site-packages/airflow/example_dags/example_xcomargs.py for tasks to queue
[2024-10-03T22:22:31.284+0000] {logging_mixin.py:190} INFO - [2024-10-03T22:22:31.284+0000] {dagbag.py:587} INFO - Filling up the DagBag from /home/airflow/.local/lib/python3.12/site-packages/airflow/example_dags/example_xcomargs.py
[2024-10-03T22:22:31.297+0000] {processor.py:925} INFO - DAG(s) 'example_xcom_args_with_operators', 'example_xcom_args' retrieved from /home/airflow/.local/lib/python3.12/site-packages/airflow/example_dags/example_xcomargs.py
[2024-10-03T22:22:31.333+0000] {logging_mixin.py:190} INFO - [2024-10-03T22:22:31.332+0000] {dag.py:3229} INFO - Sync 2 DAGs
[2024-10-03T22:22:31.352+0000] {logging_mixin.py:190} INFO - [2024-10-03T22:22:31.352+0000] {dag.py:4156} INFO - Setting next_dagrun for example_xcom_args to None, run_after=None
[2024-10-03T22:22:31.357+0000] {logging_mixin.py:190} INFO - [2024-10-03T22:22:31.357+0000] {dag.py:4156} INFO - Setting next_dagrun for example_xcom_args_with_operators to None, run_after=None
[2024-10-03T22:22:31.382+0000] {processor.py:208} INFO - Processing /home/airflow/.local/lib/python3.12/site-packages/airflow/example_dags/example_xcomargs.py took 0.111 seconds
[2024-10-03T22:23:02.241+0000] {processor.py:186} INFO - Started process (PID=2232) to work on /home/airflow/.local/lib/python3.12/site-packages/airflow/example_dags/example_xcomargs.py
[2024-10-03T22:23:02.242+0000] {processor.py:914} INFO - Processing file /home/airflow/.local/lib/python3.12/site-packages/airflow/example_dags/example_xcomargs.py for tasks to queue
[2024-10-03T22:23:02.245+0000] {logging_mixin.py:190} INFO - [2024-10-03T22:23:02.244+0000] {dagbag.py:587} INFO - Filling up the DagBag from /home/airflow/.local/lib/python3.12/site-packages/airflow/example_dags/example_xcomargs.py
[2024-10-03T22:23:02.259+0000] {processor.py:925} INFO - DAG(s) 'example_xcom_args', 'example_xcom_args_with_operators' retrieved from /home/airflow/.local/lib/python3.12/site-packages/airflow/example_dags/example_xcomargs.py
[2024-10-03T22:23:02.286+0000] {logging_mixin.py:190} INFO - [2024-10-03T22:23:02.286+0000] {dag.py:3229} INFO - Sync 2 DAGs
[2024-10-03T22:23:02.304+0000] {logging_mixin.py:190} INFO - [2024-10-03T22:23:02.303+0000] {dag.py:4156} INFO - Setting next_dagrun for example_xcom_args to None, run_after=None
[2024-10-03T22:23:02.308+0000] {logging_mixin.py:190} INFO - [2024-10-03T22:23:02.308+0000] {dag.py:4156} INFO - Setting next_dagrun for example_xcom_args_with_operators to None, run_after=None
[2024-10-03T22:23:02.339+0000] {processor.py:208} INFO - Processing /home/airflow/.local/lib/python3.12/site-packages/airflow/example_dags/example_xcomargs.py took 0.105 seconds
[2024-10-03T22:23:32.860+0000] {processor.py:186} INFO - Started process (PID=2295) to work on /home/airflow/.local/lib/python3.12/site-packages/airflow/example_dags/example_xcomargs.py
[2024-10-03T22:23:32.861+0000] {processor.py:914} INFO - Processing file /home/airflow/.local/lib/python3.12/site-packages/airflow/example_dags/example_xcomargs.py for tasks to queue
[2024-10-03T22:23:32.865+0000] {logging_mixin.py:190} INFO - [2024-10-03T22:23:32.864+0000] {dagbag.py:587} INFO - Filling up the DagBag from /home/airflow/.local/lib/python3.12/site-packages/airflow/example_dags/example_xcomargs.py
[2024-10-03T22:23:32.880+0000] {processor.py:925} INFO - DAG(s) 'example_xcom_args_with_operators', 'example_xcom_args' retrieved from /home/airflow/.local/lib/python3.12/site-packages/airflow/example_dags/example_xcomargs.py
[2024-10-03T22:23:32.920+0000] {logging_mixin.py:190} INFO - [2024-10-03T22:23:32.920+0000] {dag.py:3229} INFO - Sync 2 DAGs
[2024-10-03T22:23:32.968+0000] {logging_mixin.py:190} INFO - [2024-10-03T22:23:32.968+0000] {dag.py:4156} INFO - Setting next_dagrun for example_xcom_args to None, run_after=None
[2024-10-03T22:23:33.011+0000] {logging_mixin.py:190} INFO - [2024-10-03T22:23:33.011+0000] {dag.py:4156} INFO - Setting next_dagrun for example_xcom_args_with_operators to None, run_after=None
[2024-10-03T22:23:33.062+0000] {processor.py:208} INFO - Processing /home/airflow/.local/lib/python3.12/site-packages/airflow/example_dags/example_xcomargs.py took 0.212 seconds
[2024-10-03T22:24:03.487+0000] {processor.py:186} INFO - Started process (PID=2358) to work on /home/airflow/.local/lib/python3.12/site-packages/airflow/example_dags/example_xcomargs.py
[2024-10-03T22:24:03.490+0000] {processor.py:914} INFO - Processing file /home/airflow/.local/lib/python3.12/site-packages/airflow/example_dags/example_xcomargs.py for tasks to queue
[2024-10-03T22:24:03.495+0000] {logging_mixin.py:190} INFO - [2024-10-03T22:24:03.494+0000] {dagbag.py:587} INFO - Filling up the DagBag from /home/airflow/.local/lib/python3.12/site-packages/airflow/example_dags/example_xcomargs.py
[2024-10-03T22:24:03.512+0000] {processor.py:925} INFO - DAG(s) 'example_xcom_args_with_operators', 'example_xcom_args' retrieved from /home/airflow/.local/lib/python3.12/site-packages/airflow/example_dags/example_xcomargs.py
[2024-10-03T22:24:03.551+0000] {logging_mixin.py:190} INFO - [2024-10-03T22:24:03.551+0000] {dag.py:3229} INFO - Sync 2 DAGs
[2024-10-03T22:24:03.584+0000] {logging_mixin.py:190} INFO - [2024-10-03T22:24:03.583+0000] {dag.py:4156} INFO - Setting next_dagrun for example_xcom_args to None, run_after=None
[2024-10-03T22:24:03.591+0000] {logging_mixin.py:190} INFO - [2024-10-03T22:24:03.590+0000] {dag.py:4156} INFO - Setting next_dagrun for example_xcom_args_with_operators to None, run_after=None
[2024-10-03T22:24:03.619+0000] {processor.py:208} INFO - Processing /home/airflow/.local/lib/python3.12/site-packages/airflow/example_dags/example_xcomargs.py took 0.146 seconds
[2024-10-03T22:24:33.942+0000] {processor.py:186} INFO - Started process (PID=2420) to work on /home/airflow/.local/lib/python3.12/site-packages/airflow/example_dags/example_xcomargs.py
[2024-10-03T22:24:33.943+0000] {processor.py:914} INFO - Processing file /home/airflow/.local/lib/python3.12/site-packages/airflow/example_dags/example_xcomargs.py for tasks to queue
[2024-10-03T22:24:33.947+0000] {logging_mixin.py:190} INFO - [2024-10-03T22:24:33.946+0000] {dagbag.py:587} INFO - Filling up the DagBag from /home/airflow/.local/lib/python3.12/site-packages/airflow/example_dags/example_xcomargs.py
[2024-10-03T22:24:33.972+0000] {processor.py:925} INFO - DAG(s) 'example_xcom_args', 'example_xcom_args_with_operators' retrieved from /home/airflow/.local/lib/python3.12/site-packages/airflow/example_dags/example_xcomargs.py
[2024-10-03T22:24:34.008+0000] {logging_mixin.py:190} INFO - [2024-10-03T22:24:34.007+0000] {dag.py:3229} INFO - Sync 2 DAGs
[2024-10-03T22:24:34.032+0000] {logging_mixin.py:190} INFO - [2024-10-03T22:24:34.031+0000] {dag.py:4156} INFO - Setting next_dagrun for example_xcom_args to None, run_after=None
[2024-10-03T22:24:34.037+0000] {logging_mixin.py:190} INFO - [2024-10-03T22:24:34.036+0000] {dag.py:4156} INFO - Setting next_dagrun for example_xcom_args_with_operators to None, run_after=None
[2024-10-03T22:24:34.071+0000] {processor.py:208} INFO - Processing /home/airflow/.local/lib/python3.12/site-packages/airflow/example_dags/example_xcomargs.py took 0.139 seconds
[2024-10-03T22:25:04.285+0000] {processor.py:186} INFO - Started process (PID=2483) to work on /home/airflow/.local/lib/python3.12/site-packages/airflow/example_dags/example_xcomargs.py
[2024-10-03T22:25:04.287+0000] {processor.py:914} INFO - Processing file /home/airflow/.local/lib/python3.12/site-packages/airflow/example_dags/example_xcomargs.py for tasks to queue
[2024-10-03T22:25:04.290+0000] {logging_mixin.py:190} INFO - [2024-10-03T22:25:04.290+0000] {dagbag.py:587} INFO - Filling up the DagBag from /home/airflow/.local/lib/python3.12/site-packages/airflow/example_dags/example_xcomargs.py
[2024-10-03T22:25:04.304+0000] {processor.py:925} INFO - DAG(s) 'example_xcom_args_with_operators', 'example_xcom_args' retrieved from /home/airflow/.local/lib/python3.12/site-packages/airflow/example_dags/example_xcomargs.py
[2024-10-03T22:25:04.335+0000] {logging_mixin.py:190} INFO - [2024-10-03T22:25:04.334+0000] {dag.py:3229} INFO - Sync 2 DAGs
[2024-10-03T22:25:04.363+0000] {logging_mixin.py:190} INFO - [2024-10-03T22:25:04.363+0000] {dag.py:4156} INFO - Setting next_dagrun for example_xcom_args to None, run_after=None
[2024-10-03T22:25:04.370+0000] {logging_mixin.py:190} INFO - [2024-10-03T22:25:04.370+0000] {dag.py:4156} INFO - Setting next_dagrun for example_xcom_args_with_operators to None, run_after=None
[2024-10-03T22:25:04.402+0000] {processor.py:208} INFO - Processing /home/airflow/.local/lib/python3.12/site-packages/airflow/example_dags/example_xcomargs.py took 0.127 seconds
[2024-10-03T22:25:34.620+0000] {processor.py:186} INFO - Started process (PID=2546) to work on /home/airflow/.local/lib/python3.12/site-packages/airflow/example_dags/example_xcomargs.py
[2024-10-03T22:25:34.621+0000] {processor.py:914} INFO - Processing file /home/airflow/.local/lib/python3.12/site-packages/airflow/example_dags/example_xcomargs.py for tasks to queue
[2024-10-03T22:25:34.624+0000] {logging_mixin.py:190} INFO - [2024-10-03T22:25:34.623+0000] {dagbag.py:587} INFO - Filling up the DagBag from /home/airflow/.local/lib/python3.12/site-packages/airflow/example_dags/example_xcomargs.py
[2024-10-03T22:25:34.640+0000] {processor.py:925} INFO - DAG(s) 'example_xcom_args_with_operators', 'example_xcom_args' retrieved from /home/airflow/.local/lib/python3.12/site-packages/airflow/example_dags/example_xcomargs.py
[2024-10-03T22:25:34.674+0000] {logging_mixin.py:190} INFO - [2024-10-03T22:25:34.674+0000] {dag.py:3229} INFO - Sync 2 DAGs
[2024-10-03T22:25:34.698+0000] {logging_mixin.py:190} INFO - [2024-10-03T22:25:34.697+0000] {dag.py:4156} INFO - Setting next_dagrun for example_xcom_args to None, run_after=None
[2024-10-03T22:25:34.704+0000] {logging_mixin.py:190} INFO - [2024-10-03T22:25:34.704+0000] {dag.py:4156} INFO - Setting next_dagrun for example_xcom_args_with_operators to None, run_after=None
[2024-10-03T22:25:34.742+0000] {processor.py:208} INFO - Processing /home/airflow/.local/lib/python3.12/site-packages/airflow/example_dags/example_xcomargs.py took 0.131 seconds
[2024-10-03T22:26:05.746+0000] {processor.py:186} INFO - Started process (PID=2608) to work on /home/airflow/.local/lib/python3.12/site-packages/airflow/example_dags/example_xcomargs.py
[2024-10-03T22:26:05.751+0000] {processor.py:914} INFO - Processing file /home/airflow/.local/lib/python3.12/site-packages/airflow/example_dags/example_xcomargs.py for tasks to queue
[2024-10-03T22:26:05.755+0000] {logging_mixin.py:190} INFO - [2024-10-03T22:26:05.755+0000] {dagbag.py:587} INFO - Filling up the DagBag from /home/airflow/.local/lib/python3.12/site-packages/airflow/example_dags/example_xcomargs.py
[2024-10-03T22:26:05.775+0000] {processor.py:925} INFO - DAG(s) 'example_xcom_args', 'example_xcom_args_with_operators' retrieved from /home/airflow/.local/lib/python3.12/site-packages/airflow/example_dags/example_xcomargs.py
[2024-10-03T22:26:05.822+0000] {logging_mixin.py:190} INFO - [2024-10-03T22:26:05.821+0000] {dag.py:3229} INFO - Sync 2 DAGs
[2024-10-03T22:26:05.857+0000] {logging_mixin.py:190} INFO - [2024-10-03T22:26:05.857+0000] {dag.py:4156} INFO - Setting next_dagrun for example_xcom_args to None, run_after=None
[2024-10-03T22:26:05.865+0000] {logging_mixin.py:190} INFO - [2024-10-03T22:26:05.865+0000] {dag.py:4156} INFO - Setting next_dagrun for example_xcom_args_with_operators to None, run_after=None
[2024-10-03T22:26:05.907+0000] {processor.py:208} INFO - Processing /home/airflow/.local/lib/python3.12/site-packages/airflow/example_dags/example_xcomargs.py took 0.172 seconds
[2024-10-03T22:26:36.016+0000] {processor.py:186} INFO - Started process (PID=2671) to work on /home/airflow/.local/lib/python3.12/site-packages/airflow/example_dags/example_xcomargs.py
[2024-10-03T22:26:36.021+0000] {processor.py:914} INFO - Processing file /home/airflow/.local/lib/python3.12/site-packages/airflow/example_dags/example_xcomargs.py for tasks to queue
[2024-10-03T22:26:36.027+0000] {logging_mixin.py:190} INFO - [2024-10-03T22:26:36.027+0000] {dagbag.py:587} INFO - Filling up the DagBag from /home/airflow/.local/lib/python3.12/site-packages/airflow/example_dags/example_xcomargs.py
[2024-10-03T22:26:36.081+0000] {processor.py:925} INFO - DAG(s) 'example_xcom_args', 'example_xcom_args_with_operators' retrieved from /home/airflow/.local/lib/python3.12/site-packages/airflow/example_dags/example_xcomargs.py
[2024-10-03T22:26:36.150+0000] {logging_mixin.py:190} INFO - [2024-10-03T22:26:36.150+0000] {dag.py:3229} INFO - Sync 2 DAGs
[2024-10-03T22:26:36.187+0000] {logging_mixin.py:190} INFO - [2024-10-03T22:26:36.187+0000] {dag.py:4156} INFO - Setting next_dagrun for example_xcom_args to None, run_after=None
[2024-10-03T22:26:36.195+0000] {logging_mixin.py:190} INFO - [2024-10-03T22:26:36.194+0000] {dag.py:4156} INFO - Setting next_dagrun for example_xcom_args_with_operators to None, run_after=None
[2024-10-03T22:26:36.229+0000] {processor.py:208} INFO - Processing /home/airflow/.local/lib/python3.12/site-packages/airflow/example_dags/example_xcomargs.py took 0.228 seconds
[2024-10-03T22:27:06.456+0000] {processor.py:186} INFO - Started process (PID=2735) to work on /home/airflow/.local/lib/python3.12/site-packages/airflow/example_dags/example_xcomargs.py
[2024-10-03T22:27:06.457+0000] {processor.py:914} INFO - Processing file /home/airflow/.local/lib/python3.12/site-packages/airflow/example_dags/example_xcomargs.py for tasks to queue
[2024-10-03T22:27:06.460+0000] {logging_mixin.py:190} INFO - [2024-10-03T22:27:06.460+0000] {dagbag.py:587} INFO - Filling up the DagBag from /home/airflow/.local/lib/python3.12/site-packages/airflow/example_dags/example_xcomargs.py
[2024-10-03T22:27:06.472+0000] {processor.py:925} INFO - DAG(s) 'example_xcom_args_with_operators', 'example_xcom_args' retrieved from /home/airflow/.local/lib/python3.12/site-packages/airflow/example_dags/example_xcomargs.py
[2024-10-03T22:27:06.500+0000] {logging_mixin.py:190} INFO - [2024-10-03T22:27:06.500+0000] {dag.py:3229} INFO - Sync 2 DAGs
[2024-10-03T22:27:06.520+0000] {logging_mixin.py:190} INFO - [2024-10-03T22:27:06.519+0000] {dag.py:4156} INFO - Setting next_dagrun for example_xcom_args to None, run_after=None
[2024-10-03T22:27:06.524+0000] {logging_mixin.py:190} INFO - [2024-10-03T22:27:06.524+0000] {dag.py:4156} INFO - Setting next_dagrun for example_xcom_args_with_operators to None, run_after=None
[2024-10-03T22:27:06.570+0000] {processor.py:208} INFO - Processing /home/airflow/.local/lib/python3.12/site-packages/airflow/example_dags/example_xcomargs.py took 0.120 seconds
[2024-10-03T22:27:37.547+0000] {processor.py:186} INFO - Started process (PID=2798) to work on /home/airflow/.local/lib/python3.12/site-packages/airflow/example_dags/example_xcomargs.py
[2024-10-03T22:27:37.552+0000] {processor.py:914} INFO - Processing file /home/airflow/.local/lib/python3.12/site-packages/airflow/example_dags/example_xcomargs.py for tasks to queue
[2024-10-03T22:27:37.559+0000] {logging_mixin.py:190} INFO - [2024-10-03T22:27:37.558+0000] {dagbag.py:587} INFO - Filling up the DagBag from /home/airflow/.local/lib/python3.12/site-packages/airflow/example_dags/example_xcomargs.py
[2024-10-03T22:27:37.580+0000] {processor.py:925} INFO - DAG(s) 'example_xcom_args_with_operators', 'example_xcom_args' retrieved from /home/airflow/.local/lib/python3.12/site-packages/airflow/example_dags/example_xcomargs.py
[2024-10-03T22:27:37.635+0000] {logging_mixin.py:190} INFO - [2024-10-03T22:27:37.634+0000] {dag.py:3229} INFO - Sync 2 DAGs
[2024-10-03T22:27:37.682+0000] {logging_mixin.py:190} INFO - [2024-10-03T22:27:37.682+0000] {dag.py:4156} INFO - Setting next_dagrun for example_xcom_args to None, run_after=None
[2024-10-03T22:27:37.693+0000] {logging_mixin.py:190} INFO - [2024-10-03T22:27:37.693+0000] {dag.py:4156} INFO - Setting next_dagrun for example_xcom_args_with_operators to None, run_after=None
[2024-10-03T22:27:37.740+0000] {processor.py:208} INFO - Processing /home/airflow/.local/lib/python3.12/site-packages/airflow/example_dags/example_xcomargs.py took 0.204 seconds
[2024-10-03T22:28:08.200+0000] {processor.py:186} INFO - Started process (PID=2861) to work on /home/airflow/.local/lib/python3.12/site-packages/airflow/example_dags/example_xcomargs.py
[2024-10-03T22:28:08.202+0000] {processor.py:914} INFO - Processing file /home/airflow/.local/lib/python3.12/site-packages/airflow/example_dags/example_xcomargs.py for tasks to queue
[2024-10-03T22:28:08.207+0000] {logging_mixin.py:190} INFO - [2024-10-03T22:28:08.206+0000] {dagbag.py:587} INFO - Filling up the DagBag from /home/airflow/.local/lib/python3.12/site-packages/airflow/example_dags/example_xcomargs.py
[2024-10-03T22:28:08.226+0000] {processor.py:925} INFO - DAG(s) 'example_xcom_args_with_operators', 'example_xcom_args' retrieved from /home/airflow/.local/lib/python3.12/site-packages/airflow/example_dags/example_xcomargs.py
[2024-10-03T22:28:08.273+0000] {logging_mixin.py:190} INFO - [2024-10-03T22:28:08.273+0000] {dag.py:3229} INFO - Sync 2 DAGs
[2024-10-03T22:28:08.309+0000] {logging_mixin.py:190} INFO - [2024-10-03T22:28:08.308+0000] {dag.py:4156} INFO - Setting next_dagrun for example_xcom_args to None, run_after=None
[2024-10-03T22:28:08.316+0000] {logging_mixin.py:190} INFO - [2024-10-03T22:28:08.316+0000] {dag.py:4156} INFO - Setting next_dagrun for example_xcom_args_with_operators to None, run_after=None
[2024-10-03T22:28:08.364+0000] {processor.py:208} INFO - Processing /home/airflow/.local/lib/python3.12/site-packages/airflow/example_dags/example_xcomargs.py took 0.176 seconds
[2024-10-03T22:28:38.439+0000] {processor.py:186} INFO - Started process (PID=2924) to work on /home/airflow/.local/lib/python3.12/site-packages/airflow/example_dags/example_xcomargs.py
[2024-10-03T22:28:38.440+0000] {processor.py:914} INFO - Processing file /home/airflow/.local/lib/python3.12/site-packages/airflow/example_dags/example_xcomargs.py for tasks to queue
[2024-10-03T22:28:38.443+0000] {logging_mixin.py:190} INFO - [2024-10-03T22:28:38.442+0000] {dagbag.py:587} INFO - Filling up the DagBag from /home/airflow/.local/lib/python3.12/site-packages/airflow/example_dags/example_xcomargs.py
[2024-10-03T22:28:38.455+0000] {processor.py:925} INFO - DAG(s) 'example_xcom_args_with_operators', 'example_xcom_args' retrieved from /home/airflow/.local/lib/python3.12/site-packages/airflow/example_dags/example_xcomargs.py
[2024-10-03T22:28:38.483+0000] {logging_mixin.py:190} INFO - [2024-10-03T22:28:38.482+0000] {dag.py:3229} INFO - Sync 2 DAGs
[2024-10-03T22:28:38.507+0000] {logging_mixin.py:190} INFO - [2024-10-03T22:28:38.507+0000] {dag.py:4156} INFO - Setting next_dagrun for example_xcom_args to None, run_after=None
[2024-10-03T22:28:38.513+0000] {logging_mixin.py:190} INFO - [2024-10-03T22:28:38.512+0000] {dag.py:4156} INFO - Setting next_dagrun for example_xcom_args_with_operators to None, run_after=None
[2024-10-03T22:28:38.533+0000] {processor.py:208} INFO - Processing /home/airflow/.local/lib/python3.12/site-packages/airflow/example_dags/example_xcomargs.py took 0.102 seconds
[2024-10-03T22:29:09.214+0000] {processor.py:186} INFO - Started process (PID=2987) to work on /home/airflow/.local/lib/python3.12/site-packages/airflow/example_dags/example_xcomargs.py
[2024-10-03T22:29:09.216+0000] {processor.py:914} INFO - Processing file /home/airflow/.local/lib/python3.12/site-packages/airflow/example_dags/example_xcomargs.py for tasks to queue
[2024-10-03T22:29:09.219+0000] {logging_mixin.py:190} INFO - [2024-10-03T22:29:09.218+0000] {dagbag.py:587} INFO - Filling up the DagBag from /home/airflow/.local/lib/python3.12/site-packages/airflow/example_dags/example_xcomargs.py
[2024-10-03T22:29:09.234+0000] {processor.py:925} INFO - DAG(s) 'example_xcom_args_with_operators', 'example_xcom_args' retrieved from /home/airflow/.local/lib/python3.12/site-packages/airflow/example_dags/example_xcomargs.py
[2024-10-03T22:29:09.271+0000] {logging_mixin.py:190} INFO - [2024-10-03T22:29:09.271+0000] {dag.py:3229} INFO - Sync 2 DAGs
[2024-10-03T22:29:09.296+0000] {logging_mixin.py:190} INFO - [2024-10-03T22:29:09.295+0000] {dag.py:4156} INFO - Setting next_dagrun for example_xcom_args to None, run_after=None
[2024-10-03T22:29:09.301+0000] {logging_mixin.py:190} INFO - [2024-10-03T22:29:09.301+0000] {dag.py:4156} INFO - Setting next_dagrun for example_xcom_args_with_operators to None, run_after=None
[2024-10-03T22:29:09.330+0000] {processor.py:208} INFO - Processing /home/airflow/.local/lib/python3.12/site-packages/airflow/example_dags/example_xcomargs.py took 0.127 seconds
[2024-10-03T22:29:39.742+0000] {processor.py:186} INFO - Started process (PID=3050) to work on /home/airflow/.local/lib/python3.12/site-packages/airflow/example_dags/example_xcomargs.py
[2024-10-03T22:29:39.743+0000] {processor.py:914} INFO - Processing file /home/airflow/.local/lib/python3.12/site-packages/airflow/example_dags/example_xcomargs.py for tasks to queue
[2024-10-03T22:29:39.745+0000] {logging_mixin.py:190} INFO - [2024-10-03T22:29:39.745+0000] {dagbag.py:587} INFO - Filling up the DagBag from /home/airflow/.local/lib/python3.12/site-packages/airflow/example_dags/example_xcomargs.py
[2024-10-03T22:29:39.757+0000] {processor.py:925} INFO - DAG(s) 'example_xcom_args_with_operators', 'example_xcom_args' retrieved from /home/airflow/.local/lib/python3.12/site-packages/airflow/example_dags/example_xcomargs.py
[2024-10-03T22:29:39.786+0000] {logging_mixin.py:190} INFO - [2024-10-03T22:29:39.785+0000] {dag.py:3229} INFO - Sync 2 DAGs
[2024-10-03T22:29:39.803+0000] {logging_mixin.py:190} INFO - [2024-10-03T22:29:39.803+0000] {dag.py:4156} INFO - Setting next_dagrun for example_xcom_args to None, run_after=None
[2024-10-03T22:29:39.808+0000] {logging_mixin.py:190} INFO - [2024-10-03T22:29:39.808+0000] {dag.py:4156} INFO - Setting next_dagrun for example_xcom_args_with_operators to None, run_after=None
[2024-10-03T22:29:39.827+0000] {processor.py:208} INFO - Processing /home/airflow/.local/lib/python3.12/site-packages/airflow/example_dags/example_xcomargs.py took 0.093 seconds
[2024-10-03T22:30:10.082+0000] {processor.py:186} INFO - Started process (PID=3113) to work on /home/airflow/.local/lib/python3.12/site-packages/airflow/example_dags/example_xcomargs.py
[2024-10-03T22:30:10.085+0000] {processor.py:914} INFO - Processing file /home/airflow/.local/lib/python3.12/site-packages/airflow/example_dags/example_xcomargs.py for tasks to queue
[2024-10-03T22:30:10.088+0000] {logging_mixin.py:190} INFO - [2024-10-03T22:30:10.088+0000] {dagbag.py:587} INFO - Filling up the DagBag from /home/airflow/.local/lib/python3.12/site-packages/airflow/example_dags/example_xcomargs.py
[2024-10-03T22:30:10.102+0000] {processor.py:925} INFO - DAG(s) 'example_xcom_args', 'example_xcom_args_with_operators' retrieved from /home/airflow/.local/lib/python3.12/site-packages/airflow/example_dags/example_xcomargs.py
[2024-10-03T22:30:10.135+0000] {logging_mixin.py:190} INFO - [2024-10-03T22:30:10.135+0000] {dag.py:3229} INFO - Sync 2 DAGs
[2024-10-03T22:30:10.162+0000] {logging_mixin.py:190} INFO - [2024-10-03T22:30:10.162+0000] {dag.py:4156} INFO - Setting next_dagrun for example_xcom_args to None, run_after=None
[2024-10-03T22:30:10.169+0000] {logging_mixin.py:190} INFO - [2024-10-03T22:30:10.169+0000] {dag.py:4156} INFO - Setting next_dagrun for example_xcom_args_with_operators to None, run_after=None
[2024-10-03T22:30:10.195+0000] {processor.py:208} INFO - Processing /home/airflow/.local/lib/python3.12/site-packages/airflow/example_dags/example_xcomargs.py took 0.122 seconds
[2024-10-03T22:30:40.541+0000] {processor.py:186} INFO - Started process (PID=3176) to work on /home/airflow/.local/lib/python3.12/site-packages/airflow/example_dags/example_xcomargs.py
[2024-10-03T22:30:40.542+0000] {processor.py:914} INFO - Processing file /home/airflow/.local/lib/python3.12/site-packages/airflow/example_dags/example_xcomargs.py for tasks to queue
[2024-10-03T22:30:40.545+0000] {logging_mixin.py:190} INFO - [2024-10-03T22:30:40.545+0000] {dagbag.py:587} INFO - Filling up the DagBag from /home/airflow/.local/lib/python3.12/site-packages/airflow/example_dags/example_xcomargs.py
[2024-10-03T22:30:40.561+0000] {processor.py:925} INFO - DAG(s) 'example_xcom_args_with_operators', 'example_xcom_args' retrieved from /home/airflow/.local/lib/python3.12/site-packages/airflow/example_dags/example_xcomargs.py
[2024-10-03T22:30:40.594+0000] {logging_mixin.py:190} INFO - [2024-10-03T22:30:40.593+0000] {dag.py:3229} INFO - Sync 2 DAGs
[2024-10-03T22:30:40.618+0000] {logging_mixin.py:190} INFO - [2024-10-03T22:30:40.618+0000] {dag.py:4156} INFO - Setting next_dagrun for example_xcom_args to None, run_after=None
[2024-10-03T22:30:40.625+0000] {logging_mixin.py:190} INFO - [2024-10-03T22:30:40.625+0000] {dag.py:4156} INFO - Setting next_dagrun for example_xcom_args_with_operators to None, run_after=None
[2024-10-03T22:30:40.650+0000] {processor.py:208} INFO - Processing /home/airflow/.local/lib/python3.12/site-packages/airflow/example_dags/example_xcomargs.py took 0.115 seconds
[2024-10-03T22:31:11.048+0000] {processor.py:186} INFO - Started process (PID=3238) to work on /home/airflow/.local/lib/python3.12/site-packages/airflow/example_dags/example_xcomargs.py
[2024-10-03T22:31:11.049+0000] {processor.py:914} INFO - Processing file /home/airflow/.local/lib/python3.12/site-packages/airflow/example_dags/example_xcomargs.py for tasks to queue
[2024-10-03T22:31:11.052+0000] {logging_mixin.py:190} INFO - [2024-10-03T22:31:11.052+0000] {dagbag.py:587} INFO - Filling up the DagBag from /home/airflow/.local/lib/python3.12/site-packages/airflow/example_dags/example_xcomargs.py
[2024-10-03T22:31:11.064+0000] {processor.py:925} INFO - DAG(s) 'example_xcom_args_with_operators', 'example_xcom_args' retrieved from /home/airflow/.local/lib/python3.12/site-packages/airflow/example_dags/example_xcomargs.py
[2024-10-03T22:31:11.090+0000] {logging_mixin.py:190} INFO - [2024-10-03T22:31:11.089+0000] {dag.py:3229} INFO - Sync 2 DAGs
[2024-10-03T22:31:11.108+0000] {logging_mixin.py:190} INFO - [2024-10-03T22:31:11.108+0000] {dag.py:4156} INFO - Setting next_dagrun for example_xcom_args to None, run_after=None
[2024-10-03T22:31:11.113+0000] {logging_mixin.py:190} INFO - [2024-10-03T22:31:11.113+0000] {dag.py:4156} INFO - Setting next_dagrun for example_xcom_args_with_operators to None, run_after=None
[2024-10-03T22:31:11.133+0000] {processor.py:208} INFO - Processing /home/airflow/.local/lib/python3.12/site-packages/airflow/example_dags/example_xcomargs.py took 0.092 seconds
[2024-10-03T22:31:41.592+0000] {processor.py:186} INFO - Started process (PID=3301) to work on /home/airflow/.local/lib/python3.12/site-packages/airflow/example_dags/example_xcomargs.py
[2024-10-03T22:31:41.593+0000] {processor.py:914} INFO - Processing file /home/airflow/.local/lib/python3.12/site-packages/airflow/example_dags/example_xcomargs.py for tasks to queue
[2024-10-03T22:31:41.598+0000] {logging_mixin.py:190} INFO - [2024-10-03T22:31:41.597+0000] {dagbag.py:587} INFO - Filling up the DagBag from /home/airflow/.local/lib/python3.12/site-packages/airflow/example_dags/example_xcomargs.py
[2024-10-03T22:31:41.614+0000] {processor.py:925} INFO - DAG(s) 'example_xcom_args', 'example_xcom_args_with_operators' retrieved from /home/airflow/.local/lib/python3.12/site-packages/airflow/example_dags/example_xcomargs.py
[2024-10-03T22:31:41.650+0000] {logging_mixin.py:190} INFO - [2024-10-03T22:31:41.649+0000] {dag.py:3229} INFO - Sync 2 DAGs
[2024-10-03T22:31:41.682+0000] {logging_mixin.py:190} INFO - [2024-10-03T22:31:41.682+0000] {dag.py:4156} INFO - Setting next_dagrun for example_xcom_args to None, run_after=None
[2024-10-03T22:31:41.688+0000] {logging_mixin.py:190} INFO - [2024-10-03T22:31:41.688+0000] {dag.py:4156} INFO - Setting next_dagrun for example_xcom_args_with_operators to None, run_after=None
[2024-10-03T22:31:41.716+0000] {processor.py:208} INFO - Processing /home/airflow/.local/lib/python3.12/site-packages/airflow/example_dags/example_xcomargs.py took 0.135 seconds
[2024-10-03T22:32:12.609+0000] {processor.py:186} INFO - Started process (PID=3364) to work on /home/airflow/.local/lib/python3.12/site-packages/airflow/example_dags/example_xcomargs.py
[2024-10-03T22:32:12.611+0000] {processor.py:914} INFO - Processing file /home/airflow/.local/lib/python3.12/site-packages/airflow/example_dags/example_xcomargs.py for tasks to queue
[2024-10-03T22:32:12.614+0000] {logging_mixin.py:190} INFO - [2024-10-03T22:32:12.614+0000] {dagbag.py:587} INFO - Filling up the DagBag from /home/airflow/.local/lib/python3.12/site-packages/airflow/example_dags/example_xcomargs.py
[2024-10-03T22:32:12.633+0000] {processor.py:925} INFO - DAG(s) 'example_xcom_args', 'example_xcom_args_with_operators' retrieved from /home/airflow/.local/lib/python3.12/site-packages/airflow/example_dags/example_xcomargs.py
[2024-10-03T22:32:12.670+0000] {logging_mixin.py:190} INFO - [2024-10-03T22:32:12.669+0000] {dag.py:3229} INFO - Sync 2 DAGs
[2024-10-03T22:32:12.708+0000] {logging_mixin.py:190} INFO - [2024-10-03T22:32:12.708+0000] {dag.py:4156} INFO - Setting next_dagrun for example_xcom_args to None, run_after=None
[2024-10-03T22:32:12.715+0000] {logging_mixin.py:190} INFO - [2024-10-03T22:32:12.715+0000] {dag.py:4156} INFO - Setting next_dagrun for example_xcom_args_with_operators to None, run_after=None
[2024-10-03T22:32:12.741+0000] {processor.py:208} INFO - Processing /home/airflow/.local/lib/python3.12/site-packages/airflow/example_dags/example_xcomargs.py took 0.142 seconds
[2024-10-03T22:32:43.035+0000] {processor.py:186} INFO - Started process (PID=3427) to work on /home/airflow/.local/lib/python3.12/site-packages/airflow/example_dags/example_xcomargs.py
[2024-10-03T22:32:43.049+0000] {processor.py:914} INFO - Processing file /home/airflow/.local/lib/python3.12/site-packages/airflow/example_dags/example_xcomargs.py for tasks to queue
[2024-10-03T22:32:43.055+0000] {logging_mixin.py:190} INFO - [2024-10-03T22:32:43.054+0000] {dagbag.py:587} INFO - Filling up the DagBag from /home/airflow/.local/lib/python3.12/site-packages/airflow/example_dags/example_xcomargs.py
[2024-10-03T22:32:43.077+0000] {processor.py:925} INFO - DAG(s) 'example_xcom_args', 'example_xcom_args_with_operators' retrieved from /home/airflow/.local/lib/python3.12/site-packages/airflow/example_dags/example_xcomargs.py
[2024-10-03T22:32:43.160+0000] {logging_mixin.py:190} INFO - [2024-10-03T22:32:43.159+0000] {dag.py:3229} INFO - Sync 2 DAGs
[2024-10-03T22:32:43.216+0000] {logging_mixin.py:190} INFO - [2024-10-03T22:32:43.216+0000] {dag.py:4156} INFO - Setting next_dagrun for example_xcom_args to None, run_after=None
[2024-10-03T22:32:43.224+0000] {logging_mixin.py:190} INFO - [2024-10-03T22:32:43.224+0000] {dag.py:4156} INFO - Setting next_dagrun for example_xcom_args_with_operators to None, run_after=None
[2024-10-03T22:32:43.288+0000] {processor.py:208} INFO - Processing /home/airflow/.local/lib/python3.12/site-packages/airflow/example_dags/example_xcomargs.py took 0.282 seconds
[2024-10-03T22:33:13.954+0000] {processor.py:186} INFO - Started process (PID=3490) to work on /home/airflow/.local/lib/python3.12/site-packages/airflow/example_dags/example_xcomargs.py
[2024-10-03T22:33:13.956+0000] {processor.py:914} INFO - Processing file /home/airflow/.local/lib/python3.12/site-packages/airflow/example_dags/example_xcomargs.py for tasks to queue
[2024-10-03T22:33:13.960+0000] {logging_mixin.py:190} INFO - [2024-10-03T22:33:13.959+0000] {dagbag.py:587} INFO - Filling up the DagBag from /home/airflow/.local/lib/python3.12/site-packages/airflow/example_dags/example_xcomargs.py
[2024-10-03T22:33:13.979+0000] {processor.py:925} INFO - DAG(s) 'example_xcom_args', 'example_xcom_args_with_operators' retrieved from /home/airflow/.local/lib/python3.12/site-packages/airflow/example_dags/example_xcomargs.py
[2024-10-03T22:33:14.015+0000] {logging_mixin.py:190} INFO - [2024-10-03T22:33:14.015+0000] {dag.py:3229} INFO - Sync 2 DAGs
[2024-10-03T22:33:14.043+0000] {logging_mixin.py:190} INFO - [2024-10-03T22:33:14.043+0000] {dag.py:4156} INFO - Setting next_dagrun for example_xcom_args to None, run_after=None
[2024-10-03T22:33:14.049+0000] {logging_mixin.py:190} INFO - [2024-10-03T22:33:14.049+0000] {dag.py:4156} INFO - Setting next_dagrun for example_xcom_args_with_operators to None, run_after=None
[2024-10-03T22:33:14.080+0000] {processor.py:208} INFO - Processing /home/airflow/.local/lib/python3.12/site-packages/airflow/example_dags/example_xcomargs.py took 0.135 seconds
[2024-10-03T22:33:44.446+0000] {processor.py:186} INFO - Started process (PID=3553) to work on /home/airflow/.local/lib/python3.12/site-packages/airflow/example_dags/example_xcomargs.py
[2024-10-03T22:33:44.447+0000] {processor.py:914} INFO - Processing file /home/airflow/.local/lib/python3.12/site-packages/airflow/example_dags/example_xcomargs.py for tasks to queue
[2024-10-03T22:33:44.451+0000] {logging_mixin.py:190} INFO - [2024-10-03T22:33:44.451+0000] {dagbag.py:587} INFO - Filling up the DagBag from /home/airflow/.local/lib/python3.12/site-packages/airflow/example_dags/example_xcomargs.py
[2024-10-03T22:33:44.466+0000] {processor.py:925} INFO - DAG(s) 'example_xcom_args', 'example_xcom_args_with_operators' retrieved from /home/airflow/.local/lib/python3.12/site-packages/airflow/example_dags/example_xcomargs.py
[2024-10-03T22:33:44.499+0000] {logging_mixin.py:190} INFO - [2024-10-03T22:33:44.499+0000] {dag.py:3229} INFO - Sync 2 DAGs
[2024-10-03T22:33:44.519+0000] {logging_mixin.py:190} INFO - [2024-10-03T22:33:44.519+0000] {dag.py:4156} INFO - Setting next_dagrun for example_xcom_args to None, run_after=None
[2024-10-03T22:33:44.524+0000] {logging_mixin.py:190} INFO - [2024-10-03T22:33:44.524+0000] {dag.py:4156} INFO - Setting next_dagrun for example_xcom_args_with_operators to None, run_after=None
[2024-10-03T22:33:44.545+0000] {processor.py:208} INFO - Processing /home/airflow/.local/lib/python3.12/site-packages/airflow/example_dags/example_xcomargs.py took 0.108 seconds
[2024-10-03T22:34:14.599+0000] {processor.py:186} INFO - Started process (PID=3616) to work on /home/airflow/.local/lib/python3.12/site-packages/airflow/example_dags/example_xcomargs.py
[2024-10-03T22:34:14.601+0000] {processor.py:914} INFO - Processing file /home/airflow/.local/lib/python3.12/site-packages/airflow/example_dags/example_xcomargs.py for tasks to queue
[2024-10-03T22:34:14.604+0000] {logging_mixin.py:190} INFO - [2024-10-03T22:34:14.604+0000] {dagbag.py:587} INFO - Filling up the DagBag from /home/airflow/.local/lib/python3.12/site-packages/airflow/example_dags/example_xcomargs.py
[2024-10-03T22:34:14.621+0000] {processor.py:925} INFO - DAG(s) 'example_xcom_args_with_operators', 'example_xcom_args' retrieved from /home/airflow/.local/lib/python3.12/site-packages/airflow/example_dags/example_xcomargs.py
[2024-10-03T22:34:14.669+0000] {logging_mixin.py:190} INFO - [2024-10-03T22:34:14.668+0000] {dag.py:3229} INFO - Sync 2 DAGs
[2024-10-03T22:34:14.696+0000] {logging_mixin.py:190} INFO - [2024-10-03T22:34:14.695+0000] {dag.py:4156} INFO - Setting next_dagrun for example_xcom_args to None, run_after=None
[2024-10-03T22:34:14.703+0000] {logging_mixin.py:190} INFO - [2024-10-03T22:34:14.703+0000] {dag.py:4156} INFO - Setting next_dagrun for example_xcom_args_with_operators to None, run_after=None
[2024-10-03T22:34:14.730+0000] {processor.py:208} INFO - Processing /home/airflow/.local/lib/python3.12/site-packages/airflow/example_dags/example_xcomargs.py took 0.139 seconds
[2024-10-03T22:34:44.784+0000] {processor.py:186} INFO - Started process (PID=3678) to work on /home/airflow/.local/lib/python3.12/site-packages/airflow/example_dags/example_xcomargs.py
[2024-10-03T22:34:44.788+0000] {processor.py:914} INFO - Processing file /home/airflow/.local/lib/python3.12/site-packages/airflow/example_dags/example_xcomargs.py for tasks to queue
[2024-10-03T22:34:44.794+0000] {logging_mixin.py:190} INFO - [2024-10-03T22:34:44.793+0000] {dagbag.py:587} INFO - Filling up the DagBag from /home/airflow/.local/lib/python3.12/site-packages/airflow/example_dags/example_xcomargs.py
[2024-10-03T22:34:44.812+0000] {processor.py:925} INFO - DAG(s) 'example_xcom_args_with_operators', 'example_xcom_args' retrieved from /home/airflow/.local/lib/python3.12/site-packages/airflow/example_dags/example_xcomargs.py
[2024-10-03T22:34:44.841+0000] {logging_mixin.py:190} INFO - [2024-10-03T22:34:44.840+0000] {dag.py:3229} INFO - Sync 2 DAGs
[2024-10-03T22:34:44.860+0000] {logging_mixin.py:190} INFO - [2024-10-03T22:34:44.859+0000] {dag.py:4156} INFO - Setting next_dagrun for example_xcom_args to None, run_after=None
[2024-10-03T22:34:44.864+0000] {logging_mixin.py:190} INFO - [2024-10-03T22:34:44.864+0000] {dag.py:4156} INFO - Setting next_dagrun for example_xcom_args_with_operators to None, run_after=None
[2024-10-03T22:34:44.907+0000] {processor.py:208} INFO - Processing /home/airflow/.local/lib/python3.12/site-packages/airflow/example_dags/example_xcomargs.py took 0.130 seconds
[2024-10-03T22:35:15.880+0000] {processor.py:186} INFO - Started process (PID=3742) to work on /home/airflow/.local/lib/python3.12/site-packages/airflow/example_dags/example_xcomargs.py
[2024-10-03T22:35:15.883+0000] {processor.py:914} INFO - Processing file /home/airflow/.local/lib/python3.12/site-packages/airflow/example_dags/example_xcomargs.py for tasks to queue
[2024-10-03T22:35:15.890+0000] {logging_mixin.py:190} INFO - [2024-10-03T22:35:15.889+0000] {dagbag.py:587} INFO - Filling up the DagBag from /home/airflow/.local/lib/python3.12/site-packages/airflow/example_dags/example_xcomargs.py
[2024-10-03T22:35:15.918+0000] {processor.py:925} INFO - DAG(s) 'example_xcom_args_with_operators', 'example_xcom_args' retrieved from /home/airflow/.local/lib/python3.12/site-packages/airflow/example_dags/example_xcomargs.py
[2024-10-03T22:35:15.963+0000] {logging_mixin.py:190} INFO - [2024-10-03T22:35:15.963+0000] {dag.py:3229} INFO - Sync 2 DAGs
[2024-10-03T22:35:15.995+0000] {logging_mixin.py:190} INFO - [2024-10-03T22:35:15.995+0000] {dag.py:4156} INFO - Setting next_dagrun for example_xcom_args to None, run_after=None
[2024-10-03T22:35:16.003+0000] {logging_mixin.py:190} INFO - [2024-10-03T22:35:16.003+0000] {dag.py:4156} INFO - Setting next_dagrun for example_xcom_args_with_operators to None, run_after=None
[2024-10-03T22:35:16.040+0000] {processor.py:208} INFO - Processing /home/airflow/.local/lib/python3.12/site-packages/airflow/example_dags/example_xcomargs.py took 0.170 seconds
