[2024-10-03T22:05:56.167+0000] {processor.py:186} INFO - Started process (PID=122) to work on /home/airflow/.local/lib/python3.12/site-packages/airflow/example_dags/example_display_name.py
[2024-10-03T22:05:56.180+0000] {processor.py:914} INFO - Processing file /home/airflow/.local/lib/python3.12/site-packages/airflow/example_dags/example_display_name.py for tasks to queue
[2024-10-03T22:05:56.198+0000] {logging_mixin.py:190} INFO - [2024-10-03T22:05:56.197+0000] {dagbag.py:587} INFO - Filling up the DagBag from /home/airflow/.local/lib/python3.12/site-packages/airflow/example_dags/example_display_name.py
[2024-10-03T22:05:56.247+0000] {processor.py:925} INFO - DAG(s) 'example_display_name' retrieved from /home/airflow/.local/lib/python3.12/site-packages/airflow/example_dags/example_display_name.py
[2024-10-03T22:05:56.404+0000] {logging_mixin.py:190} INFO - [2024-10-03T22:05:56.403+0000] {dag.py:3229} INFO - Sync 1 DAGs
[2024-10-03T22:05:56.493+0000] {logging_mixin.py:190} INFO - [2024-10-03T22:05:56.493+0000] {dag.py:4156} INFO - Setting next_dagrun for example_display_name to None, run_after=None
[2024-10-03T22:05:56.648+0000] {processor.py:208} INFO - Processing /home/airflow/.local/lib/python3.12/site-packages/airflow/example_dags/example_display_name.py took 0.527 seconds
[2024-10-03T22:06:28.009+0000] {processor.py:186} INFO - Started process (PID=185) to work on /home/airflow/.local/lib/python3.12/site-packages/airflow/example_dags/example_display_name.py
[2024-10-03T22:06:28.010+0000] {processor.py:914} INFO - Processing file /home/airflow/.local/lib/python3.12/site-packages/airflow/example_dags/example_display_name.py for tasks to queue
[2024-10-03T22:06:28.024+0000] {logging_mixin.py:190} INFO - [2024-10-03T22:06:28.024+0000] {dagbag.py:587} INFO - Filling up the DagBag from /home/airflow/.local/lib/python3.12/site-packages/airflow/example_dags/example_display_name.py
[2024-10-03T22:06:28.059+0000] {processor.py:925} INFO - DAG(s) 'example_display_name' retrieved from /home/airflow/.local/lib/python3.12/site-packages/airflow/example_dags/example_display_name.py
[2024-10-03T22:06:28.170+0000] {logging_mixin.py:190} INFO - [2024-10-03T22:06:28.169+0000] {dag.py:3229} INFO - Sync 1 DAGs
[2024-10-03T22:06:28.315+0000] {logging_mixin.py:190} INFO - [2024-10-03T22:06:28.306+0000] {dag.py:4156} INFO - Setting next_dagrun for example_display_name to None, run_after=None
[2024-10-03T22:06:28.543+0000] {processor.py:208} INFO - Processing /home/airflow/.local/lib/python3.12/site-packages/airflow/example_dags/example_display_name.py took 0.564 seconds
[2024-10-03T22:07:00.595+0000] {processor.py:186} INFO - Started process (PID=248) to work on /home/airflow/.local/lib/python3.12/site-packages/airflow/example_dags/example_display_name.py
[2024-10-03T22:07:00.597+0000] {processor.py:914} INFO - Processing file /home/airflow/.local/lib/python3.12/site-packages/airflow/example_dags/example_display_name.py for tasks to queue
[2024-10-03T22:07:00.612+0000] {logging_mixin.py:190} INFO - [2024-10-03T22:07:00.611+0000] {dagbag.py:587} INFO - Filling up the DagBag from /home/airflow/.local/lib/python3.12/site-packages/airflow/example_dags/example_display_name.py
[2024-10-03T22:07:00.657+0000] {processor.py:925} INFO - DAG(s) 'example_display_name' retrieved from /home/airflow/.local/lib/python3.12/site-packages/airflow/example_dags/example_display_name.py
[2024-10-03T22:07:00.757+0000] {logging_mixin.py:190} INFO - [2024-10-03T22:07:00.757+0000] {dag.py:3229} INFO - Sync 1 DAGs
[2024-10-03T22:07:00.873+0000] {logging_mixin.py:190} INFO - [2024-10-03T22:07:00.872+0000] {dag.py:4156} INFO - Setting next_dagrun for example_display_name to None, run_after=None
[2024-10-03T22:07:01.044+0000] {processor.py:208} INFO - Processing /home/airflow/.local/lib/python3.12/site-packages/airflow/example_dags/example_display_name.py took 0.484 seconds
[2024-10-03T22:07:32.115+0000] {processor.py:186} INFO - Started process (PID=313) to work on /home/airflow/.local/lib/python3.12/site-packages/airflow/example_dags/example_display_name.py
[2024-10-03T22:07:32.116+0000] {processor.py:914} INFO - Processing file /home/airflow/.local/lib/python3.12/site-packages/airflow/example_dags/example_display_name.py for tasks to queue
[2024-10-03T22:07:32.131+0000] {logging_mixin.py:190} INFO - [2024-10-03T22:07:32.131+0000] {dagbag.py:587} INFO - Filling up the DagBag from /home/airflow/.local/lib/python3.12/site-packages/airflow/example_dags/example_display_name.py
[2024-10-03T22:07:32.164+0000] {processor.py:925} INFO - DAG(s) 'example_display_name' retrieved from /home/airflow/.local/lib/python3.12/site-packages/airflow/example_dags/example_display_name.py
[2024-10-03T22:07:32.240+0000] {logging_mixin.py:190} INFO - [2024-10-03T22:07:32.240+0000] {dag.py:3229} INFO - Sync 1 DAGs
[2024-10-03T22:07:32.352+0000] {logging_mixin.py:190} INFO - [2024-10-03T22:07:32.351+0000] {dag.py:4156} INFO - Setting next_dagrun for example_display_name to None, run_after=None
[2024-10-03T22:07:32.592+0000] {processor.py:208} INFO - Processing /home/airflow/.local/lib/python3.12/site-packages/airflow/example_dags/example_display_name.py took 0.507 seconds
[2024-10-03T22:08:03.477+0000] {processor.py:186} INFO - Started process (PID=376) to work on /home/airflow/.local/lib/python3.12/site-packages/airflow/example_dags/example_display_name.py
[2024-10-03T22:08:03.488+0000] {processor.py:914} INFO - Processing file /home/airflow/.local/lib/python3.12/site-packages/airflow/example_dags/example_display_name.py for tasks to queue
[2024-10-03T22:08:03.494+0000] {logging_mixin.py:190} INFO - [2024-10-03T22:08:03.494+0000] {dagbag.py:587} INFO - Filling up the DagBag from /home/airflow/.local/lib/python3.12/site-packages/airflow/example_dags/example_display_name.py
[2024-10-03T22:08:03.528+0000] {processor.py:925} INFO - DAG(s) 'example_display_name' retrieved from /home/airflow/.local/lib/python3.12/site-packages/airflow/example_dags/example_display_name.py
[2024-10-03T22:08:03.616+0000] {logging_mixin.py:190} INFO - [2024-10-03T22:08:03.616+0000] {dag.py:3229} INFO - Sync 1 DAGs
[2024-10-03T22:08:03.705+0000] {logging_mixin.py:190} INFO - [2024-10-03T22:08:03.704+0000] {dag.py:4156} INFO - Setting next_dagrun for example_display_name to None, run_after=None
[2024-10-03T22:08:03.783+0000] {processor.py:208} INFO - Processing /home/airflow/.local/lib/python3.12/site-packages/airflow/example_dags/example_display_name.py took 0.353 seconds
[2024-10-03T22:08:33.936+0000] {processor.py:186} INFO - Started process (PID=439) to work on /home/airflow/.local/lib/python3.12/site-packages/airflow/example_dags/example_display_name.py
[2024-10-03T22:08:33.937+0000] {processor.py:914} INFO - Processing file /home/airflow/.local/lib/python3.12/site-packages/airflow/example_dags/example_display_name.py for tasks to queue
[2024-10-03T22:08:33.940+0000] {logging_mixin.py:190} INFO - [2024-10-03T22:08:33.940+0000] {dagbag.py:587} INFO - Filling up the DagBag from /home/airflow/.local/lib/python3.12/site-packages/airflow/example_dags/example_display_name.py
[2024-10-03T22:08:33.949+0000] {processor.py:925} INFO - DAG(s) 'example_display_name' retrieved from /home/airflow/.local/lib/python3.12/site-packages/airflow/example_dags/example_display_name.py
[2024-10-03T22:08:33.972+0000] {logging_mixin.py:190} INFO - [2024-10-03T22:08:33.971+0000] {dag.py:3229} INFO - Sync 1 DAGs
[2024-10-03T22:08:33.993+0000] {logging_mixin.py:190} INFO - [2024-10-03T22:08:33.992+0000] {dag.py:4156} INFO - Setting next_dagrun for example_display_name to None, run_after=None
[2024-10-03T22:08:34.029+0000] {processor.py:208} INFO - Processing /home/airflow/.local/lib/python3.12/site-packages/airflow/example_dags/example_display_name.py took 0.101 seconds
[2024-10-03T22:09:04.325+0000] {processor.py:186} INFO - Started process (PID=502) to work on /home/airflow/.local/lib/python3.12/site-packages/airflow/example_dags/example_display_name.py
[2024-10-03T22:09:04.326+0000] {processor.py:914} INFO - Processing file /home/airflow/.local/lib/python3.12/site-packages/airflow/example_dags/example_display_name.py for tasks to queue
[2024-10-03T22:09:04.330+0000] {logging_mixin.py:190} INFO - [2024-10-03T22:09:04.329+0000] {dagbag.py:587} INFO - Filling up the DagBag from /home/airflow/.local/lib/python3.12/site-packages/airflow/example_dags/example_display_name.py
[2024-10-03T22:09:04.339+0000] {processor.py:925} INFO - DAG(s) 'example_display_name' retrieved from /home/airflow/.local/lib/python3.12/site-packages/airflow/example_dags/example_display_name.py
[2024-10-03T22:09:04.366+0000] {logging_mixin.py:190} INFO - [2024-10-03T22:09:04.365+0000] {dag.py:3229} INFO - Sync 1 DAGs
[2024-10-03T22:09:04.387+0000] {logging_mixin.py:190} INFO - [2024-10-03T22:09:04.387+0000] {dag.py:4156} INFO - Setting next_dagrun for example_display_name to None, run_after=None
[2024-10-03T22:09:04.428+0000] {processor.py:208} INFO - Processing /home/airflow/.local/lib/python3.12/site-packages/airflow/example_dags/example_display_name.py took 0.110 seconds
[2024-10-03T22:09:35.097+0000] {processor.py:186} INFO - Started process (PID=565) to work on /home/airflow/.local/lib/python3.12/site-packages/airflow/example_dags/example_display_name.py
[2024-10-03T22:09:35.099+0000] {processor.py:914} INFO - Processing file /home/airflow/.local/lib/python3.12/site-packages/airflow/example_dags/example_display_name.py for tasks to queue
[2024-10-03T22:09:35.102+0000] {logging_mixin.py:190} INFO - [2024-10-03T22:09:35.102+0000] {dagbag.py:587} INFO - Filling up the DagBag from /home/airflow/.local/lib/python3.12/site-packages/airflow/example_dags/example_display_name.py
[2024-10-03T22:09:35.113+0000] {processor.py:925} INFO - DAG(s) 'example_display_name' retrieved from /home/airflow/.local/lib/python3.12/site-packages/airflow/example_dags/example_display_name.py
[2024-10-03T22:09:35.136+0000] {logging_mixin.py:190} INFO - [2024-10-03T22:09:35.136+0000] {dag.py:3229} INFO - Sync 1 DAGs
[2024-10-03T22:09:35.159+0000] {logging_mixin.py:190} INFO - [2024-10-03T22:09:35.159+0000] {dag.py:4156} INFO - Setting next_dagrun for example_display_name to None, run_after=None
[2024-10-03T22:09:35.194+0000] {processor.py:208} INFO - Processing /home/airflow/.local/lib/python3.12/site-packages/airflow/example_dags/example_display_name.py took 0.105 seconds
[2024-10-03T22:10:08.048+0000] {processor.py:186} INFO - Started process (PID=628) to work on /home/airflow/.local/lib/python3.12/site-packages/airflow/example_dags/example_display_name.py
[2024-10-03T22:10:08.074+0000] {processor.py:914} INFO - Processing file /home/airflow/.local/lib/python3.12/site-packages/airflow/example_dags/example_display_name.py for tasks to queue
[2024-10-03T22:10:08.078+0000] {logging_mixin.py:190} INFO - [2024-10-03T22:10:08.078+0000] {dagbag.py:587} INFO - Filling up the DagBag from /home/airflow/.local/lib/python3.12/site-packages/airflow/example_dags/example_display_name.py
[2024-10-03T22:10:08.112+0000] {processor.py:925} INFO - DAG(s) 'example_display_name' retrieved from /home/airflow/.local/lib/python3.12/site-packages/airflow/example_dags/example_display_name.py
[2024-10-03T22:10:08.252+0000] {logging_mixin.py:190} INFO - [2024-10-03T22:10:08.251+0000] {dag.py:3229} INFO - Sync 1 DAGs
[2024-10-03T22:10:08.389+0000] {logging_mixin.py:190} INFO - [2024-10-03T22:10:08.389+0000] {dag.py:4156} INFO - Setting next_dagrun for example_display_name to None, run_after=None
[2024-10-03T22:10:08.584+0000] {processor.py:208} INFO - Processing /home/airflow/.local/lib/python3.12/site-packages/airflow/example_dags/example_display_name.py took 0.555 seconds
[2024-10-03T22:10:38.849+0000] {processor.py:186} INFO - Started process (PID=691) to work on /home/airflow/.local/lib/python3.12/site-packages/airflow/example_dags/example_display_name.py
[2024-10-03T22:10:38.850+0000] {processor.py:914} INFO - Processing file /home/airflow/.local/lib/python3.12/site-packages/airflow/example_dags/example_display_name.py for tasks to queue
[2024-10-03T22:10:38.853+0000] {logging_mixin.py:190} INFO - [2024-10-03T22:10:38.853+0000] {dagbag.py:587} INFO - Filling up the DagBag from /home/airflow/.local/lib/python3.12/site-packages/airflow/example_dags/example_display_name.py
[2024-10-03T22:10:38.861+0000] {processor.py:925} INFO - DAG(s) 'example_display_name' retrieved from /home/airflow/.local/lib/python3.12/site-packages/airflow/example_dags/example_display_name.py
[2024-10-03T22:10:38.885+0000] {logging_mixin.py:190} INFO - [2024-10-03T22:10:38.885+0000] {dag.py:3229} INFO - Sync 1 DAGs
[2024-10-03T22:10:38.902+0000] {logging_mixin.py:190} INFO - [2024-10-03T22:10:38.902+0000] {dag.py:4156} INFO - Setting next_dagrun for example_display_name to None, run_after=None
[2024-10-03T22:10:38.927+0000] {processor.py:208} INFO - Processing /home/airflow/.local/lib/python3.12/site-packages/airflow/example_dags/example_display_name.py took 0.085 seconds
[2024-10-03T22:11:09.689+0000] {processor.py:186} INFO - Started process (PID=754) to work on /home/airflow/.local/lib/python3.12/site-packages/airflow/example_dags/example_display_name.py
[2024-10-03T22:11:09.691+0000] {processor.py:914} INFO - Processing file /home/airflow/.local/lib/python3.12/site-packages/airflow/example_dags/example_display_name.py for tasks to queue
[2024-10-03T22:11:09.693+0000] {logging_mixin.py:190} INFO - [2024-10-03T22:11:09.693+0000] {dagbag.py:587} INFO - Filling up the DagBag from /home/airflow/.local/lib/python3.12/site-packages/airflow/example_dags/example_display_name.py
[2024-10-03T22:11:09.702+0000] {processor.py:925} INFO - DAG(s) 'example_display_name' retrieved from /home/airflow/.local/lib/python3.12/site-packages/airflow/example_dags/example_display_name.py
[2024-10-03T22:11:09.725+0000] {logging_mixin.py:190} INFO - [2024-10-03T22:11:09.725+0000] {dag.py:3229} INFO - Sync 1 DAGs
[2024-10-03T22:11:09.744+0000] {logging_mixin.py:190} INFO - [2024-10-03T22:11:09.743+0000] {dag.py:4156} INFO - Setting next_dagrun for example_display_name to None, run_after=None
[2024-10-03T22:11:09.797+0000] {processor.py:208} INFO - Processing /home/airflow/.local/lib/python3.12/site-packages/airflow/example_dags/example_display_name.py took 0.114 seconds
[2024-10-03T22:11:40.456+0000] {processor.py:186} INFO - Started process (PID=817) to work on /home/airflow/.local/lib/python3.12/site-packages/airflow/example_dags/example_display_name.py
[2024-10-03T22:11:40.457+0000] {processor.py:914} INFO - Processing file /home/airflow/.local/lib/python3.12/site-packages/airflow/example_dags/example_display_name.py for tasks to queue
[2024-10-03T22:11:40.461+0000] {logging_mixin.py:190} INFO - [2024-10-03T22:11:40.460+0000] {dagbag.py:587} INFO - Filling up the DagBag from /home/airflow/.local/lib/python3.12/site-packages/airflow/example_dags/example_display_name.py
[2024-10-03T22:11:40.471+0000] {processor.py:925} INFO - DAG(s) 'example_display_name' retrieved from /home/airflow/.local/lib/python3.12/site-packages/airflow/example_dags/example_display_name.py
[2024-10-03T22:11:40.499+0000] {logging_mixin.py:190} INFO - [2024-10-03T22:11:40.499+0000] {dag.py:3229} INFO - Sync 1 DAGs
[2024-10-03T22:11:40.522+0000] {logging_mixin.py:190} INFO - [2024-10-03T22:11:40.522+0000] {dag.py:4156} INFO - Setting next_dagrun for example_display_name to None, run_after=None
[2024-10-03T22:11:40.557+0000] {processor.py:208} INFO - Processing /home/airflow/.local/lib/python3.12/site-packages/airflow/example_dags/example_display_name.py took 0.108 seconds
[2024-10-03T22:12:10.988+0000] {processor.py:186} INFO - Started process (PID=880) to work on /home/airflow/.local/lib/python3.12/site-packages/airflow/example_dags/example_display_name.py
[2024-10-03T22:12:10.989+0000] {processor.py:914} INFO - Processing file /home/airflow/.local/lib/python3.12/site-packages/airflow/example_dags/example_display_name.py for tasks to queue
[2024-10-03T22:12:10.993+0000] {logging_mixin.py:190} INFO - [2024-10-03T22:12:10.992+0000] {dagbag.py:587} INFO - Filling up the DagBag from /home/airflow/.local/lib/python3.12/site-packages/airflow/example_dags/example_display_name.py
[2024-10-03T22:12:11.005+0000] {processor.py:925} INFO - DAG(s) 'example_display_name' retrieved from /home/airflow/.local/lib/python3.12/site-packages/airflow/example_dags/example_display_name.py
[2024-10-03T22:12:11.032+0000] {logging_mixin.py:190} INFO - [2024-10-03T22:12:11.032+0000] {dag.py:3229} INFO - Sync 1 DAGs
[2024-10-03T22:12:11.050+0000] {logging_mixin.py:190} INFO - [2024-10-03T22:12:11.050+0000] {dag.py:4156} INFO - Setting next_dagrun for example_display_name to None, run_after=None
[2024-10-03T22:12:11.079+0000] {processor.py:208} INFO - Processing /home/airflow/.local/lib/python3.12/site-packages/airflow/example_dags/example_display_name.py took 0.098 seconds
[2024-10-03T22:12:41.955+0000] {processor.py:186} INFO - Started process (PID=943) to work on /home/airflow/.local/lib/python3.12/site-packages/airflow/example_dags/example_display_name.py
[2024-10-03T22:12:41.956+0000] {processor.py:914} INFO - Processing file /home/airflow/.local/lib/python3.12/site-packages/airflow/example_dags/example_display_name.py for tasks to queue
[2024-10-03T22:12:41.959+0000] {logging_mixin.py:190} INFO - [2024-10-03T22:12:41.959+0000] {dagbag.py:587} INFO - Filling up the DagBag from /home/airflow/.local/lib/python3.12/site-packages/airflow/example_dags/example_display_name.py
[2024-10-03T22:12:41.969+0000] {processor.py:925} INFO - DAG(s) 'example_display_name' retrieved from /home/airflow/.local/lib/python3.12/site-packages/airflow/example_dags/example_display_name.py
[2024-10-03T22:12:41.991+0000] {logging_mixin.py:190} INFO - [2024-10-03T22:12:41.991+0000] {dag.py:3229} INFO - Sync 1 DAGs
[2024-10-03T22:12:42.016+0000] {logging_mixin.py:190} INFO - [2024-10-03T22:12:42.016+0000] {dag.py:4156} INFO - Setting next_dagrun for example_display_name to None, run_after=None
[2024-10-03T22:12:42.054+0000] {processor.py:208} INFO - Processing /home/airflow/.local/lib/python3.12/site-packages/airflow/example_dags/example_display_name.py took 0.108 seconds
[2024-10-03T22:13:12.505+0000] {processor.py:186} INFO - Started process (PID=1006) to work on /home/airflow/.local/lib/python3.12/site-packages/airflow/example_dags/example_display_name.py
[2024-10-03T22:13:12.506+0000] {processor.py:914} INFO - Processing file /home/airflow/.local/lib/python3.12/site-packages/airflow/example_dags/example_display_name.py for tasks to queue
[2024-10-03T22:13:12.515+0000] {logging_mixin.py:190} INFO - [2024-10-03T22:13:12.514+0000] {dagbag.py:587} INFO - Filling up the DagBag from /home/airflow/.local/lib/python3.12/site-packages/airflow/example_dags/example_display_name.py
[2024-10-03T22:13:12.527+0000] {processor.py:925} INFO - DAG(s) 'example_display_name' retrieved from /home/airflow/.local/lib/python3.12/site-packages/airflow/example_dags/example_display_name.py
[2024-10-03T22:13:12.552+0000] {logging_mixin.py:190} INFO - [2024-10-03T22:13:12.551+0000] {dag.py:3229} INFO - Sync 1 DAGs
[2024-10-03T22:13:12.571+0000] {logging_mixin.py:190} INFO - [2024-10-03T22:13:12.571+0000] {dag.py:4156} INFO - Setting next_dagrun for example_display_name to None, run_after=None
[2024-10-03T22:13:12.604+0000] {processor.py:208} INFO - Processing /home/airflow/.local/lib/python3.12/site-packages/airflow/example_dags/example_display_name.py took 0.106 seconds
[2024-10-03T22:13:43.127+0000] {processor.py:186} INFO - Started process (PID=1070) to work on /home/airflow/.local/lib/python3.12/site-packages/airflow/example_dags/example_display_name.py
[2024-10-03T22:13:43.128+0000] {processor.py:914} INFO - Processing file /home/airflow/.local/lib/python3.12/site-packages/airflow/example_dags/example_display_name.py for tasks to queue
[2024-10-03T22:13:43.131+0000] {logging_mixin.py:190} INFO - [2024-10-03T22:13:43.131+0000] {dagbag.py:587} INFO - Filling up the DagBag from /home/airflow/.local/lib/python3.12/site-packages/airflow/example_dags/example_display_name.py
[2024-10-03T22:13:43.142+0000] {processor.py:925} INFO - DAG(s) 'example_display_name' retrieved from /home/airflow/.local/lib/python3.12/site-packages/airflow/example_dags/example_display_name.py
[2024-10-03T22:13:43.167+0000] {logging_mixin.py:190} INFO - [2024-10-03T22:13:43.167+0000] {dag.py:3229} INFO - Sync 1 DAGs
[2024-10-03T22:13:43.188+0000] {logging_mixin.py:190} INFO - [2024-10-03T22:13:43.187+0000] {dag.py:4156} INFO - Setting next_dagrun for example_display_name to None, run_after=None
[2024-10-03T22:13:43.226+0000] {processor.py:208} INFO - Processing /home/airflow/.local/lib/python3.12/site-packages/airflow/example_dags/example_display_name.py took 0.113 seconds
[2024-10-03T22:14:13.973+0000] {processor.py:186} INFO - Started process (PID=1134) to work on /home/airflow/.local/lib/python3.12/site-packages/airflow/example_dags/example_display_name.py
[2024-10-03T22:14:13.974+0000] {processor.py:914} INFO - Processing file /home/airflow/.local/lib/python3.12/site-packages/airflow/example_dags/example_display_name.py for tasks to queue
[2024-10-03T22:14:13.978+0000] {logging_mixin.py:190} INFO - [2024-10-03T22:14:13.978+0000] {dagbag.py:587} INFO - Filling up the DagBag from /home/airflow/.local/lib/python3.12/site-packages/airflow/example_dags/example_display_name.py
[2024-10-03T22:14:13.990+0000] {processor.py:925} INFO - DAG(s) 'example_display_name' retrieved from /home/airflow/.local/lib/python3.12/site-packages/airflow/example_dags/example_display_name.py
[2024-10-03T22:14:14.021+0000] {logging_mixin.py:190} INFO - [2024-10-03T22:14:14.021+0000] {dag.py:3229} INFO - Sync 1 DAGs
[2024-10-03T22:14:14.043+0000] {logging_mixin.py:190} INFO - [2024-10-03T22:14:14.043+0000] {dag.py:4156} INFO - Setting next_dagrun for example_display_name to None, run_after=None
[2024-10-03T22:14:14.072+0000] {processor.py:208} INFO - Processing /home/airflow/.local/lib/python3.12/site-packages/airflow/example_dags/example_display_name.py took 0.109 seconds
[2024-10-03T22:14:44.491+0000] {processor.py:186} INFO - Started process (PID=1196) to work on /home/airflow/.local/lib/python3.12/site-packages/airflow/example_dags/example_display_name.py
[2024-10-03T22:14:44.493+0000] {processor.py:914} INFO - Processing file /home/airflow/.local/lib/python3.12/site-packages/airflow/example_dags/example_display_name.py for tasks to queue
[2024-10-03T22:14:44.497+0000] {logging_mixin.py:190} INFO - [2024-10-03T22:14:44.496+0000] {dagbag.py:587} INFO - Filling up the DagBag from /home/airflow/.local/lib/python3.12/site-packages/airflow/example_dags/example_display_name.py
[2024-10-03T22:14:44.506+0000] {processor.py:925} INFO - DAG(s) 'example_display_name' retrieved from /home/airflow/.local/lib/python3.12/site-packages/airflow/example_dags/example_display_name.py
[2024-10-03T22:14:44.534+0000] {logging_mixin.py:190} INFO - [2024-10-03T22:14:44.533+0000] {dag.py:3229} INFO - Sync 1 DAGs
[2024-10-03T22:14:44.554+0000] {logging_mixin.py:190} INFO - [2024-10-03T22:14:44.554+0000] {dag.py:4156} INFO - Setting next_dagrun for example_display_name to None, run_after=None
[2024-10-03T22:14:44.600+0000] {processor.py:208} INFO - Processing /home/airflow/.local/lib/python3.12/site-packages/airflow/example_dags/example_display_name.py took 0.119 seconds
[2024-10-03T22:15:14.896+0000] {processor.py:186} INFO - Started process (PID=1259) to work on /home/airflow/.local/lib/python3.12/site-packages/airflow/example_dags/example_display_name.py
[2024-10-03T22:15:14.897+0000] {processor.py:914} INFO - Processing file /home/airflow/.local/lib/python3.12/site-packages/airflow/example_dags/example_display_name.py for tasks to queue
[2024-10-03T22:15:14.901+0000] {logging_mixin.py:190} INFO - [2024-10-03T22:15:14.900+0000] {dagbag.py:587} INFO - Filling up the DagBag from /home/airflow/.local/lib/python3.12/site-packages/airflow/example_dags/example_display_name.py
[2024-10-03T22:15:14.911+0000] {processor.py:925} INFO - DAG(s) 'example_display_name' retrieved from /home/airflow/.local/lib/python3.12/site-packages/airflow/example_dags/example_display_name.py
[2024-10-03T22:15:14.939+0000] {logging_mixin.py:190} INFO - [2024-10-03T22:15:14.939+0000] {dag.py:3229} INFO - Sync 1 DAGs
[2024-10-03T22:15:14.962+0000] {logging_mixin.py:190} INFO - [2024-10-03T22:15:14.961+0000] {dag.py:4156} INFO - Setting next_dagrun for example_display_name to None, run_after=None
[2024-10-03T22:15:14.995+0000] {processor.py:208} INFO - Processing /home/airflow/.local/lib/python3.12/site-packages/airflow/example_dags/example_display_name.py took 0.107 seconds
[2024-10-03T22:15:45.317+0000] {processor.py:186} INFO - Started process (PID=1322) to work on /home/airflow/.local/lib/python3.12/site-packages/airflow/example_dags/example_display_name.py
[2024-10-03T22:15:45.319+0000] {processor.py:914} INFO - Processing file /home/airflow/.local/lib/python3.12/site-packages/airflow/example_dags/example_display_name.py for tasks to queue
[2024-10-03T22:15:45.328+0000] {logging_mixin.py:190} INFO - [2024-10-03T22:15:45.328+0000] {dagbag.py:587} INFO - Filling up the DagBag from /home/airflow/.local/lib/python3.12/site-packages/airflow/example_dags/example_display_name.py
[2024-10-03T22:15:45.342+0000] {processor.py:925} INFO - DAG(s) 'example_display_name' retrieved from /home/airflow/.local/lib/python3.12/site-packages/airflow/example_dags/example_display_name.py
[2024-10-03T22:15:45.391+0000] {logging_mixin.py:190} INFO - [2024-10-03T22:15:45.390+0000] {dag.py:3229} INFO - Sync 1 DAGs
[2024-10-03T22:15:45.427+0000] {logging_mixin.py:190} INFO - [2024-10-03T22:15:45.427+0000] {dag.py:4156} INFO - Setting next_dagrun for example_display_name to None, run_after=None
[2024-10-03T22:15:45.480+0000] {processor.py:208} INFO - Processing /home/airflow/.local/lib/python3.12/site-packages/airflow/example_dags/example_display_name.py took 0.178 seconds
[2024-10-03T22:16:15.764+0000] {processor.py:186} INFO - Started process (PID=1391) to work on /home/airflow/.local/lib/python3.12/site-packages/airflow/example_dags/example_display_name.py
[2024-10-03T22:16:15.777+0000] {processor.py:914} INFO - Processing file /home/airflow/.local/lib/python3.12/site-packages/airflow/example_dags/example_display_name.py for tasks to queue
[2024-10-03T22:16:15.794+0000] {logging_mixin.py:190} INFO - [2024-10-03T22:16:15.794+0000] {dagbag.py:587} INFO - Filling up the DagBag from /home/airflow/.local/lib/python3.12/site-packages/airflow/example_dags/example_display_name.py
[2024-10-03T22:16:15.854+0000] {processor.py:925} INFO - DAG(s) 'example_display_name' retrieved from /home/airflow/.local/lib/python3.12/site-packages/airflow/example_dags/example_display_name.py
[2024-10-03T22:16:15.935+0000] {logging_mixin.py:190} INFO - [2024-10-03T22:16:15.924+0000] {dag.py:3229} INFO - Sync 1 DAGs
[2024-10-03T22:16:16.021+0000] {logging_mixin.py:190} INFO - [2024-10-03T22:16:16.021+0000] {dag.py:4156} INFO - Setting next_dagrun for example_display_name to None, run_after=None
[2024-10-03T22:16:16.120+0000] {processor.py:208} INFO - Processing /home/airflow/.local/lib/python3.12/site-packages/airflow/example_dags/example_display_name.py took 0.377 seconds
[2024-10-03T22:16:46.245+0000] {processor.py:186} INFO - Started process (PID=1454) to work on /home/airflow/.local/lib/python3.12/site-packages/airflow/example_dags/example_display_name.py
[2024-10-03T22:16:46.249+0000] {processor.py:914} INFO - Processing file /home/airflow/.local/lib/python3.12/site-packages/airflow/example_dags/example_display_name.py for tasks to queue
[2024-10-03T22:16:46.257+0000] {logging_mixin.py:190} INFO - [2024-10-03T22:16:46.257+0000] {dagbag.py:587} INFO - Filling up the DagBag from /home/airflow/.local/lib/python3.12/site-packages/airflow/example_dags/example_display_name.py
[2024-10-03T22:16:46.276+0000] {processor.py:925} INFO - DAG(s) 'example_display_name' retrieved from /home/airflow/.local/lib/python3.12/site-packages/airflow/example_dags/example_display_name.py
[2024-10-03T22:16:46.342+0000] {logging_mixin.py:190} INFO - [2024-10-03T22:16:46.341+0000] {dag.py:3229} INFO - Sync 1 DAGs
[2024-10-03T22:16:46.392+0000] {logging_mixin.py:190} INFO - [2024-10-03T22:16:46.392+0000] {dag.py:4156} INFO - Setting next_dagrun for example_display_name to None, run_after=None
[2024-10-03T22:16:46.471+0000] {processor.py:208} INFO - Processing /home/airflow/.local/lib/python3.12/site-packages/airflow/example_dags/example_display_name.py took 0.235 seconds
[2024-10-03T22:17:16.916+0000] {processor.py:186} INFO - Started process (PID=1517) to work on /home/airflow/.local/lib/python3.12/site-packages/airflow/example_dags/example_display_name.py
[2024-10-03T22:17:16.923+0000] {processor.py:914} INFO - Processing file /home/airflow/.local/lib/python3.12/site-packages/airflow/example_dags/example_display_name.py for tasks to queue
[2024-10-03T22:17:16.930+0000] {logging_mixin.py:190} INFO - [2024-10-03T22:17:16.929+0000] {dagbag.py:587} INFO - Filling up the DagBag from /home/airflow/.local/lib/python3.12/site-packages/airflow/example_dags/example_display_name.py
[2024-10-03T22:17:16.955+0000] {processor.py:925} INFO - DAG(s) 'example_display_name' retrieved from /home/airflow/.local/lib/python3.12/site-packages/airflow/example_dags/example_display_name.py
[2024-10-03T22:17:17.008+0000] {logging_mixin.py:190} INFO - [2024-10-03T22:17:17.007+0000] {dag.py:3229} INFO - Sync 1 DAGs
[2024-10-03T22:17:17.060+0000] {logging_mixin.py:190} INFO - [2024-10-03T22:17:17.060+0000] {dag.py:4156} INFO - Setting next_dagrun for example_display_name to None, run_after=None
[2024-10-03T22:17:17.131+0000] {processor.py:208} INFO - Processing /home/airflow/.local/lib/python3.12/site-packages/airflow/example_dags/example_display_name.py took 0.229 seconds
[2024-10-03T22:17:47.210+0000] {processor.py:186} INFO - Started process (PID=1580) to work on /home/airflow/.local/lib/python3.12/site-packages/airflow/example_dags/example_display_name.py
[2024-10-03T22:17:47.212+0000] {processor.py:914} INFO - Processing file /home/airflow/.local/lib/python3.12/site-packages/airflow/example_dags/example_display_name.py for tasks to queue
[2024-10-03T22:17:47.215+0000] {logging_mixin.py:190} INFO - [2024-10-03T22:17:47.215+0000] {dagbag.py:587} INFO - Filling up the DagBag from /home/airflow/.local/lib/python3.12/site-packages/airflow/example_dags/example_display_name.py
[2024-10-03T22:17:47.226+0000] {processor.py:925} INFO - DAG(s) 'example_display_name' retrieved from /home/airflow/.local/lib/python3.12/site-packages/airflow/example_dags/example_display_name.py
[2024-10-03T22:17:47.256+0000] {logging_mixin.py:190} INFO - [2024-10-03T22:17:47.255+0000] {dag.py:3229} INFO - Sync 1 DAGs
[2024-10-03T22:17:47.282+0000] {logging_mixin.py:190} INFO - [2024-10-03T22:17:47.282+0000] {dag.py:4156} INFO - Setting next_dagrun for example_display_name to None, run_after=None
[2024-10-03T22:17:47.314+0000] {processor.py:208} INFO - Processing /home/airflow/.local/lib/python3.12/site-packages/airflow/example_dags/example_display_name.py took 0.113 seconds
[2024-10-03T22:18:17.574+0000] {processor.py:186} INFO - Started process (PID=1643) to work on /home/airflow/.local/lib/python3.12/site-packages/airflow/example_dags/example_display_name.py
[2024-10-03T22:18:17.577+0000] {processor.py:914} INFO - Processing file /home/airflow/.local/lib/python3.12/site-packages/airflow/example_dags/example_display_name.py for tasks to queue
[2024-10-03T22:18:17.580+0000] {logging_mixin.py:190} INFO - [2024-10-03T22:18:17.580+0000] {dagbag.py:587} INFO - Filling up the DagBag from /home/airflow/.local/lib/python3.12/site-packages/airflow/example_dags/example_display_name.py
[2024-10-03T22:18:17.592+0000] {processor.py:925} INFO - DAG(s) 'example_display_name' retrieved from /home/airflow/.local/lib/python3.12/site-packages/airflow/example_dags/example_display_name.py
[2024-10-03T22:18:17.628+0000] {logging_mixin.py:190} INFO - [2024-10-03T22:18:17.627+0000] {dag.py:3229} INFO - Sync 1 DAGs
[2024-10-03T22:18:17.659+0000] {logging_mixin.py:190} INFO - [2024-10-03T22:18:17.659+0000] {dag.py:4156} INFO - Setting next_dagrun for example_display_name to None, run_after=None
[2024-10-03T22:18:17.709+0000] {processor.py:208} INFO - Processing /home/airflow/.local/lib/python3.12/site-packages/airflow/example_dags/example_display_name.py took 0.143 seconds
[2024-10-03T22:18:47.811+0000] {processor.py:186} INFO - Started process (PID=1706) to work on /home/airflow/.local/lib/python3.12/site-packages/airflow/example_dags/example_display_name.py
[2024-10-03T22:18:47.813+0000] {processor.py:914} INFO - Processing file /home/airflow/.local/lib/python3.12/site-packages/airflow/example_dags/example_display_name.py for tasks to queue
[2024-10-03T22:18:47.816+0000] {logging_mixin.py:190} INFO - [2024-10-03T22:18:47.815+0000] {dagbag.py:587} INFO - Filling up the DagBag from /home/airflow/.local/lib/python3.12/site-packages/airflow/example_dags/example_display_name.py
[2024-10-03T22:18:47.824+0000] {processor.py:925} INFO - DAG(s) 'example_display_name' retrieved from /home/airflow/.local/lib/python3.12/site-packages/airflow/example_dags/example_display_name.py
[2024-10-03T22:18:47.851+0000] {logging_mixin.py:190} INFO - [2024-10-03T22:18:47.851+0000] {dag.py:3229} INFO - Sync 1 DAGs
[2024-10-03T22:18:47.871+0000] {logging_mixin.py:190} INFO - [2024-10-03T22:18:47.870+0000] {dag.py:4156} INFO - Setting next_dagrun for example_display_name to None, run_after=None
[2024-10-03T22:18:47.906+0000] {processor.py:208} INFO - Processing /home/airflow/.local/lib/python3.12/site-packages/airflow/example_dags/example_display_name.py took 0.104 seconds
[2024-10-03T22:19:18.146+0000] {processor.py:186} INFO - Started process (PID=1769) to work on /home/airflow/.local/lib/python3.12/site-packages/airflow/example_dags/example_display_name.py
[2024-10-03T22:19:18.147+0000] {processor.py:914} INFO - Processing file /home/airflow/.local/lib/python3.12/site-packages/airflow/example_dags/example_display_name.py for tasks to queue
[2024-10-03T22:19:18.151+0000] {logging_mixin.py:190} INFO - [2024-10-03T22:19:18.150+0000] {dagbag.py:587} INFO - Filling up the DagBag from /home/airflow/.local/lib/python3.12/site-packages/airflow/example_dags/example_display_name.py
[2024-10-03T22:19:18.161+0000] {processor.py:925} INFO - DAG(s) 'example_display_name' retrieved from /home/airflow/.local/lib/python3.12/site-packages/airflow/example_dags/example_display_name.py
[2024-10-03T22:19:18.193+0000] {logging_mixin.py:190} INFO - [2024-10-03T22:19:18.192+0000] {dag.py:3229} INFO - Sync 1 DAGs
[2024-10-03T22:19:18.216+0000] {logging_mixin.py:190} INFO - [2024-10-03T22:19:18.216+0000] {dag.py:4156} INFO - Setting next_dagrun for example_display_name to None, run_after=None
[2024-10-03T22:19:18.286+0000] {processor.py:208} INFO - Processing /home/airflow/.local/lib/python3.12/site-packages/airflow/example_dags/example_display_name.py took 0.148 seconds
[2024-10-03T22:19:48.382+0000] {processor.py:186} INFO - Started process (PID=1832) to work on /home/airflow/.local/lib/python3.12/site-packages/airflow/example_dags/example_display_name.py
[2024-10-03T22:19:48.384+0000] {processor.py:914} INFO - Processing file /home/airflow/.local/lib/python3.12/site-packages/airflow/example_dags/example_display_name.py for tasks to queue
[2024-10-03T22:19:48.386+0000] {logging_mixin.py:190} INFO - [2024-10-03T22:19:48.386+0000] {dagbag.py:587} INFO - Filling up the DagBag from /home/airflow/.local/lib/python3.12/site-packages/airflow/example_dags/example_display_name.py
[2024-10-03T22:19:48.395+0000] {processor.py:925} INFO - DAG(s) 'example_display_name' retrieved from /home/airflow/.local/lib/python3.12/site-packages/airflow/example_dags/example_display_name.py
[2024-10-03T22:19:48.422+0000] {logging_mixin.py:190} INFO - [2024-10-03T22:19:48.422+0000] {dag.py:3229} INFO - Sync 1 DAGs
[2024-10-03T22:19:48.445+0000] {logging_mixin.py:190} INFO - [2024-10-03T22:19:48.445+0000] {dag.py:4156} INFO - Setting next_dagrun for example_display_name to None, run_after=None
[2024-10-03T22:19:48.488+0000] {processor.py:208} INFO - Processing /home/airflow/.local/lib/python3.12/site-packages/airflow/example_dags/example_display_name.py took 0.112 seconds
[2024-10-03T22:20:18.841+0000] {processor.py:186} INFO - Started process (PID=1895) to work on /home/airflow/.local/lib/python3.12/site-packages/airflow/example_dags/example_display_name.py
[2024-10-03T22:20:18.842+0000] {processor.py:914} INFO - Processing file /home/airflow/.local/lib/python3.12/site-packages/airflow/example_dags/example_display_name.py for tasks to queue
[2024-10-03T22:20:18.846+0000] {logging_mixin.py:190} INFO - [2024-10-03T22:20:18.845+0000] {dagbag.py:587} INFO - Filling up the DagBag from /home/airflow/.local/lib/python3.12/site-packages/airflow/example_dags/example_display_name.py
[2024-10-03T22:20:18.857+0000] {processor.py:925} INFO - DAG(s) 'example_display_name' retrieved from /home/airflow/.local/lib/python3.12/site-packages/airflow/example_dags/example_display_name.py
[2024-10-03T22:20:18.882+0000] {logging_mixin.py:190} INFO - [2024-10-03T22:20:18.881+0000] {dag.py:3229} INFO - Sync 1 DAGs
[2024-10-03T22:20:18.899+0000] {logging_mixin.py:190} INFO - [2024-10-03T22:20:18.899+0000] {dag.py:4156} INFO - Setting next_dagrun for example_display_name to None, run_after=None
[2024-10-03T22:20:18.923+0000] {processor.py:208} INFO - Processing /home/airflow/.local/lib/python3.12/site-packages/airflow/example_dags/example_display_name.py took 0.092 seconds
[2024-10-03T22:20:49.311+0000] {processor.py:186} INFO - Started process (PID=1958) to work on /home/airflow/.local/lib/python3.12/site-packages/airflow/example_dags/example_display_name.py
[2024-10-03T22:20:49.312+0000] {processor.py:914} INFO - Processing file /home/airflow/.local/lib/python3.12/site-packages/airflow/example_dags/example_display_name.py for tasks to queue
[2024-10-03T22:20:49.315+0000] {logging_mixin.py:190} INFO - [2024-10-03T22:20:49.315+0000] {dagbag.py:587} INFO - Filling up the DagBag from /home/airflow/.local/lib/python3.12/site-packages/airflow/example_dags/example_display_name.py
[2024-10-03T22:20:49.323+0000] {processor.py:925} INFO - DAG(s) 'example_display_name' retrieved from /home/airflow/.local/lib/python3.12/site-packages/airflow/example_dags/example_display_name.py
[2024-10-03T22:20:49.346+0000] {logging_mixin.py:190} INFO - [2024-10-03T22:20:49.346+0000] {dag.py:3229} INFO - Sync 1 DAGs
[2024-10-03T22:20:49.367+0000] {logging_mixin.py:190} INFO - [2024-10-03T22:20:49.366+0000] {dag.py:4156} INFO - Setting next_dagrun for example_display_name to None, run_after=None
[2024-10-03T22:20:49.397+0000] {processor.py:208} INFO - Processing /home/airflow/.local/lib/python3.12/site-packages/airflow/example_dags/example_display_name.py took 0.093 seconds
[2024-10-03T22:21:19.776+0000] {processor.py:186} INFO - Started process (PID=2021) to work on /home/airflow/.local/lib/python3.12/site-packages/airflow/example_dags/example_display_name.py
[2024-10-03T22:21:19.777+0000] {processor.py:914} INFO - Processing file /home/airflow/.local/lib/python3.12/site-packages/airflow/example_dags/example_display_name.py for tasks to queue
[2024-10-03T22:21:19.780+0000] {logging_mixin.py:190} INFO - [2024-10-03T22:21:19.780+0000] {dagbag.py:587} INFO - Filling up the DagBag from /home/airflow/.local/lib/python3.12/site-packages/airflow/example_dags/example_display_name.py
[2024-10-03T22:21:19.789+0000] {processor.py:925} INFO - DAG(s) 'example_display_name' retrieved from /home/airflow/.local/lib/python3.12/site-packages/airflow/example_dags/example_display_name.py
[2024-10-03T22:21:19.812+0000] {logging_mixin.py:190} INFO - [2024-10-03T22:21:19.812+0000] {dag.py:3229} INFO - Sync 1 DAGs
[2024-10-03T22:21:19.830+0000] {logging_mixin.py:190} INFO - [2024-10-03T22:21:19.829+0000] {dag.py:4156} INFO - Setting next_dagrun for example_display_name to None, run_after=None
[2024-10-03T22:21:19.862+0000] {processor.py:208} INFO - Processing /home/airflow/.local/lib/python3.12/site-packages/airflow/example_dags/example_display_name.py took 0.094 seconds
[2024-10-03T22:21:50.145+0000] {processor.py:186} INFO - Started process (PID=2084) to work on /home/airflow/.local/lib/python3.12/site-packages/airflow/example_dags/example_display_name.py
[2024-10-03T22:21:50.146+0000] {processor.py:914} INFO - Processing file /home/airflow/.local/lib/python3.12/site-packages/airflow/example_dags/example_display_name.py for tasks to queue
[2024-10-03T22:21:50.149+0000] {logging_mixin.py:190} INFO - [2024-10-03T22:21:50.149+0000] {dagbag.py:587} INFO - Filling up the DagBag from /home/airflow/.local/lib/python3.12/site-packages/airflow/example_dags/example_display_name.py
[2024-10-03T22:21:50.161+0000] {processor.py:925} INFO - DAG(s) 'example_display_name' retrieved from /home/airflow/.local/lib/python3.12/site-packages/airflow/example_dags/example_display_name.py
[2024-10-03T22:21:50.189+0000] {logging_mixin.py:190} INFO - [2024-10-03T22:21:50.188+0000] {dag.py:3229} INFO - Sync 1 DAGs
[2024-10-03T22:21:50.216+0000] {logging_mixin.py:190} INFO - [2024-10-03T22:21:50.216+0000] {dag.py:4156} INFO - Setting next_dagrun for example_display_name to None, run_after=None
[2024-10-03T22:21:50.249+0000] {processor.py:208} INFO - Processing /home/airflow/.local/lib/python3.12/site-packages/airflow/example_dags/example_display_name.py took 0.112 seconds
[2024-10-03T22:22:20.451+0000] {processor.py:186} INFO - Started process (PID=2147) to work on /home/airflow/.local/lib/python3.12/site-packages/airflow/example_dags/example_display_name.py
[2024-10-03T22:22:20.452+0000] {processor.py:914} INFO - Processing file /home/airflow/.local/lib/python3.12/site-packages/airflow/example_dags/example_display_name.py for tasks to queue
[2024-10-03T22:22:20.456+0000] {logging_mixin.py:190} INFO - [2024-10-03T22:22:20.455+0000] {dagbag.py:587} INFO - Filling up the DagBag from /home/airflow/.local/lib/python3.12/site-packages/airflow/example_dags/example_display_name.py
[2024-10-03T22:22:20.466+0000] {processor.py:925} INFO - DAG(s) 'example_display_name' retrieved from /home/airflow/.local/lib/python3.12/site-packages/airflow/example_dags/example_display_name.py
[2024-10-03T22:22:20.491+0000] {logging_mixin.py:190} INFO - [2024-10-03T22:22:20.490+0000] {dag.py:3229} INFO - Sync 1 DAGs
[2024-10-03T22:22:20.510+0000] {logging_mixin.py:190} INFO - [2024-10-03T22:22:20.510+0000] {dag.py:4156} INFO - Setting next_dagrun for example_display_name to None, run_after=None
[2024-10-03T22:22:20.545+0000] {processor.py:208} INFO - Processing /home/airflow/.local/lib/python3.12/site-packages/airflow/example_dags/example_display_name.py took 0.104 seconds
[2024-10-03T22:22:50.997+0000] {processor.py:186} INFO - Started process (PID=2209) to work on /home/airflow/.local/lib/python3.12/site-packages/airflow/example_dags/example_display_name.py
[2024-10-03T22:22:50.998+0000] {processor.py:914} INFO - Processing file /home/airflow/.local/lib/python3.12/site-packages/airflow/example_dags/example_display_name.py for tasks to queue
[2024-10-03T22:22:51.001+0000] {logging_mixin.py:190} INFO - [2024-10-03T22:22:51.001+0000] {dagbag.py:587} INFO - Filling up the DagBag from /home/airflow/.local/lib/python3.12/site-packages/airflow/example_dags/example_display_name.py
[2024-10-03T22:22:51.011+0000] {processor.py:925} INFO - DAG(s) 'example_display_name' retrieved from /home/airflow/.local/lib/python3.12/site-packages/airflow/example_dags/example_display_name.py
[2024-10-03T22:22:51.041+0000] {logging_mixin.py:190} INFO - [2024-10-03T22:22:51.040+0000] {dag.py:3229} INFO - Sync 1 DAGs
[2024-10-03T22:22:51.071+0000] {logging_mixin.py:190} INFO - [2024-10-03T22:22:51.070+0000] {dag.py:4156} INFO - Setting next_dagrun for example_display_name to None, run_after=None
[2024-10-03T22:22:51.104+0000] {processor.py:208} INFO - Processing /home/airflow/.local/lib/python3.12/site-packages/airflow/example_dags/example_display_name.py took 0.117 seconds
[2024-10-03T22:23:21.540+0000] {processor.py:186} INFO - Started process (PID=2272) to work on /home/airflow/.local/lib/python3.12/site-packages/airflow/example_dags/example_display_name.py
[2024-10-03T22:23:21.542+0000] {processor.py:914} INFO - Processing file /home/airflow/.local/lib/python3.12/site-packages/airflow/example_dags/example_display_name.py for tasks to queue
[2024-10-03T22:23:21.546+0000] {logging_mixin.py:190} INFO - [2024-10-03T22:23:21.545+0000] {dagbag.py:587} INFO - Filling up the DagBag from /home/airflow/.local/lib/python3.12/site-packages/airflow/example_dags/example_display_name.py
[2024-10-03T22:23:21.557+0000] {processor.py:925} INFO - DAG(s) 'example_display_name' retrieved from /home/airflow/.local/lib/python3.12/site-packages/airflow/example_dags/example_display_name.py
[2024-10-03T22:23:21.587+0000] {logging_mixin.py:190} INFO - [2024-10-03T22:23:21.587+0000] {dag.py:3229} INFO - Sync 1 DAGs
[2024-10-03T22:23:21.611+0000] {logging_mixin.py:190} INFO - [2024-10-03T22:23:21.611+0000] {dag.py:4156} INFO - Setting next_dagrun for example_display_name to None, run_after=None
[2024-10-03T22:23:21.637+0000] {processor.py:208} INFO - Processing /home/airflow/.local/lib/python3.12/site-packages/airflow/example_dags/example_display_name.py took 0.106 seconds
[2024-10-03T22:23:52.068+0000] {processor.py:186} INFO - Started process (PID=2335) to work on /home/airflow/.local/lib/python3.12/site-packages/airflow/example_dags/example_display_name.py
[2024-10-03T22:23:52.069+0000] {processor.py:914} INFO - Processing file /home/airflow/.local/lib/python3.12/site-packages/airflow/example_dags/example_display_name.py for tasks to queue
[2024-10-03T22:23:52.072+0000] {logging_mixin.py:190} INFO - [2024-10-03T22:23:52.072+0000] {dagbag.py:587} INFO - Filling up the DagBag from /home/airflow/.local/lib/python3.12/site-packages/airflow/example_dags/example_display_name.py
[2024-10-03T22:23:52.083+0000] {processor.py:925} INFO - DAG(s) 'example_display_name' retrieved from /home/airflow/.local/lib/python3.12/site-packages/airflow/example_dags/example_display_name.py
[2024-10-03T22:23:52.114+0000] {logging_mixin.py:190} INFO - [2024-10-03T22:23:52.113+0000] {dag.py:3229} INFO - Sync 1 DAGs
[2024-10-03T22:23:52.137+0000] {logging_mixin.py:190} INFO - [2024-10-03T22:23:52.137+0000] {dag.py:4156} INFO - Setting next_dagrun for example_display_name to None, run_after=None
[2024-10-03T22:23:52.171+0000] {processor.py:208} INFO - Processing /home/airflow/.local/lib/python3.12/site-packages/airflow/example_dags/example_display_name.py took 0.116 seconds
[2024-10-03T22:24:22.796+0000] {processor.py:186} INFO - Started process (PID=2397) to work on /home/airflow/.local/lib/python3.12/site-packages/airflow/example_dags/example_display_name.py
[2024-10-03T22:24:22.798+0000] {processor.py:914} INFO - Processing file /home/airflow/.local/lib/python3.12/site-packages/airflow/example_dags/example_display_name.py for tasks to queue
[2024-10-03T22:24:22.802+0000] {logging_mixin.py:190} INFO - [2024-10-03T22:24:22.801+0000] {dagbag.py:587} INFO - Filling up the DagBag from /home/airflow/.local/lib/python3.12/site-packages/airflow/example_dags/example_display_name.py
[2024-10-03T22:24:22.815+0000] {processor.py:925} INFO - DAG(s) 'example_display_name' retrieved from /home/airflow/.local/lib/python3.12/site-packages/airflow/example_dags/example_display_name.py
[2024-10-03T22:24:22.846+0000] {logging_mixin.py:190} INFO - [2024-10-03T22:24:22.846+0000] {dag.py:3229} INFO - Sync 1 DAGs
[2024-10-03T22:24:22.868+0000] {logging_mixin.py:190} INFO - [2024-10-03T22:24:22.868+0000] {dag.py:4156} INFO - Setting next_dagrun for example_display_name to None, run_after=None
[2024-10-03T22:24:22.893+0000] {processor.py:208} INFO - Processing /home/airflow/.local/lib/python3.12/site-packages/airflow/example_dags/example_display_name.py took 0.120 seconds
[2024-10-03T22:24:53.279+0000] {processor.py:186} INFO - Started process (PID=2460) to work on /home/airflow/.local/lib/python3.12/site-packages/airflow/example_dags/example_display_name.py
[2024-10-03T22:24:53.281+0000] {processor.py:914} INFO - Processing file /home/airflow/.local/lib/python3.12/site-packages/airflow/example_dags/example_display_name.py for tasks to queue
[2024-10-03T22:24:53.284+0000] {logging_mixin.py:190} INFO - [2024-10-03T22:24:53.284+0000] {dagbag.py:587} INFO - Filling up the DagBag from /home/airflow/.local/lib/python3.12/site-packages/airflow/example_dags/example_display_name.py
[2024-10-03T22:24:53.297+0000] {processor.py:925} INFO - DAG(s) 'example_display_name' retrieved from /home/airflow/.local/lib/python3.12/site-packages/airflow/example_dags/example_display_name.py
[2024-10-03T22:24:53.330+0000] {logging_mixin.py:190} INFO - [2024-10-03T22:24:53.330+0000] {dag.py:3229} INFO - Sync 1 DAGs
[2024-10-03T22:24:53.355+0000] {logging_mixin.py:190} INFO - [2024-10-03T22:24:53.354+0000] {dag.py:4156} INFO - Setting next_dagrun for example_display_name to None, run_after=None
[2024-10-03T22:24:53.413+0000] {processor.py:208} INFO - Processing /home/airflow/.local/lib/python3.12/site-packages/airflow/example_dags/example_display_name.py took 0.145 seconds
[2024-10-03T22:25:24.442+0000] {processor.py:186} INFO - Started process (PID=2523) to work on /home/airflow/.local/lib/python3.12/site-packages/airflow/example_dags/example_display_name.py
[2024-10-03T22:25:24.444+0000] {processor.py:914} INFO - Processing file /home/airflow/.local/lib/python3.12/site-packages/airflow/example_dags/example_display_name.py for tasks to queue
[2024-10-03T22:25:24.455+0000] {logging_mixin.py:190} INFO - [2024-10-03T22:25:24.455+0000] {dagbag.py:587} INFO - Filling up the DagBag from /home/airflow/.local/lib/python3.12/site-packages/airflow/example_dags/example_display_name.py
[2024-10-03T22:25:24.477+0000] {processor.py:925} INFO - DAG(s) 'example_display_name' retrieved from /home/airflow/.local/lib/python3.12/site-packages/airflow/example_dags/example_display_name.py
[2024-10-03T22:25:24.568+0000] {logging_mixin.py:190} INFO - [2024-10-03T22:25:24.568+0000] {dag.py:3229} INFO - Sync 1 DAGs
[2024-10-03T22:25:24.622+0000] {logging_mixin.py:190} INFO - [2024-10-03T22:25:24.621+0000] {dag.py:4156} INFO - Setting next_dagrun for example_display_name to None, run_after=None
[2024-10-03T22:25:24.720+0000] {processor.py:208} INFO - Processing /home/airflow/.local/lib/python3.12/site-packages/airflow/example_dags/example_display_name.py took 0.307 seconds
[2024-10-03T22:25:55.663+0000] {processor.py:186} INFO - Started process (PID=2586) to work on /home/airflow/.local/lib/python3.12/site-packages/airflow/example_dags/example_display_name.py
[2024-10-03T22:25:55.665+0000] {processor.py:914} INFO - Processing file /home/airflow/.local/lib/python3.12/site-packages/airflow/example_dags/example_display_name.py for tasks to queue
[2024-10-03T22:25:55.669+0000] {logging_mixin.py:190} INFO - [2024-10-03T22:25:55.669+0000] {dagbag.py:587} INFO - Filling up the DagBag from /home/airflow/.local/lib/python3.12/site-packages/airflow/example_dags/example_display_name.py
[2024-10-03T22:25:55.682+0000] {processor.py:925} INFO - DAG(s) 'example_display_name' retrieved from /home/airflow/.local/lib/python3.12/site-packages/airflow/example_dags/example_display_name.py
[2024-10-03T22:25:55.709+0000] {logging_mixin.py:190} INFO - [2024-10-03T22:25:55.708+0000] {dag.py:3229} INFO - Sync 1 DAGs
[2024-10-03T22:25:55.728+0000] {logging_mixin.py:190} INFO - [2024-10-03T22:25:55.728+0000] {dag.py:4156} INFO - Setting next_dagrun for example_display_name to None, run_after=None
[2024-10-03T22:25:55.777+0000] {processor.py:208} INFO - Processing /home/airflow/.local/lib/python3.12/site-packages/airflow/example_dags/example_display_name.py took 0.124 seconds
[2024-10-03T22:26:26.487+0000] {processor.py:186} INFO - Started process (PID=2649) to work on /home/airflow/.local/lib/python3.12/site-packages/airflow/example_dags/example_display_name.py
[2024-10-03T22:26:26.490+0000] {processor.py:914} INFO - Processing file /home/airflow/.local/lib/python3.12/site-packages/airflow/example_dags/example_display_name.py for tasks to queue
[2024-10-03T22:26:26.494+0000] {logging_mixin.py:190} INFO - [2024-10-03T22:26:26.492+0000] {dagbag.py:587} INFO - Filling up the DagBag from /home/airflow/.local/lib/python3.12/site-packages/airflow/example_dags/example_display_name.py
[2024-10-03T22:26:26.510+0000] {processor.py:925} INFO - DAG(s) 'example_display_name' retrieved from /home/airflow/.local/lib/python3.12/site-packages/airflow/example_dags/example_display_name.py
[2024-10-03T22:26:26.566+0000] {logging_mixin.py:190} INFO - [2024-10-03T22:26:26.566+0000] {dag.py:3229} INFO - Sync 1 DAGs
[2024-10-03T22:26:26.598+0000] {logging_mixin.py:190} INFO - [2024-10-03T22:26:26.598+0000] {dag.py:4156} INFO - Setting next_dagrun for example_display_name to None, run_after=None
[2024-10-03T22:26:26.636+0000] {processor.py:208} INFO - Processing /home/airflow/.local/lib/python3.12/site-packages/airflow/example_dags/example_display_name.py took 0.165 seconds
[2024-10-03T22:26:56.840+0000] {processor.py:186} INFO - Started process (PID=2713) to work on /home/airflow/.local/lib/python3.12/site-packages/airflow/example_dags/example_display_name.py
[2024-10-03T22:26:56.842+0000] {processor.py:914} INFO - Processing file /home/airflow/.local/lib/python3.12/site-packages/airflow/example_dags/example_display_name.py for tasks to queue
[2024-10-03T22:26:56.846+0000] {logging_mixin.py:190} INFO - [2024-10-03T22:26:56.845+0000] {dagbag.py:587} INFO - Filling up the DagBag from /home/airflow/.local/lib/python3.12/site-packages/airflow/example_dags/example_display_name.py
[2024-10-03T22:26:56.858+0000] {processor.py:925} INFO - DAG(s) 'example_display_name' retrieved from /home/airflow/.local/lib/python3.12/site-packages/airflow/example_dags/example_display_name.py
[2024-10-03T22:26:56.888+0000] {logging_mixin.py:190} INFO - [2024-10-03T22:26:56.887+0000] {dag.py:3229} INFO - Sync 1 DAGs
[2024-10-03T22:26:56.909+0000] {logging_mixin.py:190} INFO - [2024-10-03T22:26:56.909+0000] {dag.py:4156} INFO - Setting next_dagrun for example_display_name to None, run_after=None
[2024-10-03T22:26:56.942+0000] {processor.py:208} INFO - Processing /home/airflow/.local/lib/python3.12/site-packages/airflow/example_dags/example_display_name.py took 0.110 seconds
[2024-10-03T22:27:27.059+0000] {processor.py:186} INFO - Started process (PID=2776) to work on /home/airflow/.local/lib/python3.12/site-packages/airflow/example_dags/example_display_name.py
[2024-10-03T22:27:27.061+0000] {processor.py:914} INFO - Processing file /home/airflow/.local/lib/python3.12/site-packages/airflow/example_dags/example_display_name.py for tasks to queue
[2024-10-03T22:27:27.066+0000] {logging_mixin.py:190} INFO - [2024-10-03T22:27:27.065+0000] {dagbag.py:587} INFO - Filling up the DagBag from /home/airflow/.local/lib/python3.12/site-packages/airflow/example_dags/example_display_name.py
[2024-10-03T22:27:27.079+0000] {processor.py:925} INFO - DAG(s) 'example_display_name' retrieved from /home/airflow/.local/lib/python3.12/site-packages/airflow/example_dags/example_display_name.py
[2024-10-03T22:27:27.121+0000] {logging_mixin.py:190} INFO - [2024-10-03T22:27:27.121+0000] {dag.py:3229} INFO - Sync 1 DAGs
[2024-10-03T22:27:27.154+0000] {logging_mixin.py:190} INFO - [2024-10-03T22:27:27.154+0000] {dag.py:4156} INFO - Setting next_dagrun for example_display_name to None, run_after=None
[2024-10-03T22:27:27.211+0000] {processor.py:208} INFO - Processing /home/airflow/.local/lib/python3.12/site-packages/airflow/example_dags/example_display_name.py took 0.162 seconds
[2024-10-03T22:27:57.334+0000] {processor.py:186} INFO - Started process (PID=2838) to work on /home/airflow/.local/lib/python3.12/site-packages/airflow/example_dags/example_display_name.py
[2024-10-03T22:27:57.335+0000] {processor.py:914} INFO - Processing file /home/airflow/.local/lib/python3.12/site-packages/airflow/example_dags/example_display_name.py for tasks to queue
[2024-10-03T22:27:57.338+0000] {logging_mixin.py:190} INFO - [2024-10-03T22:27:57.338+0000] {dagbag.py:587} INFO - Filling up the DagBag from /home/airflow/.local/lib/python3.12/site-packages/airflow/example_dags/example_display_name.py
[2024-10-03T22:27:57.351+0000] {processor.py:925} INFO - DAG(s) 'example_display_name' retrieved from /home/airflow/.local/lib/python3.12/site-packages/airflow/example_dags/example_display_name.py
[2024-10-03T22:27:57.383+0000] {logging_mixin.py:190} INFO - [2024-10-03T22:27:57.382+0000] {dag.py:3229} INFO - Sync 1 DAGs
[2024-10-03T22:27:57.407+0000] {logging_mixin.py:190} INFO - [2024-10-03T22:27:57.406+0000] {dag.py:4156} INFO - Setting next_dagrun for example_display_name to None, run_after=None
[2024-10-03T22:27:57.446+0000] {processor.py:208} INFO - Processing /home/airflow/.local/lib/python3.12/site-packages/airflow/example_dags/example_display_name.py took 0.122 seconds
[2024-10-03T22:28:27.657+0000] {processor.py:186} INFO - Started process (PID=2901) to work on /home/airflow/.local/lib/python3.12/site-packages/airflow/example_dags/example_display_name.py
[2024-10-03T22:28:27.659+0000] {processor.py:914} INFO - Processing file /home/airflow/.local/lib/python3.12/site-packages/airflow/example_dags/example_display_name.py for tasks to queue
[2024-10-03T22:28:27.662+0000] {logging_mixin.py:190} INFO - [2024-10-03T22:28:27.661+0000] {dagbag.py:587} INFO - Filling up the DagBag from /home/airflow/.local/lib/python3.12/site-packages/airflow/example_dags/example_display_name.py
[2024-10-03T22:28:27.671+0000] {processor.py:925} INFO - DAG(s) 'example_display_name' retrieved from /home/airflow/.local/lib/python3.12/site-packages/airflow/example_dags/example_display_name.py
[2024-10-03T22:28:27.705+0000] {logging_mixin.py:190} INFO - [2024-10-03T22:28:27.705+0000] {dag.py:3229} INFO - Sync 1 DAGs
[2024-10-03T22:28:27.728+0000] {logging_mixin.py:190} INFO - [2024-10-03T22:28:27.727+0000] {dag.py:4156} INFO - Setting next_dagrun for example_display_name to None, run_after=None
[2024-10-03T22:28:27.755+0000] {processor.py:208} INFO - Processing /home/airflow/.local/lib/python3.12/site-packages/airflow/example_dags/example_display_name.py took 0.106 seconds
[2024-10-03T22:28:58.217+0000] {processor.py:186} INFO - Started process (PID=2964) to work on /home/airflow/.local/lib/python3.12/site-packages/airflow/example_dags/example_display_name.py
[2024-10-03T22:28:58.219+0000] {processor.py:914} INFO - Processing file /home/airflow/.local/lib/python3.12/site-packages/airflow/example_dags/example_display_name.py for tasks to queue
[2024-10-03T22:28:58.224+0000] {logging_mixin.py:190} INFO - [2024-10-03T22:28:58.223+0000] {dagbag.py:587} INFO - Filling up the DagBag from /home/airflow/.local/lib/python3.12/site-packages/airflow/example_dags/example_display_name.py
[2024-10-03T22:28:58.239+0000] {processor.py:925} INFO - DAG(s) 'example_display_name' retrieved from /home/airflow/.local/lib/python3.12/site-packages/airflow/example_dags/example_display_name.py
[2024-10-03T22:28:58.269+0000] {logging_mixin.py:190} INFO - [2024-10-03T22:28:58.269+0000] {dag.py:3229} INFO - Sync 1 DAGs
[2024-10-03T22:28:58.295+0000] {logging_mixin.py:190} INFO - [2024-10-03T22:28:58.294+0000] {dag.py:4156} INFO - Setting next_dagrun for example_display_name to None, run_after=None
[2024-10-03T22:28:58.334+0000] {processor.py:208} INFO - Processing /home/airflow/.local/lib/python3.12/site-packages/airflow/example_dags/example_display_name.py took 0.127 seconds
[2024-10-03T22:29:28.658+0000] {processor.py:186} INFO - Started process (PID=3027) to work on /home/airflow/.local/lib/python3.12/site-packages/airflow/example_dags/example_display_name.py
[2024-10-03T22:29:28.659+0000] {processor.py:914} INFO - Processing file /home/airflow/.local/lib/python3.12/site-packages/airflow/example_dags/example_display_name.py for tasks to queue
[2024-10-03T22:29:28.662+0000] {logging_mixin.py:190} INFO - [2024-10-03T22:29:28.662+0000] {dagbag.py:587} INFO - Filling up the DagBag from /home/airflow/.local/lib/python3.12/site-packages/airflow/example_dags/example_display_name.py
[2024-10-03T22:29:28.673+0000] {processor.py:925} INFO - DAG(s) 'example_display_name' retrieved from /home/airflow/.local/lib/python3.12/site-packages/airflow/example_dags/example_display_name.py
[2024-10-03T22:29:28.695+0000] {logging_mixin.py:190} INFO - [2024-10-03T22:29:28.695+0000] {dag.py:3229} INFO - Sync 1 DAGs
[2024-10-03T22:29:28.887+0000] {logging_mixin.py:190} INFO - [2024-10-03T22:29:28.886+0000] {dag.py:4156} INFO - Setting next_dagrun for example_display_name to None, run_after=None
[2024-10-03T22:29:28.913+0000] {processor.py:208} INFO - Processing /home/airflow/.local/lib/python3.12/site-packages/airflow/example_dags/example_display_name.py took 0.263 seconds
[2024-10-03T22:29:59.636+0000] {processor.py:186} INFO - Started process (PID=3090) to work on /home/airflow/.local/lib/python3.12/site-packages/airflow/example_dags/example_display_name.py
[2024-10-03T22:29:59.638+0000] {processor.py:914} INFO - Processing file /home/airflow/.local/lib/python3.12/site-packages/airflow/example_dags/example_display_name.py for tasks to queue
[2024-10-03T22:29:59.641+0000] {logging_mixin.py:190} INFO - [2024-10-03T22:29:59.641+0000] {dagbag.py:587} INFO - Filling up the DagBag from /home/airflow/.local/lib/python3.12/site-packages/airflow/example_dags/example_display_name.py
[2024-10-03T22:29:59.651+0000] {processor.py:925} INFO - DAG(s) 'example_display_name' retrieved from /home/airflow/.local/lib/python3.12/site-packages/airflow/example_dags/example_display_name.py
[2024-10-03T22:29:59.678+0000] {logging_mixin.py:190} INFO - [2024-10-03T22:29:59.677+0000] {dag.py:3229} INFO - Sync 1 DAGs
[2024-10-03T22:29:59.698+0000] {logging_mixin.py:190} INFO - [2024-10-03T22:29:59.697+0000] {dag.py:4156} INFO - Setting next_dagrun for example_display_name to None, run_after=None
[2024-10-03T22:29:59.911+0000] {processor.py:208} INFO - Processing /home/airflow/.local/lib/python3.12/site-packages/airflow/example_dags/example_display_name.py took 0.285 seconds
[2024-10-03T22:30:30.190+0000] {processor.py:186} INFO - Started process (PID=3153) to work on /home/airflow/.local/lib/python3.12/site-packages/airflow/example_dags/example_display_name.py
[2024-10-03T22:30:30.192+0000] {processor.py:914} INFO - Processing file /home/airflow/.local/lib/python3.12/site-packages/airflow/example_dags/example_display_name.py for tasks to queue
[2024-10-03T22:30:30.199+0000] {logging_mixin.py:190} INFO - [2024-10-03T22:30:30.198+0000] {dagbag.py:587} INFO - Filling up the DagBag from /home/airflow/.local/lib/python3.12/site-packages/airflow/example_dags/example_display_name.py
[2024-10-03T22:30:30.210+0000] {processor.py:925} INFO - DAG(s) 'example_display_name' retrieved from /home/airflow/.local/lib/python3.12/site-packages/airflow/example_dags/example_display_name.py
[2024-10-03T22:30:30.234+0000] {logging_mixin.py:190} INFO - [2024-10-03T22:30:30.234+0000] {dag.py:3229} INFO - Sync 1 DAGs
[2024-10-03T22:30:30.256+0000] {logging_mixin.py:190} INFO - [2024-10-03T22:30:30.256+0000] {dag.py:4156} INFO - Setting next_dagrun for example_display_name to None, run_after=None
[2024-10-03T22:30:30.458+0000] {processor.py:208} INFO - Processing /home/airflow/.local/lib/python3.12/site-packages/airflow/example_dags/example_display_name.py took 0.276 seconds
[2024-10-03T22:31:00.711+0000] {processor.py:186} INFO - Started process (PID=3215) to work on /home/airflow/.local/lib/python3.12/site-packages/airflow/example_dags/example_display_name.py
[2024-10-03T22:31:00.712+0000] {processor.py:914} INFO - Processing file /home/airflow/.local/lib/python3.12/site-packages/airflow/example_dags/example_display_name.py for tasks to queue
[2024-10-03T22:31:00.715+0000] {logging_mixin.py:190} INFO - [2024-10-03T22:31:00.715+0000] {dagbag.py:587} INFO - Filling up the DagBag from /home/airflow/.local/lib/python3.12/site-packages/airflow/example_dags/example_display_name.py
[2024-10-03T22:31:00.726+0000] {processor.py:925} INFO - DAG(s) 'example_display_name' retrieved from /home/airflow/.local/lib/python3.12/site-packages/airflow/example_dags/example_display_name.py
[2024-10-03T22:31:00.749+0000] {logging_mixin.py:190} INFO - [2024-10-03T22:31:00.748+0000] {dag.py:3229} INFO - Sync 1 DAGs
[2024-10-03T22:31:00.953+0000] {logging_mixin.py:190} INFO - [2024-10-03T22:31:00.953+0000] {dag.py:4156} INFO - Setting next_dagrun for example_display_name to None, run_after=None
[2024-10-03T22:31:00.979+0000] {processor.py:208} INFO - Processing /home/airflow/.local/lib/python3.12/site-packages/airflow/example_dags/example_display_name.py took 0.275 seconds
[2024-10-03T22:31:31.493+0000] {processor.py:186} INFO - Started process (PID=3278) to work on /home/airflow/.local/lib/python3.12/site-packages/airflow/example_dags/example_display_name.py
[2024-10-03T22:31:31.494+0000] {processor.py:914} INFO - Processing file /home/airflow/.local/lib/python3.12/site-packages/airflow/example_dags/example_display_name.py for tasks to queue
[2024-10-03T22:31:31.498+0000] {logging_mixin.py:190} INFO - [2024-10-03T22:31:31.497+0000] {dagbag.py:587} INFO - Filling up the DagBag from /home/airflow/.local/lib/python3.12/site-packages/airflow/example_dags/example_display_name.py
[2024-10-03T22:31:31.508+0000] {processor.py:925} INFO - DAG(s) 'example_display_name' retrieved from /home/airflow/.local/lib/python3.12/site-packages/airflow/example_dags/example_display_name.py
[2024-10-03T22:31:31.539+0000] {logging_mixin.py:190} INFO - [2024-10-03T22:31:31.539+0000] {dag.py:3229} INFO - Sync 1 DAGs
[2024-10-03T22:31:31.561+0000] {logging_mixin.py:190} INFO - [2024-10-03T22:31:31.561+0000] {dag.py:4156} INFO - Setting next_dagrun for example_display_name to None, run_after=None
[2024-10-03T22:31:31.596+0000] {processor.py:208} INFO - Processing /home/airflow/.local/lib/python3.12/site-packages/airflow/example_dags/example_display_name.py took 0.113 seconds
[2024-10-03T22:32:01.934+0000] {processor.py:186} INFO - Started process (PID=3341) to work on /home/airflow/.local/lib/python3.12/site-packages/airflow/example_dags/example_display_name.py
[2024-10-03T22:32:01.938+0000] {processor.py:914} INFO - Processing file /home/airflow/.local/lib/python3.12/site-packages/airflow/example_dags/example_display_name.py for tasks to queue
[2024-10-03T22:32:01.943+0000] {logging_mixin.py:190} INFO - [2024-10-03T22:32:01.943+0000] {dagbag.py:587} INFO - Filling up the DagBag from /home/airflow/.local/lib/python3.12/site-packages/airflow/example_dags/example_display_name.py
[2024-10-03T22:32:01.958+0000] {processor.py:925} INFO - DAG(s) 'example_display_name' retrieved from /home/airflow/.local/lib/python3.12/site-packages/airflow/example_dags/example_display_name.py
[2024-10-03T22:32:02.082+0000] {logging_mixin.py:190} INFO - [2024-10-03T22:32:02.082+0000] {dag.py:3229} INFO - Sync 1 DAGs
[2024-10-03T22:32:02.131+0000] {logging_mixin.py:190} INFO - [2024-10-03T22:32:02.131+0000] {dag.py:4156} INFO - Setting next_dagrun for example_display_name to None, run_after=None
[2024-10-03T22:32:02.184+0000] {processor.py:208} INFO - Processing /home/airflow/.local/lib/python3.12/site-packages/airflow/example_dags/example_display_name.py took 0.262 seconds
[2024-10-03T22:32:33.117+0000] {processor.py:186} INFO - Started process (PID=3404) to work on /home/airflow/.local/lib/python3.12/site-packages/airflow/example_dags/example_display_name.py
[2024-10-03T22:32:33.118+0000] {processor.py:914} INFO - Processing file /home/airflow/.local/lib/python3.12/site-packages/airflow/example_dags/example_display_name.py for tasks to queue
[2024-10-03T22:32:33.123+0000] {logging_mixin.py:190} INFO - [2024-10-03T22:32:33.122+0000] {dagbag.py:587} INFO - Filling up the DagBag from /home/airflow/.local/lib/python3.12/site-packages/airflow/example_dags/example_display_name.py
[2024-10-03T22:32:33.140+0000] {processor.py:925} INFO - DAG(s) 'example_display_name' retrieved from /home/airflow/.local/lib/python3.12/site-packages/airflow/example_dags/example_display_name.py
[2024-10-03T22:32:33.181+0000] {logging_mixin.py:190} INFO - [2024-10-03T22:32:33.180+0000] {dag.py:3229} INFO - Sync 1 DAGs
[2024-10-03T22:32:33.217+0000] {logging_mixin.py:190} INFO - [2024-10-03T22:32:33.217+0000] {dag.py:4156} INFO - Setting next_dagrun for example_display_name to None, run_after=None
[2024-10-03T22:32:33.272+0000] {processor.py:208} INFO - Processing /home/airflow/.local/lib/python3.12/site-packages/airflow/example_dags/example_display_name.py took 0.167 seconds
[2024-10-03T22:33:03.651+0000] {processor.py:186} INFO - Started process (PID=3467) to work on /home/airflow/.local/lib/python3.12/site-packages/airflow/example_dags/example_display_name.py
[2024-10-03T22:33:03.652+0000] {processor.py:914} INFO - Processing file /home/airflow/.local/lib/python3.12/site-packages/airflow/example_dags/example_display_name.py for tasks to queue
[2024-10-03T22:33:03.655+0000] {logging_mixin.py:190} INFO - [2024-10-03T22:33:03.655+0000] {dagbag.py:587} INFO - Filling up the DagBag from /home/airflow/.local/lib/python3.12/site-packages/airflow/example_dags/example_display_name.py
[2024-10-03T22:33:03.666+0000] {processor.py:925} INFO - DAG(s) 'example_display_name' retrieved from /home/airflow/.local/lib/python3.12/site-packages/airflow/example_dags/example_display_name.py
[2024-10-03T22:33:03.697+0000] {logging_mixin.py:190} INFO - [2024-10-03T22:33:03.696+0000] {dag.py:3229} INFO - Sync 1 DAGs
[2024-10-03T22:33:03.719+0000] {logging_mixin.py:190} INFO - [2024-10-03T22:33:03.719+0000] {dag.py:4156} INFO - Setting next_dagrun for example_display_name to None, run_after=None
[2024-10-03T22:33:03.752+0000] {processor.py:208} INFO - Processing /home/airflow/.local/lib/python3.12/site-packages/airflow/example_dags/example_display_name.py took 0.111 seconds
[2024-10-03T22:33:34.543+0000] {processor.py:186} INFO - Started process (PID=3530) to work on /home/airflow/.local/lib/python3.12/site-packages/airflow/example_dags/example_display_name.py
[2024-10-03T22:33:34.545+0000] {processor.py:914} INFO - Processing file /home/airflow/.local/lib/python3.12/site-packages/airflow/example_dags/example_display_name.py for tasks to queue
[2024-10-03T22:33:34.551+0000] {logging_mixin.py:190} INFO - [2024-10-03T22:33:34.550+0000] {dagbag.py:587} INFO - Filling up the DagBag from /home/airflow/.local/lib/python3.12/site-packages/airflow/example_dags/example_display_name.py
[2024-10-03T22:33:34.562+0000] {processor.py:925} INFO - DAG(s) 'example_display_name' retrieved from /home/airflow/.local/lib/python3.12/site-packages/airflow/example_dags/example_display_name.py
[2024-10-03T22:33:34.598+0000] {logging_mixin.py:190} INFO - [2024-10-03T22:33:34.598+0000] {dag.py:3229} INFO - Sync 1 DAGs
[2024-10-03T22:33:34.619+0000] {logging_mixin.py:190} INFO - [2024-10-03T22:33:34.619+0000] {dag.py:4156} INFO - Setting next_dagrun for example_display_name to None, run_after=None
[2024-10-03T22:33:34.651+0000] {processor.py:208} INFO - Processing /home/airflow/.local/lib/python3.12/site-packages/airflow/example_dags/example_display_name.py took 0.115 seconds
[2024-10-03T22:34:04.905+0000] {processor.py:186} INFO - Started process (PID=3593) to work on /home/airflow/.local/lib/python3.12/site-packages/airflow/example_dags/example_display_name.py
[2024-10-03T22:34:04.906+0000] {processor.py:914} INFO - Processing file /home/airflow/.local/lib/python3.12/site-packages/airflow/example_dags/example_display_name.py for tasks to queue
[2024-10-03T22:34:04.910+0000] {logging_mixin.py:190} INFO - [2024-10-03T22:34:04.910+0000] {dagbag.py:587} INFO - Filling up the DagBag from /home/airflow/.local/lib/python3.12/site-packages/airflow/example_dags/example_display_name.py
[2024-10-03T22:34:04.921+0000] {processor.py:925} INFO - DAG(s) 'example_display_name' retrieved from /home/airflow/.local/lib/python3.12/site-packages/airflow/example_dags/example_display_name.py
[2024-10-03T22:34:04.954+0000] {logging_mixin.py:190} INFO - [2024-10-03T22:34:04.953+0000] {dag.py:3229} INFO - Sync 1 DAGs
[2024-10-03T22:34:04.976+0000] {logging_mixin.py:190} INFO - [2024-10-03T22:34:04.976+0000] {dag.py:4156} INFO - Setting next_dagrun for example_display_name to None, run_after=None
[2024-10-03T22:34:05.027+0000] {processor.py:208} INFO - Processing /home/airflow/.local/lib/python3.12/site-packages/airflow/example_dags/example_display_name.py took 0.131 seconds
[2024-10-03T22:34:35.638+0000] {processor.py:186} INFO - Started process (PID=3656) to work on /home/airflow/.local/lib/python3.12/site-packages/airflow/example_dags/example_display_name.py
[2024-10-03T22:34:35.640+0000] {processor.py:914} INFO - Processing file /home/airflow/.local/lib/python3.12/site-packages/airflow/example_dags/example_display_name.py for tasks to queue
[2024-10-03T22:34:35.643+0000] {logging_mixin.py:190} INFO - [2024-10-03T22:34:35.643+0000] {dagbag.py:587} INFO - Filling up the DagBag from /home/airflow/.local/lib/python3.12/site-packages/airflow/example_dags/example_display_name.py
[2024-10-03T22:34:35.657+0000] {processor.py:925} INFO - DAG(s) 'example_display_name' retrieved from /home/airflow/.local/lib/python3.12/site-packages/airflow/example_dags/example_display_name.py
[2024-10-03T22:34:35.686+0000] {logging_mixin.py:190} INFO - [2024-10-03T22:34:35.686+0000] {dag.py:3229} INFO - Sync 1 DAGs
[2024-10-03T22:34:35.717+0000] {logging_mixin.py:190} INFO - [2024-10-03T22:34:35.717+0000] {dag.py:4156} INFO - Setting next_dagrun for example_display_name to None, run_after=None
[2024-10-03T22:34:35.753+0000] {processor.py:208} INFO - Processing /home/airflow/.local/lib/python3.12/site-packages/airflow/example_dags/example_display_name.py took 0.127 seconds
[2024-10-03T22:35:06.049+0000] {processor.py:186} INFO - Started process (PID=3719) to work on /home/airflow/.local/lib/python3.12/site-packages/airflow/example_dags/example_display_name.py
[2024-10-03T22:35:06.050+0000] {processor.py:914} INFO - Processing file /home/airflow/.local/lib/python3.12/site-packages/airflow/example_dags/example_display_name.py for tasks to queue
[2024-10-03T22:35:06.058+0000] {logging_mixin.py:190} INFO - [2024-10-03T22:35:06.057+0000] {dagbag.py:587} INFO - Filling up the DagBag from /home/airflow/.local/lib/python3.12/site-packages/airflow/example_dags/example_display_name.py
[2024-10-03T22:35:06.071+0000] {processor.py:925} INFO - DAG(s) 'example_display_name' retrieved from /home/airflow/.local/lib/python3.12/site-packages/airflow/example_dags/example_display_name.py
[2024-10-03T22:35:06.112+0000] {logging_mixin.py:190} INFO - [2024-10-03T22:35:06.111+0000] {dag.py:3229} INFO - Sync 1 DAGs
[2024-10-03T22:35:06.170+0000] {logging_mixin.py:190} INFO - [2024-10-03T22:35:06.170+0000] {dag.py:4156} INFO - Setting next_dagrun for example_display_name to None, run_after=None
[2024-10-03T22:35:06.208+0000] {processor.py:208} INFO - Processing /home/airflow/.local/lib/python3.12/site-packages/airflow/example_dags/example_display_name.py took 0.171 seconds
