[2024-10-03T22:06:01.218+0000] {processor.py:186} INFO - Started process (PID=133) to work on /home/airflow/.local/lib/python3.12/site-packages/airflow/example_dags/example_setup_teardown.py
[2024-10-03T22:06:01.237+0000] {processor.py:914} INFO - Processing file /home/airflow/.local/lib/python3.12/site-packages/airflow/example_dags/example_setup_teardown.py for tasks to queue
[2024-10-03T22:06:01.252+0000] {logging_mixin.py:190} INFO - [2024-10-03T22:06:01.252+0000] {dagbag.py:587} INFO - Filling up the DagBag from /home/airflow/.local/lib/python3.12/site-packages/airflow/example_dags/example_setup_teardown.py
[2024-10-03T22:06:01.307+0000] {processor.py:925} INFO - DAG(s) 'example_setup_teardown' retrieved from /home/airflow/.local/lib/python3.12/site-packages/airflow/example_dags/example_setup_teardown.py
[2024-10-03T22:06:01.435+0000] {logging_mixin.py:190} INFO - [2024-10-03T22:06:01.424+0000] {dag.py:3229} INFO - Sync 1 DAGs
[2024-10-03T22:06:01.532+0000] {logging_mixin.py:190} INFO - [2024-10-03T22:06:01.531+0000] {dag.py:4156} INFO - Setting next_dagrun for example_setup_teardown to None, run_after=None
[2024-10-03T22:06:01.631+0000] {processor.py:208} INFO - Processing /home/airflow/.local/lib/python3.12/site-packages/airflow/example_dags/example_setup_teardown.py took 0.448 seconds
[2024-10-03T22:06:35.305+0000] {processor.py:186} INFO - Started process (PID=196) to work on /home/airflow/.local/lib/python3.12/site-packages/airflow/example_dags/example_setup_teardown.py
[2024-10-03T22:06:35.349+0000] {processor.py:914} INFO - Processing file /home/airflow/.local/lib/python3.12/site-packages/airflow/example_dags/example_setup_teardown.py for tasks to queue
[2024-10-03T22:06:35.354+0000] {logging_mixin.py:190} INFO - [2024-10-03T22:06:35.354+0000] {dagbag.py:587} INFO - Filling up the DagBag from /home/airflow/.local/lib/python3.12/site-packages/airflow/example_dags/example_setup_teardown.py
[2024-10-03T22:06:35.401+0000] {processor.py:925} INFO - DAG(s) 'example_setup_teardown' retrieved from /home/airflow/.local/lib/python3.12/site-packages/airflow/example_dags/example_setup_teardown.py
[2024-10-03T22:06:35.705+0000] {logging_mixin.py:190} INFO - [2024-10-03T22:06:35.705+0000] {dag.py:3229} INFO - Sync 1 DAGs
[2024-10-03T22:06:35.804+0000] {logging_mixin.py:190} INFO - [2024-10-03T22:06:35.804+0000] {dag.py:4156} INFO - Setting next_dagrun for example_setup_teardown to None, run_after=None
[2024-10-03T22:06:35.963+0000] {processor.py:208} INFO - Processing /home/airflow/.local/lib/python3.12/site-packages/airflow/example_dags/example_setup_teardown.py took 0.752 seconds
[2024-10-03T22:07:07.104+0000] {processor.py:186} INFO - Started process (PID=259) to work on /home/airflow/.local/lib/python3.12/site-packages/airflow/example_dags/example_setup_teardown.py
[2024-10-03T22:07:07.122+0000] {processor.py:914} INFO - Processing file /home/airflow/.local/lib/python3.12/site-packages/airflow/example_dags/example_setup_teardown.py for tasks to queue
[2024-10-03T22:07:07.131+0000] {logging_mixin.py:190} INFO - [2024-10-03T22:07:07.129+0000] {dagbag.py:587} INFO - Filling up the DagBag from /home/airflow/.local/lib/python3.12/site-packages/airflow/example_dags/example_setup_teardown.py
[2024-10-03T22:07:07.257+0000] {processor.py:925} INFO - DAG(s) 'example_setup_teardown' retrieved from /home/airflow/.local/lib/python3.12/site-packages/airflow/example_dags/example_setup_teardown.py
[2024-10-03T22:07:07.601+0000] {logging_mixin.py:190} INFO - [2024-10-03T22:07:07.601+0000] {dag.py:3229} INFO - Sync 1 DAGs
[2024-10-03T22:07:07.814+0000] {logging_mixin.py:190} INFO - [2024-10-03T22:07:07.813+0000] {dag.py:4156} INFO - Setting next_dagrun for example_setup_teardown to None, run_after=None
[2024-10-03T22:07:07.942+0000] {processor.py:208} INFO - Processing /home/airflow/.local/lib/python3.12/site-packages/airflow/example_dags/example_setup_teardown.py took 0.911 seconds
[2024-10-03T22:07:39.046+0000] {processor.py:186} INFO - Started process (PID=324) to work on /home/airflow/.local/lib/python3.12/site-packages/airflow/example_dags/example_setup_teardown.py
[2024-10-03T22:07:39.060+0000] {processor.py:914} INFO - Processing file /home/airflow/.local/lib/python3.12/site-packages/airflow/example_dags/example_setup_teardown.py for tasks to queue
[2024-10-03T22:07:39.076+0000] {logging_mixin.py:190} INFO - [2024-10-03T22:07:39.075+0000] {dagbag.py:587} INFO - Filling up the DagBag from /home/airflow/.local/lib/python3.12/site-packages/airflow/example_dags/example_setup_teardown.py
[2024-10-03T22:07:39.125+0000] {processor.py:925} INFO - DAG(s) 'example_setup_teardown' retrieved from /home/airflow/.local/lib/python3.12/site-packages/airflow/example_dags/example_setup_teardown.py
[2024-10-03T22:07:39.284+0000] {logging_mixin.py:190} INFO - [2024-10-03T22:07:39.283+0000] {dag.py:3229} INFO - Sync 1 DAGs
[2024-10-03T22:07:39.395+0000] {logging_mixin.py:190} INFO - [2024-10-03T22:07:39.383+0000] {dag.py:4156} INFO - Setting next_dagrun for example_setup_teardown to None, run_after=None
[2024-10-03T22:07:39.509+0000] {processor.py:208} INFO - Processing /home/airflow/.local/lib/python3.12/site-packages/airflow/example_dags/example_setup_teardown.py took 0.494 seconds
[2024-10-03T22:08:10.372+0000] {processor.py:186} INFO - Started process (PID=387) to work on /home/airflow/.local/lib/python3.12/site-packages/airflow/example_dags/example_setup_teardown.py
[2024-10-03T22:08:10.375+0000] {processor.py:914} INFO - Processing file /home/airflow/.local/lib/python3.12/site-packages/airflow/example_dags/example_setup_teardown.py for tasks to queue
[2024-10-03T22:08:10.379+0000] {logging_mixin.py:190} INFO - [2024-10-03T22:08:10.379+0000] {dagbag.py:587} INFO - Filling up the DagBag from /home/airflow/.local/lib/python3.12/site-packages/airflow/example_dags/example_setup_teardown.py
[2024-10-03T22:08:10.400+0000] {processor.py:925} INFO - DAG(s) 'example_setup_teardown' retrieved from /home/airflow/.local/lib/python3.12/site-packages/airflow/example_dags/example_setup_teardown.py
[2024-10-03T22:08:10.464+0000] {logging_mixin.py:190} INFO - [2024-10-03T22:08:10.463+0000] {dag.py:3229} INFO - Sync 1 DAGs
[2024-10-03T22:08:10.494+0000] {logging_mixin.py:190} INFO - [2024-10-03T22:08:10.494+0000] {dag.py:4156} INFO - Setting next_dagrun for example_setup_teardown to None, run_after=None
[2024-10-03T22:08:10.559+0000] {processor.py:208} INFO - Processing /home/airflow/.local/lib/python3.12/site-packages/airflow/example_dags/example_setup_teardown.py took 0.206 seconds
[2024-10-03T22:08:40.865+0000] {processor.py:186} INFO - Started process (PID=450) to work on /home/airflow/.local/lib/python3.12/site-packages/airflow/example_dags/example_setup_teardown.py
[2024-10-03T22:08:40.867+0000] {processor.py:914} INFO - Processing file /home/airflow/.local/lib/python3.12/site-packages/airflow/example_dags/example_setup_teardown.py for tasks to queue
[2024-10-03T22:08:40.870+0000] {logging_mixin.py:190} INFO - [2024-10-03T22:08:40.870+0000] {dagbag.py:587} INFO - Filling up the DagBag from /home/airflow/.local/lib/python3.12/site-packages/airflow/example_dags/example_setup_teardown.py
[2024-10-03T22:08:40.882+0000] {processor.py:925} INFO - DAG(s) 'example_setup_teardown' retrieved from /home/airflow/.local/lib/python3.12/site-packages/airflow/example_dags/example_setup_teardown.py
[2024-10-03T22:08:40.909+0000] {logging_mixin.py:190} INFO - [2024-10-03T22:08:40.908+0000] {dag.py:3229} INFO - Sync 1 DAGs
[2024-10-03T22:08:40.932+0000] {logging_mixin.py:190} INFO - [2024-10-03T22:08:40.931+0000] {dag.py:4156} INFO - Setting next_dagrun for example_setup_teardown to None, run_after=None
[2024-10-03T22:08:40.987+0000] {processor.py:208} INFO - Processing /home/airflow/.local/lib/python3.12/site-packages/airflow/example_dags/example_setup_teardown.py took 0.130 seconds
[2024-10-03T22:09:11.118+0000] {processor.py:186} INFO - Started process (PID=512) to work on /home/airflow/.local/lib/python3.12/site-packages/airflow/example_dags/example_setup_teardown.py
[2024-10-03T22:09:11.120+0000] {processor.py:914} INFO - Processing file /home/airflow/.local/lib/python3.12/site-packages/airflow/example_dags/example_setup_teardown.py for tasks to queue
[2024-10-03T22:09:11.124+0000] {logging_mixin.py:190} INFO - [2024-10-03T22:09:11.123+0000] {dagbag.py:587} INFO - Filling up the DagBag from /home/airflow/.local/lib/python3.12/site-packages/airflow/example_dags/example_setup_teardown.py
[2024-10-03T22:09:11.136+0000] {processor.py:925} INFO - DAG(s) 'example_setup_teardown' retrieved from /home/airflow/.local/lib/python3.12/site-packages/airflow/example_dags/example_setup_teardown.py
[2024-10-03T22:09:11.168+0000] {logging_mixin.py:190} INFO - [2024-10-03T22:09:11.167+0000] {dag.py:3229} INFO - Sync 1 DAGs
[2024-10-03T22:09:11.197+0000] {logging_mixin.py:190} INFO - [2024-10-03T22:09:11.196+0000] {dag.py:4156} INFO - Setting next_dagrun for example_setup_teardown to None, run_after=None
[2024-10-03T22:09:11.237+0000] {processor.py:208} INFO - Processing /home/airflow/.local/lib/python3.12/site-packages/airflow/example_dags/example_setup_teardown.py took 0.128 seconds
[2024-10-03T22:09:42.077+0000] {processor.py:186} INFO - Started process (PID=576) to work on /home/airflow/.local/lib/python3.12/site-packages/airflow/example_dags/example_setup_teardown.py
[2024-10-03T22:09:42.079+0000] {processor.py:914} INFO - Processing file /home/airflow/.local/lib/python3.12/site-packages/airflow/example_dags/example_setup_teardown.py for tasks to queue
[2024-10-03T22:09:42.084+0000] {logging_mixin.py:190} INFO - [2024-10-03T22:09:42.084+0000] {dagbag.py:587} INFO - Filling up the DagBag from /home/airflow/.local/lib/python3.12/site-packages/airflow/example_dags/example_setup_teardown.py
[2024-10-03T22:09:42.099+0000] {processor.py:925} INFO - DAG(s) 'example_setup_teardown' retrieved from /home/airflow/.local/lib/python3.12/site-packages/airflow/example_dags/example_setup_teardown.py
[2024-10-03T22:09:42.157+0000] {logging_mixin.py:190} INFO - [2024-10-03T22:09:42.156+0000] {dag.py:3229} INFO - Sync 1 DAGs
[2024-10-03T22:09:42.199+0000] {logging_mixin.py:190} INFO - [2024-10-03T22:09:42.198+0000] {dag.py:4156} INFO - Setting next_dagrun for example_setup_teardown to None, run_after=None
[2024-10-03T22:09:42.261+0000] {processor.py:208} INFO - Processing /home/airflow/.local/lib/python3.12/site-packages/airflow/example_dags/example_setup_teardown.py took 0.197 seconds
[2024-10-03T22:10:12.341+0000] {processor.py:186} INFO - Started process (PID=638) to work on /home/airflow/.local/lib/python3.12/site-packages/airflow/example_dags/example_setup_teardown.py
[2024-10-03T22:10:12.342+0000] {processor.py:914} INFO - Processing file /home/airflow/.local/lib/python3.12/site-packages/airflow/example_dags/example_setup_teardown.py for tasks to queue
[2024-10-03T22:10:12.350+0000] {logging_mixin.py:190} INFO - [2024-10-03T22:10:12.350+0000] {dagbag.py:587} INFO - Filling up the DagBag from /home/airflow/.local/lib/python3.12/site-packages/airflow/example_dags/example_setup_teardown.py
[2024-10-03T22:10:12.373+0000] {processor.py:925} INFO - DAG(s) 'example_setup_teardown' retrieved from /home/airflow/.local/lib/python3.12/site-packages/airflow/example_dags/example_setup_teardown.py
[2024-10-03T22:10:12.404+0000] {logging_mixin.py:190} INFO - [2024-10-03T22:10:12.404+0000] {dag.py:3229} INFO - Sync 1 DAGs
[2024-10-03T22:10:12.426+0000] {logging_mixin.py:190} INFO - [2024-10-03T22:10:12.426+0000] {dag.py:4156} INFO - Setting next_dagrun for example_setup_teardown to None, run_after=None
[2024-10-03T22:10:12.460+0000] {processor.py:208} INFO - Processing /home/airflow/.local/lib/python3.12/site-packages/airflow/example_dags/example_setup_teardown.py took 0.131 seconds
[2024-10-03T22:10:42.613+0000] {processor.py:186} INFO - Started process (PID=701) to work on /home/airflow/.local/lib/python3.12/site-packages/airflow/example_dags/example_setup_teardown.py
[2024-10-03T22:10:42.615+0000] {processor.py:914} INFO - Processing file /home/airflow/.local/lib/python3.12/site-packages/airflow/example_dags/example_setup_teardown.py for tasks to queue
[2024-10-03T22:10:42.617+0000] {logging_mixin.py:190} INFO - [2024-10-03T22:10:42.617+0000] {dagbag.py:587} INFO - Filling up the DagBag from /home/airflow/.local/lib/python3.12/site-packages/airflow/example_dags/example_setup_teardown.py
[2024-10-03T22:10:42.628+0000] {processor.py:925} INFO - DAG(s) 'example_setup_teardown' retrieved from /home/airflow/.local/lib/python3.12/site-packages/airflow/example_dags/example_setup_teardown.py
[2024-10-03T22:10:42.658+0000] {logging_mixin.py:190} INFO - [2024-10-03T22:10:42.658+0000] {dag.py:3229} INFO - Sync 1 DAGs
[2024-10-03T22:10:42.686+0000] {logging_mixin.py:190} INFO - [2024-10-03T22:10:42.685+0000] {dag.py:4156} INFO - Setting next_dagrun for example_setup_teardown to None, run_after=None
[2024-10-03T22:10:42.718+0000] {processor.py:208} INFO - Processing /home/airflow/.local/lib/python3.12/site-packages/airflow/example_dags/example_setup_teardown.py took 0.114 seconds
[2024-10-03T22:11:12.818+0000] {processor.py:186} INFO - Started process (PID=764) to work on /home/airflow/.local/lib/python3.12/site-packages/airflow/example_dags/example_setup_teardown.py
[2024-10-03T22:11:12.819+0000] {processor.py:914} INFO - Processing file /home/airflow/.local/lib/python3.12/site-packages/airflow/example_dags/example_setup_teardown.py for tasks to queue
[2024-10-03T22:11:12.822+0000] {logging_mixin.py:190} INFO - [2024-10-03T22:11:12.822+0000] {dagbag.py:587} INFO - Filling up the DagBag from /home/airflow/.local/lib/python3.12/site-packages/airflow/example_dags/example_setup_teardown.py
[2024-10-03T22:11:12.833+0000] {processor.py:925} INFO - DAG(s) 'example_setup_teardown' retrieved from /home/airflow/.local/lib/python3.12/site-packages/airflow/example_dags/example_setup_teardown.py
[2024-10-03T22:11:12.860+0000] {logging_mixin.py:190} INFO - [2024-10-03T22:11:12.860+0000] {dag.py:3229} INFO - Sync 1 DAGs
[2024-10-03T22:11:12.882+0000] {logging_mixin.py:190} INFO - [2024-10-03T22:11:12.882+0000] {dag.py:4156} INFO - Setting next_dagrun for example_setup_teardown to None, run_after=None
[2024-10-03T22:11:12.907+0000] {processor.py:208} INFO - Processing /home/airflow/.local/lib/python3.12/site-packages/airflow/example_dags/example_setup_teardown.py took 0.096 seconds
[2024-10-03T22:11:43.404+0000] {processor.py:186} INFO - Started process (PID=827) to work on /home/airflow/.local/lib/python3.12/site-packages/airflow/example_dags/example_setup_teardown.py
[2024-10-03T22:11:43.405+0000] {processor.py:914} INFO - Processing file /home/airflow/.local/lib/python3.12/site-packages/airflow/example_dags/example_setup_teardown.py for tasks to queue
[2024-10-03T22:11:43.407+0000] {logging_mixin.py:190} INFO - [2024-10-03T22:11:43.407+0000] {dagbag.py:587} INFO - Filling up the DagBag from /home/airflow/.local/lib/python3.12/site-packages/airflow/example_dags/example_setup_teardown.py
[2024-10-03T22:11:43.416+0000] {processor.py:925} INFO - DAG(s) 'example_setup_teardown' retrieved from /home/airflow/.local/lib/python3.12/site-packages/airflow/example_dags/example_setup_teardown.py
[2024-10-03T22:11:43.438+0000] {logging_mixin.py:190} INFO - [2024-10-03T22:11:43.438+0000] {dag.py:3229} INFO - Sync 1 DAGs
[2024-10-03T22:11:43.454+0000] {logging_mixin.py:190} INFO - [2024-10-03T22:11:43.454+0000] {dag.py:4156} INFO - Setting next_dagrun for example_setup_teardown to None, run_after=None
[2024-10-03T22:11:43.488+0000] {processor.py:208} INFO - Processing /home/airflow/.local/lib/python3.12/site-packages/airflow/example_dags/example_setup_teardown.py took 0.091 seconds
[2024-10-03T22:12:13.876+0000] {processor.py:186} INFO - Started process (PID=890) to work on /home/airflow/.local/lib/python3.12/site-packages/airflow/example_dags/example_setup_teardown.py
[2024-10-03T22:12:13.877+0000] {processor.py:914} INFO - Processing file /home/airflow/.local/lib/python3.12/site-packages/airflow/example_dags/example_setup_teardown.py for tasks to queue
[2024-10-03T22:12:13.881+0000] {logging_mixin.py:190} INFO - [2024-10-03T22:12:13.880+0000] {dagbag.py:587} INFO - Filling up the DagBag from /home/airflow/.local/lib/python3.12/site-packages/airflow/example_dags/example_setup_teardown.py
[2024-10-03T22:12:13.893+0000] {processor.py:925} INFO - DAG(s) 'example_setup_teardown' retrieved from /home/airflow/.local/lib/python3.12/site-packages/airflow/example_dags/example_setup_teardown.py
[2024-10-03T22:12:13.922+0000] {logging_mixin.py:190} INFO - [2024-10-03T22:12:13.922+0000] {dag.py:3229} INFO - Sync 1 DAGs
[2024-10-03T22:12:13.941+0000] {logging_mixin.py:190} INFO - [2024-10-03T22:12:13.940+0000] {dag.py:4156} INFO - Setting next_dagrun for example_setup_teardown to None, run_after=None
[2024-10-03T22:12:13.968+0000] {processor.py:208} INFO - Processing /home/airflow/.local/lib/python3.12/site-packages/airflow/example_dags/example_setup_teardown.py took 0.100 seconds
[2024-10-03T22:12:44.730+0000] {processor.py:186} INFO - Started process (PID=953) to work on /home/airflow/.local/lib/python3.12/site-packages/airflow/example_dags/example_setup_teardown.py
[2024-10-03T22:12:44.732+0000] {processor.py:914} INFO - Processing file /home/airflow/.local/lib/python3.12/site-packages/airflow/example_dags/example_setup_teardown.py for tasks to queue
[2024-10-03T22:12:44.735+0000] {logging_mixin.py:190} INFO - [2024-10-03T22:12:44.734+0000] {dagbag.py:587} INFO - Filling up the DagBag from /home/airflow/.local/lib/python3.12/site-packages/airflow/example_dags/example_setup_teardown.py
[2024-10-03T22:12:44.747+0000] {processor.py:925} INFO - DAG(s) 'example_setup_teardown' retrieved from /home/airflow/.local/lib/python3.12/site-packages/airflow/example_dags/example_setup_teardown.py
[2024-10-03T22:12:44.773+0000] {logging_mixin.py:190} INFO - [2024-10-03T22:12:44.772+0000] {dag.py:3229} INFO - Sync 1 DAGs
[2024-10-03T22:12:44.795+0000] {logging_mixin.py:190} INFO - [2024-10-03T22:12:44.795+0000] {dag.py:4156} INFO - Setting next_dagrun for example_setup_teardown to None, run_after=None
[2024-10-03T22:12:44.829+0000] {processor.py:208} INFO - Processing /home/airflow/.local/lib/python3.12/site-packages/airflow/example_dags/example_setup_teardown.py took 0.106 seconds
[2024-10-03T22:13:15.543+0000] {processor.py:186} INFO - Started process (PID=1023) to work on /home/airflow/.local/lib/python3.12/site-packages/airflow/example_dags/example_setup_teardown.py
[2024-10-03T22:13:15.544+0000] {processor.py:914} INFO - Processing file /home/airflow/.local/lib/python3.12/site-packages/airflow/example_dags/example_setup_teardown.py for tasks to queue
[2024-10-03T22:13:15.547+0000] {logging_mixin.py:190} INFO - [2024-10-03T22:13:15.546+0000] {dagbag.py:587} INFO - Filling up the DagBag from /home/airflow/.local/lib/python3.12/site-packages/airflow/example_dags/example_setup_teardown.py
[2024-10-03T22:13:15.556+0000] {processor.py:925} INFO - DAG(s) 'example_setup_teardown' retrieved from /home/airflow/.local/lib/python3.12/site-packages/airflow/example_dags/example_setup_teardown.py
[2024-10-03T22:13:15.578+0000] {logging_mixin.py:190} INFO - [2024-10-03T22:13:15.578+0000] {dag.py:3229} INFO - Sync 1 DAGs
[2024-10-03T22:13:15.595+0000] {logging_mixin.py:190} INFO - [2024-10-03T22:13:15.595+0000] {dag.py:4156} INFO - Setting next_dagrun for example_setup_teardown to None, run_after=None
[2024-10-03T22:13:15.623+0000] {processor.py:208} INFO - Processing /home/airflow/.local/lib/python3.12/site-packages/airflow/example_dags/example_setup_teardown.py took 0.086 seconds
[2024-10-03T22:13:46.122+0000] {processor.py:186} INFO - Started process (PID=1087) to work on /home/airflow/.local/lib/python3.12/site-packages/airflow/example_dags/example_setup_teardown.py
[2024-10-03T22:13:46.124+0000] {processor.py:914} INFO - Processing file /home/airflow/.local/lib/python3.12/site-packages/airflow/example_dags/example_setup_teardown.py for tasks to queue
[2024-10-03T22:13:46.128+0000] {logging_mixin.py:190} INFO - [2024-10-03T22:13:46.128+0000] {dagbag.py:587} INFO - Filling up the DagBag from /home/airflow/.local/lib/python3.12/site-packages/airflow/example_dags/example_setup_teardown.py
[2024-10-03T22:13:46.152+0000] {processor.py:925} INFO - DAG(s) 'example_setup_teardown' retrieved from /home/airflow/.local/lib/python3.12/site-packages/airflow/example_dags/example_setup_teardown.py
[2024-10-03T22:13:46.216+0000] {logging_mixin.py:190} INFO - [2024-10-03T22:13:46.216+0000] {dag.py:3229} INFO - Sync 1 DAGs
[2024-10-03T22:13:46.242+0000] {logging_mixin.py:190} INFO - [2024-10-03T22:13:46.241+0000] {dag.py:4156} INFO - Setting next_dagrun for example_setup_teardown to None, run_after=None
[2024-10-03T22:13:46.262+0000] {processor.py:208} INFO - Processing /home/airflow/.local/lib/python3.12/site-packages/airflow/example_dags/example_setup_teardown.py took 0.161 seconds
[2024-10-03T22:14:16.841+0000] {processor.py:186} INFO - Started process (PID=1150) to work on /home/airflow/.local/lib/python3.12/site-packages/airflow/example_dags/example_setup_teardown.py
[2024-10-03T22:14:16.843+0000] {processor.py:914} INFO - Processing file /home/airflow/.local/lib/python3.12/site-packages/airflow/example_dags/example_setup_teardown.py for tasks to queue
[2024-10-03T22:14:16.846+0000] {logging_mixin.py:190} INFO - [2024-10-03T22:14:16.845+0000] {dagbag.py:587} INFO - Filling up the DagBag from /home/airflow/.local/lib/python3.12/site-packages/airflow/example_dags/example_setup_teardown.py
[2024-10-03T22:14:16.857+0000] {processor.py:925} INFO - DAG(s) 'example_setup_teardown' retrieved from /home/airflow/.local/lib/python3.12/site-packages/airflow/example_dags/example_setup_teardown.py
[2024-10-03T22:14:16.881+0000] {logging_mixin.py:190} INFO - [2024-10-03T22:14:16.881+0000] {dag.py:3229} INFO - Sync 1 DAGs
[2024-10-03T22:14:16.899+0000] {logging_mixin.py:190} INFO - [2024-10-03T22:14:16.899+0000] {dag.py:4156} INFO - Setting next_dagrun for example_setup_teardown to None, run_after=None
[2024-10-03T22:14:16.929+0000] {processor.py:208} INFO - Processing /home/airflow/.local/lib/python3.12/site-packages/airflow/example_dags/example_setup_teardown.py took 0.095 seconds
[2024-10-03T22:14:47.709+0000] {processor.py:186} INFO - Started process (PID=1213) to work on /home/airflow/.local/lib/python3.12/site-packages/airflow/example_dags/example_setup_teardown.py
[2024-10-03T22:14:47.710+0000] {processor.py:914} INFO - Processing file /home/airflow/.local/lib/python3.12/site-packages/airflow/example_dags/example_setup_teardown.py for tasks to queue
[2024-10-03T22:14:47.713+0000] {logging_mixin.py:190} INFO - [2024-10-03T22:14:47.713+0000] {dagbag.py:587} INFO - Filling up the DagBag from /home/airflow/.local/lib/python3.12/site-packages/airflow/example_dags/example_setup_teardown.py
[2024-10-03T22:14:47.725+0000] {processor.py:925} INFO - DAG(s) 'example_setup_teardown' retrieved from /home/airflow/.local/lib/python3.12/site-packages/airflow/example_dags/example_setup_teardown.py
[2024-10-03T22:14:47.749+0000] {logging_mixin.py:190} INFO - [2024-10-03T22:14:47.749+0000] {dag.py:3229} INFO - Sync 1 DAGs
[2024-10-03T22:14:47.768+0000] {logging_mixin.py:190} INFO - [2024-10-03T22:14:47.767+0000] {dag.py:4156} INFO - Setting next_dagrun for example_setup_teardown to None, run_after=None
[2024-10-03T22:14:47.798+0000] {processor.py:208} INFO - Processing /home/airflow/.local/lib/python3.12/site-packages/airflow/example_dags/example_setup_teardown.py took 0.099 seconds
[2024-10-03T22:15:17.920+0000] {processor.py:186} INFO - Started process (PID=1276) to work on /home/airflow/.local/lib/python3.12/site-packages/airflow/example_dags/example_setup_teardown.py
[2024-10-03T22:15:17.921+0000] {processor.py:914} INFO - Processing file /home/airflow/.local/lib/python3.12/site-packages/airflow/example_dags/example_setup_teardown.py for tasks to queue
[2024-10-03T22:15:17.924+0000] {logging_mixin.py:190} INFO - [2024-10-03T22:15:17.924+0000] {dagbag.py:587} INFO - Filling up the DagBag from /home/airflow/.local/lib/python3.12/site-packages/airflow/example_dags/example_setup_teardown.py
[2024-10-03T22:15:17.937+0000] {processor.py:925} INFO - DAG(s) 'example_setup_teardown' retrieved from /home/airflow/.local/lib/python3.12/site-packages/airflow/example_dags/example_setup_teardown.py
[2024-10-03T22:15:17.965+0000] {logging_mixin.py:190} INFO - [2024-10-03T22:15:17.964+0000] {dag.py:3229} INFO - Sync 1 DAGs
[2024-10-03T22:15:17.983+0000] {logging_mixin.py:190} INFO - [2024-10-03T22:15:17.983+0000] {dag.py:4156} INFO - Setting next_dagrun for example_setup_teardown to None, run_after=None
[2024-10-03T22:15:18.010+0000] {processor.py:208} INFO - Processing /home/airflow/.local/lib/python3.12/site-packages/airflow/example_dags/example_setup_teardown.py took 0.097 seconds
[2024-10-03T22:15:48.232+0000] {processor.py:186} INFO - Started process (PID=1339) to work on /home/airflow/.local/lib/python3.12/site-packages/airflow/example_dags/example_setup_teardown.py
[2024-10-03T22:15:48.233+0000] {processor.py:914} INFO - Processing file /home/airflow/.local/lib/python3.12/site-packages/airflow/example_dags/example_setup_teardown.py for tasks to queue
[2024-10-03T22:15:48.236+0000] {logging_mixin.py:190} INFO - [2024-10-03T22:15:48.236+0000] {dagbag.py:587} INFO - Filling up the DagBag from /home/airflow/.local/lib/python3.12/site-packages/airflow/example_dags/example_setup_teardown.py
[2024-10-03T22:15:48.245+0000] {processor.py:925} INFO - DAG(s) 'example_setup_teardown' retrieved from /home/airflow/.local/lib/python3.12/site-packages/airflow/example_dags/example_setup_teardown.py
[2024-10-03T22:15:48.268+0000] {logging_mixin.py:190} INFO - [2024-10-03T22:15:48.268+0000] {dag.py:3229} INFO - Sync 1 DAGs
[2024-10-03T22:15:48.285+0000] {logging_mixin.py:190} INFO - [2024-10-03T22:15:48.285+0000] {dag.py:4156} INFO - Setting next_dagrun for example_setup_teardown to None, run_after=None
[2024-10-03T22:15:48.316+0000] {processor.py:208} INFO - Processing /home/airflow/.local/lib/python3.12/site-packages/airflow/example_dags/example_setup_teardown.py took 0.091 seconds
[2024-10-03T22:16:19.989+0000] {processor.py:186} INFO - Started process (PID=1402) to work on /home/airflow/.local/lib/python3.12/site-packages/airflow/example_dags/example_setup_teardown.py
[2024-10-03T22:16:19.990+0000] {processor.py:914} INFO - Processing file /home/airflow/.local/lib/python3.12/site-packages/airflow/example_dags/example_setup_teardown.py for tasks to queue
[2024-10-03T22:16:19.994+0000] {logging_mixin.py:190} INFO - [2024-10-03T22:16:19.994+0000] {dagbag.py:587} INFO - Filling up the DagBag from /home/airflow/.local/lib/python3.12/site-packages/airflow/example_dags/example_setup_teardown.py
[2024-10-03T22:16:20.037+0000] {processor.py:925} INFO - DAG(s) 'example_setup_teardown' retrieved from /home/airflow/.local/lib/python3.12/site-packages/airflow/example_dags/example_setup_teardown.py
[2024-10-03T22:16:20.121+0000] {logging_mixin.py:190} INFO - [2024-10-03T22:16:20.120+0000] {dag.py:3229} INFO - Sync 1 DAGs
[2024-10-03T22:16:20.198+0000] {logging_mixin.py:190} INFO - [2024-10-03T22:16:20.198+0000] {dag.py:4156} INFO - Setting next_dagrun for example_setup_teardown to None, run_after=None
[2024-10-03T22:16:20.278+0000] {processor.py:208} INFO - Processing /home/airflow/.local/lib/python3.12/site-packages/airflow/example_dags/example_setup_teardown.py took 0.332 seconds
[2024-10-03T22:16:51.099+0000] {processor.py:186} INFO - Started process (PID=1465) to work on /home/airflow/.local/lib/python3.12/site-packages/airflow/example_dags/example_setup_teardown.py
[2024-10-03T22:16:51.101+0000] {processor.py:914} INFO - Processing file /home/airflow/.local/lib/python3.12/site-packages/airflow/example_dags/example_setup_teardown.py for tasks to queue
[2024-10-03T22:16:51.107+0000] {logging_mixin.py:190} INFO - [2024-10-03T22:16:51.106+0000] {dagbag.py:587} INFO - Filling up the DagBag from /home/airflow/.local/lib/python3.12/site-packages/airflow/example_dags/example_setup_teardown.py
[2024-10-03T22:16:51.120+0000] {processor.py:925} INFO - DAG(s) 'example_setup_teardown' retrieved from /home/airflow/.local/lib/python3.12/site-packages/airflow/example_dags/example_setup_teardown.py
[2024-10-03T22:16:51.173+0000] {logging_mixin.py:190} INFO - [2024-10-03T22:16:51.172+0000] {dag.py:3229} INFO - Sync 1 DAGs
[2024-10-03T22:16:51.217+0000] {logging_mixin.py:190} INFO - [2024-10-03T22:16:51.217+0000] {dag.py:4156} INFO - Setting next_dagrun for example_setup_teardown to None, run_after=None
[2024-10-03T22:16:51.264+0000] {processor.py:208} INFO - Processing /home/airflow/.local/lib/python3.12/site-packages/airflow/example_dags/example_setup_teardown.py took 0.175 seconds
[2024-10-03T22:17:22.042+0000] {processor.py:186} INFO - Started process (PID=1528) to work on /home/airflow/.local/lib/python3.12/site-packages/airflow/example_dags/example_setup_teardown.py
[2024-10-03T22:17:22.044+0000] {processor.py:914} INFO - Processing file /home/airflow/.local/lib/python3.12/site-packages/airflow/example_dags/example_setup_teardown.py for tasks to queue
[2024-10-03T22:17:22.048+0000] {logging_mixin.py:190} INFO - [2024-10-03T22:17:22.047+0000] {dagbag.py:587} INFO - Filling up the DagBag from /home/airflow/.local/lib/python3.12/site-packages/airflow/example_dags/example_setup_teardown.py
[2024-10-03T22:17:22.084+0000] {processor.py:925} INFO - DAG(s) 'example_setup_teardown' retrieved from /home/airflow/.local/lib/python3.12/site-packages/airflow/example_dags/example_setup_teardown.py
[2024-10-03T22:17:22.163+0000] {logging_mixin.py:190} INFO - [2024-10-03T22:17:22.163+0000] {dag.py:3229} INFO - Sync 1 DAGs
[2024-10-03T22:17:22.198+0000] {logging_mixin.py:190} INFO - [2024-10-03T22:17:22.198+0000] {dag.py:4156} INFO - Setting next_dagrun for example_setup_teardown to None, run_after=None
[2024-10-03T22:17:22.259+0000] {processor.py:208} INFO - Processing /home/airflow/.local/lib/python3.12/site-packages/airflow/example_dags/example_setup_teardown.py took 0.246 seconds
[2024-10-03T22:17:52.511+0000] {processor.py:186} INFO - Started process (PID=1591) to work on /home/airflow/.local/lib/python3.12/site-packages/airflow/example_dags/example_setup_teardown.py
[2024-10-03T22:17:52.512+0000] {processor.py:914} INFO - Processing file /home/airflow/.local/lib/python3.12/site-packages/airflow/example_dags/example_setup_teardown.py for tasks to queue
[2024-10-03T22:17:52.517+0000] {logging_mixin.py:190} INFO - [2024-10-03T22:17:52.517+0000] {dagbag.py:587} INFO - Filling up the DagBag from /home/airflow/.local/lib/python3.12/site-packages/airflow/example_dags/example_setup_teardown.py
[2024-10-03T22:17:52.533+0000] {processor.py:925} INFO - DAG(s) 'example_setup_teardown' retrieved from /home/airflow/.local/lib/python3.12/site-packages/airflow/example_dags/example_setup_teardown.py
[2024-10-03T22:17:52.575+0000] {logging_mixin.py:190} INFO - [2024-10-03T22:17:52.575+0000] {dag.py:3229} INFO - Sync 1 DAGs
[2024-10-03T22:17:52.617+0000] {logging_mixin.py:190} INFO - [2024-10-03T22:17:52.616+0000] {dag.py:4156} INFO - Setting next_dagrun for example_setup_teardown to None, run_after=None
[2024-10-03T22:17:52.658+0000] {processor.py:208} INFO - Processing /home/airflow/.local/lib/python3.12/site-packages/airflow/example_dags/example_setup_teardown.py took 0.160 seconds
[2024-10-03T22:18:23.182+0000] {processor.py:186} INFO - Started process (PID=1654) to work on /home/airflow/.local/lib/python3.12/site-packages/airflow/example_dags/example_setup_teardown.py
[2024-10-03T22:18:23.183+0000] {processor.py:914} INFO - Processing file /home/airflow/.local/lib/python3.12/site-packages/airflow/example_dags/example_setup_teardown.py for tasks to queue
[2024-10-03T22:18:23.188+0000] {logging_mixin.py:190} INFO - [2024-10-03T22:18:23.187+0000] {dagbag.py:587} INFO - Filling up the DagBag from /home/airflow/.local/lib/python3.12/site-packages/airflow/example_dags/example_setup_teardown.py
[2024-10-03T22:18:23.201+0000] {processor.py:925} INFO - DAG(s) 'example_setup_teardown' retrieved from /home/airflow/.local/lib/python3.12/site-packages/airflow/example_dags/example_setup_teardown.py
[2024-10-03T22:18:23.233+0000] {logging_mixin.py:190} INFO - [2024-10-03T22:18:23.233+0000] {dag.py:3229} INFO - Sync 1 DAGs
[2024-10-03T22:18:23.252+0000] {logging_mixin.py:190} INFO - [2024-10-03T22:18:23.252+0000] {dag.py:4156} INFO - Setting next_dagrun for example_setup_teardown to None, run_after=None
[2024-10-03T22:18:23.284+0000] {processor.py:208} INFO - Processing /home/airflow/.local/lib/python3.12/site-packages/airflow/example_dags/example_setup_teardown.py took 0.113 seconds
[2024-10-03T22:18:53.759+0000] {processor.py:186} INFO - Started process (PID=1717) to work on /home/airflow/.local/lib/python3.12/site-packages/airflow/example_dags/example_setup_teardown.py
[2024-10-03T22:18:53.761+0000] {processor.py:914} INFO - Processing file /home/airflow/.local/lib/python3.12/site-packages/airflow/example_dags/example_setup_teardown.py for tasks to queue
[2024-10-03T22:18:53.764+0000] {logging_mixin.py:190} INFO - [2024-10-03T22:18:53.764+0000] {dagbag.py:587} INFO - Filling up the DagBag from /home/airflow/.local/lib/python3.12/site-packages/airflow/example_dags/example_setup_teardown.py
[2024-10-03T22:18:53.776+0000] {processor.py:925} INFO - DAG(s) 'example_setup_teardown' retrieved from /home/airflow/.local/lib/python3.12/site-packages/airflow/example_dags/example_setup_teardown.py
[2024-10-03T22:18:53.804+0000] {logging_mixin.py:190} INFO - [2024-10-03T22:18:53.804+0000] {dag.py:3229} INFO - Sync 1 DAGs
[2024-10-03T22:18:53.828+0000] {logging_mixin.py:190} INFO - [2024-10-03T22:18:53.828+0000] {dag.py:4156} INFO - Setting next_dagrun for example_setup_teardown to None, run_after=None
[2024-10-03T22:18:53.863+0000] {processor.py:208} INFO - Processing /home/airflow/.local/lib/python3.12/site-packages/airflow/example_dags/example_setup_teardown.py took 0.113 seconds
[2024-10-03T22:19:24.032+0000] {processor.py:186} INFO - Started process (PID=1780) to work on /home/airflow/.local/lib/python3.12/site-packages/airflow/example_dags/example_setup_teardown.py
[2024-10-03T22:19:24.034+0000] {processor.py:914} INFO - Processing file /home/airflow/.local/lib/python3.12/site-packages/airflow/example_dags/example_setup_teardown.py for tasks to queue
[2024-10-03T22:19:24.036+0000] {logging_mixin.py:190} INFO - [2024-10-03T22:19:24.036+0000] {dagbag.py:587} INFO - Filling up the DagBag from /home/airflow/.local/lib/python3.12/site-packages/airflow/example_dags/example_setup_teardown.py
[2024-10-03T22:19:24.046+0000] {processor.py:925} INFO - DAG(s) 'example_setup_teardown' retrieved from /home/airflow/.local/lib/python3.12/site-packages/airflow/example_dags/example_setup_teardown.py
[2024-10-03T22:19:24.073+0000] {logging_mixin.py:190} INFO - [2024-10-03T22:19:24.073+0000] {dag.py:3229} INFO - Sync 1 DAGs
[2024-10-03T22:19:24.094+0000] {logging_mixin.py:190} INFO - [2024-10-03T22:19:24.093+0000] {dag.py:4156} INFO - Setting next_dagrun for example_setup_teardown to None, run_after=None
[2024-10-03T22:19:24.128+0000] {processor.py:208} INFO - Processing /home/airflow/.local/lib/python3.12/site-packages/airflow/example_dags/example_setup_teardown.py took 0.105 seconds
[2024-10-03T22:19:54.357+0000] {processor.py:186} INFO - Started process (PID=1843) to work on /home/airflow/.local/lib/python3.12/site-packages/airflow/example_dags/example_setup_teardown.py
[2024-10-03T22:19:54.359+0000] {processor.py:914} INFO - Processing file /home/airflow/.local/lib/python3.12/site-packages/airflow/example_dags/example_setup_teardown.py for tasks to queue
[2024-10-03T22:19:54.362+0000] {logging_mixin.py:190} INFO - [2024-10-03T22:19:54.362+0000] {dagbag.py:587} INFO - Filling up the DagBag from /home/airflow/.local/lib/python3.12/site-packages/airflow/example_dags/example_setup_teardown.py
[2024-10-03T22:19:54.372+0000] {processor.py:925} INFO - DAG(s) 'example_setup_teardown' retrieved from /home/airflow/.local/lib/python3.12/site-packages/airflow/example_dags/example_setup_teardown.py
[2024-10-03T22:19:54.401+0000] {logging_mixin.py:190} INFO - [2024-10-03T22:19:54.401+0000] {dag.py:3229} INFO - Sync 1 DAGs
[2024-10-03T22:19:54.421+0000] {logging_mixin.py:190} INFO - [2024-10-03T22:19:54.420+0000] {dag.py:4156} INFO - Setting next_dagrun for example_setup_teardown to None, run_after=None
[2024-10-03T22:19:54.453+0000] {processor.py:208} INFO - Processing /home/airflow/.local/lib/python3.12/site-packages/airflow/example_dags/example_setup_teardown.py took 0.105 seconds
[2024-10-03T22:20:24.530+0000] {processor.py:186} INFO - Started process (PID=1906) to work on /home/airflow/.local/lib/python3.12/site-packages/airflow/example_dags/example_setup_teardown.py
[2024-10-03T22:20:24.532+0000] {processor.py:914} INFO - Processing file /home/airflow/.local/lib/python3.12/site-packages/airflow/example_dags/example_setup_teardown.py for tasks to queue
[2024-10-03T22:20:24.535+0000] {logging_mixin.py:190} INFO - [2024-10-03T22:20:24.534+0000] {dagbag.py:587} INFO - Filling up the DagBag from /home/airflow/.local/lib/python3.12/site-packages/airflow/example_dags/example_setup_teardown.py
[2024-10-03T22:20:24.544+0000] {processor.py:925} INFO - DAG(s) 'example_setup_teardown' retrieved from /home/airflow/.local/lib/python3.12/site-packages/airflow/example_dags/example_setup_teardown.py
[2024-10-03T22:20:24.573+0000] {logging_mixin.py:190} INFO - [2024-10-03T22:20:24.573+0000] {dag.py:3229} INFO - Sync 1 DAGs
[2024-10-03T22:20:24.596+0000] {logging_mixin.py:190} INFO - [2024-10-03T22:20:24.596+0000] {dag.py:4156} INFO - Setting next_dagrun for example_setup_teardown to None, run_after=None
[2024-10-03T22:20:24.630+0000] {processor.py:208} INFO - Processing /home/airflow/.local/lib/python3.12/site-packages/airflow/example_dags/example_setup_teardown.py took 0.107 seconds
[2024-10-03T22:20:54.999+0000] {processor.py:186} INFO - Started process (PID=1969) to work on /home/airflow/.local/lib/python3.12/site-packages/airflow/example_dags/example_setup_teardown.py
[2024-10-03T22:20:55.000+0000] {processor.py:914} INFO - Processing file /home/airflow/.local/lib/python3.12/site-packages/airflow/example_dags/example_setup_teardown.py for tasks to queue
[2024-10-03T22:20:55.003+0000] {logging_mixin.py:190} INFO - [2024-10-03T22:20:55.002+0000] {dagbag.py:587} INFO - Filling up the DagBag from /home/airflow/.local/lib/python3.12/site-packages/airflow/example_dags/example_setup_teardown.py
[2024-10-03T22:20:55.014+0000] {processor.py:925} INFO - DAG(s) 'example_setup_teardown' retrieved from /home/airflow/.local/lib/python3.12/site-packages/airflow/example_dags/example_setup_teardown.py
[2024-10-03T22:20:55.042+0000] {logging_mixin.py:190} INFO - [2024-10-03T22:20:55.041+0000] {dag.py:3229} INFO - Sync 1 DAGs
[2024-10-03T22:20:55.064+0000] {logging_mixin.py:190} INFO - [2024-10-03T22:20:55.063+0000] {dag.py:4156} INFO - Setting next_dagrun for example_setup_teardown to None, run_after=None
[2024-10-03T22:20:55.098+0000] {processor.py:208} INFO - Processing /home/airflow/.local/lib/python3.12/site-packages/airflow/example_dags/example_setup_teardown.py took 0.107 seconds
[2024-10-03T22:21:25.188+0000] {processor.py:186} INFO - Started process (PID=2032) to work on /home/airflow/.local/lib/python3.12/site-packages/airflow/example_dags/example_setup_teardown.py
[2024-10-03T22:21:25.189+0000] {processor.py:914} INFO - Processing file /home/airflow/.local/lib/python3.12/site-packages/airflow/example_dags/example_setup_teardown.py for tasks to queue
[2024-10-03T22:21:25.192+0000] {logging_mixin.py:190} INFO - [2024-10-03T22:21:25.192+0000] {dagbag.py:587} INFO - Filling up the DagBag from /home/airflow/.local/lib/python3.12/site-packages/airflow/example_dags/example_setup_teardown.py
[2024-10-03T22:21:25.203+0000] {processor.py:925} INFO - DAG(s) 'example_setup_teardown' retrieved from /home/airflow/.local/lib/python3.12/site-packages/airflow/example_dags/example_setup_teardown.py
[2024-10-03T22:21:25.231+0000] {logging_mixin.py:190} INFO - [2024-10-03T22:21:25.231+0000] {dag.py:3229} INFO - Sync 1 DAGs
[2024-10-03T22:21:25.252+0000] {logging_mixin.py:190} INFO - [2024-10-03T22:21:25.252+0000] {dag.py:4156} INFO - Setting next_dagrun for example_setup_teardown to None, run_after=None
[2024-10-03T22:21:25.285+0000] {processor.py:208} INFO - Processing /home/airflow/.local/lib/python3.12/site-packages/airflow/example_dags/example_setup_teardown.py took 0.104 seconds
[2024-10-03T22:21:56.034+0000] {processor.py:186} INFO - Started process (PID=2095) to work on /home/airflow/.local/lib/python3.12/site-packages/airflow/example_dags/example_setup_teardown.py
[2024-10-03T22:21:56.035+0000] {processor.py:914} INFO - Processing file /home/airflow/.local/lib/python3.12/site-packages/airflow/example_dags/example_setup_teardown.py for tasks to queue
[2024-10-03T22:21:56.038+0000] {logging_mixin.py:190} INFO - [2024-10-03T22:21:56.038+0000] {dagbag.py:587} INFO - Filling up the DagBag from /home/airflow/.local/lib/python3.12/site-packages/airflow/example_dags/example_setup_teardown.py
[2024-10-03T22:21:56.048+0000] {processor.py:925} INFO - DAG(s) 'example_setup_teardown' retrieved from /home/airflow/.local/lib/python3.12/site-packages/airflow/example_dags/example_setup_teardown.py
[2024-10-03T22:21:56.078+0000] {logging_mixin.py:190} INFO - [2024-10-03T22:21:56.078+0000] {dag.py:3229} INFO - Sync 1 DAGs
[2024-10-03T22:21:56.097+0000] {logging_mixin.py:190} INFO - [2024-10-03T22:21:56.097+0000] {dag.py:4156} INFO - Setting next_dagrun for example_setup_teardown to None, run_after=None
[2024-10-03T22:21:56.128+0000] {processor.py:208} INFO - Processing /home/airflow/.local/lib/python3.12/site-packages/airflow/example_dags/example_setup_teardown.py took 0.101 seconds
[2024-10-03T22:22:26.225+0000] {processor.py:186} INFO - Started process (PID=2157) to work on /home/airflow/.local/lib/python3.12/site-packages/airflow/example_dags/example_setup_teardown.py
[2024-10-03T22:22:26.226+0000] {processor.py:914} INFO - Processing file /home/airflow/.local/lib/python3.12/site-packages/airflow/example_dags/example_setup_teardown.py for tasks to queue
[2024-10-03T22:22:26.230+0000] {logging_mixin.py:190} INFO - [2024-10-03T22:22:26.229+0000] {dagbag.py:587} INFO - Filling up the DagBag from /home/airflow/.local/lib/python3.12/site-packages/airflow/example_dags/example_setup_teardown.py
[2024-10-03T22:22:26.241+0000] {processor.py:925} INFO - DAG(s) 'example_setup_teardown' retrieved from /home/airflow/.local/lib/python3.12/site-packages/airflow/example_dags/example_setup_teardown.py
[2024-10-03T22:22:26.277+0000] {logging_mixin.py:190} INFO - [2024-10-03T22:22:26.277+0000] {dag.py:3229} INFO - Sync 1 DAGs
[2024-10-03T22:22:26.296+0000] {logging_mixin.py:190} INFO - [2024-10-03T22:22:26.296+0000] {dag.py:4156} INFO - Setting next_dagrun for example_setup_teardown to None, run_after=None
[2024-10-03T22:22:26.327+0000] {processor.py:208} INFO - Processing /home/airflow/.local/lib/python3.12/site-packages/airflow/example_dags/example_setup_teardown.py took 0.112 seconds
[2024-10-03T22:22:56.681+0000] {processor.py:186} INFO - Started process (PID=2219) to work on /home/airflow/.local/lib/python3.12/site-packages/airflow/example_dags/example_setup_teardown.py
[2024-10-03T22:22:56.682+0000] {processor.py:914} INFO - Processing file /home/airflow/.local/lib/python3.12/site-packages/airflow/example_dags/example_setup_teardown.py for tasks to queue
[2024-10-03T22:22:56.686+0000] {logging_mixin.py:190} INFO - [2024-10-03T22:22:56.685+0000] {dagbag.py:587} INFO - Filling up the DagBag from /home/airflow/.local/lib/python3.12/site-packages/airflow/example_dags/example_setup_teardown.py
[2024-10-03T22:22:56.698+0000] {processor.py:925} INFO - DAG(s) 'example_setup_teardown' retrieved from /home/airflow/.local/lib/python3.12/site-packages/airflow/example_dags/example_setup_teardown.py
[2024-10-03T22:22:56.726+0000] {logging_mixin.py:190} INFO - [2024-10-03T22:22:56.725+0000] {dag.py:3229} INFO - Sync 1 DAGs
[2024-10-03T22:22:56.749+0000] {logging_mixin.py:190} INFO - [2024-10-03T22:22:56.749+0000] {dag.py:4156} INFO - Setting next_dagrun for example_setup_teardown to None, run_after=None
[2024-10-03T22:22:56.772+0000] {processor.py:208} INFO - Processing /home/airflow/.local/lib/python3.12/site-packages/airflow/example_dags/example_setup_teardown.py took 0.100 seconds
[2024-10-03T22:23:27.259+0000] {processor.py:186} INFO - Started process (PID=2282) to work on /home/airflow/.local/lib/python3.12/site-packages/airflow/example_dags/example_setup_teardown.py
[2024-10-03T22:23:27.260+0000] {processor.py:914} INFO - Processing file /home/airflow/.local/lib/python3.12/site-packages/airflow/example_dags/example_setup_teardown.py for tasks to queue
[2024-10-03T22:23:27.263+0000] {logging_mixin.py:190} INFO - [2024-10-03T22:23:27.262+0000] {dagbag.py:587} INFO - Filling up the DagBag from /home/airflow/.local/lib/python3.12/site-packages/airflow/example_dags/example_setup_teardown.py
[2024-10-03T22:23:27.274+0000] {processor.py:925} INFO - DAG(s) 'example_setup_teardown' retrieved from /home/airflow/.local/lib/python3.12/site-packages/airflow/example_dags/example_setup_teardown.py
[2024-10-03T22:23:27.305+0000] {logging_mixin.py:190} INFO - [2024-10-03T22:23:27.304+0000] {dag.py:3229} INFO - Sync 1 DAGs
[2024-10-03T22:23:27.323+0000] {logging_mixin.py:190} INFO - [2024-10-03T22:23:27.323+0000] {dag.py:4156} INFO - Setting next_dagrun for example_setup_teardown to None, run_after=None
[2024-10-03T22:23:27.355+0000] {processor.py:208} INFO - Processing /home/airflow/.local/lib/python3.12/site-packages/airflow/example_dags/example_setup_teardown.py took 0.103 seconds
[2024-10-03T22:23:58.036+0000] {processor.py:186} INFO - Started process (PID=2345) to work on /home/airflow/.local/lib/python3.12/site-packages/airflow/example_dags/example_setup_teardown.py
[2024-10-03T22:23:58.038+0000] {processor.py:914} INFO - Processing file /home/airflow/.local/lib/python3.12/site-packages/airflow/example_dags/example_setup_teardown.py for tasks to queue
[2024-10-03T22:23:58.041+0000] {logging_mixin.py:190} INFO - [2024-10-03T22:23:58.041+0000] {dagbag.py:587} INFO - Filling up the DagBag from /home/airflow/.local/lib/python3.12/site-packages/airflow/example_dags/example_setup_teardown.py
[2024-10-03T22:23:58.054+0000] {processor.py:925} INFO - DAG(s) 'example_setup_teardown' retrieved from /home/airflow/.local/lib/python3.12/site-packages/airflow/example_dags/example_setup_teardown.py
[2024-10-03T22:23:58.084+0000] {logging_mixin.py:190} INFO - [2024-10-03T22:23:58.084+0000] {dag.py:3229} INFO - Sync 1 DAGs
[2024-10-03T22:23:58.104+0000] {logging_mixin.py:190} INFO - [2024-10-03T22:23:58.104+0000] {dag.py:4156} INFO - Setting next_dagrun for example_setup_teardown to None, run_after=None
[2024-10-03T22:23:58.131+0000] {processor.py:208} INFO - Processing /home/airflow/.local/lib/python3.12/site-packages/airflow/example_dags/example_setup_teardown.py took 0.104 seconds
[2024-10-03T22:24:28.494+0000] {processor.py:186} INFO - Started process (PID=2407) to work on /home/airflow/.local/lib/python3.12/site-packages/airflow/example_dags/example_setup_teardown.py
[2024-10-03T22:24:28.496+0000] {processor.py:914} INFO - Processing file /home/airflow/.local/lib/python3.12/site-packages/airflow/example_dags/example_setup_teardown.py for tasks to queue
[2024-10-03T22:24:28.501+0000] {logging_mixin.py:190} INFO - [2024-10-03T22:24:28.500+0000] {dagbag.py:587} INFO - Filling up the DagBag from /home/airflow/.local/lib/python3.12/site-packages/airflow/example_dags/example_setup_teardown.py
[2024-10-03T22:24:28.513+0000] {processor.py:925} INFO - DAG(s) 'example_setup_teardown' retrieved from /home/airflow/.local/lib/python3.12/site-packages/airflow/example_dags/example_setup_teardown.py
[2024-10-03T22:24:28.542+0000] {logging_mixin.py:190} INFO - [2024-10-03T22:24:28.542+0000] {dag.py:3229} INFO - Sync 1 DAGs
[2024-10-03T22:24:28.570+0000] {logging_mixin.py:190} INFO - [2024-10-03T22:24:28.570+0000] {dag.py:4156} INFO - Setting next_dagrun for example_setup_teardown to None, run_after=None
[2024-10-03T22:24:28.605+0000] {processor.py:208} INFO - Processing /home/airflow/.local/lib/python3.12/site-packages/airflow/example_dags/example_setup_teardown.py took 0.121 seconds
[2024-10-03T22:24:59.339+0000] {processor.py:186} INFO - Started process (PID=2470) to work on /home/airflow/.local/lib/python3.12/site-packages/airflow/example_dags/example_setup_teardown.py
[2024-10-03T22:24:59.340+0000] {processor.py:914} INFO - Processing file /home/airflow/.local/lib/python3.12/site-packages/airflow/example_dags/example_setup_teardown.py for tasks to queue
[2024-10-03T22:24:59.347+0000] {logging_mixin.py:190} INFO - [2024-10-03T22:24:59.345+0000] {dagbag.py:587} INFO - Filling up the DagBag from /home/airflow/.local/lib/python3.12/site-packages/airflow/example_dags/example_setup_teardown.py
[2024-10-03T22:24:59.362+0000] {processor.py:925} INFO - DAG(s) 'example_setup_teardown' retrieved from /home/airflow/.local/lib/python3.12/site-packages/airflow/example_dags/example_setup_teardown.py
[2024-10-03T22:24:59.392+0000] {logging_mixin.py:190} INFO - [2024-10-03T22:24:59.392+0000] {dag.py:3229} INFO - Sync 1 DAGs
[2024-10-03T22:24:59.419+0000] {logging_mixin.py:190} INFO - [2024-10-03T22:24:59.418+0000] {dag.py:4156} INFO - Setting next_dagrun for example_setup_teardown to None, run_after=None
[2024-10-03T22:24:59.452+0000] {processor.py:208} INFO - Processing /home/airflow/.local/lib/python3.12/site-packages/airflow/example_dags/example_setup_teardown.py took 0.131 seconds
[2024-10-03T22:25:30.168+0000] {processor.py:186} INFO - Started process (PID=2533) to work on /home/airflow/.local/lib/python3.12/site-packages/airflow/example_dags/example_setup_teardown.py
[2024-10-03T22:25:30.169+0000] {processor.py:914} INFO - Processing file /home/airflow/.local/lib/python3.12/site-packages/airflow/example_dags/example_setup_teardown.py for tasks to queue
[2024-10-03T22:25:30.172+0000] {logging_mixin.py:190} INFO - [2024-10-03T22:25:30.172+0000] {dagbag.py:587} INFO - Filling up the DagBag from /home/airflow/.local/lib/python3.12/site-packages/airflow/example_dags/example_setup_teardown.py
[2024-10-03T22:25:30.196+0000] {processor.py:925} INFO - DAG(s) 'example_setup_teardown' retrieved from /home/airflow/.local/lib/python3.12/site-packages/airflow/example_dags/example_setup_teardown.py
[2024-10-03T22:25:30.226+0000] {logging_mixin.py:190} INFO - [2024-10-03T22:25:30.226+0000] {dag.py:3229} INFO - Sync 1 DAGs
[2024-10-03T22:25:30.260+0000] {logging_mixin.py:190} INFO - [2024-10-03T22:25:30.260+0000] {dag.py:4156} INFO - Setting next_dagrun for example_setup_teardown to None, run_after=None
[2024-10-03T22:25:30.309+0000] {processor.py:208} INFO - Processing /home/airflow/.local/lib/python3.12/site-packages/airflow/example_dags/example_setup_teardown.py took 0.150 seconds
[2024-10-03T22:26:00.667+0000] {processor.py:186} INFO - Started process (PID=2596) to work on /home/airflow/.local/lib/python3.12/site-packages/airflow/example_dags/example_setup_teardown.py
[2024-10-03T22:26:00.668+0000] {processor.py:914} INFO - Processing file /home/airflow/.local/lib/python3.12/site-packages/airflow/example_dags/example_setup_teardown.py for tasks to queue
[2024-10-03T22:26:00.672+0000] {logging_mixin.py:190} INFO - [2024-10-03T22:26:00.672+0000] {dagbag.py:587} INFO - Filling up the DagBag from /home/airflow/.local/lib/python3.12/site-packages/airflow/example_dags/example_setup_teardown.py
[2024-10-03T22:26:00.685+0000] {processor.py:925} INFO - DAG(s) 'example_setup_teardown' retrieved from /home/airflow/.local/lib/python3.12/site-packages/airflow/example_dags/example_setup_teardown.py
[2024-10-03T22:26:00.716+0000] {logging_mixin.py:190} INFO - [2024-10-03T22:26:00.716+0000] {dag.py:3229} INFO - Sync 1 DAGs
[2024-10-03T22:26:00.739+0000] {logging_mixin.py:190} INFO - [2024-10-03T22:26:00.739+0000] {dag.py:4156} INFO - Setting next_dagrun for example_setup_teardown to None, run_after=None
[2024-10-03T22:26:00.772+0000] {processor.py:208} INFO - Processing /home/airflow/.local/lib/python3.12/site-packages/airflow/example_dags/example_setup_teardown.py took 0.115 seconds
[2024-10-03T22:26:31.439+0000] {processor.py:186} INFO - Started process (PID=2659) to work on /home/airflow/.local/lib/python3.12/site-packages/airflow/example_dags/example_setup_teardown.py
[2024-10-03T22:26:31.440+0000] {processor.py:914} INFO - Processing file /home/airflow/.local/lib/python3.12/site-packages/airflow/example_dags/example_setup_teardown.py for tasks to queue
[2024-10-03T22:26:31.444+0000] {logging_mixin.py:190} INFO - [2024-10-03T22:26:31.443+0000] {dagbag.py:587} INFO - Filling up the DagBag from /home/airflow/.local/lib/python3.12/site-packages/airflow/example_dags/example_setup_teardown.py
[2024-10-03T22:26:31.463+0000] {processor.py:925} INFO - DAG(s) 'example_setup_teardown' retrieved from /home/airflow/.local/lib/python3.12/site-packages/airflow/example_dags/example_setup_teardown.py
[2024-10-03T22:26:31.498+0000] {logging_mixin.py:190} INFO - [2024-10-03T22:26:31.498+0000] {dag.py:3229} INFO - Sync 1 DAGs
[2024-10-03T22:26:31.527+0000] {logging_mixin.py:190} INFO - [2024-10-03T22:26:31.526+0000] {dag.py:4156} INFO - Setting next_dagrun for example_setup_teardown to None, run_after=None
[2024-10-03T22:26:31.569+0000] {processor.py:208} INFO - Processing /home/airflow/.local/lib/python3.12/site-packages/airflow/example_dags/example_setup_teardown.py took 0.137 seconds
[2024-10-03T22:27:01.721+0000] {processor.py:186} INFO - Started process (PID=2723) to work on /home/airflow/.local/lib/python3.12/site-packages/airflow/example_dags/example_setup_teardown.py
[2024-10-03T22:27:01.723+0000] {processor.py:914} INFO - Processing file /home/airflow/.local/lib/python3.12/site-packages/airflow/example_dags/example_setup_teardown.py for tasks to queue
[2024-10-03T22:27:01.726+0000] {logging_mixin.py:190} INFO - [2024-10-03T22:27:01.726+0000] {dagbag.py:587} INFO - Filling up the DagBag from /home/airflow/.local/lib/python3.12/site-packages/airflow/example_dags/example_setup_teardown.py
[2024-10-03T22:27:01.735+0000] {processor.py:925} INFO - DAG(s) 'example_setup_teardown' retrieved from /home/airflow/.local/lib/python3.12/site-packages/airflow/example_dags/example_setup_teardown.py
[2024-10-03T22:27:01.762+0000] {logging_mixin.py:190} INFO - [2024-10-03T22:27:01.761+0000] {dag.py:3229} INFO - Sync 1 DAGs
[2024-10-03T22:27:01.795+0000] {logging_mixin.py:190} INFO - [2024-10-03T22:27:01.795+0000] {dag.py:4156} INFO - Setting next_dagrun for example_setup_teardown to None, run_after=None
[2024-10-03T22:27:01.824+0000] {processor.py:208} INFO - Processing /home/airflow/.local/lib/python3.12/site-packages/airflow/example_dags/example_setup_teardown.py took 0.113 seconds
[2024-10-03T22:27:32.524+0000] {processor.py:186} INFO - Started process (PID=2786) to work on /home/airflow/.local/lib/python3.12/site-packages/airflow/example_dags/example_setup_teardown.py
[2024-10-03T22:27:32.525+0000] {processor.py:914} INFO - Processing file /home/airflow/.local/lib/python3.12/site-packages/airflow/example_dags/example_setup_teardown.py for tasks to queue
[2024-10-03T22:27:32.528+0000] {logging_mixin.py:190} INFO - [2024-10-03T22:27:32.527+0000] {dagbag.py:587} INFO - Filling up the DagBag from /home/airflow/.local/lib/python3.12/site-packages/airflow/example_dags/example_setup_teardown.py
[2024-10-03T22:27:32.540+0000] {processor.py:925} INFO - DAG(s) 'example_setup_teardown' retrieved from /home/airflow/.local/lib/python3.12/site-packages/airflow/example_dags/example_setup_teardown.py
[2024-10-03T22:27:32.567+0000] {logging_mixin.py:190} INFO - [2024-10-03T22:27:32.567+0000] {dag.py:3229} INFO - Sync 1 DAGs
[2024-10-03T22:27:32.589+0000] {logging_mixin.py:190} INFO - [2024-10-03T22:27:32.588+0000] {dag.py:4156} INFO - Setting next_dagrun for example_setup_teardown to None, run_after=None
[2024-10-03T22:27:32.620+0000] {processor.py:208} INFO - Processing /home/airflow/.local/lib/python3.12/site-packages/airflow/example_dags/example_setup_teardown.py took 0.103 seconds
[2024-10-03T22:28:03.204+0000] {processor.py:186} INFO - Started process (PID=2849) to work on /home/airflow/.local/lib/python3.12/site-packages/airflow/example_dags/example_setup_teardown.py
[2024-10-03T22:28:03.205+0000] {processor.py:914} INFO - Processing file /home/airflow/.local/lib/python3.12/site-packages/airflow/example_dags/example_setup_teardown.py for tasks to queue
[2024-10-03T22:28:03.210+0000] {logging_mixin.py:190} INFO - [2024-10-03T22:28:03.210+0000] {dagbag.py:587} INFO - Filling up the DagBag from /home/airflow/.local/lib/python3.12/site-packages/airflow/example_dags/example_setup_teardown.py
[2024-10-03T22:28:03.223+0000] {processor.py:925} INFO - DAG(s) 'example_setup_teardown' retrieved from /home/airflow/.local/lib/python3.12/site-packages/airflow/example_dags/example_setup_teardown.py
[2024-10-03T22:28:03.254+0000] {logging_mixin.py:190} INFO - [2024-10-03T22:28:03.254+0000] {dag.py:3229} INFO - Sync 1 DAGs
[2024-10-03T22:28:03.281+0000] {logging_mixin.py:190} INFO - [2024-10-03T22:28:03.280+0000] {dag.py:4156} INFO - Setting next_dagrun for example_setup_teardown to None, run_after=None
[2024-10-03T22:28:03.319+0000] {processor.py:208} INFO - Processing /home/airflow/.local/lib/python3.12/site-packages/airflow/example_dags/example_setup_teardown.py took 0.122 seconds
[2024-10-03T22:28:33.507+0000] {processor.py:186} INFO - Started process (PID=2912) to work on /home/airflow/.local/lib/python3.12/site-packages/airflow/example_dags/example_setup_teardown.py
[2024-10-03T22:28:33.508+0000] {processor.py:914} INFO - Processing file /home/airflow/.local/lib/python3.12/site-packages/airflow/example_dags/example_setup_teardown.py for tasks to queue
[2024-10-03T22:28:33.512+0000] {logging_mixin.py:190} INFO - [2024-10-03T22:28:33.511+0000] {dagbag.py:587} INFO - Filling up the DagBag from /home/airflow/.local/lib/python3.12/site-packages/airflow/example_dags/example_setup_teardown.py
[2024-10-03T22:28:33.525+0000] {processor.py:925} INFO - DAG(s) 'example_setup_teardown' retrieved from /home/airflow/.local/lib/python3.12/site-packages/airflow/example_dags/example_setup_teardown.py
[2024-10-03T22:28:33.552+0000] {logging_mixin.py:190} INFO - [2024-10-03T22:28:33.552+0000] {dag.py:3229} INFO - Sync 1 DAGs
[2024-10-03T22:28:33.573+0000] {logging_mixin.py:190} INFO - [2024-10-03T22:28:33.572+0000] {dag.py:4156} INFO - Setting next_dagrun for example_setup_teardown to None, run_after=None
[2024-10-03T22:28:33.620+0000] {processor.py:208} INFO - Processing /home/airflow/.local/lib/python3.12/site-packages/airflow/example_dags/example_setup_teardown.py took 0.123 seconds
[2024-10-03T22:29:04.244+0000] {processor.py:186} INFO - Started process (PID=2975) to work on /home/airflow/.local/lib/python3.12/site-packages/airflow/example_dags/example_setup_teardown.py
[2024-10-03T22:29:04.245+0000] {processor.py:914} INFO - Processing file /home/airflow/.local/lib/python3.12/site-packages/airflow/example_dags/example_setup_teardown.py for tasks to queue
[2024-10-03T22:29:04.250+0000] {logging_mixin.py:190} INFO - [2024-10-03T22:29:04.249+0000] {dagbag.py:587} INFO - Filling up the DagBag from /home/airflow/.local/lib/python3.12/site-packages/airflow/example_dags/example_setup_teardown.py
[2024-10-03T22:29:04.261+0000] {processor.py:925} INFO - DAG(s) 'example_setup_teardown' retrieved from /home/airflow/.local/lib/python3.12/site-packages/airflow/example_dags/example_setup_teardown.py
[2024-10-03T22:29:04.293+0000] {logging_mixin.py:190} INFO - [2024-10-03T22:29:04.293+0000] {dag.py:3229} INFO - Sync 1 DAGs
[2024-10-03T22:29:04.314+0000] {logging_mixin.py:190} INFO - [2024-10-03T22:29:04.314+0000] {dag.py:4156} INFO - Setting next_dagrun for example_setup_teardown to None, run_after=None
[2024-10-03T22:29:04.350+0000] {processor.py:208} INFO - Processing /home/airflow/.local/lib/python3.12/site-packages/airflow/example_dags/example_setup_teardown.py took 0.114 seconds
[2024-10-03T22:29:34.883+0000] {processor.py:186} INFO - Started process (PID=3038) to work on /home/airflow/.local/lib/python3.12/site-packages/airflow/example_dags/example_setup_teardown.py
[2024-10-03T22:29:34.885+0000] {processor.py:914} INFO - Processing file /home/airflow/.local/lib/python3.12/site-packages/airflow/example_dags/example_setup_teardown.py for tasks to queue
[2024-10-03T22:29:34.889+0000] {logging_mixin.py:190} INFO - [2024-10-03T22:29:34.888+0000] {dagbag.py:587} INFO - Filling up the DagBag from /home/airflow/.local/lib/python3.12/site-packages/airflow/example_dags/example_setup_teardown.py
[2024-10-03T22:29:34.901+0000] {processor.py:925} INFO - DAG(s) 'example_setup_teardown' retrieved from /home/airflow/.local/lib/python3.12/site-packages/airflow/example_dags/example_setup_teardown.py
[2024-10-03T22:29:34.934+0000] {logging_mixin.py:190} INFO - [2024-10-03T22:29:34.934+0000] {dag.py:3229} INFO - Sync 1 DAGs
[2024-10-03T22:29:34.959+0000] {logging_mixin.py:190} INFO - [2024-10-03T22:29:34.959+0000] {dag.py:4156} INFO - Setting next_dagrun for example_setup_teardown to None, run_after=None
[2024-10-03T22:29:34.995+0000] {processor.py:208} INFO - Processing /home/airflow/.local/lib/python3.12/site-packages/airflow/example_dags/example_setup_teardown.py took 0.122 seconds
[2024-10-03T22:30:05.222+0000] {processor.py:186} INFO - Started process (PID=3101) to work on /home/airflow/.local/lib/python3.12/site-packages/airflow/example_dags/example_setup_teardown.py
[2024-10-03T22:30:05.224+0000] {processor.py:914} INFO - Processing file /home/airflow/.local/lib/python3.12/site-packages/airflow/example_dags/example_setup_teardown.py for tasks to queue
[2024-10-03T22:30:05.227+0000] {logging_mixin.py:190} INFO - [2024-10-03T22:30:05.227+0000] {dagbag.py:587} INFO - Filling up the DagBag from /home/airflow/.local/lib/python3.12/site-packages/airflow/example_dags/example_setup_teardown.py
[2024-10-03T22:30:05.242+0000] {processor.py:925} INFO - DAG(s) 'example_setup_teardown' retrieved from /home/airflow/.local/lib/python3.12/site-packages/airflow/example_dags/example_setup_teardown.py
[2024-10-03T22:30:05.271+0000] {logging_mixin.py:190} INFO - [2024-10-03T22:30:05.271+0000] {dag.py:3229} INFO - Sync 1 DAGs
[2024-10-03T22:30:05.293+0000] {logging_mixin.py:190} INFO - [2024-10-03T22:30:05.292+0000] {dag.py:4156} INFO - Setting next_dagrun for example_setup_teardown to None, run_after=None
[2024-10-03T22:30:05.327+0000] {processor.py:208} INFO - Processing /home/airflow/.local/lib/python3.12/site-packages/airflow/example_dags/example_setup_teardown.py took 0.112 seconds
[2024-10-03T22:30:35.642+0000] {processor.py:186} INFO - Started process (PID=3164) to work on /home/airflow/.local/lib/python3.12/site-packages/airflow/example_dags/example_setup_teardown.py
[2024-10-03T22:30:35.643+0000] {processor.py:914} INFO - Processing file /home/airflow/.local/lib/python3.12/site-packages/airflow/example_dags/example_setup_teardown.py for tasks to queue
[2024-10-03T22:30:35.646+0000] {logging_mixin.py:190} INFO - [2024-10-03T22:30:35.646+0000] {dagbag.py:587} INFO - Filling up the DagBag from /home/airflow/.local/lib/python3.12/site-packages/airflow/example_dags/example_setup_teardown.py
[2024-10-03T22:30:35.656+0000] {processor.py:925} INFO - DAG(s) 'example_setup_teardown' retrieved from /home/airflow/.local/lib/python3.12/site-packages/airflow/example_dags/example_setup_teardown.py
[2024-10-03T22:30:35.682+0000] {logging_mixin.py:190} INFO - [2024-10-03T22:30:35.682+0000] {dag.py:3229} INFO - Sync 1 DAGs
[2024-10-03T22:30:35.705+0000] {logging_mixin.py:190} INFO - [2024-10-03T22:30:35.704+0000] {dag.py:4156} INFO - Setting next_dagrun for example_setup_teardown to None, run_after=None
[2024-10-03T22:30:35.737+0000] {processor.py:208} INFO - Processing /home/airflow/.local/lib/python3.12/site-packages/airflow/example_dags/example_setup_teardown.py took 0.104 seconds
[2024-10-03T22:31:06.644+0000] {processor.py:186} INFO - Started process (PID=3226) to work on /home/airflow/.local/lib/python3.12/site-packages/airflow/example_dags/example_setup_teardown.py
[2024-10-03T22:31:06.645+0000] {processor.py:914} INFO - Processing file /home/airflow/.local/lib/python3.12/site-packages/airflow/example_dags/example_setup_teardown.py for tasks to queue
[2024-10-03T22:31:06.649+0000] {logging_mixin.py:190} INFO - [2024-10-03T22:31:06.648+0000] {dagbag.py:587} INFO - Filling up the DagBag from /home/airflow/.local/lib/python3.12/site-packages/airflow/example_dags/example_setup_teardown.py
[2024-10-03T22:31:06.661+0000] {processor.py:925} INFO - DAG(s) 'example_setup_teardown' retrieved from /home/airflow/.local/lib/python3.12/site-packages/airflow/example_dags/example_setup_teardown.py
[2024-10-03T22:31:06.890+0000] {logging_mixin.py:190} INFO - [2024-10-03T22:31:06.890+0000] {dag.py:3229} INFO - Sync 1 DAGs
[2024-10-03T22:31:06.905+0000] {logging_mixin.py:190} INFO - [2024-10-03T22:31:06.905+0000] {dag.py:4156} INFO - Setting next_dagrun for example_setup_teardown to None, run_after=None
[2024-10-03T22:31:06.934+0000] {processor.py:208} INFO - Processing /home/airflow/.local/lib/python3.12/site-packages/airflow/example_dags/example_setup_teardown.py took 0.299 seconds
[2024-10-03T22:31:37.703+0000] {processor.py:186} INFO - Started process (PID=3289) to work on /home/airflow/.local/lib/python3.12/site-packages/airflow/example_dags/example_setup_teardown.py
[2024-10-03T22:31:37.707+0000] {processor.py:914} INFO - Processing file /home/airflow/.local/lib/python3.12/site-packages/airflow/example_dags/example_setup_teardown.py for tasks to queue
[2024-10-03T22:31:37.711+0000] {logging_mixin.py:190} INFO - [2024-10-03T22:31:37.710+0000] {dagbag.py:587} INFO - Filling up the DagBag from /home/airflow/.local/lib/python3.12/site-packages/airflow/example_dags/example_setup_teardown.py
[2024-10-03T22:31:37.724+0000] {processor.py:925} INFO - DAG(s) 'example_setup_teardown' retrieved from /home/airflow/.local/lib/python3.12/site-packages/airflow/example_dags/example_setup_teardown.py
[2024-10-03T22:31:37.759+0000] {logging_mixin.py:190} INFO - [2024-10-03T22:31:37.759+0000] {dag.py:3229} INFO - Sync 1 DAGs
[2024-10-03T22:31:37.780+0000] {logging_mixin.py:190} INFO - [2024-10-03T22:31:37.780+0000] {dag.py:4156} INFO - Setting next_dagrun for example_setup_teardown to None, run_after=None
[2024-10-03T22:31:37.813+0000] {processor.py:208} INFO - Processing /home/airflow/.local/lib/python3.12/site-packages/airflow/example_dags/example_setup_teardown.py took 0.118 seconds
[2024-10-03T22:32:08.464+0000] {processor.py:186} INFO - Started process (PID=3352) to work on /home/airflow/.local/lib/python3.12/site-packages/airflow/example_dags/example_setup_teardown.py
[2024-10-03T22:32:08.466+0000] {processor.py:914} INFO - Processing file /home/airflow/.local/lib/python3.12/site-packages/airflow/example_dags/example_setup_teardown.py for tasks to queue
[2024-10-03T22:32:08.471+0000] {logging_mixin.py:190} INFO - [2024-10-03T22:32:08.471+0000] {dagbag.py:587} INFO - Filling up the DagBag from /home/airflow/.local/lib/python3.12/site-packages/airflow/example_dags/example_setup_teardown.py
[2024-10-03T22:32:08.484+0000] {processor.py:925} INFO - DAG(s) 'example_setup_teardown' retrieved from /home/airflow/.local/lib/python3.12/site-packages/airflow/example_dags/example_setup_teardown.py
[2024-10-03T22:32:08.519+0000] {logging_mixin.py:190} INFO - [2024-10-03T22:32:08.519+0000] {dag.py:3229} INFO - Sync 1 DAGs
[2024-10-03T22:32:08.542+0000] {logging_mixin.py:190} INFO - [2024-10-03T22:32:08.542+0000] {dag.py:4156} INFO - Setting next_dagrun for example_setup_teardown to None, run_after=None
[2024-10-03T22:32:08.583+0000] {processor.py:208} INFO - Processing /home/airflow/.local/lib/python3.12/site-packages/airflow/example_dags/example_setup_teardown.py took 0.130 seconds
[2024-10-03T22:32:39.036+0000] {processor.py:186} INFO - Started process (PID=3415) to work on /home/airflow/.local/lib/python3.12/site-packages/airflow/example_dags/example_setup_teardown.py
[2024-10-03T22:32:39.038+0000] {processor.py:914} INFO - Processing file /home/airflow/.local/lib/python3.12/site-packages/airflow/example_dags/example_setup_teardown.py for tasks to queue
[2024-10-03T22:32:39.042+0000] {logging_mixin.py:190} INFO - [2024-10-03T22:32:39.041+0000] {dagbag.py:587} INFO - Filling up the DagBag from /home/airflow/.local/lib/python3.12/site-packages/airflow/example_dags/example_setup_teardown.py
[2024-10-03T22:32:39.064+0000] {processor.py:925} INFO - DAG(s) 'example_setup_teardown' retrieved from /home/airflow/.local/lib/python3.12/site-packages/airflow/example_dags/example_setup_teardown.py
[2024-10-03T22:32:39.100+0000] {logging_mixin.py:190} INFO - [2024-10-03T22:32:39.100+0000] {dag.py:3229} INFO - Sync 1 DAGs
[2024-10-03T22:32:39.126+0000] {logging_mixin.py:190} INFO - [2024-10-03T22:32:39.126+0000] {dag.py:4156} INFO - Setting next_dagrun for example_setup_teardown to None, run_after=None
[2024-10-03T22:32:39.156+0000] {processor.py:208} INFO - Processing /home/airflow/.local/lib/python3.12/site-packages/airflow/example_dags/example_setup_teardown.py took 0.130 seconds
[2024-10-03T22:33:09.998+0000] {processor.py:186} INFO - Started process (PID=3478) to work on /home/airflow/.local/lib/python3.12/site-packages/airflow/example_dags/example_setup_teardown.py
[2024-10-03T22:33:10.003+0000] {processor.py:914} INFO - Processing file /home/airflow/.local/lib/python3.12/site-packages/airflow/example_dags/example_setup_teardown.py for tasks to queue
[2024-10-03T22:33:10.008+0000] {logging_mixin.py:190} INFO - [2024-10-03T22:33:10.007+0000] {dagbag.py:587} INFO - Filling up the DagBag from /home/airflow/.local/lib/python3.12/site-packages/airflow/example_dags/example_setup_teardown.py
[2024-10-03T22:33:10.023+0000] {processor.py:925} INFO - DAG(s) 'example_setup_teardown' retrieved from /home/airflow/.local/lib/python3.12/site-packages/airflow/example_dags/example_setup_teardown.py
[2024-10-03T22:33:10.052+0000] {logging_mixin.py:190} INFO - [2024-10-03T22:33:10.052+0000] {dag.py:3229} INFO - Sync 1 DAGs
[2024-10-03T22:33:10.073+0000] {logging_mixin.py:190} INFO - [2024-10-03T22:33:10.072+0000] {dag.py:4156} INFO - Setting next_dagrun for example_setup_teardown to None, run_after=None
[2024-10-03T22:33:10.110+0000] {processor.py:208} INFO - Processing /home/airflow/.local/lib/python3.12/site-packages/airflow/example_dags/example_setup_teardown.py took 0.122 seconds
[2024-10-03T22:33:40.334+0000] {processor.py:186} INFO - Started process (PID=3541) to work on /home/airflow/.local/lib/python3.12/site-packages/airflow/example_dags/example_setup_teardown.py
[2024-10-03T22:33:40.335+0000] {processor.py:914} INFO - Processing file /home/airflow/.local/lib/python3.12/site-packages/airflow/example_dags/example_setup_teardown.py for tasks to queue
[2024-10-03T22:33:40.339+0000] {logging_mixin.py:190} INFO - [2024-10-03T22:33:40.339+0000] {dagbag.py:587} INFO - Filling up the DagBag from /home/airflow/.local/lib/python3.12/site-packages/airflow/example_dags/example_setup_teardown.py
[2024-10-03T22:33:40.354+0000] {processor.py:925} INFO - DAG(s) 'example_setup_teardown' retrieved from /home/airflow/.local/lib/python3.12/site-packages/airflow/example_dags/example_setup_teardown.py
[2024-10-03T22:33:40.399+0000] {logging_mixin.py:190} INFO - [2024-10-03T22:33:40.398+0000] {dag.py:3229} INFO - Sync 1 DAGs
[2024-10-03T22:33:40.430+0000] {logging_mixin.py:190} INFO - [2024-10-03T22:33:40.430+0000] {dag.py:4156} INFO - Setting next_dagrun for example_setup_teardown to None, run_after=None
[2024-10-03T22:33:40.475+0000] {processor.py:208} INFO - Processing /home/airflow/.local/lib/python3.12/site-packages/airflow/example_dags/example_setup_teardown.py took 0.150 seconds
[2024-10-03T22:34:10.666+0000] {processor.py:186} INFO - Started process (PID=3604) to work on /home/airflow/.local/lib/python3.12/site-packages/airflow/example_dags/example_setup_teardown.py
[2024-10-03T22:34:10.667+0000] {processor.py:914} INFO - Processing file /home/airflow/.local/lib/python3.12/site-packages/airflow/example_dags/example_setup_teardown.py for tasks to queue
[2024-10-03T22:34:10.670+0000] {logging_mixin.py:190} INFO - [2024-10-03T22:34:10.670+0000] {dagbag.py:587} INFO - Filling up the DagBag from /home/airflow/.local/lib/python3.12/site-packages/airflow/example_dags/example_setup_teardown.py
[2024-10-03T22:34:10.681+0000] {processor.py:925} INFO - DAG(s) 'example_setup_teardown' retrieved from /home/airflow/.local/lib/python3.12/site-packages/airflow/example_dags/example_setup_teardown.py
[2024-10-03T22:34:10.712+0000] {logging_mixin.py:190} INFO - [2024-10-03T22:34:10.712+0000] {dag.py:3229} INFO - Sync 1 DAGs
[2024-10-03T22:34:10.734+0000] {logging_mixin.py:190} INFO - [2024-10-03T22:34:10.734+0000] {dag.py:4156} INFO - Setting next_dagrun for example_setup_teardown to None, run_after=None
[2024-10-03T22:34:10.769+0000] {processor.py:208} INFO - Processing /home/airflow/.local/lib/python3.12/site-packages/airflow/example_dags/example_setup_teardown.py took 0.111 seconds
[2024-10-03T22:34:40.875+0000] {processor.py:186} INFO - Started process (PID=3667) to work on /home/airflow/.local/lib/python3.12/site-packages/airflow/example_dags/example_setup_teardown.py
[2024-10-03T22:34:40.876+0000] {processor.py:914} INFO - Processing file /home/airflow/.local/lib/python3.12/site-packages/airflow/example_dags/example_setup_teardown.py for tasks to queue
[2024-10-03T22:34:40.880+0000] {logging_mixin.py:190} INFO - [2024-10-03T22:34:40.879+0000] {dagbag.py:587} INFO - Filling up the DagBag from /home/airflow/.local/lib/python3.12/site-packages/airflow/example_dags/example_setup_teardown.py
[2024-10-03T22:34:40.895+0000] {processor.py:925} INFO - DAG(s) 'example_setup_teardown' retrieved from /home/airflow/.local/lib/python3.12/site-packages/airflow/example_dags/example_setup_teardown.py
[2024-10-03T22:34:40.937+0000] {logging_mixin.py:190} INFO - [2024-10-03T22:34:40.936+0000] {dag.py:3229} INFO - Sync 1 DAGs
[2024-10-03T22:34:40.962+0000] {logging_mixin.py:190} INFO - [2024-10-03T22:34:40.962+0000] {dag.py:4156} INFO - Setting next_dagrun for example_setup_teardown to None, run_after=None
[2024-10-03T22:34:41.005+0000] {processor.py:208} INFO - Processing /home/airflow/.local/lib/python3.12/site-packages/airflow/example_dags/example_setup_teardown.py took 0.141 seconds
[2024-10-03T22:35:11.887+0000] {processor.py:186} INFO - Started process (PID=3730) to work on /home/airflow/.local/lib/python3.12/site-packages/airflow/example_dags/example_setup_teardown.py
[2024-10-03T22:35:11.888+0000] {processor.py:914} INFO - Processing file /home/airflow/.local/lib/python3.12/site-packages/airflow/example_dags/example_setup_teardown.py for tasks to queue
[2024-10-03T22:35:11.891+0000] {logging_mixin.py:190} INFO - [2024-10-03T22:35:11.891+0000] {dagbag.py:587} INFO - Filling up the DagBag from /home/airflow/.local/lib/python3.12/site-packages/airflow/example_dags/example_setup_teardown.py
[2024-10-03T22:35:11.901+0000] {processor.py:925} INFO - DAG(s) 'example_setup_teardown' retrieved from /home/airflow/.local/lib/python3.12/site-packages/airflow/example_dags/example_setup_teardown.py
[2024-10-03T22:35:11.926+0000] {logging_mixin.py:190} INFO - [2024-10-03T22:35:11.926+0000] {dag.py:3229} INFO - Sync 1 DAGs
[2024-10-03T22:35:11.945+0000] {logging_mixin.py:190} INFO - [2024-10-03T22:35:11.945+0000] {dag.py:4156} INFO - Setting next_dagrun for example_setup_teardown to None, run_after=None
[2024-10-03T22:35:11.969+0000] {processor.py:208} INFO - Processing /home/airflow/.local/lib/python3.12/site-packages/airflow/example_dags/example_setup_teardown.py took 0.089 seconds
