[2024-10-03T22:05:38.234+0000] {processor.py:186} INFO - Started process (PID=89) to work on /home/airflow/.local/lib/python3.12/site-packages/airflow/example_dags/example_python_operator.py
[2024-10-03T22:05:38.236+0000] {processor.py:914} INFO - Processing file /home/airflow/.local/lib/python3.12/site-packages/airflow/example_dags/example_python_operator.py for tasks to queue
[2024-10-03T22:05:38.243+0000] {logging_mixin.py:190} INFO - [2024-10-03T22:05:38.242+0000] {dagbag.py:587} INFO - Filling up the DagBag from /home/airflow/.local/lib/python3.12/site-packages/airflow/example_dags/example_python_operator.py
[2024-10-03T22:05:38.328+0000] {processor.py:925} INFO - DAG(s) 'example_python_operator' retrieved from /home/airflow/.local/lib/python3.12/site-packages/airflow/example_dags/example_python_operator.py
[2024-10-03T22:05:38.944+0000] {logging_mixin.py:190} INFO - [2024-10-03T22:05:38.941+0000] {dag.py:3229} INFO - Sync 1 DAGs
[2024-10-03T22:05:39.024+0000] {logging_mixin.py:190} INFO - [2024-10-03T22:05:39.023+0000] {dag.py:4156} INFO - Setting next_dagrun for example_python_operator to None, run_after=None
[2024-10-03T22:05:39.106+0000] {processor.py:208} INFO - Processing /home/airflow/.local/lib/python3.12/site-packages/airflow/example_dags/example_python_operator.py took 0.885 seconds
[2024-10-03T22:06:09.677+0000] {processor.py:186} INFO - Started process (PID=151) to work on /home/airflow/.local/lib/python3.12/site-packages/airflow/example_dags/example_python_operator.py
[2024-10-03T22:06:09.679+0000] {processor.py:914} INFO - Processing file /home/airflow/.local/lib/python3.12/site-packages/airflow/example_dags/example_python_operator.py for tasks to queue
[2024-10-03T22:06:09.692+0000] {logging_mixin.py:190} INFO - [2024-10-03T22:06:09.691+0000] {dagbag.py:587} INFO - Filling up the DagBag from /home/airflow/.local/lib/python3.12/site-packages/airflow/example_dags/example_python_operator.py
[2024-10-03T22:06:09.741+0000] {processor.py:925} INFO - DAG(s) 'example_python_operator' retrieved from /home/airflow/.local/lib/python3.12/site-packages/airflow/example_dags/example_python_operator.py
[2024-10-03T22:06:09.829+0000] {logging_mixin.py:190} INFO - [2024-10-03T22:06:09.829+0000] {dag.py:3229} INFO - Sync 1 DAGs
[2024-10-03T22:06:09.924+0000] {logging_mixin.py:190} INFO - [2024-10-03T22:06:09.924+0000] {dag.py:4156} INFO - Setting next_dagrun for example_python_operator to None, run_after=None
[2024-10-03T22:06:10.021+0000] {processor.py:208} INFO - Processing /home/airflow/.local/lib/python3.12/site-packages/airflow/example_dags/example_python_operator.py took 0.363 seconds
[2024-10-03T22:06:40.590+0000] {processor.py:186} INFO - Started process (PID=214) to work on /home/airflow/.local/lib/python3.12/site-packages/airflow/example_dags/example_python_operator.py
[2024-10-03T22:06:40.605+0000] {processor.py:914} INFO - Processing file /home/airflow/.local/lib/python3.12/site-packages/airflow/example_dags/example_python_operator.py for tasks to queue
[2024-10-03T22:06:40.614+0000] {logging_mixin.py:190} INFO - [2024-10-03T22:06:40.614+0000] {dagbag.py:587} INFO - Filling up the DagBag from /home/airflow/.local/lib/python3.12/site-packages/airflow/example_dags/example_python_operator.py
[2024-10-03T22:06:40.675+0000] {processor.py:925} INFO - DAG(s) 'example_python_operator' retrieved from /home/airflow/.local/lib/python3.12/site-packages/airflow/example_dags/example_python_operator.py
[2024-10-03T22:06:40.781+0000] {logging_mixin.py:190} INFO - [2024-10-03T22:06:40.780+0000] {dag.py:3229} INFO - Sync 1 DAGs
[2024-10-03T22:06:40.946+0000] {logging_mixin.py:190} INFO - [2024-10-03T22:06:40.935+0000] {dag.py:4156} INFO - Setting next_dagrun for example_python_operator to None, run_after=None
[2024-10-03T22:06:41.153+0000] {processor.py:208} INFO - Processing /home/airflow/.local/lib/python3.12/site-packages/airflow/example_dags/example_python_operator.py took 0.602 seconds
[2024-10-03T22:07:13.942+0000] {processor.py:186} INFO - Started process (PID=283) to work on /home/airflow/.local/lib/python3.12/site-packages/airflow/example_dags/example_python_operator.py
[2024-10-03T22:07:13.955+0000] {processor.py:914} INFO - Processing file /home/airflow/.local/lib/python3.12/site-packages/airflow/example_dags/example_python_operator.py for tasks to queue
[2024-10-03T22:07:13.971+0000] {logging_mixin.py:190} INFO - [2024-10-03T22:07:13.960+0000] {dagbag.py:587} INFO - Filling up the DagBag from /home/airflow/.local/lib/python3.12/site-packages/airflow/example_dags/example_python_operator.py
[2024-10-03T22:07:14.036+0000] {processor.py:925} INFO - DAG(s) 'example_python_operator' retrieved from /home/airflow/.local/lib/python3.12/site-packages/airflow/example_dags/example_python_operator.py
[2024-10-03T22:07:14.147+0000] {logging_mixin.py:190} INFO - [2024-10-03T22:07:14.147+0000] {dag.py:3229} INFO - Sync 1 DAGs
[2024-10-03T22:07:14.214+0000] {logging_mixin.py:190} INFO - [2024-10-03T22:07:14.214+0000] {dag.py:4156} INFO - Setting next_dagrun for example_python_operator to None, run_after=None
[2024-10-03T22:07:14.296+0000] {processor.py:208} INFO - Processing /home/airflow/.local/lib/python3.12/site-packages/airflow/example_dags/example_python_operator.py took 0.382 seconds
[2024-10-03T22:07:45.897+0000] {processor.py:186} INFO - Started process (PID=347) to work on /home/airflow/.local/lib/python3.12/site-packages/airflow/example_dags/example_python_operator.py
[2024-10-03T22:07:45.899+0000] {processor.py:914} INFO - Processing file /home/airflow/.local/lib/python3.12/site-packages/airflow/example_dags/example_python_operator.py for tasks to queue
[2024-10-03T22:07:45.915+0000] {logging_mixin.py:190} INFO - [2024-10-03T22:07:45.914+0000] {dagbag.py:587} INFO - Filling up the DagBag from /home/airflow/.local/lib/python3.12/site-packages/airflow/example_dags/example_python_operator.py
[2024-10-03T22:07:45.994+0000] {processor.py:925} INFO - DAG(s) 'example_python_operator' retrieved from /home/airflow/.local/lib/python3.12/site-packages/airflow/example_dags/example_python_operator.py
[2024-10-03T22:07:46.237+0000] {logging_mixin.py:190} INFO - [2024-10-03T22:07:46.237+0000] {dag.py:3229} INFO - Sync 1 DAGs
[2024-10-03T22:07:46.356+0000] {logging_mixin.py:190} INFO - [2024-10-03T22:07:46.356+0000] {dag.py:4156} INFO - Setting next_dagrun for example_python_operator to None, run_after=None
[2024-10-03T22:07:46.461+0000] {processor.py:208} INFO - Processing /home/airflow/.local/lib/python3.12/site-packages/airflow/example_dags/example_python_operator.py took 0.609 seconds
[2024-10-03T22:08:17.999+0000] {processor.py:186} INFO - Started process (PID=410) to work on /home/airflow/.local/lib/python3.12/site-packages/airflow/example_dags/example_python_operator.py
[2024-10-03T22:08:18.001+0000] {processor.py:914} INFO - Processing file /home/airflow/.local/lib/python3.12/site-packages/airflow/example_dags/example_python_operator.py for tasks to queue
[2024-10-03T22:08:18.033+0000] {logging_mixin.py:190} INFO - [2024-10-03T22:08:18.032+0000] {dagbag.py:587} INFO - Filling up the DagBag from /home/airflow/.local/lib/python3.12/site-packages/airflow/example_dags/example_python_operator.py
[2024-10-03T22:08:18.133+0000] {processor.py:925} INFO - DAG(s) 'example_python_operator' retrieved from /home/airflow/.local/lib/python3.12/site-packages/airflow/example_dags/example_python_operator.py
[2024-10-03T22:08:18.446+0000] {logging_mixin.py:190} INFO - [2024-10-03T22:08:18.445+0000] {dag.py:3229} INFO - Sync 1 DAGs
[2024-10-03T22:08:18.575+0000] {logging_mixin.py:190} INFO - [2024-10-03T22:08:18.575+0000] {dag.py:4156} INFO - Setting next_dagrun for example_python_operator to None, run_after=None
[2024-10-03T22:08:18.702+0000] {processor.py:208} INFO - Processing /home/airflow/.local/lib/python3.12/site-packages/airflow/example_dags/example_python_operator.py took 0.735 seconds
[2024-10-03T22:08:49.623+0000] {processor.py:186} INFO - Started process (PID=473) to work on /home/airflow/.local/lib/python3.12/site-packages/airflow/example_dags/example_python_operator.py
[2024-10-03T22:08:49.624+0000] {processor.py:914} INFO - Processing file /home/airflow/.local/lib/python3.12/site-packages/airflow/example_dags/example_python_operator.py for tasks to queue
[2024-10-03T22:08:49.627+0000] {logging_mixin.py:190} INFO - [2024-10-03T22:08:49.627+0000] {dagbag.py:587} INFO - Filling up the DagBag from /home/airflow/.local/lib/python3.12/site-packages/airflow/example_dags/example_python_operator.py
[2024-10-03T22:08:49.646+0000] {processor.py:925} INFO - DAG(s) 'example_python_operator' retrieved from /home/airflow/.local/lib/python3.12/site-packages/airflow/example_dags/example_python_operator.py
[2024-10-03T22:08:49.677+0000] {logging_mixin.py:190} INFO - [2024-10-03T22:08:49.677+0000] {dag.py:3229} INFO - Sync 1 DAGs
[2024-10-03T22:08:49.700+0000] {logging_mixin.py:190} INFO - [2024-10-03T22:08:49.700+0000] {dag.py:4156} INFO - Setting next_dagrun for example_python_operator to None, run_after=None
[2024-10-03T22:08:49.728+0000] {processor.py:208} INFO - Processing /home/airflow/.local/lib/python3.12/site-packages/airflow/example_dags/example_python_operator.py took 0.113 seconds
[2024-10-03T22:09:19.944+0000] {processor.py:186} INFO - Started process (PID=536) to work on /home/airflow/.local/lib/python3.12/site-packages/airflow/example_dags/example_python_operator.py
[2024-10-03T22:09:19.946+0000] {processor.py:914} INFO - Processing file /home/airflow/.local/lib/python3.12/site-packages/airflow/example_dags/example_python_operator.py for tasks to queue
[2024-10-03T22:09:19.951+0000] {logging_mixin.py:190} INFO - [2024-10-03T22:09:19.950+0000] {dagbag.py:587} INFO - Filling up the DagBag from /home/airflow/.local/lib/python3.12/site-packages/airflow/example_dags/example_python_operator.py
[2024-10-03T22:09:19.970+0000] {processor.py:925} INFO - DAG(s) 'example_python_operator' retrieved from /home/airflow/.local/lib/python3.12/site-packages/airflow/example_dags/example_python_operator.py
[2024-10-03T22:09:20.006+0000] {logging_mixin.py:190} INFO - [2024-10-03T22:09:20.005+0000] {dag.py:3229} INFO - Sync 1 DAGs
[2024-10-03T22:09:20.031+0000] {logging_mixin.py:190} INFO - [2024-10-03T22:09:20.031+0000] {dag.py:4156} INFO - Setting next_dagrun for example_python_operator to None, run_after=None
[2024-10-03T22:09:20.063+0000] {processor.py:208} INFO - Processing /home/airflow/.local/lib/python3.12/site-packages/airflow/example_dags/example_python_operator.py took 0.128 seconds
[2024-10-03T22:09:50.293+0000] {processor.py:186} INFO - Started process (PID=599) to work on /home/airflow/.local/lib/python3.12/site-packages/airflow/example_dags/example_python_operator.py
[2024-10-03T22:09:50.294+0000] {processor.py:914} INFO - Processing file /home/airflow/.local/lib/python3.12/site-packages/airflow/example_dags/example_python_operator.py for tasks to queue
[2024-10-03T22:09:50.298+0000] {logging_mixin.py:190} INFO - [2024-10-03T22:09:50.297+0000] {dagbag.py:587} INFO - Filling up the DagBag from /home/airflow/.local/lib/python3.12/site-packages/airflow/example_dags/example_python_operator.py
[2024-10-03T22:09:50.315+0000] {processor.py:925} INFO - DAG(s) 'example_python_operator' retrieved from /home/airflow/.local/lib/python3.12/site-packages/airflow/example_dags/example_python_operator.py
[2024-10-03T22:09:50.353+0000] {logging_mixin.py:190} INFO - [2024-10-03T22:09:50.353+0000] {dag.py:3229} INFO - Sync 1 DAGs
[2024-10-03T22:09:50.382+0000] {logging_mixin.py:190} INFO - [2024-10-03T22:09:50.381+0000] {dag.py:4156} INFO - Setting next_dagrun for example_python_operator to None, run_after=None
[2024-10-03T22:09:50.418+0000] {processor.py:208} INFO - Processing /home/airflow/.local/lib/python3.12/site-packages/airflow/example_dags/example_python_operator.py took 0.135 seconds
[2024-10-03T22:10:20.806+0000] {processor.py:186} INFO - Started process (PID=662) to work on /home/airflow/.local/lib/python3.12/site-packages/airflow/example_dags/example_python_operator.py
[2024-10-03T22:10:20.809+0000] {processor.py:914} INFO - Processing file /home/airflow/.local/lib/python3.12/site-packages/airflow/example_dags/example_python_operator.py for tasks to queue
[2024-10-03T22:10:20.814+0000] {logging_mixin.py:190} INFO - [2024-10-03T22:10:20.814+0000] {dagbag.py:587} INFO - Filling up the DagBag from /home/airflow/.local/lib/python3.12/site-packages/airflow/example_dags/example_python_operator.py
[2024-10-03T22:10:20.844+0000] {processor.py:925} INFO - DAG(s) 'example_python_operator' retrieved from /home/airflow/.local/lib/python3.12/site-packages/airflow/example_dags/example_python_operator.py
[2024-10-03T22:10:20.887+0000] {logging_mixin.py:190} INFO - [2024-10-03T22:10:20.887+0000] {dag.py:3229} INFO - Sync 1 DAGs
[2024-10-03T22:10:20.932+0000] {logging_mixin.py:190} INFO - [2024-10-03T22:10:20.932+0000] {dag.py:4156} INFO - Setting next_dagrun for example_python_operator to None, run_after=None
[2024-10-03T22:10:20.971+0000] {processor.py:208} INFO - Processing /home/airflow/.local/lib/python3.12/site-packages/airflow/example_dags/example_python_operator.py took 0.174 seconds
[2024-10-03T22:10:51.293+0000] {processor.py:186} INFO - Started process (PID=725) to work on /home/airflow/.local/lib/python3.12/site-packages/airflow/example_dags/example_python_operator.py
[2024-10-03T22:10:51.295+0000] {processor.py:914} INFO - Processing file /home/airflow/.local/lib/python3.12/site-packages/airflow/example_dags/example_python_operator.py for tasks to queue
[2024-10-03T22:10:51.298+0000] {logging_mixin.py:190} INFO - [2024-10-03T22:10:51.297+0000] {dagbag.py:587} INFO - Filling up the DagBag from /home/airflow/.local/lib/python3.12/site-packages/airflow/example_dags/example_python_operator.py
[2024-10-03T22:10:51.311+0000] {processor.py:925} INFO - DAG(s) 'example_python_operator' retrieved from /home/airflow/.local/lib/python3.12/site-packages/airflow/example_dags/example_python_operator.py
[2024-10-03T22:10:51.340+0000] {logging_mixin.py:190} INFO - [2024-10-03T22:10:51.339+0000] {dag.py:3229} INFO - Sync 1 DAGs
[2024-10-03T22:10:51.359+0000] {logging_mixin.py:190} INFO - [2024-10-03T22:10:51.359+0000] {dag.py:4156} INFO - Setting next_dagrun for example_python_operator to None, run_after=None
[2024-10-03T22:10:51.385+0000] {processor.py:208} INFO - Processing /home/airflow/.local/lib/python3.12/site-packages/airflow/example_dags/example_python_operator.py took 0.101 seconds
[2024-10-03T22:11:21.970+0000] {processor.py:186} INFO - Started process (PID=788) to work on /home/airflow/.local/lib/python3.12/site-packages/airflow/example_dags/example_python_operator.py
[2024-10-03T22:11:21.971+0000] {processor.py:914} INFO - Processing file /home/airflow/.local/lib/python3.12/site-packages/airflow/example_dags/example_python_operator.py for tasks to queue
[2024-10-03T22:11:21.975+0000] {logging_mixin.py:190} INFO - [2024-10-03T22:11:21.974+0000] {dagbag.py:587} INFO - Filling up the DagBag from /home/airflow/.local/lib/python3.12/site-packages/airflow/example_dags/example_python_operator.py
[2024-10-03T22:11:21.993+0000] {processor.py:925} INFO - DAG(s) 'example_python_operator' retrieved from /home/airflow/.local/lib/python3.12/site-packages/airflow/example_dags/example_python_operator.py
[2024-10-03T22:11:22.040+0000] {logging_mixin.py:190} INFO - [2024-10-03T22:11:22.039+0000] {dag.py:3229} INFO - Sync 1 DAGs
[2024-10-03T22:11:22.073+0000] {logging_mixin.py:190} INFO - [2024-10-03T22:11:22.071+0000] {dag.py:4156} INFO - Setting next_dagrun for example_python_operator to None, run_after=None
[2024-10-03T22:11:22.108+0000] {processor.py:208} INFO - Processing /home/airflow/.local/lib/python3.12/site-packages/airflow/example_dags/example_python_operator.py took 0.148 seconds
[2024-10-03T22:11:52.600+0000] {processor.py:186} INFO - Started process (PID=851) to work on /home/airflow/.local/lib/python3.12/site-packages/airflow/example_dags/example_python_operator.py
[2024-10-03T22:11:52.602+0000] {processor.py:914} INFO - Processing file /home/airflow/.local/lib/python3.12/site-packages/airflow/example_dags/example_python_operator.py for tasks to queue
[2024-10-03T22:11:52.605+0000] {logging_mixin.py:190} INFO - [2024-10-03T22:11:52.605+0000] {dagbag.py:587} INFO - Filling up the DagBag from /home/airflow/.local/lib/python3.12/site-packages/airflow/example_dags/example_python_operator.py
[2024-10-03T22:11:52.625+0000] {processor.py:925} INFO - DAG(s) 'example_python_operator' retrieved from /home/airflow/.local/lib/python3.12/site-packages/airflow/example_dags/example_python_operator.py
[2024-10-03T22:11:52.661+0000] {logging_mixin.py:190} INFO - [2024-10-03T22:11:52.661+0000] {dag.py:3229} INFO - Sync 1 DAGs
[2024-10-03T22:11:52.682+0000] {logging_mixin.py:190} INFO - [2024-10-03T22:11:52.681+0000] {dag.py:4156} INFO - Setting next_dagrun for example_python_operator to None, run_after=None
[2024-10-03T22:11:52.715+0000] {processor.py:208} INFO - Processing /home/airflow/.local/lib/python3.12/site-packages/airflow/example_dags/example_python_operator.py took 0.124 seconds
[2024-10-03T22:12:23.267+0000] {processor.py:186} INFO - Started process (PID=914) to work on /home/airflow/.local/lib/python3.12/site-packages/airflow/example_dags/example_python_operator.py
[2024-10-03T22:12:23.269+0000] {processor.py:914} INFO - Processing file /home/airflow/.local/lib/python3.12/site-packages/airflow/example_dags/example_python_operator.py for tasks to queue
[2024-10-03T22:12:23.277+0000] {logging_mixin.py:190} INFO - [2024-10-03T22:12:23.276+0000] {dagbag.py:587} INFO - Filling up the DagBag from /home/airflow/.local/lib/python3.12/site-packages/airflow/example_dags/example_python_operator.py
[2024-10-03T22:12:23.327+0000] {processor.py:925} INFO - DAG(s) 'example_python_operator' retrieved from /home/airflow/.local/lib/python3.12/site-packages/airflow/example_dags/example_python_operator.py
[2024-10-03T22:12:23.405+0000] {logging_mixin.py:190} INFO - [2024-10-03T22:12:23.403+0000] {dag.py:3229} INFO - Sync 1 DAGs
[2024-10-03T22:12:23.445+0000] {logging_mixin.py:190} INFO - [2024-10-03T22:12:23.445+0000] {dag.py:4156} INFO - Setting next_dagrun for example_python_operator to None, run_after=None
[2024-10-03T22:12:23.473+0000] {processor.py:208} INFO - Processing /home/airflow/.local/lib/python3.12/site-packages/airflow/example_dags/example_python_operator.py took 0.217 seconds
[2024-10-03T22:12:53.801+0000] {processor.py:186} INFO - Started process (PID=977) to work on /home/airflow/.local/lib/python3.12/site-packages/airflow/example_dags/example_python_operator.py
[2024-10-03T22:12:53.802+0000] {processor.py:914} INFO - Processing file /home/airflow/.local/lib/python3.12/site-packages/airflow/example_dags/example_python_operator.py for tasks to queue
[2024-10-03T22:12:53.806+0000] {logging_mixin.py:190} INFO - [2024-10-03T22:12:53.805+0000] {dagbag.py:587} INFO - Filling up the DagBag from /home/airflow/.local/lib/python3.12/site-packages/airflow/example_dags/example_python_operator.py
[2024-10-03T22:12:53.824+0000] {processor.py:925} INFO - DAG(s) 'example_python_operator' retrieved from /home/airflow/.local/lib/python3.12/site-packages/airflow/example_dags/example_python_operator.py
[2024-10-03T22:12:53.851+0000] {logging_mixin.py:190} INFO - [2024-10-03T22:12:53.851+0000] {dag.py:3229} INFO - Sync 1 DAGs
[2024-10-03T22:12:53.872+0000] {logging_mixin.py:190} INFO - [2024-10-03T22:12:53.872+0000] {dag.py:4156} INFO - Setting next_dagrun for example_python_operator to None, run_after=None
[2024-10-03T22:12:53.905+0000] {processor.py:208} INFO - Processing /home/airflow/.local/lib/python3.12/site-packages/airflow/example_dags/example_python_operator.py took 0.114 seconds
[2024-10-03T22:13:24.589+0000] {processor.py:186} INFO - Started process (PID=1041) to work on /home/airflow/.local/lib/python3.12/site-packages/airflow/example_dags/example_python_operator.py
[2024-10-03T22:13:24.590+0000] {processor.py:914} INFO - Processing file /home/airflow/.local/lib/python3.12/site-packages/airflow/example_dags/example_python_operator.py for tasks to queue
[2024-10-03T22:13:24.593+0000] {logging_mixin.py:190} INFO - [2024-10-03T22:13:24.593+0000] {dagbag.py:587} INFO - Filling up the DagBag from /home/airflow/.local/lib/python3.12/site-packages/airflow/example_dags/example_python_operator.py
[2024-10-03T22:13:24.609+0000] {processor.py:925} INFO - DAG(s) 'example_python_operator' retrieved from /home/airflow/.local/lib/python3.12/site-packages/airflow/example_dags/example_python_operator.py
[2024-10-03T22:13:24.639+0000] {logging_mixin.py:190} INFO - [2024-10-03T22:13:24.639+0000] {dag.py:3229} INFO - Sync 1 DAGs
[2024-10-03T22:13:24.662+0000] {logging_mixin.py:190} INFO - [2024-10-03T22:13:24.661+0000] {dag.py:4156} INFO - Setting next_dagrun for example_python_operator to None, run_after=None
[2024-10-03T22:13:24.694+0000] {processor.py:208} INFO - Processing /home/airflow/.local/lib/python3.12/site-packages/airflow/example_dags/example_python_operator.py took 0.113 seconds
[2024-10-03T22:13:55.224+0000] {processor.py:186} INFO - Started process (PID=1105) to work on /home/airflow/.local/lib/python3.12/site-packages/airflow/example_dags/example_python_operator.py
[2024-10-03T22:13:55.226+0000] {processor.py:914} INFO - Processing file /home/airflow/.local/lib/python3.12/site-packages/airflow/example_dags/example_python_operator.py for tasks to queue
[2024-10-03T22:13:55.231+0000] {logging_mixin.py:190} INFO - [2024-10-03T22:13:55.230+0000] {dagbag.py:587} INFO - Filling up the DagBag from /home/airflow/.local/lib/python3.12/site-packages/airflow/example_dags/example_python_operator.py
[2024-10-03T22:13:55.251+0000] {processor.py:925} INFO - DAG(s) 'example_python_operator' retrieved from /home/airflow/.local/lib/python3.12/site-packages/airflow/example_dags/example_python_operator.py
[2024-10-03T22:13:55.289+0000] {logging_mixin.py:190} INFO - [2024-10-03T22:13:55.288+0000] {dag.py:3229} INFO - Sync 1 DAGs
[2024-10-03T22:13:55.315+0000] {logging_mixin.py:190} INFO - [2024-10-03T22:13:55.315+0000] {dag.py:4156} INFO - Setting next_dagrun for example_python_operator to None, run_after=None
[2024-10-03T22:13:55.344+0000] {processor.py:208} INFO - Processing /home/airflow/.local/lib/python3.12/site-packages/airflow/example_dags/example_python_operator.py took 0.130 seconds
[2024-10-03T22:14:25.910+0000] {processor.py:186} INFO - Started process (PID=1168) to work on /home/airflow/.local/lib/python3.12/site-packages/airflow/example_dags/example_python_operator.py
[2024-10-03T22:14:25.911+0000] {processor.py:914} INFO - Processing file /home/airflow/.local/lib/python3.12/site-packages/airflow/example_dags/example_python_operator.py for tasks to queue
[2024-10-03T22:14:25.914+0000] {logging_mixin.py:190} INFO - [2024-10-03T22:14:25.914+0000] {dagbag.py:587} INFO - Filling up the DagBag from /home/airflow/.local/lib/python3.12/site-packages/airflow/example_dags/example_python_operator.py
[2024-10-03T22:14:25.934+0000] {processor.py:925} INFO - DAG(s) 'example_python_operator' retrieved from /home/airflow/.local/lib/python3.12/site-packages/airflow/example_dags/example_python_operator.py
[2024-10-03T22:14:25.967+0000] {logging_mixin.py:190} INFO - [2024-10-03T22:14:25.967+0000] {dag.py:3229} INFO - Sync 1 DAGs
[2024-10-03T22:14:25.990+0000] {logging_mixin.py:190} INFO - [2024-10-03T22:14:25.989+0000] {dag.py:4156} INFO - Setting next_dagrun for example_python_operator to None, run_after=None
[2024-10-03T22:14:26.017+0000] {processor.py:208} INFO - Processing /home/airflow/.local/lib/python3.12/site-packages/airflow/example_dags/example_python_operator.py took 0.114 seconds
[2024-10-03T22:14:56.097+0000] {processor.py:186} INFO - Started process (PID=1231) to work on /home/airflow/.local/lib/python3.12/site-packages/airflow/example_dags/example_python_operator.py
[2024-10-03T22:14:56.098+0000] {processor.py:914} INFO - Processing file /home/airflow/.local/lib/python3.12/site-packages/airflow/example_dags/example_python_operator.py for tasks to queue
[2024-10-03T22:14:56.102+0000] {logging_mixin.py:190} INFO - [2024-10-03T22:14:56.101+0000] {dagbag.py:587} INFO - Filling up the DagBag from /home/airflow/.local/lib/python3.12/site-packages/airflow/example_dags/example_python_operator.py
[2024-10-03T22:14:56.118+0000] {processor.py:925} INFO - DAG(s) 'example_python_operator' retrieved from /home/airflow/.local/lib/python3.12/site-packages/airflow/example_dags/example_python_operator.py
[2024-10-03T22:14:56.150+0000] {logging_mixin.py:190} INFO - [2024-10-03T22:14:56.149+0000] {dag.py:3229} INFO - Sync 1 DAGs
[2024-10-03T22:14:56.171+0000] {logging_mixin.py:190} INFO - [2024-10-03T22:14:56.171+0000] {dag.py:4156} INFO - Setting next_dagrun for example_python_operator to None, run_after=None
[2024-10-03T22:14:56.198+0000] {processor.py:208} INFO - Processing /home/airflow/.local/lib/python3.12/site-packages/airflow/example_dags/example_python_operator.py took 0.111 seconds
[2024-10-03T22:15:26.562+0000] {processor.py:186} INFO - Started process (PID=1294) to work on /home/airflow/.local/lib/python3.12/site-packages/airflow/example_dags/example_python_operator.py
[2024-10-03T22:15:26.563+0000] {processor.py:914} INFO - Processing file /home/airflow/.local/lib/python3.12/site-packages/airflow/example_dags/example_python_operator.py for tasks to queue
[2024-10-03T22:15:26.566+0000] {logging_mixin.py:190} INFO - [2024-10-03T22:15:26.565+0000] {dagbag.py:587} INFO - Filling up the DagBag from /home/airflow/.local/lib/python3.12/site-packages/airflow/example_dags/example_python_operator.py
[2024-10-03T22:15:26.581+0000] {processor.py:925} INFO - DAG(s) 'example_python_operator' retrieved from /home/airflow/.local/lib/python3.12/site-packages/airflow/example_dags/example_python_operator.py
[2024-10-03T22:15:26.616+0000] {logging_mixin.py:190} INFO - [2024-10-03T22:15:26.615+0000] {dag.py:3229} INFO - Sync 1 DAGs
[2024-10-03T22:15:26.638+0000] {logging_mixin.py:190} INFO - [2024-10-03T22:15:26.638+0000] {dag.py:4156} INFO - Setting next_dagrun for example_python_operator to None, run_after=None
[2024-10-03T22:15:26.667+0000] {processor.py:208} INFO - Processing /home/airflow/.local/lib/python3.12/site-packages/airflow/example_dags/example_python_operator.py took 0.114 seconds
[2024-10-03T22:15:57.053+0000] {processor.py:186} INFO - Started process (PID=1357) to work on /home/airflow/.local/lib/python3.12/site-packages/airflow/example_dags/example_python_operator.py
[2024-10-03T22:15:57.054+0000] {processor.py:914} INFO - Processing file /home/airflow/.local/lib/python3.12/site-packages/airflow/example_dags/example_python_operator.py for tasks to queue
[2024-10-03T22:15:57.057+0000] {logging_mixin.py:190} INFO - [2024-10-03T22:15:57.057+0000] {dagbag.py:587} INFO - Filling up the DagBag from /home/airflow/.local/lib/python3.12/site-packages/airflow/example_dags/example_python_operator.py
[2024-10-03T22:15:57.077+0000] {processor.py:925} INFO - DAG(s) 'example_python_operator' retrieved from /home/airflow/.local/lib/python3.12/site-packages/airflow/example_dags/example_python_operator.py
[2024-10-03T22:15:57.108+0000] {logging_mixin.py:190} INFO - [2024-10-03T22:15:57.108+0000] {dag.py:3229} INFO - Sync 1 DAGs
[2024-10-03T22:15:57.128+0000] {logging_mixin.py:190} INFO - [2024-10-03T22:15:57.128+0000] {dag.py:4156} INFO - Setting next_dagrun for example_python_operator to None, run_after=None
[2024-10-03T22:15:57.166+0000] {processor.py:208} INFO - Processing /home/airflow/.local/lib/python3.12/site-packages/airflow/example_dags/example_python_operator.py took 0.123 seconds
[2024-10-03T22:16:28.091+0000] {processor.py:186} INFO - Started process (PID=1420) to work on /home/airflow/.local/lib/python3.12/site-packages/airflow/example_dags/example_python_operator.py
[2024-10-03T22:16:28.106+0000] {processor.py:914} INFO - Processing file /home/airflow/.local/lib/python3.12/site-packages/airflow/example_dags/example_python_operator.py for tasks to queue
[2024-10-03T22:16:28.136+0000] {logging_mixin.py:190} INFO - [2024-10-03T22:16:28.136+0000] {dagbag.py:587} INFO - Filling up the DagBag from /home/airflow/.local/lib/python3.12/site-packages/airflow/example_dags/example_python_operator.py
[2024-10-03T22:16:28.225+0000] {processor.py:925} INFO - DAG(s) 'example_python_operator' retrieved from /home/airflow/.local/lib/python3.12/site-packages/airflow/example_dags/example_python_operator.py
[2024-10-03T22:16:28.364+0000] {logging_mixin.py:190} INFO - [2024-10-03T22:16:28.363+0000] {dag.py:3229} INFO - Sync 1 DAGs
[2024-10-03T22:16:28.457+0000] {logging_mixin.py:190} INFO - [2024-10-03T22:16:28.456+0000] {dag.py:4156} INFO - Setting next_dagrun for example_python_operator to None, run_after=None
[2024-10-03T22:16:28.568+0000] {processor.py:208} INFO - Processing /home/airflow/.local/lib/python3.12/site-packages/airflow/example_dags/example_python_operator.py took 0.504 seconds
[2024-10-03T22:16:58.767+0000] {processor.py:186} INFO - Started process (PID=1483) to work on /home/airflow/.local/lib/python3.12/site-packages/airflow/example_dags/example_python_operator.py
[2024-10-03T22:16:58.770+0000] {processor.py:914} INFO - Processing file /home/airflow/.local/lib/python3.12/site-packages/airflow/example_dags/example_python_operator.py for tasks to queue
[2024-10-03T22:16:58.773+0000] {logging_mixin.py:190} INFO - [2024-10-03T22:16:58.773+0000] {dagbag.py:587} INFO - Filling up the DagBag from /home/airflow/.local/lib/python3.12/site-packages/airflow/example_dags/example_python_operator.py
[2024-10-03T22:16:58.807+0000] {processor.py:925} INFO - DAG(s) 'example_python_operator' retrieved from /home/airflow/.local/lib/python3.12/site-packages/airflow/example_dags/example_python_operator.py
[2024-10-03T22:16:58.866+0000] {logging_mixin.py:190} INFO - [2024-10-03T22:16:58.866+0000] {dag.py:3229} INFO - Sync 1 DAGs
[2024-10-03T22:16:58.901+0000] {logging_mixin.py:190} INFO - [2024-10-03T22:16:58.900+0000] {dag.py:4156} INFO - Setting next_dagrun for example_python_operator to None, run_after=None
[2024-10-03T22:16:58.941+0000] {processor.py:208} INFO - Processing /home/airflow/.local/lib/python3.12/site-packages/airflow/example_dags/example_python_operator.py took 0.189 seconds
[2024-10-03T22:17:29.542+0000] {processor.py:186} INFO - Started process (PID=1546) to work on /home/airflow/.local/lib/python3.12/site-packages/airflow/example_dags/example_python_operator.py
[2024-10-03T22:17:29.546+0000] {processor.py:914} INFO - Processing file /home/airflow/.local/lib/python3.12/site-packages/airflow/example_dags/example_python_operator.py for tasks to queue
[2024-10-03T22:17:29.555+0000] {logging_mixin.py:190} INFO - [2024-10-03T22:17:29.554+0000] {dagbag.py:587} INFO - Filling up the DagBag from /home/airflow/.local/lib/python3.12/site-packages/airflow/example_dags/example_python_operator.py
[2024-10-03T22:17:29.577+0000] {processor.py:925} INFO - DAG(s) 'example_python_operator' retrieved from /home/airflow/.local/lib/python3.12/site-packages/airflow/example_dags/example_python_operator.py
[2024-10-03T22:17:29.628+0000] {logging_mixin.py:190} INFO - [2024-10-03T22:17:29.628+0000] {dag.py:3229} INFO - Sync 1 DAGs
[2024-10-03T22:17:29.659+0000] {logging_mixin.py:190} INFO - [2024-10-03T22:17:29.658+0000] {dag.py:4156} INFO - Setting next_dagrun for example_python_operator to None, run_after=None
[2024-10-03T22:17:29.707+0000] {processor.py:208} INFO - Processing /home/airflow/.local/lib/python3.12/site-packages/airflow/example_dags/example_python_operator.py took 0.175 seconds
[2024-10-03T22:17:59.897+0000] {processor.py:186} INFO - Started process (PID=1610) to work on /home/airflow/.local/lib/python3.12/site-packages/airflow/example_dags/example_python_operator.py
[2024-10-03T22:17:59.898+0000] {processor.py:914} INFO - Processing file /home/airflow/.local/lib/python3.12/site-packages/airflow/example_dags/example_python_operator.py for tasks to queue
[2024-10-03T22:17:59.901+0000] {logging_mixin.py:190} INFO - [2024-10-03T22:17:59.900+0000] {dagbag.py:587} INFO - Filling up the DagBag from /home/airflow/.local/lib/python3.12/site-packages/airflow/example_dags/example_python_operator.py
[2024-10-03T22:17:59.920+0000] {processor.py:925} INFO - DAG(s) 'example_python_operator' retrieved from /home/airflow/.local/lib/python3.12/site-packages/airflow/example_dags/example_python_operator.py
[2024-10-03T22:17:59.956+0000] {logging_mixin.py:190} INFO - [2024-10-03T22:17:59.956+0000] {dag.py:3229} INFO - Sync 1 DAGs
[2024-10-03T22:17:59.981+0000] {logging_mixin.py:190} INFO - [2024-10-03T22:17:59.981+0000] {dag.py:4156} INFO - Setting next_dagrun for example_python_operator to None, run_after=None
[2024-10-03T22:18:00.008+0000] {processor.py:208} INFO - Processing /home/airflow/.local/lib/python3.12/site-packages/airflow/example_dags/example_python_operator.py took 0.119 seconds
[2024-10-03T22:18:30.094+0000] {processor.py:186} INFO - Started process (PID=1671) to work on /home/airflow/.local/lib/python3.12/site-packages/airflow/example_dags/example_python_operator.py
[2024-10-03T22:18:30.096+0000] {processor.py:914} INFO - Processing file /home/airflow/.local/lib/python3.12/site-packages/airflow/example_dags/example_python_operator.py for tasks to queue
[2024-10-03T22:18:30.099+0000] {logging_mixin.py:190} INFO - [2024-10-03T22:18:30.099+0000] {dagbag.py:587} INFO - Filling up the DagBag from /home/airflow/.local/lib/python3.12/site-packages/airflow/example_dags/example_python_operator.py
[2024-10-03T22:18:30.119+0000] {processor.py:925} INFO - DAG(s) 'example_python_operator' retrieved from /home/airflow/.local/lib/python3.12/site-packages/airflow/example_dags/example_python_operator.py
[2024-10-03T22:18:30.151+0000] {logging_mixin.py:190} INFO - [2024-10-03T22:18:30.151+0000] {dag.py:3229} INFO - Sync 1 DAGs
[2024-10-03T22:18:30.175+0000] {logging_mixin.py:190} INFO - [2024-10-03T22:18:30.175+0000] {dag.py:4156} INFO - Setting next_dagrun for example_python_operator to None, run_after=None
[2024-10-03T22:18:30.204+0000] {processor.py:208} INFO - Processing /home/airflow/.local/lib/python3.12/site-packages/airflow/example_dags/example_python_operator.py took 0.119 seconds
[2024-10-03T22:19:00.295+0000] {processor.py:186} INFO - Started process (PID=1734) to work on /home/airflow/.local/lib/python3.12/site-packages/airflow/example_dags/example_python_operator.py
[2024-10-03T22:19:00.296+0000] {processor.py:914} INFO - Processing file /home/airflow/.local/lib/python3.12/site-packages/airflow/example_dags/example_python_operator.py for tasks to queue
[2024-10-03T22:19:00.300+0000] {logging_mixin.py:190} INFO - [2024-10-03T22:19:00.300+0000] {dagbag.py:587} INFO - Filling up the DagBag from /home/airflow/.local/lib/python3.12/site-packages/airflow/example_dags/example_python_operator.py
[2024-10-03T22:19:00.318+0000] {processor.py:925} INFO - DAG(s) 'example_python_operator' retrieved from /home/airflow/.local/lib/python3.12/site-packages/airflow/example_dags/example_python_operator.py
[2024-10-03T22:19:00.354+0000] {logging_mixin.py:190} INFO - [2024-10-03T22:19:00.353+0000] {dag.py:3229} INFO - Sync 1 DAGs
[2024-10-03T22:19:00.378+0000] {logging_mixin.py:190} INFO - [2024-10-03T22:19:00.378+0000] {dag.py:4156} INFO - Setting next_dagrun for example_python_operator to None, run_after=None
[2024-10-03T22:19:00.407+0000] {processor.py:208} INFO - Processing /home/airflow/.local/lib/python3.12/site-packages/airflow/example_dags/example_python_operator.py took 0.122 seconds
[2024-10-03T22:19:30.533+0000] {processor.py:186} INFO - Started process (PID=1797) to work on /home/airflow/.local/lib/python3.12/site-packages/airflow/example_dags/example_python_operator.py
[2024-10-03T22:19:30.535+0000] {processor.py:914} INFO - Processing file /home/airflow/.local/lib/python3.12/site-packages/airflow/example_dags/example_python_operator.py for tasks to queue
[2024-10-03T22:19:30.538+0000] {logging_mixin.py:190} INFO - [2024-10-03T22:19:30.537+0000] {dagbag.py:587} INFO - Filling up the DagBag from /home/airflow/.local/lib/python3.12/site-packages/airflow/example_dags/example_python_operator.py
[2024-10-03T22:19:30.557+0000] {processor.py:925} INFO - DAG(s) 'example_python_operator' retrieved from /home/airflow/.local/lib/python3.12/site-packages/airflow/example_dags/example_python_operator.py
[2024-10-03T22:19:30.589+0000] {logging_mixin.py:190} INFO - [2024-10-03T22:19:30.589+0000] {dag.py:3229} INFO - Sync 1 DAGs
[2024-10-03T22:19:30.611+0000] {logging_mixin.py:190} INFO - [2024-10-03T22:19:30.611+0000] {dag.py:4156} INFO - Setting next_dagrun for example_python_operator to None, run_after=None
[2024-10-03T22:19:30.647+0000] {processor.py:208} INFO - Processing /home/airflow/.local/lib/python3.12/site-packages/airflow/example_dags/example_python_operator.py took 0.123 seconds
[2024-10-03T22:20:01.461+0000] {processor.py:186} INFO - Started process (PID=1860) to work on /home/airflow/.local/lib/python3.12/site-packages/airflow/example_dags/example_python_operator.py
[2024-10-03T22:20:01.463+0000] {processor.py:914} INFO - Processing file /home/airflow/.local/lib/python3.12/site-packages/airflow/example_dags/example_python_operator.py for tasks to queue
[2024-10-03T22:20:01.466+0000] {logging_mixin.py:190} INFO - [2024-10-03T22:20:01.466+0000] {dagbag.py:587} INFO - Filling up the DagBag from /home/airflow/.local/lib/python3.12/site-packages/airflow/example_dags/example_python_operator.py
[2024-10-03T22:20:01.485+0000] {processor.py:925} INFO - DAG(s) 'example_python_operator' retrieved from /home/airflow/.local/lib/python3.12/site-packages/airflow/example_dags/example_python_operator.py
[2024-10-03T22:20:01.518+0000] {logging_mixin.py:190} INFO - [2024-10-03T22:20:01.518+0000] {dag.py:3229} INFO - Sync 1 DAGs
[2024-10-03T22:20:01.541+0000] {logging_mixin.py:190} INFO - [2024-10-03T22:20:01.541+0000] {dag.py:4156} INFO - Setting next_dagrun for example_python_operator to None, run_after=None
[2024-10-03T22:20:01.571+0000] {processor.py:208} INFO - Processing /home/airflow/.local/lib/python3.12/site-packages/airflow/example_dags/example_python_operator.py took 0.117 seconds
[2024-10-03T22:20:31.767+0000] {processor.py:186} INFO - Started process (PID=1924) to work on /home/airflow/.local/lib/python3.12/site-packages/airflow/example_dags/example_python_operator.py
[2024-10-03T22:20:31.769+0000] {processor.py:914} INFO - Processing file /home/airflow/.local/lib/python3.12/site-packages/airflow/example_dags/example_python_operator.py for tasks to queue
[2024-10-03T22:20:31.772+0000] {logging_mixin.py:190} INFO - [2024-10-03T22:20:31.771+0000] {dagbag.py:587} INFO - Filling up the DagBag from /home/airflow/.local/lib/python3.12/site-packages/airflow/example_dags/example_python_operator.py
[2024-10-03T22:20:31.788+0000] {processor.py:925} INFO - DAG(s) 'example_python_operator' retrieved from /home/airflow/.local/lib/python3.12/site-packages/airflow/example_dags/example_python_operator.py
[2024-10-03T22:20:31.817+0000] {logging_mixin.py:190} INFO - [2024-10-03T22:20:31.817+0000] {dag.py:3229} INFO - Sync 1 DAGs
[2024-10-03T22:20:31.838+0000] {logging_mixin.py:190} INFO - [2024-10-03T22:20:31.838+0000] {dag.py:4156} INFO - Setting next_dagrun for example_python_operator to None, run_after=None
[2024-10-03T22:20:31.871+0000] {processor.py:208} INFO - Processing /home/airflow/.local/lib/python3.12/site-packages/airflow/example_dags/example_python_operator.py took 0.115 seconds
[2024-10-03T22:21:01.961+0000] {processor.py:186} INFO - Started process (PID=1985) to work on /home/airflow/.local/lib/python3.12/site-packages/airflow/example_dags/example_python_operator.py
[2024-10-03T22:21:01.963+0000] {processor.py:914} INFO - Processing file /home/airflow/.local/lib/python3.12/site-packages/airflow/example_dags/example_python_operator.py for tasks to queue
[2024-10-03T22:21:01.966+0000] {logging_mixin.py:190} INFO - [2024-10-03T22:21:01.966+0000] {dagbag.py:587} INFO - Filling up the DagBag from /home/airflow/.local/lib/python3.12/site-packages/airflow/example_dags/example_python_operator.py
[2024-10-03T22:21:01.980+0000] {processor.py:925} INFO - DAG(s) 'example_python_operator' retrieved from /home/airflow/.local/lib/python3.12/site-packages/airflow/example_dags/example_python_operator.py
[2024-10-03T22:21:02.018+0000] {logging_mixin.py:190} INFO - [2024-10-03T22:21:02.018+0000] {dag.py:3229} INFO - Sync 1 DAGs
[2024-10-03T22:21:02.041+0000] {logging_mixin.py:190} INFO - [2024-10-03T22:21:02.041+0000] {dag.py:4156} INFO - Setting next_dagrun for example_python_operator to None, run_after=None
[2024-10-03T22:21:02.072+0000] {processor.py:208} INFO - Processing /home/airflow/.local/lib/python3.12/site-packages/airflow/example_dags/example_python_operator.py took 0.121 seconds
[2024-10-03T22:21:32.325+0000] {processor.py:186} INFO - Started process (PID=2048) to work on /home/airflow/.local/lib/python3.12/site-packages/airflow/example_dags/example_python_operator.py
[2024-10-03T22:21:32.327+0000] {processor.py:914} INFO - Processing file /home/airflow/.local/lib/python3.12/site-packages/airflow/example_dags/example_python_operator.py for tasks to queue
[2024-10-03T22:21:32.330+0000] {logging_mixin.py:190} INFO - [2024-10-03T22:21:32.329+0000] {dagbag.py:587} INFO - Filling up the DagBag from /home/airflow/.local/lib/python3.12/site-packages/airflow/example_dags/example_python_operator.py
[2024-10-03T22:21:32.344+0000] {processor.py:925} INFO - DAG(s) 'example_python_operator' retrieved from /home/airflow/.local/lib/python3.12/site-packages/airflow/example_dags/example_python_operator.py
[2024-10-03T22:21:32.373+0000] {logging_mixin.py:190} INFO - [2024-10-03T22:21:32.373+0000] {dag.py:3229} INFO - Sync 1 DAGs
[2024-10-03T22:21:32.392+0000] {logging_mixin.py:190} INFO - [2024-10-03T22:21:32.392+0000] {dag.py:4156} INFO - Setting next_dagrun for example_python_operator to None, run_after=None
[2024-10-03T22:21:32.421+0000] {processor.py:208} INFO - Processing /home/airflow/.local/lib/python3.12/site-packages/airflow/example_dags/example_python_operator.py took 0.105 seconds
[2024-10-03T22:22:03.120+0000] {processor.py:186} INFO - Started process (PID=2111) to work on /home/airflow/.local/lib/python3.12/site-packages/airflow/example_dags/example_python_operator.py
[2024-10-03T22:22:03.121+0000] {processor.py:914} INFO - Processing file /home/airflow/.local/lib/python3.12/site-packages/airflow/example_dags/example_python_operator.py for tasks to queue
[2024-10-03T22:22:03.125+0000] {logging_mixin.py:190} INFO - [2024-10-03T22:22:03.124+0000] {dagbag.py:587} INFO - Filling up the DagBag from /home/airflow/.local/lib/python3.12/site-packages/airflow/example_dags/example_python_operator.py
[2024-10-03T22:22:03.141+0000] {processor.py:925} INFO - DAG(s) 'example_python_operator' retrieved from /home/airflow/.local/lib/python3.12/site-packages/airflow/example_dags/example_python_operator.py
[2024-10-03T22:22:03.171+0000] {logging_mixin.py:190} INFO - [2024-10-03T22:22:03.170+0000] {dag.py:3229} INFO - Sync 1 DAGs
[2024-10-03T22:22:03.190+0000] {logging_mixin.py:190} INFO - [2024-10-03T22:22:03.190+0000] {dag.py:4156} INFO - Setting next_dagrun for example_python_operator to None, run_after=None
[2024-10-03T22:22:03.217+0000] {processor.py:208} INFO - Processing /home/airflow/.local/lib/python3.12/site-packages/airflow/example_dags/example_python_operator.py took 0.104 seconds
[2024-10-03T22:22:33.571+0000] {processor.py:186} INFO - Started process (PID=2174) to work on /home/airflow/.local/lib/python3.12/site-packages/airflow/example_dags/example_python_operator.py
[2024-10-03T22:22:33.572+0000] {processor.py:914} INFO - Processing file /home/airflow/.local/lib/python3.12/site-packages/airflow/example_dags/example_python_operator.py for tasks to queue
[2024-10-03T22:22:33.575+0000] {logging_mixin.py:190} INFO - [2024-10-03T22:22:33.575+0000] {dagbag.py:587} INFO - Filling up the DagBag from /home/airflow/.local/lib/python3.12/site-packages/airflow/example_dags/example_python_operator.py
[2024-10-03T22:22:33.591+0000] {processor.py:925} INFO - DAG(s) 'example_python_operator' retrieved from /home/airflow/.local/lib/python3.12/site-packages/airflow/example_dags/example_python_operator.py
[2024-10-03T22:22:33.622+0000] {logging_mixin.py:190} INFO - [2024-10-03T22:22:33.622+0000] {dag.py:3229} INFO - Sync 1 DAGs
[2024-10-03T22:22:33.641+0000] {logging_mixin.py:190} INFO - [2024-10-03T22:22:33.641+0000] {dag.py:4156} INFO - Setting next_dagrun for example_python_operator to None, run_after=None
[2024-10-03T22:22:33.667+0000] {processor.py:208} INFO - Processing /home/airflow/.local/lib/python3.12/site-packages/airflow/example_dags/example_python_operator.py took 0.104 seconds
[2024-10-03T22:23:04.535+0000] {processor.py:186} INFO - Started process (PID=2236) to work on /home/airflow/.local/lib/python3.12/site-packages/airflow/example_dags/example_python_operator.py
[2024-10-03T22:23:04.537+0000] {processor.py:914} INFO - Processing file /home/airflow/.local/lib/python3.12/site-packages/airflow/example_dags/example_python_operator.py for tasks to queue
[2024-10-03T22:23:04.539+0000] {logging_mixin.py:190} INFO - [2024-10-03T22:23:04.539+0000] {dagbag.py:587} INFO - Filling up the DagBag from /home/airflow/.local/lib/python3.12/site-packages/airflow/example_dags/example_python_operator.py
[2024-10-03T22:23:04.554+0000] {processor.py:925} INFO - DAG(s) 'example_python_operator' retrieved from /home/airflow/.local/lib/python3.12/site-packages/airflow/example_dags/example_python_operator.py
[2024-10-03T22:23:04.582+0000] {logging_mixin.py:190} INFO - [2024-10-03T22:23:04.582+0000] {dag.py:3229} INFO - Sync 1 DAGs
[2024-10-03T22:23:04.603+0000] {logging_mixin.py:190} INFO - [2024-10-03T22:23:04.603+0000] {dag.py:4156} INFO - Setting next_dagrun for example_python_operator to None, run_after=None
[2024-10-03T22:23:04.628+0000] {processor.py:208} INFO - Processing /home/airflow/.local/lib/python3.12/site-packages/airflow/example_dags/example_python_operator.py took 0.100 seconds
[2024-10-03T22:23:35.327+0000] {processor.py:186} INFO - Started process (PID=2299) to work on /home/airflow/.local/lib/python3.12/site-packages/airflow/example_dags/example_python_operator.py
[2024-10-03T22:23:35.329+0000] {processor.py:914} INFO - Processing file /home/airflow/.local/lib/python3.12/site-packages/airflow/example_dags/example_python_operator.py for tasks to queue
[2024-10-03T22:23:35.332+0000] {logging_mixin.py:190} INFO - [2024-10-03T22:23:35.332+0000] {dagbag.py:587} INFO - Filling up the DagBag from /home/airflow/.local/lib/python3.12/site-packages/airflow/example_dags/example_python_operator.py
[2024-10-03T22:23:35.354+0000] {processor.py:925} INFO - DAG(s) 'example_python_operator' retrieved from /home/airflow/.local/lib/python3.12/site-packages/airflow/example_dags/example_python_operator.py
[2024-10-03T22:23:35.411+0000] {logging_mixin.py:190} INFO - [2024-10-03T22:23:35.411+0000] {dag.py:3229} INFO - Sync 1 DAGs
[2024-10-03T22:23:35.433+0000] {logging_mixin.py:190} INFO - [2024-10-03T22:23:35.432+0000] {dag.py:4156} INFO - Setting next_dagrun for example_python_operator to None, run_after=None
[2024-10-03T22:23:35.484+0000] {processor.py:208} INFO - Processing /home/airflow/.local/lib/python3.12/site-packages/airflow/example_dags/example_python_operator.py took 0.167 seconds
[2024-10-03T22:24:05.956+0000] {processor.py:186} INFO - Started process (PID=2362) to work on /home/airflow/.local/lib/python3.12/site-packages/airflow/example_dags/example_python_operator.py
[2024-10-03T22:24:05.958+0000] {processor.py:914} INFO - Processing file /home/airflow/.local/lib/python3.12/site-packages/airflow/example_dags/example_python_operator.py for tasks to queue
[2024-10-03T22:24:05.961+0000] {logging_mixin.py:190} INFO - [2024-10-03T22:24:05.961+0000] {dagbag.py:587} INFO - Filling up the DagBag from /home/airflow/.local/lib/python3.12/site-packages/airflow/example_dags/example_python_operator.py
[2024-10-03T22:24:05.976+0000] {processor.py:925} INFO - DAG(s) 'example_python_operator' retrieved from /home/airflow/.local/lib/python3.12/site-packages/airflow/example_dags/example_python_operator.py
[2024-10-03T22:24:06.013+0000] {logging_mixin.py:190} INFO - [2024-10-03T22:24:06.013+0000] {dag.py:3229} INFO - Sync 1 DAGs
[2024-10-03T22:24:06.034+0000] {logging_mixin.py:190} INFO - [2024-10-03T22:24:06.034+0000] {dag.py:4156} INFO - Setting next_dagrun for example_python_operator to None, run_after=None
[2024-10-03T22:24:06.062+0000] {processor.py:208} INFO - Processing /home/airflow/.local/lib/python3.12/site-packages/airflow/example_dags/example_python_operator.py took 0.116 seconds
[2024-10-03T22:24:36.302+0000] {processor.py:186} INFO - Started process (PID=2424) to work on /home/airflow/.local/lib/python3.12/site-packages/airflow/example_dags/example_python_operator.py
[2024-10-03T22:24:36.304+0000] {processor.py:914} INFO - Processing file /home/airflow/.local/lib/python3.12/site-packages/airflow/example_dags/example_python_operator.py for tasks to queue
[2024-10-03T22:24:36.308+0000] {logging_mixin.py:190} INFO - [2024-10-03T22:24:36.307+0000] {dagbag.py:587} INFO - Filling up the DagBag from /home/airflow/.local/lib/python3.12/site-packages/airflow/example_dags/example_python_operator.py
[2024-10-03T22:24:36.326+0000] {processor.py:925} INFO - DAG(s) 'example_python_operator' retrieved from /home/airflow/.local/lib/python3.12/site-packages/airflow/example_dags/example_python_operator.py
[2024-10-03T22:24:36.361+0000] {logging_mixin.py:190} INFO - [2024-10-03T22:24:36.361+0000] {dag.py:3229} INFO - Sync 1 DAGs
[2024-10-03T22:24:36.381+0000] {logging_mixin.py:190} INFO - [2024-10-03T22:24:36.380+0000] {dag.py:4156} INFO - Setting next_dagrun for example_python_operator to None, run_after=None
[2024-10-03T22:24:36.412+0000] {processor.py:208} INFO - Processing /home/airflow/.local/lib/python3.12/site-packages/airflow/example_dags/example_python_operator.py took 0.121 seconds
[2024-10-03T22:25:06.499+0000] {processor.py:186} INFO - Started process (PID=2487) to work on /home/airflow/.local/lib/python3.12/site-packages/airflow/example_dags/example_python_operator.py
[2024-10-03T22:25:06.501+0000] {processor.py:914} INFO - Processing file /home/airflow/.local/lib/python3.12/site-packages/airflow/example_dags/example_python_operator.py for tasks to queue
[2024-10-03T22:25:06.505+0000] {logging_mixin.py:190} INFO - [2024-10-03T22:25:06.505+0000] {dagbag.py:587} INFO - Filling up the DagBag from /home/airflow/.local/lib/python3.12/site-packages/airflow/example_dags/example_python_operator.py
[2024-10-03T22:25:06.531+0000] {processor.py:925} INFO - DAG(s) 'example_python_operator' retrieved from /home/airflow/.local/lib/python3.12/site-packages/airflow/example_dags/example_python_operator.py
[2024-10-03T22:25:06.580+0000] {logging_mixin.py:190} INFO - [2024-10-03T22:25:06.579+0000] {dag.py:3229} INFO - Sync 1 DAGs
[2024-10-03T22:25:06.619+0000] {logging_mixin.py:190} INFO - [2024-10-03T22:25:06.619+0000] {dag.py:4156} INFO - Setting next_dagrun for example_python_operator to None, run_after=None
[2024-10-03T22:25:06.699+0000] {processor.py:208} INFO - Processing /home/airflow/.local/lib/python3.12/site-packages/airflow/example_dags/example_python_operator.py took 0.210 seconds
[2024-10-03T22:25:37.129+0000] {processor.py:186} INFO - Started process (PID=2550) to work on /home/airflow/.local/lib/python3.12/site-packages/airflow/example_dags/example_python_operator.py
[2024-10-03T22:25:37.130+0000] {processor.py:914} INFO - Processing file /home/airflow/.local/lib/python3.12/site-packages/airflow/example_dags/example_python_operator.py for tasks to queue
[2024-10-03T22:25:37.133+0000] {logging_mixin.py:190} INFO - [2024-10-03T22:25:37.133+0000] {dagbag.py:587} INFO - Filling up the DagBag from /home/airflow/.local/lib/python3.12/site-packages/airflow/example_dags/example_python_operator.py
[2024-10-03T22:25:37.149+0000] {processor.py:925} INFO - DAG(s) 'example_python_operator' retrieved from /home/airflow/.local/lib/python3.12/site-packages/airflow/example_dags/example_python_operator.py
[2024-10-03T22:25:37.188+0000] {logging_mixin.py:190} INFO - [2024-10-03T22:25:37.188+0000] {dag.py:3229} INFO - Sync 1 DAGs
[2024-10-03T22:25:37.213+0000] {logging_mixin.py:190} INFO - [2024-10-03T22:25:37.212+0000] {dag.py:4156} INFO - Setting next_dagrun for example_python_operator to None, run_after=None
[2024-10-03T22:25:37.312+0000] {processor.py:208} INFO - Processing /home/airflow/.local/lib/python3.12/site-packages/airflow/example_dags/example_python_operator.py took 0.191 seconds
[2024-10-03T22:26:07.841+0000] {processor.py:186} INFO - Started process (PID=2613) to work on /home/airflow/.local/lib/python3.12/site-packages/airflow/example_dags/example_python_operator.py
[2024-10-03T22:26:07.842+0000] {processor.py:914} INFO - Processing file /home/airflow/.local/lib/python3.12/site-packages/airflow/example_dags/example_python_operator.py for tasks to queue
[2024-10-03T22:26:07.846+0000] {logging_mixin.py:190} INFO - [2024-10-03T22:26:07.846+0000] {dagbag.py:587} INFO - Filling up the DagBag from /home/airflow/.local/lib/python3.12/site-packages/airflow/example_dags/example_python_operator.py
[2024-10-03T22:26:07.868+0000] {processor.py:925} INFO - DAG(s) 'example_python_operator' retrieved from /home/airflow/.local/lib/python3.12/site-packages/airflow/example_dags/example_python_operator.py
[2024-10-03T22:26:07.908+0000] {logging_mixin.py:190} INFO - [2024-10-03T22:26:07.908+0000] {dag.py:3229} INFO - Sync 1 DAGs
[2024-10-03T22:26:07.935+0000] {logging_mixin.py:190} INFO - [2024-10-03T22:26:07.934+0000] {dag.py:4156} INFO - Setting next_dagrun for example_python_operator to None, run_after=None
[2024-10-03T22:26:07.970+0000] {processor.py:208} INFO - Processing /home/airflow/.local/lib/python3.12/site-packages/airflow/example_dags/example_python_operator.py took 0.137 seconds
[2024-10-03T22:26:38.203+0000] {processor.py:186} INFO - Started process (PID=2676) to work on /home/airflow/.local/lib/python3.12/site-packages/airflow/example_dags/example_python_operator.py
[2024-10-03T22:26:38.204+0000] {processor.py:914} INFO - Processing file /home/airflow/.local/lib/python3.12/site-packages/airflow/example_dags/example_python_operator.py for tasks to queue
[2024-10-03T22:26:38.210+0000] {logging_mixin.py:190} INFO - [2024-10-03T22:26:38.209+0000] {dagbag.py:587} INFO - Filling up the DagBag from /home/airflow/.local/lib/python3.12/site-packages/airflow/example_dags/example_python_operator.py
[2024-10-03T22:26:38.235+0000] {processor.py:925} INFO - DAG(s) 'example_python_operator' retrieved from /home/airflow/.local/lib/python3.12/site-packages/airflow/example_dags/example_python_operator.py
[2024-10-03T22:26:38.285+0000] {logging_mixin.py:190} INFO - [2024-10-03T22:26:38.285+0000] {dag.py:3229} INFO - Sync 1 DAGs
[2024-10-03T22:26:38.321+0000] {logging_mixin.py:190} INFO - [2024-10-03T22:26:38.320+0000] {dag.py:4156} INFO - Setting next_dagrun for example_python_operator to None, run_after=None
[2024-10-03T22:26:38.391+0000] {processor.py:208} INFO - Processing /home/airflow/.local/lib/python3.12/site-packages/airflow/example_dags/example_python_operator.py took 0.204 seconds
[2024-10-03T22:27:08.689+0000] {processor.py:186} INFO - Started process (PID=2739) to work on /home/airflow/.local/lib/python3.12/site-packages/airflow/example_dags/example_python_operator.py
[2024-10-03T22:27:08.691+0000] {processor.py:914} INFO - Processing file /home/airflow/.local/lib/python3.12/site-packages/airflow/example_dags/example_python_operator.py for tasks to queue
[2024-10-03T22:27:08.694+0000] {logging_mixin.py:190} INFO - [2024-10-03T22:27:08.693+0000] {dagbag.py:587} INFO - Filling up the DagBag from /home/airflow/.local/lib/python3.12/site-packages/airflow/example_dags/example_python_operator.py
[2024-10-03T22:27:08.712+0000] {processor.py:925} INFO - DAG(s) 'example_python_operator' retrieved from /home/airflow/.local/lib/python3.12/site-packages/airflow/example_dags/example_python_operator.py
[2024-10-03T22:27:08.743+0000] {logging_mixin.py:190} INFO - [2024-10-03T22:27:08.743+0000] {dag.py:3229} INFO - Sync 1 DAGs
[2024-10-03T22:27:08.764+0000] {logging_mixin.py:190} INFO - [2024-10-03T22:27:08.764+0000] {dag.py:4156} INFO - Setting next_dagrun for example_python_operator to None, run_after=None
[2024-10-03T22:27:08.793+0000] {processor.py:208} INFO - Processing /home/airflow/.local/lib/python3.12/site-packages/airflow/example_dags/example_python_operator.py took 0.111 seconds
[2024-10-03T22:27:39.021+0000] {processor.py:186} INFO - Started process (PID=2802) to work on /home/airflow/.local/lib/python3.12/site-packages/airflow/example_dags/example_python_operator.py
[2024-10-03T22:27:39.023+0000] {processor.py:914} INFO - Processing file /home/airflow/.local/lib/python3.12/site-packages/airflow/example_dags/example_python_operator.py for tasks to queue
[2024-10-03T22:27:39.027+0000] {logging_mixin.py:190} INFO - [2024-10-03T22:27:39.026+0000] {dagbag.py:587} INFO - Filling up the DagBag from /home/airflow/.local/lib/python3.12/site-packages/airflow/example_dags/example_python_operator.py
[2024-10-03T22:27:39.046+0000] {processor.py:925} INFO - DAG(s) 'example_python_operator' retrieved from /home/airflow/.local/lib/python3.12/site-packages/airflow/example_dags/example_python_operator.py
[2024-10-03T22:27:39.084+0000] {logging_mixin.py:190} INFO - [2024-10-03T22:27:39.083+0000] {dag.py:3229} INFO - Sync 1 DAGs
[2024-10-03T22:27:39.111+0000] {logging_mixin.py:190} INFO - [2024-10-03T22:27:39.111+0000] {dag.py:4156} INFO - Setting next_dagrun for example_python_operator to None, run_after=None
[2024-10-03T22:27:39.145+0000] {processor.py:208} INFO - Processing /home/airflow/.local/lib/python3.12/site-packages/airflow/example_dags/example_python_operator.py took 0.137 seconds
[2024-10-03T22:28:09.604+0000] {processor.py:186} INFO - Started process (PID=2865) to work on /home/airflow/.local/lib/python3.12/site-packages/airflow/example_dags/example_python_operator.py
[2024-10-03T22:28:09.605+0000] {processor.py:914} INFO - Processing file /home/airflow/.local/lib/python3.12/site-packages/airflow/example_dags/example_python_operator.py for tasks to queue
[2024-10-03T22:28:09.609+0000] {logging_mixin.py:190} INFO - [2024-10-03T22:28:09.609+0000] {dagbag.py:587} INFO - Filling up the DagBag from /home/airflow/.local/lib/python3.12/site-packages/airflow/example_dags/example_python_operator.py
[2024-10-03T22:28:09.627+0000] {processor.py:925} INFO - DAG(s) 'example_python_operator' retrieved from /home/airflow/.local/lib/python3.12/site-packages/airflow/example_dags/example_python_operator.py
[2024-10-03T22:28:09.667+0000] {logging_mixin.py:190} INFO - [2024-10-03T22:28:09.667+0000] {dag.py:3229} INFO - Sync 1 DAGs
[2024-10-03T22:28:09.690+0000] {logging_mixin.py:190} INFO - [2024-10-03T22:28:09.689+0000] {dag.py:4156} INFO - Setting next_dagrun for example_python_operator to None, run_after=None
[2024-10-03T22:28:09.720+0000] {processor.py:208} INFO - Processing /home/airflow/.local/lib/python3.12/site-packages/airflow/example_dags/example_python_operator.py took 0.124 seconds
[2024-10-03T22:28:39.895+0000] {processor.py:186} INFO - Started process (PID=2928) to work on /home/airflow/.local/lib/python3.12/site-packages/airflow/example_dags/example_python_operator.py
[2024-10-03T22:28:39.898+0000] {processor.py:914} INFO - Processing file /home/airflow/.local/lib/python3.12/site-packages/airflow/example_dags/example_python_operator.py for tasks to queue
[2024-10-03T22:28:39.910+0000] {logging_mixin.py:190} INFO - [2024-10-03T22:28:39.909+0000] {dagbag.py:587} INFO - Filling up the DagBag from /home/airflow/.local/lib/python3.12/site-packages/airflow/example_dags/example_python_operator.py
[2024-10-03T22:28:39.947+0000] {processor.py:925} INFO - DAG(s) 'example_python_operator' retrieved from /home/airflow/.local/lib/python3.12/site-packages/airflow/example_dags/example_python_operator.py
[2024-10-03T22:28:40.009+0000] {logging_mixin.py:190} INFO - [2024-10-03T22:28:40.008+0000] {dag.py:3229} INFO - Sync 1 DAGs
[2024-10-03T22:28:40.056+0000] {logging_mixin.py:190} INFO - [2024-10-03T22:28:40.055+0000] {dag.py:4156} INFO - Setting next_dagrun for example_python_operator to None, run_after=None
[2024-10-03T22:28:40.112+0000] {processor.py:208} INFO - Processing /home/airflow/.local/lib/python3.12/site-packages/airflow/example_dags/example_python_operator.py took 0.229 seconds
[2024-10-03T22:29:10.572+0000] {processor.py:186} INFO - Started process (PID=2991) to work on /home/airflow/.local/lib/python3.12/site-packages/airflow/example_dags/example_python_operator.py
[2024-10-03T22:29:10.573+0000] {processor.py:914} INFO - Processing file /home/airflow/.local/lib/python3.12/site-packages/airflow/example_dags/example_python_operator.py for tasks to queue
[2024-10-03T22:29:10.576+0000] {logging_mixin.py:190} INFO - [2024-10-03T22:29:10.576+0000] {dagbag.py:587} INFO - Filling up the DagBag from /home/airflow/.local/lib/python3.12/site-packages/airflow/example_dags/example_python_operator.py
[2024-10-03T22:29:10.596+0000] {processor.py:925} INFO - DAG(s) 'example_python_operator' retrieved from /home/airflow/.local/lib/python3.12/site-packages/airflow/example_dags/example_python_operator.py
[2024-10-03T22:29:10.642+0000] {logging_mixin.py:190} INFO - [2024-10-03T22:29:10.642+0000] {dag.py:3229} INFO - Sync 1 DAGs
[2024-10-03T22:29:10.667+0000] {logging_mixin.py:190} INFO - [2024-10-03T22:29:10.667+0000] {dag.py:4156} INFO - Setting next_dagrun for example_python_operator to None, run_after=None
[2024-10-03T22:29:10.699+0000] {processor.py:208} INFO - Processing /home/airflow/.local/lib/python3.12/site-packages/airflow/example_dags/example_python_operator.py took 0.136 seconds
[2024-10-03T22:29:41.054+0000] {processor.py:186} INFO - Started process (PID=3054) to work on /home/airflow/.local/lib/python3.12/site-packages/airflow/example_dags/example_python_operator.py
[2024-10-03T22:29:41.055+0000] {processor.py:914} INFO - Processing file /home/airflow/.local/lib/python3.12/site-packages/airflow/example_dags/example_python_operator.py for tasks to queue
[2024-10-03T22:29:41.058+0000] {logging_mixin.py:190} INFO - [2024-10-03T22:29:41.058+0000] {dagbag.py:587} INFO - Filling up the DagBag from /home/airflow/.local/lib/python3.12/site-packages/airflow/example_dags/example_python_operator.py
[2024-10-03T22:29:41.077+0000] {processor.py:925} INFO - DAG(s) 'example_python_operator' retrieved from /home/airflow/.local/lib/python3.12/site-packages/airflow/example_dags/example_python_operator.py
[2024-10-03T22:29:41.108+0000] {logging_mixin.py:190} INFO - [2024-10-03T22:29:41.107+0000] {dag.py:3229} INFO - Sync 1 DAGs
[2024-10-03T22:29:41.128+0000] {logging_mixin.py:190} INFO - [2024-10-03T22:29:41.127+0000] {dag.py:4156} INFO - Setting next_dagrun for example_python_operator to None, run_after=None
[2024-10-03T22:29:41.161+0000] {processor.py:208} INFO - Processing /home/airflow/.local/lib/python3.12/site-packages/airflow/example_dags/example_python_operator.py took 0.114 seconds
[2024-10-03T22:30:11.409+0000] {processor.py:186} INFO - Started process (PID=3117) to work on /home/airflow/.local/lib/python3.12/site-packages/airflow/example_dags/example_python_operator.py
[2024-10-03T22:30:11.410+0000] {processor.py:914} INFO - Processing file /home/airflow/.local/lib/python3.12/site-packages/airflow/example_dags/example_python_operator.py for tasks to queue
[2024-10-03T22:30:11.414+0000] {logging_mixin.py:190} INFO - [2024-10-03T22:30:11.413+0000] {dagbag.py:587} INFO - Filling up the DagBag from /home/airflow/.local/lib/python3.12/site-packages/airflow/example_dags/example_python_operator.py
[2024-10-03T22:30:11.433+0000] {processor.py:925} INFO - DAG(s) 'example_python_operator' retrieved from /home/airflow/.local/lib/python3.12/site-packages/airflow/example_dags/example_python_operator.py
[2024-10-03T22:30:11.463+0000] {logging_mixin.py:190} INFO - [2024-10-03T22:30:11.463+0000] {dag.py:3229} INFO - Sync 1 DAGs
[2024-10-03T22:30:11.483+0000] {logging_mixin.py:190} INFO - [2024-10-03T22:30:11.483+0000] {dag.py:4156} INFO - Setting next_dagrun for example_python_operator to None, run_after=None
[2024-10-03T22:30:11.511+0000] {processor.py:208} INFO - Processing /home/airflow/.local/lib/python3.12/site-packages/airflow/example_dags/example_python_operator.py took 0.113 seconds
[2024-10-03T22:30:42.024+0000] {processor.py:186} INFO - Started process (PID=3180) to work on /home/airflow/.local/lib/python3.12/site-packages/airflow/example_dags/example_python_operator.py
[2024-10-03T22:30:42.026+0000] {processor.py:914} INFO - Processing file /home/airflow/.local/lib/python3.12/site-packages/airflow/example_dags/example_python_operator.py for tasks to queue
[2024-10-03T22:30:42.031+0000] {logging_mixin.py:190} INFO - [2024-10-03T22:30:42.030+0000] {dagbag.py:587} INFO - Filling up the DagBag from /home/airflow/.local/lib/python3.12/site-packages/airflow/example_dags/example_python_operator.py
[2024-10-03T22:30:42.052+0000] {processor.py:925} INFO - DAG(s) 'example_python_operator' retrieved from /home/airflow/.local/lib/python3.12/site-packages/airflow/example_dags/example_python_operator.py
[2024-10-03T22:30:42.090+0000] {logging_mixin.py:190} INFO - [2024-10-03T22:30:42.089+0000] {dag.py:3229} INFO - Sync 1 DAGs
[2024-10-03T22:30:42.115+0000] {logging_mixin.py:190} INFO - [2024-10-03T22:30:42.115+0000] {dag.py:4156} INFO - Setting next_dagrun for example_python_operator to None, run_after=None
[2024-10-03T22:30:42.149+0000] {processor.py:208} INFO - Processing /home/airflow/.local/lib/python3.12/site-packages/airflow/example_dags/example_python_operator.py took 0.136 seconds
[2024-10-03T22:31:12.467+0000] {processor.py:186} INFO - Started process (PID=3242) to work on /home/airflow/.local/lib/python3.12/site-packages/airflow/example_dags/example_python_operator.py
[2024-10-03T22:31:12.469+0000] {processor.py:914} INFO - Processing file /home/airflow/.local/lib/python3.12/site-packages/airflow/example_dags/example_python_operator.py for tasks to queue
[2024-10-03T22:31:12.472+0000] {logging_mixin.py:190} INFO - [2024-10-03T22:31:12.472+0000] {dagbag.py:587} INFO - Filling up the DagBag from /home/airflow/.local/lib/python3.12/site-packages/airflow/example_dags/example_python_operator.py
[2024-10-03T22:31:12.488+0000] {processor.py:925} INFO - DAG(s) 'example_python_operator' retrieved from /home/airflow/.local/lib/python3.12/site-packages/airflow/example_dags/example_python_operator.py
[2024-10-03T22:31:12.514+0000] {logging_mixin.py:190} INFO - [2024-10-03T22:31:12.514+0000] {dag.py:3229} INFO - Sync 1 DAGs
[2024-10-03T22:31:12.531+0000] {logging_mixin.py:190} INFO - [2024-10-03T22:31:12.531+0000] {dag.py:4156} INFO - Setting next_dagrun for example_python_operator to None, run_after=None
[2024-10-03T22:31:12.557+0000] {processor.py:208} INFO - Processing /home/airflow/.local/lib/python3.12/site-packages/airflow/example_dags/example_python_operator.py took 0.100 seconds
[2024-10-03T22:31:42.838+0000] {processor.py:186} INFO - Started process (PID=3305) to work on /home/airflow/.local/lib/python3.12/site-packages/airflow/example_dags/example_python_operator.py
[2024-10-03T22:31:42.839+0000] {processor.py:914} INFO - Processing file /home/airflow/.local/lib/python3.12/site-packages/airflow/example_dags/example_python_operator.py for tasks to queue
[2024-10-03T22:31:42.844+0000] {logging_mixin.py:190} INFO - [2024-10-03T22:31:42.843+0000] {dagbag.py:587} INFO - Filling up the DagBag from /home/airflow/.local/lib/python3.12/site-packages/airflow/example_dags/example_python_operator.py
[2024-10-03T22:31:42.866+0000] {processor.py:925} INFO - DAG(s) 'example_python_operator' retrieved from /home/airflow/.local/lib/python3.12/site-packages/airflow/example_dags/example_python_operator.py
[2024-10-03T22:31:42.918+0000] {logging_mixin.py:190} INFO - [2024-10-03T22:31:42.918+0000] {dag.py:3229} INFO - Sync 1 DAGs
[2024-10-03T22:31:42.947+0000] {logging_mixin.py:190} INFO - [2024-10-03T22:31:42.947+0000] {dag.py:4156} INFO - Setting next_dagrun for example_python_operator to None, run_after=None
[2024-10-03T22:31:42.984+0000] {processor.py:208} INFO - Processing /home/airflow/.local/lib/python3.12/site-packages/airflow/example_dags/example_python_operator.py took 0.158 seconds
[2024-10-03T22:32:13.063+0000] {processor.py:186} INFO - Started process (PID=3368) to work on /home/airflow/.local/lib/python3.12/site-packages/airflow/example_dags/example_python_operator.py
[2024-10-03T22:32:13.065+0000] {processor.py:914} INFO - Processing file /home/airflow/.local/lib/python3.12/site-packages/airflow/example_dags/example_python_operator.py for tasks to queue
[2024-10-03T22:32:13.068+0000] {logging_mixin.py:190} INFO - [2024-10-03T22:32:13.067+0000] {dagbag.py:587} INFO - Filling up the DagBag from /home/airflow/.local/lib/python3.12/site-packages/airflow/example_dags/example_python_operator.py
[2024-10-03T22:32:13.084+0000] {processor.py:925} INFO - DAG(s) 'example_python_operator' retrieved from /home/airflow/.local/lib/python3.12/site-packages/airflow/example_dags/example_python_operator.py
[2024-10-03T22:32:13.119+0000] {logging_mixin.py:190} INFO - [2024-10-03T22:32:13.119+0000] {dag.py:3229} INFO - Sync 1 DAGs
[2024-10-03T22:32:13.139+0000] {logging_mixin.py:190} INFO - [2024-10-03T22:32:13.139+0000] {dag.py:4156} INFO - Setting next_dagrun for example_python_operator to None, run_after=None
[2024-10-03T22:32:13.169+0000] {processor.py:208} INFO - Processing /home/airflow/.local/lib/python3.12/site-packages/airflow/example_dags/example_python_operator.py took 0.115 seconds
[2024-10-03T22:32:43.695+0000] {processor.py:186} INFO - Started process (PID=3431) to work on /home/airflow/.local/lib/python3.12/site-packages/airflow/example_dags/example_python_operator.py
[2024-10-03T22:32:43.696+0000] {processor.py:914} INFO - Processing file /home/airflow/.local/lib/python3.12/site-packages/airflow/example_dags/example_python_operator.py for tasks to queue
[2024-10-03T22:32:43.699+0000] {logging_mixin.py:190} INFO - [2024-10-03T22:32:43.699+0000] {dagbag.py:587} INFO - Filling up the DagBag from /home/airflow/.local/lib/python3.12/site-packages/airflow/example_dags/example_python_operator.py
[2024-10-03T22:32:43.718+0000] {processor.py:925} INFO - DAG(s) 'example_python_operator' retrieved from /home/airflow/.local/lib/python3.12/site-packages/airflow/example_dags/example_python_operator.py
[2024-10-03T22:32:43.749+0000] {logging_mixin.py:190} INFO - [2024-10-03T22:32:43.749+0000] {dag.py:3229} INFO - Sync 1 DAGs
[2024-10-03T22:32:43.771+0000] {logging_mixin.py:190} INFO - [2024-10-03T22:32:43.771+0000] {dag.py:4156} INFO - Setting next_dagrun for example_python_operator to None, run_after=None
[2024-10-03T22:32:43.799+0000] {processor.py:208} INFO - Processing /home/airflow/.local/lib/python3.12/site-packages/airflow/example_dags/example_python_operator.py took 0.115 seconds
[2024-10-03T22:33:14.372+0000] {processor.py:186} INFO - Started process (PID=3494) to work on /home/airflow/.local/lib/python3.12/site-packages/airflow/example_dags/example_python_operator.py
[2024-10-03T22:33:14.373+0000] {processor.py:914} INFO - Processing file /home/airflow/.local/lib/python3.12/site-packages/airflow/example_dags/example_python_operator.py for tasks to queue
[2024-10-03T22:33:14.378+0000] {logging_mixin.py:190} INFO - [2024-10-03T22:33:14.377+0000] {dagbag.py:587} INFO - Filling up the DagBag from /home/airflow/.local/lib/python3.12/site-packages/airflow/example_dags/example_python_operator.py
[2024-10-03T22:33:14.398+0000] {processor.py:925} INFO - DAG(s) 'example_python_operator' retrieved from /home/airflow/.local/lib/python3.12/site-packages/airflow/example_dags/example_python_operator.py
[2024-10-03T22:33:14.436+0000] {logging_mixin.py:190} INFO - [2024-10-03T22:33:14.436+0000] {dag.py:3229} INFO - Sync 1 DAGs
[2024-10-03T22:33:14.478+0000] {logging_mixin.py:190} INFO - [2024-10-03T22:33:14.477+0000] {dag.py:4156} INFO - Setting next_dagrun for example_python_operator to None, run_after=None
[2024-10-03T22:33:14.515+0000] {processor.py:208} INFO - Processing /home/airflow/.local/lib/python3.12/site-packages/airflow/example_dags/example_python_operator.py took 0.157 seconds
[2024-10-03T22:33:44.878+0000] {processor.py:186} INFO - Started process (PID=3557) to work on /home/airflow/.local/lib/python3.12/site-packages/airflow/example_dags/example_python_operator.py
[2024-10-03T22:33:44.880+0000] {processor.py:914} INFO - Processing file /home/airflow/.local/lib/python3.12/site-packages/airflow/example_dags/example_python_operator.py for tasks to queue
[2024-10-03T22:33:44.882+0000] {logging_mixin.py:190} INFO - [2024-10-03T22:33:44.882+0000] {dagbag.py:587} INFO - Filling up the DagBag from /home/airflow/.local/lib/python3.12/site-packages/airflow/example_dags/example_python_operator.py
[2024-10-03T22:33:44.899+0000] {processor.py:925} INFO - DAG(s) 'example_python_operator' retrieved from /home/airflow/.local/lib/python3.12/site-packages/airflow/example_dags/example_python_operator.py
[2024-10-03T22:33:44.929+0000] {logging_mixin.py:190} INFO - [2024-10-03T22:33:44.929+0000] {dag.py:3229} INFO - Sync 1 DAGs
[2024-10-03T22:33:44.947+0000] {logging_mixin.py:190} INFO - [2024-10-03T22:33:44.947+0000] {dag.py:4156} INFO - Setting next_dagrun for example_python_operator to None, run_after=None
[2024-10-03T22:33:44.971+0000] {processor.py:208} INFO - Processing /home/airflow/.local/lib/python3.12/site-packages/airflow/example_dags/example_python_operator.py took 0.100 seconds
[2024-10-03T22:34:15.208+0000] {processor.py:186} INFO - Started process (PID=3620) to work on /home/airflow/.local/lib/python3.12/site-packages/airflow/example_dags/example_python_operator.py
[2024-10-03T22:34:15.210+0000] {processor.py:914} INFO - Processing file /home/airflow/.local/lib/python3.12/site-packages/airflow/example_dags/example_python_operator.py for tasks to queue
[2024-10-03T22:34:15.215+0000] {logging_mixin.py:190} INFO - [2024-10-03T22:34:15.214+0000] {dagbag.py:587} INFO - Filling up the DagBag from /home/airflow/.local/lib/python3.12/site-packages/airflow/example_dags/example_python_operator.py
[2024-10-03T22:34:15.242+0000] {processor.py:925} INFO - DAG(s) 'example_python_operator' retrieved from /home/airflow/.local/lib/python3.12/site-packages/airflow/example_dags/example_python_operator.py
[2024-10-03T22:34:15.287+0000] {logging_mixin.py:190} INFO - [2024-10-03T22:34:15.286+0000] {dag.py:3229} INFO - Sync 1 DAGs
[2024-10-03T22:34:15.322+0000] {logging_mixin.py:190} INFO - [2024-10-03T22:34:15.322+0000] {dag.py:4156} INFO - Setting next_dagrun for example_python_operator to None, run_after=None
[2024-10-03T22:34:15.362+0000] {processor.py:208} INFO - Processing /home/airflow/.local/lib/python3.12/site-packages/airflow/example_dags/example_python_operator.py took 0.167 seconds
[2024-10-03T22:34:46.330+0000] {processor.py:186} INFO - Started process (PID=3683) to work on /home/airflow/.local/lib/python3.12/site-packages/airflow/example_dags/example_python_operator.py
[2024-10-03T22:34:46.331+0000] {processor.py:914} INFO - Processing file /home/airflow/.local/lib/python3.12/site-packages/airflow/example_dags/example_python_operator.py for tasks to queue
[2024-10-03T22:34:46.336+0000] {logging_mixin.py:190} INFO - [2024-10-03T22:34:46.336+0000] {dagbag.py:587} INFO - Filling up the DagBag from /home/airflow/.local/lib/python3.12/site-packages/airflow/example_dags/example_python_operator.py
[2024-10-03T22:34:46.362+0000] {processor.py:925} INFO - DAG(s) 'example_python_operator' retrieved from /home/airflow/.local/lib/python3.12/site-packages/airflow/example_dags/example_python_operator.py
[2024-10-03T22:34:46.404+0000] {logging_mixin.py:190} INFO - [2024-10-03T22:34:46.404+0000] {dag.py:3229} INFO - Sync 1 DAGs
[2024-10-03T22:34:46.426+0000] {logging_mixin.py:190} INFO - [2024-10-03T22:34:46.425+0000] {dag.py:4156} INFO - Setting next_dagrun for example_python_operator to None, run_after=None
[2024-10-03T22:34:46.471+0000] {processor.py:208} INFO - Processing /home/airflow/.local/lib/python3.12/site-packages/airflow/example_dags/example_python_operator.py took 0.149 seconds
[2024-10-03T22:35:17.313+0000] {processor.py:186} INFO - Started process (PID=3746) to work on /home/airflow/.local/lib/python3.12/site-packages/airflow/example_dags/example_python_operator.py
[2024-10-03T22:35:17.315+0000] {processor.py:914} INFO - Processing file /home/airflow/.local/lib/python3.12/site-packages/airflow/example_dags/example_python_operator.py for tasks to queue
[2024-10-03T22:35:17.320+0000] {logging_mixin.py:190} INFO - [2024-10-03T22:35:17.319+0000] {dagbag.py:587} INFO - Filling up the DagBag from /home/airflow/.local/lib/python3.12/site-packages/airflow/example_dags/example_python_operator.py
[2024-10-03T22:35:17.340+0000] {processor.py:925} INFO - DAG(s) 'example_python_operator' retrieved from /home/airflow/.local/lib/python3.12/site-packages/airflow/example_dags/example_python_operator.py
[2024-10-03T22:35:17.381+0000] {logging_mixin.py:190} INFO - [2024-10-03T22:35:17.381+0000] {dag.py:3229} INFO - Sync 1 DAGs
[2024-10-03T22:35:17.407+0000] {logging_mixin.py:190} INFO - [2024-10-03T22:35:17.407+0000] {dag.py:4156} INFO - Setting next_dagrun for example_python_operator to None, run_after=None
[2024-10-03T22:35:17.441+0000] {processor.py:208} INFO - Processing /home/airflow/.local/lib/python3.12/site-packages/airflow/example_dags/example_python_operator.py took 0.137 seconds
