[2024-10-03T22:06:00.403+0000] {processor.py:186} INFO - Started process (PID=131) to work on /home/airflow/.local/lib/python3.12/site-packages/airflow/example_dags/tutorial.py
[2024-10-03T22:06:00.405+0000] {processor.py:914} INFO - Processing file /home/airflow/.local/lib/python3.12/site-packages/airflow/example_dags/tutorial.py for tasks to queue
[2024-10-03T22:06:00.420+0000] {logging_mixin.py:190} INFO - [2024-10-03T22:06:00.419+0000] {dagbag.py:587} INFO - Filling up the DagBag from /home/airflow/.local/lib/python3.12/site-packages/airflow/example_dags/tutorial.py
[2024-10-03T22:06:00.452+0000] {processor.py:925} INFO - DAG(s) 'tutorial' retrieved from /home/airflow/.local/lib/python3.12/site-packages/airflow/example_dags/tutorial.py
[2024-10-03T22:06:00.540+0000] {logging_mixin.py:190} INFO - [2024-10-03T22:06:00.528+0000] {dag.py:3229} INFO - Sync 1 DAGs
[2024-10-03T22:06:00.672+0000] {logging_mixin.py:190} INFO - [2024-10-03T22:06:00.671+0000] {dag.py:4156} INFO - Setting next_dagrun for tutorial to 2024-10-02 00:00:00+00:00, run_after=2024-10-03 00:00:00+00:00
[2024-10-03T22:06:00.783+0000] {processor.py:208} INFO - Processing /home/airflow/.local/lib/python3.12/site-packages/airflow/example_dags/tutorial.py took 0.409 seconds
[2024-10-03T22:06:34.417+0000] {processor.py:186} INFO - Started process (PID=194) to work on /home/airflow/.local/lib/python3.12/site-packages/airflow/example_dags/tutorial.py
[2024-10-03T22:06:34.459+0000] {processor.py:914} INFO - Processing file /home/airflow/.local/lib/python3.12/site-packages/airflow/example_dags/tutorial.py for tasks to queue
[2024-10-03T22:06:34.471+0000] {logging_mixin.py:190} INFO - [2024-10-03T22:06:34.463+0000] {dagbag.py:587} INFO - Filling up the DagBag from /home/airflow/.local/lib/python3.12/site-packages/airflow/example_dags/tutorial.py
[2024-10-03T22:06:34.522+0000] {processor.py:925} INFO - DAG(s) 'tutorial' retrieved from /home/airflow/.local/lib/python3.12/site-packages/airflow/example_dags/tutorial.py
[2024-10-03T22:06:34.642+0000] {logging_mixin.py:190} INFO - [2024-10-03T22:06:34.630+0000] {dag.py:3229} INFO - Sync 1 DAGs
[2024-10-03T22:06:34.789+0000] {logging_mixin.py:190} INFO - [2024-10-03T22:06:34.788+0000] {dag.py:4156} INFO - Setting next_dagrun for tutorial to 2024-10-02 00:00:00+00:00, run_after=2024-10-03 00:00:00+00:00
[2024-10-03T22:06:35.014+0000] {processor.py:208} INFO - Processing /home/airflow/.local/lib/python3.12/site-packages/airflow/example_dags/tutorial.py took 0.669 seconds
[2024-10-03T22:07:05.451+0000] {processor.py:186} INFO - Started process (PID=257) to work on /home/airflow/.local/lib/python3.12/site-packages/airflow/example_dags/tutorial.py
[2024-10-03T22:07:05.452+0000] {processor.py:914} INFO - Processing file /home/airflow/.local/lib/python3.12/site-packages/airflow/example_dags/tutorial.py for tasks to queue
[2024-10-03T22:07:05.469+0000] {logging_mixin.py:190} INFO - [2024-10-03T22:07:05.468+0000] {dagbag.py:587} INFO - Filling up the DagBag from /home/airflow/.local/lib/python3.12/site-packages/airflow/example_dags/tutorial.py
[2024-10-03T22:07:05.549+0000] {processor.py:925} INFO - DAG(s) 'tutorial' retrieved from /home/airflow/.local/lib/python3.12/site-packages/airflow/example_dags/tutorial.py
[2024-10-03T22:07:05.702+0000] {logging_mixin.py:190} INFO - [2024-10-03T22:07:05.701+0000] {dag.py:3229} INFO - Sync 1 DAGs
[2024-10-03T22:07:05.875+0000] {logging_mixin.py:190} INFO - [2024-10-03T22:07:05.875+0000] {dag.py:4156} INFO - Setting next_dagrun for tutorial to 2024-10-02 00:00:00+00:00, run_after=2024-10-03 00:00:00+00:00
[2024-10-03T22:07:06.050+0000] {processor.py:208} INFO - Processing /home/airflow/.local/lib/python3.12/site-packages/airflow/example_dags/tutorial.py took 0.658 seconds
[2024-10-03T22:07:37.224+0000] {processor.py:186} INFO - Started process (PID=322) to work on /home/airflow/.local/lib/python3.12/site-packages/airflow/example_dags/tutorial.py
[2024-10-03T22:07:37.236+0000] {processor.py:914} INFO - Processing file /home/airflow/.local/lib/python3.12/site-packages/airflow/example_dags/tutorial.py for tasks to queue
[2024-10-03T22:07:37.241+0000] {logging_mixin.py:190} INFO - [2024-10-03T22:07:37.241+0000] {dagbag.py:587} INFO - Filling up the DagBag from /home/airflow/.local/lib/python3.12/site-packages/airflow/example_dags/tutorial.py
[2024-10-03T22:07:37.319+0000] {processor.py:925} INFO - DAG(s) 'tutorial' retrieved from /home/airflow/.local/lib/python3.12/site-packages/airflow/example_dags/tutorial.py
[2024-10-03T22:07:37.479+0000] {logging_mixin.py:190} INFO - [2024-10-03T22:07:37.479+0000] {dag.py:3229} INFO - Sync 1 DAGs
[2024-10-03T22:07:37.656+0000] {logging_mixin.py:190} INFO - [2024-10-03T22:07:37.656+0000] {dag.py:4156} INFO - Setting next_dagrun for tutorial to 2024-10-02 00:00:00+00:00, run_after=2024-10-03 00:00:00+00:00
[2024-10-03T22:07:37.755+0000] {processor.py:208} INFO - Processing /home/airflow/.local/lib/python3.12/site-packages/airflow/example_dags/tutorial.py took 0.586 seconds
[2024-10-03T22:08:08.398+0000] {processor.py:186} INFO - Started process (PID=384) to work on /home/airflow/.local/lib/python3.12/site-packages/airflow/example_dags/tutorial.py
[2024-10-03T22:08:08.399+0000] {processor.py:914} INFO - Processing file /home/airflow/.local/lib/python3.12/site-packages/airflow/example_dags/tutorial.py for tasks to queue
[2024-10-03T22:08:08.403+0000] {logging_mixin.py:190} INFO - [2024-10-03T22:08:08.403+0000] {dagbag.py:587} INFO - Filling up the DagBag from /home/airflow/.local/lib/python3.12/site-packages/airflow/example_dags/tutorial.py
[2024-10-03T22:08:08.422+0000] {processor.py:925} INFO - DAG(s) 'tutorial' retrieved from /home/airflow/.local/lib/python3.12/site-packages/airflow/example_dags/tutorial.py
[2024-10-03T22:08:08.516+0000] {logging_mixin.py:190} INFO - [2024-10-03T22:08:08.514+0000] {dag.py:3229} INFO - Sync 1 DAGs
[2024-10-03T22:08:08.581+0000] {logging_mixin.py:190} INFO - [2024-10-03T22:08:08.581+0000] {dag.py:4156} INFO - Setting next_dagrun for tutorial to 2024-10-02 00:00:00+00:00, run_after=2024-10-03 00:00:00+00:00
[2024-10-03T22:08:08.642+0000] {processor.py:208} INFO - Processing /home/airflow/.local/lib/python3.12/site-packages/airflow/example_dags/tutorial.py took 0.263 seconds
[2024-10-03T22:08:39.578+0000] {processor.py:186} INFO - Started process (PID=447) to work on /home/airflow/.local/lib/python3.12/site-packages/airflow/example_dags/tutorial.py
[2024-10-03T22:08:39.580+0000] {processor.py:914} INFO - Processing file /home/airflow/.local/lib/python3.12/site-packages/airflow/example_dags/tutorial.py for tasks to queue
[2024-10-03T22:08:39.586+0000] {logging_mixin.py:190} INFO - [2024-10-03T22:08:39.585+0000] {dagbag.py:587} INFO - Filling up the DagBag from /home/airflow/.local/lib/python3.12/site-packages/airflow/example_dags/tutorial.py
[2024-10-03T22:08:39.598+0000] {processor.py:925} INFO - DAG(s) 'tutorial' retrieved from /home/airflow/.local/lib/python3.12/site-packages/airflow/example_dags/tutorial.py
[2024-10-03T22:08:39.627+0000] {logging_mixin.py:190} INFO - [2024-10-03T22:08:39.627+0000] {dag.py:3229} INFO - Sync 1 DAGs
[2024-10-03T22:08:39.667+0000] {logging_mixin.py:190} INFO - [2024-10-03T22:08:39.667+0000] {dag.py:4156} INFO - Setting next_dagrun for tutorial to 2024-10-02 00:00:00+00:00, run_after=2024-10-03 00:00:00+00:00
[2024-10-03T22:08:39.694+0000] {processor.py:208} INFO - Processing /home/airflow/.local/lib/python3.12/site-packages/airflow/example_dags/tutorial.py took 0.124 seconds
[2024-10-03T22:09:09.977+0000] {processor.py:186} INFO - Started process (PID=510) to work on /home/airflow/.local/lib/python3.12/site-packages/airflow/example_dags/tutorial.py
[2024-10-03T22:09:09.978+0000] {processor.py:914} INFO - Processing file /home/airflow/.local/lib/python3.12/site-packages/airflow/example_dags/tutorial.py for tasks to queue
[2024-10-03T22:09:09.981+0000] {logging_mixin.py:190} INFO - [2024-10-03T22:09:09.981+0000] {dagbag.py:587} INFO - Filling up the DagBag from /home/airflow/.local/lib/python3.12/site-packages/airflow/example_dags/tutorial.py
[2024-10-03T22:09:09.991+0000] {processor.py:925} INFO - DAG(s) 'tutorial' retrieved from /home/airflow/.local/lib/python3.12/site-packages/airflow/example_dags/tutorial.py
[2024-10-03T22:09:10.016+0000] {logging_mixin.py:190} INFO - [2024-10-03T22:09:10.016+0000] {dag.py:3229} INFO - Sync 1 DAGs
[2024-10-03T22:09:10.046+0000] {logging_mixin.py:190} INFO - [2024-10-03T22:09:10.046+0000] {dag.py:4156} INFO - Setting next_dagrun for tutorial to 2024-10-02 00:00:00+00:00, run_after=2024-10-03 00:00:00+00:00
[2024-10-03T22:09:10.076+0000] {processor.py:208} INFO - Processing /home/airflow/.local/lib/python3.12/site-packages/airflow/example_dags/tutorial.py took 0.106 seconds
[2024-10-03T22:09:40.690+0000] {processor.py:186} INFO - Started process (PID=573) to work on /home/airflow/.local/lib/python3.12/site-packages/airflow/example_dags/tutorial.py
[2024-10-03T22:09:40.691+0000] {processor.py:914} INFO - Processing file /home/airflow/.local/lib/python3.12/site-packages/airflow/example_dags/tutorial.py for tasks to queue
[2024-10-03T22:09:40.694+0000] {logging_mixin.py:190} INFO - [2024-10-03T22:09:40.693+0000] {dagbag.py:587} INFO - Filling up the DagBag from /home/airflow/.local/lib/python3.12/site-packages/airflow/example_dags/tutorial.py
[2024-10-03T22:09:40.702+0000] {processor.py:925} INFO - DAG(s) 'tutorial' retrieved from /home/airflow/.local/lib/python3.12/site-packages/airflow/example_dags/tutorial.py
[2024-10-03T22:09:40.736+0000] {logging_mixin.py:190} INFO - [2024-10-03T22:09:40.735+0000] {dag.py:3229} INFO - Sync 1 DAGs
[2024-10-03T22:09:40.769+0000] {logging_mixin.py:190} INFO - [2024-10-03T22:09:40.769+0000] {dag.py:4156} INFO - Setting next_dagrun for tutorial to 2024-10-02 00:00:00+00:00, run_after=2024-10-03 00:00:00+00:00
[2024-10-03T22:09:40.800+0000] {processor.py:208} INFO - Processing /home/airflow/.local/lib/python3.12/site-packages/airflow/example_dags/tutorial.py took 0.117 seconds
[2024-10-03T22:10:10.895+0000] {processor.py:186} INFO - Started process (PID=636) to work on /home/airflow/.local/lib/python3.12/site-packages/airflow/example_dags/tutorial.py
[2024-10-03T22:10:10.896+0000] {processor.py:914} INFO - Processing file /home/airflow/.local/lib/python3.12/site-packages/airflow/example_dags/tutorial.py for tasks to queue
[2024-10-03T22:10:10.900+0000] {logging_mixin.py:190} INFO - [2024-10-03T22:10:10.899+0000] {dagbag.py:587} INFO - Filling up the DagBag from /home/airflow/.local/lib/python3.12/site-packages/airflow/example_dags/tutorial.py
[2024-10-03T22:10:10.914+0000] {processor.py:925} INFO - DAG(s) 'tutorial' retrieved from /home/airflow/.local/lib/python3.12/site-packages/airflow/example_dags/tutorial.py
[2024-10-03T22:10:10.951+0000] {logging_mixin.py:190} INFO - [2024-10-03T22:10:10.951+0000] {dag.py:3229} INFO - Sync 1 DAGs
[2024-10-03T22:10:11.026+0000] {logging_mixin.py:190} INFO - [2024-10-03T22:10:11.025+0000] {dag.py:4156} INFO - Setting next_dagrun for tutorial to 2024-10-02 00:00:00+00:00, run_after=2024-10-03 00:00:00+00:00
[2024-10-03T22:10:11.094+0000] {processor.py:208} INFO - Processing /home/airflow/.local/lib/python3.12/site-packages/airflow/example_dags/tutorial.py took 0.209 seconds
[2024-10-03T22:10:41.595+0000] {processor.py:186} INFO - Started process (PID=699) to work on /home/airflow/.local/lib/python3.12/site-packages/airflow/example_dags/tutorial.py
[2024-10-03T22:10:41.596+0000] {processor.py:914} INFO - Processing file /home/airflow/.local/lib/python3.12/site-packages/airflow/example_dags/tutorial.py for tasks to queue
[2024-10-03T22:10:41.599+0000] {logging_mixin.py:190} INFO - [2024-10-03T22:10:41.599+0000] {dagbag.py:587} INFO - Filling up the DagBag from /home/airflow/.local/lib/python3.12/site-packages/airflow/example_dags/tutorial.py
[2024-10-03T22:10:41.609+0000] {processor.py:925} INFO - DAG(s) 'tutorial' retrieved from /home/airflow/.local/lib/python3.12/site-packages/airflow/example_dags/tutorial.py
[2024-10-03T22:10:41.635+0000] {logging_mixin.py:190} INFO - [2024-10-03T22:10:41.635+0000] {dag.py:3229} INFO - Sync 1 DAGs
[2024-10-03T22:10:41.665+0000] {logging_mixin.py:190} INFO - [2024-10-03T22:10:41.665+0000] {dag.py:4156} INFO - Setting next_dagrun for tutorial to 2024-10-02 00:00:00+00:00, run_after=2024-10-03 00:00:00+00:00
[2024-10-03T22:10:41.715+0000] {processor.py:208} INFO - Processing /home/airflow/.local/lib/python3.12/site-packages/airflow/example_dags/tutorial.py took 0.129 seconds
[2024-10-03T22:11:12.628+0000] {processor.py:186} INFO - Started process (PID=762) to work on /home/airflow/.local/lib/python3.12/site-packages/airflow/example_dags/tutorial.py
[2024-10-03T22:11:12.629+0000] {processor.py:914} INFO - Processing file /home/airflow/.local/lib/python3.12/site-packages/airflow/example_dags/tutorial.py for tasks to queue
[2024-10-03T22:11:12.633+0000] {logging_mixin.py:190} INFO - [2024-10-03T22:11:12.632+0000] {dagbag.py:587} INFO - Filling up the DagBag from /home/airflow/.local/lib/python3.12/site-packages/airflow/example_dags/tutorial.py
[2024-10-03T22:11:12.654+0000] {processor.py:925} INFO - DAG(s) 'tutorial' retrieved from /home/airflow/.local/lib/python3.12/site-packages/airflow/example_dags/tutorial.py
[2024-10-03T22:11:12.694+0000] {logging_mixin.py:190} INFO - [2024-10-03T22:11:12.694+0000] {dag.py:3229} INFO - Sync 1 DAGs
[2024-10-03T22:11:12.722+0000] {logging_mixin.py:190} INFO - [2024-10-03T22:11:12.722+0000] {dag.py:4156} INFO - Setting next_dagrun for tutorial to 2024-10-02 00:00:00+00:00, run_after=2024-10-03 00:00:00+00:00
[2024-10-03T22:11:12.764+0000] {processor.py:208} INFO - Processing /home/airflow/.local/lib/python3.12/site-packages/airflow/example_dags/tutorial.py took 0.157 seconds
[2024-10-03T22:11:43.262+0000] {processor.py:186} INFO - Started process (PID=825) to work on /home/airflow/.local/lib/python3.12/site-packages/airflow/example_dags/tutorial.py
[2024-10-03T22:11:43.263+0000] {processor.py:914} INFO - Processing file /home/airflow/.local/lib/python3.12/site-packages/airflow/example_dags/tutorial.py for tasks to queue
[2024-10-03T22:11:43.267+0000] {logging_mixin.py:190} INFO - [2024-10-03T22:11:43.267+0000] {dagbag.py:587} INFO - Filling up the DagBag from /home/airflow/.local/lib/python3.12/site-packages/airflow/example_dags/tutorial.py
[2024-10-03T22:11:43.279+0000] {processor.py:925} INFO - DAG(s) 'tutorial' retrieved from /home/airflow/.local/lib/python3.12/site-packages/airflow/example_dags/tutorial.py
[2024-10-03T22:11:43.303+0000] {logging_mixin.py:190} INFO - [2024-10-03T22:11:43.303+0000] {dag.py:3229} INFO - Sync 1 DAGs
[2024-10-03T22:11:43.332+0000] {logging_mixin.py:190} INFO - [2024-10-03T22:11:43.331+0000] {dag.py:4156} INFO - Setting next_dagrun for tutorial to 2024-10-02 00:00:00+00:00, run_after=2024-10-03 00:00:00+00:00
[2024-10-03T22:11:43.362+0000] {processor.py:208} INFO - Processing /home/airflow/.local/lib/python3.12/site-packages/airflow/example_dags/tutorial.py took 0.107 seconds
[2024-10-03T22:12:13.734+0000] {processor.py:186} INFO - Started process (PID=888) to work on /home/airflow/.local/lib/python3.12/site-packages/airflow/example_dags/tutorial.py
[2024-10-03T22:12:13.735+0000] {processor.py:914} INFO - Processing file /home/airflow/.local/lib/python3.12/site-packages/airflow/example_dags/tutorial.py for tasks to queue
[2024-10-03T22:12:13.738+0000] {logging_mixin.py:190} INFO - [2024-10-03T22:12:13.737+0000] {dagbag.py:587} INFO - Filling up the DagBag from /home/airflow/.local/lib/python3.12/site-packages/airflow/example_dags/tutorial.py
[2024-10-03T22:12:13.747+0000] {processor.py:925} INFO - DAG(s) 'tutorial' retrieved from /home/airflow/.local/lib/python3.12/site-packages/airflow/example_dags/tutorial.py
[2024-10-03T22:12:13.768+0000] {logging_mixin.py:190} INFO - [2024-10-03T22:12:13.768+0000] {dag.py:3229} INFO - Sync 1 DAGs
[2024-10-03T22:12:13.795+0000] {logging_mixin.py:190} INFO - [2024-10-03T22:12:13.794+0000] {dag.py:4156} INFO - Setting next_dagrun for tutorial to 2024-10-02 00:00:00+00:00, run_after=2024-10-03 00:00:00+00:00
[2024-10-03T22:12:13.830+0000] {processor.py:208} INFO - Processing /home/airflow/.local/lib/python3.12/site-packages/airflow/example_dags/tutorial.py took 0.103 seconds
[2024-10-03T22:12:44.588+0000] {processor.py:186} INFO - Started process (PID=951) to work on /home/airflow/.local/lib/python3.12/site-packages/airflow/example_dags/tutorial.py
[2024-10-03T22:12:44.590+0000] {processor.py:914} INFO - Processing file /home/airflow/.local/lib/python3.12/site-packages/airflow/example_dags/tutorial.py for tasks to queue
[2024-10-03T22:12:44.593+0000] {logging_mixin.py:190} INFO - [2024-10-03T22:12:44.593+0000] {dagbag.py:587} INFO - Filling up the DagBag from /home/airflow/.local/lib/python3.12/site-packages/airflow/example_dags/tutorial.py
[2024-10-03T22:12:44.603+0000] {processor.py:925} INFO - DAG(s) 'tutorial' retrieved from /home/airflow/.local/lib/python3.12/site-packages/airflow/example_dags/tutorial.py
[2024-10-03T22:12:44.631+0000] {logging_mixin.py:190} INFO - [2024-10-03T22:12:44.631+0000] {dag.py:3229} INFO - Sync 1 DAGs
[2024-10-03T22:12:44.662+0000] {logging_mixin.py:190} INFO - [2024-10-03T22:12:44.662+0000] {dag.py:4156} INFO - Setting next_dagrun for tutorial to 2024-10-02 00:00:00+00:00, run_after=2024-10-03 00:00:00+00:00
[2024-10-03T22:12:44.691+0000] {processor.py:208} INFO - Processing /home/airflow/.local/lib/python3.12/site-packages/airflow/example_dags/tutorial.py took 0.111 seconds
[2024-10-03T22:13:15.389+0000] {processor.py:186} INFO - Started process (PID=1021) to work on /home/airflow/.local/lib/python3.12/site-packages/airflow/example_dags/tutorial.py
[2024-10-03T22:13:15.390+0000] {processor.py:914} INFO - Processing file /home/airflow/.local/lib/python3.12/site-packages/airflow/example_dags/tutorial.py for tasks to queue
[2024-10-03T22:13:15.394+0000] {logging_mixin.py:190} INFO - [2024-10-03T22:13:15.393+0000] {dagbag.py:587} INFO - Filling up the DagBag from /home/airflow/.local/lib/python3.12/site-packages/airflow/example_dags/tutorial.py
[2024-10-03T22:13:15.406+0000] {processor.py:925} INFO - DAG(s) 'tutorial' retrieved from /home/airflow/.local/lib/python3.12/site-packages/airflow/example_dags/tutorial.py
[2024-10-03T22:13:15.435+0000] {logging_mixin.py:190} INFO - [2024-10-03T22:13:15.435+0000] {dag.py:3229} INFO - Sync 1 DAGs
[2024-10-03T22:13:15.464+0000] {logging_mixin.py:190} INFO - [2024-10-03T22:13:15.464+0000] {dag.py:4156} INFO - Setting next_dagrun for tutorial to 2024-10-02 00:00:00+00:00, run_after=2024-10-03 00:00:00+00:00
[2024-10-03T22:13:15.497+0000] {processor.py:208} INFO - Processing /home/airflow/.local/lib/python3.12/site-packages/airflow/example_dags/tutorial.py took 0.117 seconds
[2024-10-03T22:13:45.898+0000] {processor.py:186} INFO - Started process (PID=1085) to work on /home/airflow/.local/lib/python3.12/site-packages/airflow/example_dags/tutorial.py
[2024-10-03T22:13:45.899+0000] {processor.py:914} INFO - Processing file /home/airflow/.local/lib/python3.12/site-packages/airflow/example_dags/tutorial.py for tasks to queue
[2024-10-03T22:13:45.902+0000] {logging_mixin.py:190} INFO - [2024-10-03T22:13:45.901+0000] {dagbag.py:587} INFO - Filling up the DagBag from /home/airflow/.local/lib/python3.12/site-packages/airflow/example_dags/tutorial.py
[2024-10-03T22:13:45.911+0000] {processor.py:925} INFO - DAG(s) 'tutorial' retrieved from /home/airflow/.local/lib/python3.12/site-packages/airflow/example_dags/tutorial.py
[2024-10-03T22:13:45.936+0000] {logging_mixin.py:190} INFO - [2024-10-03T22:13:45.936+0000] {dag.py:3229} INFO - Sync 1 DAGs
[2024-10-03T22:13:45.971+0000] {logging_mixin.py:190} INFO - [2024-10-03T22:13:45.971+0000] {dag.py:4156} INFO - Setting next_dagrun for tutorial to 2024-10-02 00:00:00+00:00, run_after=2024-10-03 00:00:00+00:00
[2024-10-03T22:13:46.004+0000] {processor.py:208} INFO - Processing /home/airflow/.local/lib/python3.12/site-packages/airflow/example_dags/tutorial.py took 0.115 seconds
[2024-10-03T22:14:16.684+0000] {processor.py:186} INFO - Started process (PID=1148) to work on /home/airflow/.local/lib/python3.12/site-packages/airflow/example_dags/tutorial.py
[2024-10-03T22:14:16.685+0000] {processor.py:914} INFO - Processing file /home/airflow/.local/lib/python3.12/site-packages/airflow/example_dags/tutorial.py for tasks to queue
[2024-10-03T22:14:16.688+0000] {logging_mixin.py:190} INFO - [2024-10-03T22:14:16.687+0000] {dagbag.py:587} INFO - Filling up the DagBag from /home/airflow/.local/lib/python3.12/site-packages/airflow/example_dags/tutorial.py
[2024-10-03T22:14:16.700+0000] {processor.py:925} INFO - DAG(s) 'tutorial' retrieved from /home/airflow/.local/lib/python3.12/site-packages/airflow/example_dags/tutorial.py
[2024-10-03T22:14:16.729+0000] {logging_mixin.py:190} INFO - [2024-10-03T22:14:16.728+0000] {dag.py:3229} INFO - Sync 1 DAGs
[2024-10-03T22:14:16.762+0000] {logging_mixin.py:190} INFO - [2024-10-03T22:14:16.762+0000] {dag.py:4156} INFO - Setting next_dagrun for tutorial to 2024-10-02 00:00:00+00:00, run_after=2024-10-03 00:00:00+00:00
[2024-10-03T22:14:16.796+0000] {processor.py:208} INFO - Processing /home/airflow/.local/lib/python3.12/site-packages/airflow/example_dags/tutorial.py took 0.122 seconds
[2024-10-03T22:14:47.393+0000] {processor.py:186} INFO - Started process (PID=1211) to work on /home/airflow/.local/lib/python3.12/site-packages/airflow/example_dags/tutorial.py
[2024-10-03T22:14:47.394+0000] {processor.py:914} INFO - Processing file /home/airflow/.local/lib/python3.12/site-packages/airflow/example_dags/tutorial.py for tasks to queue
[2024-10-03T22:14:47.397+0000] {logging_mixin.py:190} INFO - [2024-10-03T22:14:47.396+0000] {dagbag.py:587} INFO - Filling up the DagBag from /home/airflow/.local/lib/python3.12/site-packages/airflow/example_dags/tutorial.py
[2024-10-03T22:14:47.409+0000] {processor.py:925} INFO - DAG(s) 'tutorial' retrieved from /home/airflow/.local/lib/python3.12/site-packages/airflow/example_dags/tutorial.py
[2024-10-03T22:14:47.439+0000] {logging_mixin.py:190} INFO - [2024-10-03T22:14:47.439+0000] {dag.py:3229} INFO - Sync 1 DAGs
[2024-10-03T22:14:47.474+0000] {logging_mixin.py:190} INFO - [2024-10-03T22:14:47.473+0000] {dag.py:4156} INFO - Setting next_dagrun for tutorial to 2024-10-02 00:00:00+00:00, run_after=2024-10-03 00:00:00+00:00
[2024-10-03T22:14:47.502+0000] {processor.py:208} INFO - Processing /home/airflow/.local/lib/python3.12/site-packages/airflow/example_dags/tutorial.py took 0.119 seconds
[2024-10-03T22:15:17.587+0000] {processor.py:186} INFO - Started process (PID=1274) to work on /home/airflow/.local/lib/python3.12/site-packages/airflow/example_dags/tutorial.py
[2024-10-03T22:15:17.589+0000] {processor.py:914} INFO - Processing file /home/airflow/.local/lib/python3.12/site-packages/airflow/example_dags/tutorial.py for tasks to queue
[2024-10-03T22:15:17.592+0000] {logging_mixin.py:190} INFO - [2024-10-03T22:15:17.592+0000] {dagbag.py:587} INFO - Filling up the DagBag from /home/airflow/.local/lib/python3.12/site-packages/airflow/example_dags/tutorial.py
[2024-10-03T22:15:17.604+0000] {processor.py:925} INFO - DAG(s) 'tutorial' retrieved from /home/airflow/.local/lib/python3.12/site-packages/airflow/example_dags/tutorial.py
[2024-10-03T22:15:17.642+0000] {logging_mixin.py:190} INFO - [2024-10-03T22:15:17.642+0000] {dag.py:3229} INFO - Sync 1 DAGs
[2024-10-03T22:15:17.678+0000] {logging_mixin.py:190} INFO - [2024-10-03T22:15:17.678+0000] {dag.py:4156} INFO - Setting next_dagrun for tutorial to 2024-10-02 00:00:00+00:00, run_after=2024-10-03 00:00:00+00:00
[2024-10-03T22:15:17.716+0000] {processor.py:208} INFO - Processing /home/airflow/.local/lib/python3.12/site-packages/airflow/example_dags/tutorial.py took 0.138 seconds
[2024-10-03T22:15:47.937+0000] {processor.py:186} INFO - Started process (PID=1337) to work on /home/airflow/.local/lib/python3.12/site-packages/airflow/example_dags/tutorial.py
[2024-10-03T22:15:47.939+0000] {processor.py:914} INFO - Processing file /home/airflow/.local/lib/python3.12/site-packages/airflow/example_dags/tutorial.py for tasks to queue
[2024-10-03T22:15:47.941+0000] {logging_mixin.py:190} INFO - [2024-10-03T22:15:47.941+0000] {dagbag.py:587} INFO - Filling up the DagBag from /home/airflow/.local/lib/python3.12/site-packages/airflow/example_dags/tutorial.py
[2024-10-03T22:15:47.950+0000] {processor.py:925} INFO - DAG(s) 'tutorial' retrieved from /home/airflow/.local/lib/python3.12/site-packages/airflow/example_dags/tutorial.py
[2024-10-03T22:15:47.973+0000] {logging_mixin.py:190} INFO - [2024-10-03T22:15:47.973+0000] {dag.py:3229} INFO - Sync 1 DAGs
[2024-10-03T22:15:48.008+0000] {logging_mixin.py:190} INFO - [2024-10-03T22:15:48.007+0000] {dag.py:4156} INFO - Setting next_dagrun for tutorial to 2024-10-02 00:00:00+00:00, run_after=2024-10-03 00:00:00+00:00
[2024-10-03T22:15:48.032+0000] {processor.py:208} INFO - Processing /home/airflow/.local/lib/python3.12/site-packages/airflow/example_dags/tutorial.py took 0.102 seconds
[2024-10-03T22:16:19.537+0000] {processor.py:186} INFO - Started process (PID=1400) to work on /home/airflow/.local/lib/python3.12/site-packages/airflow/example_dags/tutorial.py
[2024-10-03T22:16:19.539+0000] {processor.py:914} INFO - Processing file /home/airflow/.local/lib/python3.12/site-packages/airflow/example_dags/tutorial.py for tasks to queue
[2024-10-03T22:16:19.555+0000] {logging_mixin.py:190} INFO - [2024-10-03T22:16:19.554+0000] {dagbag.py:587} INFO - Filling up the DagBag from /home/airflow/.local/lib/python3.12/site-packages/airflow/example_dags/tutorial.py
[2024-10-03T22:16:19.588+0000] {processor.py:925} INFO - DAG(s) 'tutorial' retrieved from /home/airflow/.local/lib/python3.12/site-packages/airflow/example_dags/tutorial.py
[2024-10-03T22:16:19.672+0000] {logging_mixin.py:190} INFO - [2024-10-03T22:16:19.671+0000] {dag.py:3229} INFO - Sync 1 DAGs
[2024-10-03T22:16:19.785+0000] {logging_mixin.py:190} INFO - [2024-10-03T22:16:19.785+0000] {dag.py:4156} INFO - Setting next_dagrun for tutorial to 2024-10-02 00:00:00+00:00, run_after=2024-10-03 00:00:00+00:00
[2024-10-03T22:16:19.877+0000] {processor.py:208} INFO - Processing /home/airflow/.local/lib/python3.12/site-packages/airflow/example_dags/tutorial.py took 0.368 seconds
[2024-10-03T22:16:50.078+0000] {processor.py:186} INFO - Started process (PID=1463) to work on /home/airflow/.local/lib/python3.12/site-packages/airflow/example_dags/tutorial.py
[2024-10-03T22:16:50.080+0000] {processor.py:914} INFO - Processing file /home/airflow/.local/lib/python3.12/site-packages/airflow/example_dags/tutorial.py for tasks to queue
[2024-10-03T22:16:50.084+0000] {logging_mixin.py:190} INFO - [2024-10-03T22:16:50.084+0000] {dagbag.py:587} INFO - Filling up the DagBag from /home/airflow/.local/lib/python3.12/site-packages/airflow/example_dags/tutorial.py
[2024-10-03T22:16:50.097+0000] {processor.py:925} INFO - DAG(s) 'tutorial' retrieved from /home/airflow/.local/lib/python3.12/site-packages/airflow/example_dags/tutorial.py
[2024-10-03T22:16:50.155+0000] {logging_mixin.py:190} INFO - [2024-10-03T22:16:50.154+0000] {dag.py:3229} INFO - Sync 1 DAGs
[2024-10-03T22:16:50.197+0000] {logging_mixin.py:190} INFO - [2024-10-03T22:16:50.196+0000] {dag.py:4156} INFO - Setting next_dagrun for tutorial to 2024-10-02 00:00:00+00:00, run_after=2024-10-03 00:00:00+00:00
[2024-10-03T22:16:50.242+0000] {processor.py:208} INFO - Processing /home/airflow/.local/lib/python3.12/site-packages/airflow/example_dags/tutorial.py took 0.172 seconds
[2024-10-03T22:17:20.731+0000] {processor.py:186} INFO - Started process (PID=1526) to work on /home/airflow/.local/lib/python3.12/site-packages/airflow/example_dags/tutorial.py
[2024-10-03T22:17:20.733+0000] {processor.py:914} INFO - Processing file /home/airflow/.local/lib/python3.12/site-packages/airflow/example_dags/tutorial.py for tasks to queue
[2024-10-03T22:17:20.738+0000] {logging_mixin.py:190} INFO - [2024-10-03T22:17:20.737+0000] {dagbag.py:587} INFO - Filling up the DagBag from /home/airflow/.local/lib/python3.12/site-packages/airflow/example_dags/tutorial.py
[2024-10-03T22:17:20.753+0000] {processor.py:925} INFO - DAG(s) 'tutorial' retrieved from /home/airflow/.local/lib/python3.12/site-packages/airflow/example_dags/tutorial.py
[2024-10-03T22:17:20.791+0000] {logging_mixin.py:190} INFO - [2024-10-03T22:17:20.791+0000] {dag.py:3229} INFO - Sync 1 DAGs
[2024-10-03T22:17:20.842+0000] {logging_mixin.py:190} INFO - [2024-10-03T22:17:20.841+0000] {dag.py:4156} INFO - Setting next_dagrun for tutorial to 2024-10-02 00:00:00+00:00, run_after=2024-10-03 00:00:00+00:00
[2024-10-03T22:17:20.935+0000] {processor.py:208} INFO - Processing /home/airflow/.local/lib/python3.12/site-packages/airflow/example_dags/tutorial.py took 0.214 seconds
[2024-10-03T22:17:51.277+0000] {processor.py:186} INFO - Started process (PID=1589) to work on /home/airflow/.local/lib/python3.12/site-packages/airflow/example_dags/tutorial.py
[2024-10-03T22:17:51.280+0000] {processor.py:914} INFO - Processing file /home/airflow/.local/lib/python3.12/site-packages/airflow/example_dags/tutorial.py for tasks to queue
[2024-10-03T22:17:51.286+0000] {logging_mixin.py:190} INFO - [2024-10-03T22:17:51.286+0000] {dagbag.py:587} INFO - Filling up the DagBag from /home/airflow/.local/lib/python3.12/site-packages/airflow/example_dags/tutorial.py
[2024-10-03T22:17:51.304+0000] {processor.py:925} INFO - DAG(s) 'tutorial' retrieved from /home/airflow/.local/lib/python3.12/site-packages/airflow/example_dags/tutorial.py
[2024-10-03T22:17:51.359+0000] {logging_mixin.py:190} INFO - [2024-10-03T22:17:51.359+0000] {dag.py:3229} INFO - Sync 1 DAGs
[2024-10-03T22:17:51.420+0000] {logging_mixin.py:190} INFO - [2024-10-03T22:17:51.420+0000] {dag.py:4156} INFO - Setting next_dagrun for tutorial to 2024-10-02 00:00:00+00:00, run_after=2024-10-03 00:00:00+00:00
[2024-10-03T22:17:51.464+0000] {processor.py:208} INFO - Processing /home/airflow/.local/lib/python3.12/site-packages/airflow/example_dags/tutorial.py took 0.206 seconds
[2024-10-03T22:18:21.960+0000] {processor.py:186} INFO - Started process (PID=1652) to work on /home/airflow/.local/lib/python3.12/site-packages/airflow/example_dags/tutorial.py
[2024-10-03T22:18:21.961+0000] {processor.py:914} INFO - Processing file /home/airflow/.local/lib/python3.12/site-packages/airflow/example_dags/tutorial.py for tasks to queue
[2024-10-03T22:18:21.965+0000] {logging_mixin.py:190} INFO - [2024-10-03T22:18:21.965+0000] {dagbag.py:587} INFO - Filling up the DagBag from /home/airflow/.local/lib/python3.12/site-packages/airflow/example_dags/tutorial.py
[2024-10-03T22:18:21.980+0000] {processor.py:925} INFO - DAG(s) 'tutorial' retrieved from /home/airflow/.local/lib/python3.12/site-packages/airflow/example_dags/tutorial.py
[2024-10-03T22:18:22.048+0000] {logging_mixin.py:190} INFO - [2024-10-03T22:18:22.048+0000] {dag.py:3229} INFO - Sync 1 DAGs
[2024-10-03T22:18:22.101+0000] {logging_mixin.py:190} INFO - [2024-10-03T22:18:22.101+0000] {dag.py:4156} INFO - Setting next_dagrun for tutorial to 2024-10-02 00:00:00+00:00, run_after=2024-10-03 00:00:00+00:00
[2024-10-03T22:18:22.144+0000] {processor.py:208} INFO - Processing /home/airflow/.local/lib/python3.12/site-packages/airflow/example_dags/tutorial.py took 0.193 seconds
[2024-10-03T22:18:52.738+0000] {processor.py:186} INFO - Started process (PID=1715) to work on /home/airflow/.local/lib/python3.12/site-packages/airflow/example_dags/tutorial.py
[2024-10-03T22:18:52.739+0000] {processor.py:914} INFO - Processing file /home/airflow/.local/lib/python3.12/site-packages/airflow/example_dags/tutorial.py for tasks to queue
[2024-10-03T22:18:52.743+0000] {logging_mixin.py:190} INFO - [2024-10-03T22:18:52.742+0000] {dagbag.py:587} INFO - Filling up the DagBag from /home/airflow/.local/lib/python3.12/site-packages/airflow/example_dags/tutorial.py
[2024-10-03T22:18:52.754+0000] {processor.py:925} INFO - DAG(s) 'tutorial' retrieved from /home/airflow/.local/lib/python3.12/site-packages/airflow/example_dags/tutorial.py
[2024-10-03T22:18:52.780+0000] {logging_mixin.py:190} INFO - [2024-10-03T22:18:52.779+0000] {dag.py:3229} INFO - Sync 1 DAGs
[2024-10-03T22:18:52.816+0000] {logging_mixin.py:190} INFO - [2024-10-03T22:18:52.815+0000] {dag.py:4156} INFO - Setting next_dagrun for tutorial to 2024-10-02 00:00:00+00:00, run_after=2024-10-03 00:00:00+00:00
[2024-10-03T22:18:52.841+0000] {processor.py:208} INFO - Processing /home/airflow/.local/lib/python3.12/site-packages/airflow/example_dags/tutorial.py took 0.111 seconds
[2024-10-03T22:19:22.994+0000] {processor.py:186} INFO - Started process (PID=1778) to work on /home/airflow/.local/lib/python3.12/site-packages/airflow/example_dags/tutorial.py
[2024-10-03T22:19:22.995+0000] {processor.py:914} INFO - Processing file /home/airflow/.local/lib/python3.12/site-packages/airflow/example_dags/tutorial.py for tasks to queue
[2024-10-03T22:19:22.998+0000] {logging_mixin.py:190} INFO - [2024-10-03T22:19:22.998+0000] {dagbag.py:587} INFO - Filling up the DagBag from /home/airflow/.local/lib/python3.12/site-packages/airflow/example_dags/tutorial.py
[2024-10-03T22:19:23.007+0000] {processor.py:925} INFO - DAG(s) 'tutorial' retrieved from /home/airflow/.local/lib/python3.12/site-packages/airflow/example_dags/tutorial.py
[2024-10-03T22:19:23.028+0000] {logging_mixin.py:190} INFO - [2024-10-03T22:19:23.028+0000] {dag.py:3229} INFO - Sync 1 DAGs
[2024-10-03T22:19:23.056+0000] {logging_mixin.py:190} INFO - [2024-10-03T22:19:23.055+0000] {dag.py:4156} INFO - Setting next_dagrun for tutorial to 2024-10-02 00:00:00+00:00, run_after=2024-10-03 00:00:00+00:00
[2024-10-03T22:19:23.093+0000] {processor.py:208} INFO - Processing /home/airflow/.local/lib/python3.12/site-packages/airflow/example_dags/tutorial.py took 0.105 seconds
[2024-10-03T22:19:53.193+0000] {processor.py:186} INFO - Started process (PID=1841) to work on /home/airflow/.local/lib/python3.12/site-packages/airflow/example_dags/tutorial.py
[2024-10-03T22:19:53.195+0000] {processor.py:914} INFO - Processing file /home/airflow/.local/lib/python3.12/site-packages/airflow/example_dags/tutorial.py for tasks to queue
[2024-10-03T22:19:53.198+0000] {logging_mixin.py:190} INFO - [2024-10-03T22:19:53.197+0000] {dagbag.py:587} INFO - Filling up the DagBag from /home/airflow/.local/lib/python3.12/site-packages/airflow/example_dags/tutorial.py
[2024-10-03T22:19:53.207+0000] {processor.py:925} INFO - DAG(s) 'tutorial' retrieved from /home/airflow/.local/lib/python3.12/site-packages/airflow/example_dags/tutorial.py
[2024-10-03T22:19:53.231+0000] {logging_mixin.py:190} INFO - [2024-10-03T22:19:53.230+0000] {dag.py:3229} INFO - Sync 1 DAGs
[2024-10-03T22:19:53.259+0000] {logging_mixin.py:190} INFO - [2024-10-03T22:19:53.259+0000] {dag.py:4156} INFO - Setting next_dagrun for tutorial to 2024-10-02 00:00:00+00:00, run_after=2024-10-03 00:00:00+00:00
[2024-10-03T22:19:53.294+0000] {processor.py:208} INFO - Processing /home/airflow/.local/lib/python3.12/site-packages/airflow/example_dags/tutorial.py took 0.108 seconds
[2024-10-03T22:20:23.364+0000] {processor.py:186} INFO - Started process (PID=1903) to work on /home/airflow/.local/lib/python3.12/site-packages/airflow/example_dags/tutorial.py
[2024-10-03T22:20:23.365+0000] {processor.py:914} INFO - Processing file /home/airflow/.local/lib/python3.12/site-packages/airflow/example_dags/tutorial.py for tasks to queue
[2024-10-03T22:20:23.368+0000] {logging_mixin.py:190} INFO - [2024-10-03T22:20:23.368+0000] {dagbag.py:587} INFO - Filling up the DagBag from /home/airflow/.local/lib/python3.12/site-packages/airflow/example_dags/tutorial.py
[2024-10-03T22:20:23.378+0000] {processor.py:925} INFO - DAG(s) 'tutorial' retrieved from /home/airflow/.local/lib/python3.12/site-packages/airflow/example_dags/tutorial.py
[2024-10-03T22:20:23.403+0000] {logging_mixin.py:190} INFO - [2024-10-03T22:20:23.403+0000] {dag.py:3229} INFO - Sync 1 DAGs
[2024-10-03T22:20:23.437+0000] {logging_mixin.py:190} INFO - [2024-10-03T22:20:23.436+0000] {dag.py:4156} INFO - Setting next_dagrun for tutorial to 2024-10-02 00:00:00+00:00, run_after=2024-10-03 00:00:00+00:00
[2024-10-03T22:20:23.461+0000] {processor.py:208} INFO - Processing /home/airflow/.local/lib/python3.12/site-packages/airflow/example_dags/tutorial.py took 0.105 seconds
[2024-10-03T22:20:53.815+0000] {processor.py:186} INFO - Started process (PID=1966) to work on /home/airflow/.local/lib/python3.12/site-packages/airflow/example_dags/tutorial.py
[2024-10-03T22:20:53.816+0000] {processor.py:914} INFO - Processing file /home/airflow/.local/lib/python3.12/site-packages/airflow/example_dags/tutorial.py for tasks to queue
[2024-10-03T22:20:53.819+0000] {logging_mixin.py:190} INFO - [2024-10-03T22:20:53.819+0000] {dagbag.py:587} INFO - Filling up the DagBag from /home/airflow/.local/lib/python3.12/site-packages/airflow/example_dags/tutorial.py
[2024-10-03T22:20:53.830+0000] {processor.py:925} INFO - DAG(s) 'tutorial' retrieved from /home/airflow/.local/lib/python3.12/site-packages/airflow/example_dags/tutorial.py
[2024-10-03T22:20:53.860+0000] {logging_mixin.py:190} INFO - [2024-10-03T22:20:53.860+0000] {dag.py:3229} INFO - Sync 1 DAGs
[2024-10-03T22:20:53.892+0000] {logging_mixin.py:190} INFO - [2024-10-03T22:20:53.891+0000] {dag.py:4156} INFO - Setting next_dagrun for tutorial to 2024-10-02 00:00:00+00:00, run_after=2024-10-03 00:00:00+00:00
[2024-10-03T22:20:53.925+0000] {processor.py:208} INFO - Processing /home/airflow/.local/lib/python3.12/site-packages/airflow/example_dags/tutorial.py took 0.119 seconds
[2024-10-03T22:21:25.044+0000] {processor.py:186} INFO - Started process (PID=2030) to work on /home/airflow/.local/lib/python3.12/site-packages/airflow/example_dags/tutorial.py
[2024-10-03T22:21:25.045+0000] {processor.py:914} INFO - Processing file /home/airflow/.local/lib/python3.12/site-packages/airflow/example_dags/tutorial.py for tasks to queue
[2024-10-03T22:21:25.048+0000] {logging_mixin.py:190} INFO - [2024-10-03T22:21:25.048+0000] {dagbag.py:587} INFO - Filling up the DagBag from /home/airflow/.local/lib/python3.12/site-packages/airflow/example_dags/tutorial.py
[2024-10-03T22:21:25.057+0000] {processor.py:925} INFO - DAG(s) 'tutorial' retrieved from /home/airflow/.local/lib/python3.12/site-packages/airflow/example_dags/tutorial.py
[2024-10-03T22:21:25.081+0000] {logging_mixin.py:190} INFO - [2024-10-03T22:21:25.080+0000] {dag.py:3229} INFO - Sync 1 DAGs
[2024-10-03T22:21:25.112+0000] {logging_mixin.py:190} INFO - [2024-10-03T22:21:25.112+0000] {dag.py:4156} INFO - Setting next_dagrun for tutorial to 2024-10-02 00:00:00+00:00, run_after=2024-10-03 00:00:00+00:00
[2024-10-03T22:21:25.141+0000] {processor.py:208} INFO - Processing /home/airflow/.local/lib/python3.12/site-packages/airflow/example_dags/tutorial.py took 0.104 seconds
[2024-10-03T22:21:55.724+0000] {processor.py:186} INFO - Started process (PID=2093) to work on /home/airflow/.local/lib/python3.12/site-packages/airflow/example_dags/tutorial.py
[2024-10-03T22:21:55.725+0000] {processor.py:914} INFO - Processing file /home/airflow/.local/lib/python3.12/site-packages/airflow/example_dags/tutorial.py for tasks to queue
[2024-10-03T22:21:55.729+0000] {logging_mixin.py:190} INFO - [2024-10-03T22:21:55.728+0000] {dagbag.py:587} INFO - Filling up the DagBag from /home/airflow/.local/lib/python3.12/site-packages/airflow/example_dags/tutorial.py
[2024-10-03T22:21:55.740+0000] {processor.py:925} INFO - DAG(s) 'tutorial' retrieved from /home/airflow/.local/lib/python3.12/site-packages/airflow/example_dags/tutorial.py
[2024-10-03T22:21:55.766+0000] {logging_mixin.py:190} INFO - [2024-10-03T22:21:55.766+0000] {dag.py:3229} INFO - Sync 1 DAGs
[2024-10-03T22:21:55.803+0000] {logging_mixin.py:190} INFO - [2024-10-03T22:21:55.802+0000] {dag.py:4156} INFO - Setting next_dagrun for tutorial to 2024-10-02 00:00:00+00:00, run_after=2024-10-03 00:00:00+00:00
[2024-10-03T22:21:55.832+0000] {processor.py:208} INFO - Processing /home/airflow/.local/lib/python3.12/site-packages/airflow/example_dags/tutorial.py took 0.115 seconds
[2024-10-03T22:22:26.039+0000] {processor.py:186} INFO - Started process (PID=2155) to work on /home/airflow/.local/lib/python3.12/site-packages/airflow/example_dags/tutorial.py
[2024-10-03T22:22:26.040+0000] {processor.py:914} INFO - Processing file /home/airflow/.local/lib/python3.12/site-packages/airflow/example_dags/tutorial.py for tasks to queue
[2024-10-03T22:22:26.043+0000] {logging_mixin.py:190} INFO - [2024-10-03T22:22:26.043+0000] {dagbag.py:587} INFO - Filling up the DagBag from /home/airflow/.local/lib/python3.12/site-packages/airflow/example_dags/tutorial.py
[2024-10-03T22:22:26.053+0000] {processor.py:925} INFO - DAG(s) 'tutorial' retrieved from /home/airflow/.local/lib/python3.12/site-packages/airflow/example_dags/tutorial.py
[2024-10-03T22:22:26.093+0000] {logging_mixin.py:190} INFO - [2024-10-03T22:22:26.092+0000] {dag.py:3229} INFO - Sync 1 DAGs
[2024-10-03T22:22:26.133+0000] {logging_mixin.py:190} INFO - [2024-10-03T22:22:26.133+0000] {dag.py:4156} INFO - Setting next_dagrun for tutorial to 2024-10-02 00:00:00+00:00, run_after=2024-10-03 00:00:00+00:00
[2024-10-03T22:22:26.169+0000] {processor.py:208} INFO - Processing /home/airflow/.local/lib/python3.12/site-packages/airflow/example_dags/tutorial.py took 0.140 seconds
[2024-10-03T22:22:56.537+0000] {processor.py:186} INFO - Started process (PID=2217) to work on /home/airflow/.local/lib/python3.12/site-packages/airflow/example_dags/tutorial.py
[2024-10-03T22:22:56.538+0000] {processor.py:914} INFO - Processing file /home/airflow/.local/lib/python3.12/site-packages/airflow/example_dags/tutorial.py for tasks to queue
[2024-10-03T22:22:56.541+0000] {logging_mixin.py:190} INFO - [2024-10-03T22:22:56.541+0000] {dagbag.py:587} INFO - Filling up the DagBag from /home/airflow/.local/lib/python3.12/site-packages/airflow/example_dags/tutorial.py
[2024-10-03T22:22:56.553+0000] {processor.py:925} INFO - DAG(s) 'tutorial' retrieved from /home/airflow/.local/lib/python3.12/site-packages/airflow/example_dags/tutorial.py
[2024-10-03T22:22:56.577+0000] {logging_mixin.py:190} INFO - [2024-10-03T22:22:56.576+0000] {dag.py:3229} INFO - Sync 1 DAGs
[2024-10-03T22:22:56.611+0000] {logging_mixin.py:190} INFO - [2024-10-03T22:22:56.611+0000] {dag.py:4156} INFO - Setting next_dagrun for tutorial to 2024-10-02 00:00:00+00:00, run_after=2024-10-03 00:00:00+00:00
[2024-10-03T22:22:56.642+0000] {processor.py:208} INFO - Processing /home/airflow/.local/lib/python3.12/site-packages/airflow/example_dags/tutorial.py took 0.114 seconds
[2024-10-03T22:23:27.103+0000] {processor.py:186} INFO - Started process (PID=2280) to work on /home/airflow/.local/lib/python3.12/site-packages/airflow/example_dags/tutorial.py
[2024-10-03T22:23:27.104+0000] {processor.py:914} INFO - Processing file /home/airflow/.local/lib/python3.12/site-packages/airflow/example_dags/tutorial.py for tasks to queue
[2024-10-03T22:23:27.107+0000] {logging_mixin.py:190} INFO - [2024-10-03T22:23:27.107+0000] {dagbag.py:587} INFO - Filling up the DagBag from /home/airflow/.local/lib/python3.12/site-packages/airflow/example_dags/tutorial.py
[2024-10-03T22:23:27.116+0000] {processor.py:925} INFO - DAG(s) 'tutorial' retrieved from /home/airflow/.local/lib/python3.12/site-packages/airflow/example_dags/tutorial.py
[2024-10-03T22:23:27.143+0000] {logging_mixin.py:190} INFO - [2024-10-03T22:23:27.142+0000] {dag.py:3229} INFO - Sync 1 DAGs
[2024-10-03T22:23:27.180+0000] {logging_mixin.py:190} INFO - [2024-10-03T22:23:27.179+0000] {dag.py:4156} INFO - Setting next_dagrun for tutorial to 2024-10-02 00:00:00+00:00, run_after=2024-10-03 00:00:00+00:00
[2024-10-03T22:23:27.214+0000] {processor.py:208} INFO - Processing /home/airflow/.local/lib/python3.12/site-packages/airflow/example_dags/tutorial.py took 0.131 seconds
[2024-10-03T22:23:57.846+0000] {processor.py:186} INFO - Started process (PID=2343) to work on /home/airflow/.local/lib/python3.12/site-packages/airflow/example_dags/tutorial.py
[2024-10-03T22:23:57.848+0000] {processor.py:914} INFO - Processing file /home/airflow/.local/lib/python3.12/site-packages/airflow/example_dags/tutorial.py for tasks to queue
[2024-10-03T22:23:57.851+0000] {logging_mixin.py:190} INFO - [2024-10-03T22:23:57.851+0000] {dagbag.py:587} INFO - Filling up the DagBag from /home/airflow/.local/lib/python3.12/site-packages/airflow/example_dags/tutorial.py
[2024-10-03T22:23:57.863+0000] {processor.py:925} INFO - DAG(s) 'tutorial' retrieved from /home/airflow/.local/lib/python3.12/site-packages/airflow/example_dags/tutorial.py
[2024-10-03T22:23:57.894+0000] {logging_mixin.py:190} INFO - [2024-10-03T22:23:57.893+0000] {dag.py:3229} INFO - Sync 1 DAGs
[2024-10-03T22:23:57.939+0000] {logging_mixin.py:190} INFO - [2024-10-03T22:23:57.939+0000] {dag.py:4156} INFO - Setting next_dagrun for tutorial to 2024-10-02 00:00:00+00:00, run_after=2024-10-03 00:00:00+00:00
[2024-10-03T22:23:57.980+0000] {processor.py:208} INFO - Processing /home/airflow/.local/lib/python3.12/site-packages/airflow/example_dags/tutorial.py took 0.143 seconds
[2024-10-03T22:24:28.345+0000] {processor.py:186} INFO - Started process (PID=2405) to work on /home/airflow/.local/lib/python3.12/site-packages/airflow/example_dags/tutorial.py
[2024-10-03T22:24:28.346+0000] {processor.py:914} INFO - Processing file /home/airflow/.local/lib/python3.12/site-packages/airflow/example_dags/tutorial.py for tasks to queue
[2024-10-03T22:24:28.350+0000] {logging_mixin.py:190} INFO - [2024-10-03T22:24:28.349+0000] {dagbag.py:587} INFO - Filling up the DagBag from /home/airflow/.local/lib/python3.12/site-packages/airflow/example_dags/tutorial.py
[2024-10-03T22:24:28.362+0000] {processor.py:925} INFO - DAG(s) 'tutorial' retrieved from /home/airflow/.local/lib/python3.12/site-packages/airflow/example_dags/tutorial.py
[2024-10-03T22:24:28.391+0000] {logging_mixin.py:190} INFO - [2024-10-03T22:24:28.391+0000] {dag.py:3229} INFO - Sync 1 DAGs
[2024-10-03T22:24:28.423+0000] {logging_mixin.py:190} INFO - [2024-10-03T22:24:28.423+0000] {dag.py:4156} INFO - Setting next_dagrun for tutorial to 2024-10-02 00:00:00+00:00, run_after=2024-10-03 00:00:00+00:00
[2024-10-03T22:24:28.452+0000] {processor.py:208} INFO - Processing /home/airflow/.local/lib/python3.12/site-packages/airflow/example_dags/tutorial.py took 0.114 seconds
[2024-10-03T22:24:59.108+0000] {processor.py:186} INFO - Started process (PID=2468) to work on /home/airflow/.local/lib/python3.12/site-packages/airflow/example_dags/tutorial.py
[2024-10-03T22:24:59.109+0000] {processor.py:914} INFO - Processing file /home/airflow/.local/lib/python3.12/site-packages/airflow/example_dags/tutorial.py for tasks to queue
[2024-10-03T22:24:59.115+0000] {logging_mixin.py:190} INFO - [2024-10-03T22:24:59.114+0000] {dagbag.py:587} INFO - Filling up the DagBag from /home/airflow/.local/lib/python3.12/site-packages/airflow/example_dags/tutorial.py
[2024-10-03T22:24:59.126+0000] {processor.py:925} INFO - DAG(s) 'tutorial' retrieved from /home/airflow/.local/lib/python3.12/site-packages/airflow/example_dags/tutorial.py
[2024-10-03T22:24:59.164+0000] {logging_mixin.py:190} INFO - [2024-10-03T22:24:59.163+0000] {dag.py:3229} INFO - Sync 1 DAGs
[2024-10-03T22:24:59.215+0000] {logging_mixin.py:190} INFO - [2024-10-03T22:24:59.214+0000] {dag.py:4156} INFO - Setting next_dagrun for tutorial to 2024-10-02 00:00:00+00:00, run_after=2024-10-03 00:00:00+00:00
[2024-10-03T22:24:59.267+0000] {processor.py:208} INFO - Processing /home/airflow/.local/lib/python3.12/site-packages/airflow/example_dags/tutorial.py took 0.169 seconds
[2024-10-03T22:25:29.837+0000] {processor.py:186} INFO - Started process (PID=2531) to work on /home/airflow/.local/lib/python3.12/site-packages/airflow/example_dags/tutorial.py
[2024-10-03T22:25:29.838+0000] {processor.py:914} INFO - Processing file /home/airflow/.local/lib/python3.12/site-packages/airflow/example_dags/tutorial.py for tasks to queue
[2024-10-03T22:25:29.842+0000] {logging_mixin.py:190} INFO - [2024-10-03T22:25:29.842+0000] {dagbag.py:587} INFO - Filling up the DagBag from /home/airflow/.local/lib/python3.12/site-packages/airflow/example_dags/tutorial.py
[2024-10-03T22:25:29.858+0000] {processor.py:925} INFO - DAG(s) 'tutorial' retrieved from /home/airflow/.local/lib/python3.12/site-packages/airflow/example_dags/tutorial.py
[2024-10-03T22:25:29.905+0000] {logging_mixin.py:190} INFO - [2024-10-03T22:25:29.905+0000] {dag.py:3229} INFO - Sync 1 DAGs
[2024-10-03T22:25:29.981+0000] {logging_mixin.py:190} INFO - [2024-10-03T22:25:29.980+0000] {dag.py:4156} INFO - Setting next_dagrun for tutorial to 2024-10-02 00:00:00+00:00, run_after=2024-10-03 00:00:00+00:00
[2024-10-03T22:25:30.059+0000] {processor.py:208} INFO - Processing /home/airflow/.local/lib/python3.12/site-packages/airflow/example_dags/tutorial.py took 0.236 seconds
[2024-10-03T22:26:00.401+0000] {processor.py:186} INFO - Started process (PID=2594) to work on /home/airflow/.local/lib/python3.12/site-packages/airflow/example_dags/tutorial.py
[2024-10-03T22:26:00.411+0000] {processor.py:914} INFO - Processing file /home/airflow/.local/lib/python3.12/site-packages/airflow/example_dags/tutorial.py for tasks to queue
[2024-10-03T22:26:00.416+0000] {logging_mixin.py:190} INFO - [2024-10-03T22:26:00.414+0000] {dagbag.py:587} INFO - Filling up the DagBag from /home/airflow/.local/lib/python3.12/site-packages/airflow/example_dags/tutorial.py
[2024-10-03T22:26:00.429+0000] {processor.py:925} INFO - DAG(s) 'tutorial' retrieved from /home/airflow/.local/lib/python3.12/site-packages/airflow/example_dags/tutorial.py
[2024-10-03T22:26:00.504+0000] {logging_mixin.py:190} INFO - [2024-10-03T22:26:00.504+0000] {dag.py:3229} INFO - Sync 1 DAGs
[2024-10-03T22:26:00.572+0000] {logging_mixin.py:190} INFO - [2024-10-03T22:26:00.571+0000] {dag.py:4156} INFO - Setting next_dagrun for tutorial to 2024-10-02 00:00:00+00:00, run_after=2024-10-03 00:00:00+00:00
[2024-10-03T22:26:00.606+0000] {processor.py:208} INFO - Processing /home/airflow/.local/lib/python3.12/site-packages/airflow/example_dags/tutorial.py took 0.217 seconds
[2024-10-03T22:26:31.258+0000] {processor.py:186} INFO - Started process (PID=2657) to work on /home/airflow/.local/lib/python3.12/site-packages/airflow/example_dags/tutorial.py
[2024-10-03T22:26:31.260+0000] {processor.py:914} INFO - Processing file /home/airflow/.local/lib/python3.12/site-packages/airflow/example_dags/tutorial.py for tasks to queue
[2024-10-03T22:26:31.263+0000] {logging_mixin.py:190} INFO - [2024-10-03T22:26:31.263+0000] {dagbag.py:587} INFO - Filling up the DagBag from /home/airflow/.local/lib/python3.12/site-packages/airflow/example_dags/tutorial.py
[2024-10-03T22:26:31.276+0000] {processor.py:925} INFO - DAG(s) 'tutorial' retrieved from /home/airflow/.local/lib/python3.12/site-packages/airflow/example_dags/tutorial.py
[2024-10-03T22:26:31.306+0000] {logging_mixin.py:190} INFO - [2024-10-03T22:26:31.305+0000] {dag.py:3229} INFO - Sync 1 DAGs
[2024-10-03T22:26:31.345+0000] {logging_mixin.py:190} INFO - [2024-10-03T22:26:31.345+0000] {dag.py:4156} INFO - Setting next_dagrun for tutorial to 2024-10-02 00:00:00+00:00, run_after=2024-10-03 00:00:00+00:00
[2024-10-03T22:26:31.388+0000] {processor.py:208} INFO - Processing /home/airflow/.local/lib/python3.12/site-packages/airflow/example_dags/tutorial.py took 0.139 seconds
[2024-10-03T22:27:01.533+0000] {processor.py:186} INFO - Started process (PID=2721) to work on /home/airflow/.local/lib/python3.12/site-packages/airflow/example_dags/tutorial.py
[2024-10-03T22:27:01.535+0000] {processor.py:914} INFO - Processing file /home/airflow/.local/lib/python3.12/site-packages/airflow/example_dags/tutorial.py for tasks to queue
[2024-10-03T22:27:01.539+0000] {logging_mixin.py:190} INFO - [2024-10-03T22:27:01.538+0000] {dagbag.py:587} INFO - Filling up the DagBag from /home/airflow/.local/lib/python3.12/site-packages/airflow/example_dags/tutorial.py
[2024-10-03T22:27:01.552+0000] {processor.py:925} INFO - DAG(s) 'tutorial' retrieved from /home/airflow/.local/lib/python3.12/site-packages/airflow/example_dags/tutorial.py
[2024-10-03T22:27:01.584+0000] {logging_mixin.py:190} INFO - [2024-10-03T22:27:01.584+0000] {dag.py:3229} INFO - Sync 1 DAGs
[2024-10-03T22:27:01.624+0000] {logging_mixin.py:190} INFO - [2024-10-03T22:27:01.624+0000] {dag.py:4156} INFO - Setting next_dagrun for tutorial to 2024-10-02 00:00:00+00:00, run_after=2024-10-03 00:00:00+00:00
[2024-10-03T22:27:01.666+0000] {processor.py:208} INFO - Processing /home/airflow/.local/lib/python3.12/site-packages/airflow/example_dags/tutorial.py took 0.142 seconds
[2024-10-03T22:27:32.328+0000] {processor.py:186} INFO - Started process (PID=2784) to work on /home/airflow/.local/lib/python3.12/site-packages/airflow/example_dags/tutorial.py
[2024-10-03T22:27:32.329+0000] {processor.py:914} INFO - Processing file /home/airflow/.local/lib/python3.12/site-packages/airflow/example_dags/tutorial.py for tasks to queue
[2024-10-03T22:27:32.334+0000] {logging_mixin.py:190} INFO - [2024-10-03T22:27:32.333+0000] {dagbag.py:587} INFO - Filling up the DagBag from /home/airflow/.local/lib/python3.12/site-packages/airflow/example_dags/tutorial.py
[2024-10-03T22:27:32.346+0000] {processor.py:925} INFO - DAG(s) 'tutorial' retrieved from /home/airflow/.local/lib/python3.12/site-packages/airflow/example_dags/tutorial.py
[2024-10-03T22:27:32.384+0000] {logging_mixin.py:190} INFO - [2024-10-03T22:27:32.383+0000] {dag.py:3229} INFO - Sync 1 DAGs
[2024-10-03T22:27:32.426+0000] {logging_mixin.py:190} INFO - [2024-10-03T22:27:32.425+0000] {dag.py:4156} INFO - Setting next_dagrun for tutorial to 2024-10-02 00:00:00+00:00, run_after=2024-10-03 00:00:00+00:00
[2024-10-03T22:27:32.469+0000] {processor.py:208} INFO - Processing /home/airflow/.local/lib/python3.12/site-packages/airflow/example_dags/tutorial.py took 0.147 seconds
[2024-10-03T22:28:03.006+0000] {processor.py:186} INFO - Started process (PID=2847) to work on /home/airflow/.local/lib/python3.12/site-packages/airflow/example_dags/tutorial.py
[2024-10-03T22:28:03.007+0000] {processor.py:914} INFO - Processing file /home/airflow/.local/lib/python3.12/site-packages/airflow/example_dags/tutorial.py for tasks to queue
[2024-10-03T22:28:03.014+0000] {logging_mixin.py:190} INFO - [2024-10-03T22:28:03.013+0000] {dagbag.py:587} INFO - Filling up the DagBag from /home/airflow/.local/lib/python3.12/site-packages/airflow/example_dags/tutorial.py
[2024-10-03T22:28:03.025+0000] {processor.py:925} INFO - DAG(s) 'tutorial' retrieved from /home/airflow/.local/lib/python3.12/site-packages/airflow/example_dags/tutorial.py
[2024-10-03T22:28:03.065+0000] {logging_mixin.py:190} INFO - [2024-10-03T22:28:03.065+0000] {dag.py:3229} INFO - Sync 1 DAGs
[2024-10-03T22:28:03.103+0000] {logging_mixin.py:190} INFO - [2024-10-03T22:28:03.103+0000] {dag.py:4156} INFO - Setting next_dagrun for tutorial to 2024-10-02 00:00:00+00:00, run_after=2024-10-03 00:00:00+00:00
[2024-10-03T22:28:03.144+0000] {processor.py:208} INFO - Processing /home/airflow/.local/lib/python3.12/site-packages/airflow/example_dags/tutorial.py took 0.145 seconds
[2024-10-03T22:28:33.312+0000] {processor.py:186} INFO - Started process (PID=2910) to work on /home/airflow/.local/lib/python3.12/site-packages/airflow/example_dags/tutorial.py
[2024-10-03T22:28:33.313+0000] {processor.py:914} INFO - Processing file /home/airflow/.local/lib/python3.12/site-packages/airflow/example_dags/tutorial.py for tasks to queue
[2024-10-03T22:28:33.316+0000] {logging_mixin.py:190} INFO - [2024-10-03T22:28:33.316+0000] {dagbag.py:587} INFO - Filling up the DagBag from /home/airflow/.local/lib/python3.12/site-packages/airflow/example_dags/tutorial.py
[2024-10-03T22:28:33.330+0000] {processor.py:925} INFO - DAG(s) 'tutorial' retrieved from /home/airflow/.local/lib/python3.12/site-packages/airflow/example_dags/tutorial.py
[2024-10-03T22:28:33.364+0000] {logging_mixin.py:190} INFO - [2024-10-03T22:28:33.364+0000] {dag.py:3229} INFO - Sync 1 DAGs
[2024-10-03T22:28:33.405+0000] {logging_mixin.py:190} INFO - [2024-10-03T22:28:33.405+0000] {dag.py:4156} INFO - Setting next_dagrun for tutorial to 2024-10-02 00:00:00+00:00, run_after=2024-10-03 00:00:00+00:00
[2024-10-03T22:28:33.439+0000] {processor.py:208} INFO - Processing /home/airflow/.local/lib/python3.12/site-packages/airflow/example_dags/tutorial.py took 0.137 seconds
[2024-10-03T22:29:04.095+0000] {processor.py:186} INFO - Started process (PID=2973) to work on /home/airflow/.local/lib/python3.12/site-packages/airflow/example_dags/tutorial.py
[2024-10-03T22:29:04.096+0000] {processor.py:914} INFO - Processing file /home/airflow/.local/lib/python3.12/site-packages/airflow/example_dags/tutorial.py for tasks to queue
[2024-10-03T22:29:04.101+0000] {logging_mixin.py:190} INFO - [2024-10-03T22:29:04.100+0000] {dagbag.py:587} INFO - Filling up the DagBag from /home/airflow/.local/lib/python3.12/site-packages/airflow/example_dags/tutorial.py
[2024-10-03T22:29:04.109+0000] {processor.py:925} INFO - DAG(s) 'tutorial' retrieved from /home/airflow/.local/lib/python3.12/site-packages/airflow/example_dags/tutorial.py
[2024-10-03T22:29:04.135+0000] {logging_mixin.py:190} INFO - [2024-10-03T22:29:04.134+0000] {dag.py:3229} INFO - Sync 1 DAGs
[2024-10-03T22:29:04.166+0000] {logging_mixin.py:190} INFO - [2024-10-03T22:29:04.165+0000] {dag.py:4156} INFO - Setting next_dagrun for tutorial to 2024-10-02 00:00:00+00:00, run_after=2024-10-03 00:00:00+00:00
[2024-10-03T22:29:04.191+0000] {processor.py:208} INFO - Processing /home/airflow/.local/lib/python3.12/site-packages/airflow/example_dags/tutorial.py took 0.104 seconds
[2024-10-03T22:29:34.722+0000] {processor.py:186} INFO - Started process (PID=3036) to work on /home/airflow/.local/lib/python3.12/site-packages/airflow/example_dags/tutorial.py
[2024-10-03T22:29:34.723+0000] {processor.py:914} INFO - Processing file /home/airflow/.local/lib/python3.12/site-packages/airflow/example_dags/tutorial.py for tasks to queue
[2024-10-03T22:29:34.726+0000] {logging_mixin.py:190} INFO - [2024-10-03T22:29:34.725+0000] {dagbag.py:587} INFO - Filling up the DagBag from /home/airflow/.local/lib/python3.12/site-packages/airflow/example_dags/tutorial.py
[2024-10-03T22:29:34.736+0000] {processor.py:925} INFO - DAG(s) 'tutorial' retrieved from /home/airflow/.local/lib/python3.12/site-packages/airflow/example_dags/tutorial.py
[2024-10-03T22:29:34.768+0000] {logging_mixin.py:190} INFO - [2024-10-03T22:29:34.767+0000] {dag.py:3229} INFO - Sync 1 DAGs
[2024-10-03T22:29:34.799+0000] {logging_mixin.py:190} INFO - [2024-10-03T22:29:34.798+0000] {dag.py:4156} INFO - Setting next_dagrun for tutorial to 2024-10-02 00:00:00+00:00, run_after=2024-10-03 00:00:00+00:00
[2024-10-03T22:29:34.828+0000] {processor.py:208} INFO - Processing /home/airflow/.local/lib/python3.12/site-packages/airflow/example_dags/tutorial.py took 0.115 seconds
[2024-10-03T22:30:05.056+0000] {processor.py:186} INFO - Started process (PID=3099) to work on /home/airflow/.local/lib/python3.12/site-packages/airflow/example_dags/tutorial.py
[2024-10-03T22:30:05.058+0000] {processor.py:914} INFO - Processing file /home/airflow/.local/lib/python3.12/site-packages/airflow/example_dags/tutorial.py for tasks to queue
[2024-10-03T22:30:05.061+0000] {logging_mixin.py:190} INFO - [2024-10-03T22:30:05.061+0000] {dagbag.py:587} INFO - Filling up the DagBag from /home/airflow/.local/lib/python3.12/site-packages/airflow/example_dags/tutorial.py
[2024-10-03T22:30:05.070+0000] {processor.py:925} INFO - DAG(s) 'tutorial' retrieved from /home/airflow/.local/lib/python3.12/site-packages/airflow/example_dags/tutorial.py
[2024-10-03T22:30:05.091+0000] {logging_mixin.py:190} INFO - [2024-10-03T22:30:05.091+0000] {dag.py:3229} INFO - Sync 1 DAGs
[2024-10-03T22:30:05.129+0000] {logging_mixin.py:190} INFO - [2024-10-03T22:30:05.129+0000] {dag.py:4156} INFO - Setting next_dagrun for tutorial to 2024-10-02 00:00:00+00:00, run_after=2024-10-03 00:00:00+00:00
[2024-10-03T22:30:05.168+0000] {processor.py:208} INFO - Processing /home/airflow/.local/lib/python3.12/site-packages/airflow/example_dags/tutorial.py took 0.120 seconds
[2024-10-03T22:30:35.506+0000] {processor.py:186} INFO - Started process (PID=3162) to work on /home/airflow/.local/lib/python3.12/site-packages/airflow/example_dags/tutorial.py
[2024-10-03T22:30:35.507+0000] {processor.py:914} INFO - Processing file /home/airflow/.local/lib/python3.12/site-packages/airflow/example_dags/tutorial.py for tasks to queue
[2024-10-03T22:30:35.510+0000] {logging_mixin.py:190} INFO - [2024-10-03T22:30:35.510+0000] {dagbag.py:587} INFO - Filling up the DagBag from /home/airflow/.local/lib/python3.12/site-packages/airflow/example_dags/tutorial.py
[2024-10-03T22:30:35.520+0000] {processor.py:925} INFO - DAG(s) 'tutorial' retrieved from /home/airflow/.local/lib/python3.12/site-packages/airflow/example_dags/tutorial.py
[2024-10-03T22:30:35.544+0000] {logging_mixin.py:190} INFO - [2024-10-03T22:30:35.544+0000] {dag.py:3229} INFO - Sync 1 DAGs
[2024-10-03T22:30:35.572+0000] {logging_mixin.py:190} INFO - [2024-10-03T22:30:35.572+0000] {dag.py:4156} INFO - Setting next_dagrun for tutorial to 2024-10-02 00:00:00+00:00, run_after=2024-10-03 00:00:00+00:00
[2024-10-03T22:30:35.595+0000] {processor.py:208} INFO - Processing /home/airflow/.local/lib/python3.12/site-packages/airflow/example_dags/tutorial.py took 0.097 seconds
[2024-10-03T22:31:06.329+0000] {processor.py:186} INFO - Started process (PID=3224) to work on /home/airflow/.local/lib/python3.12/site-packages/airflow/example_dags/tutorial.py
[2024-10-03T22:31:06.330+0000] {processor.py:914} INFO - Processing file /home/airflow/.local/lib/python3.12/site-packages/airflow/example_dags/tutorial.py for tasks to queue
[2024-10-03T22:31:06.333+0000] {logging_mixin.py:190} INFO - [2024-10-03T22:31:06.332+0000] {dagbag.py:587} INFO - Filling up the DagBag from /home/airflow/.local/lib/python3.12/site-packages/airflow/example_dags/tutorial.py
[2024-10-03T22:31:06.341+0000] {processor.py:925} INFO - DAG(s) 'tutorial' retrieved from /home/airflow/.local/lib/python3.12/site-packages/airflow/example_dags/tutorial.py
[2024-10-03T22:31:06.521+0000] {logging_mixin.py:190} INFO - [2024-10-03T22:31:06.520+0000] {dag.py:3229} INFO - Sync 1 DAGs
[2024-10-03T22:31:06.545+0000] {logging_mixin.py:190} INFO - [2024-10-03T22:31:06.545+0000] {dag.py:4156} INFO - Setting next_dagrun for tutorial to 2024-10-02 00:00:00+00:00, run_after=2024-10-03 00:00:00+00:00
[2024-10-03T22:31:06.586+0000] {processor.py:208} INFO - Processing /home/airflow/.local/lib/python3.12/site-packages/airflow/example_dags/tutorial.py took 0.264 seconds
[2024-10-03T22:31:36.678+0000] {processor.py:186} INFO - Started process (PID=3287) to work on /home/airflow/.local/lib/python3.12/site-packages/airflow/example_dags/tutorial.py
[2024-10-03T22:31:36.679+0000] {processor.py:914} INFO - Processing file /home/airflow/.local/lib/python3.12/site-packages/airflow/example_dags/tutorial.py for tasks to queue
[2024-10-03T22:31:36.682+0000] {logging_mixin.py:190} INFO - [2024-10-03T22:31:36.682+0000] {dagbag.py:587} INFO - Filling up the DagBag from /home/airflow/.local/lib/python3.12/site-packages/airflow/example_dags/tutorial.py
[2024-10-03T22:31:36.691+0000] {processor.py:925} INFO - DAG(s) 'tutorial' retrieved from /home/airflow/.local/lib/python3.12/site-packages/airflow/example_dags/tutorial.py
[2024-10-03T22:31:36.714+0000] {logging_mixin.py:190} INFO - [2024-10-03T22:31:36.714+0000] {dag.py:3229} INFO - Sync 1 DAGs
[2024-10-03T22:31:36.748+0000] {logging_mixin.py:190} INFO - [2024-10-03T22:31:36.748+0000] {dag.py:4156} INFO - Setting next_dagrun for tutorial to 2024-10-02 00:00:00+00:00, run_after=2024-10-03 00:00:00+00:00
[2024-10-03T22:31:36.772+0000] {processor.py:208} INFO - Processing /home/airflow/.local/lib/python3.12/site-packages/airflow/example_dags/tutorial.py took 0.102 seconds
[2024-10-03T22:32:07.446+0000] {processor.py:186} INFO - Started process (PID=3350) to work on /home/airflow/.local/lib/python3.12/site-packages/airflow/example_dags/tutorial.py
[2024-10-03T22:32:07.448+0000] {processor.py:914} INFO - Processing file /home/airflow/.local/lib/python3.12/site-packages/airflow/example_dags/tutorial.py for tasks to queue
[2024-10-03T22:32:07.451+0000] {logging_mixin.py:190} INFO - [2024-10-03T22:32:07.450+0000] {dagbag.py:587} INFO - Filling up the DagBag from /home/airflow/.local/lib/python3.12/site-packages/airflow/example_dags/tutorial.py
[2024-10-03T22:32:07.462+0000] {processor.py:925} INFO - DAG(s) 'tutorial' retrieved from /home/airflow/.local/lib/python3.12/site-packages/airflow/example_dags/tutorial.py
[2024-10-03T22:32:07.491+0000] {logging_mixin.py:190} INFO - [2024-10-03T22:32:07.490+0000] {dag.py:3229} INFO - Sync 1 DAGs
[2024-10-03T22:32:07.527+0000] {logging_mixin.py:190} INFO - [2024-10-03T22:32:07.526+0000] {dag.py:4156} INFO - Setting next_dagrun for tutorial to 2024-10-02 00:00:00+00:00, run_after=2024-10-03 00:00:00+00:00
[2024-10-03T22:32:07.566+0000] {processor.py:208} INFO - Processing /home/airflow/.local/lib/python3.12/site-packages/airflow/example_dags/tutorial.py took 0.131 seconds
[2024-10-03T22:32:38.014+0000] {processor.py:186} INFO - Started process (PID=3413) to work on /home/airflow/.local/lib/python3.12/site-packages/airflow/example_dags/tutorial.py
[2024-10-03T22:32:38.017+0000] {processor.py:914} INFO - Processing file /home/airflow/.local/lib/python3.12/site-packages/airflow/example_dags/tutorial.py for tasks to queue
[2024-10-03T22:32:38.021+0000] {logging_mixin.py:190} INFO - [2024-10-03T22:32:38.021+0000] {dagbag.py:587} INFO - Filling up the DagBag from /home/airflow/.local/lib/python3.12/site-packages/airflow/example_dags/tutorial.py
[2024-10-03T22:32:38.042+0000] {processor.py:925} INFO - DAG(s) 'tutorial' retrieved from /home/airflow/.local/lib/python3.12/site-packages/airflow/example_dags/tutorial.py
[2024-10-03T22:32:38.088+0000] {logging_mixin.py:190} INFO - [2024-10-03T22:32:38.087+0000] {dag.py:3229} INFO - Sync 1 DAGs
[2024-10-03T22:32:38.165+0000] {logging_mixin.py:190} INFO - [2024-10-03T22:32:38.164+0000] {dag.py:4156} INFO - Setting next_dagrun for tutorial to 2024-10-02 00:00:00+00:00, run_after=2024-10-03 00:00:00+00:00
[2024-10-03T22:32:38.241+0000] {processor.py:208} INFO - Processing /home/airflow/.local/lib/python3.12/site-packages/airflow/example_dags/tutorial.py took 0.240 seconds
[2024-10-03T22:33:08.967+0000] {processor.py:186} INFO - Started process (PID=3476) to work on /home/airflow/.local/lib/python3.12/site-packages/airflow/example_dags/tutorial.py
[2024-10-03T22:33:08.968+0000] {processor.py:914} INFO - Processing file /home/airflow/.local/lib/python3.12/site-packages/airflow/example_dags/tutorial.py for tasks to queue
[2024-10-03T22:33:08.972+0000] {logging_mixin.py:190} INFO - [2024-10-03T22:33:08.971+0000] {dagbag.py:587} INFO - Filling up the DagBag from /home/airflow/.local/lib/python3.12/site-packages/airflow/example_dags/tutorial.py
[2024-10-03T22:33:08.983+0000] {processor.py:925} INFO - DAG(s) 'tutorial' retrieved from /home/airflow/.local/lib/python3.12/site-packages/airflow/example_dags/tutorial.py
[2024-10-03T22:33:09.013+0000] {logging_mixin.py:190} INFO - [2024-10-03T22:33:09.013+0000] {dag.py:3229} INFO - Sync 1 DAGs
[2024-10-03T22:33:09.061+0000] {logging_mixin.py:190} INFO - [2024-10-03T22:33:09.060+0000] {dag.py:4156} INFO - Setting next_dagrun for tutorial to 2024-10-02 00:00:00+00:00, run_after=2024-10-03 00:00:00+00:00
[2024-10-03T22:33:09.099+0000] {processor.py:208} INFO - Processing /home/airflow/.local/lib/python3.12/site-packages/airflow/example_dags/tutorial.py took 0.141 seconds
[2024-10-03T22:33:39.309+0000] {processor.py:186} INFO - Started process (PID=3539) to work on /home/airflow/.local/lib/python3.12/site-packages/airflow/example_dags/tutorial.py
[2024-10-03T22:33:39.310+0000] {processor.py:914} INFO - Processing file /home/airflow/.local/lib/python3.12/site-packages/airflow/example_dags/tutorial.py for tasks to queue
[2024-10-03T22:33:39.313+0000] {logging_mixin.py:190} INFO - [2024-10-03T22:33:39.312+0000] {dagbag.py:587} INFO - Filling up the DagBag from /home/airflow/.local/lib/python3.12/site-packages/airflow/example_dags/tutorial.py
[2024-10-03T22:33:39.322+0000] {processor.py:925} INFO - DAG(s) 'tutorial' retrieved from /home/airflow/.local/lib/python3.12/site-packages/airflow/example_dags/tutorial.py
[2024-10-03T22:33:39.345+0000] {logging_mixin.py:190} INFO - [2024-10-03T22:33:39.344+0000] {dag.py:3229} INFO - Sync 1 DAGs
[2024-10-03T22:33:39.385+0000] {logging_mixin.py:190} INFO - [2024-10-03T22:33:39.385+0000] {dag.py:4156} INFO - Setting next_dagrun for tutorial to 2024-10-02 00:00:00+00:00, run_after=2024-10-03 00:00:00+00:00
[2024-10-03T22:33:39.419+0000] {processor.py:208} INFO - Processing /home/airflow/.local/lib/python3.12/site-packages/airflow/example_dags/tutorial.py took 0.117 seconds
[2024-10-03T22:34:09.632+0000] {processor.py:186} INFO - Started process (PID=3602) to work on /home/airflow/.local/lib/python3.12/site-packages/airflow/example_dags/tutorial.py
[2024-10-03T22:34:09.633+0000] {processor.py:914} INFO - Processing file /home/airflow/.local/lib/python3.12/site-packages/airflow/example_dags/tutorial.py for tasks to queue
[2024-10-03T22:34:09.635+0000] {logging_mixin.py:190} INFO - [2024-10-03T22:34:09.635+0000] {dagbag.py:587} INFO - Filling up the DagBag from /home/airflow/.local/lib/python3.12/site-packages/airflow/example_dags/tutorial.py
[2024-10-03T22:34:09.645+0000] {processor.py:925} INFO - DAG(s) 'tutorial' retrieved from /home/airflow/.local/lib/python3.12/site-packages/airflow/example_dags/tutorial.py
[2024-10-03T22:34:09.670+0000] {logging_mixin.py:190} INFO - [2024-10-03T22:34:09.670+0000] {dag.py:3229} INFO - Sync 1 DAGs
[2024-10-03T22:34:09.698+0000] {logging_mixin.py:190} INFO - [2024-10-03T22:34:09.697+0000] {dag.py:4156} INFO - Setting next_dagrun for tutorial to 2024-10-02 00:00:00+00:00, run_after=2024-10-03 00:00:00+00:00
[2024-10-03T22:34:09.719+0000] {processor.py:208} INFO - Processing /home/airflow/.local/lib/python3.12/site-packages/airflow/example_dags/tutorial.py took 0.094 seconds
[2024-10-03T22:34:40.645+0000] {processor.py:186} INFO - Started process (PID=3665) to work on /home/airflow/.local/lib/python3.12/site-packages/airflow/example_dags/tutorial.py
[2024-10-03T22:34:40.646+0000] {processor.py:914} INFO - Processing file /home/airflow/.local/lib/python3.12/site-packages/airflow/example_dags/tutorial.py for tasks to queue
[2024-10-03T22:34:40.649+0000] {logging_mixin.py:190} INFO - [2024-10-03T22:34:40.648+0000] {dagbag.py:587} INFO - Filling up the DagBag from /home/airflow/.local/lib/python3.12/site-packages/airflow/example_dags/tutorial.py
[2024-10-03T22:34:40.661+0000] {processor.py:925} INFO - DAG(s) 'tutorial' retrieved from /home/airflow/.local/lib/python3.12/site-packages/airflow/example_dags/tutorial.py
[2024-10-03T22:34:40.714+0000] {logging_mixin.py:190} INFO - [2024-10-03T22:34:40.714+0000] {dag.py:3229} INFO - Sync 1 DAGs
[2024-10-03T22:34:40.761+0000] {logging_mixin.py:190} INFO - [2024-10-03T22:34:40.761+0000] {dag.py:4156} INFO - Setting next_dagrun for tutorial to 2024-10-02 00:00:00+00:00, run_after=2024-10-03 00:00:00+00:00
[2024-10-03T22:34:40.808+0000] {processor.py:208} INFO - Processing /home/airflow/.local/lib/python3.12/site-packages/airflow/example_dags/tutorial.py took 0.171 seconds
[2024-10-03T22:35:11.725+0000] {processor.py:186} INFO - Started process (PID=3728) to work on /home/airflow/.local/lib/python3.12/site-packages/airflow/example_dags/tutorial.py
[2024-10-03T22:35:11.726+0000] {processor.py:914} INFO - Processing file /home/airflow/.local/lib/python3.12/site-packages/airflow/example_dags/tutorial.py for tasks to queue
[2024-10-03T22:35:11.729+0000] {logging_mixin.py:190} INFO - [2024-10-03T22:35:11.728+0000] {dagbag.py:587} INFO - Filling up the DagBag from /home/airflow/.local/lib/python3.12/site-packages/airflow/example_dags/tutorial.py
[2024-10-03T22:35:11.740+0000] {processor.py:925} INFO - DAG(s) 'tutorial' retrieved from /home/airflow/.local/lib/python3.12/site-packages/airflow/example_dags/tutorial.py
[2024-10-03T22:35:11.769+0000] {logging_mixin.py:190} INFO - [2024-10-03T22:35:11.768+0000] {dag.py:3229} INFO - Sync 1 DAGs
[2024-10-03T22:35:11.810+0000] {logging_mixin.py:190} INFO - [2024-10-03T22:35:11.809+0000] {dag.py:4156} INFO - Setting next_dagrun for tutorial to 2024-10-02 00:00:00+00:00, run_after=2024-10-03 00:00:00+00:00
[2024-10-03T22:35:11.838+0000] {processor.py:208} INFO - Processing /home/airflow/.local/lib/python3.12/site-packages/airflow/example_dags/tutorial.py took 0.122 seconds
