[2024-10-19T21:18:28.162+0000] {local_task_job_runner.py:123} INFO - ::group::Pre task execution logs
[2024-10-19T21:18:28.496+0000] {taskinstance.py:2612} INFO - Dependencies all met for dep_context=non-requeueable deps ti=<TaskInstance: capstone.get_data scheduled__2024-10-19T17:00:00+00:00 [queued]>
[2024-10-19T21:18:28.729+0000] {taskinstance.py:2612} INFO - Dependencies all met for dep_context=requeueable deps ti=<TaskInstance: capstone.get_data scheduled__2024-10-19T17:00:00+00:00 [queued]>
[2024-10-19T21:18:28.731+0000] {taskinstance.py:2865} INFO - Starting attempt 1 of 1
[2024-10-19T21:18:29.034+0000] {taskinstance.py:2888} INFO - Executing <Task(PythonOperator): get_data> on 2024-10-19 17:00:00+00:00
[2024-10-19T21:18:29.266+0000] {standard_task_runner.py:104} INFO - Running: ['***', 'tasks', 'run', 'capstone', 'get_data', 'scheduled__2024-10-19T17:00:00+00:00', '--job-id', '112', '--raw', '--subdir', 'DAGS_FOLDER/rockets/capstone.py', '--cfg-path', '/tmp/tmpcyswbqxf']
[2024-10-19T21:18:29.284+0000] {standard_task_runner.py:105} INFO - Job 112: Subtask get_data
[2024-10-19T21:18:29.261+0000] {warnings.py:112} WARNING - /home/***/.local/lib/python3.12/site-packages/***/task/task_runner/standard_task_runner.py:70: DeprecationWarning: This process (pid=2941) is multi-threaded, use of fork() may lead to deadlocks in the child.
  pid = os.fork()

[2024-10-19T21:18:29.299+0000] {standard_task_runner.py:72} INFO - Started process 2960 to run task
[2024-10-19T21:18:31.767+0000] {task_command.py:467} INFO - Running <TaskInstance: capstone.get_data scheduled__2024-10-19T17:00:00+00:00 [running]> on host 30318035dc43
[2024-10-19T21:18:36.169+0000] {taskinstance.py:3131} INFO - Exporting env vars: AIRFLOW_CTX_DAG_OWNER='***' AIRFLOW_CTX_DAG_ID='capstone' AIRFLOW_CTX_TASK_ID='get_data' AIRFLOW_CTX_EXECUTION_DATE='2024-10-19T17:00:00+00:00' AIRFLOW_CTX_TRY_NUMBER='1' AIRFLOW_CTX_DAG_RUN_ID='scheduled__2024-10-19T17:00:00+00:00'
[2024-10-19T21:18:36.173+0000] {logging_mixin.py:190} INFO - Task instance is in running state
[2024-10-19T21:18:36.174+0000] {logging_mixin.py:190} INFO -  Previous state of the Task instance: queued
[2024-10-19T21:18:36.175+0000] {logging_mixin.py:190} INFO - Current task name:get_data state:running start_date:2024-10-19 21:18:28.514092+00:00
[2024-10-19T21:18:36.206+0000] {logging_mixin.py:190} INFO - Dag name:capstone and current dag run status:running
[2024-10-19T21:18:36.210+0000] {taskinstance.py:731} INFO - ::endgroup::
[2024-10-19T21:23:38.608+0000] {python.py:240} INFO - Done. Returned value was: None
[2024-10-19T21:23:38.640+0000] {taskinstance.py:340} INFO - ::group::Post task execution logs
[2024-10-19T21:23:38.642+0000] {taskinstance.py:352} INFO - Marking task as SUCCESS. dag_id=capstone, task_id=get_data, run_id=scheduled__2024-10-19T17:00:00+00:00, execution_date=20241019T170000, start_date=20241019T211828, end_date=20241019T212338
[2024-10-19T21:23:38.671+0000] {logging_mixin.py:190} INFO - Task instance in success state
[2024-10-19T21:23:38.675+0000] {logging_mixin.py:190} INFO -  Previous state of the Task instance: running
[2024-10-19T21:23:38.677+0000] {logging_mixin.py:190} INFO - Dag name:capstone queued_at:2024-10-19 21:18:08.631162+00:00
[2024-10-19T21:23:38.678+0000] {logging_mixin.py:190} INFO - Task hostname:30318035dc43 operator:PythonOperator
[2024-10-19T21:23:38.729+0000] {local_task_job_runner.py:266} INFO - Task exited with return code 0
[2024-10-19T21:23:38.752+0000] {warnings.py:112} WARNING - /home/***/.local/lib/python3.12/site-packages/***/models/baseoperator.py:1378: AirflowProviderDeprecationWarning: Call to deprecated class PostgresOperator. (Please use `***.providers.common.sql.operators.sql.SQLExecuteQueryOperator`.Also, you can provide `hook_params={'schema': <database>}`.)
  result = cls.__new__(cls)

[2024-10-19T21:23:38.803+0000] {taskinstance.py:3900} INFO - 1 downstream tasks scheduled from follow-on schedule check
[2024-10-19T21:23:38.806+0000] {local_task_job_runner.py:245} INFO - ::endgroup::
