[2024-10-04T20:08:36.412+0000] {local_task_job_runner.py:123} INFO - ::group::Pre task execution logs
[2024-10-04T20:08:36.473+0000] {taskinstance.py:2612} INFO - Dependencies all met for dep_context=non-requeueable deps ti=<TaskInstance: rocket.notify manual__2024-10-04T20:07:51.097696+00:00 [queued]>
[2024-10-04T20:08:36.494+0000] {taskinstance.py:2612} INFO - Dependencies all met for dep_context=requeueable deps ti=<TaskInstance: rocket.notify manual__2024-10-04T20:07:51.097696+00:00 [queued]>
[2024-10-04T20:08:36.495+0000] {taskinstance.py:2865} INFO - Starting attempt 1 of 1
[2024-10-04T20:08:36.542+0000] {taskinstance.py:2888} INFO - Executing <Task(BashOperator): notify> on 2024-10-04 20:07:51.097696+00:00
[2024-10-04T20:08:36.562+0000] {warnings.py:112} WARNING - /home/***/.local/lib/python3.12/site-packages/***/task/task_runner/standard_task_runner.py:70: DeprecationWarning: This process (pid=1186) is multi-threaded, use of fork() may lead to deadlocks in the child.
  pid = os.fork()

[2024-10-04T20:08:36.566+0000] {standard_task_runner.py:72} INFO - Started process 1188 to run task
[2024-10-04T20:08:36.578+0000] {standard_task_runner.py:104} INFO - Running: ['***', 'tasks', 'run', 'rocket', 'notify', 'manual__2024-10-04T20:07:51.097696+00:00', '--job-id', '16', '--raw', '--subdir', 'DAGS_FOLDER/rockets/rockets.py', '--cfg-path', '/tmp/tmpc1yztl66']
[2024-10-04T20:08:36.582+0000] {standard_task_runner.py:105} INFO - Job 16: Subtask notify
[2024-10-04T20:08:36.699+0000] {task_command.py:467} INFO - Running <TaskInstance: rocket.notify manual__2024-10-04T20:07:51.097696+00:00 [running]> on host 30318035dc43
[2024-10-04T20:08:36.980+0000] {taskinstance.py:3131} INFO - Exporting env vars: AIRFLOW_CTX_DAG_OWNER='***' AIRFLOW_CTX_DAG_ID='rocket' AIRFLOW_CTX_TASK_ID='notify' AIRFLOW_CTX_EXECUTION_DATE='2024-10-04T20:07:51.097696+00:00' AIRFLOW_CTX_TRY_NUMBER='1' AIRFLOW_CTX_DAG_RUN_ID='manual__2024-10-04T20:07:51.097696+00:00'
[2024-10-04T20:08:36.983+0000] {logging_mixin.py:190} INFO - Task instance is in running state
[2024-10-04T20:08:36.984+0000] {logging_mixin.py:190} INFO -  Previous state of the Task instance: queued
[2024-10-04T20:08:36.986+0000] {logging_mixin.py:190} INFO - Current task name:notify state:running start_date:2024-10-04 20:08:36.474725+00:00
[2024-10-04T20:08:36.987+0000] {logging_mixin.py:190} INFO - Dag name:rocket and current dag run status:running
[2024-10-04T20:08:36.988+0000] {taskinstance.py:731} INFO - ::endgroup::
[2024-10-04T20:08:36.990+0000] {subprocess.py:63} INFO - Tmp dir root location: /tmp
[2024-10-04T20:08:36.992+0000] {subprocess.py:75} INFO - Running command: ['/usr/bin/bash', '-c', 'echo "There are now $(ls /opt/***/dags/rockets/images/ | wc -1) image"']
[2024-10-04T20:08:37.021+0000] {subprocess.py:86} INFO - Output:
[2024-10-04T20:08:37.030+0000] {subprocess.py:93} INFO - wc: invalid option -- '1'
[2024-10-04T20:08:37.031+0000] {subprocess.py:93} INFO - Try 'wc --help' for more information.
[2024-10-04T20:08:37.043+0000] {subprocess.py:93} INFO - There are now  image
[2024-10-04T20:08:37.044+0000] {subprocess.py:97} INFO - Command exited with return code 0
[2024-10-04T20:08:37.085+0000] {taskinstance.py:340} INFO - ::group::Post task execution logs
[2024-10-04T20:08:37.086+0000] {taskinstance.py:352} INFO - Marking task as SUCCESS. dag_id=rocket, task_id=notify, run_id=manual__2024-10-04T20:07:51.097696+00:00, execution_date=20241004T200751, start_date=20241004T200836, end_date=20241004T200837
[2024-10-04T20:08:37.103+0000] {logging_mixin.py:190} INFO - Task instance in success state
[2024-10-04T20:08:37.104+0000] {logging_mixin.py:190} INFO -  Previous state of the Task instance: running
[2024-10-04T20:08:37.105+0000] {logging_mixin.py:190} INFO - Dag name:rocket queued_at:2024-10-04 20:07:51.144451+00:00
[2024-10-04T20:08:37.105+0000] {logging_mixin.py:190} INFO - Task hostname:30318035dc43 operator:BashOperator
[2024-10-04T20:08:37.160+0000] {local_task_job_runner.py:266} INFO - Task exited with return code 0
[2024-10-04T20:08:37.192+0000] {taskinstance.py:3900} INFO - 0 downstream tasks scheduled from follow-on schedule check
[2024-10-04T20:08:37.197+0000] {local_task_job_runner.py:245} INFO - ::endgroup::
