[2024-10-04T20:08:07.582+0000] {local_task_job_runner.py:123} INFO - ::group::Pre task execution logs
[2024-10-04T20:08:07.614+0000] {taskinstance.py:2612} INFO - Dependencies all met for dep_context=non-requeueable deps ti=<TaskInstance: rocket.get_pictures manual__2024-10-04T20:07:51.097696+00:00 [queued]>
[2024-10-04T20:08:07.636+0000] {taskinstance.py:2612} INFO - Dependencies all met for dep_context=requeueable deps ti=<TaskInstance: rocket.get_pictures manual__2024-10-04T20:07:51.097696+00:00 [queued]>
[2024-10-04T20:08:07.637+0000] {taskinstance.py:2865} INFO - Starting attempt 1 of 1
[2024-10-04T20:08:07.693+0000] {taskinstance.py:2888} INFO - Executing <Task(PythonOperator): get_pictures> on 2024-10-04 20:07:51.097696+00:00
[2024-10-04T20:08:07.704+0000] {warnings.py:112} WARNING - /home/***/.local/lib/python3.12/site-packages/***/task/task_runner/standard_task_runner.py:70: DeprecationWarning: This process (pid=1175) is multi-threaded, use of fork() may lead to deadlocks in the child.
  pid = os.fork()

[2024-10-04T20:08:07.708+0000] {standard_task_runner.py:72} INFO - Started process 1184 to run task
[2024-10-04T20:08:07.714+0000] {standard_task_runner.py:104} INFO - Running: ['***', 'tasks', 'run', 'rocket', 'get_pictures', 'manual__2024-10-04T20:07:51.097696+00:00', '--job-id', '15', '--raw', '--subdir', 'DAGS_FOLDER/rockets/rockets.py', '--cfg-path', '/tmp/tmpo8v3mi2j']
[2024-10-04T20:08:07.716+0000] {standard_task_runner.py:105} INFO - Job 15: Subtask get_pictures
[2024-10-04T20:08:07.836+0000] {task_command.py:467} INFO - Running <TaskInstance: rocket.get_pictures manual__2024-10-04T20:07:51.097696+00:00 [running]> on host 30318035dc43
[2024-10-04T20:08:08.083+0000] {taskinstance.py:3131} INFO - Exporting env vars: AIRFLOW_CTX_DAG_OWNER='***' AIRFLOW_CTX_DAG_ID='rocket' AIRFLOW_CTX_TASK_ID='get_pictures' AIRFLOW_CTX_EXECUTION_DATE='2024-10-04T20:07:51.097696+00:00' AIRFLOW_CTX_TRY_NUMBER='1' AIRFLOW_CTX_DAG_RUN_ID='manual__2024-10-04T20:07:51.097696+00:00'
[2024-10-04T20:08:08.085+0000] {logging_mixin.py:190} INFO - Task instance is in running state
[2024-10-04T20:08:08.086+0000] {logging_mixin.py:190} INFO -  Previous state of the Task instance: queued
[2024-10-04T20:08:08.091+0000] {logging_mixin.py:190} INFO - Current task name:get_pictures state:running start_date:2024-10-04 20:08:07.615202+00:00
[2024-10-04T20:08:08.092+0000] {logging_mixin.py:190} INFO - Dag name:rocket and current dag run status:running
[2024-10-04T20:08:08.093+0000] {taskinstance.py:731} INFO - ::endgroup::
[2024-10-04T20:08:09.843+0000] {logging_mixin.py:190} INFO - Download https://thespacedevs-prod.nyc3.digitaloceanspaces.com/media/images/vulcan_image_20240107162928.jpeg to /opt/***/dags/rockets/images/vulcan_image_20240107162928.jpeg
[2024-10-04T20:08:11.523+0000] {logging_mixin.py:190} INFO - Download https://thespacedevs-prod.nyc3.digitaloceanspaces.com/media/images/falcon_9_image_20230807133459.jpeg to /opt/***/dags/rockets/images/falcon_9_image_20230807133459.jpeg
[2024-10-04T20:08:13.110+0000] {logging_mixin.py:190} INFO - Download https://thespacedevs-prod.nyc3.digitaloceanspaces.com/media/images/new_shepard_lif_image_20240621062033.jpeg to /opt/***/dags/rockets/images/new_shepard_lif_image_20240621062033.jpeg
[2024-10-04T20:08:14.532+0000] {logging_mixin.py:190} INFO - Download https://thespacedevs-prod.nyc3.digitaloceanspaces.com/media/images/falcon2520925_image_20240101100955.jpeg to /opt/***/dags/rockets/images/falcon2520925_image_20240101100955.jpeg
[2024-10-04T20:08:15.957+0000] {logging_mixin.py:190} INFO - Download https://thespacedevs-prod.nyc3.digitaloceanspaces.com/media/images/falcon_heavy_image_20220129192819.jpeg to /opt/***/dags/rockets/images/falcon_heavy_image_20220129192819.jpeg
[2024-10-04T20:08:22.477+0000] {logging_mixin.py:190} INFO - Download https://thespacedevs-prod.nyc3.digitaloceanspaces.com/media/images/h3-22_image_20230307130808.jpeg to /opt/***/dags/rockets/images/h3-22_image_20230307130808.jpeg
[2024-10-04T20:08:23.825+0000] {logging_mixin.py:190} INFO - Download https://thespacedevs-prod.nyc3.digitaloceanspaces.com/media/images/falcon2520925_image_20210520085648.jpeg to /opt/***/dags/rockets/images/falcon2520925_image_20210520085648.jpeg
[2024-10-04T20:08:25.084+0000] {logging_mixin.py:190} INFO - Download https://thespacedevs-prod.nyc3.digitaloceanspaces.com/media/images/long_march_2_image_20210908195835.jpeg to /opt/***/dags/rockets/images/long_march_2_image_20210908195835.jpeg
[2024-10-04T20:08:27.527+0000] {logging_mixin.py:190} INFO - Download https://thespacedevs-prod.nyc3.digitaloceanspaces.com/media/images/ceres-1_image_20230722081939.jpeg to /opt/***/dags/rockets/images/ceres-1_image_20230722081939.jpeg
[2024-10-04T20:08:31.328+0000] {logging_mixin.py:190} INFO - Download https://thespacedevs-prod.nyc3.digitaloceanspaces.com/media/images/falcon2520925_image_20221009234147.png to /opt/***/dags/rockets/images/falcon2520925_image_20221009234147.png
[2024-10-04T20:08:31.345+0000] {python.py:240} INFO - Done. Returned value was: None
[2024-10-04T20:08:31.414+0000] {taskinstance.py:340} INFO - ::group::Post task execution logs
[2024-10-04T20:08:31.415+0000] {taskinstance.py:352} INFO - Marking task as SUCCESS. dag_id=rocket, task_id=get_pictures, run_id=manual__2024-10-04T20:07:51.097696+00:00, execution_date=20241004T200751, start_date=20241004T200807, end_date=20241004T200831
[2024-10-04T20:08:31.465+0000] {logging_mixin.py:190} INFO - Task instance in success state
[2024-10-04T20:08:31.467+0000] {logging_mixin.py:190} INFO -  Previous state of the Task instance: running
[2024-10-04T20:08:31.469+0000] {logging_mixin.py:190} INFO - Dag name:rocket queued_at:2024-10-04 20:07:51.144451+00:00
[2024-10-04T20:08:31.471+0000] {logging_mixin.py:190} INFO - Task hostname:30318035dc43 operator:PythonOperator
[2024-10-04T20:08:31.524+0000] {local_task_job_runner.py:266} INFO - Task exited with return code 0
[2024-10-04T20:08:31.581+0000] {taskinstance.py:3900} INFO - 1 downstream tasks scheduled from follow-on schedule check
[2024-10-04T20:08:31.591+0000] {local_task_job_runner.py:245} INFO - ::endgroup::
