[2024-10-19T20:18:36.044+0000] {local_task_job_runner.py:123} INFO - ::group::Pre task execution logs
[2024-10-19T20:18:36.195+0000] {taskinstance.py:2612} INFO - Dependencies all met for dep_context=non-requeueable deps ti=<TaskInstance: stocksense.get_data scheduled__2024-10-18T09:00:00+00:00 [queued]>
[2024-10-19T20:18:36.404+0000] {taskinstance.py:2612} INFO - Dependencies all met for dep_context=requeueable deps ti=<TaskInstance: stocksense.get_data scheduled__2024-10-18T09:00:00+00:00 [queued]>
[2024-10-19T20:18:36.424+0000] {taskinstance.py:2865} INFO - Starting attempt 1 of 1
[2024-10-19T20:18:36.775+0000] {taskinstance.py:2888} INFO - Executing <Task(PythonOperator): get_data> on 2024-10-18 09:00:00+00:00
[2024-10-19T20:18:36.838+0000] {warnings.py:112} WARNING - /home/***/.local/lib/python3.12/site-packages/***/task/task_runner/standard_task_runner.py:70: DeprecationWarning: This process (pid=1904) is multi-threaded, use of fork() may lead to deadlocks in the child.
  pid = os.fork()

[2024-10-19T20:18:36.856+0000] {standard_task_runner.py:72} INFO - Started process 1930 to run task
[2024-10-19T20:18:36.967+0000] {standard_task_runner.py:104} INFO - Running: ['***', 'tasks', 'run', 'stocksense', 'get_data', 'scheduled__2024-10-18T09:00:00+00:00', '--job-id', '26', '--raw', '--subdir', 'DAGS_FOLDER/rockets/capstone_project.py', '--cfg-path', '/tmp/tmpzo9iwjpr']
[2024-10-19T20:18:37.011+0000] {standard_task_runner.py:105} INFO - Job 26: Subtask get_data
[2024-10-19T20:18:38.378+0000] {task_command.py:467} INFO - Running <TaskInstance: stocksense.get_data scheduled__2024-10-18T09:00:00+00:00 [running]> on host 30318035dc43
[2024-10-19T20:18:39.896+0000] {taskinstance.py:3131} INFO - Exporting env vars: AIRFLOW_CTX_DAG_OWNER='***' AIRFLOW_CTX_DAG_ID='stocksense' AIRFLOW_CTX_TASK_ID='get_data' AIRFLOW_CTX_EXECUTION_DATE='2024-10-18T09:00:00+00:00' AIRFLOW_CTX_TRY_NUMBER='1' AIRFLOW_CTX_DAG_RUN_ID='scheduled__2024-10-18T09:00:00+00:00'
[2024-10-19T20:18:39.919+0000] {logging_mixin.py:190} INFO - Task instance is in running state
[2024-10-19T20:18:39.928+0000] {logging_mixin.py:190} INFO -  Previous state of the Task instance: queued
[2024-10-19T20:18:39.934+0000] {logging_mixin.py:190} INFO - Current task name:get_data state:running start_date:2024-10-19 20:18:36.245110+00:00
[2024-10-19T20:18:39.948+0000] {logging_mixin.py:190} INFO - Dag name:stocksense and current dag run status:running
[2024-10-19T20:18:40.009+0000] {taskinstance.py:731} INFO - ::endgroup::
[2024-10-19T20:26:08.710+0000] {python.py:240} INFO - Done. Returned value was: None
[2024-10-19T20:26:08.738+0000] {taskinstance.py:340} INFO - ::group::Post task execution logs
[2024-10-19T20:26:08.739+0000] {taskinstance.py:352} INFO - Marking task as SUCCESS. dag_id=stocksense, task_id=get_data, run_id=scheduled__2024-10-18T09:00:00+00:00, execution_date=20241018T090000, start_date=20241019T201836, end_date=20241019T202608
[2024-10-19T20:26:08.754+0000] {logging_mixin.py:190} INFO - Task instance in success state
[2024-10-19T20:26:08.755+0000] {logging_mixin.py:190} INFO -  Previous state of the Task instance: running
[2024-10-19T20:26:08.756+0000] {logging_mixin.py:190} INFO - Dag name:stocksense queued_at:2024-10-19 20:17:39.914632+00:00
[2024-10-19T20:26:08.757+0000] {logging_mixin.py:190} INFO - Task hostname:30318035dc43 operator:PythonOperator
[2024-10-19T20:26:08.781+0000] {local_task_job_runner.py:266} INFO - Task exited with return code 0
[2024-10-19T20:26:08.828+0000] {taskinstance.py:3900} INFO - 1 downstream tasks scheduled from follow-on schedule check
[2024-10-19T20:26:08.830+0000] {local_task_job_runner.py:245} INFO - ::endgroup::
