[2024-10-19T20:18:42.861+0000] {local_task_job_runner.py:123} INFO - ::group::Pre task execution logs
[2024-10-19T20:18:43.161+0000] {taskinstance.py:2612} INFO - Dependencies all met for dep_context=non-requeueable deps ti=<TaskInstance: stocksense.get_data scheduled__2024-10-18T08:00:00+00:00 [queued]>
[2024-10-19T20:18:43.311+0000] {taskinstance.py:2612} INFO - Dependencies all met for dep_context=requeueable deps ti=<TaskInstance: stocksense.get_data scheduled__2024-10-18T08:00:00+00:00 [queued]>
[2024-10-19T20:18:43.318+0000] {taskinstance.py:2865} INFO - Starting attempt 1 of 1
[2024-10-19T20:18:43.785+0000] {taskinstance.py:2888} INFO - Executing <Task(PythonOperator): get_data> on 2024-10-18 08:00:00+00:00
[2024-10-19T20:18:43.860+0000] {warnings.py:112} WARNING - /home/***/.local/lib/python3.12/site-packages/***/task/task_runner/standard_task_runner.py:70: DeprecationWarning: This process (pid=1903) is multi-threaded, use of fork() may lead to deadlocks in the child.
  pid = os.fork()

[2024-10-19T20:18:43.874+0000] {standard_task_runner.py:72} INFO - Started process 1939 to run task
[2024-10-19T20:18:43.924+0000] {standard_task_runner.py:104} INFO - Running: ['***', 'tasks', 'run', 'stocksense', 'get_data', 'scheduled__2024-10-18T08:00:00+00:00', '--job-id', '27', '--raw', '--subdir', 'DAGS_FOLDER/rockets/capstone_project.py', '--cfg-path', '/tmp/tmpw4vsbmw7']
[2024-10-19T20:18:43.933+0000] {standard_task_runner.py:105} INFO - Job 27: Subtask get_data
[2024-10-19T20:18:44.356+0000] {task_command.py:467} INFO - Running <TaskInstance: stocksense.get_data scheduled__2024-10-18T08:00:00+00:00 [running]> on host 30318035dc43
[2024-10-19T20:18:47.119+0000] {taskinstance.py:3131} INFO - Exporting env vars: AIRFLOW_CTX_DAG_OWNER='***' AIRFLOW_CTX_DAG_ID='stocksense' AIRFLOW_CTX_TASK_ID='get_data' AIRFLOW_CTX_EXECUTION_DATE='2024-10-18T08:00:00+00:00' AIRFLOW_CTX_TRY_NUMBER='1' AIRFLOW_CTX_DAG_RUN_ID='scheduled__2024-10-18T08:00:00+00:00'
[2024-10-19T20:18:47.165+0000] {logging_mixin.py:190} INFO - Task instance is in running state
[2024-10-19T20:18:47.303+0000] {logging_mixin.py:190} INFO -  Previous state of the Task instance: queued
[2024-10-19T20:18:47.310+0000] {logging_mixin.py:190} INFO - Current task name:get_data state:running start_date:2024-10-19 20:18:43.163888+00:00
[2024-10-19T20:18:47.331+0000] {logging_mixin.py:190} INFO - Dag name:stocksense and current dag run status:running
[2024-10-19T20:18:47.339+0000] {taskinstance.py:731} INFO - ::endgroup::
[2024-10-19T20:26:11.450+0000] {python.py:240} INFO - Done. Returned value was: None
[2024-10-19T20:26:11.468+0000] {taskinstance.py:340} INFO - ::group::Post task execution logs
[2024-10-19T20:26:11.469+0000] {taskinstance.py:352} INFO - Marking task as SUCCESS. dag_id=stocksense, task_id=get_data, run_id=scheduled__2024-10-18T08:00:00+00:00, execution_date=20241018T080000, start_date=20241019T201843, end_date=20241019T202611
[2024-10-19T20:26:11.500+0000] {logging_mixin.py:190} INFO - Task instance in success state
[2024-10-19T20:26:11.501+0000] {logging_mixin.py:190} INFO -  Previous state of the Task instance: running
[2024-10-19T20:26:11.502+0000] {logging_mixin.py:190} INFO - Dag name:stocksense queued_at:2024-10-19 20:17:39.360068+00:00
[2024-10-19T20:26:11.502+0000] {logging_mixin.py:190} INFO - Task hostname:30318035dc43 operator:PythonOperator
[2024-10-19T20:26:11.549+0000] {local_task_job_runner.py:266} INFO - Task exited with return code 0
[2024-10-19T20:26:11.592+0000] {taskinstance.py:3900} INFO - 1 downstream tasks scheduled from follow-on schedule check
[2024-10-19T20:26:11.604+0000] {local_task_job_runner.py:245} INFO - ::endgroup::
