[2024-10-04T19:22:14.820+0000] {local_task_job_runner.py:123} INFO - ::group::Pre task execution logs
[2024-10-04T19:22:14.927+0000] {taskinstance.py:2612} INFO - Dependencies all met for dep_context=non-requeueable deps ti=<TaskInstance: rocket.notify manual__2024-10-04T19:21:47.633034+00:00 [queued]>
[2024-10-04T19:22:14.984+0000] {taskinstance.py:2612} INFO - Dependencies all met for dep_context=requeueable deps ti=<TaskInstance: rocket.notify manual__2024-10-04T19:21:47.633034+00:00 [queued]>
[2024-10-04T19:22:15.000+0000] {taskinstance.py:2865} INFO - Starting attempt 1 of 1
[2024-10-04T19:22:15.098+0000] {taskinstance.py:2888} INFO - Executing <Task(BashOperator): notify> on 2024-10-04 19:21:47.633034+00:00
[2024-10-04T19:22:15.130+0000] {warnings.py:112} WARNING - /home/***/.local/lib/python3.12/site-packages/***/task/task_runner/standard_task_runner.py:70: DeprecationWarning: This process (pid=656) is multi-threaded, use of fork() may lead to deadlocks in the child.
  pid = os.fork()

[2024-10-04T19:22:15.158+0000] {standard_task_runner.py:104} INFO - Running: ['***', 'tasks', 'run', 'rocket', 'notify', 'manual__2024-10-04T19:21:47.633034+00:00', '--job-id', '13', '--raw', '--subdir', 'DAGS_FOLDER/rockets/rockets.py', '--cfg-path', '/tmp/tmpbz0fpx94']
[2024-10-04T19:22:15.167+0000] {standard_task_runner.py:105} INFO - Job 13: Subtask notify
[2024-10-04T19:22:15.172+0000] {standard_task_runner.py:72} INFO - Started process 658 to run task
[2024-10-04T19:22:15.340+0000] {task_command.py:467} INFO - Running <TaskInstance: rocket.notify manual__2024-10-04T19:21:47.633034+00:00 [running]> on host 30318035dc43
[2024-10-04T19:22:15.778+0000] {taskinstance.py:3131} INFO - Exporting env vars: AIRFLOW_CTX_DAG_OWNER='***' AIRFLOW_CTX_DAG_ID='rocket' AIRFLOW_CTX_TASK_ID='notify' AIRFLOW_CTX_EXECUTION_DATE='2024-10-04T19:21:47.633034+00:00' AIRFLOW_CTX_TRY_NUMBER='1' AIRFLOW_CTX_DAG_RUN_ID='manual__2024-10-04T19:21:47.633034+00:00'
[2024-10-04T19:22:15.781+0000] {logging_mixin.py:190} INFO - Task instance is in running state
[2024-10-04T19:22:15.782+0000] {logging_mixin.py:190} INFO -  Previous state of the Task instance: queued
[2024-10-04T19:22:15.784+0000] {logging_mixin.py:190} INFO - Current task name:notify state:running start_date:2024-10-04 19:22:14.936192+00:00
[2024-10-04T19:22:15.785+0000] {logging_mixin.py:190} INFO - Dag name:rocket and current dag run status:running
[2024-10-04T19:22:15.786+0000] {taskinstance.py:731} INFO - ::endgroup::
[2024-10-04T19:22:15.789+0000] {subprocess.py:63} INFO - Tmp dir root location: /tmp
[2024-10-04T19:22:15.797+0000] {subprocess.py:75} INFO - Running command: ['/usr/bin/bash', '-c', 'echo "There are now 1 image"']
[2024-10-04T19:22:15.829+0000] {subprocess.py:86} INFO - Output:
[2024-10-04T19:22:15.835+0000] {subprocess.py:93} INFO - There are now 1 image
[2024-10-04T19:22:15.837+0000] {subprocess.py:97} INFO - Command exited with return code 0
[2024-10-04T19:22:15.945+0000] {taskinstance.py:340} INFO - ::group::Post task execution logs
[2024-10-04T19:22:15.946+0000] {taskinstance.py:352} INFO - Marking task as SUCCESS. dag_id=rocket, task_id=notify, run_id=manual__2024-10-04T19:21:47.633034+00:00, execution_date=20241004T192147, start_date=20241004T192214, end_date=20241004T192215
[2024-10-04T19:22:15.990+0000] {logging_mixin.py:190} INFO - Task instance in success state
[2024-10-04T19:22:15.997+0000] {logging_mixin.py:190} INFO -  Previous state of the Task instance: running
[2024-10-04T19:22:15.998+0000] {logging_mixin.py:190} INFO - Dag name:rocket queued_at:2024-10-04 19:21:47.705951+00:00
[2024-10-04T19:22:15.999+0000] {logging_mixin.py:190} INFO - Task hostname:30318035dc43 operator:BashOperator
[2024-10-04T19:22:16.063+0000] {local_task_job_runner.py:266} INFO - Task exited with return code 0
[2024-10-04T19:22:16.117+0000] {taskinstance.py:3900} INFO - 0 downstream tasks scheduled from follow-on schedule check
[2024-10-04T19:22:16.122+0000] {local_task_job_runner.py:245} INFO - ::endgroup::
