[2024-10-04T19:22:07.205+0000] {local_task_job_runner.py:123} INFO - ::group::Pre task execution logs
[2024-10-04T19:22:07.307+0000] {taskinstance.py:2612} INFO - Dependencies all met for dep_context=non-requeueable deps ti=<TaskInstance: rocket.get_pictures manual__2024-10-04T19:21:47.633034+00:00 [queued]>
[2024-10-04T19:22:07.403+0000] {taskinstance.py:2612} INFO - Dependencies all met for dep_context=requeueable deps ti=<TaskInstance: rocket.get_pictures manual__2024-10-04T19:21:47.633034+00:00 [queued]>
[2024-10-04T19:22:07.436+0000] {taskinstance.py:2865} INFO - Starting attempt 1 of 1
[2024-10-04T19:22:07.563+0000] {taskinstance.py:2888} INFO - Executing <Task(PythonOperator): get_pictures> on 2024-10-04 19:21:47.633034+00:00
[2024-10-04T19:22:07.616+0000] {warnings.py:112} WARNING - /home/***/.local/lib/python3.12/site-packages/***/task/task_runner/standard_task_runner.py:70: DeprecationWarning: This process (pid=652) is multi-threaded, use of fork() may lead to deadlocks in the child.
  pid = os.fork()

[2024-10-04T19:22:07.628+0000] {standard_task_runner.py:104} INFO - Running: ['***', 'tasks', 'run', 'rocket', 'get_pictures', 'manual__2024-10-04T19:21:47.633034+00:00', '--job-id', '12', '--raw', '--subdir', 'DAGS_FOLDER/rockets/rockets.py', '--cfg-path', '/tmp/tmpqca23m6d']
[2024-10-04T19:22:07.690+0000] {standard_task_runner.py:105} INFO - Job 12: Subtask get_pictures
[2024-10-04T19:22:07.679+0000] {standard_task_runner.py:72} INFO - Started process 654 to run task
[2024-10-04T19:22:08.002+0000] {task_command.py:467} INFO - Running <TaskInstance: rocket.get_pictures manual__2024-10-04T19:21:47.633034+00:00 [running]> on host 30318035dc43
[2024-10-04T19:22:08.338+0000] {taskinstance.py:3131} INFO - Exporting env vars: AIRFLOW_CTX_DAG_OWNER='***' AIRFLOW_CTX_DAG_ID='rocket' AIRFLOW_CTX_TASK_ID='get_pictures' AIRFLOW_CTX_EXECUTION_DATE='2024-10-04T19:21:47.633034+00:00' AIRFLOW_CTX_TRY_NUMBER='1' AIRFLOW_CTX_DAG_RUN_ID='manual__2024-10-04T19:21:47.633034+00:00'
[2024-10-04T19:22:08.340+0000] {logging_mixin.py:190} INFO - Task instance is in running state
[2024-10-04T19:22:08.341+0000] {logging_mixin.py:190} INFO -  Previous state of the Task instance: queued
[2024-10-04T19:22:08.343+0000] {logging_mixin.py:190} INFO - Current task name:get_pictures state:running start_date:2024-10-04 19:22:07.315958+00:00
[2024-10-04T19:22:08.344+0000] {logging_mixin.py:190} INFO - Dag name:rocket and current dag run status:running
[2024-10-04T19:22:08.348+0000] {taskinstance.py:731} INFO - ::endgroup::
[2024-10-04T19:22:08.356+0000] {logging_mixin.py:190} INFO - hello world
[2024-10-04T19:22:08.359+0000] {python.py:240} INFO - Done. Returned value was: None
[2024-10-04T19:22:08.395+0000] {taskinstance.py:340} INFO - ::group::Post task execution logs
[2024-10-04T19:22:08.396+0000] {taskinstance.py:352} INFO - Marking task as SUCCESS. dag_id=rocket, task_id=get_pictures, run_id=manual__2024-10-04T19:21:47.633034+00:00, execution_date=20241004T192147, start_date=20241004T192207, end_date=20241004T192208
[2024-10-04T19:22:08.439+0000] {logging_mixin.py:190} INFO - Task instance in success state
[2024-10-04T19:22:08.444+0000] {logging_mixin.py:190} INFO -  Previous state of the Task instance: running
[2024-10-04T19:22:08.462+0000] {logging_mixin.py:190} INFO - Dag name:rocket queued_at:2024-10-04 19:21:47.705951+00:00
[2024-10-04T19:22:08.476+0000] {logging_mixin.py:190} INFO - Task hostname:30318035dc43 operator:PythonOperator
[2024-10-04T19:22:08.523+0000] {local_task_job_runner.py:266} INFO - Task exited with return code 0
[2024-10-04T19:22:08.604+0000] {taskinstance.py:3900} INFO - 1 downstream tasks scheduled from follow-on schedule check
[2024-10-04T19:22:08.610+0000] {local_task_job_runner.py:245} INFO - ::endgroup::
